========================================================================
CUTTABLE CIRCUIT BENCHMARK RUN REPORT
Timestamp : 2026-06-15 13:25:10
========================================================================

DESIGN
------------------------------------------------------------------------
  Input        : valid_circuits.pkl produced by generate_and_cut.py
  Cut strategy : find_and_place_cuts + CutStrategy(min_free_wires=2)
  Ground truth : PennyLane default.qubit statevector (shots=None)
  Reconstruction: qcut_processing_fn (tensor contraction)
  Observable   : per-circuit Pauli string stored in CircuitSpec.observable
  Error        : |perf_exp_val - result|

CONFIGURATION
------------------------------------------------------------------------
  Shots (B)                 : 5000
  Noisy backend             : 'aer.fake_sherbrooke'
  Ideal backend             : 'aer.perfect'
  Simulator seed            : 42
  Output dir                : PosixPath('results/new/stable_shots_runs02_10-14q_no_vanilla/5000_shots/sherbrooke/14_qubits')
  2q-gate alpha             : 0.8
  Incr. batch shots         : 50
  Incr. threshold           : 0.005
  Incr. offset              : 3
  Incr. stability k         : 5
  Incr. stopping criterion  : 'delta'
  Incr. distance metric     : 'tvd'
  Incr. window size         : 3
  Incr. EWMA alpha          : 0.5
  Selected modes            : cut_divided_budget, cut_qubit_prop, cut_incremental_budget, cut_incremental_qubit_prop

SUMMARY
------------------------------------------------------------------------
Total: 40  ok: 40  failed: 0

RESULTS BY CIRCUIT
------------------------------------------------------------------------
  14q / 0_Clifford+T_001
    ✓ [  50.6s]  cut_divided_budget
    ✓ [  47.2s]  cut_qubit_prop
    ✓ [ 165.6s]  cut_incremental_budget
    ✓ [ 150.0s]  cut_incremental_qubit_prop

  14q / 1_Clifford+T_011
    ✓ [  47.3s]  cut_divided_budget
    ✓ [  42.0s]  cut_qubit_prop
    ✓ [ 168.3s]  cut_incremental_budget
    ✓ [ 146.6s]  cut_incremental_qubit_prop

  14q / 2_Clifford+T_012
    ✓ [  21.2s]  cut_divided_budget
    ✓ [  17.3s]  cut_qubit_prop
    ✓ [ 135.7s]  cut_incremental_budget
    ✓ [ 141.8s]  cut_incremental_qubit_prop

  14q / 3_Clifford+T_014
    ✓ [  26.0s]  cut_divided_budget
    ✓ [  25.6s]  cut_qubit_prop
    ✓ [ 140.9s]  cut_incremental_budget
    ✓ [ 150.8s]  cut_incremental_qubit_prop

  14q / 4_Clifford+T_015
    ✓ [  27.3s]  cut_divided_budget
    ✓ [  20.0s]  cut_qubit_prop
    ✓ [ 149.8s]  cut_incremental_budget
    ✓ [ 149.3s]  cut_incremental_qubit_prop

  14q / 5_Clifford+T_016
    ✓ [  16.9s]  cut_divided_budget
    ✓ [  10.2s]  cut_qubit_prop
    ✓ [ 132.6s]  cut_incremental_budget
    ✓ [ 134.2s]  cut_incremental_qubit_prop

  14q / 6_Clifford+T_018
    ✓ [  17.2s]  cut_divided_budget
    ✓ [   9.4s]  cut_qubit_prop
    ✓ [ 132.1s]  cut_incremental_budget
    ✓ [ 133.1s]  cut_incremental_qubit_prop

  14q / 7_Clifford+T_019
    ✓ [  22.3s]  cut_divided_budget
    ✓ [  18.5s]  cut_qubit_prop
    ✓ [ 136.7s]  cut_incremental_budget
    ✓ [ 141.7s]  cut_incremental_qubit_prop

  14q / 8_Clifford+T_022
    ✓ [  25.6s]  cut_divided_budget
    ✓ [  26.7s]  cut_qubit_prop
    ✓ [ 140.1s]  cut_incremental_budget
    ✓ [ 150.9s]  cut_incremental_qubit_prop

  14q / 9_Clifford+T_026
    ✓ [  15.9s]  cut_divided_budget
    ✓ [   9.8s]  cut_qubit_prop
    ✓ [ 136.0s]  cut_incremental_budget
    ✓ [ 130.6s]  cut_incremental_qubit_prop

========================================================================
