========================================================================
CUTTABLE CIRCUIT BENCHMARK RUN REPORT
Timestamp : 2026-06-16 15:29:06
========================================================================

DESIGN
------------------------------------------------------------------------
  Input        : valid_circuits.pkl produced by generate_and_cut.py
  Cut strategy : find_and_place_cuts + CutStrategy(min_free_wires=2)
  Ground truth : PennyLane default.qubit statevector (shots=None)
  Reconstruction: qcut_processing_fn (tensor contraction)
  Observable   : per-circuit Pauli string stored in CircuitSpec.observable
  Error        : |perf_exp_val - result|

CONFIGURATION
------------------------------------------------------------------------
  Shots (B)                 : 10000
  Noisy backend             : 'aer.fake_torino'
  Ideal backend             : 'aer.perfect'
  Simulator seed            : 42
  Output dir                : PosixPath('results/new/stable_shots_runs02_15-16q_no_vanilla/10000_shots/torino/16_qubits')
  2q-gate alpha             : 0.8
  Incr. batch shots         : 50
  Incr. threshold           : 0.005
  Incr. offset              : 3
  Incr. stability k         : 5
  Incr. stopping criterion  : 'delta'
  Incr. distance metric     : 'tvd'
  Incr. window size         : 3
  Incr. EWMA alpha          : 0.5
  Selected modes            : cut_divided_budget, cut_qubit_prop, cut_incremental_budget, cut_incremental_qubit_prop

SUMMARY
------------------------------------------------------------------------
Total: 40  ok: 40  failed: 0

RESULTS BY CIRCUIT
------------------------------------------------------------------------
  16q / 0_Clifford+T_002
    ✓ [  43.7s]  cut_divided_budget
    ✓ [  32.3s]  cut_qubit_prop
    ✓ [ 802.6s]  cut_incremental_budget
    ✓ [ 679.8s]  cut_incremental_qubit_prop

  16q / 1_Clifford+T_008
    ✓ [  29.9s]  cut_divided_budget
    ✓ [  20.0s]  cut_qubit_prop
    ✓ [ 496.7s]  cut_incremental_budget
    ✓ [ 506.8s]  cut_incremental_qubit_prop

  16q / 2_Clifford+T_015
    ✓ [  48.6s]  cut_divided_budget
    ✓ [  50.5s]  cut_qubit_prop
    ✓ [ 499.2s]  cut_incremental_budget
    ✓ [ 532.5s]  cut_incremental_qubit_prop

  16q / 3_Clifford+T_016
    ✓ [  28.4s]  cut_divided_budget
    ✓ [  19.1s]  cut_qubit_prop
    ✓ [ 495.4s]  cut_incremental_budget
    ✓ [ 504.8s]  cut_incremental_qubit_prop

  16q / 4_Clifford+T_018
    ✓ [  30.0s]  cut_divided_budget
    ✓ [  18.6s]  cut_qubit_prop
    ✓ [ 481.5s]  cut_incremental_budget
    ✓ [ 489.7s]  cut_incremental_qubit_prop

  16q / 5_Clifford+T_019
    ✓ [  79.2s]  cut_divided_budget
    ✓ [  90.2s]  cut_qubit_prop
    ✓ [ 504.0s]  cut_incremental_budget
    ✓ [ 563.2s]  cut_incremental_qubit_prop

  16q / 6_Clifford+T_021
    ✓ [  32.6s]  cut_divided_budget
    ✓ [  23.9s]  cut_qubit_prop
    ✓ [ 491.4s]  cut_incremental_budget
    ✓ [ 502.3s]  cut_incremental_qubit_prop

  16q / 7_Clifford+T_026
    ✓ [  55.0s]  cut_divided_budget
    ✓ [  57.5s]  cut_qubit_prop
    ✓ [ 801.8s]  cut_incremental_budget
    ✓ [ 674.3s]  cut_incremental_qubit_prop

  16q / 8_Clifford+T_032
    ✓ [  53.9s]  cut_divided_budget
    ✓ [  55.5s]  cut_qubit_prop
    ✓ [ 799.3s]  cut_incremental_budget
    ✓ [ 818.4s]  cut_incremental_qubit_prop

  16q / 9_Clifford+T_040
    ✓ [  70.3s]  cut_divided_budget
    ✓ [  86.2s]  cut_qubit_prop
    ✓ [ 823.0s]  cut_incremental_budget
    ✓ [ 620.4s]  cut_incremental_qubit_prop

========================================================================
