========================================================================
CUTTABLE CIRCUIT BENCHMARK RUN REPORT
Timestamp : 2026-06-17 18:52:34
========================================================================

DESIGN
------------------------------------------------------------------------
  Input        : valid_circuits.pkl produced by generate_and_cut.py
  Cut strategy : find_and_place_cuts + CutStrategy(min_free_wires=2)
  Ground truth : PennyLane default.qubit statevector (shots=None)
  Reconstruction: qcut_processing_fn (tensor contraction)
  Observable   : per-circuit Pauli string stored in CircuitSpec.observable
  Error        : |perf_exp_val - result|

CONFIGURATION
------------------------------------------------------------------------
  Shots (B)                 : 5000
  Noisy backend             : 'aer.fake_torino'
  Ideal backend             : 'aer.perfect'
  Simulator seed            : 42
  Output dir                : PosixPath('results/new/stable_shots_02/5000_shots/torino/10_qubits')
  2q-gate alpha             : 0.8
  Incr. batch shots         : 50
  Incr. threshold           : 0.03
  Incr. offset              : 3
  Incr. stability k         : 3
  Incr. stopping criterion  : 'delta'
  Incr. distance metric     : 'tvd'
  Incr. window size         : 3
  Incr. EWMA alpha          : 0.5
  Selected modes            : noisy_vanilla, cut_divided_budget, cut_qubit_prop, cut_incremental_budget, cut_incremental_qubit_prop

SUMMARY
------------------------------------------------------------------------
Total: 50  ok: 50  failed: 0

RESULTS BY CIRCUIT
------------------------------------------------------------------------
  10q / 0_Clifford+T_001
    ✓ [   4.5s]  noisy_vanilla
    ✓ [  94.9s]  cut_divided_budget
    ✓ [  84.8s]  cut_qubit_prop
    ✓ [ 351.9s]  cut_incremental_budget
    ✓ [ 278.4s]  cut_incremental_qubit_prop

  10q / 1_Clifford+T_004
    ✓ [   2.9s]  noisy_vanilla
    ✓ [  30.1s]  cut_divided_budget
    ✓ [  19.8s]  cut_qubit_prop
    ✓ [ 218.2s]  cut_incremental_budget
    ✓ [ 345.7s]  cut_incremental_qubit_prop

  10q / 2_Clifford+T_008
    ✓ [   4.9s]  noisy_vanilla
    ✓ [ 135.1s]  cut_divided_budget
    ✓ [ 128.0s]  cut_qubit_prop
    ✓ [ 443.7s]  cut_incremental_budget
    ✓ [ 361.9s]  cut_incremental_qubit_prop

  10q / 3_Clifford+T_015
    ✓ [   5.3s]  noisy_vanilla
    ✓ [  38.7s]  cut_divided_budget
    ✓ [  32.1s]  cut_qubit_prop
    ✓ [ 397.0s]  cut_incremental_budget
    ✓ [ 415.1s]  cut_incremental_qubit_prop

  10q / 4_Clifford+T_024
    ✓ [   5.0s]  noisy_vanilla
    ✓ [  89.9s]  cut_divided_budget
    ✓ [  78.5s]  cut_qubit_prop
    ✓ [ 313.0s]  cut_incremental_budget
    ✓ [ 274.9s]  cut_incremental_qubit_prop

  10q / 5_Clifford+T_026
    ✓ [   2.5s]  noisy_vanilla
    ✓ [  86.3s]  cut_divided_budget
    ✓ [  74.7s]  cut_qubit_prop
    ✓ [ 311.2s]  cut_incremental_budget
    ✓ [ 276.6s]  cut_incremental_qubit_prop

  10q / 6_Clifford+T_032
    ✓ [   2.8s]  noisy_vanilla
    ✓ [  27.9s]  cut_divided_budget
    ✓ [  24.2s]  cut_qubit_prop
    ✓ [ 214.1s]  cut_incremental_budget
    ✓ [ 335.0s]  cut_incremental_qubit_prop

  10q / 7_Clifford+T_033
    ✓ [   2.9s]  noisy_vanilla
    ✓ [  27.4s]  cut_divided_budget
    ✓ [  19.2s]  cut_qubit_prop
    ✓ [ 211.1s]  cut_incremental_budget
    ✓ [ 219.9s]  cut_incremental_qubit_prop

  10q / 8_Clifford+T_039
    ✓ [   2.4s]  noisy_vanilla
    ✓ [  97.2s]  cut_divided_budget
    ✓ [  92.0s]  cut_qubit_prop
    ✓ [ 480.9s]  cut_incremental_budget
    ✓ [ 430.1s]  cut_incremental_qubit_prop

  10q / 9_Clifford+T_041
    ✓ [   2.5s]  noisy_vanilla
    ✓ [  27.1s]  cut_divided_budget
    ✓ [  31.0s]  cut_qubit_prop
    ✓ [ 404.2s]  cut_incremental_budget
    ✓ [ 400.9s]  cut_incremental_qubit_prop

========================================================================
