========================================================================
CUTTABLE CIRCUIT BENCHMARK RUN REPORT
Timestamp : 2026-06-15 16:25:31
========================================================================

DESIGN
------------------------------------------------------------------------
  Input        : valid_circuits.pkl produced by generate_and_cut.py
  Cut strategy : find_and_place_cuts + CutStrategy(min_free_wires=2)
  Ground truth : PennyLane default.qubit statevector (shots=None)
  Reconstruction: qcut_processing_fn (tensor contraction)
  Observable   : per-circuit Pauli string stored in CircuitSpec.observable
  Error        : |perf_exp_val - result|

CONFIGURATION
------------------------------------------------------------------------
  Shots (B)                 : 5000
  Noisy backend             : 'aer.fake_kyoto'
  Ideal backend             : 'aer.perfect'
  Simulator seed            : 42
  Output dir                : PosixPath('results/new/stable_shots_runs02_10-14q_no_vanilla/5000_shots/kyoto/14_qubits')
  2q-gate alpha             : 0.8
  Incr. batch shots         : 50
  Incr. threshold           : 0.005
  Incr. offset              : 3
  Incr. stability k         : 5
  Incr. stopping criterion  : 'delta'
  Incr. distance metric     : 'tvd'
  Incr. window size         : 3
  Incr. EWMA alpha          : 0.5
  Selected modes            : cut_divided_budget, cut_qubit_prop, cut_incremental_budget, cut_incremental_qubit_prop

SUMMARY
------------------------------------------------------------------------
Total: 40  ok: 40  failed: 0

RESULTS BY CIRCUIT
------------------------------------------------------------------------
  14q / 0_Clifford+T_001
    ✓ [  60.0s]  cut_divided_budget
    ✓ [  55.4s]  cut_qubit_prop
    ✓ [ 198.3s]  cut_incremental_budget
    ✓ [ 179.4s]  cut_incremental_qubit_prop

  14q / 1_Clifford+T_011
    ✓ [  61.4s]  cut_divided_budget
    ✓ [  49.8s]  cut_qubit_prop
    ✓ [ 202.0s]  cut_incremental_budget
    ✓ [ 176.9s]  cut_incremental_qubit_prop

  14q / 2_Clifford+T_012
    ✓ [  28.5s]  cut_divided_budget
    ✓ [  20.1s]  cut_qubit_prop
    ✓ [ 163.1s]  cut_incremental_budget
    ✓ [ 168.9s]  cut_incremental_qubit_prop

  14q / 3_Clifford+T_014
    ✓ [  28.6s]  cut_divided_budget
    ✓ [  28.8s]  cut_qubit_prop
    ✓ [ 167.3s]  cut_incremental_budget
    ✓ [ 178.2s]  cut_incremental_qubit_prop

  14q / 4_Clifford+T_015
    ✓ [  28.3s]  cut_divided_budget
    ✓ [  20.9s]  cut_qubit_prop
    ✓ [ 177.4s]  cut_incremental_budget
    ✓ [ 176.6s]  cut_incremental_qubit_prop

  14q / 5_Clifford+T_016
    ✓ [  18.6s]  cut_divided_budget
    ✓ [  12.1s]  cut_qubit_prop
    ✓ [ 157.7s]  cut_incremental_budget
    ✓ [ 160.1s]  cut_incremental_qubit_prop

  14q / 6_Clifford+T_018
    ✓ [  19.2s]  cut_divided_budget
    ✓ [  11.8s]  cut_qubit_prop
    ✓ [ 159.3s]  cut_incremental_budget
    ✓ [ 160.0s]  cut_incremental_qubit_prop

  14q / 7_Clifford+T_019
    ✓ [  25.1s]  cut_divided_budget
    ✓ [  20.9s]  cut_qubit_prop
    ✓ [ 163.9s]  cut_incremental_budget
    ✓ [ 172.6s]  cut_incremental_qubit_prop

  14q / 8_Clifford+T_022
    ✓ [  28.7s]  cut_divided_budget
    ✓ [  29.3s]  cut_qubit_prop
    ✓ [ 168.9s]  cut_incremental_budget
    ✓ [ 180.1s]  cut_incremental_qubit_prop

  14q / 9_Clifford+T_026
    ✓ [  19.1s]  cut_divided_budget
    ✓ [  12.6s]  cut_qubit_prop
    ✓ [ 164.2s]  cut_incremental_budget
    ✓ [ 158.1s]  cut_incremental_qubit_prop

========================================================================
