========================================================================
CUTTABLE CIRCUIT BENCHMARK RUN REPORT
Timestamp : 2026-06-08 15:33:38
========================================================================

DESIGN
------------------------------------------------------------------------
  Input        : valid_circuits.pkl produced by generate_and_cut.py
  Cut strategy : find_and_place_cuts + CutStrategy(min_free_wires=2)
  Ground truth : PennyLane default.qubit statevector (shots=None)
  Reconstruction: qcut_processing_fn (tensor contraction)
  Observable   : per-circuit Pauli string stored in CircuitSpec.observable
  Error        : |perf_exp_val - result|

CONFIGURATION
------------------------------------------------------------------------
  Shots (B)                 : 5000
  Noisy backend             : 'aer.fake_kyoto'
  Ideal backend             : 'aer.perfect'
  Simulator seed            : 42
  Output dir                : PosixPath('results/new/ewma_5k_kyoto_01/15_qubits')
  2q-gate alpha             : 0.8
  Incr. batch shots         : 50
  Incr. threshold           : 0.03
  Incr. offset              : 3
  Incr. stability k         : 3
  Incr. stopping criterion  : 'ewma'
  Incr. distance metric     : 'tvd'
  Incr. window size         : 3
  Incr. EWMA alpha          : 0.5
  Selected modes            : noisy_vanilla, cut_divided_budget, cut_qubit_prop, cut_incremental_budget, cut_incremental_qubit_prop

SUMMARY
------------------------------------------------------------------------
Total: 50  ok: 50  failed: 0

RESULTS BY CIRCUIT
------------------------------------------------------------------------
  15q / 0_Clifford+T_003
    ✓ [  20.6s]  noisy_vanilla
    ✓ [  25.6s]  cut_divided_budget
    ✓ [  13.3s]  cut_qubit_prop
    ✓ [ 172.8s]  cut_incremental_budget
    ✓ [ 173.4s]  cut_incremental_qubit_prop

  15q / 1_Clifford+T_009
    ✓ [   8.8s]  noisy_vanilla
    ✓ [  19.4s]  cut_divided_budget
    ✓ [  11.9s]  cut_qubit_prop
    ✓ [ 160.0s]  cut_incremental_budget
    ✓ [ 168.9s]  cut_incremental_qubit_prop

  15q / 2_Clifford+T_011
    ✓ [  12.5s]  noisy_vanilla
    ✓ [  21.4s]  cut_divided_budget
    ✓ [  13.2s]  cut_qubit_prop
    ✓ [ 156.3s]  cut_incremental_budget
    ✓ [ 162.0s]  cut_incremental_qubit_prop

  15q / 3_Clifford+T_015
    ✓ [  14.3s]  noisy_vanilla
    ✓ [  56.3s]  cut_divided_budget
    ✓ [  50.1s]  cut_qubit_prop
    ✓ [ 210.6s]  cut_incremental_budget
    ✓ [ 220.1s]  cut_incremental_qubit_prop

  15q / 4_Clifford+T_016
    ✓ [   9.8s]  noisy_vanilla
    ✓ [  22.0s]  cut_divided_budget
    ✓ [  13.4s]  cut_qubit_prop
    ✓ [ 158.9s]  cut_incremental_budget
    ✓ [ 196.6s]  cut_incremental_qubit_prop

  15q / 5_Clifford+T_018
    ✓ [   8.9s]  noisy_vanilla
    ✓ [  20.6s]  cut_divided_budget
    ✓ [  11.9s]  cut_qubit_prop
    ✓ [ 160.5s]  cut_incremental_budget
    ✓ [ 163.9s]  cut_incremental_qubit_prop

  15q / 6_Clifford+T_022
    ✓ [   9.2s]  noisy_vanilla
    ✓ [  20.7s]  cut_divided_budget
    ✓ [  13.2s]  cut_qubit_prop
    ✓ [ 168.6s]  cut_incremental_budget
    ✓ [ 174.8s]  cut_incremental_qubit_prop

  15q / 7_Clifford+T_023
    ✓ [   8.9s]  noisy_vanilla
    ✓ [  18.9s]  cut_divided_budget
    ✓ [  11.9s]  cut_qubit_prop
    ✓ [ 143.5s]  cut_incremental_budget
    ✓ [ 163.4s]  cut_incremental_qubit_prop

  15q / 8_Clifford+T_024
    ✓ [   9.6s]  noisy_vanilla
    ✓ [  22.0s]  cut_divided_budget
    ✓ [  13.6s]  cut_qubit_prop
    ✓ [ 146.7s]  cut_incremental_budget
    ✓ [ 169.3s]  cut_incremental_qubit_prop

  15q / 9_Clifford+T_026
    ✓ [   8.9s]  noisy_vanilla
    ✓ [  27.3s]  cut_divided_budget
    ✓ [  17.0s]  cut_qubit_prop
    ✓ [ 137.1s]  cut_incremental_budget
    ✓ [ 154.2s]  cut_incremental_qubit_prop

========================================================================
