========================================================================
CUTTABLE CIRCUIT BENCHMARK RUN REPORT
Timestamp : 2026-06-18 11:08:23
========================================================================

DESIGN
------------------------------------------------------------------------
  Input        : valid_circuits.pkl produced by generate_and_cut.py
  Cut strategy : find_and_place_cuts + CutStrategy(min_free_wires=2)
  Ground truth : PennyLane default.qubit statevector (shots=None)
  Reconstruction: qcut_processing_fn (tensor contraction)
  Observable   : per-circuit Pauli string stored in CircuitSpec.observable
  Error        : |perf_exp_val - result|

CONFIGURATION
------------------------------------------------------------------------
  Shots (B)                 : 20000
  Noisy backend             : 'aer.fake_kawasaki'
  Ideal backend             : 'aer.perfect'
  Simulator seed            : 42
  Output dir                : PosixPath('results/new/stable_shots3/20000_shots/kawasaki/12_qubits')
  2q-gate alpha             : 0.8
  Incr. batch shots         : 50
  Incr. threshold           : 0.05
  Incr. offset              : 3
  Incr. stability k         : 5
  Incr. stopping criterion  : 'delta'
  Incr. distance metric     : 'tvd'
  Incr. window size         : 3
  Incr. EWMA alpha          : 0.5
  Selected modes            : noisy_vanilla, cut_divided_budget, cut_qubit_prop, cut_incremental_budget, cut_incremental_qubit_prop

SUMMARY
------------------------------------------------------------------------
Total: 50  ok: 50  failed: 0

RESULTS BY CIRCUIT
------------------------------------------------------------------------
  12q / 0_Clifford+T_001
    ✓ [  11.5s]  noisy_vanilla
    ✓ [  29.3s]  cut_divided_budget
    ✓ [  17.1s]  cut_qubit_prop
    ✓ [ 278.6s]  cut_incremental_budget
    ✓ [ 274.0s]  cut_incremental_qubit_prop

  12q / 1_Clifford+T_002
    ✓ [  18.9s]  noisy_vanilla
    ✓ [  89.6s]  cut_divided_budget
    ✓ [  91.0s]  cut_qubit_prop
    ✓ [ 768.3s]  cut_incremental_budget
    ✓ [ 514.6s]  cut_incremental_qubit_prop

  12q / 2_Clifford+T_004
    ✓ [   9.0s]  noisy_vanilla
    ✓ [  24.3s]  cut_divided_budget
    ✓ [  17.4s]  cut_qubit_prop
    ✓ [ 243.4s]  cut_incremental_budget
    ✓ [ 213.8s]  cut_incremental_qubit_prop

  12q / 3_Clifford+T_006
    ✓ [   8.5s]  noisy_vanilla
    ✓ [  17.2s]  cut_divided_budget
    ✓ [  15.0s]  cut_qubit_prop
    ✓ [ 144.0s]  cut_incremental_budget
    ✓ [ 134.7s]  cut_incremental_qubit_prop

  12q / 4_Clifford+T_011
    ✓ [   9.4s]  noisy_vanilla
    ✓ [  57.9s]  cut_divided_budget
    ✓ [  57.3s]  cut_qubit_prop
    ✓ [ 485.7s]  cut_incremental_budget
    ✓ [ 639.3s]  cut_incremental_qubit_prop

  12q / 5_Clifford+T_013
    ✓ [  23.6s]  noisy_vanilla
    ✓ [  52.3s]  cut_divided_budget
    ✓ [  65.5s]  cut_qubit_prop
    ✓ [ 787.9s]  cut_incremental_budget
    ✓ [ 842.6s]  cut_incremental_qubit_prop

  12q / 6_Clifford+T_015
    ✓ [  17.5s]  noisy_vanilla
    ✓ [  24.4s]  cut_divided_budget
    ✓ [  16.7s]  cut_qubit_prop
    ✓ [ 208.9s]  cut_incremental_budget
    ✓ [ 152.6s]  cut_incremental_qubit_prop

  12q / 7_Clifford+T_019
    ✓ [   9.0s]  noisy_vanilla
    ✓ [  15.4s]  cut_divided_budget
    ✓ [   2.9s]  cut_qubit_prop
    ✓ [  27.3s]  cut_incremental_budget
    ✓ [  30.2s]  cut_incremental_qubit_prop

  12q / 8_Clifford+T_021
    ✓ [   7.2s]  noisy_vanilla
    ✓ [  21.3s]  cut_divided_budget
    ✓ [  10.1s]  cut_qubit_prop
    ✓ [ 131.6s]  cut_incremental_budget
    ✓ [ 136.3s]  cut_incremental_qubit_prop

  12q / 9_Clifford+T_025
    ✓ [   7.7s]  noisy_vanilla
    ✓ [  48.2s]  cut_divided_budget
    ✓ [  41.1s]  cut_qubit_prop
    ✓ [ 493.8s]  cut_incremental_budget
    ✓ [ 662.7s]  cut_incremental_qubit_prop

========================================================================
