========================================================================
CUTTABLE CIRCUIT BENCHMARK RUN REPORT
Timestamp : 2026-04-29 09:43:55
========================================================================

DESIGN
------------------------------------------------------------------------
  Input        : valid_circuits.pkl produced by generate_and_cut.py
  Cut strategy : find_and_place_cuts + CutStrategy(min_free_wires=2)
  Ground truth : PennyLane default.qubit statevector (shots=None)
  Reconstruction: qcut_processing_fn (tensor contraction)
  Observable   : per-circuit Pauli string stored in CircuitSpec.observable
  Error        : |perf_exp_val - result|

CONFIGURATION
------------------------------------------------------------------------
  Shots (B)                 : 20000
  Noisy backend             : 'aer.fake_torino'
  Ideal backend             : 'aer.perfect'
  Simulator seed            : 42
  Output dir                : PosixPath('results/20k_ewma_03/15_qubits')
  2q-gate alpha             : 0.8
  Incr. batch shots         : 50
  Incr. threshold           : 0.01
  Incr. offset              : 3
  Incr. stability k         : 5
  Incr. stopping criterion  : 'ewma'
  Incr. distance metric     : 'tvd'
  Incr. window size         : 3
  Incr. EWMA alpha          : 0.3
  Selected modes            : noisy_vanilla, cut_divided_budget, cut_qubit_prop, cut_incremental_budget, cut_incremental_qubit_prop

SUMMARY
------------------------------------------------------------------------
Total: 50  ok: 50  failed: 0

RESULTS BY CIRCUIT
------------------------------------------------------------------------
  15q / 0_Clifford+T_016
    ✓ [  26.9s]  noisy_vanilla
    ✓ [  29.6s]  cut_divided_budget
    ✓ [  19.3s]  cut_qubit_prop
    ✓ [ 199.8s]  cut_incremental_budget
    ✓ [ 189.4s]  cut_incremental_qubit_prop

  15q / 1_Clifford+T_022
    ✓ [  29.7s]  noisy_vanilla
    ✓ [  28.3s]  cut_divided_budget
    ✓ [  19.3s]  cut_qubit_prop
    ✓ [ 189.2s]  cut_incremental_budget
    ✓ [ 180.9s]  cut_incremental_qubit_prop

  15q / 2_Clifford+T_040
    ✓ [  31.8s]  noisy_vanilla
    ✓ [  28.2s]  cut_divided_budget
    ✓ [  27.2s]  cut_qubit_prop
    ✓ [ 180.0s]  cut_incremental_budget
    ✓ [ 181.4s]  cut_incremental_qubit_prop

  15q / 3_Clifford+T_070
    ✓ [  32.6s]  noisy_vanilla
    ✓ [  82.4s]  cut_divided_budget
    ✓ [  80.9s]  cut_qubit_prop
    ✓ [ 788.8s]  cut_incremental_budget
    ✓ [ 727.2s]  cut_incremental_qubit_prop

  15q / 4_Clifford+T_100
    ✓ [  27.9s]  noisy_vanilla
    ✓ [  26.5s]  cut_divided_budget
    ✓ [  19.9s]  cut_qubit_prop
    ✓ [ 197.9s]  cut_incremental_budget
    ✓ [ 193.7s]  cut_incremental_qubit_prop

  15q / 5_Clifford+T_118
    ✓ [  29.6s]  noisy_vanilla
    ✓ [  32.9s]  cut_divided_budget
    ✓ [  23.4s]  cut_qubit_prop
    ✓ [ 181.6s]  cut_incremental_budget
    ✓ [ 191.7s]  cut_incremental_qubit_prop

  15q / 6_Clifford+T_142
    ✓ [  29.6s]  noisy_vanilla
    ✓ [  31.2s]  cut_divided_budget
    ✓ [  25.6s]  cut_qubit_prop
    ✓ [ 181.2s]  cut_incremental_budget
    ✓ [ 180.7s]  cut_incremental_qubit_prop

  15q / 7_Clifford+T_184
    ✓ [  31.8s]  noisy_vanilla
    ✓ [  81.6s]  cut_divided_budget
    ✓ [  74.1s]  cut_qubit_prop
    ✓ [ 708.3s]  cut_incremental_budget
    ✓ [ 705.6s]  cut_incremental_qubit_prop

  15q / 8_Clifford+T_190
    ✓ [  28.9s]  noisy_vanilla
    ✓ [  27.3s]  cut_divided_budget
    ✓ [  18.2s]  cut_qubit_prop
    ✓ [ 201.2s]  cut_incremental_budget
    ✓ [ 175.8s]  cut_incremental_qubit_prop

  15q / 9_Clifford+T_196
    ✓ [  27.1s]  noisy_vanilla
    ✓ [  30.1s]  cut_divided_budget
    ✓ [  22.6s]  cut_qubit_prop
    ✓ [ 180.1s]  cut_incremental_budget
    ✓ [ 191.0s]  cut_incremental_qubit_prop

========================================================================
