========================================================================
CUTTABLE CIRCUIT BENCHMARK RUN REPORT
Timestamp : 2026-06-17 19:55:58
========================================================================

DESIGN
------------------------------------------------------------------------
  Input        : valid_circuits.pkl produced by generate_and_cut.py
  Cut strategy : find_and_place_cuts + CutStrategy(min_free_wires=2)
  Ground truth : PennyLane default.qubit statevector (shots=None)
  Reconstruction: qcut_processing_fn (tensor contraction)
  Observable   : per-circuit Pauli string stored in CircuitSpec.observable
  Error        : |perf_exp_val - result|

CONFIGURATION
------------------------------------------------------------------------
  Shots (B)                 : 5000
  Noisy backend             : 'aer.fake_torino'
  Ideal backend             : 'aer.perfect'
  Simulator seed            : 42
  Output dir                : PosixPath('results/new/stable_shots3/5000_shots/torino/16_qubits')
  2q-gate alpha             : 0.8
  Incr. batch shots         : 50
  Incr. threshold           : 0.05
  Incr. offset              : 3
  Incr. stability k         : 5
  Incr. stopping criterion  : 'delta'
  Incr. distance metric     : 'tvd'
  Incr. window size         : 3
  Incr. EWMA alpha          : 0.5
  Selected modes            : noisy_vanilla, cut_divided_budget, cut_qubit_prop, cut_incremental_budget, cut_incremental_qubit_prop

SUMMARY
------------------------------------------------------------------------
Total: 50  ok: 50  failed: 0

RESULTS BY CIRCUIT
------------------------------------------------------------------------
  16q / 0_Clifford+T_002
    ✓ [ 234.7s]  noisy_vanilla
    ✓ [  39.9s]  cut_divided_budget
    ✓ [  32.2s]  cut_qubit_prop
    ✓ [ 251.2s]  cut_incremental_budget
    ✓ [ 361.8s]  cut_incremental_qubit_prop

  16q / 1_Clifford+T_008
    ✓ [ 324.7s]  noisy_vanilla
    ✓ [  39.7s]  cut_divided_budget
    ✓ [  34.7s]  cut_qubit_prop
    ✓ [ 325.1s]  cut_incremental_budget
    ✓ [ 264.7s]  cut_incremental_qubit_prop

  16q / 2_Clifford+T_015
    ✓ [ 189.3s]  noisy_vanilla
    ✓ [  35.9s]  cut_divided_budget
    ✓ [  60.6s]  cut_qubit_prop
    ✓ [ 359.9s]  cut_incremental_budget
    ✓ [ 386.0s]  cut_incremental_qubit_prop

  16q / 3_Clifford+T_016
    ✓ [ 180.8s]  noisy_vanilla
    ✓ [  36.6s]  cut_divided_budget
    ✓ [  19.4s]  cut_qubit_prop
    ✓ [ 360.8s]  cut_incremental_budget
    ✓ [ 256.6s]  cut_incremental_qubit_prop

  16q / 4_Clifford+T_018
    ✓ [ 248.2s]  noisy_vanilla
    ✓ [  38.6s]  cut_divided_budget
    ✓ [  24.7s]  cut_qubit_prop
    ✓ [ 414.8s]  cut_incremental_budget
    ✓ [ 339.7s]  cut_incremental_qubit_prop

  16q / 5_Clifford+T_019
    ✓ [ 194.1s]  noisy_vanilla
    ✓ [  47.8s]  cut_divided_budget
    ✓ [  55.1s]  cut_qubit_prop
    ✓ [ 288.0s]  cut_incremental_budget
    ✓ [ 476.5s]  cut_incremental_qubit_prop

  16q / 6_Clifford+T_021
    ✓ [ 330.2s]  noisy_vanilla
    ✓ [  41.1s]  cut_divided_budget
    ✓ [  35.5s]  cut_qubit_prop
    ✓ [ 349.5s]  cut_incremental_budget
    ✓ [ 285.7s]  cut_incremental_qubit_prop

  16q / 7_Clifford+T_026
    ✓ [ 188.3s]  noisy_vanilla
    ✓ [  33.7s]  cut_divided_budget
    ✓ [  35.1s]  cut_qubit_prop
    ✓ [ 343.1s]  cut_incremental_budget
    ✓ [ 222.1s]  cut_incremental_qubit_prop

  16q / 8_Clifford+T_032
    ✓ [ 184.4s]  noisy_vanilla
    ✓ [  35.4s]  cut_divided_budget
    ✓ [  29.3s]  cut_qubit_prop
    ✓ [ 227.8s]  cut_incremental_budget
    ✓ [ 362.5s]  cut_incremental_qubit_prop

  16q / 9_Clifford+T_040
    ✓ [ 297.6s]  noisy_vanilla
    ✓ [  44.8s]  cut_divided_budget
    ✓ [  69.3s]  cut_qubit_prop
    ✓ [ 298.5s]  cut_incremental_budget
    ✓ [ 287.3s]  cut_incremental_qubit_prop

========================================================================
