========================================================================
CUTTABLE CIRCUIT BENCHMARK RUN REPORT
Timestamp : 2026-06-18 13:58:14
========================================================================

DESIGN
------------------------------------------------------------------------
  Input        : valid_circuits.pkl produced by generate_and_cut.py
  Cut strategy : find_and_place_cuts + CutStrategy(min_free_wires=2)
  Ground truth : PennyLane default.qubit statevector (shots=None)
  Reconstruction: qcut_processing_fn (tensor contraction)
  Observable   : per-circuit Pauli string stored in CircuitSpec.observable
  Error        : |perf_exp_val - result|

CONFIGURATION
------------------------------------------------------------------------
  Shots (B)                 : 20000
  Noisy backend             : 'aer.fake_kawasaki'
  Ideal backend             : 'aer.perfect'
  Simulator seed            : 42
  Output dir                : PosixPath('results/new/stable_shots3/20000_shots/kawasaki/16_qubits')
  2q-gate alpha             : 0.8
  Incr. batch shots         : 50
  Incr. threshold           : 0.05
  Incr. offset              : 3
  Incr. stability k         : 5
  Incr. stopping criterion  : 'delta'
  Incr. distance metric     : 'tvd'
  Incr. window size         : 3
  Incr. EWMA alpha          : 0.5
  Selected modes            : noisy_vanilla, cut_divided_budget, cut_qubit_prop, cut_incremental_budget, cut_incremental_qubit_prop

SUMMARY
------------------------------------------------------------------------
Total: 50  ok: 50  failed: 0

RESULTS BY CIRCUIT
------------------------------------------------------------------------
  16q / 0_Clifford+T_002
    ✓ [1248.5s]  noisy_vanilla
    ✓ [  24.8s]  cut_divided_budget
    ✓ [  16.9s]  cut_qubit_prop
    ✓ [ 165.5s]  cut_incremental_budget
    ✓ [ 222.9s]  cut_incremental_qubit_prop

  16q / 1_Clifford+T_008
    ✓ [1062.8s]  noisy_vanilla
    ✓ [  30.1s]  cut_divided_budget
    ✓ [  18.9s]  cut_qubit_prop
    ✓ [ 191.5s]  cut_incremental_budget
    ✓ [ 199.9s]  cut_incremental_qubit_prop

  16q / 2_Clifford+T_015
    ✓ [ 748.4s]  noisy_vanilla
    ✓ [  72.6s]  cut_divided_budget
    ✓ [  74.2s]  cut_qubit_prop
    ✓ [ 192.0s]  cut_incremental_budget
    ✓ [ 189.8s]  cut_incremental_qubit_prop

  16q / 3_Clifford+T_016
    ✓ [ 787.4s]  noisy_vanilla
    ✓ [  16.1s]  cut_divided_budget
    ✓ [  10.4s]  cut_qubit_prop
    ✓ [ 177.6s]  cut_incremental_budget
    ✓ [ 151.7s]  cut_incremental_qubit_prop

  16q / 4_Clifford+T_018
    ✓ [1295.8s]  noisy_vanilla
    ✓ [  28.2s]  cut_divided_budget
    ✓ [  16.7s]  cut_qubit_prop
    ✓ [ 260.3s]  cut_incremental_budget
    ✓ [ 260.5s]  cut_incremental_qubit_prop

  16q / 5_Clifford+T_019
    ✓ [1168.7s]  noisy_vanilla
    ✓ [ 181.3s]  cut_divided_budget
    ✓ [ 282.8s]  cut_qubit_prop
    ✓ [ 379.8s]  cut_incremental_budget
    ✓ [ 361.9s]  cut_incremental_qubit_prop

  16q / 6_Clifford+T_021
    ✓ [ 811.2s]  noisy_vanilla
    ✓ [  25.9s]  cut_divided_budget
    ✓ [  15.2s]  cut_qubit_prop
    ✓ [ 147.9s]  cut_incremental_budget
    ✓ [ 180.0s]  cut_incremental_qubit_prop

  16q / 7_Clifford+T_026
    ✓ [ 780.1s]  noisy_vanilla
    ✓ [  39.9s]  cut_divided_budget
    ✓ [  38.2s]  cut_qubit_prop
    ✓ [ 133.7s]  cut_incremental_budget
    ✓ [ 132.7s]  cut_incremental_qubit_prop

  16q / 8_Clifford+T_032
    ✓ [ 730.3s]  noisy_vanilla
    ✓ [  34.5s]  cut_divided_budget
    ✓ [  37.7s]  cut_qubit_prop
    ✓ [ 185.9s]  cut_incremental_budget
    ✓ [ 178.5s]  cut_incremental_qubit_prop

  16q / 9_Clifford+T_040
    ✓ [ 678.3s]  noisy_vanilla
    ✓ [  52.5s]  cut_divided_budget
    ✓ [  71.3s]  cut_qubit_prop
    ✓ [ 221.3s]  cut_incremental_budget
    ✓ [ 293.0s]  cut_incremental_qubit_prop

========================================================================
