========================================================================
CUTTABLE CIRCUIT BENCHMARK RUN REPORT
Timestamp : 2026-06-18 08:33:03
========================================================================

DESIGN
------------------------------------------------------------------------
  Input        : valid_circuits.pkl produced by generate_and_cut.py
  Cut strategy : find_and_place_cuts + CutStrategy(min_free_wires=2)
  Ground truth : PennyLane default.qubit statevector (shots=None)
  Reconstruction: qcut_processing_fn (tensor contraction)
  Observable   : per-circuit Pauli string stored in CircuitSpec.observable
  Error        : |perf_exp_val - result|

CONFIGURATION
------------------------------------------------------------------------
  Shots (B)                 : 20000
  Noisy backend             : 'aer.fake_torino'
  Ideal backend             : 'aer.perfect'
  Simulator seed            : 42
  Output dir                : PosixPath('results/new/stable_shots3/20000_shots/torino/10_qubits')
  2q-gate alpha             : 0.8
  Incr. batch shots         : 50
  Incr. threshold           : 0.05
  Incr. offset              : 3
  Incr. stability k         : 5
  Incr. stopping criterion  : 'delta'
  Incr. distance metric     : 'tvd'
  Incr. window size         : 3
  Incr. EWMA alpha          : 0.5
  Selected modes            : noisy_vanilla, cut_divided_budget, cut_qubit_prop, cut_incremental_budget, cut_incremental_qubit_prop

SUMMARY
------------------------------------------------------------------------
Total: 50  ok: 50  failed: 0

RESULTS BY CIRCUIT
------------------------------------------------------------------------
  10q / 0_Clifford+T_001
    ✓ [   3.5s]  noisy_vanilla
    ✓ [ 104.5s]  cut_divided_budget
    ✓ [  90.9s]  cut_qubit_prop
    ✓ [1282.6s]  cut_incremental_budget
    ✓ [1480.9s]  cut_incremental_qubit_prop

  10q / 1_Clifford+T_004
    ✓ [   5.2s]  noisy_vanilla
    ✓ [  43.4s]  cut_divided_budget
    ✓ [  32.7s]  cut_qubit_prop
    ✓ [ 624.7s]  cut_incremental_budget
    ✓ [ 595.6s]  cut_incremental_qubit_prop

  10q / 2_Clifford+T_008
    ✓ [   3.3s]  noisy_vanilla
    ✓ [  84.9s]  cut_divided_budget
    ✓ [  76.8s]  cut_qubit_prop
    ✓ [ 885.3s]  cut_incremental_budget
    ✓ [ 848.8s]  cut_incremental_qubit_prop

  10q / 3_Clifford+T_015
    ✓ [   2.9s]  noisy_vanilla
    ✓ [  38.6s]  cut_divided_budget
    ✓ [  30.9s]  cut_qubit_prop
    ✓ [ 439.0s]  cut_incremental_budget
    ✓ [ 452.7s]  cut_incremental_qubit_prop

  10q / 4_Clifford+T_024
    ✓ [   5.5s]  noisy_vanilla
    ✓ [ 133.5s]  cut_divided_budget
    ✓ [  77.5s]  cut_qubit_prop
    ✓ [ 957.0s]  cut_incremental_budget
    ✓ [1050.3s]  cut_incremental_qubit_prop

  10q / 5_Clifford+T_026
    ✓ [   2.6s]  noisy_vanilla
    ✓ [  83.2s]  cut_divided_budget
    ✓ [  75.9s]  cut_qubit_prop
    ✓ [1321.4s]  cut_incremental_budget
    ✓ [1610.1s]  cut_incremental_qubit_prop

  10q / 6_Clifford+T_032
    ✓ [   5.1s]  noisy_vanilla
    ✓ [  42.0s]  cut_divided_budget
    ✓ [  19.4s]  cut_qubit_prop
    ✓ [ 328.1s]  cut_incremental_budget
    ✓ [ 363.8s]  cut_incremental_qubit_prop

  10q / 7_Clifford+T_033
    ✓ [   5.2s]  noisy_vanilla
    ✓ [  40.1s]  cut_divided_budget
    ✓ [  32.5s]  cut_qubit_prop
    ✓ [ 377.9s]  cut_incremental_budget
    ✓ [ 418.7s]  cut_incremental_qubit_prop

  10q / 8_Clifford+T_039
    ✓ [   5.5s]  noisy_vanilla
    ✓ [ 134.8s]  cut_divided_budget
    ✓ [ 128.5s]  cut_qubit_prop
    ✓ [1451.9s]  cut_incremental_budget
    ✓ [1035.9s]  cut_incremental_qubit_prop

  10q / 9_Clifford+T_041
    ✓ [   3.0s]  noisy_vanilla
    ✓ [  26.8s]  cut_divided_budget
    ✓ [  18.8s]  cut_qubit_prop
    ✓ [ 251.4s]  cut_incremental_budget
    ✓ [ 248.4s]  cut_incremental_qubit_prop

========================================================================
