========================================================================
CUTTABLE CIRCUIT BENCHMARK RUN REPORT
Timestamp : 2026-04-27 15:20:51
========================================================================

DESIGN
------------------------------------------------------------------------
  Input        : valid_circuits.pkl produced by generate_and_cut.py
  Cut strategy : find_and_place_cuts + CutStrategy(min_free_wires=2)
  Ground truth : PennyLane default.qubit statevector (shots=None)
  Reconstruction: qcut_processing_fn (tensor contraction)
  Observable   : per-circuit Pauli string stored in CircuitSpec.observable
  Error        : |perf_exp_val - result|

CONFIGURATION
------------------------------------------------------------------------
  Shots (B)                 : 20000
  Noisy backend             : 'aer.fake_torino'
  Ideal backend             : 'aer.perfect'
  Simulator seed            : 42
  Output dir                : PosixPath('results/20k_ewma_01/13_qubits')
  2q-gate alpha             : 0.8
  Incr. batch shots         : 50
  Incr. threshold           : 0.02
  Incr. offset              : 2
  Incr. stability k         : 5
  Incr. stopping criterion  : 'ewma'
  Incr. distance metric     : 'tvd'
  Incr. window size         : 3
  Incr. EWMA alpha          : 0.5
  Selected modes            : noisy_vanilla, cut_divided_budget, cut_qubit_prop, cut_incremental_budget, cut_incremental_qubit_prop

SUMMARY
------------------------------------------------------------------------
Total: 50  ok: 50  failed: 0

RESULTS BY CIRCUIT
------------------------------------------------------------------------
  13q / 0_Clifford+T_004
    ✓ [   5.1s]  noisy_vanilla
    ✓ [  25.5s]  cut_divided_budget
    ✓ [  20.4s]  cut_qubit_prop
    ✓ [ 172.3s]  cut_incremental_budget
    ✓ [ 165.5s]  cut_incremental_qubit_prop

  13q / 1_Clifford+T_010
    ✓ [   6.0s]  noisy_vanilla
    ✓ [  28.3s]  cut_divided_budget
    ✓ [  20.1s]  cut_qubit_prop
    ✓ [ 179.1s]  cut_incremental_budget
    ✓ [ 164.0s]  cut_incremental_qubit_prop

  13q / 2_Clifford+T_016
    ✓ [   5.8s]  noisy_vanilla
    ✓ [  28.8s]  cut_divided_budget
    ✓ [  19.7s]  cut_qubit_prop
    ✓ [ 205.6s]  cut_incremental_budget
    ✓ [ 180.8s]  cut_incremental_qubit_prop

  13q / 3_Clifford+T_022
    ✓ [   6.1s]  noisy_vanilla
    ✓ [  28.3s]  cut_divided_budget
    ✓ [  18.9s]  cut_qubit_prop
    ✓ [ 170.2s]  cut_incremental_budget
    ✓ [ 158.4s]  cut_incremental_qubit_prop

  13q / 4_Clifford+T_028
    ✓ [   5.5s]  noisy_vanilla
    ✓ [  29.4s]  cut_divided_budget
    ✓ [  26.2s]  cut_qubit_prop
    ✓ [ 187.5s]  cut_incremental_budget
    ✓ [ 208.9s]  cut_incremental_qubit_prop

  13q / 5_Clifford+T_076
    ✓ [   6.2s]  noisy_vanilla
    ✓ [  26.4s]  cut_divided_budget
    ✓ [  23.9s]  cut_qubit_prop
    ✓ [ 196.7s]  cut_incremental_budget
    ✓ [ 172.9s]  cut_incremental_qubit_prop

  13q / 6_Clifford+T_088
    ✓ [   6.2s]  noisy_vanilla
    ✓ [  25.1s]  cut_divided_budget
    ✓ [  18.1s]  cut_qubit_prop
    ✓ [ 165.5s]  cut_incremental_budget
    ✓ [ 158.9s]  cut_incremental_qubit_prop

  13q / 7_Clifford+T_094
    ✓ [   5.9s]  noisy_vanilla
    ✓ [  31.8s]  cut_divided_budget
    ✓ [  20.0s]  cut_qubit_prop
    ✓ [ 209.3s]  cut_incremental_budget
    ✓ [ 194.8s]  cut_incremental_qubit_prop

  13q / 8_Clifford+T_100
    ✓ [   5.8s]  noisy_vanilla
    ✓ [  34.1s]  cut_divided_budget
    ✓ [  25.5s]  cut_qubit_prop
    ✓ [ 194.0s]  cut_incremental_budget
    ✓ [ 176.1s]  cut_incremental_qubit_prop

  13q / 9_Clifford+T_118
    ✓ [   6.3s]  noisy_vanilla
    ✓ [  29.4s]  cut_divided_budget
    ✓ [  20.5s]  cut_qubit_prop
    ✓ [ 211.9s]  cut_incremental_budget
    ✓ [ 195.4s]  cut_incremental_qubit_prop

========================================================================
