========================================================================
CUTTABLE CIRCUIT BENCHMARK RUN REPORT
Timestamp : 2026-04-24 10:24:53
========================================================================

DESIGN
------------------------------------------------------------------------
  Input        : valid_circuits.pkl produced by generate_and_cut.py
  Cut strategy : find_and_place_cuts + CutStrategy(min_free_wires=2)
  Ground truth : PennyLane default.qubit statevector (shots=None)
  Reconstruction: qcut_processing_fn (tensor contraction)
  Observable   : per-circuit Pauli string stored in CircuitSpec.observable
  Error        : |perf_exp_val - result|

CONFIGURATION
------------------------------------------------------------------------
  Shots (B)                 : 20000
  Noisy backend             : 'aer.fake_torino'
  Ideal backend             : 'aer.perfect'
  Simulator seed            : 42
  Output dir                : PosixPath('results/20k_dma/11_qubits')
  2q-gate alpha             : 0.8
  Incr. batch shots         : 50
  Incr. threshold           : 0.03
  Incr. offset              : 2
  Incr. stability k         : 3
  Incr. stopping criterion  : 'dma'
  Incr. distance metric     : 'tvd'
  Incr. window size         : 3
  Incr. EWMA alpha          : 0.5
  Selected modes            : noisy_vanilla, cut_divided_budget, cut_qubit_prop, cut_incremental_budget, cut_incremental_qubit_prop

SUMMARY
------------------------------------------------------------------------
Total: 45  ok: 45  failed: 0

RESULTS BY CIRCUIT
------------------------------------------------------------------------
  11q / 0_Clifford+T_004
    ✓ [   4.9s]  noisy_vanilla
    ✓ [  29.2s]  cut_divided_budget
    ✓ [  21.5s]  cut_qubit_prop
    ✓ [ 155.7s]  cut_incremental_budget
    ✓ [ 156.6s]  cut_incremental_qubit_prop

  11q / 1_Clifford+T_046
    ✓ [   3.0s]  noisy_vanilla
    ✓ [  29.8s]  cut_divided_budget
    ✓ [  21.2s]  cut_qubit_prop
    ✓ [ 141.2s]  cut_incremental_budget
    ✓ [ 153.2s]  cut_incremental_qubit_prop

  11q / 2_Clifford+T_058
    ✓ [   4.8s]  noisy_vanilla
    ✓ [  88.4s]  cut_divided_budget
    ✓ [  78.7s]  cut_qubit_prop
    ✓ [ 620.1s]  cut_incremental_budget
    ✓ [ 589.2s]  cut_incremental_qubit_prop

  11q / 3_Clifford+T_070
    ✓ [   2.9s]  noisy_vanilla
    ✓ [  35.6s]  cut_divided_budget
    ✓ [  21.0s]  cut_qubit_prop
    ✓ [ 135.0s]  cut_incremental_budget
    ✓ [ 135.4s]  cut_incremental_qubit_prop

  11q / 4_Clifford+T_100
    ✓ [   2.5s]  noisy_vanilla
    ✓ [ 101.3s]  cut_divided_budget
    ✓ [  84.9s]  cut_qubit_prop
    ✓ [ 645.0s]  cut_incremental_budget
    ✓ [ 621.5s]  cut_incremental_qubit_prop

  11q / 5_Clifford+T_112
    ✓ [   2.9s]  noisy_vanilla
    ✓ [  32.2s]  cut_divided_budget
    ✓ [  27.9s]  cut_qubit_prop
    ✓ [ 138.7s]  cut_incremental_budget
    ✓ [ 160.1s]  cut_incremental_qubit_prop

  11q / 6_Clifford+T_136
    ✓ [   3.0s]  noisy_vanilla
    ✓ [  32.1s]  cut_divided_budget
    ✓ [  22.9s]  cut_qubit_prop
    ✓ [ 138.4s]  cut_incremental_budget
    ✓ [ 143.0s]  cut_incremental_qubit_prop

  11q / 7_Clifford+T_142
    ✓ [   2.8s]  noisy_vanilla
    ✓ [  33.0s]  cut_divided_budget
    ✓ [  21.8s]  cut_qubit_prop
    ✓ [ 126.8s]  cut_incremental_budget
    ✓ [ 128.6s]  cut_incremental_qubit_prop

  11q / 8_Clifford+T_178
    ✓ [   3.0s]  noisy_vanilla
    ✓ [  84.2s]  cut_divided_budget
    ✓ [  83.5s]  cut_qubit_prop
    ✓ [ 526.4s]  cut_incremental_budget
    ✓ [ 554.2s]  cut_incremental_qubit_prop

========================================================================
