========================================================================
CUTTABLE CIRCUIT BENCHMARK RUN REPORT
Timestamp : 2026-06-16 13:40:06
========================================================================

DESIGN
------------------------------------------------------------------------
  Input        : valid_circuits.pkl produced by generate_and_cut.py
  Cut strategy : find_and_place_cuts + CutStrategy(min_free_wires=2)
  Ground truth : PennyLane default.qubit statevector (shots=None)
  Reconstruction: qcut_processing_fn (tensor contraction)
  Observable   : per-circuit Pauli string stored in CircuitSpec.observable
  Error        : |perf_exp_val - result|

CONFIGURATION
------------------------------------------------------------------------
  Shots (B)                 : 10000
  Noisy backend             : 'aer.fake_kawasaki'
  Ideal backend             : 'aer.perfect'
  Simulator seed            : 42
  Output dir                : PosixPath('results/new/stable_shots_runs02_15-16q_no_vanilla/10000_shots/kawasaki/15_qubits')
  2q-gate alpha             : 0.8
  Incr. batch shots         : 50
  Incr. threshold           : 0.005
  Incr. offset              : 3
  Incr. stability k         : 5
  Incr. stopping criterion  : 'delta'
  Incr. distance metric     : 'tvd'
  Incr. window size         : 3
  Incr. EWMA alpha          : 0.5
  Selected modes            : cut_divided_budget, cut_qubit_prop, cut_incremental_budget, cut_incremental_qubit_prop

SUMMARY
------------------------------------------------------------------------
Total: 40  ok: 40  failed: 0

RESULTS BY CIRCUIT
------------------------------------------------------------------------
  15q / 0_Clifford+T_003
    ✓ [  18.9s]  cut_divided_budget
    ✓ [  11.4s]  cut_qubit_prop
    ✓ [ 259.1s]  cut_incremental_budget
    ✓ [ 264.1s]  cut_incremental_qubit_prop

  15q / 1_Clifford+T_009
    ✓ [  16.1s]  cut_divided_budget
    ✓ [  10.0s]  cut_qubit_prop
    ✓ [ 259.8s]  cut_incremental_budget
    ✓ [ 265.5s]  cut_incremental_qubit_prop

  15q / 2_Clifford+T_011
    ✓ [  20.9s]  cut_divided_budget
    ✓ [  15.6s]  cut_qubit_prop
    ✓ [ 258.4s]  cut_incremental_budget
    ✓ [ 267.8s]  cut_incremental_qubit_prop

  15q / 3_Clifford+T_015
    ✓ [  46.5s]  cut_divided_budget
    ✓ [  39.6s]  cut_qubit_prop
    ✓ [ 291.2s]  cut_incremental_budget
    ✓ [ 290.4s]  cut_incremental_qubit_prop

  15q / 4_Clifford+T_016
    ✓ [  16.6s]  cut_divided_budget
    ✓ [  10.1s]  cut_qubit_prop
    ✓ [ 260.2s]  cut_incremental_budget
    ✓ [ 265.2s]  cut_incremental_qubit_prop

  15q / 5_Clifford+T_018
    ✓ [  24.5s]  cut_divided_budget
    ✓ [  17.0s]  cut_qubit_prop
    ✓ [ 419.2s]  cut_incremental_budget
    ✓ [ 437.9s]  cut_incremental_qubit_prop

  15q / 6_Clifford+T_022
    ✓ [  23.8s]  cut_divided_budget
    ✓ [  16.8s]  cut_qubit_prop
    ✓ [ 421.7s]  cut_incremental_budget
    ✓ [ 431.2s]  cut_incremental_qubit_prop

  15q / 7_Clifford+T_023
    ✓ [  30.6s]  cut_divided_budget
    ✓ [  28.0s]  cut_qubit_prop
    ✓ [ 420.2s]  cut_incremental_budget
    ✓ [ 382.8s]  cut_incremental_qubit_prop

  15q / 8_Clifford+T_024
    ✓ [  59.6s]  cut_divided_budget
    ✓ [  67.8s]  cut_qubit_prop
    ✓ [ 457.6s]  cut_incremental_budget
    ✓ [ 492.2s]  cut_incremental_qubit_prop

  15q / 9_Clifford+T_026
    ✓ [  61.4s]  cut_divided_budget
    ✓ [  76.1s]  cut_qubit_prop
    ✓ [ 437.0s]  cut_incremental_budget
    ✓ [ 495.6s]  cut_incremental_qubit_prop

========================================================================
