========================================================================
CUTTABLE CIRCUIT BENCHMARK RUN REPORT
Timestamp : 2026-06-12 15:36:10
========================================================================

DESIGN
------------------------------------------------------------------------
  Input        : valid_circuits.pkl produced by generate_and_cut.py
  Cut strategy : find_and_place_cuts + CutStrategy(min_free_wires=2)
  Ground truth : PennyLane default.qubit statevector (shots=None)
  Reconstruction: qcut_processing_fn (tensor contraction)
  Observable   : per-circuit Pauli string stored in CircuitSpec.observable
  Error        : |perf_exp_val - result|

CONFIGURATION
------------------------------------------------------------------------
  Shots (B)                 : 5000
  Noisy backend             : 'aer.fake_kyoto'
  Ideal backend             : 'aer.perfect'
  Simulator seed            : 42
  Output dir                : PosixPath('results/new/stable_shots_runs_10-14q_no_vanilla/5000_shots/kyoto/10_qubits')
  2q-gate alpha             : 0.8
  Incr. batch shots         : 50
  Incr. threshold           : 0.0005
  Incr. offset              : 2
  Incr. stability k         : 5
  Incr. stopping criterion  : 'delta'
  Incr. distance metric     : 'tvd'
  Incr. window size         : 3
  Incr. EWMA alpha          : 0.5
  Selected modes            : cut_divided_budget, cut_qubit_prop, cut_incremental_budget, cut_incremental_qubit_prop

SUMMARY
------------------------------------------------------------------------
Total: 40  ok: 40  failed: 0

RESULTS BY CIRCUIT
------------------------------------------------------------------------
  10q / 0_Clifford+T_001
    ✓ [  61.5s]  cut_divided_budget
    ✓ [  55.2s]  cut_qubit_prop
    ✓ [ 219.8s]  cut_incremental_budget
    ✓ [ 192.6s]  cut_incremental_qubit_prop

  10q / 1_Clifford+T_004
    ✓ [  20.8s]  cut_divided_budget
    ✓ [  13.5s]  cut_qubit_prop
    ✓ [ 175.8s]  cut_incremental_budget
    ✓ [ 179.1s]  cut_incremental_qubit_prop

  10q / 2_Clifford+T_008
    ✓ [  61.7s]  cut_divided_budget
    ✓ [  54.9s]  cut_qubit_prop
    ✓ [ 220.5s]  cut_incremental_budget
    ✓ [ 193.6s]  cut_incremental_qubit_prop

  10q / 3_Clifford+T_015
    ✓ [  19.9s]  cut_divided_budget
    ✓ [  13.5s]  cut_qubit_prop
    ✓ [ 176.9s]  cut_incremental_budget
    ✓ [ 180.0s]  cut_incremental_qubit_prop

  10q / 4_Clifford+T_024
    ✓ [  62.4s]  cut_divided_budget
    ✓ [  54.7s]  cut_qubit_prop
    ✓ [ 220.3s]  cut_incremental_budget
    ✓ [ 192.8s]  cut_incremental_qubit_prop

  10q / 5_Clifford+T_026
    ✓ [  61.0s]  cut_divided_budget
    ✓ [  54.2s]  cut_qubit_prop
    ✓ [ 221.9s]  cut_incremental_budget
    ✓ [ 194.1s]  cut_incremental_qubit_prop

  10q / 6_Clifford+T_032
    ✓ [  20.8s]  cut_divided_budget
    ✓ [  13.8s]  cut_qubit_prop
    ✓ [ 178.7s]  cut_incremental_budget
    ✓ [ 181.6s]  cut_incremental_qubit_prop

  10q / 7_Clifford+T_033
    ✓ [  20.9s]  cut_divided_budget
    ✓ [  13.7s]  cut_qubit_prop
    ✓ [ 178.9s]  cut_incremental_budget
    ✓ [ 181.3s]  cut_incremental_qubit_prop

  10q / 8_Clifford+T_039
    ✓ [  62.3s]  cut_divided_budget
    ✓ [  55.9s]  cut_qubit_prop
    ✓ [ 221.7s]  cut_incremental_budget
    ✓ [ 195.7s]  cut_incremental_qubit_prop

  10q / 9_Clifford+T_041
    ✓ [  20.4s]  cut_divided_budget
    ✓ [  13.6s]  cut_qubit_prop
    ✓ [ 179.3s]  cut_incremental_budget
    ✓ [ 178.6s]  cut_incremental_qubit_prop

========================================================================
