========================================================================
CUTTABLE CIRCUIT BENCHMARK RUN REPORT
Timestamp : 2026-04-28 11:19:36
========================================================================

DESIGN
------------------------------------------------------------------------
  Input        : valid_circuits.pkl produced by generate_and_cut.py
  Cut strategy : find_and_place_cuts + CutStrategy(min_free_wires=2)
  Ground truth : PennyLane default.qubit statevector (shots=None)
  Reconstruction: qcut_processing_fn (tensor contraction)
  Observable   : per-circuit Pauli string stored in CircuitSpec.observable
  Error        : |perf_exp_val - result|

CONFIGURATION
------------------------------------------------------------------------
  Shots (B)                 : 20000
  Noisy backend             : 'aer.fake_torino'
  Ideal backend             : 'aer.perfect'
  Simulator seed            : 42
  Output dir                : PosixPath('results/20k_ewma_02/13_qubits')
  2q-gate alpha             : 0.8
  Incr. batch shots         : 50
  Incr. threshold           : 0.01
  Incr. offset              : 3
  Incr. stability k         : 5
  Incr. stopping criterion  : 'ewma'
  Incr. distance metric     : 'tvd'
  Incr. window size         : 3
  Incr. EWMA alpha          : 0.5
  Selected modes            : noisy_vanilla, cut_divided_budget, cut_qubit_prop, cut_incremental_budget, cut_incremental_qubit_prop

SUMMARY
------------------------------------------------------------------------
Total: 50  ok: 50  failed: 0

RESULTS BY CIRCUIT
------------------------------------------------------------------------
  13q / 0_Clifford+T_004
    ✓ [   5.8s]  noisy_vanilla
    ✓ [  26.2s]  cut_divided_budget
    ✓ [  18.3s]  cut_qubit_prop
    ✓ [ 197.2s]  cut_incremental_budget
    ✓ [ 183.5s]  cut_incremental_qubit_prop

  13q / 1_Clifford+T_010
    ✓ [   6.3s]  noisy_vanilla
    ✓ [  26.7s]  cut_divided_budget
    ✓ [  31.2s]  cut_qubit_prop
    ✓ [ 184.4s]  cut_incremental_budget
    ✓ [ 195.3s]  cut_incremental_qubit_prop

  13q / 2_Clifford+T_016
    ✓ [   6.0s]  noisy_vanilla
    ✓ [  28.4s]  cut_divided_budget
    ✓ [  18.8s]  cut_qubit_prop
    ✓ [ 195.5s]  cut_incremental_budget
    ✓ [ 233.3s]  cut_incremental_qubit_prop

  13q / 3_Clifford+T_022
    ✓ [   7.2s]  noisy_vanilla
    ✓ [  27.1s]  cut_divided_budget
    ✓ [  19.3s]  cut_qubit_prop
    ✓ [ 195.1s]  cut_incremental_budget
    ✓ [ 185.0s]  cut_incremental_qubit_prop

  13q / 4_Clifford+T_028
    ✓ [   6.1s]  noisy_vanilla
    ✓ [  32.8s]  cut_divided_budget
    ✓ [  21.0s]  cut_qubit_prop
    ✓ [ 193.3s]  cut_incremental_budget
    ✓ [ 183.6s]  cut_incremental_qubit_prop

  13q / 5_Clifford+T_076
    ✓ [   5.5s]  noisy_vanilla
    ✓ [  26.9s]  cut_divided_budget
    ✓ [  23.6s]  cut_qubit_prop
    ✓ [ 215.5s]  cut_incremental_budget
    ✓ [ 206.9s]  cut_incremental_qubit_prop

  13q / 6_Clifford+T_088
    ✓ [   5.9s]  noisy_vanilla
    ✓ [  28.7s]  cut_divided_budget
    ✓ [  19.8s]  cut_qubit_prop
    ✓ [ 213.9s]  cut_incremental_budget
    ✓ [ 187.9s]  cut_incremental_qubit_prop

  13q / 7_Clifford+T_094
    ✓ [   5.5s]  noisy_vanilla
    ✓ [  32.2s]  cut_divided_budget
    ✓ [  30.5s]  cut_qubit_prop
    ✓ [ 211.9s]  cut_incremental_budget
    ✓ [ 239.4s]  cut_incremental_qubit_prop

  13q / 8_Clifford+T_100
    ✓ [   8.2s]  noisy_vanilla
    ✓ [  30.7s]  cut_divided_budget
    ✓ [  23.4s]  cut_qubit_prop
    ✓ [ 249.1s]  cut_incremental_budget
    ✓ [ 208.3s]  cut_incremental_qubit_prop

  13q / 9_Clifford+T_118
    ✓ [   6.2s]  noisy_vanilla
    ✓ [  35.9s]  cut_divided_budget
    ✓ [  19.8s]  cut_qubit_prop
    ✓ [ 207.3s]  cut_incremental_budget
    ✓ [ 225.8s]  cut_incremental_qubit_prop

========================================================================
