========================================================================
CUTTABLE CIRCUIT BENCHMARK RUN REPORT
Timestamp : 2026-06-18 04:24:00
========================================================================

DESIGN
------------------------------------------------------------------------
  Input        : valid_circuits.pkl produced by generate_and_cut.py
  Cut strategy : find_and_place_cuts + CutStrategy(min_free_wires=2)
  Ground truth : PennyLane default.qubit statevector (shots=None)
  Reconstruction: qcut_processing_fn (tensor contraction)
  Observable   : per-circuit Pauli string stored in CircuitSpec.observable
  Error        : |perf_exp_val - result|

CONFIGURATION
------------------------------------------------------------------------
  Shots (B)                 : 10000
  Noisy backend             : 'aer.fake_kawasaki'
  Ideal backend             : 'aer.perfect'
  Simulator seed            : 42
  Output dir                : PosixPath('results/new/stable_shots_02/10000_shots/kawasaki/15_qubits')
  2q-gate alpha             : 0.8
  Incr. batch shots         : 50
  Incr. threshold           : 0.03
  Incr. offset              : 3
  Incr. stability k         : 3
  Incr. stopping criterion  : 'delta'
  Incr. distance metric     : 'tvd'
  Incr. window size         : 3
  Incr. EWMA alpha          : 0.5
  Selected modes            : noisy_vanilla, cut_divided_budget, cut_qubit_prop, cut_incremental_budget, cut_incremental_qubit_prop

SUMMARY
------------------------------------------------------------------------
Total: 50  ok: 50  failed: 0

RESULTS BY CIRCUIT
------------------------------------------------------------------------
  15q / 0_Clifford+T_003
    ✓ [ 200.5s]  noisy_vanilla
    ✓ [  19.7s]  cut_divided_budget
    ✓ [  11.6s]  cut_qubit_prop
    ✓ [ 179.7s]  cut_incremental_budget
    ✓ [ 182.7s]  cut_incremental_qubit_prop

  15q / 1_Clifford+T_009
    ✓ [ 160.6s]  noisy_vanilla
    ✓ [  17.1s]  cut_divided_budget
    ✓ [  10.2s]  cut_qubit_prop
    ✓ [ 341.7s]  cut_incremental_budget
    ✓ [ 378.9s]  cut_incremental_qubit_prop

  15q / 2_Clifford+T_011
    ✓ [ 192.3s]  noisy_vanilla
    ✓ [  21.3s]  cut_divided_budget
    ✓ [  16.3s]  cut_qubit_prop
    ✓ [ 226.7s]  cut_incremental_budget
    ✓ [ 305.8s]  cut_incremental_qubit_prop

  15q / 3_Clifford+T_015
    ✓ [ 331.9s]  noisy_vanilla
    ✓ [  74.8s]  cut_divided_budget
    ✓ [  68.1s]  cut_qubit_prop
    ✓ [ 483.9s]  cut_incremental_budget
    ✓ [ 489.6s]  cut_incremental_qubit_prop

  15q / 4_Clifford+T_016
    ✓ [ 337.8s]  noisy_vanilla
    ✓ [  26.0s]  cut_divided_budget
    ✓ [  17.1s]  cut_qubit_prop
    ✓ [ 238.5s]  cut_incremental_budget
    ✓ [ 216.3s]  cut_incremental_qubit_prop

  15q / 5_Clifford+T_018
    ✓ [ 231.5s]  noisy_vanilla
    ✓ [  22.3s]  cut_divided_budget
    ✓ [  10.3s]  cut_qubit_prop
    ✓ [ 225.2s]  cut_incremental_budget
    ✓ [ 198.5s]  cut_incremental_qubit_prop

  15q / 6_Clifford+T_022
    ✓ [ 163.3s]  noisy_vanilla
    ✓ [  21.5s]  cut_divided_budget
    ✓ [  10.0s]  cut_qubit_prop
    ✓ [ 162.9s]  cut_incremental_budget
    ✓ [ 281.5s]  cut_incremental_qubit_prop

  15q / 7_Clifford+T_023
    ✓ [ 294.3s]  noisy_vanilla
    ✓ [  33.6s]  cut_divided_budget
    ✓ [  27.2s]  cut_qubit_prop
    ✓ [ 176.2s]  cut_incremental_budget
    ✓ [ 235.8s]  cut_incremental_qubit_prop

  15q / 8_Clifford+T_024
    ✓ [ 166.3s]  noisy_vanilla
    ✓ [  35.4s]  cut_divided_budget
    ✓ [  38.7s]  cut_qubit_prop
    ✓ [ 217.0s]  cut_incremental_budget
    ✓ [ 286.4s]  cut_incremental_qubit_prop

  15q / 9_Clifford+T_026
    ✓ [ 167.6s]  noisy_vanilla
    ✓ [  39.9s]  cut_divided_budget
    ✓ [  42.3s]  cut_qubit_prop
    ✓ [ 189.0s]  cut_incremental_budget
    ✓ [ 203.6s]  cut_incremental_qubit_prop

========================================================================
