========================================================================
CUTTABLE CIRCUIT BENCHMARK RUN REPORT
Timestamp : 2026-06-18 05:22:21
========================================================================

DESIGN
------------------------------------------------------------------------
  Input        : valid_circuits.pkl produced by generate_and_cut.py
  Cut strategy : find_and_place_cuts + CutStrategy(min_free_wires=2)
  Ground truth : PennyLane default.qubit statevector (shots=None)
  Reconstruction: qcut_processing_fn (tensor contraction)
  Observable   : per-circuit Pauli string stored in CircuitSpec.observable
  Error        : |perf_exp_val - result|

CONFIGURATION
------------------------------------------------------------------------
  Shots (B)                 : 10000
  Noisy backend             : 'aer.fake_kawasaki'
  Ideal backend             : 'aer.perfect'
  Simulator seed            : 42
  Output dir                : PosixPath('results/new/stable_shots_02/10000_shots/kawasaki/16_qubits')
  2q-gate alpha             : 0.8
  Incr. batch shots         : 50
  Incr. threshold           : 0.03
  Incr. offset              : 3
  Incr. stability k         : 3
  Incr. stopping criterion  : 'delta'
  Incr. distance metric     : 'tvd'
  Incr. window size         : 3
  Incr. EWMA alpha          : 0.5
  Selected modes            : noisy_vanilla, cut_divided_budget, cut_qubit_prop, cut_incremental_budget, cut_incremental_qubit_prop

SUMMARY
------------------------------------------------------------------------
Total: 50  ok: 50  failed: 0

RESULTS BY CIRCUIT
------------------------------------------------------------------------
  16q / 0_Clifford+T_002
    ✓ [ 354.1s]  noisy_vanilla
    ✓ [  21.6s]  cut_divided_budget
    ✓ [  10.3s]  cut_qubit_prop
    ✓ [ 157.2s]  cut_incremental_budget
    ✓ [ 181.2s]  cut_incremental_qubit_prop

  16q / 1_Clifford+T_008
    ✓ [ 631.5s]  noisy_vanilla
    ✓ [  25.1s]  cut_divided_budget
    ✓ [  18.4s]  cut_qubit_prop
    ✓ [ 296.2s]  cut_incremental_budget
    ✓ [ 292.1s]  cut_incremental_qubit_prop

  16q / 2_Clifford+T_015
    ✓ [ 544.7s]  noisy_vanilla
    ✓ [  36.1s]  cut_divided_budget
    ✓ [  43.2s]  cut_qubit_prop
    ✓ [ 198.0s]  cut_incremental_budget
    ✓ [ 232.6s]  cut_incremental_qubit_prop

  16q / 3_Clifford+T_016
    ✓ [ 360.4s]  noisy_vanilla
    ✓ [  20.3s]  cut_divided_budget
    ✓ [  10.4s]  cut_qubit_prop
    ✓ [ 175.4s]  cut_incremental_budget
    ✓ [ 170.2s]  cut_incremental_qubit_prop

  16q / 4_Clifford+T_018
    ✓ [ 373.5s]  noisy_vanilla
    ✓ [  17.0s]  cut_divided_budget
    ✓ [  10.1s]  cut_qubit_prop
    ✓ [ 200.1s]  cut_incremental_budget
    ✓ [ 203.9s]  cut_incremental_qubit_prop

  16q / 5_Clifford+T_019
    ✓ [ 388.5s]  noisy_vanilla
    ✓ [ 102.0s]  cut_divided_budget
    ✓ [ 137.5s]  cut_qubit_prop
    ✓ [ 221.8s]  cut_incremental_budget
    ✓ [ 381.7s]  cut_incremental_qubit_prop

  16q / 6_Clifford+T_021
    ✓ [ 571.9s]  noisy_vanilla
    ✓ [  34.2s]  cut_divided_budget
    ✓ [  27.1s]  cut_qubit_prop
    ✓ [ 300.4s]  cut_incremental_budget
    ✓ [ 301.9s]  cut_incremental_qubit_prop

  16q / 7_Clifford+T_026
    ✓ [ 711.9s]  noisy_vanilla
    ✓ [  44.7s]  cut_divided_budget
    ✓ [  42.0s]  cut_qubit_prop
    ✓ [ 244.0s]  cut_incremental_budget
    ✓ [ 238.8s]  cut_incremental_qubit_prop

  16q / 8_Clifford+T_032
    ✓ [ 633.9s]  noisy_vanilla
    ✓ [  42.7s]  cut_divided_budget
    ✓ [  40.8s]  cut_qubit_prop
    ✓ [ 286.9s]  cut_incremental_budget
    ✓ [ 374.8s]  cut_incremental_qubit_prop

  16q / 9_Clifford+T_040
    ✓ [ 639.6s]  noisy_vanilla
    ✓ [  51.6s]  cut_divided_budget
    ✓ [  71.7s]  cut_qubit_prop
    ✓ [ 310.5s]  cut_incremental_budget
    ✓ [ 395.0s]  cut_incremental_qubit_prop

========================================================================
