========================================================================
CUTTABLE CIRCUIT BENCHMARK RUN REPORT
Timestamp : 2026-05-19 09:43:12
========================================================================

DESIGN
------------------------------------------------------------------------
  Input        : valid_circuits.pkl produced by generate_and_cut.py
  Cut strategy : find_and_place_cuts + CutStrategy(min_free_wires=2)
  Ground truth : PennyLane default.qubit statevector (shots=None)
  Reconstruction: qcut_processing_fn (tensor contraction)
  Observable   : per-circuit Pauli string stored in CircuitSpec.observable
  Error        : |perf_exp_val - result|

CONFIGURATION
------------------------------------------------------------------------
  Shots (B)                 : 30000
  Noisy backend             : 'aer.fake_torino'
  Ideal backend             : 'aer.perfect'
  Simulator seed            : 42
  Output dir                : PosixPath('results/clif/20k_ewma_01/13_qubits')
  2q-gate alpha             : 0.8
  Incr. batch shots         : 50
  Incr. threshold           : 0.01
  Incr. offset              : 3
  Incr. stability k         : 3
  Incr. stopping criterion  : 'ewma'
  Incr. distance metric     : 'tvd'
  Incr. window size         : 3
  Incr. EWMA alpha          : 0.5
  Selected modes            : noisy_vanilla, cut_divided_budget, cut_qubit_prop, cut_incremental_budget, cut_incremental_qubit_prop

SUMMARY
------------------------------------------------------------------------
Total: 50  ok: 50  failed: 0

RESULTS BY CIRCUIT
------------------------------------------------------------------------
  13q / 0_Clifford+T_002
    ✓ [   5.7s]  noisy_vanilla
    ✓ [  51.6s]  cut_divided_budget
    ✓ [  24.6s]  cut_qubit_prop
    ✓ [ 181.7s]  cut_incremental_budget
    ✓ [ 194.9s]  cut_incremental_qubit_prop

  13q / 1_Clifford+T_004
    ✓ [  11.4s]  noisy_vanilla
    ✓ [  33.0s]  cut_divided_budget
    ✓ [  21.3s]  cut_qubit_prop
    ✓ [ 175.6s]  cut_incremental_budget
    ✓ [ 161.3s]  cut_incremental_qubit_prop

  13q / 2_Clifford+T_007
    ✓ [   7.3s]  noisy_vanilla
    ✓ [  34.7s]  cut_divided_budget
    ✓ [  27.4s]  cut_qubit_prop
    ✓ [ 192.7s]  cut_incremental_budget
    ✓ [ 209.2s]  cut_incremental_qubit_prop

  13q / 3_Clifford+T_010
    ✓ [   8.3s]  noisy_vanilla
    ✓ [  35.7s]  cut_divided_budget
    ✓ [  24.3s]  cut_qubit_prop
    ✓ [ 206.9s]  cut_incremental_budget
    ✓ [ 200.5s]  cut_incremental_qubit_prop

  13q / 4_Clifford+T_012
    ✓ [   5.8s]  noisy_vanilla
    ✓ [  38.8s]  cut_divided_budget
    ✓ [  27.1s]  cut_qubit_prop
    ✓ [ 198.6s]  cut_incremental_budget
    ✓ [ 184.1s]  cut_incremental_qubit_prop

  13q / 5_Clifford+T_014
    ✓ [   6.9s]  noisy_vanilla
    ✓ [ 109.7s]  cut_divided_budget
    ✓ [  83.2s]  cut_qubit_prop
    ✓ [ 780.5s]  cut_incremental_budget
    ✓ [ 765.1s]  cut_incremental_qubit_prop

  13q / 6_Clifford+T_015
    ✓ [   8.0s]  noisy_vanilla
    ✓ [  33.9s]  cut_divided_budget
    ✓ [  20.2s]  cut_qubit_prop
    ✓ [ 200.9s]  cut_incremental_budget
    ✓ [ 166.4s]  cut_incremental_qubit_prop

  13q / 7_Clifford+T_016
    ✓ [   6.4s]  noisy_vanilla
    ✓ [  27.8s]  cut_divided_budget
    ✓ [  20.2s]  cut_qubit_prop
    ✓ [ 208.5s]  cut_incremental_budget
    ✓ [ 183.5s]  cut_incremental_qubit_prop

  13q / 8_Clifford+T_017
    ✓ [   6.9s]  noisy_vanilla
    ✓ [  29.7s]  cut_divided_budget
    ✓ [  20.2s]  cut_qubit_prop
    ✓ [ 202.2s]  cut_incremental_budget
    ✓ [ 175.3s]  cut_incremental_qubit_prop

  13q / 9_Clifford+T_020
    ✓ [   8.5s]  noisy_vanilla
    ✓ [  37.8s]  cut_divided_budget
    ✓ [  30.9s]  cut_qubit_prop
    ✓ [ 215.5s]  cut_incremental_budget
    ✓ [ 205.1s]  cut_incremental_qubit_prop

========================================================================
