========================================================================
CUTTABLE CIRCUIT BENCHMARK RUN REPORT
Timestamp : 2026-06-16 10:51:13
========================================================================

DESIGN
------------------------------------------------------------------------
  Input        : valid_circuits.pkl produced by generate_and_cut.py
  Cut strategy : find_and_place_cuts + CutStrategy(min_free_wires=2)
  Ground truth : PennyLane default.qubit statevector (shots=None)
  Reconstruction: qcut_processing_fn (tensor contraction)
  Observable   : per-circuit Pauli string stored in CircuitSpec.observable
  Error        : |perf_exp_val - result|

CONFIGURATION
------------------------------------------------------------------------
  Shots (B)                 : 5000
  Noisy backend             : 'aer.fake_kyoto'
  Ideal backend             : 'aer.perfect'
  Simulator seed            : 42
  Output dir                : PosixPath('results/new/stable_shots_runs02_15-16q_no_vanilla/5000_shots/kyoto/16_qubits')
  2q-gate alpha             : 0.8
  Incr. batch shots         : 50
  Incr. threshold           : 0.005
  Incr. offset              : 3
  Incr. stability k         : 5
  Incr. stopping criterion  : 'delta'
  Incr. distance metric     : 'tvd'
  Incr. window size         : 3
  Incr. EWMA alpha          : 0.5
  Selected modes            : cut_divided_budget, cut_qubit_prop, cut_incremental_budget, cut_incremental_qubit_prop

SUMMARY
------------------------------------------------------------------------
Total: 40  ok: 40  failed: 0

RESULTS BY CIRCUIT
------------------------------------------------------------------------
  16q / 0_Clifford+T_002
    ✓ [  19.5s]  cut_divided_budget
    ✓ [  12.2s]  cut_qubit_prop
    ✓ [ 164.5s]  cut_incremental_budget
    ✓ [ 163.4s]  cut_incremental_qubit_prop

  16q / 1_Clifford+T_008
    ✓ [  19.7s]  cut_divided_budget
    ✓ [  13.6s]  cut_qubit_prop
    ✓ [ 164.4s]  cut_incremental_budget
    ✓ [ 166.6s]  cut_incremental_qubit_prop

  16q / 2_Clifford+T_015
    ✓ [  28.5s]  cut_divided_budget
    ✓ [  28.4s]  cut_qubit_prop
    ✓ [ 168.1s]  cut_incremental_budget
    ✓ [ 178.4s]  cut_incremental_qubit_prop

  16q / 3_Clifford+T_016
    ✓ [  18.1s]  cut_divided_budget
    ✓ [  12.4s]  cut_qubit_prop
    ✓ [ 166.2s]  cut_incremental_budget
    ✓ [ 167.0s]  cut_incremental_qubit_prop

  16q / 4_Clifford+T_018
    ✓ [  18.9s]  cut_divided_budget
    ✓ [  12.1s]  cut_qubit_prop
    ✓ [ 160.3s]  cut_incremental_budget
    ✓ [ 161.1s]  cut_incremental_qubit_prop

  16q / 5_Clifford+T_019
    ✓ [  40.8s]  cut_divided_budget
    ✓ [  48.7s]  cut_qubit_prop
    ✓ [ 180.4s]  cut_incremental_budget
    ✓ [ 198.9s]  cut_incremental_qubit_prop

  16q / 6_Clifford+T_021
    ✓ [  20.5s]  cut_divided_budget
    ✓ [  14.8s]  cut_qubit_prop
    ✓ [ 165.8s]  cut_incremental_budget
    ✓ [ 166.1s]  cut_incremental_qubit_prop

  16q / 7_Clifford+T_026
    ✓ [  24.1s]  cut_divided_budget
    ✓ [  19.1s]  cut_qubit_prop
    ✓ [ 162.1s]  cut_incremental_budget
    ✓ [ 187.7s]  cut_incremental_qubit_prop

  16q / 8_Clifford+T_032
    ✓ [  23.4s]  cut_divided_budget
    ✓ [  19.1s]  cut_qubit_prop
    ✓ [ 173.8s]  cut_incremental_budget
    ✓ [ 271.6s]  cut_incremental_qubit_prop

  16q / 9_Clifford+T_040
    ✓ [  28.1s]  cut_divided_budget
    ✓ [  27.7s]  cut_qubit_prop
    ✓ [ 169.0s]  cut_incremental_budget
    ✓ [ 177.7s]  cut_incremental_qubit_prop

========================================================================
