========================================================================
CUTTABLE CIRCUIT BENCHMARK RUN REPORT
Timestamp : 2026-06-14 03:34:18
========================================================================

DESIGN
------------------------------------------------------------------------
  Input        : valid_circuits.pkl produced by generate_and_cut.py
  Cut strategy : find_and_place_cuts + CutStrategy(min_free_wires=2)
  Ground truth : PennyLane default.qubit statevector (shots=None)
  Reconstruction: qcut_processing_fn (tensor contraction)
  Observable   : per-circuit Pauli string stored in CircuitSpec.observable
  Error        : |perf_exp_val - result|

CONFIGURATION
------------------------------------------------------------------------
  Shots (B)                 : 20000
  Noisy backend             : 'aer.fake_sherbrooke'
  Ideal backend             : 'aer.perfect'
  Simulator seed            : 42
  Output dir                : PosixPath('results/new/stable_shots_runs_10-14q_no_vanilla/20000_shots/sherbrooke/14_qubits')
  2q-gate alpha             : 0.8
  Incr. batch shots         : 50
  Incr. threshold           : 0.0005
  Incr. offset              : 2
  Incr. stability k         : 5
  Incr. stopping criterion  : 'delta'
  Incr. distance metric     : 'tvd'
  Incr. window size         : 3
  Incr. EWMA alpha          : 0.5
  Selected modes            : cut_divided_budget, cut_qubit_prop, cut_incremental_budget, cut_incremental_qubit_prop

SUMMARY
------------------------------------------------------------------------
Total: 40  ok: 40  failed: 0

RESULTS BY CIRCUIT
------------------------------------------------------------------------
  14q / 0_Clifford+T_001
    ✓ [  69.0s]  cut_divided_budget
    ✓ [  71.6s]  cut_qubit_prop
    ✓ [ 625.3s]  cut_incremental_budget
    ✓ [ 619.6s]  cut_incremental_qubit_prop

  14q / 1_Clifford+T_011
    ✓ [  57.7s]  cut_divided_budget
    ✓ [  52.0s]  cut_qubit_prop
    ✓ [ 630.9s]  cut_incremental_budget
    ✓ [ 633.0s]  cut_incremental_qubit_prop

  14q / 2_Clifford+T_012
    ✓ [  34.2s]  cut_divided_budget
    ✓ [  40.6s]  cut_qubit_prop
    ✓ [ 604.9s]  cut_incremental_budget
    ✓ [ 632.9s]  cut_incremental_qubit_prop

  14q / 3_Clifford+T_014
    ✓ [  50.4s]  cut_divided_budget
    ✓ [  67.6s]  cut_qubit_prop
    ✓ [ 624.9s]  cut_incremental_budget
    ✓ [ 664.2s]  cut_incremental_qubit_prop

  14q / 4_Clifford+T_015
    ✓ [  35.4s]  cut_divided_budget
    ✓ [  28.6s]  cut_qubit_prop
    ✓ [ 678.5s]  cut_incremental_budget
    ✓ [ 678.2s]  cut_incremental_qubit_prop

  14q / 5_Clifford+T_016
    ✓ [  18.4s]  cut_divided_budget
    ✓ [  11.9s]  cut_qubit_prop
    ✓ [ 593.5s]  cut_incremental_budget
    ✓ [ 605.3s]  cut_incremental_qubit_prop

  14q / 6_Clifford+T_018
    ✓ [  18.8s]  cut_divided_budget
    ✓ [  11.7s]  cut_qubit_prop
    ✓ [ 594.2s]  cut_incremental_budget
    ✓ [ 603.2s]  cut_incremental_qubit_prop

  14q / 7_Clifford+T_019
    ✓ [  37.7s]  cut_divided_budget
    ✓ [  40.6s]  cut_qubit_prop
    ✓ [ 614.1s]  cut_incremental_budget
    ✓ [ 642.8s]  cut_incremental_qubit_prop

  14q / 8_Clifford+T_022
    ✓ [  49.7s]  cut_divided_budget
    ✓ [  70.2s]  cut_qubit_prop
    ✓ [ 602.2s]  cut_incremental_budget
    ✓ [ 671.7s]  cut_incremental_qubit_prop

  14q / 9_Clifford+T_026
    ✓ [  17.9s]  cut_divided_budget
    ✓ [  12.1s]  cut_qubit_prop
    ✓ [ 611.6s]  cut_incremental_budget
    ✓ [ 611.5s]  cut_incremental_qubit_prop

========================================================================
