========================================================================
CUTTABLE CIRCUIT BENCHMARK RUN REPORT
Timestamp : 2026-06-18 02:06:21
========================================================================

DESIGN
------------------------------------------------------------------------
  Input        : valid_circuits.pkl produced by generate_and_cut.py
  Cut strategy : find_and_place_cuts + CutStrategy(min_free_wires=2)
  Ground truth : PennyLane default.qubit statevector (shots=None)
  Reconstruction: qcut_processing_fn (tensor contraction)
  Observable   : per-circuit Pauli string stored in CircuitSpec.observable
  Error        : |perf_exp_val - result|

CONFIGURATION
------------------------------------------------------------------------
  Shots (B)                 : 10000
  Noisy backend             : 'aer.fake_torino'
  Ideal backend             : 'aer.perfect'
  Simulator seed            : 42
  Output dir                : PosixPath('results/new/stable_shots3/10000_shots/torino/16_qubits')
  2q-gate alpha             : 0.8
  Incr. batch shots         : 50
  Incr. threshold           : 0.05
  Incr. offset              : 3
  Incr. stability k         : 5
  Incr. stopping criterion  : 'delta'
  Incr. distance metric     : 'tvd'
  Incr. window size         : 3
  Incr. EWMA alpha          : 0.5
  Selected modes            : noisy_vanilla, cut_divided_budget, cut_qubit_prop, cut_incremental_budget, cut_incremental_qubit_prop

SUMMARY
------------------------------------------------------------------------
Total: 50  ok: 50  failed: 0

RESULTS BY CIRCUIT
------------------------------------------------------------------------
  16q / 0_Clifford+T_002
    ✓ [ 387.7s]  noisy_vanilla
    ✓ [  31.2s]  cut_divided_budget
    ✓ [  19.8s]  cut_qubit_prop
    ✓ [ 383.0s]  cut_incremental_budget
    ✓ [ 430.2s]  cut_incremental_qubit_prop

  16q / 1_Clifford+T_008
    ✓ [ 648.4s]  noisy_vanilla
    ✓ [  45.6s]  cut_divided_budget
    ✓ [  35.2s]  cut_qubit_prop
    ✓ [ 386.8s]  cut_incremental_budget
    ✓ [ 304.2s]  cut_incremental_qubit_prop

  16q / 2_Clifford+T_015
    ✓ [ 364.4s]  noisy_vanilla
    ✓ [  49.3s]  cut_divided_budget
    ✓ [  51.5s]  cut_qubit_prop
    ✓ [ 351.7s]  cut_incremental_budget
    ✓ [ 530.3s]  cut_incremental_qubit_prop

  16q / 3_Clifford+T_016
    ✓ [ 483.5s]  noisy_vanilla
    ✓ [  25.1s]  cut_divided_budget
    ✓ [  19.5s]  cut_qubit_prop
    ✓ [ 281.9s]  cut_incremental_budget
    ✓ [ 299.0s]  cut_incremental_qubit_prop

  16q / 4_Clifford+T_018
    ✓ [ 683.3s]  noisy_vanilla
    ✓ [  43.0s]  cut_divided_budget
    ✓ [  32.1s]  cut_qubit_prop
    ✓ [ 417.0s]  cut_incremental_budget
    ✓ [ 375.4s]  cut_incremental_qubit_prop

  16q / 5_Clifford+T_019
    ✓ [ 392.9s]  noisy_vanilla
    ✓ [  69.2s]  cut_divided_budget
    ✓ [  93.4s]  cut_qubit_prop
    ✓ [ 381.9s]  cut_incremental_budget
    ✓ [ 444.0s]  cut_incremental_qubit_prop

  16q / 6_Clifford+T_021
    ✓ [ 370.7s]  noisy_vanilla
    ✓ [  29.5s]  cut_divided_budget
    ✓ [  24.7s]  cut_qubit_prop
    ✓ [ 309.6s]  cut_incremental_budget
    ✓ [ 336.8s]  cut_incremental_qubit_prop

  16q / 7_Clifford+T_026
    ✓ [ 385.3s]  noisy_vanilla
    ✓ [  36.0s]  cut_divided_budget
    ✓ [  33.9s]  cut_qubit_prop
    ✓ [ 296.8s]  cut_incremental_budget
    ✓ [ 291.0s]  cut_incremental_qubit_prop

  16q / 8_Clifford+T_032
    ✓ [ 375.2s]  noisy_vanilla
    ✓ [  35.6s]  cut_divided_budget
    ✓ [  33.6s]  cut_qubit_prop
    ✓ [ 361.0s]  cut_incremental_budget
    ✓ [ 362.0s]  cut_incremental_qubit_prop

  16q / 9_Clifford+T_040
    ✓ [ 462.3s]  noisy_vanilla
    ✓ [  70.0s]  cut_divided_budget
    ✓ [  87.6s]  cut_qubit_prop
    ✓ [ 601.0s]  cut_incremental_budget
    ✓ [ 454.4s]  cut_incremental_qubit_prop

========================================================================
