========================================================================
CUTTABLE CIRCUIT BENCHMARK RUN REPORT
Timestamp : 2026-05-27 16:59:46
========================================================================

DESIGN
------------------------------------------------------------------------
  Input        : valid_circuits.pkl produced by generate_and_cut.py
  Cut strategy : find_and_place_cuts + CutStrategy(min_free_wires=2)
  Ground truth : PennyLane default.qubit statevector (shots=None)
  Reconstruction: qcut_processing_fn (tensor contraction)
  Observable   : per-circuit Pauli string stored in CircuitSpec.observable
  Error        : |perf_exp_val - result|

CONFIGURATION
------------------------------------------------------------------------
  Shots (B)                 : 20000
  Noisy backend             : 'aer.fake_kyoto'
  Ideal backend             : 'aer.perfect'
  Simulator seed            : 42
  Output dir                : PosixPath('results/new/ewma_20k_kyoto_01/14_qubits')
  2q-gate alpha             : 0.8
  Incr. batch shots         : 50
  Incr. threshold           : 0.03
  Incr. offset              : 3
  Incr. stability k         : 3
  Incr. stopping criterion  : 'ewma'
  Incr. distance metric     : 'tvd'
  Incr. window size         : 3
  Incr. EWMA alpha          : 0.5
  Selected modes            : noisy_vanilla, cut_divided_budget, cut_qubit_prop, cut_incremental_budget, cut_incremental_qubit_prop

SUMMARY
------------------------------------------------------------------------
Total: 50  ok: 50  failed: 0

RESULTS BY CIRCUIT
------------------------------------------------------------------------
  14q / 0_Clifford+T_001
    ✓ [  71.4s]  noisy_vanilla
    ✓ [ 104.1s]  cut_divided_budget
    ✓ [  60.0s]  cut_qubit_prop
    ✓ [ 685.6s]  cut_incremental_budget
    ✓ [ 758.4s]  cut_incremental_qubit_prop

  14q / 1_Clifford+T_011
    ✓ [  19.1s]  noisy_vanilla
    ✓ [  82.7s]  cut_divided_budget
    ✓ [  58.4s]  cut_qubit_prop
    ✓ [ 783.0s]  cut_incremental_budget
    ✓ [ 796.4s]  cut_incremental_qubit_prop

  14q / 2_Clifford+T_012
    ✓ [  17.4s]  noisy_vanilla
    ✓ [  27.9s]  cut_divided_budget
    ✓ [  19.9s]  cut_qubit_prop
    ✓ [ 345.0s]  cut_incremental_budget
    ✓ [ 393.6s]  cut_incremental_qubit_prop

  14q / 3_Clifford+T_014
    ✓ [  18.4s]  noisy_vanilla
    ✓ [  45.9s]  cut_divided_budget
    ✓ [  26.0s]  cut_qubit_prop
    ✓ [ 317.1s]  cut_incremental_budget
    ✓ [ 342.1s]  cut_incremental_qubit_prop

  14q / 4_Clifford+T_015
    ✓ [  17.3s]  noisy_vanilla
    ✓ [  15.8s]  cut_divided_budget
    ✓ [   5.9s]  cut_qubit_prop
    ✓ [ 139.5s]  cut_incremental_budget
    ✓ [ 103.5s]  cut_incremental_qubit_prop

  14q / 5_Clifford+T_016
    ✓ [  16.2s]  noisy_vanilla
    ✓ [  27.0s]  cut_divided_budget
    ✓ [  15.4s]  cut_qubit_prop
    ✓ [ 256.9s]  cut_incremental_budget
    ✓ [ 255.7s]  cut_incremental_qubit_prop

  14q / 6_Clifford+T_018
    ✓ [  39.7s]  noisy_vanilla
    ✓ [  25.7s]  cut_divided_budget
    ✓ [  16.3s]  cut_qubit_prop
    ✓ [ 336.4s]  cut_incremental_budget
    ✓ [ 348.7s]  cut_incremental_qubit_prop

  14q / 7_Clifford+T_019
    ✓ [  20.5s]  noisy_vanilla
    ✓ [  41.0s]  cut_divided_budget
    ✓ [  21.9s]  cut_qubit_prop
    ✓ [ 446.2s]  cut_incremental_budget
    ✓ [ 545.4s]  cut_incremental_qubit_prop

  14q / 8_Clifford+T_022
    ✓ [  17.2s]  noisy_vanilla
    ✓ [  26.1s]  cut_divided_budget
    ✓ [  20.2s]  cut_qubit_prop
    ✓ [ 310.0s]  cut_incremental_budget
    ✓ [ 304.8s]  cut_incremental_qubit_prop

  14q / 9_Clifford+T_026
    ✓ [  17.1s]  noisy_vanilla
    ✓ [  25.5s]  cut_divided_budget
    ✓ [  15.3s]  cut_qubit_prop
    ✓ [ 272.3s]  cut_incremental_budget
    ✓ [ 260.8s]  cut_incremental_qubit_prop

========================================================================
