========================================================================
CUTTABLE CIRCUIT BENCHMARK RUN REPORT
Timestamp : 2026-05-25 14:50:56
========================================================================

DESIGN
------------------------------------------------------------------------
  Input        : valid_circuits.pkl produced by generate_and_cut.py
  Cut strategy : find_and_place_cuts + CutStrategy(min_free_wires=2)
  Ground truth : PennyLane default.qubit statevector (shots=None)
  Reconstruction: qcut_processing_fn (tensor contraction)
  Observable   : per-circuit Pauli string stored in CircuitSpec.observable
  Error        : |perf_exp_val - result|

CONFIGURATION
------------------------------------------------------------------------
  Shots (B)                 : 30000
  Noisy backend             : 'aer.fake_torino'
  Ideal backend             : 'aer.perfect'
  Simulator seed            : 42
  Output dir                : PosixPath('results/new/ewma_01/15_qubits')
  2q-gate alpha             : 0.8
  Incr. batch shots         : 50
  Incr. threshold           : 0.01
  Incr. offset              : 3
  Incr. stability k         : 3
  Incr. stopping criterion  : 'ewma'
  Incr. distance metric     : 'tvd'
  Incr. window size         : 3
  Incr. EWMA alpha          : 0.5
  Selected modes            : noisy_vanilla, cut_divided_budget, cut_qubit_prop, cut_incremental_budget, cut_incremental_qubit_prop

SUMMARY
------------------------------------------------------------------------
Total: 50  ok: 50  failed: 0

RESULTS BY CIRCUIT
------------------------------------------------------------------------
  15q / 0_Clifford+T_003
    ✓ [  39.8s]  noisy_vanilla
    ✓ [  36.2s]  cut_divided_budget
    ✓ [  22.8s]  cut_qubit_prop
    ✓ [1111.0s]  cut_incremental_budget
    ✓ [1157.5s]  cut_incremental_qubit_prop

  15q / 1_Clifford+T_009
    ✓ [  48.6s]  noisy_vanilla
    ✓ [  30.7s]  cut_divided_budget
    ✓ [  25.4s]  cut_qubit_prop
    ✓ [1475.8s]  cut_incremental_budget
    ✓ [1465.8s]  cut_incremental_qubit_prop

  15q / 2_Clifford+T_011
    ✓ [  54.1s]  noisy_vanilla
    ✓ [  35.8s]  cut_divided_budget
    ✓ [  29.4s]  cut_qubit_prop
    ✓ [1159.5s]  cut_incremental_budget
    ✓ [1219.8s]  cut_incremental_qubit_prop

  15q / 3_Clifford+T_015
    ✓ [  51.5s]  noisy_vanilla
    ✓ [ 116.2s]  cut_divided_budget
    ✓ [  99.3s]  cut_qubit_prop
    ✓ [1919.6s]  cut_incremental_budget
    ✓ [1924.5s]  cut_incremental_qubit_prop

  15q / 4_Clifford+T_016
    ✓ [  58.2s]  noisy_vanilla
    ✓ [  30.5s]  cut_divided_budget
    ✓ [  22.9s]  cut_qubit_prop
    ✓ [ 916.9s]  cut_incremental_budget
    ✓ [ 901.2s]  cut_incremental_qubit_prop

  15q / 5_Clifford+T_018
    ✓ [  53.2s]  noisy_vanilla
    ✓ [  35.4s]  cut_divided_budget
    ✓ [  26.4s]  cut_qubit_prop
    ✓ [1274.4s]  cut_incremental_budget
    ✓ [1309.3s]  cut_incremental_qubit_prop

  15q / 6_Clifford+T_022
    ✓ [  50.5s]  noisy_vanilla
    ✓ [  46.3s]  cut_divided_budget
    ✓ [  22.7s]  cut_qubit_prop
    ✓ [1068.1s]  cut_incremental_budget
    ✓ [1298.8s]  cut_incremental_qubit_prop

  15q / 7_Clifford+T_023
    ✓ [  50.6s]  noisy_vanilla
    ✓ [  29.6s]  cut_divided_budget
    ✓ [  22.8s]  cut_qubit_prop
    ✓ [1210.8s]  cut_incremental_budget
    ✓ [1622.5s]  cut_incremental_qubit_prop

  15q / 8_Clifford+T_024
    ✓ [  52.8s]  noisy_vanilla
    ✓ [  40.0s]  cut_divided_budget
    ✓ [  30.5s]  cut_qubit_prop
    ✓ [1161.4s]  cut_incremental_budget
    ✓ [1495.0s]  cut_incremental_qubit_prop

  15q / 9_Clifford+T_026
    ✓ [  46.7s]  noisy_vanilla
    ✓ [  34.9s]  cut_divided_budget
    ✓ [  31.4s]  cut_qubit_prop
    ✓ [1100.2s]  cut_incremental_budget
    ✓ [1153.0s]  cut_incremental_qubit_prop

========================================================================
