========================================================================
CUTTABLE CIRCUIT BENCHMARK RUN REPORT
Timestamp : 2026-06-18 08:36:07
========================================================================

DESIGN
------------------------------------------------------------------------
  Input        : valid_circuits.pkl produced by generate_and_cut.py
  Cut strategy : find_and_place_cuts + CutStrategy(min_free_wires=2)
  Ground truth : PennyLane default.qubit statevector (shots=None)
  Reconstruction: qcut_processing_fn (tensor contraction)
  Observable   : per-circuit Pauli string stored in CircuitSpec.observable
  Error        : |perf_exp_val - result|

CONFIGURATION
------------------------------------------------------------------------
  Shots (B)                 : 20000
  Noisy backend             : 'aer.fake_sherbrooke'
  Ideal backend             : 'aer.perfect'
  Simulator seed            : 42
  Output dir                : PosixPath('results/new/stable_shots_02/20000_shots/sherbrooke/11_qubits')
  2q-gate alpha             : 0.8
  Incr. batch shots         : 50
  Incr. threshold           : 0.03
  Incr. offset              : 3
  Incr. stability k         : 3
  Incr. stopping criterion  : 'delta'
  Incr. distance metric     : 'tvd'
  Incr. window size         : 3
  Incr. EWMA alpha          : 0.5
  Selected modes            : noisy_vanilla, cut_divided_budget, cut_qubit_prop, cut_incremental_budget, cut_incremental_qubit_prop

SUMMARY
------------------------------------------------------------------------
Total: 50  ok: 50  failed: 0

RESULTS BY CIRCUIT
------------------------------------------------------------------------
  11q / 0_Clifford+T_001
    ✓ [   6.4s]  noisy_vanilla
    ✓ [  66.2s]  cut_divided_budget
    ✓ [  58.5s]  cut_qubit_prop
    ✓ [ 756.3s]  cut_incremental_budget
    ✓ [ 851.0s]  cut_incremental_qubit_prop

  11q / 1_Clifford+T_002
    ✓ [   6.0s]  noisy_vanilla
    ✓ [  73.6s]  cut_divided_budget
    ✓ [  66.7s]  cut_qubit_prop
    ✓ [ 789.0s]  cut_incremental_budget
    ✓ [ 750.8s]  cut_incremental_qubit_prop

  11q / 2_Clifford+T_011
    ✓ [   6.1s]  noisy_vanilla
    ✓ [  26.0s]  cut_divided_budget
    ✓ [  18.5s]  cut_qubit_prop
    ✓ [ 428.7s]  cut_incremental_budget
    ✓ [ 420.0s]  cut_incremental_qubit_prop

  11q / 3_Clifford+T_015
    ✓ [   5.4s]  noisy_vanilla
    ✓ [  24.8s]  cut_divided_budget
    ✓ [  17.3s]  cut_qubit_prop
    ✓ [ 268.4s]  cut_incremental_budget
    ✓ [ 300.1s]  cut_incremental_qubit_prop

  11q / 4_Clifford+T_017
    ✓ [   3.0s]  noisy_vanilla
    ✓ [  17.0s]  cut_divided_budget
    ✓ [  10.5s]  cut_qubit_prop
    ✓ [ 176.3s]  cut_incremental_budget
    ✓ [ 243.4s]  cut_incremental_qubit_prop

  11q / 5_Clifford+T_025
    ✓ [   5.8s]  noisy_vanilla
    ✓ [  23.0s]  cut_divided_budget
    ✓ [  16.4s]  cut_qubit_prop
    ✓ [ 301.5s]  cut_incremental_budget
    ✓ [ 284.0s]  cut_incremental_qubit_prop

  11q / 6_Clifford+T_026
    ✓ [   6.4s]  noisy_vanilla
    ✓ [  26.4s]  cut_divided_budget
    ✓ [  12.2s]  cut_qubit_prop
    ✓ [ 493.8s]  cut_incremental_budget
    ✓ [ 598.2s]  cut_incremental_qubit_prop

  11q / 7_Clifford+T_029
    ✓ [   6.5s]  noisy_vanilla
    ✓ [  22.8s]  cut_divided_budget
    ✓ [  16.1s]  cut_qubit_prop
    ✓ [ 216.0s]  cut_incremental_budget
    ✓ [ 238.9s]  cut_incremental_qubit_prop

  11q / 8_Clifford+T_030
    ✓ [   5.8s]  noisy_vanilla
    ✓ [  27.7s]  cut_divided_budget
    ✓ [  16.3s]  cut_qubit_prop
    ✓ [ 192.9s]  cut_incremental_budget
    ✓ [ 202.6s]  cut_incremental_qubit_prop

  11q / 9_Clifford+T_033
    ✓ [   5.6s]  noisy_vanilla
    ✓ [  27.4s]  cut_divided_budget
    ✓ [  17.1s]  cut_qubit_prop
    ✓ [ 239.5s]  cut_incremental_budget
    ✓ [ 226.6s]  cut_incremental_qubit_prop

========================================================================
