========================================================================
CUTTABLE CIRCUIT BENCHMARK RUN REPORT
Timestamp : 2026-04-28 13:55:00
========================================================================

DESIGN
------------------------------------------------------------------------
  Input        : valid_circuits.pkl produced by generate_and_cut.py
  Cut strategy : find_and_place_cuts + CutStrategy(min_free_wires=2)
  Ground truth : PennyLane default.qubit statevector (shots=None)
  Reconstruction: qcut_processing_fn (tensor contraction)
  Observable   : per-circuit Pauli string stored in CircuitSpec.observable
  Error        : |perf_exp_val - result|

CONFIGURATION
------------------------------------------------------------------------
  Shots (B)                 : 20000
  Noisy backend             : 'aer.fake_torino'
  Ideal backend             : 'aer.perfect'
  Simulator seed            : 42
  Output dir                : PosixPath('results/20k_ewma_02/05_qubits')
  2q-gate alpha             : 0.8
  Incr. batch shots         : 50
  Incr. threshold           : 0.01
  Incr. offset              : 3
  Incr. stability k         : 5
  Incr. stopping criterion  : 'ewma'
  Incr. distance metric     : 'tvd'
  Incr. window size         : 3
  Incr. EWMA alpha          : 0.5
  Selected modes            : noisy_vanilla, cut_divided_budget, cut_qubit_prop, cut_incremental_budget, cut_incremental_qubit_prop

SUMMARY
------------------------------------------------------------------------
Total: 50  ok: 50  failed: 0

RESULTS BY CIRCUIT
------------------------------------------------------------------------
  5q / 0_QuantumVolume_006
    ✓ [   2.8s]  noisy_vanilla
    ✓ [ 154.2s]  cut_divided_budget
    ✓ [  78.9s]  cut_qubit_prop
    ✓ [ 786.4s]  cut_incremental_budget
    ✓ [ 768.5s]  cut_incremental_qubit_prop

  5q / 1_QuantumVolume_018
    ✓ [   2.3s]  noisy_vanilla
    ✓ [ 165.7s]  cut_divided_budget
    ✓ [  70.2s]  cut_qubit_prop
    ✓ [ 737.6s]  cut_incremental_budget
    ✓ [ 774.1s]  cut_incremental_qubit_prop

  5q / 2_QuantumVolume_030
    ✓ [   2.0s]  noisy_vanilla
    ✓ [ 141.9s]  cut_divided_budget
    ✓ [  69.7s]  cut_qubit_prop
    ✓ [ 814.5s]  cut_incremental_budget
    ✓ [ 746.3s]  cut_incremental_qubit_prop

  5q / 3_Clifford+T_046
    ✓ [   2.2s]  noisy_vanilla
    ✓ [  77.6s]  cut_divided_budget
    ✓ [  68.5s]  cut_qubit_prop
    ✓ [ 720.3s]  cut_incremental_budget
    ✓ [ 734.2s]  cut_incremental_qubit_prop

  5q / 4_QuantumVolume_054
    ✓ [   2.5s]  noisy_vanilla
    ✓ [ 125.6s]  cut_divided_budget
    ✓ [  67.5s]  cut_qubit_prop
    ✓ [ 684.5s]  cut_incremental_budget
    ✓ [ 647.6s]  cut_incremental_qubit_prop

  5q / 5_Clifford+T_058
    ✓ [   1.9s]  noisy_vanilla
    ✓ [  74.4s]  cut_divided_budget
    ✓ [  67.9s]  cut_qubit_prop
    ✓ [ 682.1s]  cut_incremental_budget
    ✓ [ 677.9s]  cut_incremental_qubit_prop

  5q / 6_QuantumVolume_060
    ✓ [   2.0s]  noisy_vanilla
    ✓ [  76.2s]  cut_divided_budget
    ✓ [  17.1s]  cut_qubit_prop
    ✓ [ 179.0s]  cut_incremental_budget
    ✓ [ 182.5s]  cut_incremental_qubit_prop

  5q / 7_QuantumVolume_066
    ✓ [   1.8s]  noisy_vanilla
    ✓ [ 125.1s]  cut_divided_budget
    ✓ [  69.9s]  cut_qubit_prop
    ✓ [ 684.6s]  cut_incremental_budget
    ✓ [ 693.1s]  cut_incremental_qubit_prop

  5q / 8_Clifford+T_082
    ✓ [   2.2s]  noisy_vanilla
    ✓ [  75.8s]  cut_divided_budget
    ✓ [  67.1s]  cut_qubit_prop
    ✓ [ 699.9s]  cut_incremental_budget
    ✓ [ 688.7s]  cut_incremental_qubit_prop

  5q / 9_QuantumVolume_114
    ✓ [   2.2s]  noisy_vanilla
    ✓ [  73.0s]  cut_divided_budget
    ✓ [  16.8s]  cut_qubit_prop
    ✓ [ 175.4s]  cut_incremental_budget
    ✓ [ 172.4s]  cut_incremental_qubit_prop

========================================================================
