========================================================================
CUTTABLE CIRCUIT BENCHMARK RUN REPORT
Timestamp : 2026-04-24 10:17:29
========================================================================

DESIGN
------------------------------------------------------------------------
  Input        : valid_circuits.pkl produced by generate_and_cut.py
  Cut strategy : find_and_place_cuts + CutStrategy(min_free_wires=2)
  Ground truth : PennyLane default.qubit statevector (shots=None)
  Reconstruction: qcut_processing_fn (tensor contraction)
  Observable   : per-circuit Pauli string stored in CircuitSpec.observable
  Error        : |perf_exp_val - result|

CONFIGURATION
------------------------------------------------------------------------
  Shots (B)                 : 20000
  Noisy backend             : 'aer.fake_torino'
  Ideal backend             : 'aer.perfect'
  Simulator seed            : 42
  Output dir                : PosixPath('results/20k_dma/15_qubits')
  2q-gate alpha             : 0.8
  Incr. batch shots         : 50
  Incr. threshold           : 0.03
  Incr. offset              : 2
  Incr. stability k         : 3
  Incr. stopping criterion  : 'dma'
  Incr. distance metric     : 'tvd'
  Incr. window size         : 3
  Incr. EWMA alpha          : 0.5
  Selected modes            : noisy_vanilla, cut_divided_budget, cut_qubit_prop, cut_incremental_budget, cut_incremental_qubit_prop

SUMMARY
------------------------------------------------------------------------
Total: 50  ok: 50  failed: 0

RESULTS BY CIRCUIT
------------------------------------------------------------------------
  15q / 0_Clifford+T_016
    ✓ [  27.2s]  noisy_vanilla
    ✓ [  27.8s]  cut_divided_budget
    ✓ [  22.0s]  cut_qubit_prop
    ✓ [ 161.2s]  cut_incremental_budget
    ✓ [ 148.3s]  cut_incremental_qubit_prop

  15q / 1_Clifford+T_022
    ✓ [  31.9s]  noisy_vanilla
    ✓ [  28.4s]  cut_divided_budget
    ✓ [  22.7s]  cut_qubit_prop
    ✓ [ 140.3s]  cut_incremental_budget
    ✓ [ 141.9s]  cut_incremental_qubit_prop

  15q / 2_Clifford+T_040
    ✓ [  31.5s]  noisy_vanilla
    ✓ [  35.7s]  cut_divided_budget
    ✓ [  23.9s]  cut_qubit_prop
    ✓ [ 153.8s]  cut_incremental_budget
    ✓ [ 146.9s]  cut_incremental_qubit_prop

  15q / 3_Clifford+T_070
    ✓ [  32.1s]  noisy_vanilla
    ✓ [  92.1s]  cut_divided_budget
    ✓ [  79.4s]  cut_qubit_prop
    ✓ [ 579.0s]  cut_incremental_budget
    ✓ [ 597.7s]  cut_incremental_qubit_prop

  15q / 4_Clifford+T_100
    ✓ [  30.0s]  noisy_vanilla
    ✓ [  27.4s]  cut_divided_budget
    ✓ [  19.7s]  cut_qubit_prop
    ✓ [ 168.0s]  cut_incremental_budget
    ✓ [ 143.5s]  cut_incremental_qubit_prop

  15q / 5_Clifford+T_118
    ✓ [  30.6s]  noisy_vanilla
    ✓ [  30.2s]  cut_divided_budget
    ✓ [  21.6s]  cut_qubit_prop
    ✓ [ 142.8s]  cut_incremental_budget
    ✓ [ 140.9s]  cut_incremental_qubit_prop

  15q / 6_Clifford+T_142
    ✓ [  29.3s]  noisy_vanilla
    ✓ [  30.7s]  cut_divided_budget
    ✓ [  25.9s]  cut_qubit_prop
    ✓ [ 163.6s]  cut_incremental_budget
    ✓ [ 139.1s]  cut_incremental_qubit_prop

  15q / 7_Clifford+T_184
    ✓ [  29.9s]  noisy_vanilla
    ✓ [  90.1s]  cut_divided_budget
    ✓ [  83.7s]  cut_qubit_prop
    ✓ [ 599.4s]  cut_incremental_budget
    ✓ [ 567.1s]  cut_incremental_qubit_prop

  15q / 8_Clifford+T_190
    ✓ [  32.6s]  noisy_vanilla
    ✓ [  27.8s]  cut_divided_budget
    ✓ [  21.2s]  cut_qubit_prop
    ✓ [ 135.7s]  cut_incremental_budget
    ✓ [ 137.6s]  cut_incremental_qubit_prop

  15q / 9_Clifford+T_196
    ✓ [  28.2s]  noisy_vanilla
    ✓ [  30.9s]  cut_divided_budget
    ✓ [  24.5s]  cut_qubit_prop
    ✓ [ 138.8s]  cut_incremental_budget
    ✓ [ 150.4s]  cut_incremental_qubit_prop

========================================================================
