========================================================================
CUTTABLE CIRCUIT BENCHMARK RUN REPORT
Timestamp : 2026-05-27 12:01:25
========================================================================

DESIGN
------------------------------------------------------------------------
  Input        : valid_circuits.pkl produced by generate_and_cut.py
  Cut strategy : find_and_place_cuts + CutStrategy(min_free_wires=2)
  Ground truth : PennyLane default.qubit statevector (shots=None)
  Reconstruction: qcut_processing_fn (tensor contraction)
  Observable   : per-circuit Pauli string stored in CircuitSpec.observable
  Error        : |perf_exp_val - result|

CONFIGURATION
------------------------------------------------------------------------
  Shots (B)                 : 20000
  Noisy backend             : 'aer.fake_sherbrooke'
  Ideal backend             : 'aer.perfect'
  Simulator seed            : 42
  Output dir                : PosixPath('results/new/ewma_20k_sherbrooke_01/10_qubits')
  2q-gate alpha             : 0.8
  Incr. batch shots         : 50
  Incr. threshold           : 0.03
  Incr. offset              : 3
  Incr. stability k         : 3
  Incr. stopping criterion  : 'ewma'
  Incr. distance metric     : 'tvd'
  Incr. window size         : 3
  Incr. EWMA alpha          : 0.5
  Selected modes            : noisy_vanilla, cut_divided_budget, cut_qubit_prop, cut_incremental_budget, cut_incremental_qubit_prop

SUMMARY
------------------------------------------------------------------------
Total: 50  ok: 50  failed: 0

RESULTS BY CIRCUIT
------------------------------------------------------------------------
  10q / 0_Clifford+T_001
    ✓ [  14.6s]  noisy_vanilla
    ✓ [ 195.2s]  cut_divided_budget
    ✓ [  88.2s]  cut_qubit_prop
    ✓ [ 948.9s]  cut_incremental_budget
    ✓ [ 703.6s]  cut_incremental_qubit_prop

  10q / 1_Clifford+T_004
    ✓ [   2.0s]  noisy_vanilla
    ✓ [  43.0s]  cut_divided_budget
    ✓ [  23.2s]  cut_qubit_prop
    ✓ [ 368.3s]  cut_incremental_budget
    ✓ [ 404.6s]  cut_incremental_qubit_prop

  10q / 2_Clifford+T_008
    ✓ [   2.6s]  noisy_vanilla
    ✓ [  70.0s]  cut_divided_budget
    ✓ [  64.2s]  cut_qubit_prop
    ✓ [ 687.2s]  cut_incremental_budget
    ✓ [ 887.0s]  cut_incremental_qubit_prop

  10q / 3_Clifford+T_015
    ✓ [   2.1s]  noisy_vanilla
    ✓ [  27.8s]  cut_divided_budget
    ✓ [  16.7s]  cut_qubit_prop
    ✓ [ 327.2s]  cut_incremental_budget
    ✓ [ 397.7s]  cut_incremental_qubit_prop

  10q / 4_Clifford+T_024
    ✓ [   2.5s]  noisy_vanilla
    ✓ [ 115.4s]  cut_divided_budget
    ✓ [  90.4s]  cut_qubit_prop
    ✓ [ 954.0s]  cut_incremental_budget
    ✓ [ 971.7s]  cut_incremental_qubit_prop

  10q / 5_Clifford+T_026
    ✓ [   3.0s]  noisy_vanilla
    ✓ [  83.3s]  cut_divided_budget
    ✓ [ 118.2s]  cut_qubit_prop
    ✓ [ 896.6s]  cut_incremental_budget
    ✓ [ 816.9s]  cut_incremental_qubit_prop

  10q / 6_Clifford+T_032
    ✓ [   1.8s]  noisy_vanilla
    ✓ [  26.3s]  cut_divided_budget
    ✓ [  18.3s]  cut_qubit_prop
    ✓ [ 283.6s]  cut_incremental_budget
    ✓ [ 324.1s]  cut_incremental_qubit_prop

  10q / 7_Clifford+T_033
    ✓ [   2.4s]  noisy_vanilla
    ✓ [  29.4s]  cut_divided_budget
    ✓ [  19.8s]  cut_qubit_prop
    ✓ [ 221.1s]  cut_incremental_budget
    ✓ [ 222.3s]  cut_incremental_qubit_prop

  10q / 8_Clifford+T_039
    ✓ [   2.1s]  noisy_vanilla
    ✓ [  74.3s]  cut_divided_budget
    ✓ [  62.7s]  cut_qubit_prop
    ✓ [ 729.1s]  cut_incremental_budget
    ✓ [ 761.2s]  cut_incremental_qubit_prop

  10q / 9_Clifford+T_041
    ✓ [   2.0s]  noisy_vanilla
    ✓ [  25.1s]  cut_divided_budget
    ✓ [  12.8s]  cut_qubit_prop
    ✓ [ 201.0s]  cut_incremental_budget
    ✓ [ 179.1s]  cut_incremental_qubit_prop

========================================================================
