========================================================================
CUTTABLE CIRCUIT BENCHMARK RUN REPORT
Timestamp : 2026-06-17 01:00:45
========================================================================

DESIGN
------------------------------------------------------------------------
  Input        : valid_circuits.pkl produced by generate_and_cut.py
  Cut strategy : find_and_place_cuts + CutStrategy(min_free_wires=2)
  Ground truth : PennyLane default.qubit statevector (shots=None)
  Reconstruction: qcut_processing_fn (tensor contraction)
  Observable   : per-circuit Pauli string stored in CircuitSpec.observable
  Error        : |perf_exp_val - result|

CONFIGURATION
------------------------------------------------------------------------
  Shots (B)                 : 20000
  Noisy backend             : 'aer.fake_kyoto'
  Ideal backend             : 'aer.perfect'
  Simulator seed            : 42
  Output dir                : PosixPath('results/new/stable_shots_runs02_10-14q_no_vanilla/20000_shots/kyoto/14_qubits')
  2q-gate alpha             : 0.8
  Incr. batch shots         : 50
  Incr. threshold           : 0.005
  Incr. offset              : 3
  Incr. stability k         : 5
  Incr. stopping criterion  : 'delta'
  Incr. distance metric     : 'tvd'
  Incr. window size         : 3
  Incr. EWMA alpha          : 0.5
  Selected modes            : cut_divided_budget, cut_qubit_prop, cut_incremental_budget, cut_incremental_qubit_prop

SUMMARY
------------------------------------------------------------------------
Total: 40  ok: 40  failed: 0

RESULTS BY CIRCUIT
------------------------------------------------------------------------
  14q / 0_Clifford+T_001
    ✓ [ 118.6s]  cut_divided_budget
    ✓ [ 131.2s]  cut_qubit_prop
    ✓ [ 831.0s]  cut_incremental_budget
    ✓ [ 647.2s]  cut_incremental_qubit_prop

  14q / 1_Clifford+T_011
    ✓ [  59.9s]  cut_divided_budget
    ✓ [  53.8s]  cut_qubit_prop
    ✓ [ 649.8s]  cut_incremental_budget
    ✓ [ 653.6s]  cut_incremental_qubit_prop

  14q / 2_Clifford+T_012
    ✓ [  37.4s]  cut_divided_budget
    ✓ [  43.6s]  cut_qubit_prop
    ✓ [ 568.8s]  cut_incremental_budget
    ✓ [ 650.8s]  cut_incremental_qubit_prop

  14q / 3_Clifford+T_014
    ✓ [  57.0s]  cut_divided_budget
    ✓ [  77.3s]  cut_qubit_prop
    ✓ [ 534.0s]  cut_incremental_budget
    ✓ [ 690.0s]  cut_incremental_qubit_prop

  14q / 4_Clifford+T_015
    ✓ [  38.7s]  cut_divided_budget
    ✓ [  31.1s]  cut_qubit_prop
    ✓ [ 476.9s]  cut_incremental_budget
    ✓ [ 521.1s]  cut_incremental_qubit_prop

  14q / 5_Clifford+T_016
    ✓ [  18.6s]  cut_divided_budget
    ✓ [  12.2s]  cut_qubit_prop
    ✓ [ 603.9s]  cut_incremental_budget
    ✓ [ 616.4s]  cut_incremental_qubit_prop

  14q / 6_Clifford+T_018
    ✓ [  19.4s]  cut_divided_budget
    ✓ [  12.0s]  cut_qubit_prop
    ✓ [ 603.5s]  cut_incremental_budget
    ✓ [ 613.4s]  cut_incremental_qubit_prop

  14q / 7_Clifford+T_019
    ✓ [  40.7s]  cut_divided_budget
    ✓ [  43.0s]  cut_qubit_prop
    ✓ [ 494.3s]  cut_incremental_budget
    ✓ [ 658.2s]  cut_incremental_qubit_prop

  14q / 8_Clifford+T_022
    ✓ [  54.8s]  cut_divided_budget
    ✓ [  78.8s]  cut_qubit_prop
    ✓ [ 483.8s]  cut_incremental_budget
    ✓ [ 685.6s]  cut_incremental_qubit_prop

  14q / 9_Clifford+T_026
    ✓ [  18.3s]  cut_divided_budget
    ✓ [  12.2s]  cut_qubit_prop
    ✓ [ 616.9s]  cut_incremental_budget
    ✓ [ 618.4s]  cut_incremental_qubit_prop

========================================================================
