========================================================================
CUTTABLE CIRCUIT BENCHMARK RUN REPORT
Timestamp : 2026-06-16 14:54:00
========================================================================

DESIGN
------------------------------------------------------------------------
  Input        : valid_circuits.pkl produced by generate_and_cut.py
  Cut strategy : find_and_place_cuts + CutStrategy(min_free_wires=2)
  Ground truth : PennyLane default.qubit statevector (shots=None)
  Reconstruction: qcut_processing_fn (tensor contraction)
  Observable   : per-circuit Pauli string stored in CircuitSpec.observable
  Error        : |perf_exp_val - result|

CONFIGURATION
------------------------------------------------------------------------
  Shots (B)                 : 10000
  Noisy backend             : 'aer.fake_kawasaki'
  Ideal backend             : 'aer.perfect'
  Simulator seed            : 42
  Output dir                : PosixPath('results/new/stable_shots_runs02_15-16q_no_vanilla/10000_shots/kawasaki/16_qubits')
  2q-gate alpha             : 0.8
  Incr. batch shots         : 50
  Incr. threshold           : 0.005
  Incr. offset              : 3
  Incr. stability k         : 5
  Incr. stopping criterion  : 'delta'
  Incr. distance metric     : 'tvd'
  Incr. window size         : 3
  Incr. EWMA alpha          : 0.5
  Selected modes            : cut_divided_budget, cut_qubit_prop, cut_incremental_budget, cut_incremental_qubit_prop

SUMMARY
------------------------------------------------------------------------
Total: 40  ok: 40  failed: 0

RESULTS BY CIRCUIT
------------------------------------------------------------------------
  16q / 0_Clifford+T_002
    ✓ [  22.1s]  cut_divided_budget
    ✓ [  10.2s]  cut_qubit_prop
    ✓ [ 385.2s]  cut_incremental_budget
    ✓ [ 434.4s]  cut_incremental_qubit_prop

  16q / 1_Clifford+T_008
    ✓ [  29.3s]  cut_divided_budget
    ✓ [  18.4s]  cut_qubit_prop
    ✓ [ 318.3s]  cut_incremental_budget
    ✓ [ 315.4s]  cut_incremental_qubit_prop

  16q / 2_Clifford+T_015
    ✓ [  35.7s]  cut_divided_budget
    ✓ [  41.8s]  cut_qubit_prop
    ✓ [ 260.3s]  cut_incremental_budget
    ✓ [ 317.3s]  cut_incremental_qubit_prop

  16q / 3_Clifford+T_016
    ✓ [  26.9s]  cut_divided_budget
    ✓ [  17.3s]  cut_qubit_prop
    ✓ [ 430.7s]  cut_incremental_budget
    ✓ [ 404.8s]  cut_incremental_qubit_prop

  16q / 4_Clifford+T_018
    ✓ [  16.9s]  cut_divided_budget
    ✓ [  10.1s]  cut_qubit_prop
    ✓ [ 337.5s]  cut_incremental_budget
    ✓ [ 420.3s]  cut_incremental_qubit_prop

  16q / 5_Clifford+T_019
    ✓ [ 114.2s]  cut_divided_budget
    ✓ [ 182.2s]  cut_qubit_prop
    ✓ [ 453.9s]  cut_incremental_budget
    ✓ [ 563.2s]  cut_incremental_qubit_prop

  16q / 6_Clifford+T_021
    ✓ [  23.8s]  cut_divided_budget
    ✓ [  15.1s]  cut_qubit_prop
    ✓ [ 340.1s]  cut_incremental_budget
    ✓ [ 434.0s]  cut_incremental_qubit_prop

  16q / 7_Clifford+T_026
    ✓ [  39.8s]  cut_divided_budget
    ✓ [  41.7s]  cut_qubit_prop
    ✓ [ 347.6s]  cut_incremental_budget
    ✓ [ 272.6s]  cut_incremental_qubit_prop

  16q / 8_Clifford+T_032
    ✓ [  30.3s]  cut_divided_budget
    ✓ [  23.9s]  cut_qubit_prop
    ✓ [ 255.3s]  cut_incremental_budget
    ✓ [ 271.8s]  cut_incremental_qubit_prop

  16q / 9_Clifford+T_040
    ✓ [  39.0s]  cut_divided_budget
    ✓ [  40.8s]  cut_qubit_prop
    ✓ [ 261.1s]  cut_incremental_budget
    ✓ [ 295.0s]  cut_incremental_qubit_prop

========================================================================
