========================================================================
CUTTABLE CIRCUIT BENCHMARK RUN REPORT
Timestamp : 2026-06-18 08:40:52
========================================================================

DESIGN
------------------------------------------------------------------------
  Input        : valid_circuits.pkl produced by generate_and_cut.py
  Cut strategy : find_and_place_cuts + CutStrategy(min_free_wires=2)
  Ground truth : PennyLane default.qubit statevector (shots=None)
  Reconstruction: qcut_processing_fn (tensor contraction)
  Observable   : per-circuit Pauli string stored in CircuitSpec.observable
  Error        : |perf_exp_val - result|

CONFIGURATION
------------------------------------------------------------------------
  Shots (B)                 : 20000
  Noisy backend             : 'aer.fake_sherbrooke'
  Ideal backend             : 'aer.perfect'
  Simulator seed            : 42
  Output dir                : PosixPath('results/new/stable_shots_02/20000_shots/sherbrooke/10_qubits')
  2q-gate alpha             : 0.8
  Incr. batch shots         : 50
  Incr. threshold           : 0.03
  Incr. offset              : 3
  Incr. stability k         : 3
  Incr. stopping criterion  : 'delta'
  Incr. distance metric     : 'tvd'
  Incr. window size         : 3
  Incr. EWMA alpha          : 0.5
  Selected modes            : noisy_vanilla, cut_divided_budget, cut_qubit_prop, cut_incremental_budget, cut_incremental_qubit_prop

SUMMARY
------------------------------------------------------------------------
Total: 50  ok: 50  failed: 0

RESULTS BY CIRCUIT
------------------------------------------------------------------------
  10q / 0_Clifford+T_001
    ✓ [   3.5s]  noisy_vanilla
    ✓ [  76.5s]  cut_divided_budget
    ✓ [  69.5s]  cut_qubit_prop
    ✓ [ 845.2s]  cut_incremental_budget
    ✓ [ 893.3s]  cut_incremental_qubit_prop

  10q / 1_Clifford+T_004
    ✓ [   3.0s]  noisy_vanilla
    ✓ [  24.6s]  cut_divided_budget
    ✓ [  17.0s]  cut_qubit_prop
    ✓ [ 304.3s]  cut_incremental_budget
    ✓ [ 258.0s]  cut_incremental_qubit_prop

  10q / 2_Clifford+T_008
    ✓ [   1.9s]  noisy_vanilla
    ✓ [  48.0s]  cut_divided_budget
    ✓ [  41.7s]  cut_qubit_prop
    ✓ [ 653.0s]  cut_incremental_budget
    ✓ [ 765.1s]  cut_incremental_qubit_prop

  10q / 3_Clifford+T_015
    ✓ [   1.8s]  noisy_vanilla
    ✓ [  23.3s]  cut_divided_budget
    ✓ [  16.4s]  cut_qubit_prop
    ✓ [ 320.4s]  cut_incremental_budget
    ✓ [ 317.4s]  cut_incremental_qubit_prop

  10q / 4_Clifford+T_024
    ✓ [   1.9s]  noisy_vanilla
    ✓ [  54.5s]  cut_divided_budget
    ✓ [  63.2s]  cut_qubit_prop
    ✓ [ 776.9s]  cut_incremental_budget
    ✓ [ 876.3s]  cut_incremental_qubit_prop

  10q / 5_Clifford+T_026
    ✓ [   3.4s]  noisy_vanilla
    ✓ [  78.9s]  cut_divided_budget
    ✓ [  67.2s]  cut_qubit_prop
    ✓ [ 839.0s]  cut_incremental_budget
    ✓ [ 879.4s]  cut_incremental_qubit_prop

  10q / 6_Clifford+T_032
    ✓ [   3.3s]  noisy_vanilla
    ✓ [  25.1s]  cut_divided_budget
    ✓ [  17.9s]  cut_qubit_prop
    ✓ [ 250.2s]  cut_incremental_budget
    ✓ [ 250.4s]  cut_incremental_qubit_prop

  10q / 7_Clifford+T_033
    ✓ [   3.5s]  noisy_vanilla
    ✓ [  25.4s]  cut_divided_budget
    ✓ [  17.6s]  cut_qubit_prop
    ✓ [ 225.7s]  cut_incremental_budget
    ✓ [ 230.3s]  cut_incremental_qubit_prop

  10q / 8_Clifford+T_039
    ✓ [   3.2s]  noisy_vanilla
    ✓ [  79.7s]  cut_divided_budget
    ✓ [  67.5s]  cut_qubit_prop
    ✓ [ 803.3s]  cut_incremental_budget
    ✓ [ 858.5s]  cut_incremental_qubit_prop

  10q / 9_Clifford+T_041
    ✓ [   1.9s]  noisy_vanilla
    ✓ [  17.2s]  cut_divided_budget
    ✓ [  10.0s]  cut_qubit_prop
    ✓ [ 160.1s]  cut_incremental_budget
    ✓ [ 231.2s]  cut_incremental_qubit_prop

========================================================================
