========================================================================
CUTTABLE CIRCUIT BENCHMARK RUN REPORT
Timestamp : 2026-04-29 10:07:30
========================================================================

DESIGN
------------------------------------------------------------------------
  Input        : valid_circuits.pkl produced by generate_and_cut.py
  Cut strategy : find_and_place_cuts + CutStrategy(min_free_wires=2)
  Ground truth : PennyLane default.qubit statevector (shots=None)
  Reconstruction: qcut_processing_fn (tensor contraction)
  Observable   : per-circuit Pauli string stored in CircuitSpec.observable
  Error        : |perf_exp_val - result|

CONFIGURATION
------------------------------------------------------------------------
  Shots (B)                 : 20000
  Noisy backend             : 'aer.fake_torino'
  Ideal backend             : 'aer.perfect'
  Simulator seed            : 42
  Output dir                : PosixPath('results/20k_ewma_03/11_qubits')
  2q-gate alpha             : 0.8
  Incr. batch shots         : 50
  Incr. threshold           : 0.01
  Incr. offset              : 3
  Incr. stability k         : 5
  Incr. stopping criterion  : 'ewma'
  Incr. distance metric     : 'tvd'
  Incr. window size         : 3
  Incr. EWMA alpha          : 0.3
  Selected modes            : noisy_vanilla, cut_divided_budget, cut_qubit_prop, cut_incremental_budget, cut_incremental_qubit_prop

SUMMARY
------------------------------------------------------------------------
Total: 45  ok: 45  failed: 0

RESULTS BY CIRCUIT
------------------------------------------------------------------------
  11q / 0_Clifford+T_004
    ✓ [   4.5s]  noisy_vanilla
    ✓ [  31.9s]  cut_divided_budget
    ✓ [  26.0s]  cut_qubit_prop
    ✓ [ 211.6s]  cut_incremental_budget
    ✓ [ 212.7s]  cut_incremental_qubit_prop

  11q / 1_Clifford+T_046
    ✓ [   2.9s]  noisy_vanilla
    ✓ [  30.4s]  cut_divided_budget
    ✓ [  21.3s]  cut_qubit_prop
    ✓ [ 224.0s]  cut_incremental_budget
    ✓ [ 223.3s]  cut_incremental_qubit_prop

  11q / 2_Clifford+T_058
    ✓ [   3.0s]  noisy_vanilla
    ✓ [  84.9s]  cut_divided_budget
    ✓ [  75.7s]  cut_qubit_prop
    ✓ [ 865.3s]  cut_incremental_budget
    ✓ [ 826.9s]  cut_incremental_qubit_prop

  11q / 3_Clifford+T_070
    ✓ [   3.3s]  noisy_vanilla
    ✓ [  31.0s]  cut_divided_budget
    ✓ [  19.8s]  cut_qubit_prop
    ✓ [ 204.2s]  cut_incremental_budget
    ✓ [ 199.4s]  cut_incremental_qubit_prop

  11q / 4_Clifford+T_100
    ✓ [   3.5s]  noisy_vanilla
    ✓ [  84.6s]  cut_divided_budget
    ✓ [  75.7s]  cut_qubit_prop
    ✓ [ 861.4s]  cut_incremental_budget
    ✓ [ 888.4s]  cut_incremental_qubit_prop

  11q / 5_Clifford+T_112
    ✓ [   2.7s]  noisy_vanilla
    ✓ [  28.5s]  cut_divided_budget
    ✓ [  19.8s]  cut_qubit_prop
    ✓ [ 191.8s]  cut_incremental_budget
    ✓ [ 192.8s]  cut_incremental_qubit_prop

  11q / 6_Clifford+T_136
    ✓ [   3.1s]  noisy_vanilla
    ✓ [  26.7s]  cut_divided_budget
    ✓ [  20.5s]  cut_qubit_prop
    ✓ [ 194.0s]  cut_incremental_budget
    ✓ [ 213.8s]  cut_incremental_qubit_prop

  11q / 7_Clifford+T_142
    ✓ [   3.0s]  noisy_vanilla
    ✓ [  30.3s]  cut_divided_budget
    ✓ [  19.7s]  cut_qubit_prop
    ✓ [ 198.6s]  cut_incremental_budget
    ✓ [ 214.7s]  cut_incremental_qubit_prop

  11q / 8_Clifford+T_178
    ✓ [   2.4s]  noisy_vanilla
    ✓ [  94.8s]  cut_divided_budget
    ✓ [  80.3s]  cut_qubit_prop
    ✓ [ 796.3s]  cut_incremental_budget
    ✓ [ 778.2s]  cut_incremental_qubit_prop

========================================================================
