========================================================================
CUTTABLE CIRCUIT BENCHMARK RUN REPORT
Timestamp : 2026-06-16 10:36:19
========================================================================

DESIGN
------------------------------------------------------------------------
  Input        : valid_circuits.pkl produced by generate_and_cut.py
  Cut strategy : find_and_place_cuts + CutStrategy(min_free_wires=2)
  Ground truth : PennyLane default.qubit statevector (shots=None)
  Reconstruction: qcut_processing_fn (tensor contraction)
  Observable   : per-circuit Pauli string stored in CircuitSpec.observable
  Error        : |perf_exp_val - result|

CONFIGURATION
------------------------------------------------------------------------
  Shots (B)                 : 5000
  Noisy backend             : 'aer.fake_sherbrooke'
  Ideal backend             : 'aer.perfect'
  Simulator seed            : 42
  Output dir                : PosixPath('results/new/stable_shots_runs02_15-16q_no_vanilla/5000_shots/sherbrooke/15_qubits')
  2q-gate alpha             : 0.8
  Incr. batch shots         : 50
  Incr. threshold           : 0.005
  Incr. offset              : 3
  Incr. stability k         : 5
  Incr. stopping criterion  : 'delta'
  Incr. distance metric     : 'tvd'
  Incr. window size         : 3
  Incr. EWMA alpha          : 0.5
  Selected modes            : cut_divided_budget, cut_qubit_prop, cut_incremental_budget, cut_incremental_qubit_prop

SUMMARY
------------------------------------------------------------------------
Total: 40  ok: 40  failed: 0

RESULTS BY CIRCUIT
------------------------------------------------------------------------
  15q / 0_Clifford+T_003
    ✓ [  18.2s]  cut_divided_budget
    ✓ [  11.2s]  cut_qubit_prop
    ✓ [ 136.2s]  cut_incremental_budget
    ✓ [ 145.4s]  cut_incremental_qubit_prop

  15q / 1_Clifford+T_009
    ✓ [  22.7s]  cut_divided_budget
    ✓ [  16.5s]  cut_qubit_prop
    ✓ [ 220.7s]  cut_incremental_budget
    ✓ [ 218.7s]  cut_incremental_qubit_prop

  15q / 2_Clifford+T_011
    ✓ [  26.9s]  cut_divided_budget
    ✓ [  21.2s]  cut_qubit_prop
    ✓ [ 221.5s]  cut_incremental_budget
    ✓ [ 225.3s]  cut_incremental_qubit_prop

  15q / 3_Clifford+T_015
    ✓ [  74.3s]  cut_divided_budget
    ✓ [  69.2s]  cut_qubit_prop
    ✓ [ 275.7s]  cut_incremental_budget
    ✓ [ 270.2s]  cut_incremental_qubit_prop

  15q / 4_Clifford+T_016
    ✓ [  20.8s]  cut_divided_budget
    ✓ [  10.4s]  cut_qubit_prop
    ✓ [ 139.7s]  cut_incremental_budget
    ✓ [ 133.5s]  cut_incremental_qubit_prop

  15q / 5_Clifford+T_018
    ✓ [  20.7s]  cut_divided_budget
    ✓ [   9.9s]  cut_qubit_prop
    ✓ [ 134.6s]  cut_incremental_budget
    ✓ [ 135.4s]  cut_incremental_qubit_prop

  15q / 6_Clifford+T_022
    ✓ [  18.4s]  cut_divided_budget
    ✓ [  10.2s]  cut_qubit_prop
    ✓ [ 135.6s]  cut_incremental_budget
    ✓ [ 136.8s]  cut_incremental_qubit_prop

  15q / 7_Clifford+T_023
    ✓ [  20.9s]  cut_divided_budget
    ✓ [  13.8s]  cut_qubit_prop
    ✓ [ 136.2s]  cut_incremental_budget
    ✓ [ 139.0s]  cut_incremental_qubit_prop

  15q / 8_Clifford+T_024
    ✓ [  26.1s]  cut_divided_budget
    ✓ [  24.4s]  cut_qubit_prop
    ✓ [ 144.2s]  cut_incremental_budget
    ✓ [ 150.3s]  cut_incremental_qubit_prop

  15q / 9_Clifford+T_026
    ✓ [  26.1s]  cut_divided_budget
    ✓ [  26.2s]  cut_qubit_prop
    ✓ [ 138.5s]  cut_incremental_budget
    ✓ [ 145.7s]  cut_incremental_qubit_prop

========================================================================
