========================================================================
CUTTABLE CIRCUIT BENCHMARK RUN REPORT
Timestamp : 2026-06-18 01:48:21
========================================================================

DESIGN
------------------------------------------------------------------------
  Input        : valid_circuits.pkl produced by generate_and_cut.py
  Cut strategy : find_and_place_cuts + CutStrategy(min_free_wires=2)
  Ground truth : PennyLane default.qubit statevector (shots=None)
  Reconstruction: qcut_processing_fn (tensor contraction)
  Observable   : per-circuit Pauli string stored in CircuitSpec.observable
  Error        : |perf_exp_val - result|

CONFIGURATION
------------------------------------------------------------------------
  Shots (B)                 : 10000
  Noisy backend             : 'aer.fake_torino'
  Ideal backend             : 'aer.perfect'
  Simulator seed            : 42
  Output dir                : PosixPath('results/new/stable_shots3/10000_shots/torino/15_qubits')
  2q-gate alpha             : 0.8
  Incr. batch shots         : 50
  Incr. threshold           : 0.05
  Incr. offset              : 3
  Incr. stability k         : 5
  Incr. stopping criterion  : 'delta'
  Incr. distance metric     : 'tvd'
  Incr. window size         : 3
  Incr. EWMA alpha          : 0.5
  Selected modes            : noisy_vanilla, cut_divided_budget, cut_qubit_prop, cut_incremental_budget, cut_incremental_qubit_prop

SUMMARY
------------------------------------------------------------------------
Total: 50  ok: 50  failed: 0

RESULTS BY CIRCUIT
------------------------------------------------------------------------
  15q / 0_Clifford+T_003
    ✓ [ 333.5s]  noisy_vanilla
    ✓ [  34.6s]  cut_divided_budget
    ✓ [  36.2s]  cut_qubit_prop
    ✓ [ 481.5s]  cut_incremental_budget
    ✓ [ 318.0s]  cut_incremental_qubit_prop

  15q / 1_Clifford+T_009
    ✓ [ 165.5s]  noisy_vanilla
    ✓ [  25.5s]  cut_divided_budget
    ✓ [  19.5s]  cut_qubit_prop
    ✓ [ 351.1s]  cut_incremental_budget
    ✓ [ 350.5s]  cut_incremental_qubit_prop

  15q / 2_Clifford+T_011
    ✓ [ 217.9s]  noisy_vanilla
    ✓ [  50.2s]  cut_divided_budget
    ✓ [  43.2s]  cut_qubit_prop
    ✓ [ 482.5s]  cut_incremental_budget
    ✓ [ 396.7s]  cut_incremental_qubit_prop

  15q / 3_Clifford+T_015
    ✓ [ 330.3s]  noisy_vanilla
    ✓ [ 113.4s]  cut_divided_budget
    ✓ [  84.2s]  cut_qubit_prop
    ✓ [ 882.4s]  cut_incremental_budget
    ✓ [ 894.7s]  cut_incremental_qubit_prop

  15q / 4_Clifford+T_016
    ✓ [ 178.2s]  noisy_vanilla
    ✓ [  31.0s]  cut_divided_budget
    ✓ [  19.1s]  cut_qubit_prop
    ✓ [ 268.5s]  cut_incremental_budget
    ✓ [ 320.2s]  cut_incremental_qubit_prop

  15q / 5_Clifford+T_018
    ✓ [ 329.0s]  noisy_vanilla
    ✓ [  36.3s]  cut_divided_budget
    ✓ [  19.0s]  cut_qubit_prop
    ✓ [ 405.7s]  cut_incremental_budget
    ✓ [ 510.9s]  cut_incremental_qubit_prop

  15q / 6_Clifford+T_022
    ✓ [ 170.8s]  noisy_vanilla
    ✓ [  25.6s]  cut_divided_budget
    ✓ [  19.1s]  cut_qubit_prop
    ✓ [ 277.3s]  cut_incremental_budget
    ✓ [ 301.7s]  cut_incremental_qubit_prop

  15q / 7_Clifford+T_023
    ✓ [ 164.0s]  noisy_vanilla
    ✓ [  35.3s]  cut_divided_budget
    ✓ [  26.3s]  cut_qubit_prop
    ✓ [ 352.0s]  cut_incremental_budget
    ✓ [ 671.5s]  cut_incremental_qubit_prop

  15q / 8_Clifford+T_024
    ✓ [ 211.5s]  noisy_vanilla
    ✓ [  50.3s]  cut_divided_budget
    ✓ [  47.8s]  cut_qubit_prop
    ✓ [ 447.3s]  cut_incremental_budget
    ✓ [ 413.0s]  cut_incremental_qubit_prop

  15q / 9_Clifford+T_026
    ✓ [ 267.7s]  noisy_vanilla
    ✓ [  53.7s]  cut_divided_budget
    ✓ [  76.4s]  cut_qubit_prop
    ✓ [ 542.9s]  cut_incremental_budget
    ✓ [ 409.8s]  cut_incremental_qubit_prop

========================================================================
