========================================================================
CUTTABLE CIRCUIT BENCHMARK RUN REPORT
Timestamp : 2026-06-18 05:27:17
========================================================================

DESIGN
------------------------------------------------------------------------
  Input        : valid_circuits.pkl produced by generate_and_cut.py
  Cut strategy : find_and_place_cuts + CutStrategy(min_free_wires=2)
  Ground truth : PennyLane default.qubit statevector (shots=None)
  Reconstruction: qcut_processing_fn (tensor contraction)
  Observable   : per-circuit Pauli string stored in CircuitSpec.observable
  Error        : |perf_exp_val - result|

CONFIGURATION
------------------------------------------------------------------------
  Shots (B)                 : 10000
  Noisy backend             : 'aer.fake_kyoto'
  Ideal backend             : 'aer.perfect'
  Simulator seed            : 42
  Output dir                : PosixPath('results/new/stable_shots_02/10000_shots/kyoto/14_qubits')
  2q-gate alpha             : 0.8
  Incr. batch shots         : 50
  Incr. threshold           : 0.03
  Incr. offset              : 3
  Incr. stability k         : 3
  Incr. stopping criterion  : 'delta'
  Incr. distance metric     : 'tvd'
  Incr. window size         : 3
  Incr. EWMA alpha          : 0.5
  Selected modes            : noisy_vanilla, cut_divided_budget, cut_qubit_prop, cut_incremental_budget, cut_incremental_qubit_prop

SUMMARY
------------------------------------------------------------------------
Total: 50  ok: 50  failed: 0

RESULTS BY CIRCUIT
------------------------------------------------------------------------
  14q / 0_Clifford+T_001
    ✓ [  80.4s]  noisy_vanilla
    ✓ [  66.9s]  cut_divided_budget
    ✓ [  64.2s]  cut_qubit_prop
    ✓ [ 357.5s]  cut_incremental_budget
    ✓ [ 344.2s]  cut_incremental_qubit_prop

  14q / 1_Clifford+T_011
    ✓ [  78.4s]  noisy_vanilla
    ✓ [  59.8s]  cut_divided_budget
    ✓ [  52.2s]  cut_qubit_prop
    ✓ [ 514.7s]  cut_incremental_budget
    ✓ [ 400.9s]  cut_incremental_qubit_prop

  14q / 2_Clifford+T_012
    ✓ [  83.1s]  noisy_vanilla
    ✓ [  37.6s]  cut_divided_budget
    ✓ [  46.6s]  cut_qubit_prop
    ✓ [ 296.0s]  cut_incremental_budget
    ✓ [ 429.3s]  cut_incremental_qubit_prop

  14q / 3_Clifford+T_014
    ✓ [ 183.3s]  noisy_vanilla
    ✓ [  70.9s]  cut_divided_budget
    ✓ [  79.9s]  cut_qubit_prop
    ✓ [ 383.1s]  cut_incremental_budget
    ✓ [ 444.6s]  cut_incremental_qubit_prop

  14q / 4_Clifford+T_015
    ✓ [  91.7s]  noisy_vanilla
    ✓ [  43.0s]  cut_divided_budget
    ✓ [  31.5s]  cut_qubit_prop
    ✓ [ 100.3s]  cut_incremental_budget
    ✓ [ 158.1s]  cut_incremental_qubit_prop

  14q / 5_Clifford+T_016
    ✓ [ 198.6s]  noisy_vanilla
    ✓ [  28.0s]  cut_divided_budget
    ✓ [  20.8s]  cut_qubit_prop
    ✓ [ 340.7s]  cut_incremental_budget
    ✓ [ 251.9s]  cut_incremental_qubit_prop

  14q / 6_Clifford+T_018
    ✓ [  90.4s]  noisy_vanilla
    ✓ [  20.8s]  cut_divided_budget
    ✓ [  12.0s]  cut_qubit_prop
    ✓ [ 331.2s]  cut_incremental_budget
    ✓ [ 308.5s]  cut_incremental_qubit_prop

  14q / 7_Clifford+T_019
    ✓ [  90.1s]  noisy_vanilla
    ✓ [  30.9s]  cut_divided_budget
    ✓ [  30.5s]  cut_qubit_prop
    ✓ [ 230.5s]  cut_incremental_budget
    ✓ [ 511.2s]  cut_incremental_qubit_prop

  14q / 8_Clifford+T_022
    ✓ [ 105.0s]  noisy_vanilla
    ✓ [  38.0s]  cut_divided_budget
    ✓ [  56.9s]  cut_qubit_prop
    ✓ [ 372.1s]  cut_incremental_budget
    ✓ [ 433.1s]  cut_incremental_qubit_prop

  14q / 9_Clifford+T_026
    ✓ [ 151.6s]  noisy_vanilla
    ✓ [  30.7s]  cut_divided_budget
    ✓ [  20.5s]  cut_qubit_prop
    ✓ [ 334.7s]  cut_incremental_budget
    ✓ [ 333.7s]  cut_incremental_qubit_prop

========================================================================
