========================================================================
CUTTABLE CIRCUIT BENCHMARK RUN REPORT
Timestamp : 2026-06-18 09:10:14
========================================================================

DESIGN
------------------------------------------------------------------------
  Input        : valid_circuits.pkl produced by generate_and_cut.py
  Cut strategy : find_and_place_cuts + CutStrategy(min_free_wires=2)
  Ground truth : PennyLane default.qubit statevector (shots=None)
  Reconstruction: qcut_processing_fn (tensor contraction)
  Observable   : per-circuit Pauli string stored in CircuitSpec.observable
  Error        : |perf_exp_val - result|

CONFIGURATION
------------------------------------------------------------------------
  Shots (B)                 : 20000
  Noisy backend             : 'aer.fake_torino'
  Ideal backend             : 'aer.perfect'
  Simulator seed            : 42
  Output dir                : PosixPath('results/new/stable_shots3/20000_shots/torino/15_qubits')
  2q-gate alpha             : 0.8
  Incr. batch shots         : 50
  Incr. threshold           : 0.05
  Incr. offset              : 3
  Incr. stability k         : 5
  Incr. stopping criterion  : 'delta'
  Incr. distance metric     : 'tvd'
  Incr. window size         : 3
  Incr. EWMA alpha          : 0.5
  Selected modes            : noisy_vanilla, cut_divided_budget, cut_qubit_prop, cut_incremental_budget, cut_incremental_qubit_prop

SUMMARY
------------------------------------------------------------------------
Total: 50  ok: 50  failed: 0

RESULTS BY CIRCUIT
------------------------------------------------------------------------
  15q / 0_Clifford+T_003
    ✓ [ 559.3s]  noisy_vanilla
    ✓ [  47.5s]  cut_divided_budget
    ✓ [  27.7s]  cut_qubit_prop
    ✓ [ 425.2s]  cut_incremental_budget
    ✓ [ 319.1s]  cut_incremental_qubit_prop

  15q / 1_Clifford+T_009
    ✓ [ 397.4s]  noisy_vanilla
    ✓ [  25.5s]  cut_divided_budget
    ✓ [  19.5s]  cut_qubit_prop
    ✓ [ 351.7s]  cut_incremental_budget
    ✓ [ 390.7s]  cut_incremental_qubit_prop

  15q / 2_Clifford+T_011
    ✓ [ 637.7s]  noisy_vanilla
    ✓ [  54.4s]  cut_divided_budget
    ✓ [  44.3s]  cut_qubit_prop
    ✓ [ 390.3s]  cut_incremental_budget
    ✓ [ 504.7s]  cut_incremental_qubit_prop

  15q / 3_Clifford+T_015
    ✓ [ 398.4s]  noisy_vanilla
    ✓ [ 133.7s]  cut_divided_budget
    ✓ [ 124.6s]  cut_qubit_prop
    ✓ [1445.2s]  cut_incremental_budget
    ✓ [1026.7s]  cut_incremental_qubit_prop

  15q / 4_Clifford+T_016
    ✓ [ 349.7s]  noisy_vanilla
    ✓ [  26.3s]  cut_divided_budget
    ✓ [  19.0s]  cut_qubit_prop
    ✓ [ 251.2s]  cut_incremental_budget
    ✓ [ 277.9s]  cut_incremental_qubit_prop

  15q / 5_Clifford+T_018
    ✓ [ 493.0s]  noisy_vanilla
    ✓ [  33.9s]  cut_divided_budget
    ✓ [  33.4s]  cut_qubit_prop
    ✓ [ 443.5s]  cut_incremental_budget
    ✓ [ 422.6s]  cut_incremental_qubit_prop

  15q / 6_Clifford+T_022
    ✓ [ 603.4s]  noisy_vanilla
    ✓ [  41.6s]  cut_divided_budget
    ✓ [  34.2s]  cut_qubit_prop
    ✓ [ 422.4s]  cut_incremental_budget
    ✓ [ 440.1s]  cut_incremental_qubit_prop

  15q / 7_Clifford+T_023
    ✓ [ 465.4s]  noisy_vanilla
    ✓ [  53.8s]  cut_divided_budget
    ✓ [  48.1s]  cut_qubit_prop
    ✓ [ 753.1s]  cut_incremental_budget
    ✓ [ 477.4s]  cut_incremental_qubit_prop

  15q / 8_Clifford+T_024
    ✓ [ 338.9s]  noisy_vanilla
    ✓ [  62.1s]  cut_divided_budget
    ✓ [  76.6s]  cut_qubit_prop
    ✓ [ 367.7s]  cut_incremental_budget
    ✓ [ 425.9s]  cut_incremental_qubit_prop

  15q / 9_Clifford+T_026
    ✓ [ 437.2s]  noisy_vanilla
    ✓ [  72.7s]  cut_divided_budget
    ✓ [ 121.6s]  cut_qubit_prop
    ✓ [ 413.0s]  cut_incremental_budget
    ✓ [ 375.8s]  cut_incremental_qubit_prop

========================================================================
