========================================================================
CUTTABLE CIRCUIT BENCHMARK RUN REPORT
Timestamp : 2026-06-18 02:24:08
========================================================================

DESIGN
------------------------------------------------------------------------
  Input        : valid_circuits.pkl produced by generate_and_cut.py
  Cut strategy : find_and_place_cuts + CutStrategy(min_free_wires=2)
  Ground truth : PennyLane default.qubit statevector (shots=None)
  Reconstruction: qcut_processing_fn (tensor contraction)
  Observable   : per-circuit Pauli string stored in CircuitSpec.observable
  Error        : |perf_exp_val - result|

CONFIGURATION
------------------------------------------------------------------------
  Shots (B)                 : 10000
  Noisy backend             : 'aer.fake_sherbrooke'
  Ideal backend             : 'aer.perfect'
  Simulator seed            : 42
  Output dir                : PosixPath('results/new/stable_shots_02/10000_shots/sherbrooke/14_qubits')
  2q-gate alpha             : 0.8
  Incr. batch shots         : 50
  Incr. threshold           : 0.03
  Incr. offset              : 3
  Incr. stability k         : 3
  Incr. stopping criterion  : 'delta'
  Incr. distance metric     : 'tvd'
  Incr. window size         : 3
  Incr. EWMA alpha          : 0.5
  Selected modes            : noisy_vanilla, cut_divided_budget, cut_qubit_prop, cut_incremental_budget, cut_incremental_qubit_prop

SUMMARY
------------------------------------------------------------------------
Total: 50  ok: 50  failed: 0

RESULTS BY CIRCUIT
------------------------------------------------------------------------
  14q / 0_Clifford+T_001
    ✓ [ 108.3s]  noisy_vanilla
    ✓ [  92.6s]  cut_divided_budget
    ✓ [  60.4s]  cut_qubit_prop
    ✓ [ 415.6s]  cut_incremental_budget
    ✓ [ 302.2s]  cut_incremental_qubit_prop

  14q / 1_Clifford+T_011
    ✓ [  85.1s]  noisy_vanilla
    ✓ [  54.8s]  cut_divided_budget
    ✓ [  44.5s]  cut_qubit_prop
    ✓ [ 314.9s]  cut_incremental_budget
    ✓ [ 291.6s]  cut_incremental_qubit_prop

  14q / 2_Clifford+T_012
    ✓ [  80.1s]  noisy_vanilla
    ✓ [  31.7s]  cut_divided_budget
    ✓ [  26.2s]  cut_qubit_prop
    ✓ [ 200.6s]  cut_incremental_budget
    ✓ [ 361.6s]  cut_incremental_qubit_prop

  14q / 3_Clifford+T_014
    ✓ [ 147.9s]  noisy_vanilla
    ✓ [  56.5s]  cut_divided_budget
    ✓ [  73.2s]  cut_qubit_prop
    ✓ [ 291.3s]  cut_incremental_budget
    ✓ [ 414.7s]  cut_incremental_qubit_prop

  14q / 4_Clifford+T_015
    ✓ [  84.9s]  noisy_vanilla
    ✓ [  43.0s]  cut_divided_budget
    ✓ [  31.6s]  cut_qubit_prop
    ✓ [  63.4s]  cut_incremental_budget
    ✓ [  65.8s]  cut_incremental_qubit_prop

  14q / 5_Clifford+T_016
    ✓ [  85.0s]  noisy_vanilla
    ✓ [  17.2s]  cut_divided_budget
    ✓ [  10.2s]  cut_qubit_prop
    ✓ [ 217.8s]  cut_incremental_budget
    ✓ [ 236.1s]  cut_incremental_qubit_prop

  14q / 6_Clifford+T_018
    ✓ [ 147.4s]  noisy_vanilla
    ✓ [  28.3s]  cut_divided_budget
    ✓ [  16.6s]  cut_qubit_prop
    ✓ [ 313.2s]  cut_incremental_budget
    ✓ [ 355.0s]  cut_incremental_qubit_prop

  14q / 7_Clifford+T_019
    ✓ [ 107.7s]  noisy_vanilla
    ✓ [  39.0s]  cut_divided_budget
    ✓ [  46.6s]  cut_qubit_prop
    ✓ [ 290.5s]  cut_incremental_budget
    ✓ [ 401.7s]  cut_incremental_qubit_prop

  14q / 8_Clifford+T_022
    ✓ [ 141.9s]  noisy_vanilla
    ✓ [  39.3s]  cut_divided_budget
    ✓ [  43.9s]  cut_qubit_prop
    ✓ [ 322.6s]  cut_incremental_budget
    ✓ [ 338.4s]  cut_incremental_qubit_prop

  14q / 9_Clifford+T_026
    ✓ [ 184.9s]  noisy_vanilla
    ✓ [  23.5s]  cut_divided_budget
    ✓ [  16.3s]  cut_qubit_prop
    ✓ [ 245.5s]  cut_incremental_budget
    ✓ [ 235.3s]  cut_incremental_qubit_prop

========================================================================
