========================================================================
CUTTABLE CIRCUIT BENCHMARK RUN REPORT
Timestamp : 2026-05-27 16:59:31
========================================================================

DESIGN
------------------------------------------------------------------------
  Input        : valid_circuits.pkl produced by generate_and_cut.py
  Cut strategy : find_and_place_cuts + CutStrategy(min_free_wires=2)
  Ground truth : PennyLane default.qubit statevector (shots=None)
  Reconstruction: qcut_processing_fn (tensor contraction)
  Observable   : per-circuit Pauli string stored in CircuitSpec.observable
  Error        : |perf_exp_val - result|

CONFIGURATION
------------------------------------------------------------------------
  Shots (B)                 : 20000
  Noisy backend             : 'aer.fake_kyoto'
  Ideal backend             : 'aer.perfect'
  Simulator seed            : 42
  Output dir                : PosixPath('results/new/ewma_20k_kyoto_01/11_qubits')
  2q-gate alpha             : 0.8
  Incr. batch shots         : 50
  Incr. threshold           : 0.03
  Incr. offset              : 3
  Incr. stability k         : 3
  Incr. stopping criterion  : 'ewma'
  Incr. distance metric     : 'tvd'
  Incr. window size         : 3
  Incr. EWMA alpha          : 0.5
  Selected modes            : noisy_vanilla, cut_divided_budget, cut_qubit_prop, cut_incremental_budget, cut_incremental_qubit_prop

SUMMARY
------------------------------------------------------------------------
Total: 50  ok: 50  failed: 0

RESULTS BY CIRCUIT
------------------------------------------------------------------------
  11q / 0_Clifford+T_001
    ✓ [  11.6s]  noisy_vanilla
    ✓ [ 140.6s]  cut_divided_budget
    ✓ [  59.8s]  cut_qubit_prop
    ✓ [ 856.1s]  cut_incremental_budget
    ✓ [ 820.8s]  cut_incremental_qubit_prop

  11q / 1_Clifford+T_002
    ✓ [   2.0s]  noisy_vanilla
    ✓ [  68.0s]  cut_divided_budget
    ✓ [  64.5s]  cut_qubit_prop
    ✓ [ 793.1s]  cut_incremental_budget
    ✓ [ 785.8s]  cut_incremental_qubit_prop

  11q / 2_Clifford+T_011
    ✓ [   2.2s]  noisy_vanilla
    ✓ [  22.0s]  cut_divided_budget
    ✓ [  14.6s]  cut_qubit_prop
    ✓ [ 428.7s]  cut_incremental_budget
    ✓ [ 385.3s]  cut_incremental_qubit_prop

  11q / 3_Clifford+T_015
    ✓ [   2.1s]  noisy_vanilla
    ✓ [  21.9s]  cut_divided_budget
    ✓ [  13.2s]  cut_qubit_prop
    ✓ [ 308.3s]  cut_incremental_budget
    ✓ [ 362.1s]  cut_incremental_qubit_prop

  11q / 4_Clifford+T_017
    ✓ [   2.9s]  noisy_vanilla
    ✓ [  22.6s]  cut_divided_budget
    ✓ [  13.4s]  cut_qubit_prop
    ✓ [ 220.4s]  cut_incremental_budget
    ✓ [ 218.2s]  cut_incremental_qubit_prop

  11q / 5_Clifford+T_025
    ✓ [   2.6s]  noisy_vanilla
    ✓ [  27.5s]  cut_divided_budget
    ✓ [  18.3s]  cut_qubit_prop
    ✓ [ 347.1s]  cut_incremental_budget
    ✓ [ 271.3s]  cut_incremental_qubit_prop

  11q / 6_Clifford+T_026
    ✓ [   2.3s]  noisy_vanilla
    ✓ [  23.2s]  cut_divided_budget
    ✓ [  15.8s]  cut_qubit_prop
    ✓ [ 522.7s]  cut_incremental_budget
    ✓ [ 585.2s]  cut_incremental_qubit_prop

  11q / 7_Clifford+T_029
    ✓ [   2.6s]  noisy_vanilla
    ✓ [  24.7s]  cut_divided_budget
    ✓ [  13.2s]  cut_qubit_prop
    ✓ [ 280.7s]  cut_incremental_budget
    ✓ [ 276.6s]  cut_incremental_qubit_prop

  11q / 8_Clifford+T_030
    ✓ [   2.2s]  noisy_vanilla
    ✓ [  20.1s]  cut_divided_budget
    ✓ [  12.3s]  cut_qubit_prop
    ✓ [ 185.5s]  cut_incremental_budget
    ✓ [ 221.3s]  cut_incremental_qubit_prop

  11q / 9_Clifford+T_033
    ✓ [   2.1s]  noisy_vanilla
    ✓ [  21.3s]  cut_divided_budget
    ✓ [  12.7s]  cut_qubit_prop
    ✓ [ 203.9s]  cut_incremental_budget
    ✓ [ 185.5s]  cut_incremental_qubit_prop

========================================================================
