========================================================================
CUTTABLE CIRCUIT BENCHMARK RUN REPORT
Timestamp : 2026-05-26 10:04:32
========================================================================

DESIGN
------------------------------------------------------------------------
  Input        : valid_circuits.pkl produced by generate_and_cut.py
  Cut strategy : find_and_place_cuts + CutStrategy(min_free_wires=2)
  Ground truth : PennyLane default.qubit statevector (shots=None)
  Reconstruction: qcut_processing_fn (tensor contraction)
  Observable   : per-circuit Pauli string stored in CircuitSpec.observable
  Error        : |perf_exp_val - result|

CONFIGURATION
------------------------------------------------------------------------
  Shots (B)                 : 20000
  Noisy backend             : 'aer.fake_sherbrooke'
  Ideal backend             : 'aer.perfect'
  Simulator seed            : 42
  Output dir                : PosixPath('results/new/ewma_20k_sherbrooke_paper/07_qubits')
  2q-gate alpha             : 0.8
  Incr. batch shots         : 100
  Incr. threshold           : 0.01
  Incr. offset              : 2
  Incr. stability k         : 3
  Incr. stopping criterion  : 'delta'
  Incr. distance metric     : 'tvd'
  Incr. window size         : 2
  Incr. EWMA alpha          : 0.5
  Selected modes            : noisy_vanilla, cut_divided_budget, cut_qubit_prop, cut_incremental_budget, cut_incremental_qubit_prop

SUMMARY
------------------------------------------------------------------------
Total: 50  ok: 50  failed: 0

RESULTS BY CIRCUIT
------------------------------------------------------------------------
  7q / 0_Clifford+T_004
    ✓ [   3.5s]  noisy_vanilla
    ✓ [  99.8s]  cut_divided_budget
    ✓ [  85.9s]  cut_qubit_prop
    ✓ [ 619.1s]  cut_incremental_budget
    ✓ [ 599.2s]  cut_incremental_qubit_prop

  7q / 1_Clifford+T_022
    ✓ [   2.2s]  noisy_vanilla
    ✓ [ 102.1s]  cut_divided_budget
    ✓ [  82.5s]  cut_qubit_prop
    ✓ [ 622.0s]  cut_incremental_budget
    ✓ [ 596.3s]  cut_incremental_qubit_prop

  7q / 2_Clifford+T_025
    ✓ [   3.3s]  noisy_vanilla
    ✓ [ 117.6s]  cut_divided_budget
    ✓ [  92.7s]  cut_qubit_prop
    ✓ [ 657.1s]  cut_incremental_budget
    ✓ [ 615.3s]  cut_incremental_qubit_prop

  7q / 3_Clifford+T_033
    ✓ [   2.2s]  noisy_vanilla
    ✓ [  70.7s]  cut_divided_budget
    ✓ [  57.8s]  cut_qubit_prop
    ✓ [ 423.8s]  cut_incremental_budget
    ✓ [ 437.8s]  cut_incremental_qubit_prop

  7q / 4_Clifford+T_035
    ✓ [   1.6s]  noisy_vanilla
    ✓ [  26.3s]  cut_divided_budget
    ✓ [  17.6s]  cut_qubit_prop
    ✓ [ 198.5s]  cut_incremental_budget
    ✓ [ 171.6s]  cut_incremental_qubit_prop

  7q / 5_Clifford+T_048
    ✓ [   2.0s]  noisy_vanilla
    ✓ [  67.7s]  cut_divided_budget
    ✓ [  60.1s]  cut_qubit_prop
    ✓ [ 551.6s]  cut_incremental_budget
    ✓ [ 658.4s]  cut_incremental_qubit_prop

  7q / 6_Clifford+T_053
    ✓ [   2.7s]  noisy_vanilla
    ✓ [ 108.2s]  cut_divided_budget
    ✓ [  91.2s]  cut_qubit_prop
    ✓ [ 655.0s]  cut_incremental_budget
    ✓ [ 634.6s]  cut_incremental_qubit_prop

  7q / 7_Clifford+T_055
    ✓ [   2.8s]  noisy_vanilla
    ✓ [ 100.6s]  cut_divided_budget
    ✓ [  89.3s]  cut_qubit_prop
    ✓ [ 609.2s]  cut_incremental_budget
    ✓ [ 374.9s]  cut_incremental_qubit_prop

  7q / 8_Clifford+T_059
    ✓ [   1.7s]  noisy_vanilla
    ✓ [  67.2s]  cut_divided_budget
    ✓ [  47.5s]  cut_qubit_prop
    ✓ [ 368.3s]  cut_incremental_budget
    ✓ [ 325.0s]  cut_incremental_qubit_prop

  7q / 9_Clifford+T_060
    ✓ [   1.7s]  noisy_vanilla
    ✓ [  59.5s]  cut_divided_budget
    ✓ [  57.0s]  cut_qubit_prop
    ✓ [ 386.1s]  cut_incremental_budget
    ✓ [ 355.8s]  cut_incremental_qubit_prop

========================================================================
