========================================================================
CUTTABLE CIRCUIT BENCHMARK RUN REPORT
Timestamp : 2026-06-18 11:52:50
========================================================================

DESIGN
------------------------------------------------------------------------
  Input        : valid_circuits.pkl produced by generate_and_cut.py
  Cut strategy : find_and_place_cuts + CutStrategy(min_free_wires=2)
  Ground truth : PennyLane default.qubit statevector (shots=None)
  Reconstruction: qcut_processing_fn (tensor contraction)
  Observable   : per-circuit Pauli string stored in CircuitSpec.observable
  Error        : |perf_exp_val - result|

CONFIGURATION
------------------------------------------------------------------------
  Shots (B)                 : 20000
  Noisy backend             : 'aer.fake_kawasaki'
  Ideal backend             : 'aer.perfect'
  Simulator seed            : 42
  Output dir                : PosixPath('results/new/stable_shots_02/20000_shots/kawasaki/13_qubits')
  2q-gate alpha             : 0.8
  Incr. batch shots         : 50
  Incr. threshold           : 0.03
  Incr. offset              : 3
  Incr. stability k         : 3
  Incr. stopping criterion  : 'delta'
  Incr. distance metric     : 'tvd'
  Incr. window size         : 3
  Incr. EWMA alpha          : 0.5
  Selected modes            : noisy_vanilla, cut_divided_budget, cut_qubit_prop, cut_incremental_budget, cut_incremental_qubit_prop

SUMMARY
------------------------------------------------------------------------
Total: 50  ok: 50  failed: 0

RESULTS BY CIRCUIT
------------------------------------------------------------------------
  13q / 0_Clifford+T_002
    ✓ [  30.1s]  noisy_vanilla
    ✓ [  38.8s]  cut_divided_budget
    ✓ [  33.6s]  cut_qubit_prop
    ✓ [ 129.8s]  cut_incremental_budget
    ✓ [ 140.3s]  cut_incremental_qubit_prop

  13q / 1_Clifford+T_004
    ✓ [  29.5s]  noisy_vanilla
    ✓ [  17.7s]  cut_divided_budget
    ✓ [  10.2s]  cut_qubit_prop
    ✓ [ 205.9s]  cut_incremental_budget
    ✓ [ 312.6s]  cut_incremental_qubit_prop

  13q / 2_Clifford+T_007
    ✓ [  85.2s]  noisy_vanilla
    ✓ [  24.2s]  cut_divided_budget
    ✓ [  16.7s]  cut_qubit_prop
    ✓ [ 260.7s]  cut_incremental_budget
    ✓ [ 249.1s]  cut_incremental_qubit_prop

  13q / 3_Clifford+T_010
    ✓ [  52.5s]  noisy_vanilla
    ✓ [  26.9s]  cut_divided_budget
    ✓ [  17.7s]  cut_qubit_prop
    ✓ [ 281.8s]  cut_incremental_budget
    ✓ [ 244.9s]  cut_incremental_qubit_prop

  13q / 4_Clifford+T_012
    ✓ [  25.5s]  noisy_vanilla
    ✓ [  28.4s]  cut_divided_budget
    ✓ [  14.6s]  cut_qubit_prop
    ✓ [ 190.3s]  cut_incremental_budget
    ✓ [ 177.1s]  cut_incremental_qubit_prop

  13q / 5_Clifford+T_014
    ✓ [  37.4s]  noisy_vanilla
    ✓ [  51.2s]  cut_divided_budget
    ✓ [  53.8s]  cut_qubit_prop
    ✓ [ 736.0s]  cut_incremental_budget
    ✓ [ 529.1s]  cut_incremental_qubit_prop

  13q / 6_Clifford+T_015
    ✓ [  31.2s]  noisy_vanilla
    ✓ [  21.8s]  cut_divided_budget
    ✓ [  10.6s]  cut_qubit_prop
    ✓ [ 186.4s]  cut_incremental_budget
    ✓ [ 289.1s]  cut_incremental_qubit_prop

  13q / 7_Clifford+T_016
    ✓ [  66.1s]  noisy_vanilla
    ✓ [  24.2s]  cut_divided_budget
    ✓ [  16.4s]  cut_qubit_prop
    ✓ [ 207.3s]  cut_incremental_budget
    ✓ [ 223.7s]  cut_incremental_qubit_prop

  13q / 8_Clifford+T_017
    ✓ [  66.5s]  noisy_vanilla
    ✓ [  22.6s]  cut_divided_budget
    ✓ [  10.3s]  cut_qubit_prop
    ✓ [ 221.8s]  cut_incremental_budget
    ✓ [ 251.1s]  cut_incremental_qubit_prop

  13q / 9_Clifford+T_020
    ✓ [  81.2s]  noisy_vanilla
    ✓ [  44.9s]  cut_divided_budget
    ✓ [  45.7s]  cut_qubit_prop
    ✓ [ 162.0s]  cut_incremental_budget
    ✓ [ 227.8s]  cut_incremental_qubit_prop

========================================================================
