========================================================================
CUTTABLE CIRCUIT BENCHMARK RUN REPORT
Timestamp : 2026-06-12 15:00:46
========================================================================

DESIGN
------------------------------------------------------------------------
  Input        : valid_circuits.pkl produced by generate_and_cut.py
  Cut strategy : find_and_place_cuts + CutStrategy(min_free_wires=2)
  Ground truth : PennyLane default.qubit statevector (shots=None)
  Reconstruction: qcut_processing_fn (tensor contraction)
  Observable   : per-circuit Pauli string stored in CircuitSpec.observable
  Error        : |perf_exp_val - result|

CONFIGURATION
------------------------------------------------------------------------
  Shots (B)                 : 5000
  Noisy backend             : 'aer.fake_kawasaki'
  Ideal backend             : 'aer.perfect'
  Simulator seed            : 42
  Output dir                : PosixPath('results/new/stable_shots_runs_10-14q_no_vanilla/5000_shots/kawasaki/14_qubits')
  2q-gate alpha             : 0.8
  Incr. batch shots         : 50
  Incr. threshold           : 0.0005
  Incr. offset              : 2
  Incr. stability k         : 5
  Incr. stopping criterion  : 'delta'
  Incr. distance metric     : 'tvd'
  Incr. window size         : 3
  Incr. EWMA alpha          : 0.5
  Selected modes            : cut_divided_budget, cut_qubit_prop, cut_incremental_budget, cut_incremental_qubit_prop

SUMMARY
------------------------------------------------------------------------
Total: 40  ok: 40  failed: 0

RESULTS BY CIRCUIT
------------------------------------------------------------------------
  14q / 0_Clifford+T_001
    ✓ [  45.2s]  cut_divided_budget
    ✓ [  40.4s]  cut_qubit_prop
    ✓ [ 142.3s]  cut_incremental_budget
    ✓ [ 128.5s]  cut_incremental_qubit_prop

  14q / 1_Clifford+T_011
    ✓ [  42.5s]  cut_divided_budget
    ✓ [  35.9s]  cut_qubit_prop
    ✓ [ 143.7s]  cut_incremental_budget
    ✓ [ 126.6s]  cut_incremental_qubit_prop

  14q / 2_Clifford+T_012
    ✓ [  19.4s]  cut_divided_budget
    ✓ [  15.5s]  cut_qubit_prop
    ✓ [ 117.0s]  cut_incremental_budget
    ✓ [ 122.2s]  cut_incremental_qubit_prop

  14q / 3_Clifford+T_014
    ✓ [  23.4s]  cut_divided_budget
    ✓ [  22.6s]  cut_qubit_prop
    ✓ [ 121.7s]  cut_incremental_budget
    ✓ [ 129.0s]  cut_incremental_qubit_prop

  14q / 4_Clifford+T_015
    ✓ [  24.6s]  cut_divided_budget
    ✓ [  18.0s]  cut_qubit_prop
    ✓ [ 129.8s]  cut_incremental_budget
    ✓ [ 129.1s]  cut_incremental_qubit_prop

  14q / 5_Clifford+T_016
    ✓ [  15.3s]  cut_divided_budget
    ✓ [   8.9s]  cut_qubit_prop
    ✓ [ 114.5s]  cut_incremental_budget
    ✓ [ 114.8s]  cut_incremental_qubit_prop

  14q / 6_Clifford+T_018
    ✓ [  15.5s]  cut_divided_budget
    ✓ [   8.7s]  cut_qubit_prop
    ✓ [ 114.4s]  cut_incremental_budget
    ✓ [ 114.6s]  cut_incremental_qubit_prop

  14q / 7_Clifford+T_019
    ✓ [  20.7s]  cut_divided_budget
    ✓ [  16.7s]  cut_qubit_prop
    ✓ [ 118.5s]  cut_incremental_budget
    ✓ [ 123.8s]  cut_incremental_qubit_prop

  14q / 8_Clifford+T_022
    ✓ [  19.2s]  cut_divided_budget
    ✓ [  15.6s]  cut_qubit_prop
    ✓ [ 118.1s]  cut_incremental_budget
    ✓ [ 122.9s]  cut_incremental_qubit_prop

  14q / 9_Clifford+T_026
    ✓ [  14.8s]  cut_divided_budget
    ✓ [   8.9s]  cut_qubit_prop
    ✓ [ 117.3s]  cut_incremental_budget
    ✓ [ 113.0s]  cut_incremental_qubit_prop

========================================================================
