========================================================================
CUTTABLE CIRCUIT BENCHMARK RUN REPORT
Timestamp : 2026-06-18 03:19:42
========================================================================

DESIGN
------------------------------------------------------------------------
  Input        : valid_circuits.pkl produced by generate_and_cut.py
  Cut strategy : find_and_place_cuts + CutStrategy(min_free_wires=2)
  Ground truth : PennyLane default.qubit statevector (shots=None)
  Reconstruction: qcut_processing_fn (tensor contraction)
  Observable   : per-circuit Pauli string stored in CircuitSpec.observable
  Error        : |perf_exp_val - result|

CONFIGURATION
------------------------------------------------------------------------
  Shots (B)                 : 10000
  Noisy backend             : 'aer.fake_kawasaki'
  Ideal backend             : 'aer.perfect'
  Simulator seed            : 42
  Output dir                : PosixPath('results/new/stable_shots_02/10000_shots/kawasaki/13_qubits')
  2q-gate alpha             : 0.8
  Incr. batch shots         : 50
  Incr. threshold           : 0.03
  Incr. offset              : 3
  Incr. stability k         : 3
  Incr. stopping criterion  : 'delta'
  Incr. distance metric     : 'tvd'
  Incr. window size         : 3
  Incr. EWMA alpha          : 0.5
  Selected modes            : noisy_vanilla, cut_divided_budget, cut_qubit_prop, cut_incremental_budget, cut_incremental_qubit_prop

SUMMARY
------------------------------------------------------------------------
Total: 50  ok: 50  failed: 0

RESULTS BY CIRCUIT
------------------------------------------------------------------------
  13q / 0_Clifford+T_002
    ✓ [  50.0s]  noisy_vanilla
    ✓ [  26.1s]  cut_divided_budget
    ✓ [  25.0s]  cut_qubit_prop
    ✓ [ 130.9s]  cut_incremental_budget
    ✓ [ 132.0s]  cut_incremental_qubit_prop

  13q / 1_Clifford+T_004
    ✓ [  37.1s]  noisy_vanilla
    ✓ [  22.5s]  cut_divided_budget
    ✓ [  10.3s]  cut_qubit_prop
    ✓ [ 237.3s]  cut_incremental_budget
    ✓ [ 319.1s]  cut_incremental_qubit_prop

  13q / 2_Clifford+T_007
    ✓ [  40.1s]  noisy_vanilla
    ✓ [  21.8s]  cut_divided_budget
    ✓ [  10.1s]  cut_qubit_prop
    ✓ [ 174.6s]  cut_incremental_budget
    ✓ [ 182.6s]  cut_incremental_qubit_prop

  13q / 3_Clifford+T_010
    ✓ [  74.3s]  noisy_vanilla
    ✓ [  31.5s]  cut_divided_budget
    ✓ [  29.0s]  cut_qubit_prop
    ✓ [ 294.1s]  cut_incremental_budget
    ✓ [ 356.0s]  cut_incremental_qubit_prop

  13q / 4_Clifford+T_012
    ✓ [  49.9s]  noisy_vanilla
    ✓ [  34.9s]  cut_divided_budget
    ✓ [  28.3s]  cut_qubit_prop
    ✓ [ 265.9s]  cut_incremental_budget
    ✓ [ 269.4s]  cut_incremental_qubit_prop

  13q / 5_Clifford+T_014
    ✓ [  76.5s]  noisy_vanilla
    ✓ [  81.4s]  cut_divided_budget
    ✓ [  69.4s]  cut_qubit_prop
    ✓ [ 320.0s]  cut_incremental_budget
    ✓ [ 278.2s]  cut_incremental_qubit_prop

  13q / 6_Clifford+T_015
    ✓ [  31.1s]  noisy_vanilla
    ✓ [  21.8s]  cut_divided_budget
    ✓ [  10.4s]  cut_qubit_prop
    ✓ [ 188.0s]  cut_incremental_budget
    ✓ [ 196.4s]  cut_incremental_qubit_prop

  13q / 7_Clifford+T_016
    ✓ [  31.4s]  noisy_vanilla
    ✓ [  17.4s]  cut_divided_budget
    ✓ [  10.1s]  cut_qubit_prop
    ✓ [ 159.6s]  cut_incremental_budget
    ✓ [ 224.6s]  cut_incremental_qubit_prop

  13q / 8_Clifford+T_017
    ✓ [  66.1s]  noisy_vanilla
    ✓ [  23.7s]  cut_divided_budget
    ✓ [  16.4s]  cut_qubit_prop
    ✓ [ 225.4s]  cut_incremental_budget
    ✓ [ 249.8s]  cut_incremental_qubit_prop

  13q / 9_Clifford+T_020
    ✓ [  78.3s]  noisy_vanilla
    ✓ [  41.0s]  cut_divided_budget
    ✓ [  47.8s]  cut_qubit_prop
    ✓ [ 263.4s]  cut_incremental_budget
    ✓ [ 227.5s]  cut_incremental_qubit_prop

========================================================================
