========================================================================
CUTTABLE CIRCUIT BENCHMARK RUN REPORT
Timestamp : 2026-06-12 20:26:15
========================================================================

DESIGN
------------------------------------------------------------------------
  Input        : valid_circuits.pkl produced by generate_and_cut.py
  Cut strategy : find_and_place_cuts + CutStrategy(min_free_wires=2)
  Ground truth : PennyLane default.qubit statevector (shots=None)
  Reconstruction: qcut_processing_fn (tensor contraction)
  Observable   : per-circuit Pauli string stored in CircuitSpec.observable
  Error        : |perf_exp_val - result|

CONFIGURATION
------------------------------------------------------------------------
  Shots (B)                 : 10000
  Noisy backend             : 'aer.fake_torino'
  Ideal backend             : 'aer.perfect'
  Simulator seed            : 42
  Output dir                : PosixPath('results/new/stable_shots_runs_10-14q_no_vanilla/10000_shots/torino/11_qubits')
  2q-gate alpha             : 0.8
  Incr. batch shots         : 50
  Incr. threshold           : 0.0005
  Incr. offset              : 2
  Incr. stability k         : 5
  Incr. stopping criterion  : 'delta'
  Incr. distance metric     : 'tvd'
  Incr. window size         : 3
  Incr. EWMA alpha          : 0.5
  Selected modes            : cut_divided_budget, cut_qubit_prop, cut_incremental_budget, cut_incremental_qubit_prop

SUMMARY
------------------------------------------------------------------------
Total: 40  ok: 40  failed: 0

RESULTS BY CIRCUIT
------------------------------------------------------------------------
  11q / 0_Clifford+T_001
    ✓ [  99.8s]  cut_divided_budget
    ✓ [  91.4s]  cut_qubit_prop
    ✓ [ 667.1s]  cut_incremental_budget
    ✓ [ 622.2s]  cut_incremental_qubit_prop

  11q / 1_Clifford+T_002
    ✓ [ 101.1s]  cut_divided_budget
    ✓ [  92.7s]  cut_qubit_prop
    ✓ [ 660.8s]  cut_incremental_budget
    ✓ [ 614.3s]  cut_incremental_qubit_prop

  11q / 2_Clifford+T_011
    ✓ [  30.2s]  cut_divided_budget
    ✓ [  23.7s]  cut_qubit_prop
    ✓ [ 589.0s]  cut_incremental_budget
    ✓ [ 606.5s]  cut_incremental_qubit_prop

  11q / 3_Clifford+T_015
    ✓ [  29.9s]  cut_divided_budget
    ✓ [  23.7s]  cut_qubit_prop
    ✓ [ 590.4s]  cut_incremental_budget
    ✓ [ 609.6s]  cut_incremental_qubit_prop

  11q / 4_Clifford+T_017
    ✓ [  29.9s]  cut_divided_budget
    ✓ [  24.3s]  cut_qubit_prop
    ✓ [ 593.6s]  cut_incremental_budget
    ✓ [ 611.8s]  cut_incremental_qubit_prop

  11q / 5_Clifford+T_025
    ✓ [  29.5s]  cut_divided_budget
    ✓ [  23.8s]  cut_qubit_prop
    ✓ [ 601.3s]  cut_incremental_budget
    ✓ [ 621.1s]  cut_incremental_qubit_prop

  11q / 6_Clifford+T_026
    ✓ [  32.0s]  cut_divided_budget
    ✓ [  24.7s]  cut_qubit_prop
    ✓ [ 595.3s]  cut_incremental_budget
    ✓ [ 619.5s]  cut_incremental_qubit_prop

  11q / 7_Clifford+T_029
    ✓ [  29.4s]  cut_divided_budget
    ✓ [  23.7s]  cut_qubit_prop
    ✓ [ 595.6s]  cut_incremental_budget
    ✓ [ 606.0s]  cut_incremental_qubit_prop

  11q / 8_Clifford+T_030
    ✓ [  30.0s]  cut_divided_budget
    ✓ [  23.8s]  cut_qubit_prop
    ✓ [ 594.2s]  cut_incremental_budget
    ✓ [ 610.9s]  cut_incremental_qubit_prop

  11q / 9_Clifford+T_033
    ✓ [  29.9s]  cut_divided_budget
    ✓ [  23.4s]  cut_qubit_prop
    ✓ [ 596.7s]  cut_incremental_budget
    ✓ [ 615.9s]  cut_incremental_qubit_prop

========================================================================
