========================================================================
CUTTABLE CIRCUIT BENCHMARK RUN REPORT
Timestamp : 2026-06-18 02:59:22
========================================================================

DESIGN
------------------------------------------------------------------------
  Input        : valid_circuits.pkl produced by generate_and_cut.py
  Cut strategy : find_and_place_cuts + CutStrategy(min_free_wires=2)
  Ground truth : PennyLane default.qubit statevector (shots=None)
  Reconstruction: qcut_processing_fn (tensor contraction)
  Observable   : per-circuit Pauli string stored in CircuitSpec.observable
  Error        : |perf_exp_val - result|

CONFIGURATION
------------------------------------------------------------------------
  Shots (B)                 : 10000
  Noisy backend             : 'aer.fake_kawasaki'
  Ideal backend             : 'aer.perfect'
  Simulator seed            : 42
  Output dir                : PosixPath('results/new/stable_shots3/10000_shots/kawasaki/12_qubits')
  2q-gate alpha             : 0.8
  Incr. batch shots         : 50
  Incr. threshold           : 0.05
  Incr. offset              : 3
  Incr. stability k         : 5
  Incr. stopping criterion  : 'delta'
  Incr. distance metric     : 'tvd'
  Incr. window size         : 3
  Incr. EWMA alpha          : 0.5
  Selected modes            : noisy_vanilla, cut_divided_budget, cut_qubit_prop, cut_incremental_budget, cut_incremental_qubit_prop

SUMMARY
------------------------------------------------------------------------
Total: 50  ok: 50  failed: 0

RESULTS BY CIRCUIT
------------------------------------------------------------------------
  12q / 0_Clifford+T_001
    ✓ [  17.9s]  noisy_vanilla
    ✓ [  28.1s]  cut_divided_budget
    ✓ [  16.6s]  cut_qubit_prop
    ✓ [ 196.3s]  cut_incremental_budget
    ✓ [ 168.0s]  cut_incremental_qubit_prop

  12q / 1_Clifford+T_002
    ✓ [   9.3s]  noisy_vanilla
    ✓ [  53.0s]  cut_divided_budget
    ✓ [  47.9s]  cut_qubit_prop
    ✓ [ 293.7s]  cut_incremental_budget
    ✓ [ 348.2s]  cut_incremental_qubit_prop

  12q / 2_Clifford+T_004
    ✓ [   9.3s]  noisy_vanilla
    ✓ [  27.3s]  cut_divided_budget
    ✓ [  26.2s]  cut_qubit_prop
    ✓ [ 295.9s]  cut_incremental_budget
    ✓ [ 213.5s]  cut_incremental_qubit_prop

  12q / 3_Clifford+T_006
    ✓ [  16.0s]  noisy_vanilla
    ✓ [  28.1s]  cut_divided_budget
    ✓ [  16.5s]  cut_qubit_prop
    ✓ [ 235.4s]  cut_incremental_budget
    ✓ [ 220.2s]  cut_incremental_qubit_prop

  12q / 4_Clifford+T_011
    ✓ [  19.4s]  noisy_vanilla
    ✓ [  87.7s]  cut_divided_budget
    ✓ [  79.5s]  cut_qubit_prop
    ✓ [ 466.1s]  cut_incremental_budget
    ✓ [ 367.6s]  cut_incremental_qubit_prop

  12q / 5_Clifford+T_013
    ✓ [  17.8s]  noisy_vanilla
    ✓ [  47.0s]  cut_divided_budget
    ✓ [  64.2s]  cut_qubit_prop
    ✓ [ 496.5s]  cut_incremental_budget
    ✓ [ 483.3s]  cut_incremental_qubit_prop

  12q / 6_Clifford+T_015
    ✓ [  16.7s]  noisy_vanilla
    ✓ [  22.8s]  cut_divided_budget
    ✓ [  16.0s]  cut_qubit_prop
    ✓ [ 158.5s]  cut_incremental_budget
    ✓ [ 188.8s]  cut_incremental_qubit_prop

  12q / 7_Clifford+T_019
    ✓ [   9.2s]  noisy_vanilla
    ✓ [  11.5s]  cut_divided_budget
    ✓ [   2.8s]  cut_qubit_prop
    ✓ [  27.3s]  cut_incremental_budget
    ✓ [  45.9s]  cut_incremental_qubit_prop

  12q / 8_Clifford+T_021
    ✓ [  13.7s]  noisy_vanilla
    ✓ [  23.7s]  cut_divided_budget
    ✓ [  16.3s]  cut_qubit_prop
    ✓ [ 211.6s]  cut_incremental_budget
    ✓ [ 218.8s]  cut_incremental_qubit_prop

  12q / 9_Clifford+T_025
    ✓ [   7.4s]  noisy_vanilla
    ✓ [  49.7s]  cut_divided_budget
    ✓ [  42.8s]  cut_qubit_prop
    ✓ [ 390.6s]  cut_incremental_budget
    ✓ [ 380.9s]  cut_incremental_qubit_prop

========================================================================
