========================================================================
CUTTABLE CIRCUIT BENCHMARK RUN REPORT
Timestamp : 2026-06-09 12:32:46
========================================================================

DESIGN
------------------------------------------------------------------------
  Input        : valid_circuits.pkl produced by generate_and_cut.py
  Cut strategy : find_and_place_cuts + CutStrategy(min_free_wires=2)
  Ground truth : PennyLane default.qubit statevector (shots=None)
  Reconstruction: qcut_processing_fn (tensor contraction)
  Observable   : per-circuit Pauli string stored in CircuitSpec.observable
  Error        : |perf_exp_val - result|

CONFIGURATION
------------------------------------------------------------------------
  Shots (B)                 : 20000
  Noisy backend             : 'aer.fake_kawasaki'
  Ideal backend             : 'aer.perfect'
  Simulator seed            : 42
  Output dir                : PosixPath('results/new/ewma_20k_kawasaki_01/10_qubits')
  2q-gate alpha             : 0.8
  Incr. batch shots         : 50
  Incr. threshold           : 0.03
  Incr. offset              : 3
  Incr. stability k         : 3
  Incr. stopping criterion  : 'ewma'
  Incr. distance metric     : 'tvd'
  Incr. window size         : 3
  Incr. EWMA alpha          : 0.5
  Selected modes            : noisy_vanilla, cut_divided_budget, cut_qubit_prop, cut_incremental_budget, cut_incremental_qubit_prop

SUMMARY
------------------------------------------------------------------------
Total: 50  ok: 50  failed: 0

RESULTS BY CIRCUIT
------------------------------------------------------------------------
  10q / 0_Clifford+T_001
    ✓ [   2.5s]  noisy_vanilla
    ✓ [ 114.1s]  cut_divided_budget
    ✓ [  48.1s]  cut_qubit_prop
    ✓ [ 588.9s]  cut_incremental_budget
    ✓ [ 591.4s]  cut_incremental_qubit_prop

  10q / 1_Clifford+T_004
    ✓ [   1.7s]  noisy_vanilla
    ✓ [  21.9s]  cut_divided_budget
    ✓ [  10.3s]  cut_qubit_prop
    ✓ [ 325.2s]  cut_incremental_budget
    ✓ [ 335.9s]  cut_incremental_qubit_prop

  10q / 2_Clifford+T_008
    ✓ [   1.8s]  noisy_vanilla
    ✓ [  58.7s]  cut_divided_budget
    ✓ [  49.4s]  cut_qubit_prop
    ✓ [ 560.4s]  cut_incremental_budget
    ✓ [ 638.2s]  cut_incremental_qubit_prop

  10q / 3_Clifford+T_015
    ✓ [   2.7s]  noisy_vanilla
    ✓ [  26.2s]  cut_divided_budget
    ✓ [  12.9s]  cut_qubit_prop
    ✓ [ 214.7s]  cut_incremental_budget
    ✓ [ 220.9s]  cut_incremental_qubit_prop

  10q / 4_Clifford+T_024
    ✓ [   1.9s]  noisy_vanilla
    ✓ [  68.1s]  cut_divided_budget
    ✓ [  49.0s]  cut_qubit_prop
    ✓ [ 680.8s]  cut_incremental_budget
    ✓ [ 652.4s]  cut_incremental_qubit_prop

  10q / 5_Clifford+T_026
    ✓ [   1.7s]  noisy_vanilla
    ✓ [  50.3s]  cut_divided_budget
    ✓ [  43.2s]  cut_qubit_prop
    ✓ [ 621.2s]  cut_incremental_budget
    ✓ [ 574.3s]  cut_incremental_qubit_prop

  10q / 6_Clifford+T_032
    ✓ [   1.7s]  noisy_vanilla
    ✓ [  18.6s]  cut_divided_budget
    ✓ [  10.5s]  cut_qubit_prop
    ✓ [ 142.3s]  cut_incremental_budget
    ✓ [ 122.1s]  cut_incremental_qubit_prop

  10q / 7_Clifford+T_033
    ✓ [   1.4s]  noisy_vanilla
    ✓ [  19.1s]  cut_divided_budget
    ✓ [  10.6s]  cut_qubit_prop
    ✓ [ 140.0s]  cut_incremental_budget
    ✓ [ 166.2s]  cut_incremental_qubit_prop

  10q / 8_Clifford+T_039
    ✓ [   2.3s]  noisy_vanilla
    ✓ [  49.0s]  cut_divided_budget
    ✓ [  41.7s]  cut_qubit_prop
    ✓ [ 656.1s]  cut_incremental_budget
    ✓ [ 512.2s]  cut_incremental_qubit_prop

  10q / 9_Clifford+T_041
    ✓ [   1.6s]  noisy_vanilla
    ✓ [  17.2s]  cut_divided_budget
    ✓ [   9.8s]  cut_qubit_prop
    ✓ [ 139.1s]  cut_incremental_budget
    ✓ [ 138.4s]  cut_incremental_qubit_prop

========================================================================
