========================================================================
CUTTABLE CIRCUIT BENCHMARK RUN REPORT
Timestamp : 2026-04-27 16:13:45
========================================================================

DESIGN
------------------------------------------------------------------------
  Input        : valid_circuits.pkl produced by generate_and_cut.py
  Cut strategy : find_and_place_cuts + CutStrategy(min_free_wires=2)
  Ground truth : PennyLane default.qubit statevector (shots=None)
  Reconstruction: qcut_processing_fn (tensor contraction)
  Observable   : per-circuit Pauli string stored in CircuitSpec.observable
  Error        : |perf_exp_val - result|

CONFIGURATION
------------------------------------------------------------------------
  Shots (B)                 : 20000
  Noisy backend             : 'aer.fake_torino'
  Ideal backend             : 'aer.perfect'
  Simulator seed            : 42
  Output dir                : PosixPath('results/20k_ewma_01/11_qubits')
  2q-gate alpha             : 0.8
  Incr. batch shots         : 50
  Incr. threshold           : 0.02
  Incr. offset              : 2
  Incr. stability k         : 5
  Incr. stopping criterion  : 'ewma'
  Incr. distance metric     : 'tvd'
  Incr. window size         : 3
  Incr. EWMA alpha          : 0.5
  Selected modes            : noisy_vanilla, cut_divided_budget, cut_qubit_prop, cut_incremental_budget, cut_incremental_qubit_prop

SUMMARY
------------------------------------------------------------------------
Total: 45  ok: 45  failed: 0

RESULTS BY CIRCUIT
------------------------------------------------------------------------
  11q / 0_Clifford+T_004
    ✓ [   3.3s]  noisy_vanilla
    ✓ [  30.1s]  cut_divided_budget
    ✓ [  22.2s]  cut_qubit_prop
    ✓ [ 181.3s]  cut_incremental_budget
    ✓ [ 178.0s]  cut_incremental_qubit_prop

  11q / 1_Clifford+T_046
    ✓ [   2.8s]  noisy_vanilla
    ✓ [  39.9s]  cut_divided_budget
    ✓ [  19.3s]  cut_qubit_prop
    ✓ [ 176.4s]  cut_incremental_budget
    ✓ [ 177.4s]  cut_incremental_qubit_prop

  11q / 2_Clifford+T_058
    ✓ [   3.0s]  noisy_vanilla
    ✓ [ 101.5s]  cut_divided_budget
    ✓ [  75.4s]  cut_qubit_prop
    ✓ [ 724.2s]  cut_incremental_budget
    ✓ [ 717.9s]  cut_incremental_qubit_prop

  11q / 3_Clifford+T_070
    ✓ [   3.2s]  noisy_vanilla
    ✓ [  28.3s]  cut_divided_budget
    ✓ [  19.5s]  cut_qubit_prop
    ✓ [ 177.2s]  cut_incremental_budget
    ✓ [ 191.2s]  cut_incremental_qubit_prop

  11q / 4_Clifford+T_100
    ✓ [   3.3s]  noisy_vanilla
    ✓ [  97.3s]  cut_divided_budget
    ✓ [  76.9s]  cut_qubit_prop
    ✓ [ 804.6s]  cut_incremental_budget
    ✓ [ 772.9s]  cut_incremental_qubit_prop

  11q / 5_Clifford+T_112
    ✓ [   3.1s]  noisy_vanilla
    ✓ [  27.8s]  cut_divided_budget
    ✓ [  18.8s]  cut_qubit_prop
    ✓ [ 174.8s]  cut_incremental_budget
    ✓ [ 179.2s]  cut_incremental_qubit_prop

  11q / 6_Clifford+T_136
    ✓ [   3.2s]  noisy_vanilla
    ✓ [  26.7s]  cut_divided_budget
    ✓ [  24.5s]  cut_qubit_prop
    ✓ [ 173.0s]  cut_incremental_budget
    ✓ [ 172.2s]  cut_incremental_qubit_prop

  11q / 7_Clifford+T_142
    ✓ [   3.0s]  noisy_vanilla
    ✓ [  28.8s]  cut_divided_budget
    ✓ [  20.5s]  cut_qubit_prop
    ✓ [ 178.7s]  cut_incremental_budget
    ✓ [ 199.2s]  cut_incremental_qubit_prop

  11q / 8_Clifford+T_178
    ✓ [   3.1s]  noisy_vanilla
    ✓ [  96.6s]  cut_divided_budget
    ✓ [  81.7s]  cut_qubit_prop
    ✓ [ 722.7s]  cut_incremental_budget
    ✓ [ 563.5s]  cut_incremental_qubit_prop

========================================================================
