========================================================================
CUTTABLE CIRCUIT BENCHMARK RUN REPORT
Timestamp : 2026-06-15 18:26:52
========================================================================

DESIGN
------------------------------------------------------------------------
  Input        : valid_circuits.pkl produced by generate_and_cut.py
  Cut strategy : find_and_place_cuts + CutStrategy(min_free_wires=2)
  Ground truth : PennyLane default.qubit statevector (shots=None)
  Reconstruction: qcut_processing_fn (tensor contraction)
  Observable   : per-circuit Pauli string stored in CircuitSpec.observable
  Error        : |perf_exp_val - result|

CONFIGURATION
------------------------------------------------------------------------
  Shots (B)                 : 10000
  Noisy backend             : 'aer.fake_torino'
  Ideal backend             : 'aer.perfect'
  Simulator seed            : 42
  Output dir                : PosixPath('results/new/stable_shots_runs02_10-14q_no_vanilla/10000_shots/torino/10_qubits')
  2q-gate alpha             : 0.8
  Incr. batch shots         : 50
  Incr. threshold           : 0.005
  Incr. offset              : 3
  Incr. stability k         : 5
  Incr. stopping criterion  : 'delta'
  Incr. distance metric     : 'tvd'
  Incr. window size         : 3
  Incr. EWMA alpha          : 0.5
  Selected modes            : cut_divided_budget, cut_qubit_prop, cut_incremental_budget, cut_incremental_qubit_prop

SUMMARY
------------------------------------------------------------------------
Total: 40  ok: 40  failed: 0

RESULTS BY CIRCUIT
------------------------------------------------------------------------
  10q / 0_Clifford+T_001
    ✓ [  86.2s]  cut_divided_budget
    ✓ [  77.9s]  cut_qubit_prop
    ✓ [ 536.0s]  cut_incremental_budget
    ✓ [ 557.0s]  cut_incremental_qubit_prop

  10q / 1_Clifford+T_004
    ✓ [  26.4s]  cut_divided_budget
    ✓ [  19.2s]  cut_qubit_prop
    ✓ [ 479.7s]  cut_incremental_budget
    ✓ [ 501.8s]  cut_incremental_qubit_prop

  10q / 2_Clifford+T_008
    ✓ [  84.6s]  cut_divided_budget
    ✓ [  77.5s]  cut_qubit_prop
    ✓ [ 532.3s]  cut_incremental_budget
    ✓ [ 544.6s]  cut_incremental_qubit_prop

  10q / 3_Clifford+T_015
    ✓ [  25.8s]  cut_divided_budget
    ✓ [  18.2s]  cut_qubit_prop
    ✓ [ 478.1s]  cut_incremental_budget
    ✓ [ 497.5s]  cut_incremental_qubit_prop

  10q / 4_Clifford+T_024
    ✓ [  86.6s]  cut_divided_budget
    ✓ [  77.8s]  cut_qubit_prop
    ✓ [ 543.9s]  cut_incremental_budget
    ✓ [ 564.1s]  cut_incremental_qubit_prop

  10q / 5_Clifford+T_026
    ✓ [  83.5s]  cut_divided_budget
    ✓ [  75.9s]  cut_qubit_prop
    ✓ [ 546.0s]  cut_incremental_budget
    ✓ [ 532.4s]  cut_incremental_qubit_prop

  10q / 6_Clifford+T_032
    ✓ [  26.0s]  cut_divided_budget
    ✓ [  18.8s]  cut_qubit_prop
    ✓ [ 472.3s]  cut_incremental_budget
    ✓ [ 494.5s]  cut_incremental_qubit_prop

  10q / 7_Clifford+T_033
    ✓ [  27.2s]  cut_divided_budget
    ✓ [  18.8s]  cut_qubit_prop
    ✓ [ 473.9s]  cut_incremental_budget
    ✓ [ 493.0s]  cut_incremental_qubit_prop

  10q / 8_Clifford+T_039
    ✓ [  84.1s]  cut_divided_budget
    ✓ [  77.5s]  cut_qubit_prop
    ✓ [ 532.4s]  cut_incremental_budget
    ✓ [ 542.5s]  cut_incremental_qubit_prop

  10q / 9_Clifford+T_041
    ✓ [  25.9s]  cut_divided_budget
    ✓ [  18.3s]  cut_qubit_prop
    ✓ [ 471.9s]  cut_incremental_budget
    ✓ [ 485.4s]  cut_incremental_qubit_prop

========================================================================
