========================================================================
CUTTABLE CIRCUIT BENCHMARK RUN REPORT
Timestamp : 2026-05-29 17:11:31
========================================================================

DESIGN
------------------------------------------------------------------------
  Input        : valid_circuits.pkl produced by generate_and_cut.py
  Cut strategy : find_and_place_cuts + CutStrategy(min_free_wires=2)
  Ground truth : PennyLane default.qubit statevector (shots=None)
  Reconstruction: qcut_processing_fn (tensor contraction)
  Observable   : per-circuit Pauli string stored in CircuitSpec.observable
  Error        : |perf_exp_val - result|

CONFIGURATION
------------------------------------------------------------------------
  Shots (B)                 : 5000
  Noisy backend             : 'aer.fake_torino'
  Ideal backend             : 'aer.perfect'
  Simulator seed            : 42
  Output dir                : PosixPath('results/new/ewma_10k_torino_01/15_qubits')
  2q-gate alpha             : 0.8
  Incr. batch shots         : 50
  Incr. threshold           : 0.03
  Incr. offset              : 3
  Incr. stability k         : 3
  Incr. stopping criterion  : 'ewma'
  Incr. distance metric     : 'tvd'
  Incr. window size         : 3
  Incr. EWMA alpha          : 0.5
  Selected modes            : noisy_vanilla, cut_divided_budget, cut_qubit_prop, cut_incremental_budget, cut_incremental_qubit_prop

SUMMARY
------------------------------------------------------------------------
Total: 50  ok: 50  failed: 0

RESULTS BY CIRCUIT
------------------------------------------------------------------------
  15q / 0_Clifford+T_003
    ✓ [  20.8s]  noisy_vanilla
    ✓ [  33.6s]  cut_divided_budget
    ✓ [  20.4s]  cut_qubit_prop
    ✓ [ 271.9s]  cut_incremental_budget
    ✓ [ 261.1s]  cut_incremental_qubit_prop

  15q / 1_Clifford+T_009
    ✓ [  10.6s]  noisy_vanilla
    ✓ [  35.7s]  cut_divided_budget
    ✓ [  21.4s]  cut_qubit_prop
    ✓ [ 276.1s]  cut_incremental_budget
    ✓ [ 271.0s]  cut_incremental_qubit_prop

  15q / 2_Clifford+T_011
    ✓ [  11.6s]  noisy_vanilla
    ✓ [  34.3s]  cut_divided_budget
    ✓ [  22.1s]  cut_qubit_prop
    ✓ [ 278.8s]  cut_incremental_budget
    ✓ [ 256.5s]  cut_incremental_qubit_prop

  15q / 3_Clifford+T_015
    ✓ [  10.9s]  noisy_vanilla
    ✓ [  98.7s]  cut_divided_budget
    ✓ [  79.6s]  cut_qubit_prop
    ✓ [ 337.1s]  cut_incremental_budget
    ✓ [ 350.4s]  cut_incremental_qubit_prop

  15q / 4_Clifford+T_016
    ✓ [  11.5s]  noisy_vanilla
    ✓ [  29.5s]  cut_divided_budget
    ✓ [  19.2s]  cut_qubit_prop
    ✓ [ 259.9s]  cut_incremental_budget
    ✓ [ 266.8s]  cut_incremental_qubit_prop

  15q / 5_Clifford+T_018
    ✓ [  10.7s]  noisy_vanilla
    ✓ [  29.6s]  cut_divided_budget
    ✓ [  19.9s]  cut_qubit_prop
    ✓ [ 255.6s]  cut_incremental_budget
    ✓ [ 291.9s]  cut_incremental_qubit_prop

  15q / 6_Clifford+T_022
    ✓ [  12.6s]  noisy_vanilla
    ✓ [  31.4s]  cut_divided_budget
    ✓ [  21.5s]  cut_qubit_prop
    ✓ [ 280.3s]  cut_incremental_budget
    ✓ [ 273.6s]  cut_incremental_qubit_prop

  15q / 7_Clifford+T_023
    ✓ [  11.3s]  noisy_vanilla
    ✓ [  35.8s]  cut_divided_budget
    ✓ [  21.3s]  cut_qubit_prop
    ✓ [ 275.0s]  cut_incremental_budget
    ✓ [ 271.5s]  cut_incremental_qubit_prop

  15q / 8_Clifford+T_024
    ✓ [  10.3s]  noisy_vanilla
    ✓ [  39.2s]  cut_divided_budget
    ✓ [  26.3s]  cut_qubit_prop
    ✓ [ 263.1s]  cut_incremental_budget
    ✓ [ 270.8s]  cut_incremental_qubit_prop

  15q / 9_Clifford+T_026
    ✓ [   9.9s]  noisy_vanilla
    ✓ [  36.6s]  cut_divided_budget
    ✓ [  22.3s]  cut_qubit_prop
    ✓ [ 223.8s]  cut_incremental_budget
    ✓ [ 270.7s]  cut_incremental_qubit_prop

========================================================================
