========================================================================
CUTTABLE CIRCUIT BENCHMARK RUN REPORT
Timestamp : 2026-06-14 12:57:59
========================================================================

DESIGN
------------------------------------------------------------------------
  Input        : valid_circuits.pkl produced by generate_and_cut.py
  Cut strategy : find_and_place_cuts + CutStrategy(min_free_wires=2)
  Ground truth : PennyLane default.qubit statevector (shots=None)
  Reconstruction: qcut_processing_fn (tensor contraction)
  Observable   : per-circuit Pauli string stored in CircuitSpec.observable
  Error        : |perf_exp_val - result|

CONFIGURATION
------------------------------------------------------------------------
  Shots (B)                 : 20000
  Noisy backend             : 'aer.fake_kyoto'
  Ideal backend             : 'aer.perfect'
  Simulator seed            : 42
  Output dir                : PosixPath('results/new/stable_shots_runs_10-14q_no_vanilla/20000_shots/kyoto/12_qubits')
  2q-gate alpha             : 0.8
  Incr. batch shots         : 50
  Incr. threshold           : 0.0005
  Incr. offset              : 2
  Incr. stability k         : 5
  Incr. stopping criterion  : 'delta'
  Incr. distance metric     : 'tvd'
  Incr. window size         : 3
  Incr. EWMA alpha          : 0.5
  Selected modes            : cut_divided_budget, cut_qubit_prop, cut_incremental_budget, cut_incremental_qubit_prop

SUMMARY
------------------------------------------------------------------------
Total: 40  ok: 40  failed: 0

RESULTS BY CIRCUIT
------------------------------------------------------------------------
  12q / 0_Clifford+T_001
    ✓ [  20.3s]  cut_divided_budget
    ✓ [  13.8s]  cut_qubit_prop
    ✓ [ 695.7s]  cut_incremental_budget
    ✓ [ 709.0s]  cut_incremental_qubit_prop

  12q / 1_Clifford+T_002
    ✓ [  70.1s]  cut_divided_budget
    ✓ [  68.0s]  cut_qubit_prop
    ✓ [ 733.1s]  cut_incremental_budget
    ✓ [ 746.4s]  cut_incremental_qubit_prop

  12q / 2_Clifford+T_004
    ✓ [  27.1s]  cut_divided_budget
    ✓ [  20.2s]  cut_qubit_prop
    ✓ [ 702.9s]  cut_incremental_budget
    ✓ [ 728.3s]  cut_incremental_qubit_prop

  12q / 3_Clifford+T_006
    ✓ [  20.9s]  cut_divided_budget
    ✓ [  13.8s]  cut_qubit_prop
    ✓ [ 699.2s]  cut_incremental_budget
    ✓ [ 709.6s]  cut_incremental_qubit_prop

  12q / 4_Clifford+T_011
    ✓ [  71.2s]  cut_divided_budget
    ✓ [  70.3s]  cut_qubit_prop
    ✓ [ 734.7s]  cut_incremental_budget
    ✓ [ 751.4s]  cut_incremental_qubit_prop

  12q / 5_Clifford+T_013
    ✓ [  62.0s]  cut_divided_budget
    ✓ [  55.6s]  cut_qubit_prop
    ✓ [ 740.7s]  cut_incremental_budget
    ✓ [ 741.4s]  cut_incremental_qubit_prop

  12q / 6_Clifford+T_015
    ✓ [  20.3s]  cut_divided_budget
    ✓ [  13.9s]  cut_qubit_prop
    ✓ [ 701.0s]  cut_incremental_budget
    ✓ [ 712.8s]  cut_incremental_qubit_prop

  12q / 7_Clifford+T_019
    ✓ [  10.7s]  cut_divided_budget
    ✓ [   3.4s]  cut_qubit_prop
    ✓ [ 732.4s]  cut_incremental_budget
    ✓ [ 733.2s]  cut_incremental_qubit_prop

  12q / 8_Clifford+T_021
    ✓ [  20.1s]  cut_divided_budget
    ✓ [  13.7s]  cut_qubit_prop
    ✓ [ 715.8s]  cut_incremental_budget
    ✓ [ 721.0s]  cut_incremental_qubit_prop

  12q / 9_Clifford+T_025
    ✓ [  62.9s]  cut_divided_budget
    ✓ [  55.9s]  cut_qubit_prop
    ✓ [ 732.2s]  cut_incremental_budget
    ✓ [ 734.8s]  cut_incremental_qubit_prop

========================================================================
