========================================================================
CUTTABLE CIRCUIT BENCHMARK RUN REPORT
Timestamp : 2026-06-08 17:35:02
========================================================================

DESIGN
------------------------------------------------------------------------
  Input        : valid_circuits.pkl produced by generate_and_cut.py
  Cut strategy : find_and_place_cuts + CutStrategy(min_free_wires=2)
  Ground truth : PennyLane default.qubit statevector (shots=None)
  Reconstruction: qcut_processing_fn (tensor contraction)
  Observable   : per-circuit Pauli string stored in CircuitSpec.observable
  Error        : |perf_exp_val - result|

CONFIGURATION
------------------------------------------------------------------------
  Shots (B)                 : 5000
  Noisy backend             : 'aer.fake_torino'
  Ideal backend             : 'aer.perfect'
  Simulator seed            : 42
  Output dir                : PosixPath('results/new/ewma_5k_torino_01/13_qubits')
  2q-gate alpha             : 0.8
  Incr. batch shots         : 50
  Incr. threshold           : 0.03
  Incr. offset              : 3
  Incr. stability k         : 3
  Incr. stopping criterion  : 'ewma'
  Incr. distance metric     : 'tvd'
  Incr. window size         : 3
  Incr. EWMA alpha          : 0.5
  Selected modes            : noisy_vanilla, cut_divided_budget, cut_qubit_prop, cut_incremental_budget, cut_incremental_qubit_prop

SUMMARY
------------------------------------------------------------------------
Total: 50  ok: 50  failed: 0

RESULTS BY CIRCUIT
------------------------------------------------------------------------
  13q / 0_Clifford+T_002
    ✓ [  11.8s]  noisy_vanilla
    ✓ [  42.0s]  cut_divided_budget
    ✓ [  25.3s]  cut_qubit_prop
    ✓ [ 249.6s]  cut_incremental_budget
    ✓ [ 278.0s]  cut_incremental_qubit_prop

  13q / 1_Clifford+T_004
    ✓ [   4.5s]  noisy_vanilla
    ✓ [  34.1s]  cut_divided_budget
    ✓ [  22.1s]  cut_qubit_prop
    ✓ [ 279.2s]  cut_incremental_budget
    ✓ [ 295.5s]  cut_incremental_qubit_prop

  13q / 2_Clifford+T_007
    ✓ [   5.6s]  noisy_vanilla
    ✓ [  39.4s]  cut_divided_budget
    ✓ [  22.4s]  cut_qubit_prop
    ✓ [ 278.7s]  cut_incremental_budget
    ✓ [ 293.3s]  cut_incremental_qubit_prop

  13q / 3_Clifford+T_010
    ✓ [   4.1s]  noisy_vanilla
    ✓ [  29.5s]  cut_divided_budget
    ✓ [  24.8s]  cut_qubit_prop
    ✓ [ 261.7s]  cut_incremental_budget
    ✓ [ 300.6s]  cut_incremental_qubit_prop

  13q / 4_Clifford+T_012
    ✓ [   4.0s]  noisy_vanilla
    ✓ [  30.4s]  cut_divided_budget
    ✓ [  21.8s]  cut_qubit_prop
    ✓ [ 258.8s]  cut_incremental_budget
    ✓ [ 309.1s]  cut_incremental_qubit_prop

  13q / 5_Clifford+T_014
    ✓ [   6.0s]  noisy_vanilla
    ✓ [ 104.2s]  cut_divided_budget
    ✓ [  88.9s]  cut_qubit_prop
    ✓ [ 391.4s]  cut_incremental_budget
    ✓ [ 297.9s]  cut_incremental_qubit_prop

  13q / 6_Clifford+T_015
    ✓ [   4.5s]  noisy_vanilla
    ✓ [  30.1s]  cut_divided_budget
    ✓ [  20.8s]  cut_qubit_prop
    ✓ [ 296.6s]  cut_incremental_budget
    ✓ [ 300.6s]  cut_incremental_qubit_prop

  13q / 7_Clifford+T_016
    ✓ [   6.5s]  noisy_vanilla
    ✓ [  30.2s]  cut_divided_budget
    ✓ [  21.0s]  cut_qubit_prop
    ✓ [ 270.5s]  cut_incremental_budget
    ✓ [ 259.9s]  cut_incremental_qubit_prop

  13q / 8_Clifford+T_017
    ✓ [   4.1s]  noisy_vanilla
    ✓ [  29.9s]  cut_divided_budget
    ✓ [  21.0s]  cut_qubit_prop
    ✓ [ 293.6s]  cut_incremental_budget
    ✓ [ 265.1s]  cut_incremental_qubit_prop

  13q / 9_Clifford+T_020
    ✓ [   4.1s]  noisy_vanilla
    ✓ [  29.6s]  cut_divided_budget
    ✓ [  20.3s]  cut_qubit_prop
    ✓ [ 233.3s]  cut_incremental_budget
    ✓ [ 261.4s]  cut_incremental_qubit_prop

========================================================================
