========================================================================
CUTTABLE CIRCUIT BENCHMARK RUN REPORT
Timestamp : 2026-06-17 23:41:51
========================================================================

DESIGN
------------------------------------------------------------------------
  Input        : valid_circuits.pkl produced by generate_and_cut.py
  Cut strategy : find_and_place_cuts + CutStrategy(min_free_wires=2)
  Ground truth : PennyLane default.qubit statevector (shots=None)
  Reconstruction: qcut_processing_fn (tensor contraction)
  Observable   : per-circuit Pauli string stored in CircuitSpec.observable
  Error        : |perf_exp_val - result|

CONFIGURATION
------------------------------------------------------------------------
  Shots (B)                 : 5000
  Noisy backend             : 'aer.fake_kyoto'
  Ideal backend             : 'aer.perfect'
  Simulator seed            : 42
  Output dir                : PosixPath('results/new/stable_shots3/5000_shots/kyoto/16_qubits')
  2q-gate alpha             : 0.8
  Incr. batch shots         : 50
  Incr. threshold           : 0.05
  Incr. offset              : 3
  Incr. stability k         : 5
  Incr. stopping criterion  : 'delta'
  Incr. distance metric     : 'tvd'
  Incr. window size         : 3
  Incr. EWMA alpha          : 0.5
  Selected modes            : noisy_vanilla, cut_divided_budget, cut_qubit_prop, cut_incremental_budget, cut_incremental_qubit_prop

SUMMARY
------------------------------------------------------------------------
Total: 50  ok: 50  failed: 0

RESULTS BY CIRCUIT
------------------------------------------------------------------------
  16q / 0_Clifford+T_002
    ✓ [ 334.3s]  noisy_vanilla
    ✓ [  32.7s]  cut_divided_budget
    ✓ [  21.1s]  cut_qubit_prop
    ✓ [ 267.2s]  cut_incremental_budget
    ✓ [ 267.8s]  cut_incremental_qubit_prop

  16q / 1_Clifford+T_008
    ✓ [ 512.3s]  noisy_vanilla
    ✓ [  56.5s]  cut_divided_budget
    ✓ [  45.4s]  cut_qubit_prop
    ✓ [ 499.3s]  cut_incremental_budget
    ✓ [ 513.6s]  cut_incremental_qubit_prop

  16q / 2_Clifford+T_015
    ✓ [ 425.1s]  noisy_vanilla
    ✓ [  60.2s]  cut_divided_budget
    ✓ [  65.4s]  cut_qubit_prop
    ✓ [ 344.0s]  cut_incremental_budget
    ✓ [ 518.7s]  cut_incremental_qubit_prop

  16q / 3_Clifford+T_016
    ✓ [ 455.8s]  noisy_vanilla
    ✓ [  34.6s]  cut_divided_budget
    ✓ [  25.5s]  cut_qubit_prop
    ✓ [ 380.8s]  cut_incremental_budget
    ✓ [ 269.8s]  cut_incremental_qubit_prop

  16q / 4_Clifford+T_018
    ✓ [ 221.4s]  noisy_vanilla
    ✓ [  19.1s]  cut_divided_budget
    ✓ [  12.3s]  cut_qubit_prop
    ✓ [ 164.4s]  cut_incremental_budget
    ✓ [ 163.4s]  cut_incremental_qubit_prop

  16q / 5_Clifford+T_019
    ✓ [ 191.5s]  noisy_vanilla
    ✓ [  41.4s]  cut_divided_budget
    ✓ [  49.4s]  cut_qubit_prop
    ✓ [ 169.0s]  cut_incremental_budget
    ✓ [ 234.7s]  cut_incremental_qubit_prop

  16q / 6_Clifford+T_021
    ✓ [ 174.3s]  noisy_vanilla
    ✓ [  20.7s]  cut_divided_budget
    ✓ [  15.2s]  cut_qubit_prop
    ✓ [ 200.0s]  cut_incremental_budget
    ✓ [ 270.0s]  cut_incremental_qubit_prop

  16q / 7_Clifford+T_026
    ✓ [ 348.5s]  noisy_vanilla
    ✓ [  40.3s]  cut_divided_budget
    ✓ [  33.4s]  cut_qubit_prop
    ✓ [ 248.2s]  cut_incremental_budget
    ✓ [ 247.8s]  cut_incremental_qubit_prop

  16q / 8_Clifford+T_032
    ✓ [ 343.3s]  noisy_vanilla
    ✓ [  39.8s]  cut_divided_budget
    ✓ [  32.5s]  cut_qubit_prop
    ✓ [ 231.6s]  cut_incremental_budget
    ✓ [ 271.1s]  cut_incremental_qubit_prop

  16q / 9_Clifford+T_040
    ✓ [ 235.2s]  noisy_vanilla
    ✓ [  43.3s]  cut_divided_budget
    ✓ [  47.8s]  cut_qubit_prop
    ✓ [ 247.7s]  cut_incremental_budget
    ✓ [ 256.7s]  cut_incremental_qubit_prop

========================================================================
