========================================================================
CUTTABLE CIRCUIT BENCHMARK RUN REPORT
Timestamp : 2026-06-17 19:55:49
========================================================================

DESIGN
------------------------------------------------------------------------
  Input        : valid_circuits.pkl produced by generate_and_cut.py
  Cut strategy : find_and_place_cuts + CutStrategy(min_free_wires=2)
  Ground truth : PennyLane default.qubit statevector (shots=None)
  Reconstruction: qcut_processing_fn (tensor contraction)
  Observable   : per-circuit Pauli string stored in CircuitSpec.observable
  Error        : |perf_exp_val - result|

CONFIGURATION
------------------------------------------------------------------------
  Shots (B)                 : 5000
  Noisy backend             : 'aer.fake_kawasaki'
  Ideal backend             : 'aer.perfect'
  Simulator seed            : 42
  Output dir                : PosixPath('results/new/stable_shots_02/5000_shots/kawasaki/13_qubits')
  2q-gate alpha             : 0.8
  Incr. batch shots         : 50
  Incr. threshold           : 0.03
  Incr. offset              : 3
  Incr. stability k         : 3
  Incr. stopping criterion  : 'delta'
  Incr. distance metric     : 'tvd'
  Incr. window size         : 3
  Incr. EWMA alpha          : 0.5
  Selected modes            : noisy_vanilla, cut_divided_budget, cut_qubit_prop, cut_incremental_budget, cut_incremental_qubit_prop

SUMMARY
------------------------------------------------------------------------
Total: 50  ok: 50  failed: 0

RESULTS BY CIRCUIT
------------------------------------------------------------------------
  13q / 0_Clifford+T_002
    ✓ [  19.9s]  noisy_vanilla
    ✓ [  26.0s]  cut_divided_budget
    ✓ [  17.6s]  cut_qubit_prop
    ✓ [ 105.4s]  cut_incremental_budget
    ✓ [ 118.1s]  cut_incremental_qubit_prop

  13q / 1_Clifford+T_004
    ✓ [  20.2s]  noisy_vanilla
    ✓ [  22.4s]  cut_divided_budget
    ✓ [  10.4s]  cut_qubit_prop
    ✓ [ 120.4s]  cut_incremental_budget
    ✓ [ 133.3s]  cut_incremental_qubit_prop

  13q / 2_Clifford+T_007
    ✓ [  21.3s]  noisy_vanilla
    ✓ [  17.4s]  cut_divided_budget
    ✓ [   9.7s]  cut_qubit_prop
    ✓ [ 170.5s]  cut_incremental_budget
    ✓ [ 132.1s]  cut_incremental_qubit_prop

  13q / 3_Clifford+T_010
    ✓ [  20.4s]  noisy_vanilla
    ✓ [  24.4s]  cut_divided_budget
    ✓ [  14.0s]  cut_qubit_prop
    ✓ [ 116.5s]  cut_incremental_budget
    ✓ [ 227.1s]  cut_incremental_qubit_prop

  13q / 4_Clifford+T_012
    ✓ [  36.1s]  noisy_vanilla
    ✓ [  32.3s]  cut_divided_budget
    ✓ [  22.6s]  cut_qubit_prop
    ✓ [ 134.0s]  cut_incremental_budget
    ✓ [ 135.3s]  cut_incremental_qubit_prop

  13q / 5_Clifford+T_014
    ✓ [  20.6s]  noisy_vanilla
    ✓ [  53.8s]  cut_divided_budget
    ✓ [  41.6s]  cut_qubit_prop
    ✓ [ 189.8s]  cut_incremental_budget
    ✓ [ 149.7s]  cut_incremental_qubit_prop

  13q / 6_Clifford+T_015
    ✓ [  20.8s]  noisy_vanilla
    ✓ [  24.6s]  cut_divided_budget
    ✓ [  10.1s]  cut_qubit_prop
    ✓ [ 133.6s]  cut_incremental_budget
    ✓ [ 143.5s]  cut_incremental_qubit_prop

  13q / 7_Clifford+T_016
    ✓ [  22.9s]  noisy_vanilla
    ✓ [  21.9s]  cut_divided_budget
    ✓ [  10.2s]  cut_qubit_prop
    ✓ [ 127.1s]  cut_incremental_budget
    ✓ [ 130.5s]  cut_incremental_qubit_prop

  13q / 8_Clifford+T_017
    ✓ [  18.5s]  noisy_vanilla
    ✓ [  22.0s]  cut_divided_budget
    ✓ [  10.0s]  cut_qubit_prop
    ✓ [ 180.9s]  cut_incremental_budget
    ✓ [ 143.3s]  cut_incremental_qubit_prop

  13q / 9_Clifford+T_020
    ✓ [  20.6s]  noisy_vanilla
    ✓ [  22.9s]  cut_divided_budget
    ✓ [  19.1s]  cut_qubit_prop
    ✓ [ 108.7s]  cut_incremental_budget
    ✓ [ 142.3s]  cut_incremental_qubit_prop

========================================================================
