========================================================================
CUTTABLE CIRCUIT BENCHMARK RUN REPORT
Timestamp : 2026-06-08 22:31:52
========================================================================

DESIGN
------------------------------------------------------------------------
  Input        : valid_circuits.pkl produced by generate_and_cut.py
  Cut strategy : find_and_place_cuts + CutStrategy(min_free_wires=2)
  Ground truth : PennyLane default.qubit statevector (shots=None)
  Reconstruction: qcut_processing_fn (tensor contraction)
  Observable   : per-circuit Pauli string stored in CircuitSpec.observable
  Error        : |perf_exp_val - result|

CONFIGURATION
------------------------------------------------------------------------
  Shots (B)                 : 10000
  Noisy backend             : 'aer.fake_sherbrooke'
  Ideal backend             : 'aer.perfect'
  Simulator seed            : 42
  Output dir                : PosixPath('results/new/ewma_10k_sherbrooke_01/10_qubits')
  2q-gate alpha             : 0.8
  Incr. batch shots         : 50
  Incr. threshold           : 0.03
  Incr. offset              : 3
  Incr. stability k         : 3
  Incr. stopping criterion  : 'ewma'
  Incr. distance metric     : 'tvd'
  Incr. window size         : 3
  Incr. EWMA alpha          : 0.5
  Selected modes            : noisy_vanilla, cut_divided_budget, cut_qubit_prop, cut_incremental_budget, cut_incremental_qubit_prop

SUMMARY
------------------------------------------------------------------------
Total: 50  ok: 50  failed: 0

RESULTS BY CIRCUIT
------------------------------------------------------------------------
  10q / 0_Clifford+T_001
    ✓ [   5.2s]  noisy_vanilla
    ✓ [  84.7s]  cut_divided_budget
    ✓ [  47.0s]  cut_qubit_prop
    ✓ [ 308.1s]  cut_incremental_budget
    ✓ [ 337.5s]  cut_incremental_qubit_prop

  10q / 1_Clifford+T_004
    ✓ [   1.4s]  noisy_vanilla
    ✓ [  25.9s]  cut_divided_budget
    ✓ [  12.8s]  cut_qubit_prop
    ✓ [ 213.5s]  cut_incremental_budget
    ✓ [ 294.4s]  cut_incremental_qubit_prop

  10q / 2_Clifford+T_008
    ✓ [   1.8s]  noisy_vanilla
    ✓ [  58.5s]  cut_divided_budget
    ✓ [  51.7s]  cut_qubit_prop
    ✓ [ 374.3s]  cut_incremental_budget
    ✓ [ 389.4s]  cut_incremental_qubit_prop

  10q / 3_Clifford+T_015
    ✓ [   1.9s]  noisy_vanilla
    ✓ [  22.1s]  cut_divided_budget
    ✓ [  12.4s]  cut_qubit_prop
    ✓ [ 221.7s]  cut_incremental_budget
    ✓ [ 269.0s]  cut_incremental_qubit_prop

  10q / 4_Clifford+T_024
    ✓ [   1.8s]  noisy_vanilla
    ✓ [  64.3s]  cut_divided_budget
    ✓ [  51.5s]  cut_qubit_prop
    ✓ [ 365.1s]  cut_incremental_budget
    ✓ [ 339.1s]  cut_incremental_qubit_prop

  10q / 5_Clifford+T_026
    ✓ [   1.9s]  noisy_vanilla
    ✓ [  82.7s]  cut_divided_budget
    ✓ [  48.9s]  cut_qubit_prop
    ✓ [ 405.3s]  cut_incremental_budget
    ✓ [ 383.1s]  cut_incremental_qubit_prop

  10q / 6_Clifford+T_032
    ✓ [   1.8s]  noisy_vanilla
    ✓ [  21.4s]  cut_divided_budget
    ✓ [  12.6s]  cut_qubit_prop
    ✓ [ 204.4s]  cut_incremental_budget
    ✓ [ 187.2s]  cut_incremental_qubit_prop

  10q / 7_Clifford+T_033
    ✓ [   1.9s]  noisy_vanilla
    ✓ [  21.4s]  cut_divided_budget
    ✓ [  11.3s]  cut_qubit_prop
    ✓ [ 162.3s]  cut_incremental_budget
    ✓ [ 178.2s]  cut_incremental_qubit_prop

  10q / 8_Clifford+T_039
    ✓ [   1.8s]  noisy_vanilla
    ✓ [  67.6s]  cut_divided_budget
    ✓ [  45.7s]  cut_qubit_prop
    ✓ [ 315.0s]  cut_incremental_budget
    ✓ [ 287.6s]  cut_incremental_qubit_prop

  10q / 9_Clifford+T_041
    ✓ [   1.4s]  noisy_vanilla
    ✓ [  17.2s]  cut_divided_budget
    ✓ [   9.4s]  cut_qubit_prop
    ✓ [ 141.6s]  cut_incremental_budget
    ✓ [ 139.1s]  cut_incremental_qubit_prop

========================================================================
