========================================================================
CUTTABLE CIRCUIT BENCHMARK RUN REPORT
Timestamp : 2026-06-13 16:27:13
========================================================================

DESIGN
------------------------------------------------------------------------
  Input        : valid_circuits.pkl produced by generate_and_cut.py
  Cut strategy : find_and_place_cuts + CutStrategy(min_free_wires=2)
  Ground truth : PennyLane default.qubit statevector (shots=None)
  Reconstruction: qcut_processing_fn (tensor contraction)
  Observable   : per-circuit Pauli string stored in CircuitSpec.observable
  Error        : |perf_exp_val - result|

CONFIGURATION
------------------------------------------------------------------------
  Shots (B)                 : 20000
  Noisy backend             : 'aer.fake_torino'
  Ideal backend             : 'aer.perfect'
  Simulator seed            : 42
  Output dir                : PosixPath('results/new/stable_shots_runs_10-14q_no_vanilla/20000_shots/torino/12_qubits')
  2q-gate alpha             : 0.8
  Incr. batch shots         : 50
  Incr. threshold           : 0.0005
  Incr. offset              : 2
  Incr. stability k         : 5
  Incr. stopping criterion  : 'delta'
  Incr. distance metric     : 'tvd'
  Incr. window size         : 3
  Incr. EWMA alpha          : 0.5
  Selected modes            : cut_divided_budget, cut_qubit_prop, cut_incremental_budget, cut_incremental_qubit_prop

SUMMARY
------------------------------------------------------------------------
Total: 40  ok: 40  failed: 0

RESULTS BY CIRCUIT
------------------------------------------------------------------------
  12q / 0_Clifford+T_001
    ✓ [  30.2s]  cut_divided_budget
    ✓ [  23.3s]  cut_qubit_prop
    ✓ [1180.9s]  cut_incremental_budget
    ✓ [1200.9s]  cut_incremental_qubit_prop

  12q / 1_Clifford+T_002
    ✓ [ 110.7s]  cut_divided_budget
    ✓ [ 107.0s]  cut_qubit_prop
    ✓ [1240.3s]  cut_incremental_budget
    ✓ [1257.6s]  cut_incremental_qubit_prop

  12q / 2_Clifford+T_004
    ✓ [  36.4s]  cut_divided_budget
    ✓ [  30.6s]  cut_qubit_prop
    ✓ [1192.0s]  cut_incremental_budget
    ✓ [1227.3s]  cut_incremental_qubit_prop

  12q / 3_Clifford+T_006
    ✓ [  30.6s]  cut_divided_budget
    ✓ [  24.0s]  cut_qubit_prop
    ✓ [1191.5s]  cut_incremental_budget
    ✓ [1203.4s]  cut_incremental_qubit_prop

  12q / 4_Clifford+T_011
    ✓ [ 112.3s]  cut_divided_budget
    ✓ [ 110.1s]  cut_qubit_prop
    ✓ [1249.4s]  cut_incremental_budget
    ✓ [1272.7s]  cut_incremental_qubit_prop

  12q / 5_Clifford+T_013
    ✓ [ 101.8s]  cut_divided_budget
    ✓ [  93.9s]  cut_qubit_prop
    ✓ [1273.2s]  cut_incremental_budget
    ✓ [1269.3s]  cut_incremental_qubit_prop

  12q / 6_Clifford+T_015
    ✓ [  30.2s]  cut_divided_budget
    ✓ [  23.7s]  cut_qubit_prop
    ✓ [1198.6s]  cut_incremental_budget
    ✓ [1216.6s]  cut_incremental_qubit_prop

  12q / 7_Clifford+T_019
    ✓ [  12.1s]  cut_divided_budget
    ✓ [   4.6s]  cut_qubit_prop
    ✓ [1242.2s]  cut_incremental_budget
    ✓ [1240.6s]  cut_incremental_qubit_prop

  12q / 8_Clifford+T_021
    ✓ [  30.2s]  cut_divided_budget
    ✓ [  23.9s]  cut_qubit_prop
    ✓ [1224.3s]  cut_incremental_budget
    ✓ [1236.6s]  cut_incremental_qubit_prop

  12q / 9_Clifford+T_025
    ✓ [ 102.7s]  cut_divided_budget
    ✓ [  95.0s]  cut_qubit_prop
    ✓ [1255.0s]  cut_incremental_budget
    ✓ [1260.5s]  cut_incremental_qubit_prop

========================================================================
