========================================================================
CUTTABLE CIRCUIT BENCHMARK RUN REPORT
Timestamp : 2026-06-16 19:27:51
========================================================================

DESIGN
------------------------------------------------------------------------
  Input        : valid_circuits.pkl produced by generate_and_cut.py
  Cut strategy : find_and_place_cuts + CutStrategy(min_free_wires=2)
  Ground truth : PennyLane default.qubit statevector (shots=None)
  Reconstruction: qcut_processing_fn (tensor contraction)
  Observable   : per-circuit Pauli string stored in CircuitSpec.observable
  Error        : |perf_exp_val - result|

CONFIGURATION
------------------------------------------------------------------------
  Shots (B)                 : 20000
  Noisy backend             : 'aer.fake_torino'
  Ideal backend             : 'aer.perfect'
  Simulator seed            : 42
  Output dir                : PosixPath('results/new/stable_shots_runs02_15-16q_no_vanilla/20000_shots/torino/15_qubits')
  2q-gate alpha             : 0.8
  Incr. batch shots         : 50
  Incr. threshold           : 0.005
  Incr. offset              : 3
  Incr. stability k         : 5
  Incr. stopping criterion  : 'delta'
  Incr. distance metric     : 'tvd'
  Incr. window size         : 3
  Incr. EWMA alpha          : 0.5
  Selected modes            : cut_divided_budget, cut_qubit_prop, cut_incremental_budget, cut_incremental_qubit_prop

SUMMARY
------------------------------------------------------------------------
Total: 40  ok: 40  failed: 0

RESULTS BY CIRCUIT
------------------------------------------------------------------------
  15q / 0_Clifford+T_003
    ✓ [  31.9s]  cut_divided_budget
    ✓ [  20.3s]  cut_qubit_prop
    ✓ [ 971.8s]  cut_incremental_budget
    ✓ [ 990.9s]  cut_incremental_qubit_prop

  15q / 1_Clifford+T_009
    ✓ [  25.1s]  cut_divided_budget
    ✓ [  19.3s]  cut_qubit_prop
    ✓ [1001.8s]  cut_incremental_budget
    ✓ [1005.0s]  cut_incremental_qubit_prop

  15q / 2_Clifford+T_011
    ✓ [  33.1s]  cut_divided_budget
    ✓ [  26.4s]  cut_qubit_prop
    ✓ [ 972.9s]  cut_incremental_budget
    ✓ [ 995.9s]  cut_incremental_qubit_prop

  15q / 3_Clifford+T_015
    ✓ [  82.7s]  cut_divided_budget
    ✓ [  74.2s]  cut_qubit_prop
    ✓ [1019.6s]  cut_incremental_budget
    ✓ [1019.8s]  cut_incremental_qubit_prop

  15q / 4_Clifford+T_016
    ✓ [  25.2s]  cut_divided_budget
    ✓ [  19.0s]  cut_qubit_prop
    ✓ [ 959.2s]  cut_incremental_budget
    ✓ [ 982.1s]  cut_incremental_qubit_prop

  15q / 5_Clifford+T_018
    ✓ [  26.4s]  cut_divided_budget
    ✓ [  18.6s]  cut_qubit_prop
    ✓ [ 922.6s]  cut_incremental_budget
    ✓ [ 973.9s]  cut_incremental_qubit_prop

  15q / 6_Clifford+T_022
    ✓ [  25.5s]  cut_divided_budget
    ✓ [  18.8s]  cut_qubit_prop
    ✓ [ 947.8s]  cut_incremental_budget
    ✓ [ 968.2s]  cut_incremental_qubit_prop

  15q / 7_Clifford+T_023
    ✓ [  32.7s]  cut_divided_budget
    ✓ [  25.5s]  cut_qubit_prop
    ✓ [ 898.3s]  cut_incremental_budget
    ✓ [ 982.0s]  cut_incremental_qubit_prop

  15q / 8_Clifford+T_024
    ✓ [  61.7s]  cut_divided_budget
    ✓ [  75.2s]  cut_qubit_prop
    ✓ [ 939.4s]  cut_incremental_budget
    ✓ [1034.0s]  cut_incremental_qubit_prop

  15q / 9_Clifford+T_026
    ✓ [  62.1s]  cut_divided_budget
    ✓ [  82.9s]  cut_qubit_prop
    ✓ [ 833.3s]  cut_incremental_budget
    ✓ [1036.8s]  cut_incremental_qubit_prop

========================================================================
