========================================================================
CUTTABLE CIRCUIT BENCHMARK RUN REPORT
Timestamp : 2026-06-17 19:29:29
========================================================================

DESIGN
------------------------------------------------------------------------
  Input        : valid_circuits.pkl produced by generate_and_cut.py
  Cut strategy : find_and_place_cuts + CutStrategy(min_free_wires=2)
  Ground truth : PennyLane default.qubit statevector (shots=None)
  Reconstruction: qcut_processing_fn (tensor contraction)
  Observable   : per-circuit Pauli string stored in CircuitSpec.observable
  Error        : |perf_exp_val - result|

CONFIGURATION
------------------------------------------------------------------------
  Shots (B)                 : 5000
  Noisy backend             : 'aer.fake_torino'
  Ideal backend             : 'aer.perfect'
  Simulator seed            : 42
  Output dir                : PosixPath('results/new/stable_shots3/5000_shots/torino/11_qubits')
  2q-gate alpha             : 0.8
  Incr. batch shots         : 50
  Incr. threshold           : 0.05
  Incr. offset              : 3
  Incr. stability k         : 5
  Incr. stopping criterion  : 'delta'
  Incr. distance metric     : 'tvd'
  Incr. window size         : 3
  Incr. EWMA alpha          : 0.5
  Selected modes            : noisy_vanilla, cut_divided_budget, cut_qubit_prop, cut_incremental_budget, cut_incremental_qubit_prop

SUMMARY
------------------------------------------------------------------------
Total: 50  ok: 50  failed: 0

RESULTS BY CIRCUIT
------------------------------------------------------------------------
  11q / 0_Clifford+T_001
    ✓ [   9.0s]  noisy_vanilla
    ✓ [ 138.0s]  cut_divided_budget
    ✓ [ 124.7s]  cut_qubit_prop
    ✓ [ 482.1s]  cut_incremental_budget
    ✓ [ 455.1s]  cut_incremental_qubit_prop

  11q / 1_Clifford+T_002
    ✓ [   7.8s]  noisy_vanilla
    ✓ [ 140.5s]  cut_divided_budget
    ✓ [ 128.5s]  cut_qubit_prop
    ✓ [ 502.4s]  cut_incremental_budget
    ✓ [ 408.2s]  cut_incremental_qubit_prop

  11q / 2_Clifford+T_011
    ✓ [   7.6s]  noisy_vanilla
    ✓ [  43.3s]  cut_divided_budget
    ✓ [  32.1s]  cut_qubit_prop
    ✓ [ 343.6s]  cut_incremental_budget
    ✓ [ 348.3s]  cut_incremental_qubit_prop

  11q / 3_Clifford+T_015
    ✓ [   7.6s]  noisy_vanilla
    ✓ [  39.4s]  cut_divided_budget
    ✓ [  27.4s]  cut_qubit_prop
    ✓ [ 295.1s]  cut_incremental_budget
    ✓ [ 393.9s]  cut_incremental_qubit_prop

  11q / 4_Clifford+T_017
    ✓ [   7.1s]  noisy_vanilla
    ✓ [  41.5s]  cut_divided_budget
    ✓ [  21.8s]  cut_qubit_prop
    ✓ [ 300.1s]  cut_incremental_budget
    ✓ [ 215.7s]  cut_incremental_qubit_prop

  11q / 5_Clifford+T_025
    ✓ [   4.4s]  noisy_vanilla
    ✓ [  26.0s]  cut_divided_budget
    ✓ [  18.7s]  cut_qubit_prop
    ✓ [ 225.1s]  cut_incremental_budget
    ✓ [ 359.0s]  cut_incremental_qubit_prop

  11q / 6_Clifford+T_026
    ✓ [   7.8s]  noisy_vanilla
    ✓ [  40.8s]  cut_divided_budget
    ✓ [  34.6s]  cut_qubit_prop
    ✓ [ 375.9s]  cut_incremental_budget
    ✓ [ 400.8s]  cut_incremental_qubit_prop

  11q / 7_Clifford+T_029
    ✓ [   4.4s]  noisy_vanilla
    ✓ [  37.3s]  cut_divided_budget
    ✓ [  31.1s]  cut_qubit_prop
    ✓ [ 323.1s]  cut_incremental_budget
    ✓ [ 236.3s]  cut_incremental_qubit_prop

  11q / 8_Clifford+T_030
    ✓ [   3.7s]  noisy_vanilla
    ✓ [  29.0s]  cut_divided_budget
    ✓ [  23.2s]  cut_qubit_prop
    ✓ [ 338.0s]  cut_incremental_budget
    ✓ [ 332.4s]  cut_incremental_qubit_prop

  11q / 9_Clifford+T_033
    ✓ [   7.5s]  noisy_vanilla
    ✓ [  36.5s]  cut_divided_budget
    ✓ [  30.0s]  cut_qubit_prop
    ✓ [ 351.9s]  cut_incremental_budget
    ✓ [ 238.7s]  cut_incremental_qubit_prop

========================================================================
