========================================================================
CUTTABLE CIRCUIT BENCHMARK RUN REPORT
Timestamp : 2026-04-29 11:28:09
========================================================================

DESIGN
------------------------------------------------------------------------
  Input        : valid_circuits.pkl produced by generate_and_cut.py
  Cut strategy : find_and_place_cuts + CutStrategy(min_free_wires=2)
  Ground truth : PennyLane default.qubit statevector (shots=None)
  Reconstruction: qcut_processing_fn (tensor contraction)
  Observable   : per-circuit Pauli string stored in CircuitSpec.observable
  Error        : |perf_exp_val - result|

CONFIGURATION
------------------------------------------------------------------------
  Shots (B)                 : 20000
  Noisy backend             : 'aer.fake_torino'
  Ideal backend             : 'aer.perfect'
  Simulator seed            : 42
  Output dir                : PosixPath('results/20k_ewma_03/09_qubits')
  2q-gate alpha             : 0.8
  Incr. batch shots         : 50
  Incr. threshold           : 0.01
  Incr. offset              : 3
  Incr. stability k         : 5
  Incr. stopping criterion  : 'ewma'
  Incr. distance metric     : 'tvd'
  Incr. window size         : 3
  Incr. EWMA alpha          : 0.3
  Selected modes            : noisy_vanilla, cut_divided_budget, cut_qubit_prop, cut_incremental_budget, cut_incremental_qubit_prop

SUMMARY
------------------------------------------------------------------------
Total: 50  ok: 50  failed: 0

RESULTS BY CIRCUIT
------------------------------------------------------------------------
  9q / 0_Clifford+T_004
    ✓ [   3.0s]  noisy_vanilla
    ✓ [  94.0s]  cut_divided_budget
    ✓ [  73.7s]  cut_qubit_prop
    ✓ [ 771.1s]  cut_incremental_budget
    ✓ [ 651.6s]  cut_incremental_qubit_prop

  9q / 1_QuantumVolume_012
    ✓ [   2.6s]  noisy_vanilla
    ✓ [1102.3s]  cut_divided_budget
    ✓ [  70.3s]  cut_qubit_prop
    ✓ [ 765.0s]  cut_incremental_budget
    ✓ [ 747.1s]  cut_incremental_qubit_prop

  9q / 2_Clifford+T_016
    ✓ [   2.7s]  noisy_vanilla
    ✓ [  81.5s]  cut_divided_budget
    ✓ [  83.9s]  cut_qubit_prop
    ✓ [ 704.1s]  cut_incremental_budget
    ✓ [ 654.2s]  cut_incremental_qubit_prop

  9q / 3_Clifford+T_034
    ✓ [   2.7s]  noisy_vanilla
    ✓ [  24.8s]  cut_divided_budget
    ✓ [  17.7s]  cut_qubit_prop
    ✓ [ 189.2s]  cut_incremental_budget
    ✓ [ 199.1s]  cut_incremental_qubit_prop

  9q / 4_Clifford+T_070
    ✓ [   2.2s]  noisy_vanilla
    ✓ [  25.9s]  cut_divided_budget
    ✓ [  19.2s]  cut_qubit_prop
    ✓ [ 184.2s]  cut_incremental_budget
    ✓ [ 178.3s]  cut_incremental_qubit_prop

  9q / 5_Clifford+T_106
    ✓ [   2.1s]  noisy_vanilla
    ✓ [  80.5s]  cut_divided_budget
    ✓ [  75.2s]  cut_qubit_prop
    ✓ [ 701.5s]  cut_incremental_budget
    ✓ [ 645.2s]  cut_incremental_qubit_prop

  9q / 6_QuantumVolume_126
    ✓ [   2.5s]  noisy_vanilla
    ✓ [1168.3s]  cut_divided_budget
    ✓ [  98.4s]  cut_qubit_prop
    ✓ [ 716.6s]  cut_incremental_budget
    ✓ [ 708.4s]  cut_incremental_qubit_prop

  9q / 7_Clifford+T_154
    ✓ [   4.0s]  noisy_vanilla
    ✓ [  24.3s]  cut_divided_budget
    ✓ [  17.6s]  cut_qubit_prop
    ✓ [ 172.6s]  cut_incremental_budget
    ✓ [ 181.1s]  cut_incremental_qubit_prop

  9q / 8_Clifford+T_166
    ✓ [   2.0s]  noisy_vanilla
    ✓ [  23.4s]  cut_divided_budget
    ✓ [  17.2s]  cut_qubit_prop
    ✓ [ 178.6s]  cut_incremental_budget
    ✓ [ 174.4s]  cut_incremental_qubit_prop

  9q / 9_Clifford+T_184
    ✓ [   2.8s]  noisy_vanilla
    ✓ [  83.3s]  cut_divided_budget
    ✓ [  70.3s]  cut_qubit_prop
    ✓ [ 746.5s]  cut_incremental_budget
    ✓ [ 602.0s]  cut_incremental_qubit_prop

========================================================================
