========================================================================
CUTTABLE CIRCUIT BENCHMARK RUN REPORT
Timestamp : 2026-05-27 16:38:00
========================================================================

DESIGN
------------------------------------------------------------------------
  Input        : valid_circuits.pkl produced by generate_and_cut.py
  Cut strategy : find_and_place_cuts + CutStrategy(min_free_wires=2)
  Ground truth : PennyLane default.qubit statevector (shots=None)
  Reconstruction: qcut_processing_fn (tensor contraction)
  Observable   : per-circuit Pauli string stored in CircuitSpec.observable
  Error        : |perf_exp_val - result|

CONFIGURATION
------------------------------------------------------------------------
  Shots (B)                 : 20000
  Noisy backend             : 'aer.fake_kyoto'
  Ideal backend             : 'aer.perfect'
  Simulator seed            : 42
  Output dir                : PosixPath('results/new/ewma_20k_kyoto_01/13_qubits')
  2q-gate alpha             : 0.8
  Incr. batch shots         : 50
  Incr. threshold           : 0.03
  Incr. offset              : 3
  Incr. stability k         : 3
  Incr. stopping criterion  : 'ewma'
  Incr. distance metric     : 'tvd'
  Incr. window size         : 3
  Incr. EWMA alpha          : 0.5
  Selected modes            : noisy_vanilla, cut_divided_budget, cut_qubit_prop, cut_incremental_budget, cut_incremental_qubit_prop

SUMMARY
------------------------------------------------------------------------
Total: 50  ok: 50  failed: 0

RESULTS BY CIRCUIT
------------------------------------------------------------------------
  13q / 0_Clifford+T_002
    ✓ [  17.5s]  noisy_vanilla
    ✓ [ 100.0s]  cut_divided_budget
    ✓ [  19.5s]  cut_qubit_prop
    ✓ [ 220.3s]  cut_incremental_budget
    ✓ [ 209.0s]  cut_incremental_qubit_prop

  13q / 1_Clifford+T_004
    ✓ [   5.9s]  noisy_vanilla
    ✓ [  23.0s]  cut_divided_budget
    ✓ [  14.7s]  cut_qubit_prop
    ✓ [ 367.6s]  cut_incremental_budget
    ✓ [ 335.6s]  cut_incremental_qubit_prop

  13q / 2_Clifford+T_007
    ✓ [   7.0s]  noisy_vanilla
    ✓ [  22.2s]  cut_divided_budget
    ✓ [  14.3s]  cut_qubit_prop
    ✓ [ 324.1s]  cut_incremental_budget
    ✓ [ 324.6s]  cut_incremental_qubit_prop

  13q / 3_Clifford+T_010
    ✓ [   6.4s]  noisy_vanilla
    ✓ [  26.0s]  cut_divided_budget
    ✓ [  16.1s]  cut_qubit_prop
    ✓ [ 320.4s]  cut_incremental_budget
    ✓ [ 375.7s]  cut_incremental_qubit_prop

  13q / 4_Clifford+T_012
    ✓ [   4.8s]  noisy_vanilla
    ✓ [  24.1s]  cut_divided_budget
    ✓ [  17.1s]  cut_qubit_prop
    ✓ [ 267.1s]  cut_incremental_budget
    ✓ [ 310.3s]  cut_incremental_qubit_prop

  13q / 5_Clifford+T_014
    ✓ [   7.3s]  noisy_vanilla
    ✓ [  70.7s]  cut_divided_budget
    ✓ [  60.1s]  cut_qubit_prop
    ✓ [ 841.2s]  cut_incremental_budget
    ✓ [ 718.7s]  cut_incremental_qubit_prop

  13q / 6_Clifford+T_015
    ✓ [  11.8s]  noisy_vanilla
    ✓ [  45.8s]  cut_divided_budget
    ✓ [  15.5s]  cut_qubit_prop
    ✓ [ 320.3s]  cut_incremental_budget
    ✓ [ 311.7s]  cut_incremental_qubit_prop

  13q / 7_Clifford+T_016
    ✓ [  11.0s]  noisy_vanilla
    ✓ [  44.5s]  cut_divided_budget
    ✓ [  37.6s]  cut_qubit_prop
    ✓ [ 221.0s]  cut_incremental_budget
    ✓ [ 190.1s]  cut_incremental_qubit_prop

  13q / 8_Clifford+T_017
    ✓ [   5.7s]  noisy_vanilla
    ✓ [  23.6s]  cut_divided_budget
    ✓ [  13.6s]  cut_qubit_prop
    ✓ [ 352.9s]  cut_incremental_budget
    ✓ [ 276.1s]  cut_incremental_qubit_prop

  13q / 9_Clifford+T_020
    ✓ [   6.8s]  noisy_vanilla
    ✓ [  24.5s]  cut_divided_budget
    ✓ [  20.3s]  cut_qubit_prop
    ✓ [ 352.0s]  cut_incremental_budget
    ✓ [ 275.0s]  cut_incremental_qubit_prop

========================================================================
