========================================================================
CUTTABLE CIRCUIT BENCHMARK RUN REPORT
Timestamp : 2026-05-26 11:46:56
========================================================================

DESIGN
------------------------------------------------------------------------
  Input        : valid_circuits.pkl produced by generate_and_cut.py
  Cut strategy : find_and_place_cuts + CutStrategy(min_free_wires=2)
  Ground truth : PennyLane default.qubit statevector (shots=None)
  Reconstruction: qcut_processing_fn (tensor contraction)
  Observable   : per-circuit Pauli string stored in CircuitSpec.observable
  Error        : |perf_exp_val - result|

CONFIGURATION
------------------------------------------------------------------------
  Shots (B)                 : 20000
  Noisy backend             : 'aer.fake_torino'
  Ideal backend             : 'aer.perfect'
  Simulator seed            : 42
  Output dir                : PosixPath('results/new/ewma_20k_torino_paper/07_qubits')
  2q-gate alpha             : 0.8
  Incr. batch shots         : 100
  Incr. threshold           : 0.01
  Incr. offset              : 2
  Incr. stability k         : 3
  Incr. stopping criterion  : 'delta'
  Incr. distance metric     : 'tvd'
  Incr. window size         : 2
  Incr. EWMA alpha          : 0.5
  Selected modes            : noisy_vanilla, cut_divided_budget, cut_qubit_prop, cut_incremental_budget, cut_incremental_qubit_prop

SUMMARY
------------------------------------------------------------------------
Total: 50  ok: 50  failed: 0

RESULTS BY CIRCUIT
------------------------------------------------------------------------
  7q / 0_Clifford+T_004
    ✓ [   3.4s]  noisy_vanilla
    ✓ [  96.2s]  cut_divided_budget
    ✓ [ 155.2s]  cut_qubit_prop
    ✓ [ 770.9s]  cut_incremental_budget
    ✓ [ 721.2s]  cut_incremental_qubit_prop

  7q / 1_Clifford+T_022
    ✓ [   3.7s]  noisy_vanilla
    ✓ [ 110.5s]  cut_divided_budget
    ✓ [ 100.0s]  cut_qubit_prop
    ✓ [ 753.4s]  cut_incremental_budget
    ✓ [ 668.7s]  cut_incremental_qubit_prop

  7q / 2_Clifford+T_025
    ✓ [   3.2s]  noisy_vanilla
    ✓ [ 131.6s]  cut_divided_budget
    ✓ [ 134.4s]  cut_qubit_prop
    ✓ [1057.4s]  cut_incremental_budget
    ✓ [1191.9s]  cut_incremental_qubit_prop

  7q / 3_Clifford+T_033
    ✓ [   7.1s]  noisy_vanilla
    ✓ [ 182.2s]  cut_divided_budget
    ✓ [ 200.4s]  cut_qubit_prop
    ✓ [1275.2s]  cut_incremental_budget
    ✓ [1208.8s]  cut_incremental_qubit_prop

  7q / 4_Clifford+T_035
    ✓ [   3.8s]  noisy_vanilla
    ✓ [  58.4s]  cut_divided_budget
    ✓ [  36.2s]  cut_qubit_prop
    ✓ [ 690.3s]  cut_incremental_budget
    ✓ [ 613.9s]  cut_incremental_qubit_prop

  7q / 5_Clifford+T_048
    ✓ [   3.4s]  noisy_vanilla
    ✓ [ 156.0s]  cut_divided_budget
    ✓ [ 138.4s]  cut_qubit_prop
    ✓ [ 990.6s]  cut_incremental_budget
    ✓ [ 622.7s]  cut_incremental_qubit_prop

  7q / 6_Clifford+T_053
    ✓ [   4.0s]  noisy_vanilla
    ✓ [ 110.8s]  cut_divided_budget
    ✓ [ 102.1s]  cut_qubit_prop
    ✓ [ 646.8s]  cut_incremental_budget
    ✓ [ 653.1s]  cut_incremental_qubit_prop

  7q / 7_Clifford+T_055
    ✓ [   2.6s]  noisy_vanilla
    ✓ [  97.1s]  cut_divided_budget
    ✓ [  97.8s]  cut_qubit_prop
    ✓ [ 632.3s]  cut_incremental_budget
    ✓ [ 635.6s]  cut_incremental_qubit_prop

  7q / 8_Clifford+T_059
    ✓ [   4.3s]  noisy_vanilla
    ✓ [  98.8s]  cut_divided_budget
    ✓ [ 103.1s]  cut_qubit_prop
    ✓ [ 662.1s]  cut_incremental_budget
    ✓ [ 569.1s]  cut_incremental_qubit_prop

  7q / 9_Clifford+T_060
    ✓ [   2.8s]  noisy_vanilla
    ✓ [ 103.0s]  cut_divided_budget
    ✓ [  92.1s]  cut_qubit_prop
    ✓ [ 577.9s]  cut_incremental_budget
    ✓ [ 532.7s]  cut_incremental_qubit_prop

========================================================================
