========================================================================
CUTTABLE CIRCUIT BENCHMARK RUN REPORT
Timestamp : 2026-06-14 02:54:54
========================================================================

DESIGN
------------------------------------------------------------------------
  Input        : valid_circuits.pkl produced by generate_and_cut.py
  Cut strategy : find_and_place_cuts + CutStrategy(min_free_wires=2)
  Ground truth : PennyLane default.qubit statevector (shots=None)
  Reconstruction: qcut_processing_fn (tensor contraction)
  Observable   : per-circuit Pauli string stored in CircuitSpec.observable
  Error        : |perf_exp_val - result|

CONFIGURATION
------------------------------------------------------------------------
  Shots (B)                 : 20000
  Noisy backend             : 'aer.fake_sherbrooke'
  Ideal backend             : 'aer.perfect'
  Simulator seed            : 42
  Output dir                : PosixPath('results/new/stable_shots_runs_10-14q_no_vanilla/20000_shots/sherbrooke/13_qubits')
  2q-gate alpha             : 0.8
  Incr. batch shots         : 50
  Incr. threshold           : 0.0005
  Incr. offset              : 2
  Incr. stability k         : 5
  Incr. stopping criterion  : 'delta'
  Incr. distance metric     : 'tvd'
  Incr. window size         : 3
  Incr. EWMA alpha          : 0.5
  Selected modes            : cut_divided_budget, cut_qubit_prop, cut_incremental_budget, cut_incremental_qubit_prop

SUMMARY
------------------------------------------------------------------------
Total: 40  ok: 40  failed: 0

RESULTS BY CIRCUIT
------------------------------------------------------------------------
  13q / 0_Clifford+T_002
    ✓ [  32.8s]  cut_divided_budget
    ✓ [  33.0s]  cut_qubit_prop
    ✓ [ 595.9s]  cut_incremental_budget
    ✓ [ 623.5s]  cut_incremental_qubit_prop

  13q / 1_Clifford+T_004
    ✓ [  18.5s]  cut_divided_budget
    ✓ [  11.7s]  cut_qubit_prop
    ✓ [ 581.7s]  cut_incremental_budget
    ✓ [ 593.3s]  cut_incremental_qubit_prop

  13q / 2_Clifford+T_007
    ✓ [  18.1s]  cut_divided_budget
    ✓ [  11.7s]  cut_qubit_prop
    ✓ [ 598.3s]  cut_incremental_budget
    ✓ [ 602.3s]  cut_incremental_qubit_prop

  13q / 3_Clifford+T_010
    ✓ [  25.3s]  cut_divided_budget
    ✓ [  18.5s]  cut_qubit_prop
    ✓ [ 593.4s]  cut_incremental_budget
    ✓ [ 612.0s]  cut_incremental_qubit_prop

  13q / 4_Clifford+T_012
    ✓ [  22.4s]  cut_divided_budget
    ✓ [  15.7s]  cut_qubit_prop
    ✓ [ 594.1s]  cut_incremental_budget
    ✓ [ 612.7s]  cut_incremental_qubit_prop

  13q / 5_Clifford+T_014
    ✓ [  54.2s]  cut_divided_budget
    ✓ [  47.4s]  cut_qubit_prop
    ✓ [ 624.4s]  cut_incremental_budget
    ✓ [ 600.7s]  cut_incremental_qubit_prop

  13q / 6_Clifford+T_015
    ✓ [  18.6s]  cut_divided_budget
    ✓ [  11.9s]  cut_qubit_prop
    ✓ [ 591.2s]  cut_incremental_budget
    ✓ [ 602.5s]  cut_incremental_qubit_prop

  13q / 7_Clifford+T_016
    ✓ [  18.5s]  cut_divided_budget
    ✓ [  11.7s]  cut_qubit_prop
    ✓ [ 589.0s]  cut_incremental_budget
    ✓ [ 600.9s]  cut_incremental_qubit_prop

  13q / 8_Clifford+T_017
    ✓ [  17.9s]  cut_divided_budget
    ✓ [  11.6s]  cut_qubit_prop
    ✓ [ 584.5s]  cut_incremental_budget
    ✓ [ 593.3s]  cut_incremental_qubit_prop

  13q / 9_Clifford+T_020
    ✓ [  34.8s]  cut_divided_budget
    ✓ [  45.0s]  cut_qubit_prop
    ✓ [ 551.2s]  cut_incremental_budget
    ✓ [ 636.9s]  cut_incremental_qubit_prop

========================================================================
