========================================================================
CUTTABLE CIRCUIT BENCHMARK RUN REPORT
Timestamp : 2026-06-18 13:13:15
========================================================================

DESIGN
------------------------------------------------------------------------
  Input        : valid_circuits.pkl produced by generate_and_cut.py
  Cut strategy : find_and_place_cuts + CutStrategy(min_free_wires=2)
  Ground truth : PennyLane default.qubit statevector (shots=None)
  Reconstruction: qcut_processing_fn (tensor contraction)
  Observable   : per-circuit Pauli string stored in CircuitSpec.observable
  Error        : |perf_exp_val - result|

CONFIGURATION
------------------------------------------------------------------------
  Shots (B)                 : 20000
  Noisy backend             : 'aer.fake_kyoto'
  Ideal backend             : 'aer.perfect'
  Simulator seed            : 42
  Output dir                : PosixPath('results/new/stable_shots3/20000_shots/kyoto/10_qubits')
  2q-gate alpha             : 0.8
  Incr. batch shots         : 50
  Incr. threshold           : 0.05
  Incr. offset              : 3
  Incr. stability k         : 5
  Incr. stopping criterion  : 'delta'
  Incr. distance metric     : 'tvd'
  Incr. window size         : 3
  Incr. EWMA alpha          : 0.5
  Selected modes            : noisy_vanilla, cut_divided_budget, cut_qubit_prop, cut_incremental_budget, cut_incremental_qubit_prop

SUMMARY
------------------------------------------------------------------------
Total: 50  ok: 50  failed: 0

RESULTS BY CIRCUIT
------------------------------------------------------------------------
  10q / 0_Clifford+T_001
    ✓ [   2.5s]  noisy_vanilla
    ✓ [  60.2s]  cut_divided_budget
    ✓ [  83.5s]  cut_qubit_prop
    ✓ [1017.7s]  cut_incremental_budget
    ✓ [1042.2s]  cut_incremental_qubit_prop

  10q / 1_Clifford+T_004
    ✓ [   3.7s]  noisy_vanilla
    ✓ [  28.4s]  cut_divided_budget
    ✓ [  20.9s]  cut_qubit_prop
    ✓ [ 357.3s]  cut_incremental_budget
    ✓ [ 392.4s]  cut_incremental_qubit_prop

  10q / 2_Clifford+T_008
    ✓ [   3.8s]  noisy_vanilla
    ✓ [  90.3s]  cut_divided_budget
    ✓ [  83.2s]  cut_qubit_prop
    ✓ [ 848.5s]  cut_incremental_budget
    ✓ [ 975.5s]  cut_incremental_qubit_prop

  10q / 3_Clifford+T_015
    ✓ [   3.6s]  noisy_vanilla
    ✓ [  27.4s]  cut_divided_budget
    ✓ [  20.1s]  cut_qubit_prop
    ✓ [ 290.4s]  cut_incremental_budget
    ✓ [ 308.0s]  cut_incremental_qubit_prop

  10q / 4_Clifford+T_024
    ✓ [   3.7s]  noisy_vanilla
    ✓ [  91.1s]  cut_divided_budget
    ✓ [  83.5s]  cut_qubit_prop
    ✓ [ 860.7s]  cut_incremental_budget
    ✓ [ 661.4s]  cut_incremental_qubit_prop

  10q / 5_Clifford+T_026
    ✓ [   2.2s]  noisy_vanilla
    ✓ [  57.0s]  cut_divided_budget
    ✓ [  54.4s]  cut_qubit_prop
    ✓ [ 655.1s]  cut_incremental_budget
    ✓ [ 643.5s]  cut_incremental_qubit_prop

  10q / 6_Clifford+T_032
    ✓ [   2.1s]  noisy_vanilla
    ✓ [  20.4s]  cut_divided_budget
    ✓ [  12.8s]  cut_qubit_prop
    ✓ [ 163.2s]  cut_incremental_budget
    ✓ [ 161.3s]  cut_incremental_qubit_prop

  10q / 7_Clifford+T_033
    ✓ [   2.2s]  noisy_vanilla
    ✓ [  20.2s]  cut_divided_budget
    ✓ [  12.7s]  cut_qubit_prop
    ✓ [ 160.4s]  cut_incremental_budget
    ✓ [ 168.9s]  cut_incremental_qubit_prop

  10q / 8_Clifford+T_039
    ✓ [   2.2s]  noisy_vanilla
    ✓ [  58.4s]  cut_divided_budget
    ✓ [  50.7s]  cut_qubit_prop
    ✓ [ 632.6s]  cut_incremental_budget
    ✓ [ 699.6s]  cut_incremental_qubit_prop

  10q / 9_Clifford+T_041
    ✓ [   2.2s]  noisy_vanilla
    ✓ [  19.9s]  cut_divided_budget
    ✓ [  12.1s]  cut_qubit_prop
    ✓ [ 175.2s]  cut_incremental_budget
    ✓ [ 164.6s]  cut_incremental_qubit_prop

========================================================================
