========================================================================
CUTTABLE CIRCUIT BENCHMARK RUN REPORT
Timestamp : 2026-05-29 17:09:54
========================================================================

DESIGN
------------------------------------------------------------------------
  Input        : valid_circuits.pkl produced by generate_and_cut.py
  Cut strategy : find_and_place_cuts + CutStrategy(min_free_wires=2)
  Ground truth : PennyLane default.qubit statevector (shots=None)
  Reconstruction: qcut_processing_fn (tensor contraction)
  Observable   : per-circuit Pauli string stored in CircuitSpec.observable
  Error        : |perf_exp_val - result|

CONFIGURATION
------------------------------------------------------------------------
  Shots (B)                 : 5000
  Noisy backend             : 'aer.fake_torino'
  Ideal backend             : 'aer.perfect'
  Simulator seed            : 42
  Output dir                : PosixPath('results/new/ewma_10k_torino_01/14_qubits')
  2q-gate alpha             : 0.8
  Incr. batch shots         : 50
  Incr. threshold           : 0.03
  Incr. offset              : 3
  Incr. stability k         : 3
  Incr. stopping criterion  : 'ewma'
  Incr. distance metric     : 'tvd'
  Incr. window size         : 3
  Incr. EWMA alpha          : 0.5
  Selected modes            : noisy_vanilla, cut_divided_budget, cut_qubit_prop, cut_incremental_budget, cut_incremental_qubit_prop

SUMMARY
------------------------------------------------------------------------
Total: 50  ok: 50  failed: 0

RESULTS BY CIRCUIT
------------------------------------------------------------------------
  14q / 0_Clifford+T_001
    ✓ [  18.3s]  noisy_vanilla
    ✓ [  89.3s]  cut_divided_budget
    ✓ [  82.8s]  cut_qubit_prop
    ✓ [ 342.1s]  cut_incremental_budget
    ✓ [ 302.0s]  cut_incremental_qubit_prop

  14q / 1_Clifford+T_011
    ✓ [   6.1s]  noisy_vanilla
    ✓ [  93.2s]  cut_divided_budget
    ✓ [  78.5s]  cut_qubit_prop
    ✓ [ 351.0s]  cut_incremental_budget
    ✓ [ 276.2s]  cut_incremental_qubit_prop

  14q / 2_Clifford+T_012
    ✓ [   6.6s]  noisy_vanilla
    ✓ [  27.9s]  cut_divided_budget
    ✓ [  19.5s]  cut_qubit_prop
    ✓ [ 273.2s]  cut_incremental_budget
    ✓ [ 278.2s]  cut_incremental_qubit_prop

  14q / 3_Clifford+T_014
    ✓ [   6.1s]  noisy_vanilla
    ✓ [  31.2s]  cut_divided_budget
    ✓ [  28.9s]  cut_qubit_prop
    ✓ [ 238.1s]  cut_incremental_budget
    ✓ [ 280.2s]  cut_incremental_qubit_prop

  14q / 4_Clifford+T_015
    ✓ [   6.0s]  noisy_vanilla
    ✓ [  12.4s]  cut_divided_budget
    ✓ [   4.3s]  cut_qubit_prop
    ✓ [ 106.6s]  cut_incremental_budget
    ✓ [ 109.9s]  cut_incremental_qubit_prop

  14q / 5_Clifford+T_016
    ✓ [   8.2s]  noisy_vanilla
    ✓ [  43.1s]  cut_divided_budget
    ✓ [  28.9s]  cut_qubit_prop
    ✓ [ 262.4s]  cut_incremental_budget
    ✓ [ 218.3s]  cut_incremental_qubit_prop

  14q / 6_Clifford+T_018
    ✓ [   6.4s]  noisy_vanilla
    ✓ [  29.4s]  cut_divided_budget
    ✓ [  21.5s]  cut_qubit_prop
    ✓ [ 337.8s]  cut_incremental_budget
    ✓ [ 330.4s]  cut_incremental_qubit_prop

  14q / 7_Clifford+T_019
    ✓ [   6.4s]  noisy_vanilla
    ✓ [  34.6s]  cut_divided_budget
    ✓ [  28.1s]  cut_qubit_prop
    ✓ [ 252.3s]  cut_incremental_budget
    ✓ [ 329.1s]  cut_incremental_qubit_prop

  14q / 8_Clifford+T_022
    ✓ [   7.4s]  noisy_vanilla
    ✓ [  32.6s]  cut_divided_budget
    ✓ [  20.3s]  cut_qubit_prop
    ✓ [ 263.8s]  cut_incremental_budget
    ✓ [ 259.9s]  cut_incremental_qubit_prop

  14q / 9_Clifford+T_026
    ✓ [   5.9s]  noisy_vanilla
    ✓ [  28.6s]  cut_divided_budget
    ✓ [  25.9s]  cut_qubit_prop
    ✓ [ 286.8s]  cut_incremental_budget
    ✓ [ 264.0s]  cut_incremental_qubit_prop

========================================================================
