========================================================================
CUTTABLE CIRCUIT BENCHMARK RUN REPORT
Timestamp : 2026-06-13 21:47:56
========================================================================

DESIGN
------------------------------------------------------------------------
  Input        : valid_circuits.pkl produced by generate_and_cut.py
  Cut strategy : find_and_place_cuts + CutStrategy(min_free_wires=2)
  Ground truth : PennyLane default.qubit statevector (shots=None)
  Reconstruction: qcut_processing_fn (tensor contraction)
  Observable   : per-circuit Pauli string stored in CircuitSpec.observable
  Error        : |perf_exp_val - result|

CONFIGURATION
------------------------------------------------------------------------
  Shots (B)                 : 20000
  Noisy backend             : 'aer.fake_torino'
  Ideal backend             : 'aer.perfect'
  Simulator seed            : 42
  Output dir                : PosixPath('results/new/stable_shots_runs_10-14q_no_vanilla/20000_shots/torino/13_qubits')
  2q-gate alpha             : 0.8
  Incr. batch shots         : 50
  Incr. threshold           : 0.0005
  Incr. offset              : 2
  Incr. stability k         : 5
  Incr. stopping criterion  : 'delta'
  Incr. distance metric     : 'tvd'
  Incr. window size         : 3
  Incr. EWMA alpha          : 0.5
  Selected modes            : cut_divided_budget, cut_qubit_prop, cut_incremental_budget, cut_incremental_qubit_prop

SUMMARY
------------------------------------------------------------------------
Total: 40  ok: 40  failed: 0

RESULTS BY CIRCUIT
------------------------------------------------------------------------
  13q / 0_Clifford+T_002
    ✓ [  45.7s]  cut_divided_budget
    ✓ [  44.8s]  cut_qubit_prop
    ✓ [1189.9s]  cut_incremental_budget
    ✓ [1230.3s]  cut_incremental_qubit_prop

  13q / 1_Clifford+T_004
    ✓ [  30.2s]  cut_divided_budget
    ✓ [  23.9s]  cut_qubit_prop
    ✓ [1175.0s]  cut_incremental_budget
    ✓ [1195.3s]  cut_incremental_qubit_prop

  13q / 2_Clifford+T_007
    ✓ [  30.0s]  cut_divided_budget
    ✓ [  23.5s]  cut_qubit_prop
    ✓ [1202.0s]  cut_incremental_budget
    ✓ [1215.1s]  cut_incremental_qubit_prop

  13q / 3_Clifford+T_010
    ✓ [  37.3s]  cut_divided_budget
    ✓ [  30.8s]  cut_qubit_prop
    ✓ [1187.1s]  cut_incremental_budget
    ✓ [1220.1s]  cut_incremental_qubit_prop

  13q / 4_Clifford+T_012
    ✓ [  34.0s]  cut_divided_budget
    ✓ [  28.2s]  cut_qubit_prop
    ✓ [1191.2s]  cut_incremental_budget
    ✓ [1219.3s]  cut_incremental_qubit_prop

  13q / 5_Clifford+T_014
    ✓ [ 101.8s]  cut_divided_budget
    ✓ [  95.5s]  cut_qubit_prop
    ✓ [1260.8s]  cut_incremental_budget
    ✓ [1211.7s]  cut_incremental_qubit_prop

  13q / 6_Clifford+T_015
    ✓ [  30.4s]  cut_divided_budget
    ✓ [  24.0s]  cut_qubit_prop
    ✓ [1189.9s]  cut_incremental_budget
    ✓ [1209.1s]  cut_incremental_qubit_prop

  13q / 7_Clifford+T_016
    ✓ [  30.4s]  cut_divided_budget
    ✓ [  23.5s]  cut_qubit_prop
    ✓ [1192.0s]  cut_incremental_budget
    ✓ [1210.3s]  cut_incremental_qubit_prop

  13q / 8_Clifford+T_017
    ✓ [  29.6s]  cut_divided_budget
    ✓ [  23.9s]  cut_qubit_prop
    ✓ [1189.0s]  cut_incremental_budget
    ✓ [1203.8s]  cut_incremental_qubit_prop

  13q / 9_Clifford+T_020
    ✓ [  47.8s]  cut_divided_budget
    ✓ [  57.3s]  cut_qubit_prop
    ✓ [1207.6s]  cut_incremental_budget
    ✓ [1255.9s]  cut_incremental_qubit_prop

========================================================================
