========================================================================
CUTTABLE CIRCUIT BENCHMARK RUN REPORT
Timestamp : 2026-06-10 00:08:46
========================================================================

DESIGN
------------------------------------------------------------------------
  Input        : valid_circuits.pkl produced by generate_and_cut.py
  Cut strategy : find_and_place_cuts + CutStrategy(min_free_wires=2)
  Ground truth : PennyLane default.qubit statevector (shots=None)
  Reconstruction: qcut_processing_fn (tensor contraction)
  Observable   : per-circuit Pauli string stored in CircuitSpec.observable
  Error        : |perf_exp_val - result|

CONFIGURATION
------------------------------------------------------------------------
  Shots (B)                 : 20000
  Noisy backend             : 'aer.fake_sherbrooke'
  Ideal backend             : 'aer.perfect'
  Simulator seed            : 42
  Output dir                : PosixPath('results/new/stable_shots_runs/20000_shots/sherbrooke/13_qubits')
  2q-gate alpha             : 0.8
  Incr. batch shots         : 50
  Incr. threshold           : 0.005
  Incr. offset              : 3
  Incr. stability k         : 5
  Incr. stopping criterion  : 'delta'
  Incr. distance metric     : 'tvd'
  Incr. window size         : 3
  Incr. EWMA alpha          : 0.5
  Selected modes            : noisy_vanilla, cut_divided_budget, cut_qubit_prop, cut_incremental_budget, cut_incremental_qubit_prop

SUMMARY
------------------------------------------------------------------------
Total: 50  ok: 10  failed: 40

RESULTS BY CIRCUIT
------------------------------------------------------------------------
  13q / 0_Clifford+T_002
    ✓ [  36.6s]  noisy_vanilla
    ✗ [  71.9s]  cut_divided_budget
             ERROR: ImportError: The opt_einsum package is required when use_opt_einsum is set to True in the contract_tensors function. This package can be installed using:
pip install opt_einsum
    ✗ [  87.6s]  cut_qubit_prop
             ERROR: ImportError: The opt_einsum package is required when use_opt_einsum is set to True in the contract_tensors function. This package can be installed using:
pip install opt_einsum
    ✗ [ 865.4s]  cut_incremental_budget
             ERROR: ImportError: The opt_einsum package is required when use_opt_einsum is set to True in the contract_tensors function. This package can be installed using:
pip install opt_einsum
    ✗ [1239.4s]  cut_incremental_qubit_prop
             ERROR: ImportError: The opt_einsum package is required when use_opt_einsum is set to True in the contract_tensors function. This package can be installed using:
pip install opt_einsum

  13q / 1_Clifford+T_004
    ✓ [   7.2s]  noisy_vanilla
    ✗ [  39.8s]  cut_divided_budget
             ERROR: ImportError: The opt_einsum package is required when use_opt_einsum is set to True in the contract_tensors function. This package can be installed using:
pip install opt_einsum
    ✗ [  29.2s]  cut_qubit_prop
             ERROR: ImportError: The opt_einsum package is required when use_opt_einsum is set to True in the contract_tensors function. This package can be installed using:
pip install opt_einsum
    ✗ [1170.3s]  cut_incremental_budget
             ERROR: ImportError: The opt_einsum package is required when use_opt_einsum is set to True in the contract_tensors function. This package can be installed using:
pip install opt_einsum
    ✗ [1332.9s]  cut_incremental_qubit_prop
             ERROR: ImportError: The opt_einsum package is required when use_opt_einsum is set to True in the contract_tensors function. This package can be installed using:
pip install opt_einsum

  13q / 2_Clifford+T_007
    ✓ [   9.8s]  noisy_vanilla
    ✗ [  41.1s]  cut_divided_budget
             ERROR: ImportError: The opt_einsum package is required when use_opt_einsum is set to True in the contract_tensors function. This package can be installed using:
pip install opt_einsum
    ✗ [  30.1s]  cut_qubit_prop
             ERROR: ImportError: The opt_einsum package is required when use_opt_einsum is set to True in the contract_tensors function. This package can be installed using:
pip install opt_einsum
    ✗ [1315.2s]  cut_incremental_budget
             ERROR: ImportError: The opt_einsum package is required when use_opt_einsum is set to True in the contract_tensors function. This package can be installed using:
pip install opt_einsum
    ✗ [1262.6s]  cut_incremental_qubit_prop
             ERROR: ImportError: The opt_einsum package is required when use_opt_einsum is set to True in the contract_tensors function. This package can be installed using:
pip install opt_einsum

  13q / 3_Clifford+T_010
    ✓ [   7.0s]  noisy_vanilla
    ✗ [  39.2s]  cut_divided_budget
             ERROR: ImportError: The opt_einsum package is required when use_opt_einsum is set to True in the contract_tensors function. This package can be installed using:
pip install opt_einsum
    ✗ [  28.2s]  cut_qubit_prop
             ERROR: ImportError: The opt_einsum package is required when use_opt_einsum is set to True in the contract_tensors function. This package can be installed using:
pip install opt_einsum
    ✗ [1074.8s]  cut_incremental_budget
             ERROR: ImportError: The opt_einsum package is required when use_opt_einsum is set to True in the contract_tensors function. This package can be installed using:
pip install opt_einsum
    ✗ [1653.5s]  cut_incremental_qubit_prop
             ERROR: ImportError: The opt_einsum package is required when use_opt_einsum is set to True in the contract_tensors function. This package can be installed using:
pip install opt_einsum

  13q / 4_Clifford+T_012
    ✓ [   4.9s]  noisy_vanilla
    ✗ [  30.3s]  cut_divided_budget
             ERROR: ImportError: The opt_einsum package is required when use_opt_einsum is set to True in the contract_tensors function. This package can be installed using:
pip install opt_einsum
    ✗ [  22.9s]  cut_qubit_prop
             ERROR: ImportError: The opt_einsum package is required when use_opt_einsum is set to True in the contract_tensors function. This package can be installed using:
pip install opt_einsum
    ✗ [ 854.8s]  cut_incremental_budget
             ERROR: ImportError: The opt_einsum package is required when use_opt_einsum is set to True in the contract_tensors function. This package can be installed using:
pip install opt_einsum
    ✗ [ 852.9s]  cut_incremental_qubit_prop
             ERROR: ImportError: The opt_einsum package is required when use_opt_einsum is set to True in the contract_tensors function. This package can be installed using:
pip install opt_einsum

  13q / 5_Clifford+T_014
    ✓ [   4.2s]  noisy_vanilla
    ✗ [  84.6s]  cut_divided_budget
             ERROR: ImportError: The opt_einsum package is required when use_opt_einsum is set to True in the contract_tensors function. This package can be installed using:
pip install opt_einsum
    ✗ [  76.5s]  cut_qubit_prop
             ERROR: ImportError: The opt_einsum package is required when use_opt_einsum is set to True in the contract_tensors function. This package can be installed using:
pip install opt_einsum
    ✗ [ 801.1s]  cut_incremental_budget
             ERROR: ImportError: The opt_einsum package is required when use_opt_einsum is set to True in the contract_tensors function. This package can be installed using:
pip install opt_einsum
    ✗ [ 738.0s]  cut_incremental_qubit_prop
             ERROR: ImportError: The opt_einsum package is required when use_opt_einsum is set to True in the contract_tensors function. This package can be installed using:
pip install opt_einsum

  13q / 6_Clifford+T_015
    ✓ [   3.2s]  noisy_vanilla
    ✗ [  20.7s]  cut_divided_budget
             ERROR: ImportError: The opt_einsum package is required when use_opt_einsum is set to True in the contract_tensors function. This package can be installed using:
pip install opt_einsum
    ✗ [  15.4s]  cut_qubit_prop
             ERROR: ImportError: The opt_einsum package is required when use_opt_einsum is set to True in the contract_tensors function. This package can be installed using:
pip install opt_einsum
    ✗ [ 676.2s]  cut_incremental_budget
             ERROR: ImportError: The opt_einsum package is required when use_opt_einsum is set to True in the contract_tensors function. This package can be installed using:
pip install opt_einsum
    ✗ [ 691.3s]  cut_incremental_qubit_prop
             ERROR: ImportError: The opt_einsum package is required when use_opt_einsum is set to True in the contract_tensors function. This package can be installed using:
pip install opt_einsum

  13q / 7_Clifford+T_016
    ✓ [   3.2s]  noisy_vanilla
    ✗ [  20.8s]  cut_divided_budget
             ERROR: ImportError: The opt_einsum package is required when use_opt_einsum is set to True in the contract_tensors function. This package can be installed using:
pip install opt_einsum
    ✗ [  14.5s]  cut_qubit_prop
             ERROR: ImportError: The opt_einsum package is required when use_opt_einsum is set to True in the contract_tensors function. This package can be installed using:
pip install opt_einsum
    ✗ [ 587.0s]  cut_incremental_budget
             ERROR: ImportError: The opt_einsum package is required when use_opt_einsum is set to True in the contract_tensors function. This package can be installed using:
pip install opt_einsum
    ✗ [ 584.4s]  cut_incremental_qubit_prop
             ERROR: ImportError: The opt_einsum package is required when use_opt_einsum is set to True in the contract_tensors function. This package can be installed using:
pip install opt_einsum

  13q / 8_Clifford+T_017
    ✓ [   2.9s]  noisy_vanilla
    ✗ [  16.2s]  cut_divided_budget
             ERROR: ImportError: The opt_einsum package is required when use_opt_einsum is set to True in the contract_tensors function. This package can be installed using:
pip install opt_einsum
    ✗ [  12.7s]  cut_qubit_prop
             ERROR: ImportError: The opt_einsum package is required when use_opt_einsum is set to True in the contract_tensors function. This package can be installed using:
pip install opt_einsum
    ✗ [ 467.9s]  cut_incremental_budget
             ERROR: ImportError: The opt_einsum package is required when use_opt_einsum is set to True in the contract_tensors function. This package can be installed using:
pip install opt_einsum
    ✗ [ 516.9s]  cut_incremental_qubit_prop
             ERROR: ImportError: The opt_einsum package is required when use_opt_einsum is set to True in the contract_tensors function. This package can be installed using:
pip install opt_einsum

  13q / 9_Clifford+T_020
    ✓ [   2.7s]  noisy_vanilla
    ✗ [  16.6s]  cut_divided_budget
             ERROR: ImportError: The opt_einsum package is required when use_opt_einsum is set to True in the contract_tensors function. This package can be installed using:
pip install opt_einsum
    ✗ [  13.8s]  cut_qubit_prop
             ERROR: ImportError: The opt_einsum package is required when use_opt_einsum is set to True in the contract_tensors function. This package can be installed using:
pip install opt_einsum
    ✗ [ 388.9s]  cut_incremental_budget
             ERROR: ImportError: The opt_einsum package is required when use_opt_einsum is set to True in the contract_tensors function. This package can be installed using:
pip install opt_einsum
    ✗ [ 547.0s]  cut_incremental_qubit_prop
             ERROR: ImportError: The opt_einsum package is required when use_opt_einsum is set to True in the contract_tensors function. This package can be installed using:
pip install opt_einsum

------------------------------------------------------------------------
FAILED MODES
------------------------------------------------------------------------
  13q / 0_Clifford+T_002 / cut_divided_budget
    ImportError: The opt_einsum package is required when use_opt_einsum is set to True in the contract_tensors function. This package can be installed using:
pip install opt_einsum
  13q / 0_Clifford+T_002 / cut_qubit_prop
    ImportError: The opt_einsum package is required when use_opt_einsum is set to True in the contract_tensors function. This package can be installed using:
pip install opt_einsum
  13q / 0_Clifford+T_002 / cut_incremental_budget
    ImportError: The opt_einsum package is required when use_opt_einsum is set to True in the contract_tensors function. This package can be installed using:
pip install opt_einsum
  13q / 0_Clifford+T_002 / cut_incremental_qubit_prop
    ImportError: The opt_einsum package is required when use_opt_einsum is set to True in the contract_tensors function. This package can be installed using:
pip install opt_einsum
  13q / 1_Clifford+T_004 / cut_divided_budget
    ImportError: The opt_einsum package is required when use_opt_einsum is set to True in the contract_tensors function. This package can be installed using:
pip install opt_einsum
  13q / 1_Clifford+T_004 / cut_qubit_prop
    ImportError: The opt_einsum package is required when use_opt_einsum is set to True in the contract_tensors function. This package can be installed using:
pip install opt_einsum
  13q / 1_Clifford+T_004 / cut_incremental_budget
    ImportError: The opt_einsum package is required when use_opt_einsum is set to True in the contract_tensors function. This package can be installed using:
pip install opt_einsum
  13q / 1_Clifford+T_004 / cut_incremental_qubit_prop
    ImportError: The opt_einsum package is required when use_opt_einsum is set to True in the contract_tensors function. This package can be installed using:
pip install opt_einsum
  13q / 2_Clifford+T_007 / cut_divided_budget
    ImportError: The opt_einsum package is required when use_opt_einsum is set to True in the contract_tensors function. This package can be installed using:
pip install opt_einsum
  13q / 2_Clifford+T_007 / cut_qubit_prop
    ImportError: The opt_einsum package is required when use_opt_einsum is set to True in the contract_tensors function. This package can be installed using:
pip install opt_einsum
  13q / 2_Clifford+T_007 / cut_incremental_budget
    ImportError: The opt_einsum package is required when use_opt_einsum is set to True in the contract_tensors function. This package can be installed using:
pip install opt_einsum
  13q / 2_Clifford+T_007 / cut_incremental_qubit_prop
    ImportError: The opt_einsum package is required when use_opt_einsum is set to True in the contract_tensors function. This package can be installed using:
pip install opt_einsum
  13q / 3_Clifford+T_010 / cut_divided_budget
    ImportError: The opt_einsum package is required when use_opt_einsum is set to True in the contract_tensors function. This package can be installed using:
pip install opt_einsum
  13q / 3_Clifford+T_010 / cut_qubit_prop
    ImportError: The opt_einsum package is required when use_opt_einsum is set to True in the contract_tensors function. This package can be installed using:
pip install opt_einsum
  13q / 3_Clifford+T_010 / cut_incremental_budget
    ImportError: The opt_einsum package is required when use_opt_einsum is set to True in the contract_tensors function. This package can be installed using:
pip install opt_einsum
  13q / 3_Clifford+T_010 / cut_incremental_qubit_prop
    ImportError: The opt_einsum package is required when use_opt_einsum is set to True in the contract_tensors function. This package can be installed using:
pip install opt_einsum
  13q / 4_Clifford+T_012 / cut_divided_budget
    ImportError: The opt_einsum package is required when use_opt_einsum is set to True in the contract_tensors function. This package can be installed using:
pip install opt_einsum
  13q / 4_Clifford+T_012 / cut_qubit_prop
    ImportError: The opt_einsum package is required when use_opt_einsum is set to True in the contract_tensors function. This package can be installed using:
pip install opt_einsum
  13q / 4_Clifford+T_012 / cut_incremental_budget
    ImportError: The opt_einsum package is required when use_opt_einsum is set to True in the contract_tensors function. This package can be installed using:
pip install opt_einsum
  13q / 4_Clifford+T_012 / cut_incremental_qubit_prop
    ImportError: The opt_einsum package is required when use_opt_einsum is set to True in the contract_tensors function. This package can be installed using:
pip install opt_einsum
  13q / 5_Clifford+T_014 / cut_divided_budget
    ImportError: The opt_einsum package is required when use_opt_einsum is set to True in the contract_tensors function. This package can be installed using:
pip install opt_einsum
  13q / 5_Clifford+T_014 / cut_qubit_prop
    ImportError: The opt_einsum package is required when use_opt_einsum is set to True in the contract_tensors function. This package can be installed using:
pip install opt_einsum
  13q / 5_Clifford+T_014 / cut_incremental_budget
    ImportError: The opt_einsum package is required when use_opt_einsum is set to True in the contract_tensors function. This package can be installed using:
pip install opt_einsum
  13q / 5_Clifford+T_014 / cut_incremental_qubit_prop
    ImportError: The opt_einsum package is required when use_opt_einsum is set to True in the contract_tensors function. This package can be installed using:
pip install opt_einsum
  13q / 6_Clifford+T_015 / cut_divided_budget
    ImportError: The opt_einsum package is required when use_opt_einsum is set to True in the contract_tensors function. This package can be installed using:
pip install opt_einsum
  13q / 6_Clifford+T_015 / cut_qubit_prop
    ImportError: The opt_einsum package is required when use_opt_einsum is set to True in the contract_tensors function. This package can be installed using:
pip install opt_einsum
  13q / 6_Clifford+T_015 / cut_incremental_budget
    ImportError: The opt_einsum package is required when use_opt_einsum is set to True in the contract_tensors function. This package can be installed using:
pip install opt_einsum
  13q / 6_Clifford+T_015 / cut_incremental_qubit_prop
    ImportError: The opt_einsum package is required when use_opt_einsum is set to True in the contract_tensors function. This package can be installed using:
pip install opt_einsum
  13q / 7_Clifford+T_016 / cut_divided_budget
    ImportError: The opt_einsum package is required when use_opt_einsum is set to True in the contract_tensors function. This package can be installed using:
pip install opt_einsum
  13q / 7_Clifford+T_016 / cut_qubit_prop
    ImportError: The opt_einsum package is required when use_opt_einsum is set to True in the contract_tensors function. This package can be installed using:
pip install opt_einsum
  13q / 7_Clifford+T_016 / cut_incremental_budget
    ImportError: The opt_einsum package is required when use_opt_einsum is set to True in the contract_tensors function. This package can be installed using:
pip install opt_einsum
  13q / 7_Clifford+T_016 / cut_incremental_qubit_prop
    ImportError: The opt_einsum package is required when use_opt_einsum is set to True in the contract_tensors function. This package can be installed using:
pip install opt_einsum
  13q / 8_Clifford+T_017 / cut_divided_budget
    ImportError: The opt_einsum package is required when use_opt_einsum is set to True in the contract_tensors function. This package can be installed using:
pip install opt_einsum
  13q / 8_Clifford+T_017 / cut_qubit_prop
    ImportError: The opt_einsum package is required when use_opt_einsum is set to True in the contract_tensors function. This package can be installed using:
pip install opt_einsum
  13q / 8_Clifford+T_017 / cut_incremental_budget
    ImportError: The opt_einsum package is required when use_opt_einsum is set to True in the contract_tensors function. This package can be installed using:
pip install opt_einsum
  13q / 8_Clifford+T_017 / cut_incremental_qubit_prop
    ImportError: The opt_einsum package is required when use_opt_einsum is set to True in the contract_tensors function. This package can be installed using:
pip install opt_einsum
  13q / 9_Clifford+T_020 / cut_divided_budget
    ImportError: The opt_einsum package is required when use_opt_einsum is set to True in the contract_tensors function. This package can be installed using:
pip install opt_einsum
  13q / 9_Clifford+T_020 / cut_qubit_prop
    ImportError: The opt_einsum package is required when use_opt_einsum is set to True in the contract_tensors function. This package can be installed using:
pip install opt_einsum
  13q / 9_Clifford+T_020 / cut_incremental_budget
    ImportError: The opt_einsum package is required when use_opt_einsum is set to True in the contract_tensors function. This package can be installed using:
pip install opt_einsum
  13q / 9_Clifford+T_020 / cut_incremental_qubit_prop
    ImportError: The opt_einsum package is required when use_opt_einsum is set to True in the contract_tensors function. This package can be installed using:
pip install opt_einsum

========================================================================
