========================================================================
CUTTABLE CIRCUIT BENCHMARK RUN REPORT
Timestamp : 2026-05-29 18:25:19
========================================================================

DESIGN
------------------------------------------------------------------------
  Input        : valid_circuits.pkl produced by generate_and_cut.py
  Cut strategy : find_and_place_cuts + CutStrategy(min_free_wires=2)
  Ground truth : PennyLane default.qubit statevector (shots=None)
  Reconstruction: qcut_processing_fn (tensor contraction)
  Observable   : per-circuit Pauli string stored in CircuitSpec.observable
  Error        : |perf_exp_val - result|

CONFIGURATION
------------------------------------------------------------------------
  Shots (B)                 : 5000
  Noisy backend             : 'aer.fake_sherbrooke'
  Ideal backend             : 'aer.perfect'
  Simulator seed            : 42
  Output dir                : PosixPath('results/new/ewma_10k_sherbroke_01/14_qubits')
  2q-gate alpha             : 0.8
  Incr. batch shots         : 50
  Incr. threshold           : 0.03
  Incr. offset              : 3
  Incr. stability k         : 3
  Incr. stopping criterion  : 'ewma'
  Incr. distance metric     : 'tvd'
  Incr. window size         : 3
  Incr. EWMA alpha          : 0.5
  Selected modes            : noisy_vanilla, cut_divided_budget, cut_qubit_prop, cut_incremental_budget, cut_incremental_qubit_prop

SUMMARY
------------------------------------------------------------------------
Total: 50  ok: 50  failed: 0

RESULTS BY CIRCUIT
------------------------------------------------------------------------
  14q / 0_Clifford+T_001
    ✓ [  15.8s]  noisy_vanilla
    ✓ [  71.2s]  cut_divided_budget
    ✓ [  54.7s]  cut_qubit_prop
    ✓ [ 200.4s]  cut_incremental_budget
    ✓ [ 185.7s]  cut_incremental_qubit_prop

  14q / 1_Clifford+T_011
    ✓ [   4.7s]  noisy_vanilla
    ✓ [  55.5s]  cut_divided_budget
    ✓ [  48.4s]  cut_qubit_prop
    ✓ [ 209.3s]  cut_incremental_budget
    ✓ [ 174.7s]  cut_incremental_qubit_prop

  14q / 2_Clifford+T_012
    ✓ [   4.9s]  noisy_vanilla
    ✓ [  23.1s]  cut_divided_budget
    ✓ [  12.2s]  cut_qubit_prop
    ✓ [ 140.7s]  cut_incremental_budget
    ✓ [ 159.9s]  cut_incremental_qubit_prop

  14q / 3_Clifford+T_014
    ✓ [   5.3s]  noisy_vanilla
    ✓ [  19.6s]  cut_divided_budget
    ✓ [  12.9s]  cut_qubit_prop
    ✓ [ 135.3s]  cut_incremental_budget
    ✓ [ 146.9s]  cut_incremental_qubit_prop

  14q / 4_Clifford+T_015
    ✓ [   4.9s]  noisy_vanilla
    ✓ [  11.3s]  cut_divided_budget
    ✓ [   3.8s]  cut_qubit_prop
    ✓ [  61.8s]  cut_incremental_budget
    ✓ [  76.9s]  cut_incremental_qubit_prop

  14q / 5_Clifford+T_016
    ✓ [   5.2s]  noisy_vanilla
    ✓ [  19.3s]  cut_divided_budget
    ✓ [  16.0s]  cut_qubit_prop
    ✓ [ 157.5s]  cut_incremental_budget
    ✓ [ 155.3s]  cut_incremental_qubit_prop

  14q / 6_Clifford+T_018
    ✓ [   5.7s]  noisy_vanilla
    ✓ [  21.2s]  cut_divided_budget
    ✓ [  11.9s]  cut_qubit_prop
    ✓ [ 151.3s]  cut_incremental_budget
    ✓ [ 165.2s]  cut_incremental_qubit_prop

  14q / 7_Clifford+T_019
    ✓ [   5.5s]  noisy_vanilla
    ✓ [  21.9s]  cut_divided_budget
    ✓ [  12.5s]  cut_qubit_prop
    ✓ [ 138.4s]  cut_incremental_budget
    ✓ [ 154.6s]  cut_incremental_qubit_prop

  14q / 8_Clifford+T_022
    ✓ [   5.0s]  noisy_vanilla
    ✓ [  20.9s]  cut_divided_budget
    ✓ [  11.9s]  cut_qubit_prop
    ✓ [ 141.9s]  cut_incremental_budget
    ✓ [ 149.0s]  cut_incremental_qubit_prop

  14q / 9_Clifford+T_026
    ✓ [   5.4s]  noisy_vanilla
    ✓ [  20.6s]  cut_divided_budget
    ✓ [  11.0s]  cut_qubit_prop
    ✓ [ 137.7s]  cut_incremental_budget
    ✓ [ 136.9s]  cut_incremental_qubit_prop

========================================================================
