========================================================================
CUTTABLE CIRCUIT BENCHMARK RUN REPORT
Timestamp : 2026-06-18 03:42:18
========================================================================

DESIGN
------------------------------------------------------------------------
  Input        : valid_circuits.pkl produced by generate_and_cut.py
  Cut strategy : find_and_place_cuts + CutStrategy(min_free_wires=2)
  Ground truth : PennyLane default.qubit statevector (shots=None)
  Reconstruction: qcut_processing_fn (tensor contraction)
  Observable   : per-circuit Pauli string stored in CircuitSpec.observable
  Error        : |perf_exp_val - result|

CONFIGURATION
------------------------------------------------------------------------
  Shots (B)                 : 10000
  Noisy backend             : 'aer.fake_kawasaki'
  Ideal backend             : 'aer.perfect'
  Simulator seed            : 42
  Output dir                : PosixPath('results/new/stable_shots3/10000_shots/kawasaki/14_qubits')
  2q-gate alpha             : 0.8
  Incr. batch shots         : 50
  Incr. threshold           : 0.05
  Incr. offset              : 3
  Incr. stability k         : 5
  Incr. stopping criterion  : 'delta'
  Incr. distance metric     : 'tvd'
  Incr. window size         : 3
  Incr. EWMA alpha          : 0.5
  Selected modes            : noisy_vanilla, cut_divided_budget, cut_qubit_prop, cut_incremental_budget, cut_incremental_qubit_prop

SUMMARY
------------------------------------------------------------------------
Total: 50  ok: 50  failed: 0

RESULTS BY CIRCUIT
------------------------------------------------------------------------
  14q / 0_Clifford+T_001
    ✓ [ 142.5s]  noisy_vanilla
    ✓ [  94.6s]  cut_divided_budget
    ✓ [  84.2s]  cut_qubit_prop
    ✓ [ 474.0s]  cut_incremental_budget
    ✓ [ 466.6s]  cut_incremental_qubit_prop

  14q / 1_Clifford+T_011
    ✓ [  97.6s]  noisy_vanilla
    ✓ [  67.9s]  cut_divided_budget
    ✓ [  67.3s]  cut_qubit_prop
    ✓ [ 417.5s]  cut_incremental_budget
    ✓ [ 282.1s]  cut_incremental_qubit_prop

  14q / 2_Clifford+T_012
    ✓ [  82.0s]  noisy_vanilla
    ✓ [  35.8s]  cut_divided_budget
    ✓ [  25.6s]  cut_qubit_prop
    ✓ [ 212.4s]  cut_incremental_budget
    ✓ [ 254.0s]  cut_incremental_qubit_prop

  14q / 3_Clifford+T_014
    ✓ [ 188.0s]  noisy_vanilla
    ✓ [  71.3s]  cut_divided_budget
    ✓ [  91.3s]  cut_qubit_prop
    ✓ [ 276.3s]  cut_incremental_budget
    ✓ [ 273.0s]  cut_incremental_qubit_prop

  14q / 4_Clifford+T_015
    ✓ [ 151.9s]  noisy_vanilla
    ✓ [  75.4s]  cut_divided_budget
    ✓ [  58.5s]  cut_qubit_prop
    ✓ [  73.3s]  cut_incremental_budget
    ✓ [  65.3s]  cut_incremental_qubit_prop

  14q / 5_Clifford+T_016
    ✓ [ 195.3s]  noisy_vanilla
    ✓ [  23.2s]  cut_divided_budget
    ✓ [  10.4s]  cut_qubit_prop
    ✓ [ 115.9s]  cut_incremental_budget
    ✓ [ 119.1s]  cut_incremental_qubit_prop

  14q / 6_Clifford+T_018
    ✓ [  82.3s]  noisy_vanilla
    ✓ [  19.6s]  cut_divided_budget
    ✓ [  10.1s]  cut_qubit_prop
    ✓ [ 202.5s]  cut_incremental_budget
    ✓ [ 267.9s]  cut_incremental_qubit_prop

  14q / 7_Clifford+T_019
    ✓ [ 159.3s]  noisy_vanilla
    ✓ [  47.5s]  cut_divided_budget
    ✓ [  35.4s]  cut_qubit_prop
    ✓ [ 237.8s]  cut_incremental_budget
    ✓ [ 299.5s]  cut_incremental_qubit_prop

  14q / 8_Clifford+T_022
    ✓ [ 143.6s]  noisy_vanilla
    ✓ [  41.4s]  cut_divided_budget
    ✓ [  44.0s]  cut_qubit_prop
    ✓ [ 236.4s]  cut_incremental_budget
    ✓ [ 232.2s]  cut_incremental_qubit_prop

  14q / 9_Clifford+T_026
    ✓ [ 149.0s]  noisy_vanilla
    ✓ [  20.3s]  cut_divided_budget
    ✓ [  10.3s]  cut_qubit_prop
    ✓ [ 144.2s]  cut_incremental_budget
    ✓ [ 136.1s]  cut_incremental_qubit_prop

========================================================================
