========================================================================
CUTTABLE CIRCUIT BENCHMARK RUN REPORT
Timestamp : 2026-06-18 13:52:56
========================================================================

DESIGN
------------------------------------------------------------------------
  Input        : valid_circuits.pkl produced by generate_and_cut.py
  Cut strategy : find_and_place_cuts + CutStrategy(min_free_wires=2)
  Ground truth : PennyLane default.qubit statevector (shots=None)
  Reconstruction: qcut_processing_fn (tensor contraction)
  Observable   : per-circuit Pauli string stored in CircuitSpec.observable
  Error        : |perf_exp_val - result|

CONFIGURATION
------------------------------------------------------------------------
  Shots (B)                 : 20000
  Noisy backend             : 'aer.fake_kyoto'
  Ideal backend             : 'aer.perfect'
  Simulator seed            : 42
  Output dir                : PosixPath('results/new/stable_shots3/20000_shots/kyoto/14_qubits')
  2q-gate alpha             : 0.8
  Incr. batch shots         : 50
  Incr. threshold           : 0.05
  Incr. offset              : 3
  Incr. stability k         : 5
  Incr. stopping criterion  : 'delta'
  Incr. distance metric     : 'tvd'
  Incr. window size         : 3
  Incr. EWMA alpha          : 0.5
  Selected modes            : noisy_vanilla, cut_divided_budget, cut_qubit_prop, cut_incremental_budget, cut_incremental_qubit_prop

SUMMARY
------------------------------------------------------------------------
Total: 50  ok: 50  failed: 0

RESULTS BY CIRCUIT
------------------------------------------------------------------------
  14q / 0_Clifford+T_001
    ✓ [ 148.4s]  noisy_vanilla
    ✓ [  75.4s]  cut_divided_budget
    ✓ [  78.1s]  cut_qubit_prop
    ✓ [ 782.7s]  cut_incremental_budget
    ✓ [ 760.0s]  cut_incremental_qubit_prop

  14q / 1_Clifford+T_011
    ✓ [ 154.0s]  noisy_vanilla
    ✓ [  66.3s]  cut_divided_budget
    ✓ [  55.3s]  cut_qubit_prop
    ✓ [ 903.0s]  cut_incremental_budget
    ✓ [1077.2s]  cut_incremental_qubit_prop

  14q / 2_Clifford+T_012
    ✓ [ 138.1s]  noisy_vanilla
    ✓ [  43.0s]  cut_divided_budget
    ✓ [  44.0s]  cut_qubit_prop
    ✓ [ 244.1s]  cut_incremental_budget
    ✓ [ 236.7s]  cut_incremental_qubit_prop

  14q / 3_Clifford+T_014
    ✓ [ 148.3s]  noisy_vanilla
    ✓ [  62.1s]  cut_divided_budget
    ✓ [  77.7s]  cut_qubit_prop
    ✓ [ 221.7s]  cut_incremental_budget
    ✓ [ 220.6s]  cut_incremental_qubit_prop

  14q / 4_Clifford+T_015
    ✓ [ 130.9s]  noisy_vanilla
    ✓ [  43.0s]  cut_divided_budget
    ✓ [  31.3s]  cut_qubit_prop
    ✓ [  65.1s]  cut_incremental_budget
    ✓ [  59.6s]  cut_incremental_qubit_prop

  14q / 5_Clifford+T_016
    ✓ [ 125.7s]  noisy_vanilla
    ✓ [  21.4s]  cut_divided_budget
    ✓ [  12.3s]  cut_qubit_prop
    ✓ [ 167.7s]  cut_incremental_budget
    ✓ [ 163.7s]  cut_incremental_qubit_prop

  14q / 6_Clifford+T_018
    ✓ [ 145.9s]  noisy_vanilla
    ✓ [  19.8s]  cut_divided_budget
    ✓ [  12.4s]  cut_qubit_prop
    ✓ [ 207.8s]  cut_incremental_budget
    ✓ [ 212.9s]  cut_incremental_qubit_prop

  14q / 7_Clifford+T_019
    ✓ [ 148.1s]  noisy_vanilla
    ✓ [  41.7s]  cut_divided_budget
    ✓ [  43.7s]  cut_qubit_prop
    ✓ [ 411.5s]  cut_incremental_budget
    ✓ [ 458.4s]  cut_incremental_qubit_prop

  14q / 8_Clifford+T_022
    ✓ [ 286.5s]  noisy_vanilla
    ✓ [  92.9s]  cut_divided_budget
    ✓ [ 141.5s]  cut_qubit_prop
    ✓ [ 383.7s]  cut_incremental_budget
    ✓ [ 371.7s]  cut_incremental_qubit_prop

  14q / 9_Clifford+T_026
    ✓ [ 137.0s]  noisy_vanilla
    ✓ [  18.7s]  cut_divided_budget
    ✓ [  12.2s]  cut_qubit_prop
    ✓ [ 177.2s]  cut_incremental_budget
    ✓ [ 179.6s]  cut_incremental_qubit_prop

========================================================================
