========================================================================
CUTTABLE CIRCUIT BENCHMARK RUN REPORT
Timestamp : 2026-06-16 22:04:10
========================================================================

DESIGN
------------------------------------------------------------------------
  Input        : valid_circuits.pkl produced by generate_and_cut.py
  Cut strategy : find_and_place_cuts + CutStrategy(min_free_wires=2)
  Ground truth : PennyLane default.qubit statevector (shots=None)
  Reconstruction: qcut_processing_fn (tensor contraction)
  Observable   : per-circuit Pauli string stored in CircuitSpec.observable
  Error        : |perf_exp_val - result|

CONFIGURATION
------------------------------------------------------------------------
  Shots (B)                 : 20000
  Noisy backend             : 'aer.fake_kawasaki'
  Ideal backend             : 'aer.perfect'
  Simulator seed            : 42
  Output dir                : PosixPath('results/new/stable_shots_runs02_15-16q_no_vanilla/20000_shots/kawasaki/16_qubits')
  2q-gate alpha             : 0.8
  Incr. batch shots         : 50
  Incr. threshold           : 0.005
  Incr. offset              : 3
  Incr. stability k         : 5
  Incr. stopping criterion  : 'delta'
  Incr. distance metric     : 'tvd'
  Incr. window size         : 3
  Incr. EWMA alpha          : 0.5
  Selected modes            : cut_divided_budget, cut_qubit_prop, cut_incremental_budget, cut_incremental_qubit_prop

SUMMARY
------------------------------------------------------------------------
Total: 40  ok: 40  failed: 0

RESULTS BY CIRCUIT
------------------------------------------------------------------------
  16q / 0_Clifford+T_002
    ✓ [  24.5s]  cut_divided_budget
    ✓ [  17.3s]  cut_qubit_prop
    ✓ [ 840.1s]  cut_incremental_budget
    ✓ [ 853.7s]  cut_incremental_qubit_prop

  16q / 1_Clifford+T_008
    ✓ [  29.4s]  cut_divided_budget
    ✓ [  18.5s]  cut_qubit_prop
    ✓ [ 682.0s]  cut_incremental_budget
    ✓ [ 810.3s]  cut_incremental_qubit_prop

  16q / 2_Clifford+T_015
    ✓ [  83.1s]  cut_divided_budget
    ✓ [ 130.3s]  cut_qubit_prop
    ✓ [ 746.1s]  cut_incremental_budget
    ✓ [ 989.9s]  cut_incremental_qubit_prop

  16q / 3_Clifford+T_016
    ✓ [  22.6s]  cut_divided_budget
    ✓ [  16.7s]  cut_qubit_prop
    ✓ [ 857.3s]  cut_incremental_budget
    ✓ [ 862.2s]  cut_incremental_qubit_prop

  16q / 4_Clifford+T_018
    ✓ [  23.6s]  cut_divided_budget
    ✓ [  16.8s]  cut_qubit_prop
    ✓ [ 828.1s]  cut_incremental_budget
    ✓ [ 849.3s]  cut_incremental_qubit_prop

  16q / 5_Clifford+T_019
    ✓ [ 175.4s]  cut_divided_budget
    ✓ [ 281.8s]  cut_qubit_prop
    ✓ [ 775.5s]  cut_incremental_budget
    ✓ [ 826.9s]  cut_incremental_qubit_prop

  16q / 6_Clifford+T_021
    ✓ [  21.2s]  cut_divided_budget
    ✓ [  14.8s]  cut_qubit_prop
    ✓ [ 521.1s]  cut_incremental_budget
    ✓ [ 525.1s]  cut_incremental_qubit_prop

  16q / 7_Clifford+T_026
    ✓ [  34.8s]  cut_divided_budget
    ✓ [  38.2s]  cut_qubit_prop
    ✓ [ 468.8s]  cut_incremental_budget
    ✓ [ 531.4s]  cut_incremental_qubit_prop

  16q / 8_Clifford+T_032
    ✓ [  34.1s]  cut_divided_budget
    ✓ [  37.3s]  cut_qubit_prop
    ✓ [ 419.2s]  cut_incremental_budget
    ✓ [ 526.3s]  cut_incremental_qubit_prop

  16q / 9_Clifford+T_040
    ✓ [  52.1s]  cut_divided_budget
    ✓ [  71.3s]  cut_qubit_prop
    ✓ [ 420.8s]  cut_incremental_budget
    ✓ [ 575.8s]  cut_incremental_qubit_prop

========================================================================
