========================================================================
CUTTABLE CIRCUIT BENCHMARK RUN REPORT
Timestamp : 2026-06-17 20:51:32
========================================================================

DESIGN
------------------------------------------------------------------------
  Input        : valid_circuits.pkl produced by generate_and_cut.py
  Cut strategy : find_and_place_cuts + CutStrategy(min_free_wires=2)
  Ground truth : PennyLane default.qubit statevector (shots=None)
  Reconstruction: qcut_processing_fn (tensor contraction)
  Observable   : per-circuit Pauli string stored in CircuitSpec.observable
  Error        : |perf_exp_val - result|

CONFIGURATION
------------------------------------------------------------------------
  Shots (B)                 : 5000
  Noisy backend             : 'aer.fake_kyoto'
  Ideal backend             : 'aer.perfect'
  Simulator seed            : 42
  Output dir                : PosixPath('results/new/stable_shots_02/5000_shots/kyoto/11_qubits')
  2q-gate alpha             : 0.8
  Incr. batch shots         : 50
  Incr. threshold           : 0.03
  Incr. offset              : 3
  Incr. stability k         : 3
  Incr. stopping criterion  : 'delta'
  Incr. distance metric     : 'tvd'
  Incr. window size         : 3
  Incr. EWMA alpha          : 0.5
  Selected modes            : noisy_vanilla, cut_divided_budget, cut_qubit_prop, cut_incremental_budget, cut_incremental_qubit_prop

SUMMARY
------------------------------------------------------------------------
Total: 50  ok: 50  failed: 0

RESULTS BY CIRCUIT
------------------------------------------------------------------------
  11q / 0_Clifford+T_001
    ✓ [   7.1s]  noisy_vanilla
    ✓ [  92.8s]  cut_divided_budget
    ✓ [  55.9s]  cut_qubit_prop
    ✓ [ 232.3s]  cut_incremental_budget
    ✓ [ 192.9s]  cut_incremental_qubit_prop

  11q / 1_Clifford+T_002
    ✓ [   3.6s]  noisy_vanilla
    ✓ [  68.1s]  cut_divided_budget
    ✓ [  50.7s]  cut_qubit_prop
    ✓ [ 204.9s]  cut_incremental_budget
    ✓ [ 240.8s]  cut_incremental_qubit_prop

  11q / 2_Clifford+T_011
    ✓ [   3.5s]  noisy_vanilla
    ✓ [  24.1s]  cut_divided_budget
    ✓ [  20.8s]  cut_qubit_prop
    ✓ [ 158.6s]  cut_incremental_budget
    ✓ [ 210.0s]  cut_incremental_qubit_prop

  11q / 3_Clifford+T_015
    ✓ [   3.1s]  noisy_vanilla
    ✓ [  24.3s]  cut_divided_budget
    ✓ [  12.4s]  cut_qubit_prop
    ✓ [ 167.8s]  cut_incremental_budget
    ✓ [ 265.8s]  cut_incremental_qubit_prop

  11q / 4_Clifford+T_017
    ✓ [   5.9s]  noisy_vanilla
    ✓ [  20.6s]  cut_divided_budget
    ✓ [  12.5s]  cut_qubit_prop
    ✓ [ 144.1s]  cut_incremental_budget
    ✓ [ 159.9s]  cut_incremental_qubit_prop

  11q / 5_Clifford+T_025
    ✓ [   3.3s]  noisy_vanilla
    ✓ [  19.4s]  cut_divided_budget
    ✓ [  14.4s]  cut_qubit_prop
    ✓ [ 203.7s]  cut_incremental_budget
    ✓ [ 210.7s]  cut_incremental_qubit_prop

  11q / 6_Clifford+T_026
    ✓ [   3.5s]  noisy_vanilla
    ✓ [  26.8s]  cut_divided_budget
    ✓ [  23.4s]  cut_qubit_prop
    ✓ [ 152.8s]  cut_incremental_budget
    ✓ [ 219.5s]  cut_incremental_qubit_prop

  11q / 7_Clifford+T_029
    ✓ [   3.6s]  noisy_vanilla
    ✓ [  31.1s]  cut_divided_budget
    ✓ [  19.9s]  cut_qubit_prop
    ✓ [ 184.3s]  cut_incremental_budget
    ✓ [ 192.8s]  cut_incremental_qubit_prop

  11q / 8_Clifford+T_030
    ✓ [   3.0s]  noisy_vanilla
    ✓ [  19.2s]  cut_divided_budget
    ✓ [  12.5s]  cut_qubit_prop
    ✓ [ 138.8s]  cut_incremental_budget
    ✓ [ 170.5s]  cut_incremental_qubit_prop

  11q / 9_Clifford+T_033
    ✓ [   3.2s]  noisy_vanilla
    ✓ [  24.2s]  cut_divided_budget
    ✓ [  12.6s]  cut_qubit_prop
    ✓ [ 153.7s]  cut_incremental_budget
    ✓ [ 151.5s]  cut_incremental_qubit_prop

========================================================================
