========================================================================
CUTTABLE CIRCUIT BENCHMARK RUN REPORT
Timestamp : 2026-05-28 15:18:37
========================================================================

DESIGN
------------------------------------------------------------------------
  Input        : valid_circuits.pkl produced by generate_and_cut.py
  Cut strategy : find_and_place_cuts + CutStrategy(min_free_wires=2)
  Ground truth : PennyLane default.qubit statevector (shots=None)
  Reconstruction: qcut_processing_fn (tensor contraction)
  Observable   : per-circuit Pauli string stored in CircuitSpec.observable
  Error        : |perf_exp_val - result|

CONFIGURATION
------------------------------------------------------------------------
  Shots (B)                 : 10000
  Noisy backend             : 'aer.fake_sherbrooke'
  Ideal backend             : 'aer.perfect'
  Simulator seed            : 42
  Output dir                : PosixPath('results/new/ewma_10k_sherbrooke_01/11_qubits')
  2q-gate alpha             : 0.8
  Incr. batch shots         : 50
  Incr. threshold           : 0.03
  Incr. offset              : 3
  Incr. stability k         : 3
  Incr. stopping criterion  : 'ewma'
  Incr. distance metric     : 'tvd'
  Incr. window size         : 3
  Incr. EWMA alpha          : 0.5
  Selected modes            : noisy_vanilla, cut_divided_budget, cut_qubit_prop, cut_incremental_budget, cut_incremental_qubit_prop

SUMMARY
------------------------------------------------------------------------
Total: 50  ok: 50  failed: 0

RESULTS BY CIRCUIT
------------------------------------------------------------------------
  11q / 0_Clifford+T_001
    ✓ [   6.6s]  noisy_vanilla
    ✓ [  94.6s]  cut_divided_budget
    ✓ [  47.2s]  cut_qubit_prop
    ✓ [ 369.1s]  cut_incremental_budget
    ✓ [ 383.6s]  cut_incremental_qubit_prop

  11q / 1_Clifford+T_002
    ✓ [   3.0s]  noisy_vanilla
    ✓ [  65.9s]  cut_divided_budget
    ✓ [  53.7s]  cut_qubit_prop
    ✓ [ 374.7s]  cut_incremental_budget
    ✓ [ 304.4s]  cut_incremental_qubit_prop

  11q / 2_Clifford+T_011
    ✓ [   1.9s]  noisy_vanilla
    ✓ [  22.3s]  cut_divided_budget
    ✓ [  13.3s]  cut_qubit_prop
    ✓ [ 268.4s]  cut_incremental_budget
    ✓ [ 324.7s]  cut_incremental_qubit_prop

  11q / 3_Clifford+T_015
    ✓ [   2.0s]  noisy_vanilla
    ✓ [  23.3s]  cut_divided_budget
    ✓ [  12.6s]  cut_qubit_prop
    ✓ [ 274.1s]  cut_incremental_budget
    ✓ [ 288.2s]  cut_incremental_qubit_prop

  11q / 4_Clifford+T_017
    ✓ [   1.8s]  noisy_vanilla
    ✓ [  21.6s]  cut_divided_budget
    ✓ [  14.6s]  cut_qubit_prop
    ✓ [ 217.1s]  cut_incremental_budget
    ✓ [ 209.6s]  cut_incremental_qubit_prop

  11q / 5_Clifford+T_025
    ✓ [   2.4s]  noisy_vanilla
    ✓ [  24.2s]  cut_divided_budget
    ✓ [  12.8s]  cut_qubit_prop
    ✓ [ 243.1s]  cut_incremental_budget
    ✓ [ 235.2s]  cut_incremental_qubit_prop

  11q / 6_Clifford+T_026
    ✓ [   1.8s]  noisy_vanilla
    ✓ [  23.2s]  cut_divided_budget
    ✓ [  12.6s]  cut_qubit_prop
    ✓ [ 243.9s]  cut_incremental_budget
    ✓ [ 333.7s]  cut_incremental_qubit_prop

  11q / 7_Clifford+T_029
    ✓ [   2.1s]  noisy_vanilla
    ✓ [  18.7s]  cut_divided_budget
    ✓ [  22.9s]  cut_qubit_prop
    ✓ [ 194.4s]  cut_incremental_budget
    ✓ [ 183.6s]  cut_incremental_qubit_prop

  11q / 8_Clifford+T_030
    ✓ [   1.8s]  noisy_vanilla
    ✓ [  20.0s]  cut_divided_budget
    ✓ [  29.2s]  cut_qubit_prop
    ✓ [ 156.7s]  cut_incremental_budget
    ✓ [ 154.9s]  cut_incremental_qubit_prop

  11q / 9_Clifford+T_033
    ✓ [   1.8s]  noisy_vanilla
    ✓ [  21.0s]  cut_divided_budget
    ✓ [  12.0s]  cut_qubit_prop
    ✓ [ 172.2s]  cut_incremental_budget
    ✓ [ 204.2s]  cut_incremental_qubit_prop

========================================================================
