========================================================================
CUTTABLE CIRCUIT BENCHMARK RUN REPORT
Timestamp : 2026-05-19 11:47:28
========================================================================

DESIGN
------------------------------------------------------------------------
  Input        : valid_circuits.pkl produced by generate_and_cut.py
  Cut strategy : find_and_place_cuts + CutStrategy(min_free_wires=2)
  Ground truth : PennyLane default.qubit statevector (shots=None)
  Reconstruction: qcut_processing_fn (tensor contraction)
  Observable   : per-circuit Pauli string stored in CircuitSpec.observable
  Error        : |perf_exp_val - result|

CONFIGURATION
------------------------------------------------------------------------
  Shots (B)                 : 30000
  Noisy backend             : 'aer.fake_torino'
  Ideal backend             : 'aer.perfect'
  Simulator seed            : 42
  Output dir                : PosixPath('results/clif/20k_ewma_01/05_qubits')
  2q-gate alpha             : 0.8
  Incr. batch shots         : 50
  Incr. threshold           : 0.01
  Incr. offset              : 3
  Incr. stability k         : 3
  Incr. stopping criterion  : 'ewma'
  Incr. distance metric     : 'tvd'
  Incr. window size         : 3
  Incr. EWMA alpha          : 0.5
  Selected modes            : noisy_vanilla, cut_divided_budget, cut_qubit_prop, cut_incremental_budget, cut_incremental_qubit_prop

SUMMARY
------------------------------------------------------------------------
Total: 50  ok: 50  failed: 0

RESULTS BY CIRCUIT
------------------------------------------------------------------------
  5q / 0_Clifford+T_002
    ✓ [   3.7s]  noisy_vanilla
    ✓ [ 100.7s]  cut_divided_budget
    ✓ [  92.4s]  cut_qubit_prop
    ✓ [ 720.3s]  cut_incremental_budget
    ✓ [ 754.6s]  cut_incremental_qubit_prop

  5q / 1_Clifford+T_005
    ✓ [   2.5s]  noisy_vanilla
    ✓ [ 108.0s]  cut_divided_budget
    ✓ [  76.5s]  cut_qubit_prop
    ✓ [ 633.5s]  cut_incremental_budget
    ✓ [ 682.4s]  cut_incremental_qubit_prop

  5q / 2_Clifford+T_008
    ✓ [   2.3s]  noisy_vanilla
    ✓ [  82.7s]  cut_divided_budget
    ✓ [  74.9s]  cut_qubit_prop
    ✓ [ 639.5s]  cut_incremental_budget
    ✓ [ 656.0s]  cut_incremental_qubit_prop

  5q / 3_Clifford+T_009
    ✓ [   3.4s]  noisy_vanilla
    ✓ [  87.6s]  cut_divided_budget
    ✓ [  80.2s]  cut_qubit_prop
    ✓ [ 717.4s]  cut_incremental_budget
    ✓ [ 641.0s]  cut_incremental_qubit_prop

  5q / 4_Clifford+T_012
    ✓ [   2.4s]  noisy_vanilla
    ✓ [  85.2s]  cut_divided_budget
    ✓ [  73.2s]  cut_qubit_prop
    ✓ [ 585.5s]  cut_incremental_budget
    ✓ [ 640.1s]  cut_incremental_qubit_prop

  5q / 5_Clifford+T_032
    ✓ [   1.9s]  noisy_vanilla
    ✓ [  78.9s]  cut_divided_budget
    ✓ [  86.7s]  cut_qubit_prop
    ✓ [ 578.8s]  cut_incremental_budget
    ✓ [ 587.6s]  cut_incremental_qubit_prop

  5q / 6_Clifford+T_046
    ✓ [   2.6s]  noisy_vanilla
    ✓ [  83.0s]  cut_divided_budget
    ✓ [  72.5s]  cut_qubit_prop
    ✓ [ 575.0s]  cut_incremental_budget
    ✓ [ 572.8s]  cut_incremental_qubit_prop

  5q / 7_Clifford+T_048
    ✓ [   1.9s]  noisy_vanilla
    ✓ [  25.0s]  cut_divided_budget
    ✓ [  17.9s]  cut_qubit_prop
    ✓ [ 140.3s]  cut_incremental_budget
    ✓ [ 151.3s]  cut_incremental_qubit_prop

  5q / 8_Clifford+T_058
    ✓ [   2.2s]  noisy_vanilla
    ✓ [  78.0s]  cut_divided_budget
    ✓ [  70.3s]  cut_qubit_prop
    ✓ [ 572.3s]  cut_incremental_budget
    ✓ [ 587.2s]  cut_incremental_qubit_prop

  5q / 9_Clifford+T_059
    ✓ [   2.4s]  noisy_vanilla
    ✓ [  81.5s]  cut_divided_budget
    ✓ [  71.8s]  cut_qubit_prop
    ✓ [ 619.4s]  cut_incremental_budget
    ✓ [ 570.3s]  cut_incremental_qubit_prop

========================================================================
