========================================================================
CUTTABLE CIRCUIT BENCHMARK RUN REPORT
Timestamp : 2026-05-26 00:10:00
========================================================================

DESIGN
------------------------------------------------------------------------
  Input        : valid_circuits.pkl produced by generate_and_cut.py
  Cut strategy : find_and_place_cuts + CutStrategy(min_free_wires=2)
  Ground truth : PennyLane default.qubit statevector (shots=None)
  Reconstruction: qcut_processing_fn (tensor contraction)
  Observable   : per-circuit Pauli string stored in CircuitSpec.observable
  Error        : |perf_exp_val - result|

CONFIGURATION
------------------------------------------------------------------------
  Shots (B)                 : 20000
  Noisy backend             : 'aer.fake_torino'
  Ideal backend             : 'aer.perfect'
  Simulator seed            : 42
  Output dir                : PosixPath('results/new/ewma_20k_torino_02/15_qubits')
  2q-gate alpha             : 0.8
  Incr. batch shots         : 50
  Incr. threshold           : 0.05
  Incr. offset              : 3
  Incr. stability k         : 3
  Incr. stopping criterion  : 'ewma'
  Incr. distance metric     : 'tvd'
  Incr. window size         : 3
  Incr. EWMA alpha          : 0.5
  Selected modes            : noisy_vanilla, cut_divided_budget, cut_qubit_prop, cut_incremental_budget, cut_incremental_qubit_prop

SUMMARY
------------------------------------------------------------------------
Total: 50  ok: 50  failed: 0

RESULTS BY CIRCUIT
------------------------------------------------------------------------
  15q / 0_Clifford+T_003
    ✓ [  40.3s]  noisy_vanilla
    ✓ [  39.6s]  cut_divided_budget
    ✓ [  24.7s]  cut_qubit_prop
    ✓ [ 341.1s]  cut_incremental_budget
    ✓ [ 371.3s]  cut_incremental_qubit_prop

  15q / 1_Clifford+T_009
    ✓ [  41.8s]  noisy_vanilla
    ✓ [  33.2s]  cut_divided_budget
    ✓ [  26.1s]  cut_qubit_prop
    ✓ [ 392.0s]  cut_incremental_budget
    ✓ [ 385.2s]  cut_incremental_qubit_prop

  15q / 2_Clifford+T_011
    ✓ [  43.1s]  noisy_vanilla
    ✓ [  34.5s]  cut_divided_budget
    ✓ [  24.3s]  cut_qubit_prop
    ✓ [ 333.0s]  cut_incremental_budget
    ✓ [ 331.6s]  cut_incremental_qubit_prop

  15q / 3_Clifford+T_015
    ✓ [  59.4s]  noisy_vanilla
    ✓ [ 110.6s]  cut_divided_budget
    ✓ [ 110.2s]  cut_qubit_prop
    ✓ [1331.6s]  cut_incremental_budget
    ✓ [1295.7s]  cut_incremental_qubit_prop

  15q / 4_Clifford+T_016
    ✓ [  57.1s]  noisy_vanilla
    ✓ [  42.2s]  cut_divided_budget
    ✓ [  30.0s]  cut_qubit_prop
    ✓ [ 292.6s]  cut_incremental_budget
    ✓ [ 319.8s]  cut_incremental_qubit_prop

  15q / 5_Clifford+T_018
    ✓ [  54.0s]  noisy_vanilla
    ✓ [  38.4s]  cut_divided_budget
    ✓ [  25.5s]  cut_qubit_prop
    ✓ [ 369.9s]  cut_incremental_budget
    ✓ [ 396.6s]  cut_incremental_qubit_prop

  15q / 6_Clifford+T_022
    ✓ [  50.1s]  noisy_vanilla
    ✓ [  35.9s]  cut_divided_budget
    ✓ [  25.0s]  cut_qubit_prop
    ✓ [ 347.9s]  cut_incremental_budget
    ✓ [ 389.2s]  cut_incremental_qubit_prop

  15q / 7_Clifford+T_023
    ✓ [  54.6s]  noisy_vanilla
    ✓ [  47.0s]  cut_divided_budget
    ✓ [  41.4s]  cut_qubit_prop
    ✓ [ 989.3s]  cut_incremental_budget
    ✓ [ 989.9s]  cut_incremental_qubit_prop

  15q / 8_Clifford+T_024
    ✓ [  64.6s]  noisy_vanilla
    ✓ [  61.2s]  cut_divided_budget
    ✓ [  52.5s]  cut_qubit_prop
    ✓ [ 690.7s]  cut_incremental_budget
    ✓ [ 782.8s]  cut_incremental_qubit_prop

  15q / 9_Clifford+T_026
    ✓ [  56.7s]  noisy_vanilla
    ✓ [  58.8s]  cut_divided_budget
    ✓ [  50.5s]  cut_qubit_prop
    ✓ [ 602.0s]  cut_incremental_budget
    ✓ [ 555.5s]  cut_incremental_qubit_prop

========================================================================
