========================================================================
CUTTABLE CIRCUIT BENCHMARK RUN REPORT
Timestamp : 2026-05-26 10:12:16
========================================================================

DESIGN
------------------------------------------------------------------------
  Input        : valid_circuits.pkl produced by generate_and_cut.py
  Cut strategy : find_and_place_cuts + CutStrategy(min_free_wires=2)
  Ground truth : PennyLane default.qubit statevector (shots=None)
  Reconstruction: qcut_processing_fn (tensor contraction)
  Observable   : per-circuit Pauli string stored in CircuitSpec.observable
  Error        : |perf_exp_val - result|

CONFIGURATION
------------------------------------------------------------------------
  Shots (B)                 : 20000
  Noisy backend             : 'aer.fake_sherbrooke'
  Ideal backend             : 'aer.perfect'
  Simulator seed            : 42
  Output dir                : PosixPath('results/new/ewma_20k_sherbrooke_paper/09_qubits')
  2q-gate alpha             : 0.8
  Incr. batch shots         : 100
  Incr. threshold           : 0.01
  Incr. offset              : 2
  Incr. stability k         : 3
  Incr. stopping criterion  : 'delta'
  Incr. distance metric     : 'tvd'
  Incr. window size         : 2
  Incr. EWMA alpha          : 0.5
  Selected modes            : noisy_vanilla, cut_divided_budget, cut_qubit_prop, cut_incremental_budget, cut_incremental_qubit_prop

SUMMARY
------------------------------------------------------------------------
Total: 50  ok: 50  failed: 0

RESULTS BY CIRCUIT
------------------------------------------------------------------------
  9q / 0_Clifford+T_004
    ✓ [   4.5s]  noisy_vanilla
    ✓ [ 109.3s]  cut_divided_budget
    ✓ [  98.8s]  cut_qubit_prop
    ✓ [ 648.5s]  cut_incremental_budget
    ✓ [ 686.6s]  cut_incremental_qubit_prop

  9q / 1_Clifford+T_006
    ✓ [   3.9s]  noisy_vanilla
    ✓ [  38.3s]  cut_divided_budget
    ✓ [  20.9s]  cut_qubit_prop
    ✓ [ 355.7s]  cut_incremental_budget
    ✓ [ 547.2s]  cut_incremental_qubit_prop

  9q / 2_Clifford+T_008
    ✓ [   3.5s]  noisy_vanilla
    ✓ [  34.9s]  cut_divided_budget
    ✓ [  17.0s]  cut_qubit_prop
    ✓ [ 473.9s]  cut_incremental_budget
    ✓ [ 525.0s]  cut_incremental_qubit_prop

  9q / 3_Clifford+T_009
    ✓ [   3.3s]  noisy_vanilla
    ✓ [ 102.8s]  cut_divided_budget
    ✓ [  87.4s]  cut_qubit_prop
    ✓ [ 682.6s]  cut_incremental_budget
    ✓ [ 636.7s]  cut_incremental_qubit_prop

  9q / 4_Clifford+T_014
    ✓ [   5.9s]  noisy_vanilla
    ✓ [ 112.6s]  cut_divided_budget
    ✓ [  89.7s]  cut_qubit_prop
    ✓ [ 628.7s]  cut_incremental_budget
    ✓ [ 617.0s]  cut_incremental_qubit_prop

  9q / 5_Clifford+T_015
    ✓ [   2.6s]  noisy_vanilla
    ✓ [  43.9s]  cut_divided_budget
    ✓ [  24.2s]  cut_qubit_prop
    ✓ [ 404.0s]  cut_incremental_budget
    ✓ [ 421.7s]  cut_incremental_qubit_prop

  9q / 6_Clifford+T_016
    ✓ [   2.6s]  noisy_vanilla
    ✓ [  75.2s]  cut_divided_budget
    ✓ [  72.0s]  cut_qubit_prop
    ✓ [ 668.4s]  cut_incremental_budget
    ✓ [ 673.3s]  cut_incremental_qubit_prop

  9q / 7_Clifford+T_020
    ✓ [   4.5s]  noisy_vanilla
    ✓ [  36.2s]  cut_divided_budget
    ✓ [  18.5s]  cut_qubit_prop
    ✓ [ 362.3s]  cut_incremental_budget
    ✓ [ 402.6s]  cut_incremental_qubit_prop

  9q / 8_Clifford+T_025
    ✓ [   2.6s]  noisy_vanilla
    ✓ [  32.2s]  cut_divided_budget
    ✓ [  18.1s]  cut_qubit_prop
    ✓ [ 367.6s]  cut_incremental_budget
    ✓ [ 387.7s]  cut_incremental_qubit_prop

  9q / 9_Clifford+T_027
    ✓ [   2.7s]  noisy_vanilla
    ✓ [  92.5s]  cut_divided_budget
    ✓ [  79.8s]  cut_qubit_prop
    ✓ [ 644.5s]  cut_incremental_budget
    ✓ [ 507.0s]  cut_incremental_qubit_prop

========================================================================
