========================================================================
CUTTABLE CIRCUIT BENCHMARK RUN REPORT
Timestamp : 2026-05-29 15:17:10
========================================================================

DESIGN
------------------------------------------------------------------------
  Input        : valid_circuits.pkl produced by generate_and_cut.py
  Cut strategy : find_and_place_cuts + CutStrategy(min_free_wires=2)
  Ground truth : PennyLane default.qubit statevector (shots=None)
  Reconstruction: qcut_processing_fn (tensor contraction)
  Observable   : per-circuit Pauli string stored in CircuitSpec.observable
  Error        : |perf_exp_val - result|

CONFIGURATION
------------------------------------------------------------------------
  Shots (B)                 : 5000
  Noisy backend             : 'aer.fake_kyoto'
  Ideal backend             : 'aer.perfect'
  Simulator seed            : 42
  Output dir                : PosixPath('results/new/ewma_10k_kyoto_01/16_qubits')
  2q-gate alpha             : 0.8
  Incr. batch shots         : 50
  Incr. threshold           : 0.03
  Incr. offset              : 3
  Incr. stability k         : 3
  Incr. stopping criterion  : 'ewma'
  Incr. distance metric     : 'tvd'
  Incr. window size         : 3
  Incr. EWMA alpha          : 0.5
  Selected modes            : noisy_vanilla, cut_divided_budget, cut_qubit_prop, cut_incremental_budget, cut_incremental_qubit_prop

SUMMARY
------------------------------------------------------------------------
Total: 50  ok: 50  failed: 0

RESULTS BY CIRCUIT
------------------------------------------------------------------------
  16q / 0_Clifford+T_002
    ✓ [  28.7s]  noisy_vanilla
    ✓ [  23.9s]  cut_divided_budget
    ✓ [  15.4s]  cut_qubit_prop
    ✓ [ 168.3s]  cut_incremental_budget
    ✓ [ 179.0s]  cut_incremental_qubit_prop

  16q / 1_Clifford+T_008
    ✓ [  16.7s]  noisy_vanilla
    ✓ [  21.2s]  cut_divided_budget
    ✓ [  15.0s]  cut_qubit_prop
    ✓ [ 181.4s]  cut_incremental_budget
    ✓ [ 174.9s]  cut_incremental_qubit_prop

  16q / 2_Clifford+T_015
    ✓ [  17.3s]  noisy_vanilla
    ✓ [  26.7s]  cut_divided_budget
    ✓ [  13.9s]  cut_qubit_prop
    ✓ [ 148.4s]  cut_incremental_budget
    ✓ [ 180.2s]  cut_incremental_qubit_prop

  16q / 3_Clifford+T_016
    ✓ [  17.8s]  noisy_vanilla
    ✓ [  27.2s]  cut_divided_budget
    ✓ [  15.5s]  cut_qubit_prop
    ✓ [ 198.5s]  cut_incremental_budget
    ✓ [ 193.8s]  cut_incremental_qubit_prop

  16q / 4_Clifford+T_018
    ✓ [  18.1s]  noisy_vanilla
    ✓ [  24.2s]  cut_divided_budget
    ✓ [  14.6s]  cut_qubit_prop
    ✓ [ 206.0s]  cut_incremental_budget
    ✓ [ 187.6s]  cut_incremental_qubit_prop

  16q / 5_Clifford+T_019
    ✓ [  19.5s]  noisy_vanilla
    ✓ [  25.1s]  cut_divided_budget
    ✓ [  17.5s]  cut_qubit_prop
    ✓ [ 159.3s]  cut_incremental_budget
    ✓ [ 188.0s]  cut_incremental_qubit_prop

  16q / 6_Clifford+T_021
    ✓ [  18.3s]  noisy_vanilla
    ✓ [  22.7s]  cut_divided_budget
    ✓ [  17.9s]  cut_qubit_prop
    ✓ [ 193.8s]  cut_incremental_budget
    ✓ [ 194.4s]  cut_incremental_qubit_prop

  16q / 7_Clifford+T_026
    ✓ [  19.0s]  noisy_vanilla
    ✓ [  26.4s]  cut_divided_budget
    ✓ [  15.7s]  cut_qubit_prop
    ✓ [ 170.0s]  cut_incremental_budget
    ✓ [ 184.9s]  cut_incremental_qubit_prop

  16q / 8_Clifford+T_032
    ✓ [  18.0s]  noisy_vanilla
    ✓ [  23.3s]  cut_divided_budget
    ✓ [  15.6s]  cut_qubit_prop
    ✓ [ 179.4s]  cut_incremental_budget
    ✓ [ 184.9s]  cut_incremental_qubit_prop

  16q / 9_Clifford+T_040
    ✓ [  16.9s]  noisy_vanilla
    ✓ [  23.5s]  cut_divided_budget
    ✓ [  15.6s]  cut_qubit_prop
    ✓ [ 160.9s]  cut_incremental_budget
    ✓ [ 185.5s]  cut_incremental_qubit_prop

========================================================================
