========================================================================
CUTTABLE CIRCUIT BENCHMARK RUN REPORT
Timestamp : 2026-05-11 13:13:05
========================================================================

DESIGN
------------------------------------------------------------------------
  Input        : valid_circuits.pkl produced by generate_and_cut.py
  Cut strategy : find_and_place_cuts + CutStrategy(min_free_wires=2)
  Ground truth : PennyLane default.qubit statevector (shots=None)
  Reconstruction: qcut_processing_fn (tensor contraction)
  Observable   : per-circuit Pauli string stored in CircuitSpec.observable
  Error        : |perf_exp_val - result|

CONFIGURATION
------------------------------------------------------------------------
  Shots (B)                 : 20000
  Noisy backend             : 'aer.fake_torino'
  Ideal backend             : 'aer.perfect'
  Simulator seed            : 42
  Output dir                : PosixPath('results/20k_ewma_05/15_qubits')
  2q-gate alpha             : 0.8
  Incr. batch shots         : 50
  Incr. threshold           : 0.01
  Incr. offset              : 5
  Incr. stability k         : 5
  Incr. stopping criterion  : 'ewma'
  Incr. distance metric     : 'tvd'
  Incr. window size         : 5
  Incr. EWMA alpha          : 0.5
  Selected modes            : noisy_vanilla, cut_divided_budget, cut_qubit_prop, cut_incremental_budget, cut_incremental_qubit_prop

SUMMARY
------------------------------------------------------------------------
Total: 50  ok: 50  failed: 0

RESULTS BY CIRCUIT
------------------------------------------------------------------------
  15q / 0_Clifford+T_016
    ✓ [  28.1s]  noisy_vanilla
    ✓ [  26.6s]  cut_divided_budget
    ✓ [  18.9s]  cut_qubit_prop
    ✓ [ 282.9s]  cut_incremental_budget
    ✓ [ 282.9s]  cut_incremental_qubit_prop

  15q / 1_Clifford+T_022
    ✓ [  31.3s]  noisy_vanilla
    ✓ [  29.5s]  cut_divided_budget
    ✓ [  21.5s]  cut_qubit_prop
    ✓ [ 329.5s]  cut_incremental_budget
    ✓ [ 293.1s]  cut_incremental_qubit_prop

  15q / 2_Clifford+T_040
    ✓ [  29.4s]  noisy_vanilla
    ✓ [  29.9s]  cut_divided_budget
    ✓ [  24.4s]  cut_qubit_prop
    ✓ [ 281.9s]  cut_incremental_budget
    ✓ [ 298.8s]  cut_incremental_qubit_prop

  15q / 3_Clifford+T_070
    ✓ [  32.7s]  noisy_vanilla
    ✓ [  88.0s]  cut_divided_budget
    ✓ [  78.8s]  cut_qubit_prop
    ✓ [1022.0s]  cut_incremental_budget
    ✓ [ 907.0s]  cut_incremental_qubit_prop

  15q / 4_Clifford+T_100
    ✓ [  29.7s]  noisy_vanilla
    ✓ [  29.9s]  cut_divided_budget
    ✓ [  25.0s]  cut_qubit_prop
    ✓ [ 280.9s]  cut_incremental_budget
    ✓ [ 294.1s]  cut_incremental_qubit_prop

  15q / 5_Clifford+T_118
    ✓ [  32.5s]  noisy_vanilla
    ✓ [  27.4s]  cut_divided_budget
    ✓ [  21.9s]  cut_qubit_prop
    ✓ [ 361.0s]  cut_incremental_budget
    ✓ [ 308.3s]  cut_incremental_qubit_prop

  15q / 6_Clifford+T_142
    ✓ [  29.1s]  noisy_vanilla
    ✓ [  31.9s]  cut_divided_budget
    ✓ [  34.0s]  cut_qubit_prop
    ✓ [ 280.5s]  cut_incremental_budget
    ✓ [ 330.7s]  cut_incremental_qubit_prop

  15q / 7_Clifford+T_184
    ✓ [  33.2s]  noisy_vanilla
    ✓ [  88.5s]  cut_divided_budget
    ✓ [  82.4s]  cut_qubit_prop
    ✓ [1021.0s]  cut_incremental_budget
    ✓ [ 868.4s]  cut_incremental_qubit_prop

  15q / 8_Clifford+T_190
    ✓ [  29.7s]  noisy_vanilla
    ✓ [  28.2s]  cut_divided_budget
    ✓ [  20.6s]  cut_qubit_prop
    ✓ [ 316.5s]  cut_incremental_budget
    ✓ [ 280.1s]  cut_incremental_qubit_prop

  15q / 9_Clifford+T_196
    ✓ [  29.6s]  noisy_vanilla
    ✓ [  31.0s]  cut_divided_budget
    ✓ [  24.5s]  cut_qubit_prop
    ✓ [ 332.3s]  cut_incremental_budget
    ✓ [ 277.7s]  cut_incremental_qubit_prop

========================================================================
