========================================================================
CUTTABLE CIRCUIT BENCHMARK RUN REPORT
Timestamp : 2026-05-26 10:51:15
========================================================================

DESIGN
------------------------------------------------------------------------
  Input        : valid_circuits.pkl produced by generate_and_cut.py
  Cut strategy : find_and_place_cuts + CutStrategy(min_free_wires=2)
  Ground truth : PennyLane default.qubit statevector (shots=None)
  Reconstruction: qcut_processing_fn (tensor contraction)
  Observable   : per-circuit Pauli string stored in CircuitSpec.observable
  Error        : |perf_exp_val - result|

CONFIGURATION
------------------------------------------------------------------------
  Shots (B)                 : 20000
  Noisy backend             : 'aer.fake_torino'
  Ideal backend             : 'aer.perfect'
  Simulator seed            : 42
  Output dir                : PosixPath('results/new/ewma_20k_torino_paper/13_qubits')
  2q-gate alpha             : 0.8
  Incr. batch shots         : 100
  Incr. threshold           : 0.01
  Incr. offset              : 3
  Incr. stability k         : 3
  Incr. stopping criterion  : 'ewma'
  Incr. distance metric     : 'tvd'
  Incr. window size         : 3
  Incr. EWMA alpha          : 0.5
  Selected modes            : noisy_vanilla, cut_divided_budget, cut_qubit_prop, cut_incremental_budget, cut_incremental_qubit_prop

SUMMARY
------------------------------------------------------------------------
Total: 50  ok: 50  failed: 0

RESULTS BY CIRCUIT
------------------------------------------------------------------------
  13q / 0_Clifford+T_002
    ✓ [   8.8s]  noisy_vanilla
    ✓ [  48.0s]  cut_divided_budget
    ✓ [  42.1s]  cut_qubit_prop
    ✓ [ 865.0s]  cut_incremental_budget
    ✓ [ 970.8s]  cut_incremental_qubit_prop

  13q / 1_Clifford+T_004
    ✓ [   8.6s]  noisy_vanilla
    ✓ [  43.6s]  cut_divided_budget
    ✓ [  29.7s]  cut_qubit_prop
    ✓ [ 672.8s]  cut_incremental_budget
    ✓ [ 708.3s]  cut_incremental_qubit_prop

  13q / 2_Clifford+T_007
    ✓ [  12.2s]  noisy_vanilla
    ✓ [  39.9s]  cut_divided_budget
    ✓ [  27.1s]  cut_qubit_prop
    ✓ [ 747.2s]  cut_incremental_budget
    ✓ [ 804.3s]  cut_incremental_qubit_prop

  13q / 3_Clifford+T_010
    ✓ [  12.2s]  noisy_vanilla
    ✓ [  39.6s]  cut_divided_budget
    ✓ [  29.1s]  cut_qubit_prop
    ✓ [ 600.8s]  cut_incremental_budget
    ✓ [ 730.8s]  cut_incremental_qubit_prop

  13q / 4_Clifford+T_012
    ✓ [   9.8s]  noisy_vanilla
    ✓ [  40.8s]  cut_divided_budget
    ✓ [  29.2s]  cut_qubit_prop
    ✓ [ 609.2s]  cut_incremental_budget
    ✓ [ 747.0s]  cut_incremental_qubit_prop

  13q / 5_Clifford+T_014
    ✓ [  12.3s]  noisy_vanilla
    ✓ [ 150.0s]  cut_divided_budget
    ✓ [ 106.6s]  cut_qubit_prop
    ✓ [ 730.2s]  cut_incremental_budget
    ✓ [ 674.7s]  cut_incremental_qubit_prop

  13q / 6_Clifford+T_015
    ✓ [   8.6s]  noisy_vanilla
    ✓ [  35.3s]  cut_divided_budget
    ✓ [  24.4s]  cut_qubit_prop
    ✓ [ 628.2s]  cut_incremental_budget
    ✓ [ 651.1s]  cut_incremental_qubit_prop

  13q / 7_Clifford+T_016
    ✓ [   8.5s]  noisy_vanilla
    ✓ [  34.2s]  cut_divided_budget
    ✓ [  24.5s]  cut_qubit_prop
    ✓ [ 617.6s]  cut_incremental_budget
    ✓ [ 617.3s]  cut_incremental_qubit_prop

  13q / 8_Clifford+T_017
    ✓ [   9.7s]  noisy_vanilla
    ✓ [  31.1s]  cut_divided_budget
    ✓ [  25.1s]  cut_qubit_prop
    ✓ [ 531.4s]  cut_incremental_budget
    ✓ [ 609.4s]  cut_incremental_qubit_prop

  13q / 9_Clifford+T_020
    ✓ [   8.6s]  noisy_vanilla
    ✓ [  35.4s]  cut_divided_budget
    ✓ [  32.4s]  cut_qubit_prop
    ✓ [ 438.5s]  cut_incremental_budget
    ✓ [ 608.5s]  cut_incremental_qubit_prop

========================================================================
