========================================================================
CUTTABLE CIRCUIT BENCHMARK RUN REPORT
Timestamp : 2026-06-13 23:22:03
========================================================================

DESIGN
------------------------------------------------------------------------
  Input        : valid_circuits.pkl produced by generate_and_cut.py
  Cut strategy : find_and_place_cuts + CutStrategy(min_free_wires=2)
  Ground truth : PennyLane default.qubit statevector (shots=None)
  Reconstruction: qcut_processing_fn (tensor contraction)
  Observable   : per-circuit Pauli string stored in CircuitSpec.observable
  Error        : |perf_exp_val - result|

CONFIGURATION
------------------------------------------------------------------------
  Shots (B)                 : 20000
  Noisy backend             : 'aer.fake_torino'
  Ideal backend             : 'aer.perfect'
  Simulator seed            : 42
  Output dir                : PosixPath('results/new/stable_shots_runs_10-14q_no_vanilla/20000_shots/torino/14_qubits')
  2q-gate alpha             : 0.8
  Incr. batch shots         : 50
  Incr. threshold           : 0.0005
  Incr. offset              : 2
  Incr. stability k         : 5
  Incr. stopping criterion  : 'delta'
  Incr. distance metric     : 'tvd'
  Incr. window size         : 3
  Incr. EWMA alpha          : 0.5
  Selected modes            : cut_divided_budget, cut_qubit_prop, cut_incremental_budget, cut_incremental_qubit_prop

SUMMARY
------------------------------------------------------------------------
Total: 40  ok: 40  failed: 0

RESULTS BY CIRCUIT
------------------------------------------------------------------------
  14q / 0_Clifford+T_001
    ✓ [ 118.6s]  cut_divided_budget
    ✓ [ 119.6s]  cut_qubit_prop
    ✓ [1243.5s]  cut_incremental_budget
    ✓ [1219.5s]  cut_incremental_qubit_prop

  14q / 1_Clifford+T_011
    ✓ [ 106.8s]  cut_divided_budget
    ✓ [  99.6s]  cut_qubit_prop
    ✓ [1261.4s]  cut_incremental_budget
    ✓ [1264.8s]  cut_incremental_qubit_prop

  14q / 2_Clifford+T_012
    ✓ [  46.2s]  cut_divided_budget
    ✓ [  52.3s]  cut_qubit_prop
    ✓ [1201.5s]  cut_incremental_budget
    ✓ [1245.3s]  cut_incremental_qubit_prop

  14q / 3_Clifford+T_014
    ✓ [  62.9s]  cut_divided_budget
    ✓ [  79.8s]  cut_qubit_prop
    ✓ [1240.1s]  cut_incremental_budget
    ✓ [1298.0s]  cut_incremental_qubit_prop

  14q / 4_Clifford+T_015
    ✓ [  37.3s]  cut_divided_budget
    ✓ [  30.6s]  cut_qubit_prop
    ✓ [1291.4s]  cut_incremental_budget
    ✓ [1291.1s]  cut_incremental_qubit_prop

  14q / 5_Clifford+T_016
    ✓ [  30.1s]  cut_divided_budget
    ✓ [  24.1s]  cut_qubit_prop
    ✓ [1195.5s]  cut_incremental_budget
    ✓ [1214.7s]  cut_incremental_qubit_prop

  14q / 6_Clifford+T_018
    ✓ [  30.4s]  cut_divided_budget
    ✓ [  24.4s]  cut_qubit_prop
    ✓ [1194.0s]  cut_incremental_budget
    ✓ [1212.8s]  cut_incremental_qubit_prop

  14q / 7_Clifford+T_019
    ✓ [  49.0s]  cut_divided_budget
    ✓ [  52.1s]  cut_qubit_prop
    ✓ [1212.2s]  cut_incremental_budget
    ✓ [1256.7s]  cut_incremental_qubit_prop

  14q / 8_Clifford+T_022
    ✓ [  45.9s]  cut_divided_budget
    ✓ [  52.3s]  cut_qubit_prop
    ✓ [1209.3s]  cut_incremental_budget
    ✓ [1251.4s]  cut_incremental_qubit_prop

  14q / 9_Clifford+T_026
    ✓ [  30.0s]  cut_divided_budget
    ✓ [  24.2s]  cut_qubit_prop
    ✓ [1225.0s]  cut_incremental_budget
    ✓ [1223.7s]  cut_incremental_qubit_prop

========================================================================
