========================================================================
CUTTABLE CIRCUIT BENCHMARK RUN REPORT
Timestamp : 2026-06-09 11:31:19
========================================================================

DESIGN
------------------------------------------------------------------------
  Input        : valid_circuits.pkl produced by generate_and_cut.py
  Cut strategy : find_and_place_cuts + CutStrategy(min_free_wires=2)
  Ground truth : PennyLane default.qubit statevector (shots=None)
  Reconstruction: qcut_processing_fn (tensor contraction)
  Observable   : per-circuit Pauli string stored in CircuitSpec.observable
  Error        : |perf_exp_val - result|

CONFIGURATION
------------------------------------------------------------------------
  Shots (B)                 : 20000
  Noisy backend             : 'aer.fake_kawasaki'
  Ideal backend             : 'aer.perfect'
  Simulator seed            : 42
  Output dir                : PosixPath('results/new/ewma_20k_kawasaki_01/13_qubits')
  2q-gate alpha             : 0.8
  Incr. batch shots         : 50
  Incr. threshold           : 0.03
  Incr. offset              : 3
  Incr. stability k         : 3
  Incr. stopping criterion  : 'ewma'
  Incr. distance metric     : 'tvd'
  Incr. window size         : 3
  Incr. EWMA alpha          : 0.5
  Selected modes            : noisy_vanilla, cut_divided_budget, cut_qubit_prop, cut_incremental_budget, cut_incremental_qubit_prop

SUMMARY
------------------------------------------------------------------------
Total: 50  ok: 50  failed: 0

RESULTS BY CIRCUIT
------------------------------------------------------------------------
  13q / 0_Clifford+T_002
    ✓ [  10.1s]  noisy_vanilla
    ✓ [  69.0s]  cut_divided_budget
    ✓ [  19.6s]  cut_qubit_prop
    ✓ [ 129.2s]  cut_incremental_budget
    ✓ [ 134.9s]  cut_incremental_qubit_prop

  13q / 1_Clifford+T_004
    ✓ [   4.4s]  noisy_vanilla
    ✓ [  20.4s]  cut_divided_budget
    ✓ [  12.0s]  cut_qubit_prop
    ✓ [ 242.3s]  cut_incremental_budget
    ✓ [ 235.1s]  cut_incremental_qubit_prop

  13q / 2_Clifford+T_007
    ✓ [  13.0s]  noisy_vanilla
    ✓ [  37.3s]  cut_divided_budget
    ✓ [  12.1s]  cut_qubit_prop
    ✓ [ 165.3s]  cut_incremental_budget
    ✓ [ 164.1s]  cut_incremental_qubit_prop

  13q / 3_Clifford+T_010
    ✓ [   5.3s]  noisy_vanilla
    ✓ [  18.7s]  cut_divided_budget
    ✓ [  12.4s]  cut_qubit_prop
    ✓ [ 265.0s]  cut_incremental_budget
    ✓ [ 252.6s]  cut_incremental_qubit_prop

  13q / 4_Clifford+T_012
    ✓ [   4.6s]  noisy_vanilla
    ✓ [  18.4s]  cut_divided_budget
    ✓ [  10.8s]  cut_qubit_prop
    ✓ [ 199.2s]  cut_incremental_budget
    ✓ [ 190.1s]  cut_incremental_qubit_prop

  13q / 5_Clifford+T_014
    ✓ [   6.3s]  noisy_vanilla
    ✓ [  51.7s]  cut_divided_budget
    ✓ [  42.9s]  cut_qubit_prop
    ✓ [ 603.6s]  cut_incremental_budget
    ✓ [ 549.4s]  cut_incremental_qubit_prop

  13q / 6_Clifford+T_015
    ✓ [   4.9s]  noisy_vanilla
    ✓ [  19.4s]  cut_divided_budget
    ✓ [  16.2s]  cut_qubit_prop
    ✓ [ 206.8s]  cut_incremental_budget
    ✓ [ 212.1s]  cut_incremental_qubit_prop

  13q / 7_Clifford+T_016
    ✓ [   6.3s]  noisy_vanilla
    ✓ [  38.2s]  cut_divided_budget
    ✓ [  19.1s]  cut_qubit_prop
    ✓ [ 142.0s]  cut_incremental_budget
    ✓ [ 150.1s]  cut_incremental_qubit_prop

  13q / 8_Clifford+T_017
    ✓ [   4.9s]  noisy_vanilla
    ✓ [  17.8s]  cut_divided_budget
    ✓ [   9.9s]  cut_qubit_prop
    ✓ [ 166.2s]  cut_incremental_budget
    ✓ [ 175.1s]  cut_incremental_qubit_prop

  13q / 9_Clifford+T_020
    ✓ [   5.4s]  noisy_vanilla
    ✓ [  23.9s]  cut_divided_budget
    ✓ [  15.5s]  cut_qubit_prop
    ✓ [ 154.5s]  cut_incremental_budget
    ✓ [ 193.2s]  cut_incremental_qubit_prop

========================================================================
