========================================================================
CUTTABLE CIRCUIT BENCHMARK RUN REPORT
Timestamp : 2026-06-17 21:42:46
========================================================================

DESIGN
------------------------------------------------------------------------
  Input        : valid_circuits.pkl produced by generate_and_cut.py
  Cut strategy : find_and_place_cuts + CutStrategy(min_free_wires=2)
  Ground truth : PennyLane default.qubit statevector (shots=None)
  Reconstruction: qcut_processing_fn (tensor contraction)
  Observable   : per-circuit Pauli string stored in CircuitSpec.observable
  Error        : |perf_exp_val - result|

CONFIGURATION
------------------------------------------------------------------------
  Shots (B)                 : 5000
  Noisy backend             : 'aer.fake_kyoto'
  Ideal backend             : 'aer.perfect'
  Simulator seed            : 42
  Output dir                : PosixPath('results/new/stable_shots_02/5000_shots/kyoto/13_qubits')
  2q-gate alpha             : 0.8
  Incr. batch shots         : 50
  Incr. threshold           : 0.03
  Incr. offset              : 3
  Incr. stability k         : 3
  Incr. stopping criterion  : 'delta'
  Incr. distance metric     : 'tvd'
  Incr. window size         : 3
  Incr. EWMA alpha          : 0.5
  Selected modes            : noisy_vanilla, cut_divided_budget, cut_qubit_prop, cut_incremental_budget, cut_incremental_qubit_prop

SUMMARY
------------------------------------------------------------------------
Total: 50  ok: 50  failed: 0

RESULTS BY CIRCUIT
------------------------------------------------------------------------
  13q / 0_Clifford+T_002
    ✓ [  37.1s]  noisy_vanilla
    ✓ [  40.2s]  cut_divided_budget
    ✓ [  34.2s]  cut_qubit_prop
    ✓ [ 228.8s]  cut_incremental_budget
    ✓ [ 236.7s]  cut_incremental_qubit_prop

  13q / 1_Clifford+T_004
    ✓ [  35.5s]  noisy_vanilla
    ✓ [  24.5s]  cut_divided_budget
    ✓ [  12.7s]  cut_qubit_prop
    ✓ [ 187.5s]  cut_incremental_budget
    ✓ [ 174.6s]  cut_incremental_qubit_prop

  13q / 2_Clifford+T_007
    ✓ [  21.7s]  noisy_vanilla
    ✓ [  24.1s]  cut_divided_budget
    ✓ [  12.3s]  cut_qubit_prop
    ✓ [ 169.1s]  cut_incremental_budget
    ✓ [ 169.1s]  cut_incremental_qubit_prop

  13q / 3_Clifford+T_010
    ✓ [  21.4s]  noisy_vanilla
    ✓ [  35.4s]  cut_divided_budget
    ✓ [  26.8s]  cut_qubit_prop
    ✓ [ 220.9s]  cut_incremental_budget
    ✓ [ 266.7s]  cut_incremental_qubit_prop

  13q / 4_Clifford+T_012
    ✓ [  46.5s]  noisy_vanilla
    ✓ [  37.4s]  cut_divided_budget
    ✓ [  28.4s]  cut_qubit_prop
    ✓ [ 212.7s]  cut_incremental_budget
    ✓ [ 200.6s]  cut_incremental_qubit_prop

  13q / 5_Clifford+T_014
    ✓ [  38.3s]  noisy_vanilla
    ✓ [  91.1s]  cut_divided_budget
    ✓ [  76.1s]  cut_qubit_prop
    ✓ [ 338.3s]  cut_incremental_budget
    ✓ [ 254.4s]  cut_incremental_qubit_prop

  13q / 6_Clifford+T_015
    ✓ [  21.4s]  noisy_vanilla
    ✓ [  19.5s]  cut_divided_budget
    ✓ [  13.0s]  cut_qubit_prop
    ✓ [ 164.8s]  cut_incremental_budget
    ✓ [ 214.9s]  cut_incremental_qubit_prop

  13q / 7_Clifford+T_016
    ✓ [  22.9s]  noisy_vanilla
    ✓ [  20.0s]  cut_divided_budget
    ✓ [  12.1s]  cut_qubit_prop
    ✓ [ 267.9s]  cut_incremental_budget
    ✓ [ 259.2s]  cut_incremental_qubit_prop

  13q / 8_Clifford+T_017
    ✓ [  33.8s]  noisy_vanilla
    ✓ [  31.2s]  cut_divided_budget
    ✓ [  20.6s]  cut_qubit_prop
    ✓ [ 170.0s]  cut_incremental_budget
    ✓ [ 478.1s]  cut_incremental_qubit_prop

  13q / 9_Clifford+T_020
    ✓ [  73.1s]  noisy_vanilla
    ✓ [  83.5s]  cut_divided_budget
    ✓ [  71.4s]  cut_qubit_prop
    ✓ [ 370.9s]  cut_incremental_budget
    ✓ [ 507.1s]  cut_incremental_qubit_prop

========================================================================
