========================================================================
CUTTABLE CIRCUIT BENCHMARK RUN REPORT
Timestamp : 2026-05-27 11:30:27
========================================================================

DESIGN
------------------------------------------------------------------------
  Input        : valid_circuits.pkl produced by generate_and_cut.py
  Cut strategy : find_and_place_cuts + CutStrategy(min_free_wires=2)
  Ground truth : PennyLane default.qubit statevector (shots=None)
  Reconstruction: qcut_processing_fn (tensor contraction)
  Observable   : per-circuit Pauli string stored in CircuitSpec.observable
  Error        : |perf_exp_val - result|

CONFIGURATION
------------------------------------------------------------------------
  Shots (B)                 : 20000
  Noisy backend             : 'aer.fake_sherbrooke'
  Ideal backend             : 'aer.perfect'
  Simulator seed            : 42
  Output dir                : PosixPath('results/new/ewma_20k_sherbrooke_01/15_qubits')
  2q-gate alpha             : 0.8
  Incr. batch shots         : 50
  Incr. threshold           : 0.03
  Incr. offset              : 3
  Incr. stability k         : 3
  Incr. stopping criterion  : 'ewma'
  Incr. distance metric     : 'tvd'
  Incr. window size         : 3
  Incr. EWMA alpha          : 0.5
  Selected modes            : noisy_vanilla, cut_divided_budget, cut_qubit_prop, cut_incremental_budget, cut_incremental_qubit_prop

SUMMARY
------------------------------------------------------------------------
Total: 50  ok: 50  failed: 0

RESULTS BY CIRCUIT
------------------------------------------------------------------------
  15q / 0_Clifford+T_003
    ✓ [ 135.0s]  noisy_vanilla
    ✓ [  40.5s]  cut_divided_budget
    ✓ [  19.1s]  cut_qubit_prop
    ✓ [ 578.0s]  cut_incremental_budget
    ✓ [ 425.3s]  cut_incremental_qubit_prop

  15q / 1_Clifford+T_009
    ✓ [  81.4s]  noisy_vanilla
    ✓ [  28.8s]  cut_divided_budget
    ✓ [  13.7s]  cut_qubit_prop
    ✓ [ 323.4s]  cut_incremental_budget
    ✓ [ 324.5s]  cut_incremental_qubit_prop

  15q / 2_Clifford+T_011
    ✓ [  51.6s]  noisy_vanilla
    ✓ [  24.9s]  cut_divided_budget
    ✓ [  15.6s]  cut_qubit_prop
    ✓ [ 335.2s]  cut_incremental_budget
    ✓ [ 312.5s]  cut_incremental_qubit_prop

  15q / 3_Clifford+T_015
    ✓ [  43.4s]  noisy_vanilla
    ✓ [  67.2s]  cut_divided_budget
    ✓ [  57.9s]  cut_qubit_prop
    ✓ [ 833.3s]  cut_incremental_budget
    ✓ [1035.3s]  cut_incremental_qubit_prop

  15q / 4_Clifford+T_016
    ✓ [  62.1s]  noisy_vanilla
    ✓ [  32.9s]  cut_divided_budget
    ✓ [  21.5s]  cut_qubit_prop
    ✓ [ 450.3s]  cut_incremental_budget
    ✓ [ 412.4s]  cut_incremental_qubit_prop

  15q / 5_Clifford+T_018
    ✓ [  51.5s]  noisy_vanilla
    ✓ [  35.7s]  cut_divided_budget
    ✓ [  17.5s]  cut_qubit_prop
    ✓ [ 414.9s]  cut_incremental_budget
    ✓ [ 433.7s]  cut_incremental_qubit_prop

  15q / 6_Clifford+T_022
    ✓ [  48.1s]  noisy_vanilla
    ✓ [  33.0s]  cut_divided_budget
    ✓ [  16.6s]  cut_qubit_prop
    ✓ [ 415.2s]  cut_incremental_budget
    ✓ [ 388.7s]  cut_incremental_qubit_prop

  15q / 7_Clifford+T_023
    ✓ [  44.9s]  noisy_vanilla
    ✓ [  28.9s]  cut_divided_budget
    ✓ [  16.7s]  cut_qubit_prop
    ✓ [ 525.4s]  cut_incremental_budget
    ✓ [ 696.9s]  cut_incremental_qubit_prop

  15q / 8_Clifford+T_024
    ✓ [  41.2s]  noisy_vanilla
    ✓ [  33.3s]  cut_divided_budget
    ✓ [  28.6s]  cut_qubit_prop
    ✓ [ 446.6s]  cut_incremental_budget
    ✓ [ 425.8s]  cut_incremental_qubit_prop

  15q / 9_Clifford+T_026
    ✓ [  93.7s]  noisy_vanilla
    ✓ [  32.8s]  cut_divided_budget
    ✓ [  23.4s]  cut_qubit_prop
    ✓ [ 340.6s]  cut_incremental_budget
    ✓ [ 308.3s]  cut_incremental_qubit_prop

========================================================================
