========================================================================
CUTTABLE CIRCUIT BENCHMARK RUN REPORT
Timestamp : 2026-06-09 23:01:41
========================================================================

DESIGN
------------------------------------------------------------------------
  Input        : valid_circuits.pkl produced by generate_and_cut.py
  Cut strategy : find_and_place_cuts + CutStrategy(min_free_wires=2)
  Ground truth : PennyLane default.qubit statevector (shots=None)
  Reconstruction: qcut_processing_fn (tensor contraction)
  Observable   : per-circuit Pauli string stored in CircuitSpec.observable
  Error        : |perf_exp_val - result|

CONFIGURATION
------------------------------------------------------------------------
  Shots (B)                 : 20000
  Noisy backend             : 'aer.fake_kawasaki'
  Ideal backend             : 'aer.perfect'
  Simulator seed            : 42
  Output dir                : PosixPath('results/new/stable_shots_runs/20000_shots/kawasaki/14_qubits')
  2q-gate alpha             : 0.8
  Incr. batch shots         : 50
  Incr. threshold           : 0.005
  Incr. offset              : 3
  Incr. stability k         : 5
  Incr. stopping criterion  : 'delta'
  Incr. distance metric     : 'tvd'
  Incr. window size         : 3
  Incr. EWMA alpha          : 0.5
  Selected modes            : noisy_vanilla, cut_divided_budget, cut_qubit_prop, cut_incremental_budget, cut_incremental_qubit_prop

SUMMARY
------------------------------------------------------------------------
Total: 50  ok: 10  failed: 40

RESULTS BY CIRCUIT
------------------------------------------------------------------------
  14q / 0_Clifford+T_001
    ✓ [  64.4s]  noisy_vanilla
    ✗ [ 107.4s]  cut_divided_budget
             ERROR: ImportError: The opt_einsum package is required when use_opt_einsum is set to True in the contract_tensors function. This package can be installed using:
pip install opt_einsum
    ✗ [  88.6s]  cut_qubit_prop
             ERROR: ImportError: The opt_einsum package is required when use_opt_einsum is set to True in the contract_tensors function. This package can be installed using:
pip install opt_einsum
    ✗ [ 724.1s]  cut_incremental_budget
             ERROR: ImportError: The opt_einsum package is required when use_opt_einsum is set to True in the contract_tensors function. This package can be installed using:
pip install opt_einsum
    ✗ [ 727.5s]  cut_incremental_qubit_prop
             ERROR: ImportError: The opt_einsum package is required when use_opt_einsum is set to True in the contract_tensors function. This package can be installed using:
pip install opt_einsum

  14q / 1_Clifford+T_011
    ✓ [  13.3s]  noisy_vanilla
    ✗ [  64.3s]  cut_divided_budget
             ERROR: ImportError: The opt_einsum package is required when use_opt_einsum is set to True in the contract_tensors function. This package can be installed using:
pip install opt_einsum
    ✗ [  69.7s]  cut_qubit_prop
             ERROR: ImportError: The opt_einsum package is required when use_opt_einsum is set to True in the contract_tensors function. This package can be installed using:
pip install opt_einsum
    ✗ [ 746.2s]  cut_incremental_budget
             ERROR: ImportError: The opt_einsum package is required when use_opt_einsum is set to True in the contract_tensors function. This package can be installed using:
pip install opt_einsum
    ✗ [ 747.3s]  cut_incremental_qubit_prop
             ERROR: ImportError: The opt_einsum package is required when use_opt_einsum is set to True in the contract_tensors function. This package can be installed using:
pip install opt_einsum

  14q / 2_Clifford+T_012
    ✓ [   7.8s]  noisy_vanilla
    ✗ [  20.5s]  cut_divided_budget
             ERROR: ImportError: The opt_einsum package is required when use_opt_einsum is set to True in the contract_tensors function. This package can be installed using:
pip install opt_einsum
    ✗ [  24.6s]  cut_qubit_prop
             ERROR: ImportError: The opt_einsum package is required when use_opt_einsum is set to True in the contract_tensors function. This package can be installed using:
pip install opt_einsum
    ✗ [ 691.1s]  cut_incremental_budget
             ERROR: ImportError: The opt_einsum package is required when use_opt_einsum is set to True in the contract_tensors function. This package can be installed using:
pip install opt_einsum
    ✗ [ 972.8s]  cut_incremental_qubit_prop
             ERROR: ImportError: The opt_einsum package is required when use_opt_einsum is set to True in the contract_tensors function. This package can be installed using:
pip install opt_einsum

  14q / 3_Clifford+T_014
    ✓ [  11.6s]  noisy_vanilla
    ✗ [  34.5s]  cut_divided_budget
             ERROR: ImportError: The opt_einsum package is required when use_opt_einsum is set to True in the contract_tensors function. This package can be installed using:
pip install opt_einsum
    ✗ [  26.0s]  cut_qubit_prop
             ERROR: ImportError: The opt_einsum package is required when use_opt_einsum is set to True in the contract_tensors function. This package can be installed using:
pip install opt_einsum
    ✗ [ 873.9s]  cut_incremental_budget
             ERROR: ImportError: The opt_einsum package is required when use_opt_einsum is set to True in the contract_tensors function. This package can be installed using:
pip install opt_einsum
    ✗ [1317.0s]  cut_incremental_qubit_prop
             ERROR: ImportError: The opt_einsum package is required when use_opt_einsum is set to True in the contract_tensors function. This package can be installed using:
pip install opt_einsum

  14q / 4_Clifford+T_015
    ✓ [  10.3s]  noisy_vanilla
    ✗ [  15.3s]  cut_divided_budget
             ERROR: ImportError: The opt_einsum package is required when use_opt_einsum is set to True in the contract_tensors function. This package can be installed using:
pip install opt_einsum
    ✗ [   8.5s]  cut_qubit_prop
             ERROR: ImportError: The opt_einsum package is required when use_opt_einsum is set to True in the contract_tensors function. This package can be installed using:
pip install opt_einsum
    ✗ [ 652.3s]  cut_incremental_budget
             ERROR: ImportError: The opt_einsum package is required when use_opt_einsum is set to True in the contract_tensors function. This package can be installed using:
pip install opt_einsum
    ✗ [ 672.1s]  cut_incremental_qubit_prop
             ERROR: ImportError: The opt_einsum package is required when use_opt_einsum is set to True in the contract_tensors function. This package can be installed using:
pip install opt_einsum

  14q / 5_Clifford+T_016
    ✓ [  13.7s]  noisy_vanilla
    ✗ [  45.2s]  cut_divided_budget
             ERROR: ImportError: The opt_einsum package is required when use_opt_einsum is set to True in the contract_tensors function. This package can be installed using:
pip install opt_einsum
    ✗ [  36.9s]  cut_qubit_prop
             ERROR: ImportError: The opt_einsum package is required when use_opt_einsum is set to True in the contract_tensors function. This package can be installed using:
pip install opt_einsum
    ✗ [1167.9s]  cut_incremental_budget
             ERROR: ImportError: The opt_einsum package is required when use_opt_einsum is set to True in the contract_tensors function. This package can be installed using:
pip install opt_einsum
    ✗ [ 480.1s]  cut_incremental_qubit_prop
             ERROR: ImportError: The opt_einsum package is required when use_opt_einsum is set to True in the contract_tensors function. This package can be installed using:
pip install opt_einsum

  14q / 6_Clifford+T_018
    ✓ [   7.0s]  noisy_vanilla
    ✗ [  20.7s]  cut_divided_budget
             ERROR: ImportError: The opt_einsum package is required when use_opt_einsum is set to True in the contract_tensors function. This package can be installed using:
pip install opt_einsum
    ✗ [  14.3s]  cut_qubit_prop
             ERROR: ImportError: The opt_einsum package is required when use_opt_einsum is set to True in the contract_tensors function. This package can be installed using:
pip install opt_einsum
    ✗ [ 538.7s]  cut_incremental_budget
             ERROR: ImportError: The opt_einsum package is required when use_opt_einsum is set to True in the contract_tensors function. This package can be installed using:
pip install opt_einsum
    ✗ [ 557.9s]  cut_incremental_qubit_prop
             ERROR: ImportError: The opt_einsum package is required when use_opt_einsum is set to True in the contract_tensors function. This package can be installed using:
pip install opt_einsum

  14q / 7_Clifford+T_019
    ✓ [   8.8s]  noisy_vanilla
    ✗ [  17.3s]  cut_divided_budget
             ERROR: ImportError: The opt_einsum package is required when use_opt_einsum is set to True in the contract_tensors function. This package can be installed using:
pip install opt_einsum
    ✗ [  17.6s]  cut_qubit_prop
             ERROR: ImportError: The opt_einsum package is required when use_opt_einsum is set to True in the contract_tensors function. This package can be installed using:
pip install opt_einsum
    ✗ [ 381.5s]  cut_incremental_budget
             ERROR: ImportError: The opt_einsum package is required when use_opt_einsum is set to True in the contract_tensors function. This package can be installed using:
pip install opt_einsum
    ✗ [ 520.3s]  cut_incremental_qubit_prop
             ERROR: ImportError: The opt_einsum package is required when use_opt_einsum is set to True in the contract_tensors function. This package can be installed using:
pip install opt_einsum

  14q / 8_Clifford+T_022
    ✓ [   7.3s]  noisy_vanilla
    ✗ [  16.7s]  cut_divided_budget
             ERROR: ImportError: The opt_einsum package is required when use_opt_einsum is set to True in the contract_tensors function. This package can be installed using:
pip install opt_einsum
    ✗ [  18.2s]  cut_qubit_prop
             ERROR: ImportError: The opt_einsum package is required when use_opt_einsum is set to True in the contract_tensors function. This package can be installed using:
pip install opt_einsum
    ✗ [ 423.8s]  cut_incremental_budget
             ERROR: ImportError: The opt_einsum package is required when use_opt_einsum is set to True in the contract_tensors function. This package can be installed using:
pip install opt_einsum
    ✗ [ 476.4s]  cut_incremental_qubit_prop
             ERROR: ImportError: The opt_einsum package is required when use_opt_einsum is set to True in the contract_tensors function. This package can be installed using:
pip install opt_einsum

  14q / 9_Clifford+T_026
    ✓ [   5.0s]  noisy_vanilla
    ✗ [  16.5s]  cut_divided_budget
             ERROR: ImportError: The opt_einsum package is required when use_opt_einsum is set to True in the contract_tensors function. This package can be installed using:
pip install opt_einsum
    ✗ [  13.4s]  cut_qubit_prop
             ERROR: ImportError: The opt_einsum package is required when use_opt_einsum is set to True in the contract_tensors function. This package can be installed using:
pip install opt_einsum
    ✗ [ 441.3s]  cut_incremental_budget
             ERROR: ImportError: The opt_einsum package is required when use_opt_einsum is set to True in the contract_tensors function. This package can be installed using:
pip install opt_einsum
    ✗ [ 452.2s]  cut_incremental_qubit_prop
             ERROR: ImportError: The opt_einsum package is required when use_opt_einsum is set to True in the contract_tensors function. This package can be installed using:
pip install opt_einsum

------------------------------------------------------------------------
FAILED MODES
------------------------------------------------------------------------
  14q / 0_Clifford+T_001 / cut_divided_budget
    ImportError: The opt_einsum package is required when use_opt_einsum is set to True in the contract_tensors function. This package can be installed using:
pip install opt_einsum
  14q / 0_Clifford+T_001 / cut_qubit_prop
    ImportError: The opt_einsum package is required when use_opt_einsum is set to True in the contract_tensors function. This package can be installed using:
pip install opt_einsum
  14q / 0_Clifford+T_001 / cut_incremental_budget
    ImportError: The opt_einsum package is required when use_opt_einsum is set to True in the contract_tensors function. This package can be installed using:
pip install opt_einsum
  14q / 0_Clifford+T_001 / cut_incremental_qubit_prop
    ImportError: The opt_einsum package is required when use_opt_einsum is set to True in the contract_tensors function. This package can be installed using:
pip install opt_einsum
  14q / 1_Clifford+T_011 / cut_divided_budget
    ImportError: The opt_einsum package is required when use_opt_einsum is set to True in the contract_tensors function. This package can be installed using:
pip install opt_einsum
  14q / 1_Clifford+T_011 / cut_qubit_prop
    ImportError: The opt_einsum package is required when use_opt_einsum is set to True in the contract_tensors function. This package can be installed using:
pip install opt_einsum
  14q / 1_Clifford+T_011 / cut_incremental_budget
    ImportError: The opt_einsum package is required when use_opt_einsum is set to True in the contract_tensors function. This package can be installed using:
pip install opt_einsum
  14q / 1_Clifford+T_011 / cut_incremental_qubit_prop
    ImportError: The opt_einsum package is required when use_opt_einsum is set to True in the contract_tensors function. This package can be installed using:
pip install opt_einsum
  14q / 2_Clifford+T_012 / cut_divided_budget
    ImportError: The opt_einsum package is required when use_opt_einsum is set to True in the contract_tensors function. This package can be installed using:
pip install opt_einsum
  14q / 2_Clifford+T_012 / cut_qubit_prop
    ImportError: The opt_einsum package is required when use_opt_einsum is set to True in the contract_tensors function. This package can be installed using:
pip install opt_einsum
  14q / 2_Clifford+T_012 / cut_incremental_budget
    ImportError: The opt_einsum package is required when use_opt_einsum is set to True in the contract_tensors function. This package can be installed using:
pip install opt_einsum
  14q / 2_Clifford+T_012 / cut_incremental_qubit_prop
    ImportError: The opt_einsum package is required when use_opt_einsum is set to True in the contract_tensors function. This package can be installed using:
pip install opt_einsum
  14q / 3_Clifford+T_014 / cut_divided_budget
    ImportError: The opt_einsum package is required when use_opt_einsum is set to True in the contract_tensors function. This package can be installed using:
pip install opt_einsum
  14q / 3_Clifford+T_014 / cut_qubit_prop
    ImportError: The opt_einsum package is required when use_opt_einsum is set to True in the contract_tensors function. This package can be installed using:
pip install opt_einsum
  14q / 3_Clifford+T_014 / cut_incremental_budget
    ImportError: The opt_einsum package is required when use_opt_einsum is set to True in the contract_tensors function. This package can be installed using:
pip install opt_einsum
  14q / 3_Clifford+T_014 / cut_incremental_qubit_prop
    ImportError: The opt_einsum package is required when use_opt_einsum is set to True in the contract_tensors function. This package can be installed using:
pip install opt_einsum
  14q / 4_Clifford+T_015 / cut_divided_budget
    ImportError: The opt_einsum package is required when use_opt_einsum is set to True in the contract_tensors function. This package can be installed using:
pip install opt_einsum
  14q / 4_Clifford+T_015 / cut_qubit_prop
    ImportError: The opt_einsum package is required when use_opt_einsum is set to True in the contract_tensors function. This package can be installed using:
pip install opt_einsum
  14q / 4_Clifford+T_015 / cut_incremental_budget
    ImportError: The opt_einsum package is required when use_opt_einsum is set to True in the contract_tensors function. This package can be installed using:
pip install opt_einsum
  14q / 4_Clifford+T_015 / cut_incremental_qubit_prop
    ImportError: The opt_einsum package is required when use_opt_einsum is set to True in the contract_tensors function. This package can be installed using:
pip install opt_einsum
  14q / 5_Clifford+T_016 / cut_divided_budget
    ImportError: The opt_einsum package is required when use_opt_einsum is set to True in the contract_tensors function. This package can be installed using:
pip install opt_einsum
  14q / 5_Clifford+T_016 / cut_qubit_prop
    ImportError: The opt_einsum package is required when use_opt_einsum is set to True in the contract_tensors function. This package can be installed using:
pip install opt_einsum
  14q / 5_Clifford+T_016 / cut_incremental_budget
    ImportError: The opt_einsum package is required when use_opt_einsum is set to True in the contract_tensors function. This package can be installed using:
pip install opt_einsum
  14q / 5_Clifford+T_016 / cut_incremental_qubit_prop
    ImportError: The opt_einsum package is required when use_opt_einsum is set to True in the contract_tensors function. This package can be installed using:
pip install opt_einsum
  14q / 6_Clifford+T_018 / cut_divided_budget
    ImportError: The opt_einsum package is required when use_opt_einsum is set to True in the contract_tensors function. This package can be installed using:
pip install opt_einsum
  14q / 6_Clifford+T_018 / cut_qubit_prop
    ImportError: The opt_einsum package is required when use_opt_einsum is set to True in the contract_tensors function. This package can be installed using:
pip install opt_einsum
  14q / 6_Clifford+T_018 / cut_incremental_budget
    ImportError: The opt_einsum package is required when use_opt_einsum is set to True in the contract_tensors function. This package can be installed using:
pip install opt_einsum
  14q / 6_Clifford+T_018 / cut_incremental_qubit_prop
    ImportError: The opt_einsum package is required when use_opt_einsum is set to True in the contract_tensors function. This package can be installed using:
pip install opt_einsum
  14q / 7_Clifford+T_019 / cut_divided_budget
    ImportError: The opt_einsum package is required when use_opt_einsum is set to True in the contract_tensors function. This package can be installed using:
pip install opt_einsum
  14q / 7_Clifford+T_019 / cut_qubit_prop
    ImportError: The opt_einsum package is required when use_opt_einsum is set to True in the contract_tensors function. This package can be installed using:
pip install opt_einsum
  14q / 7_Clifford+T_019 / cut_incremental_budget
    ImportError: The opt_einsum package is required when use_opt_einsum is set to True in the contract_tensors function. This package can be installed using:
pip install opt_einsum
  14q / 7_Clifford+T_019 / cut_incremental_qubit_prop
    ImportError: The opt_einsum package is required when use_opt_einsum is set to True in the contract_tensors function. This package can be installed using:
pip install opt_einsum
  14q / 8_Clifford+T_022 / cut_divided_budget
    ImportError: The opt_einsum package is required when use_opt_einsum is set to True in the contract_tensors function. This package can be installed using:
pip install opt_einsum
  14q / 8_Clifford+T_022 / cut_qubit_prop
    ImportError: The opt_einsum package is required when use_opt_einsum is set to True in the contract_tensors function. This package can be installed using:
pip install opt_einsum
  14q / 8_Clifford+T_022 / cut_incremental_budget
    ImportError: The opt_einsum package is required when use_opt_einsum is set to True in the contract_tensors function. This package can be installed using:
pip install opt_einsum
  14q / 8_Clifford+T_022 / cut_incremental_qubit_prop
    ImportError: The opt_einsum package is required when use_opt_einsum is set to True in the contract_tensors function. This package can be installed using:
pip install opt_einsum
  14q / 9_Clifford+T_026 / cut_divided_budget
    ImportError: The opt_einsum package is required when use_opt_einsum is set to True in the contract_tensors function. This package can be installed using:
pip install opt_einsum
  14q / 9_Clifford+T_026 / cut_qubit_prop
    ImportError: The opt_einsum package is required when use_opt_einsum is set to True in the contract_tensors function. This package can be installed using:
pip install opt_einsum
  14q / 9_Clifford+T_026 / cut_incremental_budget
    ImportError: The opt_einsum package is required when use_opt_einsum is set to True in the contract_tensors function. This package can be installed using:
pip install opt_einsum
  14q / 9_Clifford+T_026 / cut_incremental_qubit_prop
    ImportError: The opt_einsum package is required when use_opt_einsum is set to True in the contract_tensors function. This package can be installed using:
pip install opt_einsum

========================================================================
