========================================================================
CUTTABLE CIRCUIT BENCHMARK RUN REPORT
Timestamp : 2026-06-09 08:29:59
========================================================================

DESIGN
------------------------------------------------------------------------
  Input        : valid_circuits.pkl produced by generate_and_cut.py
  Cut strategy : find_and_place_cuts + CutStrategy(min_free_wires=2)
  Ground truth : PennyLane default.qubit statevector (shots=None)
  Reconstruction: qcut_processing_fn (tensor contraction)
  Observable   : per-circuit Pauli string stored in CircuitSpec.observable
  Error        : |perf_exp_val - result|

CONFIGURATION
------------------------------------------------------------------------
  Shots (B)                 : 5000
  Noisy backend             : 'aer.fake_kawasaki'
  Ideal backend             : 'aer.perfect'
  Simulator seed            : 42
  Output dir                : PosixPath('results/new/ewma_5k_kawasaki_01/11_qubits')
  2q-gate alpha             : 0.8
  Incr. batch shots         : 50
  Incr. threshold           : 0.03
  Incr. offset              : 3
  Incr. stability k         : 3
  Incr. stopping criterion  : 'ewma'
  Incr. distance metric     : 'tvd'
  Incr. window size         : 3
  Incr. EWMA alpha          : 0.5
  Selected modes            : noisy_vanilla, cut_divided_budget, cut_qubit_prop, cut_incremental_budget, cut_incremental_qubit_prop

SUMMARY
------------------------------------------------------------------------
Total: 50  ok: 50  failed: 0

RESULTS BY CIRCUIT
------------------------------------------------------------------------
  11q / 0_Clifford+T_001
    ✓ [   4.7s]  noisy_vanilla
    ✓ [  70.4s]  cut_divided_budget
    ✓ [  44.2s]  cut_qubit_prop
    ✓ [ 193.6s]  cut_incremental_budget
    ✓ [ 175.1s]  cut_incremental_qubit_prop

  11q / 1_Clifford+T_002
    ✓ [   2.0s]  noisy_vanilla
    ✓ [  51.5s]  cut_divided_budget
    ✓ [  53.5s]  cut_qubit_prop
    ✓ [ 191.9s]  cut_incremental_budget
    ✓ [ 164.0s]  cut_incremental_qubit_prop

  11q / 2_Clifford+T_011
    ✓ [   1.8s]  noisy_vanilla
    ✓ [  20.0s]  cut_divided_budget
    ✓ [  11.7s]  cut_qubit_prop
    ✓ [ 152.3s]  cut_incremental_budget
    ✓ [ 153.2s]  cut_incremental_qubit_prop

  11q / 3_Clifford+T_015
    ✓ [   1.9s]  noisy_vanilla
    ✓ [  19.3s]  cut_divided_budget
    ✓ [  10.3s]  cut_qubit_prop
    ✓ [ 138.4s]  cut_incremental_budget
    ✓ [ 165.0s]  cut_incremental_qubit_prop

  11q / 4_Clifford+T_017
    ✓ [   1.8s]  noisy_vanilla
    ✓ [  20.3s]  cut_divided_budget
    ✓ [  11.2s]  cut_qubit_prop
    ✓ [ 116.5s]  cut_incremental_budget
    ✓ [ 141.4s]  cut_incremental_qubit_prop

  11q / 5_Clifford+T_025
    ✓ [   1.8s]  noisy_vanilla
    ✓ [  20.8s]  cut_divided_budget
    ✓ [  10.7s]  cut_qubit_prop
    ✓ [ 136.2s]  cut_incremental_budget
    ✓ [ 160.7s]  cut_incremental_qubit_prop

  11q / 6_Clifford+T_026
    ✓ [   1.7s]  noisy_vanilla
    ✓ [  19.8s]  cut_divided_budget
    ✓ [  11.6s]  cut_qubit_prop
    ✓ [ 127.8s]  cut_incremental_budget
    ✓ [ 165.4s]  cut_incremental_qubit_prop

  11q / 7_Clifford+T_029
    ✓ [   1.8s]  noisy_vanilla
    ✓ [  18.1s]  cut_divided_budget
    ✓ [  10.4s]  cut_qubit_prop
    ✓ [ 136.5s]  cut_incremental_budget
    ✓ [ 145.2s]  cut_incremental_qubit_prop

  11q / 8_Clifford+T_030
    ✓ [   1.7s]  noisy_vanilla
    ✓ [  21.8s]  cut_divided_budget
    ✓ [  13.0s]  cut_qubit_prop
    ✓ [ 124.0s]  cut_incremental_budget
    ✓ [ 125.5s]  cut_incremental_qubit_prop

  11q / 9_Clifford+T_033
    ✓ [   1.4s]  noisy_vanilla
    ✓ [  20.0s]  cut_divided_budget
    ✓ [  10.9s]  cut_qubit_prop
    ✓ [ 127.1s]  cut_incremental_budget
    ✓ [ 111.4s]  cut_incremental_qubit_prop

========================================================================
