========================================================================
CUTTABLE CIRCUIT BENCHMARK RUN REPORT
Timestamp : 2026-06-18 02:31:11
========================================================================

DESIGN
------------------------------------------------------------------------
  Input        : valid_circuits.pkl produced by generate_and_cut.py
  Cut strategy : find_and_place_cuts + CutStrategy(min_free_wires=2)
  Ground truth : PennyLane default.qubit statevector (shots=None)
  Reconstruction: qcut_processing_fn (tensor contraction)
  Observable   : per-circuit Pauli string stored in CircuitSpec.observable
  Error        : |perf_exp_val - result|

CONFIGURATION
------------------------------------------------------------------------
  Shots (B)                 : 10000
  Noisy backend             : 'aer.fake_kawasaki'
  Ideal backend             : 'aer.perfect'
  Simulator seed            : 42
  Output dir                : PosixPath('results/new/stable_shots_02/10000_shots/kawasaki/10_qubits')
  2q-gate alpha             : 0.8
  Incr. batch shots         : 50
  Incr. threshold           : 0.03
  Incr. offset              : 3
  Incr. stability k         : 3
  Incr. stopping criterion  : 'delta'
  Incr. distance metric     : 'tvd'
  Incr. window size         : 3
  Incr. EWMA alpha          : 0.5
  Selected modes            : noisy_vanilla, cut_divided_budget, cut_qubit_prop, cut_incremental_budget, cut_incremental_qubit_prop

SUMMARY
------------------------------------------------------------------------
Total: 50  ok: 50  failed: 0

RESULTS BY CIRCUIT
------------------------------------------------------------------------
  10q / 0_Clifford+T_001
    ✓ [   1.9s]  noisy_vanilla
    ✓ [  50.1s]  cut_divided_budget
    ✓ [  42.7s]  cut_qubit_prop
    ✓ [ 289.6s]  cut_incremental_budget
    ✓ [ 295.9s]  cut_incremental_qubit_prop

  10q / 1_Clifford+T_004
    ✓ [   1.7s]  noisy_vanilla
    ✓ [  18.1s]  cut_divided_budget
    ✓ [  10.3s]  cut_qubit_prop
    ✓ [ 199.3s]  cut_incremental_budget
    ✓ [ 342.3s]  cut_incremental_qubit_prop

  10q / 2_Clifford+T_008
    ✓ [   3.2s]  noisy_vanilla
    ✓ [  70.1s]  cut_divided_budget
    ✓ [  71.8s]  cut_qubit_prop
    ✓ [ 475.7s]  cut_incremental_budget
    ✓ [ 351.3s]  cut_incremental_qubit_prop

  10q / 3_Clifford+T_015
    ✓ [   1.8s]  noisy_vanilla
    ✓ [  23.6s]  cut_divided_budget
    ✓ [  16.6s]  cut_qubit_prop
    ✓ [ 263.3s]  cut_incremental_budget
    ✓ [ 282.2s]  cut_incremental_qubit_prop

  10q / 4_Clifford+T_024
    ✓ [   3.0s]  noisy_vanilla
    ✓ [  83.9s]  cut_divided_budget
    ✓ [  73.7s]  cut_qubit_prop
    ✓ [ 446.8s]  cut_incremental_budget
    ✓ [ 481.2s]  cut_incremental_qubit_prop

  10q / 5_Clifford+T_026
    ✓ [   2.9s]  noisy_vanilla
    ✓ [  72.5s]  cut_divided_budget
    ✓ [  64.9s]  cut_qubit_prop
    ✓ [ 456.3s]  cut_incremental_budget
    ✓ [ 497.0s]  cut_incremental_qubit_prop

  10q / 6_Clifford+T_032
    ✓ [   3.2s]  noisy_vanilla
    ✓ [  20.4s]  cut_divided_budget
    ✓ [  17.6s]  cut_qubit_prop
    ✓ [ 219.9s]  cut_incremental_budget
    ✓ [ 165.0s]  cut_incremental_qubit_prop

  10q / 7_Clifford+T_033
    ✓ [   1.9s]  noisy_vanilla
    ✓ [  18.9s]  cut_divided_budget
    ✓ [  10.8s]  cut_qubit_prop
    ✓ [ 146.6s]  cut_incremental_budget
    ✓ [ 126.6s]  cut_incremental_qubit_prop

  10q / 8_Clifford+T_039
    ✓ [   1.8s]  noisy_vanilla
    ✓ [  55.6s]  cut_divided_budget
    ✓ [  44.4s]  cut_qubit_prop
    ✓ [ 291.0s]  cut_incremental_budget
    ✓ [ 298.0s]  cut_incremental_qubit_prop

  10q / 9_Clifford+T_041
    ✓ [   1.8s]  noisy_vanilla
    ✓ [  17.1s]  cut_divided_budget
    ✓ [  12.0s]  cut_qubit_prop
    ✓ [ 150.4s]  cut_incremental_budget
    ✓ [ 139.3s]  cut_incremental_qubit_prop

========================================================================
