========================================================================
CUTTABLE CIRCUIT BENCHMARK RUN REPORT
Timestamp : 2026-06-16 03:41:54
========================================================================

DESIGN
------------------------------------------------------------------------
  Input        : valid_circuits.pkl produced by generate_and_cut.py
  Cut strategy : find_and_place_cuts + CutStrategy(min_free_wires=2)
  Ground truth : PennyLane default.qubit statevector (shots=None)
  Reconstruction: qcut_processing_fn (tensor contraction)
  Observable   : per-circuit Pauli string stored in CircuitSpec.observable
  Error        : |perf_exp_val - result|

CONFIGURATION
------------------------------------------------------------------------
  Shots (B)                 : 10000
  Noisy backend             : 'aer.fake_kyoto'
  Ideal backend             : 'aer.perfect'
  Simulator seed            : 42
  Output dir                : PosixPath('results/new/stable_shots_runs02_10-14q_no_vanilla/10000_shots/kyoto/14_qubits')
  2q-gate alpha             : 0.8
  Incr. batch shots         : 50
  Incr. threshold           : 0.005
  Incr. offset              : 3
  Incr. stability k         : 5
  Incr. stopping criterion  : 'delta'
  Incr. distance metric     : 'tvd'
  Incr. window size         : 3
  Incr. EWMA alpha          : 0.5
  Selected modes            : cut_divided_budget, cut_qubit_prop, cut_incremental_budget, cut_incremental_qubit_prop

SUMMARY
------------------------------------------------------------------------
Total: 40  ok: 40  failed: 0

RESULTS BY CIRCUIT
------------------------------------------------------------------------
  14q / 0_Clifford+T_001
    ✓ [  65.4s]  cut_divided_budget
    ✓ [  63.0s]  cut_qubit_prop
    ✓ [ 351.7s]  cut_incremental_budget
    ✓ [ 339.2s]  cut_incremental_qubit_prop

  14q / 1_Clifford+T_011
    ✓ [  58.7s]  cut_divided_budget
    ✓ [  51.7s]  cut_qubit_prop
    ✓ [ 357.2s]  cut_incremental_budget
    ✓ [ 331.9s]  cut_incremental_qubit_prop

  14q / 2_Clifford+T_012
    ✓ [  29.0s]  cut_divided_budget
    ✓ [  27.6s]  cut_qubit_prop
    ✓ [ 316.5s]  cut_incremental_budget
    ✓ [ 335.5s]  cut_incremental_qubit_prop

  14q / 3_Clifford+T_014
    ✓ [  38.4s]  cut_divided_budget
    ✓ [  45.6s]  cut_qubit_prop
    ✓ [ 321.3s]  cut_incremental_budget
    ✓ [ 353.2s]  cut_incremental_qubit_prop

  14q / 4_Clifford+T_015
    ✓ [  38.5s]  cut_divided_budget
    ✓ [  31.5s]  cut_qubit_prop
    ✓ [ 357.4s]  cut_incremental_budget
    ✓ [ 355.9s]  cut_incremental_qubit_prop

  14q / 5_Clifford+T_016
    ✓ [  19.1s]  cut_divided_budget
    ✓ [  12.4s]  cut_qubit_prop
    ✓ [ 309.9s]  cut_incremental_budget
    ✓ [ 319.5s]  cut_incremental_qubit_prop

  14q / 6_Clifford+T_018
    ✓ [  19.6s]  cut_divided_budget
    ✓ [  12.0s]  cut_qubit_prop
    ✓ [ 308.6s]  cut_incremental_budget
    ✓ [ 318.8s]  cut_incremental_qubit_prop

  14q / 7_Clifford+T_019
    ✓ [  30.1s]  cut_divided_budget
    ✓ [  30.5s]  cut_qubit_prop
    ✓ [ 308.6s]  cut_incremental_budget
    ✓ [ 342.2s]  cut_incremental_qubit_prop

  14q / 8_Clifford+T_022
    ✓ [  37.5s]  cut_divided_budget
    ✓ [  46.1s]  cut_qubit_prop
    ✓ [ 320.2s]  cut_incremental_budget
    ✓ [ 358.0s]  cut_incremental_qubit_prop

  14q / 9_Clifford+T_026
    ✓ [  18.7s]  cut_divided_budget
    ✓ [  12.4s]  cut_qubit_prop
    ✓ [ 322.3s]  cut_incremental_budget
    ✓ [ 321.1s]  cut_incremental_qubit_prop

========================================================================
