========================================================================
CUTTABLE CIRCUIT BENCHMARK RUN REPORT
Timestamp : 2026-05-27 11:15:32
========================================================================

DESIGN
------------------------------------------------------------------------
  Input        : valid_circuits.pkl produced by generate_and_cut.py
  Cut strategy : find_and_place_cuts + CutStrategy(min_free_wires=2)
  Ground truth : PennyLane default.qubit statevector (shots=None)
  Reconstruction: qcut_processing_fn (tensor contraction)
  Observable   : per-circuit Pauli string stored in CircuitSpec.observable
  Error        : |perf_exp_val - result|

CONFIGURATION
------------------------------------------------------------------------
  Shots (B)                 : 20000
  Noisy backend             : 'aer.fake_sherbrooke'
  Ideal backend             : 'aer.perfect'
  Simulator seed            : 42
  Output dir                : PosixPath('results/new/ewma_20k_sherbrooke_01/11_qubits')
  2q-gate alpha             : 0.8
  Incr. batch shots         : 50
  Incr. threshold           : 0.03
  Incr. offset              : 3
  Incr. stability k         : 3
  Incr. stopping criterion  : 'ewma'
  Incr. distance metric     : 'tvd'
  Incr. window size         : 3
  Incr. EWMA alpha          : 0.5
  Selected modes            : noisy_vanilla, cut_divided_budget, cut_qubit_prop, cut_incremental_budget, cut_incremental_qubit_prop

SUMMARY
------------------------------------------------------------------------
Total: 50  ok: 50  failed: 0

RESULTS BY CIRCUIT
------------------------------------------------------------------------
  11q / 0_Clifford+T_001
    ✓ [   7.6s]  noisy_vanilla
    ✓ [ 129.5s]  cut_divided_budget
    ✓ [  75.6s]  cut_qubit_prop
    ✓ [ 774.3s]  cut_incremental_budget
    ✓ [ 885.0s]  cut_incremental_qubit_prop

  11q / 1_Clifford+T_002
    ✓ [   2.5s]  noisy_vanilla
    ✓ [  88.0s]  cut_divided_budget
    ✓ [  98.4s]  cut_qubit_prop
    ✓ [ 911.0s]  cut_incremental_budget
    ✓ [ 897.9s]  cut_incremental_qubit_prop

  11q / 2_Clifford+T_011
    ✓ [   2.6s]  noisy_vanilla
    ✓ [  29.1s]  cut_divided_budget
    ✓ [  15.3s]  cut_qubit_prop
    ✓ [ 523.9s]  cut_incremental_budget
    ✓ [ 454.9s]  cut_incremental_qubit_prop

  11q / 3_Clifford+T_015
    ✓ [   3.2s]  noisy_vanilla
    ✓ [  30.9s]  cut_divided_budget
    ✓ [  20.4s]  cut_qubit_prop
    ✓ [ 484.5s]  cut_incremental_budget
    ✓ [ 428.0s]  cut_incremental_qubit_prop

  11q / 4_Clifford+T_017
    ✓ [   3.3s]  noisy_vanilla
    ✓ [  32.1s]  cut_divided_budget
    ✓ [  21.0s]  cut_qubit_prop
    ✓ [ 306.6s]  cut_incremental_budget
    ✓ [ 250.2s]  cut_incremental_qubit_prop

  11q / 5_Clifford+T_025
    ✓ [   4.1s]  noisy_vanilla
    ✓ [  73.3s]  cut_divided_budget
    ✓ [  19.8s]  cut_qubit_prop
    ✓ [ 360.5s]  cut_incremental_budget
    ✓ [ 322.1s]  cut_incremental_qubit_prop

  11q / 6_Clifford+T_026
    ✓ [   2.5s]  noisy_vanilla
    ✓ [  29.9s]  cut_divided_budget
    ✓ [  17.5s]  cut_qubit_prop
    ✓ [ 557.4s]  cut_incremental_budget
    ✓ [ 639.2s]  cut_incremental_qubit_prop

  11q / 7_Clifford+T_029
    ✓ [   1.9s]  noisy_vanilla
    ✓ [  21.7s]  cut_divided_budget
    ✓ [  12.4s]  cut_qubit_prop
    ✓ [ 243.5s]  cut_incremental_budget
    ✓ [ 221.7s]  cut_incremental_qubit_prop

  11q / 8_Clifford+T_030
    ✓ [   2.4s]  noisy_vanilla
    ✓ [  23.1s]  cut_divided_budget
    ✓ [  11.3s]  cut_qubit_prop
    ✓ [ 143.3s]  cut_incremental_budget
    ✓ [ 163.1s]  cut_incremental_qubit_prop

  11q / 9_Clifford+T_033
    ✓ [   2.1s]  noisy_vanilla
    ✓ [  23.2s]  cut_divided_budget
    ✓ [  23.8s]  cut_qubit_prop
    ✓ [ 205.7s]  cut_incremental_budget
    ✓ [ 170.3s]  cut_incremental_qubit_prop

========================================================================
