========================================================================
CUTTABLE CIRCUIT BENCHMARK RUN REPORT
Timestamp : 2026-04-24 12:28:31
========================================================================

DESIGN
------------------------------------------------------------------------
  Input        : valid_circuits.pkl produced by generate_and_cut.py
  Cut strategy : find_and_place_cuts + CutStrategy(min_free_wires=2)
  Ground truth : PennyLane default.qubit statevector (shots=None)
  Reconstruction: qcut_processing_fn (tensor contraction)
  Observable   : per-circuit Pauli string stored in CircuitSpec.observable
  Error        : |perf_exp_val - result|

CONFIGURATION
------------------------------------------------------------------------
  Shots (B)                 : 20000
  Noisy backend             : 'aer.fake_torino'
  Ideal backend             : 'aer.perfect'
  Simulator seed            : 42
  Output dir                : PosixPath('results/20k_dma/07_qubits')
  2q-gate alpha             : 0.8
  Incr. batch shots         : 50
  Incr. threshold           : 0.03
  Incr. offset              : 2
  Incr. stability k         : 3
  Incr. stopping criterion  : 'dma'
  Incr. distance metric     : 'tvd'
  Incr. window size         : 3
  Incr. EWMA alpha          : 0.5
  Selected modes            : noisy_vanilla, cut_divided_budget, cut_qubit_prop, cut_incremental_budget, cut_incremental_qubit_prop

SUMMARY
------------------------------------------------------------------------
Total: 50  ok: 50  failed: 0

RESULTS BY CIRCUIT
------------------------------------------------------------------------
  7q / 0_Clifford+T_004
    ✓ [   2.9s]  noisy_vanilla
    ✓ [  84.0s]  cut_divided_budget
    ✓ [  75.0s]  cut_qubit_prop
    ✓ [ 567.8s]  cut_incremental_budget
    ✓ [ 521.2s]  cut_incremental_qubit_prop

  7q / 1_Clifford+T_022
    ✓ [   2.4s]  noisy_vanilla
    ✓ [  79.7s]  cut_divided_budget
    ✓ [  84.1s]  cut_qubit_prop
    ✓ [ 513.2s]  cut_incremental_budget
    ✓ [ 534.3s]  cut_incremental_qubit_prop

  7q / 2_QuantumVolume_042
    ✓ [   2.7s]  noisy_vanilla
    ✓ [ 392.8s]  cut_divided_budget
    ✓ [  78.1s]  cut_qubit_prop
    ✓ [ 547.2s]  cut_incremental_budget
    ✓ [ 511.1s]  cut_incremental_qubit_prop

  7q / 3_Clifford+T_070
    ✓ [   2.0s]  noisy_vanilla
    ✓ [  78.3s]  cut_divided_budget
    ✓ [  69.9s]  cut_qubit_prop
    ✓ [ 499.6s]  cut_incremental_budget
    ✓ [ 526.9s]  cut_incremental_qubit_prop

  7q / 4_QuantumVolume_096
    ✓ [   2.0s]  noisy_vanilla
    ✓ [ 380.8s]  cut_divided_budget
    ✓ [  86.1s]  cut_qubit_prop
    ✓ [ 545.5s]  cut_incremental_budget
    ✓ [ 492.0s]  cut_incremental_qubit_prop

  7q / 5_HEA_099
    ✓ [   2.3s]  noisy_vanilla
    ✓ [  99.1s]  cut_divided_budget
    ✓ [  69.1s]  cut_qubit_prop
    ✓ [ 663.3s]  cut_incremental_budget
    ✓ [ 558.9s]  cut_incremental_qubit_prop

  7q / 6_QuantumVolume_102
    ✓ [   2.6s]  noisy_vanilla
    ✓ [ 356.8s]  cut_divided_budget
    ✓ [  71.3s]  cut_qubit_prop
    ✓ [ 506.7s]  cut_incremental_budget
    ✓ [ 493.9s]  cut_incremental_qubit_prop

  7q / 7_Clifford+T_148
    ✓ [   2.2s]  noisy_vanilla
    ✓ [  78.4s]  cut_divided_budget
    ✓ [  69.8s]  cut_qubit_prop
    ✓ [ 504.8s]  cut_incremental_budget
    ✓ [ 539.3s]  cut_incremental_qubit_prop

  7q / 8_QuantumVolume_174
    ✓ [   2.6s]  noisy_vanilla
    ✓ [ 390.4s]  cut_divided_budget
    ✓ [  83.1s]  cut_qubit_prop
    ✓ [ 548.9s]  cut_incremental_budget
    ✓ [ 541.7s]  cut_incremental_qubit_prop

  7q / 9_Clifford+T_178
    ✓ [   2.4s]  noisy_vanilla
    ✓ [  83.0s]  cut_divided_budget
    ✓ [  75.1s]  cut_qubit_prop
    ✓ [ 516.7s]  cut_incremental_budget
    ✓ [ 519.1s]  cut_incremental_qubit_prop

========================================================================
