========================================================================
CUTTABLE CIRCUIT BENCHMARK RUN REPORT
Timestamp : 2026-06-14 15:29:36
========================================================================

DESIGN
------------------------------------------------------------------------
  Input        : valid_circuits.pkl produced by generate_and_cut.py
  Cut strategy : find_and_place_cuts + CutStrategy(min_free_wires=2)
  Ground truth : PennyLane default.qubit statevector (shots=None)
  Reconstruction: qcut_processing_fn (tensor contraction)
  Observable   : per-circuit Pauli string stored in CircuitSpec.observable
  Error        : |perf_exp_val - result|

CONFIGURATION
------------------------------------------------------------------------
  Shots (B)                 : 20000
  Noisy backend             : 'aer.fake_kyoto'
  Ideal backend             : 'aer.perfect'
  Simulator seed            : 42
  Output dir                : PosixPath('results/new/stable_shots_runs_10-14q_no_vanilla/20000_shots/kyoto/14_qubits')
  2q-gate alpha             : 0.8
  Incr. batch shots         : 50
  Incr. threshold           : 0.0005
  Incr. offset              : 2
  Incr. stability k         : 5
  Incr. stopping criterion  : 'delta'
  Incr. distance metric     : 'tvd'
  Incr. window size         : 3
  Incr. EWMA alpha          : 0.5
  Selected modes            : cut_divided_budget, cut_qubit_prop, cut_incremental_budget, cut_incremental_qubit_prop

SUMMARY
------------------------------------------------------------------------
Total: 40  ok: 40  failed: 0

RESULTS BY CIRCUIT
------------------------------------------------------------------------
  14q / 0_Clifford+T_001
    ✓ [  77.1s]  cut_divided_budget
    ✓ [  79.6s]  cut_qubit_prop
    ✓ [ 733.1s]  cut_incremental_budget
    ✓ [ 724.4s]  cut_incremental_qubit_prop

  14q / 1_Clifford+T_011
    ✓ [  65.9s]  cut_divided_budget
    ✓ [  60.2s]  cut_qubit_prop
    ✓ [ 739.5s]  cut_incremental_budget
    ✓ [ 739.7s]  cut_incremental_qubit_prop

  14q / 2_Clifford+T_012
    ✓ [  36.5s]  cut_divided_budget
    ✓ [  43.4s]  cut_qubit_prop
    ✓ [ 706.6s]  cut_incremental_budget
    ✓ [ 737.7s]  cut_incremental_qubit_prop

  14q / 3_Clifford+T_014
    ✓ [  53.6s]  cut_divided_budget
    ✓ [  71.2s]  cut_qubit_prop
    ✓ [ 722.8s]  cut_incremental_budget
    ✓ [ 766.7s]  cut_incremental_qubit_prop

  14q / 4_Clifford+T_015
    ✓ [  36.5s]  cut_divided_budget
    ✓ [  29.8s]  cut_qubit_prop
    ✓ [ 773.0s]  cut_incremental_budget
    ✓ [ 771.7s]  cut_incremental_qubit_prop

  14q / 5_Clifford+T_016
    ✓ [  20.0s]  cut_divided_budget
    ✓ [  13.8s]  cut_qubit_prop
    ✓ [ 683.0s]  cut_incremental_budget
    ✓ [ 697.6s]  cut_incremental_qubit_prop

  14q / 6_Clifford+T_018
    ✓ [  20.5s]  cut_divided_budget
    ✓ [  13.5s]  cut_qubit_prop
    ✓ [ 682.0s]  cut_incremental_budget
    ✓ [ 692.9s]  cut_incremental_qubit_prop

  14q / 7_Clifford+T_019
    ✓ [  38.7s]  cut_divided_budget
    ✓ [  42.5s]  cut_qubit_prop
    ✓ [ 701.2s]  cut_incremental_budget
    ✓ [ 733.7s]  cut_incremental_qubit_prop

  14q / 8_Clifford+T_022
    ✓ [  35.7s]  cut_divided_budget
    ✓ [  42.6s]  cut_qubit_prop
    ✓ [ 690.0s]  cut_incremental_budget
    ✓ [ 718.8s]  cut_incremental_qubit_prop

  14q / 9_Clifford+T_026
    ✓ [  19.3s]  cut_divided_budget
    ✓ [  13.6s]  cut_qubit_prop
    ✓ [ 689.9s]  cut_incremental_budget
    ✓ [ 691.7s]  cut_incremental_qubit_prop

========================================================================
