========================================================================
CUTTABLE CIRCUIT BENCHMARK RUN REPORT
Timestamp : 2026-06-18 12:12:56
========================================================================

DESIGN
------------------------------------------------------------------------
  Input        : valid_circuits.pkl produced by generate_and_cut.py
  Cut strategy : find_and_place_cuts + CutStrategy(min_free_wires=2)
  Ground truth : PennyLane default.qubit statevector (shots=None)
  Reconstruction: qcut_processing_fn (tensor contraction)
  Observable   : per-circuit Pauli string stored in CircuitSpec.observable
  Error        : |perf_exp_val - result|

CONFIGURATION
------------------------------------------------------------------------
  Shots (B)                 : 20000
  Noisy backend             : 'aer.fake_sherbrooke'
  Ideal backend             : 'aer.perfect'
  Simulator seed            : 42
  Output dir                : PosixPath('results/new/stable_shots_02/20000_shots/sherbrooke/15_qubits')
  2q-gate alpha             : 0.8
  Incr. batch shots         : 50
  Incr. threshold           : 0.03
  Incr. offset              : 3
  Incr. stability k         : 3
  Incr. stopping criterion  : 'delta'
  Incr. distance metric     : 'tvd'
  Incr. window size         : 3
  Incr. EWMA alpha          : 0.5
  Selected modes            : noisy_vanilla, cut_divided_budget, cut_qubit_prop, cut_incremental_budget, cut_incremental_qubit_prop

SUMMARY
------------------------------------------------------------------------
Total: 50  ok: 50  failed: 0

RESULTS BY CIRCUIT
------------------------------------------------------------------------
  15q / 0_Clifford+T_003
    ✓ [ 474.4s]  noisy_vanilla
    ✓ [  18.8s]  cut_divided_budget
    ✓ [  11.6s]  cut_qubit_prop
    ✓ [ 258.7s]  cut_incremental_budget
    ✓ [ 347.1s]  cut_incremental_qubit_prop

  15q / 1_Clifford+T_009
    ✓ [ 580.0s]  noisy_vanilla
    ✓ [  26.9s]  cut_divided_budget
    ✓ [  16.7s]  cut_qubit_prop
    ✓ [ 419.6s]  cut_incremental_budget
    ✓ [ 426.7s]  cut_incremental_qubit_prop

  15q / 2_Clifford+T_011
    ✓ [ 480.6s]  noisy_vanilla
    ✓ [  23.9s]  cut_divided_budget
    ✓ [  17.0s]  cut_qubit_prop
    ✓ [ 340.6s]  cut_incremental_budget
    ✓ [ 365.9s]  cut_incremental_qubit_prop

  15q / 3_Clifford+T_015
    ✓ [ 645.1s]  noisy_vanilla
    ✓ [  80.7s]  cut_divided_budget
    ✓ [  67.6s]  cut_qubit_prop
    ✓ [ 841.3s]  cut_incremental_budget
    ✓ [ 682.5s]  cut_incremental_qubit_prop

  15q / 4_Clifford+T_016
    ✓ [ 350.4s]  noisy_vanilla
    ✓ [  17.0s]  cut_divided_budget
    ✓ [  10.6s]  cut_qubit_prop
    ✓ [ 208.1s]  cut_incremental_budget
    ✓ [ 200.3s]  cut_incremental_qubit_prop

  15q / 5_Clifford+T_018
    ✓ [ 332.9s]  noisy_vanilla
    ✓ [  17.5s]  cut_divided_budget
    ✓ [  10.5s]  cut_qubit_prop
    ✓ [ 232.0s]  cut_incremental_budget
    ✓ [ 236.8s]  cut_incremental_qubit_prop

  15q / 6_Clifford+T_022
    ✓ [ 324.9s]  noisy_vanilla
    ✓ [  20.3s]  cut_divided_budget
    ✓ [  17.0s]  cut_qubit_prop
    ✓ [ 358.9s]  cut_incremental_budget
    ✓ [ 312.6s]  cut_incremental_qubit_prop

  15q / 7_Clifford+T_023
    ✓ [ 526.2s]  noisy_vanilla
    ✓ [  41.4s]  cut_divided_budget
    ✓ [  31.1s]  cut_qubit_prop
    ✓ [ 494.6s]  cut_incremental_budget
    ✓ [ 702.9s]  cut_incremental_qubit_prop

  15q / 8_Clifford+T_024
    ✓ [ 340.1s]  noisy_vanilla
    ✓ [  60.0s]  cut_divided_budget
    ✓ [ 121.0s]  cut_qubit_prop
    ✓ [ 504.8s]  cut_incremental_budget
    ✓ [ 416.7s]  cut_incremental_qubit_prop

  15q / 9_Clifford+T_026
    ✓ [ 335.1s]  noisy_vanilla
    ✓ [  58.2s]  cut_divided_budget
    ✓ [  74.0s]  cut_qubit_prop
    ✓ [ 255.8s]  cut_incremental_budget
    ✓ [ 259.1s]  cut_incremental_qubit_prop

========================================================================
