========================================================================
CUTTABLE CIRCUIT BENCHMARK RUN REPORT
Timestamp : 2026-05-11 13:20:55
========================================================================

DESIGN
------------------------------------------------------------------------
  Input        : valid_circuits.pkl produced by generate_and_cut.py
  Cut strategy : find_and_place_cuts + CutStrategy(min_free_wires=2)
  Ground truth : PennyLane default.qubit statevector (shots=None)
  Reconstruction: qcut_processing_fn (tensor contraction)
  Observable   : per-circuit Pauli string stored in CircuitSpec.observable
  Error        : |perf_exp_val - result|

CONFIGURATION
------------------------------------------------------------------------
  Shots (B)                 : 20000
  Noisy backend             : 'aer.fake_torino'
  Ideal backend             : 'aer.perfect'
  Simulator seed            : 42
  Output dir                : PosixPath('results/20k_ewma_05/11_qubits')
  2q-gate alpha             : 0.8
  Incr. batch shots         : 50
  Incr. threshold           : 0.01
  Incr. offset              : 5
  Incr. stability k         : 5
  Incr. stopping criterion  : 'ewma'
  Incr. distance metric     : 'tvd'
  Incr. window size         : 5
  Incr. EWMA alpha          : 0.5
  Selected modes            : noisy_vanilla, cut_divided_budget, cut_qubit_prop, cut_incremental_budget, cut_incremental_qubit_prop

SUMMARY
------------------------------------------------------------------------
Total: 45  ok: 45  failed: 0

RESULTS BY CIRCUIT
------------------------------------------------------------------------
  11q / 0_Clifford+T_004
    ✓ [   3.3s]  noisy_vanilla
    ✓ [  26.4s]  cut_divided_budget
    ✓ [  19.1s]  cut_qubit_prop
    ✓ [ 263.4s]  cut_incremental_budget
    ✓ [ 267.3s]  cut_incremental_qubit_prop

  11q / 1_Clifford+T_046
    ✓ [   2.8s]  noisy_vanilla
    ✓ [  29.2s]  cut_divided_budget
    ✓ [  19.5s]  cut_qubit_prop
    ✓ [ 257.2s]  cut_incremental_budget
    ✓ [ 260.7s]  cut_incremental_qubit_prop

  11q / 2_Clifford+T_058
    ✓ [   2.7s]  noisy_vanilla
    ✓ [  78.7s]  cut_divided_budget
    ✓ [  81.9s]  cut_qubit_prop
    ✓ [1071.3s]  cut_incremental_budget
    ✓ [ 988.7s]  cut_incremental_qubit_prop

  11q / 3_Clifford+T_070
    ✓ [   2.7s]  noisy_vanilla
    ✓ [  26.4s]  cut_divided_budget
    ✓ [  19.1s]  cut_qubit_prop
    ✓ [ 260.6s]  cut_incremental_budget
    ✓ [ 265.2s]  cut_incremental_qubit_prop

  11q / 4_Clifford+T_100
    ✓ [   2.4s]  noisy_vanilla
    ✓ [ 111.7s]  cut_divided_budget
    ✓ [  78.2s]  cut_qubit_prop
    ✓ [1045.7s]  cut_incremental_budget
    ✓ [1012.0s]  cut_incremental_qubit_prop

  11q / 5_Clifford+T_112
    ✓ [   2.6s]  noisy_vanilla
    ✓ [  26.7s]  cut_divided_budget
    ✓ [  18.7s]  cut_qubit_prop
    ✓ [ 279.5s]  cut_incremental_budget
    ✓ [ 251.5s]  cut_incremental_qubit_prop

  11q / 6_Clifford+T_136
    ✓ [   2.3s]  noisy_vanilla
    ✓ [  26.7s]  cut_divided_budget
    ✓ [  24.1s]  cut_qubit_prop
    ✓ [ 301.5s]  cut_incremental_budget
    ✓ [ 283.4s]  cut_incremental_qubit_prop

  11q / 7_Clifford+T_142
    ✓ [   2.7s]  noisy_vanilla
    ✓ [  34.0s]  cut_divided_budget
    ✓ [  19.0s]  cut_qubit_prop
    ✓ [ 255.4s]  cut_incremental_budget
    ✓ [ 296.2s]  cut_incremental_qubit_prop

  11q / 8_Clifford+T_178
    ✓ [   2.7s]  noisy_vanilla
    ✓ [  86.6s]  cut_divided_budget
    ✓ [  73.0s]  cut_qubit_prop
    ✓ [1136.3s]  cut_incremental_budget
    ✓ [ 779.2s]  cut_incremental_qubit_prop

========================================================================
