========================================================================
CUTTABLE CIRCUIT BENCHMARK RUN REPORT
Timestamp : 2026-05-26 11:25:28
========================================================================

DESIGN
------------------------------------------------------------------------
  Input        : valid_circuits.pkl produced by generate_and_cut.py
  Cut strategy : find_and_place_cuts + CutStrategy(min_free_wires=2)
  Ground truth : PennyLane default.qubit statevector (shots=None)
  Reconstruction: qcut_processing_fn (tensor contraction)
  Observable   : per-circuit Pauli string stored in CircuitSpec.observable
  Error        : |perf_exp_val - result|

CONFIGURATION
------------------------------------------------------------------------
  Shots (B)                 : 20000
  Noisy backend             : 'aer.fake_torino'
  Ideal backend             : 'aer.perfect'
  Simulator seed            : 42
  Output dir                : PosixPath('results/new/ewma_20k_torino_paper/09_qubits')
  2q-gate alpha             : 0.8
  Incr. batch shots         : 100
  Incr. threshold           : 0.01
  Incr. offset              : 2
  Incr. stability k         : 3
  Incr. stopping criterion  : 'delta'
  Incr. distance metric     : 'tvd'
  Incr. window size         : 2
  Incr. EWMA alpha          : 0.5
  Selected modes            : noisy_vanilla, cut_divided_budget, cut_qubit_prop, cut_incremental_budget, cut_incremental_qubit_prop

SUMMARY
------------------------------------------------------------------------
Total: 50  ok: 50  failed: 0

RESULTS BY CIRCUIT
------------------------------------------------------------------------
  9q / 0_Clifford+T_004
    ✓ [   5.9s]  noisy_vanilla
    ✓ [ 182.1s]  cut_divided_budget
    ✓ [ 179.4s]  cut_qubit_prop
    ✓ [1339.7s]  cut_incremental_budget
    ✓ [1328.1s]  cut_incremental_qubit_prop

  9q / 1_Clifford+T_006
    ✓ [   6.5s]  noisy_vanilla
    ✓ [  68.2s]  cut_divided_budget
    ✓ [  44.2s]  cut_qubit_prop
    ✓ [ 848.4s]  cut_incremental_budget
    ✓ [1179.5s]  cut_incremental_qubit_prop

  9q / 2_Clifford+T_008
    ✓ [   3.5s]  noisy_vanilla
    ✓ [  41.6s]  cut_divided_budget
    ✓ [  25.7s]  cut_qubit_prop
    ✓ [ 852.3s]  cut_incremental_budget
    ✓ [ 686.3s]  cut_incremental_qubit_prop

  9q / 3_Clifford+T_009
    ✓ [   4.4s]  noisy_vanilla
    ✓ [ 115.4s]  cut_divided_budget
    ✓ [ 129.6s]  cut_qubit_prop
    ✓ [ 812.9s]  cut_incremental_budget
    ✓ [ 721.2s]  cut_incremental_qubit_prop

  9q / 4_Clifford+T_014
    ✓ [   4.1s]  noisy_vanilla
    ✓ [ 126.8s]  cut_divided_budget
    ✓ [ 103.4s]  cut_qubit_prop
    ✓ [ 748.8s]  cut_incremental_budget
    ✓ [ 634.3s]  cut_incremental_qubit_prop

  9q / 5_Clifford+T_015
    ✓ [   3.3s]  noisy_vanilla
    ✓ [  40.3s]  cut_divided_budget
    ✓ [  32.0s]  cut_qubit_prop
    ✓ [ 478.7s]  cut_incremental_budget
    ✓ [ 634.9s]  cut_incremental_qubit_prop

  9q / 6_Clifford+T_016
    ✓ [   2.8s]  noisy_vanilla
    ✓ [ 130.0s]  cut_divided_budget
    ✓ [ 107.3s]  cut_qubit_prop
    ✓ [ 694.2s]  cut_incremental_budget
    ✓ [ 654.6s]  cut_incremental_qubit_prop

  9q / 7_Clifford+T_020
    ✓ [   3.4s]  noisy_vanilla
    ✓ [  30.7s]  cut_divided_budget
    ✓ [  24.6s]  cut_qubit_prop
    ✓ [ 453.7s]  cut_incremental_budget
    ✓ [ 528.9s]  cut_incremental_qubit_prop

  9q / 8_Clifford+T_025
    ✓ [   3.0s]  noisy_vanilla
    ✓ [  30.7s]  cut_divided_budget
    ✓ [  21.2s]  cut_qubit_prop
    ✓ [ 510.5s]  cut_incremental_budget
    ✓ [ 536.0s]  cut_incremental_qubit_prop

  9q / 9_Clifford+T_027
    ✓ [   4.1s]  noisy_vanilla
    ✓ [  99.7s]  cut_divided_budget
    ✓ [  89.1s]  cut_qubit_prop
    ✓ [ 635.6s]  cut_incremental_budget
    ✓ [ 604.5s]  cut_incremental_qubit_prop

========================================================================
