========================================================================
CUTTABLE CIRCUIT BENCHMARK RUN REPORT
Timestamp : 2026-06-17 17:58:17
========================================================================

DESIGN
------------------------------------------------------------------------
  Input        : valid_circuits.pkl produced by generate_and_cut.py
  Cut strategy : find_and_place_cuts + CutStrategy(min_free_wires=2)
  Ground truth : PennyLane default.qubit statevector (shots=None)
  Reconstruction: qcut_processing_fn (tensor contraction)
  Observable   : per-circuit Pauli string stored in CircuitSpec.observable
  Error        : |perf_exp_val - result|

CONFIGURATION
------------------------------------------------------------------------
  Shots (B)                 : 5000
  Noisy backend             : 'aer.fake_sherbrooke'
  Ideal backend             : 'aer.perfect'
  Simulator seed            : 42
  Output dir                : PosixPath('results/new/stable_shots_02/5000_shots/sherbrooke/12_qubits')
  2q-gate alpha             : 0.8
  Incr. batch shots         : 50
  Incr. threshold           : 0.03
  Incr. offset              : 3
  Incr. stability k         : 3
  Incr. stopping criterion  : 'delta'
  Incr. distance metric     : 'tvd'
  Incr. window size         : 3
  Incr. EWMA alpha          : 0.5
  Selected modes            : noisy_vanilla, cut_divided_budget, cut_qubit_prop, cut_incremental_budget, cut_incremental_qubit_prop

SUMMARY
------------------------------------------------------------------------
Total: 50  ok: 50  failed: 0

RESULTS BY CIRCUIT
------------------------------------------------------------------------
  12q / 0_Clifford+T_001
    ✓ [  17.2s]  noisy_vanilla
    ✓ [  29.2s]  cut_divided_budget
    ✓ [  17.6s]  cut_qubit_prop
    ✓ [ 173.2s]  cut_incremental_budget
    ✓ [ 224.5s]  cut_incremental_qubit_prop

  12q / 1_Clifford+T_002
    ✓ [  19.8s]  noisy_vanilla
    ✓ [  84.0s]  cut_divided_budget
    ✓ [  78.7s]  cut_qubit_prop
    ✓ [ 294.1s]  cut_incremental_budget
    ✓ [ 240.0s]  cut_incremental_qubit_prop

  12q / 2_Clifford+T_004
    ✓ [  19.0s]  noisy_vanilla
    ✓ [  31.8s]  cut_divided_budget
    ✓ [  23.1s]  cut_qubit_prop
    ✓ [ 176.2s]  cut_incremental_budget
    ✓ [ 230.1s]  cut_incremental_qubit_prop

  12q / 3_Clifford+T_006
    ✓ [  16.6s]  noisy_vanilla
    ✓ [  28.4s]  cut_divided_budget
    ✓ [  16.7s]  cut_qubit_prop
    ✓ [ 155.6s]  cut_incremental_budget
    ✓ [ 147.8s]  cut_incremental_qubit_prop

  12q / 4_Clifford+T_011
    ✓ [   9.4s]  noisy_vanilla
    ✓ [  65.7s]  cut_divided_budget
    ✓ [  57.8s]  cut_qubit_prop
    ✓ [ 208.7s]  cut_incremental_budget
    ✓ [ 178.5s]  cut_incremental_qubit_prop

  12q / 5_Clifford+T_013
    ✓ [  11.3s]  noisy_vanilla
    ✓ [  53.4s]  cut_divided_budget
    ✓ [  58.4s]  cut_qubit_prop
    ✓ [ 187.6s]  cut_incremental_budget
    ✓ [ 176.5s]  cut_incremental_qubit_prop

  12q / 6_Clifford+T_015
    ✓ [   8.8s]  noisy_vanilla
    ✓ [  17.0s]  cut_divided_budget
    ✓ [  14.3s]  cut_qubit_prop
    ✓ [ 155.2s]  cut_incremental_budget
    ✓ [ 146.8s]  cut_incremental_qubit_prop

  12q / 7_Clifford+T_019
    ✓ [   9.3s]  noisy_vanilla
    ✓ [  11.5s]  cut_divided_budget
    ✓ [   3.0s]  cut_qubit_prop
    ✓ [  55.2s]  cut_incremental_budget
    ✓ [  79.4s]  cut_incremental_qubit_prop

  12q / 8_Clifford+T_021
    ✓ [  14.0s]  noisy_vanilla
    ✓ [  27.7s]  cut_divided_budget
    ✓ [  16.4s]  cut_qubit_prop
    ✓ [ 227.6s]  cut_incremental_budget
    ✓ [ 223.7s]  cut_incremental_qubit_prop

  12q / 9_Clifford+T_025
    ✓ [  15.1s]  noisy_vanilla
    ✓ [  74.2s]  cut_divided_budget
    ✓ [  66.1s]  cut_qubit_prop
    ✓ [ 262.3s]  cut_incremental_budget
    ✓ [ 247.6s]  cut_incremental_qubit_prop

========================================================================
