========================================================================
CUTTABLE CIRCUIT BENCHMARK RUN REPORT
Timestamp : 2026-06-09 23:56:09
========================================================================

DESIGN
------------------------------------------------------------------------
  Input        : valid_circuits.pkl produced by generate_and_cut.py
  Cut strategy : find_and_place_cuts + CutStrategy(min_free_wires=2)
  Ground truth : PennyLane default.qubit statevector (shots=None)
  Reconstruction: qcut_processing_fn (tensor contraction)
  Observable   : per-circuit Pauli string stored in CircuitSpec.observable
  Error        : |perf_exp_val - result|

CONFIGURATION
------------------------------------------------------------------------
  Shots (B)                 : 20000
  Noisy backend             : 'aer.fake_sherbrooke'
  Ideal backend             : 'aer.perfect'
  Simulator seed            : 42
  Output dir                : PosixPath('results/new/stable_shots_runs/20000_shots/sherbrooke/15_qubits')
  2q-gate alpha             : 0.8
  Incr. batch shots         : 50
  Incr. threshold           : 0.005
  Incr. offset              : 3
  Incr. stability k         : 5
  Incr. stopping criterion  : 'delta'
  Incr. distance metric     : 'tvd'
  Incr. window size         : 3
  Incr. EWMA alpha          : 0.5
  Selected modes            : noisy_vanilla, cut_divided_budget, cut_qubit_prop, cut_incremental_budget, cut_incremental_qubit_prop

SUMMARY
------------------------------------------------------------------------
Total: 50  ok: 10  failed: 40

RESULTS BY CIRCUIT
------------------------------------------------------------------------
  15q / 0_Clifford+T_003
    ✓ [  56.4s]  noisy_vanilla
    ✗ [  75.9s]  cut_divided_budget
             ERROR: ImportError: The opt_einsum package is required when use_opt_einsum is set to True in the contract_tensors function. This package can be installed using:
pip install opt_einsum
    ✗ [  60.7s]  cut_qubit_prop
             ERROR: ImportError: The opt_einsum package is required when use_opt_einsum is set to True in the contract_tensors function. This package can be installed using:
pip install opt_einsum
    ✗ [1034.4s]  cut_incremental_budget
             ERROR: ImportError: The opt_einsum package is required when use_opt_einsum is set to True in the contract_tensors function. This package can be installed using:
pip install opt_einsum
    ✗ [1034.8s]  cut_incremental_qubit_prop
             ERROR: ImportError: The opt_einsum package is required when use_opt_einsum is set to True in the contract_tensors function. This package can be installed using:
pip install opt_einsum

  15q / 1_Clifford+T_009
    ✓ [   8.2s]  noisy_vanilla
    ✗ [  30.1s]  cut_divided_budget
             ERROR: ImportError: The opt_einsum package is required when use_opt_einsum is set to True in the contract_tensors function. This package can be installed using:
pip install opt_einsum
    ✗ [  22.9s]  cut_qubit_prop
             ERROR: ImportError: The opt_einsum package is required when use_opt_einsum is set to True in the contract_tensors function. This package can be installed using:
pip install opt_einsum
    ✗ [1059.9s]  cut_incremental_budget
             ERROR: ImportError: The opt_einsum package is required when use_opt_einsum is set to True in the contract_tensors function. This package can be installed using:
pip install opt_einsum
    ✗ [1119.2s]  cut_incremental_qubit_prop
             ERROR: ImportError: The opt_einsum package is required when use_opt_einsum is set to True in the contract_tensors function. This package can be installed using:
pip install opt_einsum

  15q / 2_Clifford+T_011
    ✓ [  11.7s]  noisy_vanilla
    ✗ [  54.3s]  cut_divided_budget
             ERROR: ImportError: The opt_einsum package is required when use_opt_einsum is set to True in the contract_tensors function. This package can be installed using:
pip install opt_einsum
    ✗ [  40.2s]  cut_qubit_prop
             ERROR: ImportError: The opt_einsum package is required when use_opt_einsum is set to True in the contract_tensors function. This package can be installed using:
pip install opt_einsum
    ✗ [1328.4s]  cut_incremental_budget
             ERROR: ImportError: The opt_einsum package is required when use_opt_einsum is set to True in the contract_tensors function. This package can be installed using:
pip install opt_einsum
    ✗ [1208.3s]  cut_incremental_qubit_prop
             ERROR: ImportError: The opt_einsum package is required when use_opt_einsum is set to True in the contract_tensors function. This package can be installed using:
pip install opt_einsum

  15q / 3_Clifford+T_015
    ✓ [  10.1s]  noisy_vanilla
    ✗ [ 137.2s]  cut_divided_budget
             ERROR: ImportError: The opt_einsum package is required when use_opt_einsum is set to True in the contract_tensors function. This package can be installed using:
pip install opt_einsum
    ✗ [ 136.1s]  cut_qubit_prop
             ERROR: ImportError: The opt_einsum package is required when use_opt_einsum is set to True in the contract_tensors function. This package can be installed using:
pip install opt_einsum
    ✗ [1172.0s]  cut_incremental_budget
             ERROR: ImportError: The opt_einsum package is required when use_opt_einsum is set to True in the contract_tensors function. This package can be installed using:
pip install opt_einsum
    ✗ [1236.8s]  cut_incremental_qubit_prop
             ERROR: ImportError: The opt_einsum package is required when use_opt_einsum is set to True in the contract_tensors function. This package can be installed using:
pip install opt_einsum

  15q / 4_Clifford+T_016
    ✓ [  13.3s]  noisy_vanilla
    ✗ [  39.4s]  cut_divided_budget
             ERROR: ImportError: The opt_einsum package is required when use_opt_einsum is set to True in the contract_tensors function. This package can be installed using:
pip install opt_einsum
    ✗ [  25.2s]  cut_qubit_prop
             ERROR: ImportError: The opt_einsum package is required when use_opt_einsum is set to True in the contract_tensors function. This package can be installed using:
pip install opt_einsum
    ✗ [ 782.5s]  cut_incremental_budget
             ERROR: ImportError: The opt_einsum package is required when use_opt_einsum is set to True in the contract_tensors function. This package can be installed using:
pip install opt_einsum
    ✗ [ 786.8s]  cut_incremental_qubit_prop
             ERROR: ImportError: The opt_einsum package is required when use_opt_einsum is set to True in the contract_tensors function. This package can be installed using:
pip install opt_einsum

  15q / 5_Clifford+T_018
    ✓ [   8.6s]  noisy_vanilla
    ✗ [  28.0s]  cut_divided_budget
             ERROR: ImportError: The opt_einsum package is required when use_opt_einsum is set to True in the contract_tensors function. This package can be installed using:
pip install opt_einsum
    ✗ [  18.9s]  cut_qubit_prop
             ERROR: ImportError: The opt_einsum package is required when use_opt_einsum is set to True in the contract_tensors function. This package can be installed using:
pip install opt_einsum
    ✗ [ 689.4s]  cut_incremental_budget
             ERROR: ImportError: The opt_einsum package is required when use_opt_einsum is set to True in the contract_tensors function. This package can be installed using:
pip install opt_einsum
    ✗ [ 731.3s]  cut_incremental_qubit_prop
             ERROR: ImportError: The opt_einsum package is required when use_opt_einsum is set to True in the contract_tensors function. This package can be installed using:
pip install opt_einsum

  15q / 6_Clifford+T_022
    ✓ [   6.0s]  noisy_vanilla
    ✗ [  22.4s]  cut_divided_budget
             ERROR: ImportError: The opt_einsum package is required when use_opt_einsum is set to True in the contract_tensors function. This package can be installed using:
pip install opt_einsum
    ✗ [  15.9s]  cut_qubit_prop
             ERROR: ImportError: The opt_einsum package is required when use_opt_einsum is set to True in the contract_tensors function. This package can be installed using:
pip install opt_einsum
    ✗ [ 647.0s]  cut_incremental_budget
             ERROR: ImportError: The opt_einsum package is required when use_opt_einsum is set to True in the contract_tensors function. This package can be installed using:
pip install opt_einsum
    ✗ [ 610.9s]  cut_incremental_qubit_prop
             ERROR: ImportError: The opt_einsum package is required when use_opt_einsum is set to True in the contract_tensors function. This package can be installed using:
pip install opt_einsum

  15q / 7_Clifford+T_023
    ✓ [   6.0s]  noisy_vanilla
    ✗ [  22.7s]  cut_divided_budget
             ERROR: ImportError: The opt_einsum package is required when use_opt_einsum is set to True in the contract_tensors function. This package can be installed using:
pip install opt_einsum
    ✗ [  16.2s]  cut_qubit_prop
             ERROR: ImportError: The opt_einsum package is required when use_opt_einsum is set to True in the contract_tensors function. This package can be installed using:
pip install opt_einsum
    ✗ [ 467.3s]  cut_incremental_budget
             ERROR: ImportError: The opt_einsum package is required when use_opt_einsum is set to True in the contract_tensors function. This package can be installed using:
pip install opt_einsum
    ✗ [ 575.7s]  cut_incremental_qubit_prop
             ERROR: ImportError: The opt_einsum package is required when use_opt_einsum is set to True in the contract_tensors function. This package can be installed using:
pip install opt_einsum

  15q / 8_Clifford+T_024
    ✓ [   4.8s]  noisy_vanilla
    ✗ [  17.5s]  cut_divided_budget
             ERROR: ImportError: The opt_einsum package is required when use_opt_einsum is set to True in the contract_tensors function. This package can be installed using:
pip install opt_einsum
    ✗ [  11.4s]  cut_qubit_prop
             ERROR: ImportError: The opt_einsum package is required when use_opt_einsum is set to True in the contract_tensors function. This package can be installed using:
pip install opt_einsum
    ✗ [ 522.7s]  cut_incremental_budget
             ERROR: ImportError: The opt_einsum package is required when use_opt_einsum is set to True in the contract_tensors function. This package can be installed using:
pip install opt_einsum
    ✗ [ 633.1s]  cut_incremental_qubit_prop
             ERROR: ImportError: The opt_einsum package is required when use_opt_einsum is set to True in the contract_tensors function. This package can be installed using:
pip install opt_einsum

  15q / 9_Clifford+T_026
    ✓ [   5.0s]  noisy_vanilla
    ✗ [  16.8s]  cut_divided_budget
             ERROR: ImportError: The opt_einsum package is required when use_opt_einsum is set to True in the contract_tensors function. This package can be installed using:
pip install opt_einsum
    ✗ [  11.9s]  cut_qubit_prop
             ERROR: ImportError: The opt_einsum package is required when use_opt_einsum is set to True in the contract_tensors function. This package can be installed using:
pip install opt_einsum
    ✗ [ 463.7s]  cut_incremental_budget
             ERROR: ImportError: The opt_einsum package is required when use_opt_einsum is set to True in the contract_tensors function. This package can be installed using:
pip install opt_einsum
    ✗ [ 616.5s]  cut_incremental_qubit_prop
             ERROR: ImportError: The opt_einsum package is required when use_opt_einsum is set to True in the contract_tensors function. This package can be installed using:
pip install opt_einsum

------------------------------------------------------------------------
FAILED MODES
------------------------------------------------------------------------
  15q / 0_Clifford+T_003 / cut_divided_budget
    ImportError: The opt_einsum package is required when use_opt_einsum is set to True in the contract_tensors function. This package can be installed using:
pip install opt_einsum
  15q / 0_Clifford+T_003 / cut_qubit_prop
    ImportError: The opt_einsum package is required when use_opt_einsum is set to True in the contract_tensors function. This package can be installed using:
pip install opt_einsum
  15q / 0_Clifford+T_003 / cut_incremental_budget
    ImportError: The opt_einsum package is required when use_opt_einsum is set to True in the contract_tensors function. This package can be installed using:
pip install opt_einsum
  15q / 0_Clifford+T_003 / cut_incremental_qubit_prop
    ImportError: The opt_einsum package is required when use_opt_einsum is set to True in the contract_tensors function. This package can be installed using:
pip install opt_einsum
  15q / 1_Clifford+T_009 / cut_divided_budget
    ImportError: The opt_einsum package is required when use_opt_einsum is set to True in the contract_tensors function. This package can be installed using:
pip install opt_einsum
  15q / 1_Clifford+T_009 / cut_qubit_prop
    ImportError: The opt_einsum package is required when use_opt_einsum is set to True in the contract_tensors function. This package can be installed using:
pip install opt_einsum
  15q / 1_Clifford+T_009 / cut_incremental_budget
    ImportError: The opt_einsum package is required when use_opt_einsum is set to True in the contract_tensors function. This package can be installed using:
pip install opt_einsum
  15q / 1_Clifford+T_009 / cut_incremental_qubit_prop
    ImportError: The opt_einsum package is required when use_opt_einsum is set to True in the contract_tensors function. This package can be installed using:
pip install opt_einsum
  15q / 2_Clifford+T_011 / cut_divided_budget
    ImportError: The opt_einsum package is required when use_opt_einsum is set to True in the contract_tensors function. This package can be installed using:
pip install opt_einsum
  15q / 2_Clifford+T_011 / cut_qubit_prop
    ImportError: The opt_einsum package is required when use_opt_einsum is set to True in the contract_tensors function. This package can be installed using:
pip install opt_einsum
  15q / 2_Clifford+T_011 / cut_incremental_budget
    ImportError: The opt_einsum package is required when use_opt_einsum is set to True in the contract_tensors function. This package can be installed using:
pip install opt_einsum
  15q / 2_Clifford+T_011 / cut_incremental_qubit_prop
    ImportError: The opt_einsum package is required when use_opt_einsum is set to True in the contract_tensors function. This package can be installed using:
pip install opt_einsum
  15q / 3_Clifford+T_015 / cut_divided_budget
    ImportError: The opt_einsum package is required when use_opt_einsum is set to True in the contract_tensors function. This package can be installed using:
pip install opt_einsum
  15q / 3_Clifford+T_015 / cut_qubit_prop
    ImportError: The opt_einsum package is required when use_opt_einsum is set to True in the contract_tensors function. This package can be installed using:
pip install opt_einsum
  15q / 3_Clifford+T_015 / cut_incremental_budget
    ImportError: The opt_einsum package is required when use_opt_einsum is set to True in the contract_tensors function. This package can be installed using:
pip install opt_einsum
  15q / 3_Clifford+T_015 / cut_incremental_qubit_prop
    ImportError: The opt_einsum package is required when use_opt_einsum is set to True in the contract_tensors function. This package can be installed using:
pip install opt_einsum
  15q / 4_Clifford+T_016 / cut_divided_budget
    ImportError: The opt_einsum package is required when use_opt_einsum is set to True in the contract_tensors function. This package can be installed using:
pip install opt_einsum
  15q / 4_Clifford+T_016 / cut_qubit_prop
    ImportError: The opt_einsum package is required when use_opt_einsum is set to True in the contract_tensors function. This package can be installed using:
pip install opt_einsum
  15q / 4_Clifford+T_016 / cut_incremental_budget
    ImportError: The opt_einsum package is required when use_opt_einsum is set to True in the contract_tensors function. This package can be installed using:
pip install opt_einsum
  15q / 4_Clifford+T_016 / cut_incremental_qubit_prop
    ImportError: The opt_einsum package is required when use_opt_einsum is set to True in the contract_tensors function. This package can be installed using:
pip install opt_einsum
  15q / 5_Clifford+T_018 / cut_divided_budget
    ImportError: The opt_einsum package is required when use_opt_einsum is set to True in the contract_tensors function. This package can be installed using:
pip install opt_einsum
  15q / 5_Clifford+T_018 / cut_qubit_prop
    ImportError: The opt_einsum package is required when use_opt_einsum is set to True in the contract_tensors function. This package can be installed using:
pip install opt_einsum
  15q / 5_Clifford+T_018 / cut_incremental_budget
    ImportError: The opt_einsum package is required when use_opt_einsum is set to True in the contract_tensors function. This package can be installed using:
pip install opt_einsum
  15q / 5_Clifford+T_018 / cut_incremental_qubit_prop
    ImportError: The opt_einsum package is required when use_opt_einsum is set to True in the contract_tensors function. This package can be installed using:
pip install opt_einsum
  15q / 6_Clifford+T_022 / cut_divided_budget
    ImportError: The opt_einsum package is required when use_opt_einsum is set to True in the contract_tensors function. This package can be installed using:
pip install opt_einsum
  15q / 6_Clifford+T_022 / cut_qubit_prop
    ImportError: The opt_einsum package is required when use_opt_einsum is set to True in the contract_tensors function. This package can be installed using:
pip install opt_einsum
  15q / 6_Clifford+T_022 / cut_incremental_budget
    ImportError: The opt_einsum package is required when use_opt_einsum is set to True in the contract_tensors function. This package can be installed using:
pip install opt_einsum
  15q / 6_Clifford+T_022 / cut_incremental_qubit_prop
    ImportError: The opt_einsum package is required when use_opt_einsum is set to True in the contract_tensors function. This package can be installed using:
pip install opt_einsum
  15q / 7_Clifford+T_023 / cut_divided_budget
    ImportError: The opt_einsum package is required when use_opt_einsum is set to True in the contract_tensors function. This package can be installed using:
pip install opt_einsum
  15q / 7_Clifford+T_023 / cut_qubit_prop
    ImportError: The opt_einsum package is required when use_opt_einsum is set to True in the contract_tensors function. This package can be installed using:
pip install opt_einsum
  15q / 7_Clifford+T_023 / cut_incremental_budget
    ImportError: The opt_einsum package is required when use_opt_einsum is set to True in the contract_tensors function. This package can be installed using:
pip install opt_einsum
  15q / 7_Clifford+T_023 / cut_incremental_qubit_prop
    ImportError: The opt_einsum package is required when use_opt_einsum is set to True in the contract_tensors function. This package can be installed using:
pip install opt_einsum
  15q / 8_Clifford+T_024 / cut_divided_budget
    ImportError: The opt_einsum package is required when use_opt_einsum is set to True in the contract_tensors function. This package can be installed using:
pip install opt_einsum
  15q / 8_Clifford+T_024 / cut_qubit_prop
    ImportError: The opt_einsum package is required when use_opt_einsum is set to True in the contract_tensors function. This package can be installed using:
pip install opt_einsum
  15q / 8_Clifford+T_024 / cut_incremental_budget
    ImportError: The opt_einsum package is required when use_opt_einsum is set to True in the contract_tensors function. This package can be installed using:
pip install opt_einsum
  15q / 8_Clifford+T_024 / cut_incremental_qubit_prop
    ImportError: The opt_einsum package is required when use_opt_einsum is set to True in the contract_tensors function. This package can be installed using:
pip install opt_einsum
  15q / 9_Clifford+T_026 / cut_divided_budget
    ImportError: The opt_einsum package is required when use_opt_einsum is set to True in the contract_tensors function. This package can be installed using:
pip install opt_einsum
  15q / 9_Clifford+T_026 / cut_qubit_prop
    ImportError: The opt_einsum package is required when use_opt_einsum is set to True in the contract_tensors function. This package can be installed using:
pip install opt_einsum
  15q / 9_Clifford+T_026 / cut_incremental_budget
    ImportError: The opt_einsum package is required when use_opt_einsum is set to True in the contract_tensors function. This package can be installed using:
pip install opt_einsum
  15q / 9_Clifford+T_026 / cut_incremental_qubit_prop
    ImportError: The opt_einsum package is required when use_opt_einsum is set to True in the contract_tensors function. This package can be installed using:
pip install opt_einsum

========================================================================
