========================================================================
CUTTABLE CIRCUIT BENCHMARK RUN REPORT
Timestamp : 2026-06-15 18:38:42
========================================================================

DESIGN
------------------------------------------------------------------------
  Input        : valid_circuits.pkl produced by generate_and_cut.py
  Cut strategy : find_and_place_cuts + CutStrategy(min_free_wires=2)
  Ground truth : PennyLane default.qubit statevector (shots=None)
  Reconstruction: qcut_processing_fn (tensor contraction)
  Observable   : per-circuit Pauli string stored in CircuitSpec.observable
  Error        : |perf_exp_val - result|

CONFIGURATION
------------------------------------------------------------------------
  Shots (B)                 : 10000
  Noisy backend             : 'aer.fake_torino'
  Ideal backend             : 'aer.perfect'
  Simulator seed            : 42
  Output dir                : PosixPath('results/new/stable_shots_runs02_10-14q_no_vanilla/10000_shots/torino/12_qubits')
  2q-gate alpha             : 0.8
  Incr. batch shots         : 50
  Incr. threshold           : 0.005
  Incr. offset              : 3
  Incr. stability k         : 5
  Incr. stopping criterion  : 'delta'
  Incr. distance metric     : 'tvd'
  Incr. window size         : 3
  Incr. EWMA alpha          : 0.5
  Selected modes            : cut_divided_budget, cut_qubit_prop, cut_incremental_budget, cut_incremental_qubit_prop

SUMMARY
------------------------------------------------------------------------
Total: 40  ok: 40  failed: 0

RESULTS BY CIRCUIT
------------------------------------------------------------------------
  12q / 0_Clifford+T_001
    ✓ [  30.8s]  cut_divided_budget
    ✓ [  18.5s]  cut_qubit_prop
    ✓ [ 481.3s]  cut_incremental_budget
    ✓ [ 495.4s]  cut_incremental_qubit_prop

  12q / 1_Clifford+T_002
    ✓ [  93.0s]  cut_divided_budget
    ✓ [  83.3s]  cut_qubit_prop
    ✓ [ 542.2s]  cut_incremental_budget
    ✓ [ 512.2s]  cut_incremental_qubit_prop

  12q / 2_Clifford+T_004
    ✓ [  35.0s]  cut_divided_budget
    ✓ [  25.6s]  cut_qubit_prop
    ✓ [ 493.5s]  cut_incremental_budget
    ✓ [ 505.5s]  cut_incremental_qubit_prop

  12q / 3_Clifford+T_006
    ✓ [  30.5s]  cut_divided_budget
    ✓ [  18.9s]  cut_qubit_prop
    ✓ [ 464.1s]  cut_incremental_budget
    ✓ [ 507.0s]  cut_incremental_qubit_prop

  12q / 4_Clifford+T_011
    ✓ [  95.5s]  cut_divided_budget
    ✓ [  86.5s]  cut_qubit_prop
    ✓ [ 557.2s]  cut_incremental_budget
    ✓ [ 523.5s]  cut_incremental_qubit_prop

  12q / 5_Clifford+T_013
    ✓ [  80.8s]  cut_divided_budget
    ✓ [  73.9s]  cut_qubit_prop
    ✓ [ 549.6s]  cut_incremental_budget
    ✓ [ 555.4s]  cut_incremental_qubit_prop

  12q / 6_Clifford+T_015
    ✓ [  26.2s]  cut_divided_budget
    ✓ [  18.5s]  cut_qubit_prop
    ✓ [ 474.6s]  cut_incremental_budget
    ✓ [ 488.1s]  cut_incremental_qubit_prop

  12q / 7_Clifford+T_019
    ✓ [  12.5s]  cut_divided_budget
    ✓ [   4.1s]  cut_qubit_prop
    ✓ [ 471.3s]  cut_incremental_budget
    ✓ [ 406.1s]  cut_incremental_qubit_prop

  12q / 8_Clifford+T_021
    ✓ [  25.7s]  cut_divided_budget
    ✓ [  18.4s]  cut_qubit_prop
    ✓ [ 487.0s]  cut_incremental_budget
    ✓ [ 492.6s]  cut_incremental_qubit_prop

  12q / 9_Clifford+T_025
    ✓ [  86.1s]  cut_divided_budget
    ✓ [  77.3s]  cut_qubit_prop
    ✓ [ 530.5s]  cut_incremental_budget
    ✓ [ 535.0s]  cut_incremental_qubit_prop

========================================================================
