========================================================================
CUTTABLE CIRCUIT BENCHMARK RUN REPORT
Timestamp : 2026-06-18 01:42:39
========================================================================

DESIGN
------------------------------------------------------------------------
  Input        : valid_circuits.pkl produced by generate_and_cut.py
  Cut strategy : find_and_place_cuts + CutStrategy(min_free_wires=2)
  Ground truth : PennyLane default.qubit statevector (shots=None)
  Reconstruction: qcut_processing_fn (tensor contraction)
  Observable   : per-circuit Pauli string stored in CircuitSpec.observable
  Error        : |perf_exp_val - result|

CONFIGURATION
------------------------------------------------------------------------
  Shots (B)                 : 10000
  Noisy backend             : 'aer.fake_torino'
  Ideal backend             : 'aer.perfect'
  Simulator seed            : 42
  Output dir                : PosixPath('results/new/stable_shots_02/10000_shots/torino/14_qubits')
  2q-gate alpha             : 0.8
  Incr. batch shots         : 50
  Incr. threshold           : 0.03
  Incr. offset              : 3
  Incr. stability k         : 3
  Incr. stopping criterion  : 'delta'
  Incr. distance metric     : 'tvd'
  Incr. window size         : 3
  Incr. EWMA alpha          : 0.5
  Selected modes            : noisy_vanilla, cut_divided_budget, cut_qubit_prop, cut_incremental_budget, cut_incremental_qubit_prop

SUMMARY
------------------------------------------------------------------------
Total: 50  ok: 50  failed: 0

RESULTS BY CIRCUIT
------------------------------------------------------------------------
  14q / 0_Clifford+T_001
    ✓ [ 216.8s]  noisy_vanilla
    ✓ [ 297.5s]  cut_divided_budget
    ✓ [ 327.8s]  cut_qubit_prop
    ✓ [1497.4s]  cut_incremental_budget
    ✓ [ 601.8s]  cut_incremental_qubit_prop

  14q / 1_Clifford+T_011
    ✓ [  79.3s]  noisy_vanilla
    ✓ [  87.3s]  cut_divided_budget
    ✓ [  80.8s]  cut_qubit_prop
    ✓ [ 816.1s]  cut_incremental_budget
    ✓ [ 858.5s]  cut_incremental_qubit_prop

  14q / 2_Clifford+T_012
    ✓ [ 162.9s]  noisy_vanilla
    ✓ [  59.8s]  cut_divided_budget
    ✓ [  58.7s]  cut_qubit_prop
    ✓ [ 563.4s]  cut_incremental_budget
    ✓ [ 625.5s]  cut_incremental_qubit_prop

  14q / 3_Clifford+T_014
    ✓ [ 129.5s]  noisy_vanilla
    ✓ [  67.7s]  cut_divided_budget
    ✓ [  87.9s]  cut_qubit_prop
    ✓ [ 563.9s]  cut_incremental_budget
    ✓ [ 523.8s]  cut_incremental_qubit_prop

  14q / 4_Clifford+T_015
    ✓ [  92.3s]  noisy_vanilla
    ✓ [  40.9s]  cut_divided_budget
    ✓ [  66.0s]  cut_qubit_prop
    ✓ [ 132.8s]  cut_incremental_budget
    ✓ [ 118.9s]  cut_incremental_qubit_prop

  14q / 5_Clifford+T_016
    ✓ [ 172.1s]  noisy_vanilla
    ✓ [  44.1s]  cut_divided_budget
    ✓ [  32.0s]  cut_qubit_prop
    ✓ [ 447.7s]  cut_incremental_budget
    ✓ [ 395.6s]  cut_incremental_qubit_prop

  14q / 6_Clifford+T_018
    ✓ [ 146.4s]  noisy_vanilla
    ✓ [  33.0s]  cut_divided_budget
    ✓ [  19.4s]  cut_qubit_prop
    ✓ [ 481.0s]  cut_incremental_budget
    ✓ [ 562.8s]  cut_incremental_qubit_prop

  14q / 7_Clifford+T_019
    ✓ [ 159.0s]  noisy_vanilla
    ✓ [  62.2s]  cut_divided_budget
    ✓ [  61.1s]  cut_qubit_prop
    ✓ [ 516.3s]  cut_incremental_budget
    ✓ [ 675.0s]  cut_incremental_qubit_prop

  14q / 8_Clifford+T_022
    ✓ [ 182.9s]  noisy_vanilla
    ✓ [  64.4s]  cut_divided_budget
    ✓ [  69.9s]  cut_qubit_prop
    ✓ [ 581.4s]  cut_incremental_budget
    ✓ [ 553.9s]  cut_incremental_qubit_prop

  14q / 9_Clifford+T_026
    ✓ [ 145.7s]  noisy_vanilla
    ✓ [  41.7s]  cut_divided_budget
    ✓ [  31.7s]  cut_qubit_prop
    ✓ [ 524.2s]  cut_incremental_budget
    ✓ [ 565.0s]  cut_incremental_qubit_prop

========================================================================
