========================================================================
CUTTABLE CIRCUIT BENCHMARK RUN REPORT
Timestamp : 2026-06-14 05:32:40
========================================================================

DESIGN
------------------------------------------------------------------------
  Input        : valid_circuits.pkl produced by generate_and_cut.py
  Cut strategy : find_and_place_cuts + CutStrategy(min_free_wires=2)
  Ground truth : PennyLane default.qubit statevector (shots=None)
  Reconstruction: qcut_processing_fn (tensor contraction)
  Observable   : per-circuit Pauli string stored in CircuitSpec.observable
  Error        : |perf_exp_val - result|

CONFIGURATION
------------------------------------------------------------------------
  Shots (B)                 : 20000
  Noisy backend             : 'aer.fake_kawasaki'
  Ideal backend             : 'aer.perfect'
  Simulator seed            : 42
  Output dir                : PosixPath('results/new/stable_shots_runs_10-14q_no_vanilla/20000_shots/kawasaki/11_qubits')
  2q-gate alpha             : 0.8
  Incr. batch shots         : 50
  Incr. threshold           : 0.0005
  Incr. offset              : 2
  Incr. stability k         : 5
  Incr. stopping criterion  : 'delta'
  Incr. distance metric     : 'tvd'
  Incr. window size         : 3
  Incr. EWMA alpha          : 0.5
  Selected modes            : cut_divided_budget, cut_qubit_prop, cut_incremental_budget, cut_incremental_qubit_prop

SUMMARY
------------------------------------------------------------------------
Total: 40  ok: 40  failed: 0

RESULTS BY CIRCUIT
------------------------------------------------------------------------
  11q / 0_Clifford+T_001
    ✓ [  41.5s]  cut_divided_budget
    ✓ [  34.5s]  cut_qubit_prop
    ✓ [ 467.9s]  cut_incremental_budget
    ✓ [ 466.7s]  cut_incremental_qubit_prop

  11q / 1_Clifford+T_002
    ✓ [  41.6s]  cut_divided_budget
    ✓ [  34.6s]  cut_qubit_prop
    ✓ [ 462.3s]  cut_incremental_budget
    ✓ [ 464.5s]  cut_incremental_qubit_prop

  11q / 2_Clifford+T_011
    ✓ [  15.7s]  cut_divided_budget
    ✓ [   9.2s]  cut_qubit_prop
    ✓ [ 446.5s]  cut_incremental_budget
    ✓ [ 454.1s]  cut_incremental_qubit_prop

  11q / 3_Clifford+T_015
    ✓ [  15.5s]  cut_divided_budget
    ✓ [   9.0s]  cut_qubit_prop
    ✓ [ 445.5s]  cut_incremental_budget
    ✓ [ 454.3s]  cut_incremental_qubit_prop

  11q / 4_Clifford+T_017
    ✓ [  15.1s]  cut_divided_budget
    ✓ [   9.0s]  cut_qubit_prop
    ✓ [ 445.4s]  cut_incremental_budget
    ✓ [ 457.7s]  cut_incremental_qubit_prop

  11q / 5_Clifford+T_025
    ✓ [  14.9s]  cut_divided_budget
    ✓ [   9.0s]  cut_qubit_prop
    ✓ [ 445.0s]  cut_incremental_budget
    ✓ [ 455.3s]  cut_incremental_qubit_prop

  11q / 6_Clifford+T_026
    ✓ [  17.2s]  cut_divided_budget
    ✓ [  10.3s]  cut_qubit_prop
    ✓ [ 448.8s]  cut_incremental_budget
    ✓ [ 463.8s]  cut_incremental_qubit_prop

  11q / 7_Clifford+T_029
    ✓ [  14.8s]  cut_divided_budget
    ✓ [   8.9s]  cut_qubit_prop
    ✓ [ 446.5s]  cut_incremental_budget
    ✓ [ 451.1s]  cut_incremental_qubit_prop

  11q / 8_Clifford+T_030
    ✓ [  15.3s]  cut_divided_budget
    ✓ [   8.9s]  cut_qubit_prop
    ✓ [ 445.5s]  cut_incremental_budget
    ✓ [ 457.9s]  cut_incremental_qubit_prop

  11q / 9_Clifford+T_033
    ✓ [  15.0s]  cut_divided_budget
    ✓ [   9.0s]  cut_qubit_prop
    ✓ [ 448.6s]  cut_incremental_budget
    ✓ [ 455.0s]  cut_incremental_qubit_prop

========================================================================
