========================================================================
CUTTABLE CIRCUIT BENCHMARK RUN REPORT
Timestamp : 2026-04-24 11:47:03
========================================================================

DESIGN
------------------------------------------------------------------------
  Input        : valid_circuits.pkl produced by generate_and_cut.py
  Cut strategy : find_and_place_cuts + CutStrategy(min_free_wires=2)
  Ground truth : PennyLane default.qubit statevector (shots=None)
  Reconstruction: qcut_processing_fn (tensor contraction)
  Observable   : per-circuit Pauli string stored in CircuitSpec.observable
  Error        : |perf_exp_val - result|

CONFIGURATION
------------------------------------------------------------------------
  Shots (B)                 : 20000
  Noisy backend             : 'aer.fake_torino'
  Ideal backend             : 'aer.perfect'
  Simulator seed            : 42
  Output dir                : PosixPath('results/20k_dma/09_qubits')
  2q-gate alpha             : 0.8
  Incr. batch shots         : 50
  Incr. threshold           : 0.03
  Incr. offset              : 2
  Incr. stability k         : 3
  Incr. stopping criterion  : 'dma'
  Incr. distance metric     : 'tvd'
  Incr. window size         : 3
  Incr. EWMA alpha          : 0.5
  Selected modes            : noisy_vanilla, cut_divided_budget, cut_qubit_prop, cut_incremental_budget, cut_incremental_qubit_prop

SUMMARY
------------------------------------------------------------------------
Total: 50  ok: 50  failed: 0

RESULTS BY CIRCUIT
------------------------------------------------------------------------
  9q / 0_Clifford+T_004
    ✓ [   3.1s]  noisy_vanilla
    ✓ [  89.5s]  cut_divided_budget
    ✓ [  79.2s]  cut_qubit_prop
    ✓ [ 574.5s]  cut_incremental_budget
    ✓ [ 550.3s]  cut_incremental_qubit_prop

  9q / 1_QuantumVolume_012
    ✓ [   2.8s]  noisy_vanilla
    ✓ [1136.2s]  cut_divided_budget
    ✓ [  72.9s]  cut_qubit_prop
    ✓ [ 561.1s]  cut_incremental_budget
    ✓ [ 544.8s]  cut_incremental_qubit_prop

  9q / 2_Clifford+T_016
    ✓ [   2.5s]  noisy_vanilla
    ✓ [  83.3s]  cut_divided_budget
    ✓ [  73.7s]  cut_qubit_prop
    ✓ [ 512.8s]  cut_incremental_budget
    ✓ [ 530.8s]  cut_incremental_qubit_prop

  9q / 3_Clifford+T_034
    ✓ [   2.8s]  noisy_vanilla
    ✓ [  25.6s]  cut_divided_budget
    ✓ [  19.4s]  cut_qubit_prop
    ✓ [ 140.7s]  cut_incremental_budget
    ✓ [ 135.1s]  cut_incremental_qubit_prop

  9q / 4_Clifford+T_070
    ✓ [   4.1s]  noisy_vanilla
    ✓ [  28.9s]  cut_divided_budget
    ✓ [  25.5s]  cut_qubit_prop
    ✓ [ 150.2s]  cut_incremental_budget
    ✓ [ 151.0s]  cut_incremental_qubit_prop

  9q / 5_Clifford+T_106
    ✓ [   2.8s]  noisy_vanilla
    ✓ [  88.6s]  cut_divided_budget
    ✓ [  75.9s]  cut_qubit_prop
    ✓ [ 554.1s]  cut_incremental_budget
    ✓ [ 536.0s]  cut_incremental_qubit_prop

  9q / 6_QuantumVolume_126
    ✓ [   3.0s]  noisy_vanilla
    ✓ [1327.6s]  cut_divided_budget
    ✓ [  70.9s]  cut_qubit_prop
    ✓ [ 499.1s]  cut_incremental_budget
    ✓ [ 518.5s]  cut_incremental_qubit_prop

  9q / 7_Clifford+T_154
    ✓ [   2.4s]  noisy_vanilla
    ✓ [  25.4s]  cut_divided_budget
    ✓ [  18.3s]  cut_qubit_prop
    ✓ [ 128.1s]  cut_incremental_budget
    ✓ [ 125.5s]  cut_incremental_qubit_prop

  9q / 8_Clifford+T_166
    ✓ [   2.7s]  noisy_vanilla
    ✓ [  24.6s]  cut_divided_budget
    ✓ [  17.5s]  cut_qubit_prop
    ✓ [ 126.2s]  cut_incremental_budget
    ✓ [ 126.5s]  cut_incremental_qubit_prop

  9q / 9_Clifford+T_184
    ✓ [   2.2s]  noisy_vanilla
    ✓ [  88.1s]  cut_divided_budget
    ✓ [  72.1s]  cut_qubit_prop
    ✓ [ 544.8s]  cut_incremental_budget
    ✓ [ 523.7s]  cut_incremental_qubit_prop

========================================================================
