========================================================================
CUTTABLE CIRCUIT BENCHMARK RUN REPORT
Timestamp : 2026-06-12 14:43:41
========================================================================

DESIGN
------------------------------------------------------------------------
  Input        : valid_circuits.pkl produced by generate_and_cut.py
  Cut strategy : find_and_place_cuts + CutStrategy(min_free_wires=2)
  Ground truth : PennyLane default.qubit statevector (shots=None)
  Reconstruction: qcut_processing_fn (tensor contraction)
  Observable   : per-circuit Pauli string stored in CircuitSpec.observable
  Error        : |perf_exp_val - result|

CONFIGURATION
------------------------------------------------------------------------
  Shots (B)                 : 5000
  Noisy backend             : 'aer.fake_kawasaki'
  Ideal backend             : 'aer.perfect'
  Simulator seed            : 42
  Output dir                : PosixPath('results/new/stable_shots_runs_10-14q_no_vanilla/5000_shots/kawasaki/13_qubits')
  2q-gate alpha             : 0.8
  Incr. batch shots         : 50
  Incr. threshold           : 0.0005
  Incr. offset              : 2
  Incr. stability k         : 5
  Incr. stopping criterion  : 'delta'
  Incr. distance metric     : 'tvd'
  Incr. window size         : 3
  Incr. EWMA alpha          : 0.5
  Selected modes            : cut_divided_budget, cut_qubit_prop, cut_incremental_budget, cut_incremental_qubit_prop

SUMMARY
------------------------------------------------------------------------
Total: 40  ok: 40  failed: 0

RESULTS BY CIRCUIT
------------------------------------------------------------------------
  13q / 0_Clifford+T_002
    ✓ [  18.8s]  cut_divided_budget
    ✓ [  15.3s]  cut_qubit_prop
    ✓ [ 117.1s]  cut_incremental_budget
    ✓ [ 121.1s]  cut_incremental_qubit_prop

  13q / 1_Clifford+T_004
    ✓ [  15.7s]  cut_divided_budget
    ✓ [   8.7s]  cut_qubit_prop
    ✓ [ 113.4s]  cut_incremental_budget
    ✓ [ 114.5s]  cut_incremental_qubit_prop

  13q / 2_Clifford+T_007
    ✓ [  15.5s]  cut_divided_budget
    ✓ [   8.6s]  cut_qubit_prop
    ✓ [ 115.3s]  cut_incremental_budget
    ✓ [ 116.5s]  cut_incremental_qubit_prop

  13q / 3_Clifford+T_010
    ✓ [  17.4s]  cut_divided_budget
    ✓ [  12.3s]  cut_qubit_prop
    ✓ [ 115.7s]  cut_incremental_budget
    ✓ [ 118.1s]  cut_incremental_qubit_prop

  13q / 4_Clifford+T_012
    ✓ [  17.3s]  cut_divided_budget
    ✓ [  12.0s]  cut_qubit_prop
    ✓ [ 116.0s]  cut_incremental_budget
    ✓ [ 118.5s]  cut_incremental_qubit_prop

  13q / 5_Clifford+T_014
    ✓ [  41.9s]  cut_divided_budget
    ✓ [  35.5s]  cut_qubit_prop
    ✓ [ 144.0s]  cut_incremental_budget
    ✓ [ 125.7s]  cut_incremental_qubit_prop

  13q / 6_Clifford+T_015
    ✓ [  15.4s]  cut_divided_budget
    ✓ [   8.8s]  cut_qubit_prop
    ✓ [ 114.7s]  cut_incremental_budget
    ✓ [ 114.7s]  cut_incremental_qubit_prop

  13q / 7_Clifford+T_016
    ✓ [  15.2s]  cut_divided_budget
    ✓ [   8.4s]  cut_qubit_prop
    ✓ [ 113.4s]  cut_incremental_budget
    ✓ [ 114.8s]  cut_incremental_qubit_prop

  13q / 8_Clifford+T_017
    ✓ [  14.7s]  cut_divided_budget
    ✓ [   8.7s]  cut_qubit_prop
    ✓ [ 112.8s]  cut_incremental_budget
    ✓ [ 114.3s]  cut_incremental_qubit_prop

  13q / 9_Clifford+T_020
    ✓ [  20.0s]  cut_divided_budget
    ✓ [  16.2s]  cut_qubit_prop
    ✓ [ 117.7s]  cut_incremental_budget
    ✓ [ 124.3s]  cut_incremental_qubit_prop

========================================================================
