========================================================================
CUTTABLE CIRCUIT BENCHMARK RUN REPORT
Timestamp : 2026-04-29 15:42:45
========================================================================

DESIGN
------------------------------------------------------------------------
  Input        : valid_circuits.pkl produced by generate_and_cut.py
  Cut strategy : find_and_place_cuts + CutStrategy(min_free_wires=2)
  Ground truth : PennyLane default.qubit statevector (shots=None)
  Reconstruction: qcut_processing_fn (tensor contraction)
  Observable   : per-circuit Pauli string stored in CircuitSpec.observable
  Error        : |perf_exp_val - result|

CONFIGURATION
------------------------------------------------------------------------
  Shots (B)                 : 20000
  Noisy backend             : 'aer.fake_torino'
  Ideal backend             : 'aer.perfect'
  Simulator seed            : 42
  Output dir                : PosixPath('results/20k_ewma_04/15_qubits')
  2q-gate alpha             : 0.8
  Incr. batch shots         : 50
  Incr. threshold           : 0.01
  Incr. offset              : 3
  Incr. stability k         : 5
  Incr. stopping criterion  : 'ewma'
  Incr. distance metric     : 'tvd'
  Incr. window size         : 3
  Incr. EWMA alpha          : 0.6
  Selected modes            : noisy_vanilla, cut_divided_budget, cut_qubit_prop, cut_incremental_budget, cut_incremental_qubit_prop

SUMMARY
------------------------------------------------------------------------
Total: 50  ok: 50  failed: 0

RESULTS BY CIRCUIT
------------------------------------------------------------------------
  15q / 0_Clifford+T_016
    ✓ [  26.8s]  noisy_vanilla
    ✓ [  30.8s]  cut_divided_budget
    ✓ [  29.0s]  cut_qubit_prop
    ✓ [ 222.6s]  cut_incremental_budget
    ✓ [ 203.9s]  cut_incremental_qubit_prop

  15q / 1_Clifford+T_022
    ✓ [  30.5s]  noisy_vanilla
    ✓ [  29.4s]  cut_divided_budget
    ✓ [  20.0s]  cut_qubit_prop
    ✓ [ 207.2s]  cut_incremental_budget
    ✓ [ 197.1s]  cut_incremental_qubit_prop

  15q / 2_Clifford+T_040
    ✓ [  30.0s]  noisy_vanilla
    ✓ [  30.1s]  cut_divided_budget
    ✓ [  24.2s]  cut_qubit_prop
    ✓ [ 215.8s]  cut_incremental_budget
    ✓ [ 198.7s]  cut_incremental_qubit_prop

  15q / 3_Clifford+T_070
    ✓ [  31.2s]  noisy_vanilla
    ✓ [  91.1s]  cut_divided_budget
    ✓ [  78.1s]  cut_qubit_prop
    ✓ [ 821.9s]  cut_incremental_budget
    ✓ [ 776.0s]  cut_incremental_qubit_prop

  15q / 4_Clifford+T_100
    ✓ [  30.0s]  noisy_vanilla
    ✓ [  36.5s]  cut_divided_budget
    ✓ [  19.1s]  cut_qubit_prop
    ✓ [ 198.6s]  cut_incremental_budget
    ✓ [ 215.7s]  cut_incremental_qubit_prop

  15q / 5_Clifford+T_118
    ✓ [  30.3s]  noisy_vanilla
    ✓ [  32.6s]  cut_divided_budget
    ✓ [  21.0s]  cut_qubit_prop
    ✓ [ 211.1s]  cut_incremental_budget
    ✓ [ 195.2s]  cut_incremental_qubit_prop

  15q / 6_Clifford+T_142
    ✓ [  28.6s]  noisy_vanilla
    ✓ [  35.2s]  cut_divided_budget
    ✓ [  25.7s]  cut_qubit_prop
    ✓ [ 213.4s]  cut_incremental_budget
    ✓ [ 205.1s]  cut_incremental_qubit_prop

  15q / 7_Clifford+T_184
    ✓ [  30.0s]  noisy_vanilla
    ✓ [  98.6s]  cut_divided_budget
    ✓ [  79.4s]  cut_qubit_prop
    ✓ [ 779.4s]  cut_incremental_budget
    ✓ [ 678.3s]  cut_incremental_qubit_prop

  15q / 8_Clifford+T_190
    ✓ [  31.6s]  noisy_vanilla
    ✓ [  26.7s]  cut_divided_budget
    ✓ [  18.2s]  cut_qubit_prop
    ✓ [ 210.3s]  cut_incremental_budget
    ✓ [ 193.4s]  cut_incremental_qubit_prop

  15q / 9_Clifford+T_196
    ✓ [  28.1s]  noisy_vanilla
    ✓ [  27.8s]  cut_divided_budget
    ✓ [  22.2s]  cut_qubit_prop
    ✓ [ 176.5s]  cut_incremental_budget
    ✓ [ 206.9s]  cut_incremental_qubit_prop

========================================================================
