========================================================================
CUTTABLE CIRCUIT BENCHMARK RUN REPORT
Timestamp : 2026-06-17 21:50:06
========================================================================

DESIGN
------------------------------------------------------------------------
  Input        : valid_circuits.pkl produced by generate_and_cut.py
  Cut strategy : find_and_place_cuts + CutStrategy(min_free_wires=2)
  Ground truth : PennyLane default.qubit statevector (shots=None)
  Reconstruction: qcut_processing_fn (tensor contraction)
  Observable   : per-circuit Pauli string stored in CircuitSpec.observable
  Error        : |perf_exp_val - result|

CONFIGURATION
------------------------------------------------------------------------
  Shots (B)                 : 5000
  Noisy backend             : 'aer.fake_kyoto'
  Ideal backend             : 'aer.perfect'
  Simulator seed            : 42
  Output dir                : PosixPath('results/new/stable_shots3/5000_shots/kyoto/10_qubits')
  2q-gate alpha             : 0.8
  Incr. batch shots         : 50
  Incr. threshold           : 0.05
  Incr. offset              : 3
  Incr. stability k         : 5
  Incr. stopping criterion  : 'delta'
  Incr. distance metric     : 'tvd'
  Incr. window size         : 3
  Incr. EWMA alpha          : 0.5
  Selected modes            : noisy_vanilla, cut_divided_budget, cut_qubit_prop, cut_incremental_budget, cut_incremental_qubit_prop

SUMMARY
------------------------------------------------------------------------
Total: 50  ok: 50  failed: 0

RESULTS BY CIRCUIT
------------------------------------------------------------------------
  10q / 0_Clifford+T_001
    ✓ [   2.4s]  noisy_vanilla
    ✓ [  96.7s]  cut_divided_budget
    ✓ [  78.9s]  cut_qubit_prop
    ✓ [ 216.4s]  cut_incremental_budget
    ✓ [ 289.0s]  cut_incremental_qubit_prop

  10q / 1_Clifford+T_004
    ✓ [   3.6s]  noisy_vanilla
    ✓ [  33.0s]  cut_divided_budget
    ✓ [  21.4s]  cut_qubit_prop
    ✓ [ 194.9s]  cut_incremental_budget
    ✓ [ 272.9s]  cut_incremental_qubit_prop

  10q / 2_Clifford+T_008
    ✓ [   3.7s]  noisy_vanilla
    ✓ [  95.0s]  cut_divided_budget
    ✓ [  84.7s]  cut_qubit_prop
    ✓ [ 315.6s]  cut_incremental_budget
    ✓ [ 289.6s]  cut_incremental_qubit_prop

  10q / 3_Clifford+T_015
    ✓ [   3.5s]  noisy_vanilla
    ✓ [  31.7s]  cut_divided_budget
    ✓ [  20.8s]  cut_qubit_prop
    ✓ [ 239.6s]  cut_incremental_budget
    ✓ [ 238.1s]  cut_incremental_qubit_prop

  10q / 4_Clifford+T_024
    ✓ [   2.1s]  noisy_vanilla
    ✓ [  63.3s]  cut_divided_budget
    ✓ [  56.7s]  cut_qubit_prop
    ✓ [ 262.5s]  cut_incremental_budget
    ✓ [ 293.5s]  cut_incremental_qubit_prop

  10q / 5_Clifford+T_026
    ✓ [   3.5s]  noisy_vanilla
    ✓ [  77.8s]  cut_divided_budget
    ✓ [  48.8s]  cut_qubit_prop
    ✓ [ 203.2s]  cut_incremental_budget
    ✓ [ 193.7s]  cut_incremental_qubit_prop

  10q / 6_Clifford+T_032
    ✓ [   3.5s]  noisy_vanilla
    ✓ [  33.4s]  cut_divided_budget
    ✓ [  21.3s]  cut_qubit_prop
    ✓ [ 227.8s]  cut_incremental_budget
    ✓ [ 226.7s]  cut_incremental_qubit_prop

  10q / 7_Clifford+T_033
    ✓ [   3.8s]  noisy_vanilla
    ✓ [  34.0s]  cut_divided_budget
    ✓ [  21.7s]  cut_qubit_prop
    ✓ [ 217.3s]  cut_incremental_budget
    ✓ [ 213.0s]  cut_incremental_qubit_prop

  10q / 8_Clifford+T_039
    ✓ [   3.5s]  noisy_vanilla
    ✓ [  92.5s]  cut_divided_budget
    ✓ [  64.2s]  cut_qubit_prop
    ✓ [ 553.5s]  cut_incremental_budget
    ✓ [ 578.4s]  cut_incremental_qubit_prop

  10q / 9_Clifford+T_041
    ✓ [   7.0s]  noisy_vanilla
    ✓ [  63.6s]  cut_divided_budget
    ✓ [  25.2s]  cut_qubit_prop
    ✓ [ 404.9s]  cut_incremental_budget
    ✓ [ 415.8s]  cut_incremental_qubit_prop

========================================================================
