========================================================================
CUTTABLE CIRCUIT BENCHMARK RUN REPORT
Timestamp : 2026-06-13 04:24:40
========================================================================

DESIGN
------------------------------------------------------------------------
  Input        : valid_circuits.pkl produced by generate_and_cut.py
  Cut strategy : find_and_place_cuts + CutStrategy(min_free_wires=2)
  Ground truth : PennyLane default.qubit statevector (shots=None)
  Reconstruction: qcut_processing_fn (tensor contraction)
  Observable   : per-circuit Pauli string stored in CircuitSpec.observable
  Error        : |perf_exp_val - result|

CONFIGURATION
------------------------------------------------------------------------
  Shots (B)                 : 10000
  Noisy backend             : 'aer.fake_kawasaki'
  Ideal backend             : 'aer.perfect'
  Simulator seed            : 42
  Output dir                : PosixPath('results/new/stable_shots_runs_10-14q_no_vanilla/10000_shots/kawasaki/12_qubits')
  2q-gate alpha             : 0.8
  Incr. batch shots         : 50
  Incr. threshold           : 0.0005
  Incr. offset              : 2
  Incr. stability k         : 5
  Incr. stopping criterion  : 'delta'
  Incr. distance metric     : 'tvd'
  Incr. window size         : 3
  Incr. EWMA alpha          : 0.5
  Selected modes            : cut_divided_budget, cut_qubit_prop, cut_incremental_budget, cut_incremental_qubit_prop

SUMMARY
------------------------------------------------------------------------
Total: 40  ok: 40  failed: 0

RESULTS BY CIRCUIT
------------------------------------------------------------------------
  12q / 0_Clifford+T_001
    ✓ [  14.9s]  cut_divided_budget
    ✓ [   8.8s]  cut_qubit_prop
    ✓ [ 218.6s]  cut_incremental_budget
    ✓ [ 225.1s]  cut_incremental_qubit_prop

  12q / 1_Clifford+T_002
    ✓ [  46.0s]  cut_divided_budget
    ✓ [  40.9s]  cut_qubit_prop
    ✓ [ 248.8s]  cut_incremental_budget
    ✓ [ 237.4s]  cut_incremental_qubit_prop

  12q / 2_Clifford+T_004
    ✓ [  19.4s]  cut_divided_budget
    ✓ [  15.1s]  cut_qubit_prop
    ✓ [ 222.8s]  cut_incremental_budget
    ✓ [ 235.2s]  cut_incremental_qubit_prop

  12q / 3_Clifford+T_006
    ✓ [  15.7s]  cut_divided_budget
    ✓ [   9.0s]  cut_qubit_prop
    ✓ [ 220.0s]  cut_incremental_budget
    ✓ [ 229.6s]  cut_incremental_qubit_prop

  12q / 4_Clifford+T_011
    ✓ [  46.5s]  cut_divided_budget
    ✓ [  42.4s]  cut_qubit_prop
    ✓ [ 250.5s]  cut_incremental_budget
    ✓ [ 240.2s]  cut_incremental_qubit_prop

  12q / 5_Clifford+T_013
    ✓ [  41.0s]  cut_divided_budget
    ✓ [  34.4s]  cut_qubit_prop
    ✓ [ 253.6s]  cut_incremental_budget
    ✓ [ 253.8s]  cut_incremental_qubit_prop

  12q / 6_Clifford+T_015
    ✓ [  15.1s]  cut_divided_budget
    ✓ [   8.6s]  cut_qubit_prop
    ✓ [ 220.0s]  cut_incremental_budget
    ✓ [ 228.7s]  cut_incremental_qubit_prop

  12q / 7_Clifford+T_019
    ✓ [  10.5s]  cut_divided_budget
    ✓ [   2.6s]  cut_qubit_prop
    ✓ [ 233.5s]  cut_incremental_budget
    ✓ [ 234.1s]  cut_incremental_qubit_prop

  12q / 8_Clifford+T_021
    ✓ [  15.3s]  cut_divided_budget
    ✓ [   8.5s]  cut_qubit_prop
    ✓ [ 226.1s]  cut_incremental_budget
    ✓ [ 230.7s]  cut_incremental_qubit_prop

  12q / 9_Clifford+T_025
    ✓ [  43.4s]  cut_divided_budget
    ✓ [  36.9s]  cut_qubit_prop
    ✓ [ 249.7s]  cut_incremental_budget
    ✓ [ 250.8s]  cut_incremental_qubit_prop

========================================================================
