========================================================================
CUTTABLE CIRCUIT BENCHMARK RUN REPORT
Timestamp : 2026-04-28 13:58:59
========================================================================

DESIGN
------------------------------------------------------------------------
  Input        : valid_circuits.pkl produced by generate_and_cut.py
  Cut strategy : find_and_place_cuts + CutStrategy(min_free_wires=2)
  Ground truth : PennyLane default.qubit statevector (shots=None)
  Reconstruction: qcut_processing_fn (tensor contraction)
  Observable   : per-circuit Pauli string stored in CircuitSpec.observable
  Error        : |perf_exp_val - result|

CONFIGURATION
------------------------------------------------------------------------
  Shots (B)                 : 20000
  Noisy backend             : 'aer.fake_torino'
  Ideal backend             : 'aer.perfect'
  Simulator seed            : 42
  Output dir                : PosixPath('results/20k_ewma_02/09_qubits')
  2q-gate alpha             : 0.8
  Incr. batch shots         : 50
  Incr. threshold           : 0.01
  Incr. offset              : 3
  Incr. stability k         : 5
  Incr. stopping criterion  : 'ewma'
  Incr. distance metric     : 'tvd'
  Incr. window size         : 3
  Incr. EWMA alpha          : 0.5
  Selected modes            : noisy_vanilla, cut_divided_budget, cut_qubit_prop, cut_incremental_budget, cut_incremental_qubit_prop

SUMMARY
------------------------------------------------------------------------
Total: 50  ok: 50  failed: 0

RESULTS BY CIRCUIT
------------------------------------------------------------------------
  9q / 0_Clifford+T_004
    ✓ [   3.4s]  noisy_vanilla
    ✓ [  92.2s]  cut_divided_budget
    ✓ [  78.8s]  cut_qubit_prop
    ✓ [ 820.0s]  cut_incremental_budget
    ✓ [ 682.9s]  cut_incremental_qubit_prop

  9q / 1_QuantumVolume_012
    ✓ [   2.8s]  noisy_vanilla
    ✓ [1169.3s]  cut_divided_budget
    ✓ [  76.1s]  cut_qubit_prop
    ✓ [ 797.8s]  cut_incremental_budget
    ✓ [ 786.4s]  cut_incremental_qubit_prop

  9q / 2_Clifford+T_016
    ✓ [   2.9s]  noisy_vanilla
    ✓ [ 100.6s]  cut_divided_budget
    ✓ [  84.7s]  cut_qubit_prop
    ✓ [ 776.2s]  cut_incremental_budget
    ✓ [ 682.0s]  cut_incremental_qubit_prop

  9q / 3_Clifford+T_034
    ✓ [   2.6s]  noisy_vanilla
    ✓ [  27.4s]  cut_divided_budget
    ✓ [  20.4s]  cut_qubit_prop
    ✓ [ 191.3s]  cut_incremental_budget
    ✓ [ 215.6s]  cut_incremental_qubit_prop

  9q / 4_Clifford+T_070
    ✓ [   3.0s]  noisy_vanilla
    ✓ [  29.4s]  cut_divided_budget
    ✓ [  20.2s]  cut_qubit_prop
    ✓ [ 204.8s]  cut_incremental_budget
    ✓ [ 223.2s]  cut_incremental_qubit_prop

  9q / 5_Clifford+T_106
    ✓ [   3.8s]  noisy_vanilla
    ✓ [  85.5s]  cut_divided_budget
    ✓ [  75.2s]  cut_qubit_prop
    ✓ [ 823.0s]  cut_incremental_budget
    ✓ [ 733.7s]  cut_incremental_qubit_prop

  9q / 6_QuantumVolume_126
    ✓ [   2.3s]  noisy_vanilla
    ✓ [1116.7s]  cut_divided_budget
    ✓ [  76.4s]  cut_qubit_prop
    ✓ [ 801.8s]  cut_incremental_budget
    ✓ [ 808.7s]  cut_incremental_qubit_prop

  9q / 7_Clifford+T_154
    ✓ [   2.1s]  noisy_vanilla
    ✓ [  33.6s]  cut_divided_budget
    ✓ [  24.3s]  cut_qubit_prop
    ✓ [ 192.1s]  cut_incremental_budget
    ✓ [ 221.8s]  cut_incremental_qubit_prop

  9q / 8_Clifford+T_166
    ✓ [   2.5s]  noisy_vanilla
    ✓ [  25.7s]  cut_divided_budget
    ✓ [  19.1s]  cut_qubit_prop
    ✓ [ 190.4s]  cut_incremental_budget
    ✓ [ 189.0s]  cut_incremental_qubit_prop

  9q / 9_Clifford+T_184
    ✓ [   2.2s]  noisy_vanilla
    ✓ [  99.5s]  cut_divided_budget
    ✓ [  84.0s]  cut_qubit_prop
    ✓ [ 797.9s]  cut_incremental_budget
    ✓ [ 728.2s]  cut_incremental_qubit_prop

========================================================================
