========================================================================
CUTTABLE CIRCUIT BENCHMARK RUN REPORT
Timestamp : 2026-05-25 23:30:22
========================================================================

DESIGN
------------------------------------------------------------------------
  Input        : valid_circuits.pkl produced by generate_and_cut.py
  Cut strategy : find_and_place_cuts + CutStrategy(min_free_wires=2)
  Ground truth : PennyLane default.qubit statevector (shots=None)
  Reconstruction: qcut_processing_fn (tensor contraction)
  Observable   : per-circuit Pauli string stored in CircuitSpec.observable
  Error        : |perf_exp_val - result|

CONFIGURATION
------------------------------------------------------------------------
  Shots (B)                 : 20000
  Noisy backend             : 'aer.fake_torino'
  Ideal backend             : 'aer.perfect'
  Simulator seed            : 42
  Output dir                : PosixPath('results/new/ewma_20k_torino_02/13_qubits')
  2q-gate alpha             : 0.8
  Incr. batch shots         : 50
  Incr. threshold           : 0.05
  Incr. offset              : 3
  Incr. stability k         : 3
  Incr. stopping criterion  : 'ewma'
  Incr. distance metric     : 'tvd'
  Incr. window size         : 3
  Incr. EWMA alpha          : 0.5
  Selected modes            : noisy_vanilla, cut_divided_budget, cut_qubit_prop, cut_incremental_budget, cut_incremental_qubit_prop

SUMMARY
------------------------------------------------------------------------
Total: 50  ok: 50  failed: 0

RESULTS BY CIRCUIT
------------------------------------------------------------------------
  13q / 0_Clifford+T_002
    ✓ [   8.5s]  noisy_vanilla
    ✓ [  37.2s]  cut_divided_budget
    ✓ [  27.3s]  cut_qubit_prop
    ✓ [ 267.2s]  cut_incremental_budget
    ✓ [ 297.2s]  cut_incremental_qubit_prop

  13q / 1_Clifford+T_004
    ✓ [   8.3s]  noisy_vanilla
    ✓ [  40.1s]  cut_divided_budget
    ✓ [  25.3s]  cut_qubit_prop
    ✓ [ 341.8s]  cut_incremental_budget
    ✓ [ 368.8s]  cut_incremental_qubit_prop

  13q / 2_Clifford+T_007
    ✓ [   9.8s]  noisy_vanilla
    ✓ [  40.0s]  cut_divided_budget
    ✓ [  24.4s]  cut_qubit_prop
    ✓ [ 365.4s]  cut_incremental_budget
    ✓ [ 306.1s]  cut_incremental_qubit_prop

  13q / 3_Clifford+T_010
    ✓ [   8.6s]  noisy_vanilla
    ✓ [  37.3s]  cut_divided_budget
    ✓ [  32.3s]  cut_qubit_prop
    ✓ [ 485.9s]  cut_incremental_budget
    ✓ [ 613.7s]  cut_incremental_qubit_prop

  13q / 4_Clifford+T_012
    ✓ [  11.0s]  noisy_vanilla
    ✓ [  53.6s]  cut_divided_budget
    ✓ [  32.5s]  cut_qubit_prop
    ✓ [ 556.8s]  cut_incremental_budget
    ✓ [ 540.2s]  cut_incremental_qubit_prop

  13q / 5_Clifford+T_014
    ✓ [  14.1s]  noisy_vanilla
    ✓ [ 175.5s]  cut_divided_budget
    ✓ [ 115.7s]  cut_qubit_prop
    ✓ [1329.5s]  cut_incremental_budget
    ✓ [1269.4s]  cut_incremental_qubit_prop

  13q / 6_Clifford+T_015
    ✓ [   9.2s]  noisy_vanilla
    ✓ [  37.5s]  cut_divided_budget
    ✓ [  25.8s]  cut_qubit_prop
    ✓ [ 388.5s]  cut_incremental_budget
    ✓ [ 359.4s]  cut_incremental_qubit_prop

  13q / 7_Clifford+T_016
    ✓ [  15.9s]  noisy_vanilla
    ✓ [  34.2s]  cut_divided_budget
    ✓ [  26.9s]  cut_qubit_prop
    ✓ [ 264.9s]  cut_incremental_budget
    ✓ [ 290.2s]  cut_incremental_qubit_prop

  13q / 8_Clifford+T_017
    ✓ [   9.7s]  noisy_vanilla
    ✓ [  40.8s]  cut_divided_budget
    ✓ [  27.0s]  cut_qubit_prop
    ✓ [ 333.2s]  cut_incremental_budget
    ✓ [ 337.3s]  cut_incremental_qubit_prop

  13q / 9_Clifford+T_020
    ✓ [  10.7s]  noisy_vanilla
    ✓ [  43.0s]  cut_divided_budget
    ✓ [  39.5s]  cut_qubit_prop
    ✓ [ 449.8s]  cut_incremental_budget
    ✓ [ 327.9s]  cut_incremental_qubit_prop

========================================================================
