========================================================================
CUTTABLE CIRCUIT BENCHMARK RUN REPORT
Timestamp : 2026-06-18 02:31:39
========================================================================

DESIGN
------------------------------------------------------------------------
  Input        : valid_circuits.pkl produced by generate_and_cut.py
  Cut strategy : find_and_place_cuts + CutStrategy(min_free_wires=2)
  Ground truth : PennyLane default.qubit statevector (shots=None)
  Reconstruction: qcut_processing_fn (tensor contraction)
  Observable   : per-circuit Pauli string stored in CircuitSpec.observable
  Error        : |perf_exp_val - result|

CONFIGURATION
------------------------------------------------------------------------
  Shots (B)                 : 10000
  Noisy backend             : 'aer.fake_sherbrooke'
  Ideal backend             : 'aer.perfect'
  Simulator seed            : 42
  Output dir                : PosixPath('results/new/stable_shots3/10000_shots/sherbrooke/14_qubits')
  2q-gate alpha             : 0.8
  Incr. batch shots         : 50
  Incr. threshold           : 0.05
  Incr. offset              : 3
  Incr. stability k         : 5
  Incr. stopping criterion  : 'delta'
  Incr. distance metric     : 'tvd'
  Incr. window size         : 3
  Incr. EWMA alpha          : 0.5
  Selected modes            : noisy_vanilla, cut_divided_budget, cut_qubit_prop, cut_incremental_budget, cut_incremental_qubit_prop

SUMMARY
------------------------------------------------------------------------
Total: 50  ok: 50  failed: 0

RESULTS BY CIRCUIT
------------------------------------------------------------------------
  14q / 0_Clifford+T_001
    ✓ [  80.2s]  noisy_vanilla
    ✓ [  86.9s]  cut_divided_budget
    ✓ [  92.5s]  cut_qubit_prop
    ✓ [ 475.6s]  cut_incremental_budget
    ✓ [ 294.4s]  cut_incremental_qubit_prop

  14q / 1_Clifford+T_011
    ✓ [  78.2s]  noisy_vanilla
    ✓ [  54.1s]  cut_divided_budget
    ✓ [  68.4s]  cut_qubit_prop
    ✓ [ 485.9s]  cut_incremental_budget
    ✓ [ 461.8s]  cut_incremental_qubit_prop

  14q / 2_Clifford+T_012
    ✓ [ 161.5s]  noisy_vanilla
    ✓ [  40.0s]  cut_divided_budget
    ✓ [  44.1s]  cut_qubit_prop
    ✓ [ 196.7s]  cut_incremental_budget
    ✓ [ 196.9s]  cut_incremental_qubit_prop

  14q / 3_Clifford+T_014
    ✓ [ 119.4s]  noisy_vanilla
    ✓ [  61.2s]  cut_divided_budget
    ✓ [  73.8s]  cut_qubit_prop
    ✓ [ 242.6s]  cut_incremental_budget
    ✓ [ 329.8s]  cut_incremental_qubit_prop

  14q / 4_Clifford+T_015
    ✓ [ 150.8s]  noisy_vanilla
    ✓ [  74.9s]  cut_divided_budget
    ✓ [  50.8s]  cut_qubit_prop
    ✓ [  69.7s]  cut_incremental_budget
    ✓ [  70.5s]  cut_incremental_qubit_prop

  14q / 5_Clifford+T_016
    ✓ [ 152.9s]  noisy_vanilla
    ✓ [  28.0s]  cut_divided_budget
    ✓ [  17.0s]  cut_qubit_prop
    ✓ [ 206.7s]  cut_incremental_budget
    ✓ [ 195.6s]  cut_incremental_qubit_prop

  14q / 6_Clifford+T_018
    ✓ [ 146.8s]  noisy_vanilla
    ✓ [  28.1s]  cut_divided_budget
    ✓ [  16.5s]  cut_qubit_prop
    ✓ [ 260.4s]  cut_incremental_budget
    ✓ [ 289.9s]  cut_incremental_qubit_prop

  14q / 7_Clifford+T_019
    ✓ [ 162.4s]  noisy_vanilla
    ✓ [  46.6s]  cut_divided_budget
    ✓ [  45.9s]  cut_qubit_prop
    ✓ [ 210.7s]  cut_incremental_budget
    ✓ [ 293.3s]  cut_incremental_qubit_prop

  14q / 8_Clifford+T_022
    ✓ [ 140.8s]  noisy_vanilla
    ✓ [  50.4s]  cut_divided_budget
    ✓ [  77.2s]  cut_qubit_prop
    ✓ [ 297.3s]  cut_incremental_budget
    ✓ [ 178.9s]  cut_incremental_qubit_prop

  14q / 9_Clifford+T_026
    ✓ [ 101.7s]  noisy_vanilla
    ✓ [  18.8s]  cut_divided_budget
    ✓ [  10.2s]  cut_qubit_prop
    ✓ [ 228.7s]  cut_incremental_budget
    ✓ [ 219.7s]  cut_incremental_qubit_prop

========================================================================
