========================================================================
CUTTABLE CIRCUIT BENCHMARK RUN REPORT
Timestamp : 2026-05-28 15:07:30
========================================================================

DESIGN
------------------------------------------------------------------------
  Input        : valid_circuits.pkl produced by generate_and_cut.py
  Cut strategy : find_and_place_cuts + CutStrategy(min_free_wires=2)
  Ground truth : PennyLane default.qubit statevector (shots=None)
  Reconstruction: qcut_processing_fn (tensor contraction)
  Observable   : per-circuit Pauli string stored in CircuitSpec.observable
  Error        : |perf_exp_val - result|

CONFIGURATION
------------------------------------------------------------------------
  Shots (B)                 : 10000
  Noisy backend             : 'aer.fake_sherbrooke'
  Ideal backend             : 'aer.perfect'
  Simulator seed            : 42
  Output dir                : PosixPath('results/new/ewma_10k_sherbrooke_01/14_qubits')
  2q-gate alpha             : 0.8
  Incr. batch shots         : 50
  Incr. threshold           : 0.03
  Incr. offset              : 3
  Incr. stability k         : 3
  Incr. stopping criterion  : 'ewma'
  Incr. distance metric     : 'tvd'
  Incr. window size         : 3
  Incr. EWMA alpha          : 0.5
  Selected modes            : noisy_vanilla, cut_divided_budget, cut_qubit_prop, cut_incremental_budget, cut_incremental_qubit_prop

SUMMARY
------------------------------------------------------------------------
Total: 50  ok: 50  failed: 0

RESULTS BY CIRCUIT
------------------------------------------------------------------------
  14q / 0_Clifford+T_001
    ✓ [  24.9s]  noisy_vanilla
    ✓ [  77.0s]  cut_divided_budget
    ✓ [  47.1s]  cut_qubit_prop
    ✓ [ 313.2s]  cut_incremental_budget
    ✓ [ 336.5s]  cut_incremental_qubit_prop

  14q / 1_Clifford+T_011
    ✓ [   8.4s]  noisy_vanilla
    ✓ [  54.9s]  cut_divided_budget
    ✓ [  44.2s]  cut_qubit_prop
    ✓ [ 319.6s]  cut_incremental_budget
    ✓ [ 321.3s]  cut_incremental_qubit_prop

  14q / 2_Clifford+T_012
    ✓ [   8.3s]  noisy_vanilla
    ✓ [  22.0s]  cut_divided_budget
    ✓ [  12.0s]  cut_qubit_prop
    ✓ [ 194.7s]  cut_incremental_budget
    ✓ [ 311.5s]  cut_incremental_qubit_prop

  14q / 3_Clifford+T_014
    ✓ [  10.0s]  noisy_vanilla
    ✓ [  20.8s]  cut_divided_budget
    ✓ [  13.6s]  cut_qubit_prop
    ✓ [ 178.7s]  cut_incremental_budget
    ✓ [ 262.0s]  cut_incremental_qubit_prop

  14q / 4_Clifford+T_015
    ✓ [   9.5s]  noisy_vanilla
    ✓ [  13.4s]  cut_divided_budget
    ✓ [   5.6s]  cut_qubit_prop
    ✓ [  57.4s]  cut_incremental_budget
    ✓ [  60.9s]  cut_incremental_qubit_prop

  14q / 5_Clifford+T_016
    ✓ [   9.9s]  noisy_vanilla
    ✓ [  19.2s]  cut_divided_budget
    ✓ [  10.8s]  cut_qubit_prop
    ✓ [ 169.0s]  cut_incremental_budget
    ✓ [ 179.5s]  cut_incremental_qubit_prop

  14q / 6_Clifford+T_018
    ✓ [  14.9s]  noisy_vanilla
    ✓ [  20.1s]  cut_divided_budget
    ✓ [  11.7s]  cut_qubit_prop
    ✓ [ 211.8s]  cut_incremental_budget
    ✓ [ 239.3s]  cut_incremental_qubit_prop

  14q / 7_Clifford+T_019
    ✓ [   9.2s]  noisy_vanilla
    ✓ [  20.7s]  cut_divided_budget
    ✓ [  11.7s]  cut_qubit_prop
    ✓ [ 207.1s]  cut_incremental_budget
    ✓ [ 260.8s]  cut_incremental_qubit_prop

  14q / 8_Clifford+T_022
    ✓ [   9.2s]  noisy_vanilla
    ✓ [  20.6s]  cut_divided_budget
    ✓ [  16.6s]  cut_qubit_prop
    ✓ [ 202.4s]  cut_incremental_budget
    ✓ [ 259.7s]  cut_incremental_qubit_prop

  14q / 9_Clifford+T_026
    ✓ [   9.0s]  noisy_vanilla
    ✓ [  17.8s]  cut_divided_budget
    ✓ [  10.9s]  cut_qubit_prop
    ✓ [ 175.6s]  cut_incremental_budget
    ✓ [ 215.1s]  cut_incremental_qubit_prop

========================================================================
