========================================================================
CUTTABLE CIRCUIT BENCHMARK RUN REPORT
Timestamp : 2026-06-18 04:09:02
========================================================================

DESIGN
------------------------------------------------------------------------
  Input        : valid_circuits.pkl produced by generate_and_cut.py
  Cut strategy : find_and_place_cuts + CutStrategy(min_free_wires=2)
  Ground truth : PennyLane default.qubit statevector (shots=None)
  Reconstruction: qcut_processing_fn (tensor contraction)
  Observable   : per-circuit Pauli string stored in CircuitSpec.observable
  Error        : |perf_exp_val - result|

CONFIGURATION
------------------------------------------------------------------------
  Shots (B)                 : 10000
  Noisy backend             : 'aer.fake_kawasaki'
  Ideal backend             : 'aer.perfect'
  Simulator seed            : 42
  Output dir                : PosixPath('results/new/stable_shots3/10000_shots/kawasaki/15_qubits')
  2q-gate alpha             : 0.8
  Incr. batch shots         : 50
  Incr. threshold           : 0.05
  Incr. offset              : 3
  Incr. stability k         : 5
  Incr. stopping criterion  : 'delta'
  Incr. distance metric     : 'tvd'
  Incr. window size         : 3
  Incr. EWMA alpha          : 0.5
  Selected modes            : noisy_vanilla, cut_divided_budget, cut_qubit_prop, cut_incremental_budget, cut_incremental_qubit_prop

SUMMARY
------------------------------------------------------------------------
Total: 50  ok: 50  failed: 0

RESULTS BY CIRCUIT
------------------------------------------------------------------------
  15q / 0_Clifford+T_003
    ✓ [ 172.2s]  noisy_vanilla
    ✓ [  27.3s]  cut_divided_budget
    ✓ [  20.1s]  cut_qubit_prop
    ✓ [ 231.0s]  cut_incremental_budget
    ✓ [ 246.5s]  cut_incremental_qubit_prop

  15q / 1_Clifford+T_009
    ✓ [ 303.0s]  noisy_vanilla
    ✓ [  27.6s]  cut_divided_budget
    ✓ [  17.5s]  cut_qubit_prop
    ✓ [ 272.1s]  cut_incremental_budget
    ✓ [ 276.8s]  cut_incremental_qubit_prop

  15q / 2_Clifford+T_011
    ✓ [ 325.1s]  noisy_vanilla
    ✓ [  30.9s]  cut_divided_budget
    ✓ [  26.9s]  cut_qubit_prop
    ✓ [ 237.2s]  cut_incremental_budget
    ✓ [ 234.2s]  cut_incremental_qubit_prop

  15q / 3_Clifford+T_015
    ✓ [ 319.7s]  noisy_vanilla
    ✓ [  79.7s]  cut_divided_budget
    ✓ [  65.4s]  cut_qubit_prop
    ✓ [ 484.8s]  cut_incremental_budget
    ✓ [ 494.2s]  cut_incremental_qubit_prop

  15q / 4_Clifford+T_016
    ✓ [ 331.0s]  noisy_vanilla
    ✓ [  27.9s]  cut_divided_budget
    ✓ [  12.7s]  cut_qubit_prop
    ✓ [ 124.7s]  cut_incremental_budget
    ✓ [ 134.7s]  cut_incremental_qubit_prop

  15q / 5_Clifford+T_018
    ✓ [ 170.3s]  noisy_vanilla
    ✓ [  17.6s]  cut_divided_budget
    ✓ [  10.3s]  cut_qubit_prop
    ✓ [ 146.1s]  cut_incremental_budget
    ✓ [ 152.7s]  cut_incremental_qubit_prop

  15q / 6_Clifford+T_022
    ✓ [ 164.8s]  noisy_vanilla
    ✓ [  21.5s]  cut_divided_budget
    ✓ [  10.6s]  cut_qubit_prop
    ✓ [ 153.6s]  cut_incremental_budget
    ✓ [ 239.6s]  cut_incremental_qubit_prop

  15q / 7_Clifford+T_023
    ✓ [ 225.4s]  noisy_vanilla
    ✓ [  26.0s]  cut_divided_budget
    ✓ [  17.2s]  cut_qubit_prop
    ✓ [ 266.1s]  cut_incremental_budget
    ✓ [ 385.9s]  cut_incremental_qubit_prop

  15q / 8_Clifford+T_024
    ✓ [ 316.8s]  noisy_vanilla
    ✓ [  60.1s]  cut_divided_budget
    ✓ [  65.2s]  cut_qubit_prop
    ✓ [ 290.0s]  cut_incremental_budget
    ✓ [ 256.3s]  cut_incremental_qubit_prop

  15q / 9_Clifford+T_026
    ✓ [ 332.7s]  noisy_vanilla
    ✓ [  71.7s]  cut_divided_budget
    ✓ [  91.6s]  cut_qubit_prop
    ✓ [ 214.4s]  cut_incremental_budget
    ✓ [ 202.8s]  cut_incremental_qubit_prop

========================================================================
