========================================================================
CUTTABLE CIRCUIT BENCHMARK RUN REPORT
Timestamp : 2026-06-17 22:18:14
========================================================================

DESIGN
------------------------------------------------------------------------
  Input        : valid_circuits.pkl produced by generate_and_cut.py
  Cut strategy : find_and_place_cuts + CutStrategy(min_free_wires=2)
  Ground truth : PennyLane default.qubit statevector (shots=None)
  Reconstruction: qcut_processing_fn (tensor contraction)
  Observable   : per-circuit Pauli string stored in CircuitSpec.observable
  Error        : |perf_exp_val - result|

CONFIGURATION
------------------------------------------------------------------------
  Shots (B)                 : 5000
  Noisy backend             : 'aer.fake_kyoto'
  Ideal backend             : 'aer.perfect'
  Simulator seed            : 42
  Output dir                : PosixPath('results/new/stable_shots_02/5000_shots/kyoto/14_qubits')
  2q-gate alpha             : 0.8
  Incr. batch shots         : 50
  Incr. threshold           : 0.03
  Incr. offset              : 3
  Incr. stability k         : 3
  Incr. stopping criterion  : 'delta'
  Incr. distance metric     : 'tvd'
  Incr. window size         : 3
  Incr. EWMA alpha          : 0.5
  Selected modes            : noisy_vanilla, cut_divided_budget, cut_qubit_prop, cut_incremental_budget, cut_incremental_qubit_prop

SUMMARY
------------------------------------------------------------------------
Total: 50  ok: 50  failed: 0

RESULTS BY CIRCUIT
------------------------------------------------------------------------
  14q / 0_Clifford+T_001
    ✓ [  74.0s]  noisy_vanilla
    ✓ [  97.2s]  cut_divided_budget
    ✓ [  95.4s]  cut_qubit_prop
    ✓ [ 330.1s]  cut_incremental_budget
    ✓ [ 303.7s]  cut_incremental_qubit_prop

  14q / 1_Clifford+T_011
    ✓ [  88.8s]  noisy_vanilla
    ✓ [  94.9s]  cut_divided_budget
    ✓ [  84.1s]  cut_qubit_prop
    ✓ [ 277.8s]  cut_incremental_budget
    ✓ [ 186.7s]  cut_incremental_qubit_prop

  14q / 2_Clifford+T_012
    ✓ [  42.1s]  noisy_vanilla
    ✓ [  29.5s]  cut_divided_budget
    ✓ [  20.5s]  cut_qubit_prop
    ✓ [ 202.9s]  cut_incremental_budget
    ✓ [ 236.7s]  cut_incremental_qubit_prop

  14q / 3_Clifford+T_014
    ✓ [  43.3s]  noisy_vanilla
    ✓ [  34.1s]  cut_divided_budget
    ✓ [  29.0s]  cut_qubit_prop
    ✓ [ 151.7s]  cut_incremental_budget
    ✓ [ 260.8s]  cut_incremental_qubit_prop

  14q / 4_Clifford+T_015
    ✓ [  78.4s]  noisy_vanilla
    ✓ [  49.4s]  cut_divided_budget
    ✓ [  37.8s]  cut_qubit_prop
    ✓ [ 158.9s]  cut_incremental_budget
    ✓ [ 156.0s]  cut_incremental_qubit_prop

  14q / 5_Clifford+T_016
    ✓ [  82.4s]  noisy_vanilla
    ✓ [  31.9s]  cut_divided_budget
    ✓ [  20.3s]  cut_qubit_prop
    ✓ [ 264.1s]  cut_incremental_budget
    ✓ [ 232.4s]  cut_incremental_qubit_prop

  14q / 6_Clifford+T_018
    ✓ [  59.2s]  noisy_vanilla
    ✓ [  32.7s]  cut_divided_budget
    ✓ [  19.9s]  cut_qubit_prop
    ✓ [ 207.2s]  cut_incremental_budget
    ✓ [ 393.6s]  cut_incremental_qubit_prop

  14q / 7_Clifford+T_019
    ✓ [  93.6s]  noisy_vanilla
    ✓ [  58.7s]  cut_divided_budget
    ✓ [  72.6s]  cut_qubit_prop
    ✓ [ 463.6s]  cut_incremental_budget
    ✓ [ 553.4s]  cut_incremental_qubit_prop

  14q / 8_Clifford+T_022
    ✓ [  80.5s]  noisy_vanilla
    ✓ [  96.9s]  cut_divided_budget
    ✓ [ 111.4s]  cut_qubit_prop
    ✓ [ 333.9s]  cut_incremental_budget
    ✓ [ 560.5s]  cut_incremental_qubit_prop

  14q / 9_Clifford+T_026
    ✓ [  90.6s]  noisy_vanilla
    ✓ [  41.8s]  cut_divided_budget
    ✓ [  24.4s]  cut_qubit_prop
    ✓ [ 390.0s]  cut_incremental_budget
    ✓ [ 359.7s]  cut_incremental_qubit_prop

========================================================================
