========================================================================
CUTTABLE CIRCUIT BENCHMARK RUN REPORT
Timestamp : 2026-06-18 00:17:55
========================================================================

DESIGN
------------------------------------------------------------------------
  Input        : valid_circuits.pkl produced by generate_and_cut.py
  Cut strategy : find_and_place_cuts + CutStrategy(min_free_wires=2)
  Ground truth : PennyLane default.qubit statevector (shots=None)
  Reconstruction: qcut_processing_fn (tensor contraction)
  Observable   : per-circuit Pauli string stored in CircuitSpec.observable
  Error        : |perf_exp_val - result|

CONFIGURATION
------------------------------------------------------------------------
  Shots (B)                 : 10000
  Noisy backend             : 'aer.fake_torino'
  Ideal backend             : 'aer.perfect'
  Simulator seed            : 42
  Output dir                : PosixPath('results/new/stable_shots_02/10000_shots/torino/11_qubits')
  2q-gate alpha             : 0.8
  Incr. batch shots         : 50
  Incr. threshold           : 0.03
  Incr. offset              : 3
  Incr. stability k         : 3
  Incr. stopping criterion  : 'delta'
  Incr. distance metric     : 'tvd'
  Incr. window size         : 3
  Incr. EWMA alpha          : 0.5
  Selected modes            : noisy_vanilla, cut_divided_budget, cut_qubit_prop, cut_incremental_budget, cut_incremental_qubit_prop

SUMMARY
------------------------------------------------------------------------
Total: 50  ok: 50  failed: 0

RESULTS BY CIRCUIT
------------------------------------------------------------------------
  11q / 0_Clifford+T_001
    ✓ [   8.6s]  noisy_vanilla
    ✓ [ 125.1s]  cut_divided_budget
    ✓ [ 124.9s]  cut_qubit_prop
    ✓ [ 578.7s]  cut_incremental_budget
    ✓ [ 534.8s]  cut_incremental_qubit_prop

  11q / 1_Clifford+T_002
    ✓ [   4.6s]  noisy_vanilla
    ✓ [ 117.0s]  cut_divided_budget
    ✓ [ 123.9s]  cut_qubit_prop
    ✓ [1452.9s]  cut_incremental_budget
    ✓ [1354.0s]  cut_incremental_qubit_prop

  11q / 2_Clifford+T_011
    ✓ [   9.4s]  noisy_vanilla
    ✓ [  59.6s]  cut_divided_budget
    ✓ [  37.4s]  cut_qubit_prop
    ✓ [ 737.1s]  cut_incremental_budget
    ✓ [ 681.3s]  cut_incremental_qubit_prop

  11q / 3_Clifford+T_015
    ✓ [   3.7s]  noisy_vanilla
    ✓ [  31.7s]  cut_divided_budget
    ✓ [  19.1s]  cut_qubit_prop
    ✓ [ 565.8s]  cut_incremental_budget
    ✓ [ 646.4s]  cut_incremental_qubit_prop

  11q / 4_Clifford+T_017
    ✓ [   7.3s]  noisy_vanilla
    ✓ [  42.8s]  cut_divided_budget
    ✓ [  32.3s]  cut_qubit_prop
    ✓ [ 421.1s]  cut_incremental_budget
    ✓ [ 376.2s]  cut_incremental_qubit_prop

  11q / 5_Clifford+T_025
    ✓ [   4.1s]  noisy_vanilla
    ✓ [  30.8s]  cut_divided_budget
    ✓ [  19.8s]  cut_qubit_prop
    ✓ [ 494.5s]  cut_incremental_budget
    ✓ [ 483.5s]  cut_incremental_qubit_prop

  11q / 6_Clifford+T_026
    ✓ [   4.4s]  noisy_vanilla
    ✓ [  44.6s]  cut_divided_budget
    ✓ [  35.2s]  cut_qubit_prop
    ✓ [ 439.1s]  cut_incremental_budget
    ✓ [ 498.4s]  cut_incremental_qubit_prop

  11q / 7_Clifford+T_029
    ✓ [   4.4s]  noisy_vanilla
    ✓ [  26.0s]  cut_divided_budget
    ✓ [  18.9s]  cut_qubit_prop
    ✓ [ 323.6s]  cut_incremental_budget
    ✓ [ 355.3s]  cut_incremental_qubit_prop

  11q / 8_Clifford+T_030
    ✓ [   8.0s]  noisy_vanilla
    ✓ [  37.4s]  cut_divided_budget
    ✓ [  31.1s]  cut_qubit_prop
    ✓ [ 413.8s]  cut_incremental_budget
    ✓ [ 445.1s]  cut_incremental_qubit_prop

  11q / 9_Clifford+T_033
    ✓ [   6.9s]  noisy_vanilla
    ✓ [  38.2s]  cut_divided_budget
    ✓ [  31.7s]  cut_qubit_prop
    ✓ [ 247.9s]  cut_incremental_budget
    ✓ [ 227.7s]  cut_incremental_qubit_prop

========================================================================
