========================================================================
CUTTABLE CIRCUIT BENCHMARK RUN REPORT
Timestamp : 2026-06-13 15:49:12
========================================================================

DESIGN
------------------------------------------------------------------------
  Input        : valid_circuits.pkl produced by generate_and_cut.py
  Cut strategy : find_and_place_cuts + CutStrategy(min_free_wires=2)
  Ground truth : PennyLane default.qubit statevector (shots=None)
  Reconstruction: qcut_processing_fn (tensor contraction)
  Observable   : per-circuit Pauli string stored in CircuitSpec.observable
  Error        : |perf_exp_val - result|

CONFIGURATION
------------------------------------------------------------------------
  Shots (B)                 : 20000
  Noisy backend             : 'aer.fake_torino'
  Ideal backend             : 'aer.perfect'
  Simulator seed            : 42
  Output dir                : PosixPath('results/new/stable_shots_runs_10-14q_no_vanilla/20000_shots/torino/11_qubits')
  2q-gate alpha             : 0.8
  Incr. batch shots         : 50
  Incr. threshold           : 0.0005
  Incr. offset              : 2
  Incr. stability k         : 5
  Incr. stopping criterion  : 'delta'
  Incr. distance metric     : 'tvd'
  Incr. window size         : 3
  Incr. EWMA alpha          : 0.5
  Selected modes            : cut_divided_budget, cut_qubit_prop, cut_incremental_budget, cut_incremental_qubit_prop

SUMMARY
------------------------------------------------------------------------
Total: 40  ok: 40  failed: 0

RESULTS BY CIRCUIT
------------------------------------------------------------------------
  11q / 0_Clifford+T_001
    ✓ [  99.5s]  cut_divided_budget
    ✓ [  91.9s]  cut_qubit_prop
    ✓ [1245.2s]  cut_incremental_budget
    ✓ [1244.6s]  cut_incremental_qubit_prop

  11q / 1_Clifford+T_002
    ✓ [ 101.4s]  cut_divided_budget
    ✓ [  93.0s]  cut_qubit_prop
    ✓ [1232.2s]  cut_incremental_budget
    ✓ [1239.4s]  cut_incremental_qubit_prop

  11q / 2_Clifford+T_011
    ✓ [  30.4s]  cut_divided_budget
    ✓ [  23.8s]  cut_qubit_prop
    ✓ [1185.8s]  cut_incremental_budget
    ✓ [1202.5s]  cut_incremental_qubit_prop

  11q / 3_Clifford+T_015
    ✓ [  30.3s]  cut_divided_budget
    ✓ [  23.6s]  cut_qubit_prop
    ✓ [1186.5s]  cut_incremental_budget
    ✓ [1201.7s]  cut_incremental_qubit_prop

  11q / 4_Clifford+T_017
    ✓ [  30.1s]  cut_divided_budget
    ✓ [  23.8s]  cut_qubit_prop
    ✓ [1191.9s]  cut_incremental_budget
    ✓ [1220.7s]  cut_incremental_qubit_prop

  11q / 5_Clifford+T_025
    ✓ [  29.7s]  cut_divided_budget
    ✓ [  23.4s]  cut_qubit_prop
    ✓ [1188.5s]  cut_incremental_budget
    ✓ [1213.3s]  cut_incremental_qubit_prop

  11q / 6_Clifford+T_026
    ✓ [  32.0s]  cut_divided_budget
    ✓ [  25.3s]  cut_qubit_prop
    ✓ [1196.6s]  cut_incremental_budget
    ✓ [1227.3s]  cut_incremental_qubit_prop

  11q / 7_Clifford+T_029
    ✓ [  29.6s]  cut_divided_budget
    ✓ [  23.8s]  cut_qubit_prop
    ✓ [1195.0s]  cut_incremental_budget
    ✓ [1206.7s]  cut_incremental_qubit_prop

  11q / 8_Clifford+T_030
    ✓ [  30.1s]  cut_divided_budget
    ✓ [  23.5s]  cut_qubit_prop
    ✓ [1194.3s]  cut_incremental_budget
    ✓ [1215.3s]  cut_incremental_qubit_prop

  11q / 9_Clifford+T_033
    ✓ [  30.4s]  cut_divided_budget
    ✓ [  24.1s]  cut_qubit_prop
    ✓ [1192.1s]  cut_incremental_budget
    ✓ [1206.4s]  cut_incremental_qubit_prop

========================================================================
