========================================================================
CUTTABLE CIRCUIT BENCHMARK RUN REPORT
Timestamp : 2026-06-18 09:45:30
========================================================================

DESIGN
------------------------------------------------------------------------
  Input        : valid_circuits.pkl produced by generate_and_cut.py
  Cut strategy : find_and_place_cuts + CutStrategy(min_free_wires=2)
  Ground truth : PennyLane default.qubit statevector (shots=None)
  Reconstruction: qcut_processing_fn (tensor contraction)
  Observable   : per-circuit Pauli string stored in CircuitSpec.observable
  Error        : |perf_exp_val - result|

CONFIGURATION
------------------------------------------------------------------------
  Shots (B)                 : 20000
  Noisy backend             : 'aer.fake_torino'
  Ideal backend             : 'aer.perfect'
  Simulator seed            : 42
  Output dir                : PosixPath('results/new/stable_shots_02/20000_shots/torino/12_qubits')
  2q-gate alpha             : 0.8
  Incr. batch shots         : 50
  Incr. threshold           : 0.03
  Incr. offset              : 3
  Incr. stability k         : 3
  Incr. stopping criterion  : 'delta'
  Incr. distance metric     : 'tvd'
  Incr. window size         : 3
  Incr. EWMA alpha          : 0.5
  Selected modes            : noisy_vanilla, cut_divided_budget, cut_qubit_prop, cut_incremental_budget, cut_incremental_qubit_prop

SUMMARY
------------------------------------------------------------------------
Total: 50  ok: 50  failed: 0

RESULTS BY CIRCUIT
------------------------------------------------------------------------
  12q / 0_Clifford+T_001
    ✓ [  19.7s]  noisy_vanilla
    ✓ [  27.7s]  cut_divided_budget
    ✓ [  19.1s]  cut_qubit_prop
    ✓ [ 627.0s]  cut_incremental_budget
    ✓ [ 760.7s]  cut_incremental_qubit_prop

  12q / 1_Clifford+T_002
    ✓ [  19.5s]  noisy_vanilla
    ✓ [ 159.4s]  cut_divided_budget
    ✓ [ 153.2s]  cut_qubit_prop
    ✓ [1084.8s]  cut_incremental_budget
    ✓ [1285.3s]  cut_incremental_qubit_prop

  12q / 2_Clifford+T_004
    ✓ [  19.9s]  noisy_vanilla
    ✓ [  57.1s]  cut_divided_budget
    ✓ [  45.7s]  cut_qubit_prop
    ✓ [ 550.2s]  cut_incremental_budget
    ✓ [ 717.8s]  cut_incremental_qubit_prop

  12q / 3_Clifford+T_006
    ✓ [  18.6s]  noisy_vanilla
    ✓ [  43.7s]  cut_divided_budget
    ✓ [  32.0s]  cut_qubit_prop
    ✓ [ 607.2s]  cut_incremental_budget
    ✓ [ 545.5s]  cut_incremental_qubit_prop

  12q / 4_Clifford+T_011
    ✓ [  20.8s]  noisy_vanilla
    ✓ [ 154.1s]  cut_divided_budget
    ✓ [ 152.7s]  cut_qubit_prop
    ✓ [1456.5s]  cut_incremental_budget
    ✓ [1113.3s]  cut_incremental_qubit_prop

  12q / 5_Clifford+T_013
    ✓ [  26.9s]  noisy_vanilla
    ✓ [ 139.0s]  cut_divided_budget
    ✓ [ 130.1s]  cut_qubit_prop
    ✓ [1611.4s]  cut_incremental_budget
    ✓ [1213.5s]  cut_incremental_qubit_prop

  12q / 6_Clifford+T_015
    ✓ [  19.1s]  noisy_vanilla
    ✓ [  42.8s]  cut_divided_budget
    ✓ [  31.2s]  cut_qubit_prop
    ✓ [ 650.3s]  cut_incremental_budget
    ✓ [ 601.4s]  cut_incremental_qubit_prop

  12q / 7_Clifford+T_019
    ✓ [  19.2s]  noisy_vanilla
    ✓ [  15.6s]  cut_divided_budget
    ✓ [   7.5s]  cut_qubit_prop
    ✓ [ 132.1s]  cut_incremental_budget
    ✓ [ 140.7s]  cut_incremental_qubit_prop

  12q / 8_Clifford+T_021
    ✓ [  16.1s]  noisy_vanilla
    ✓ [  43.6s]  cut_divided_budget
    ✓ [  31.4s]  cut_qubit_prop
    ✓ [ 583.8s]  cut_incremental_budget
    ✓ [ 365.6s]  cut_incremental_qubit_prop

  12q / 9_Clifford+T_025
    ✓ [   8.6s]  noisy_vanilla
    ✓ [  89.4s]  cut_divided_budget
    ✓ [ 115.1s]  cut_qubit_prop
    ✓ [1292.0s]  cut_incremental_budget
    ✓ [1639.7s]  cut_incremental_qubit_prop

========================================================================
