========================================================================
CUTTABLE CIRCUIT BENCHMARK RUN REPORT
Timestamp : 2026-06-17 18:33:07
========================================================================

DESIGN
------------------------------------------------------------------------
  Input        : valid_circuits.pkl produced by generate_and_cut.py
  Cut strategy : find_and_place_cuts + CutStrategy(min_free_wires=2)
  Ground truth : PennyLane default.qubit statevector (shots=None)
  Reconstruction: qcut_processing_fn (tensor contraction)
  Observable   : per-circuit Pauli string stored in CircuitSpec.observable
  Error        : |perf_exp_val - result|

CONFIGURATION
------------------------------------------------------------------------
  Shots (B)                 : 5000
  Noisy backend             : 'aer.fake_sherbrooke'
  Ideal backend             : 'aer.perfect'
  Simulator seed            : 42
  Output dir                : PosixPath('results/new/stable_shots3/5000_shots/sherbrooke/11_qubits')
  2q-gate alpha             : 0.8
  Incr. batch shots         : 50
  Incr. threshold           : 0.05
  Incr. offset              : 3
  Incr. stability k         : 5
  Incr. stopping criterion  : 'delta'
  Incr. distance metric     : 'tvd'
  Incr. window size         : 3
  Incr. EWMA alpha          : 0.5
  Selected modes            : noisy_vanilla, cut_divided_budget, cut_qubit_prop, cut_incremental_budget, cut_incremental_qubit_prop

SUMMARY
------------------------------------------------------------------------
Total: 50  ok: 50  failed: 0

RESULTS BY CIRCUIT
------------------------------------------------------------------------
  11q / 0_Clifford+T_001
    ✓ [   3.3s]  noisy_vanilla
    ✓ [  52.4s]  cut_divided_budget
    ✓ [  41.0s]  cut_qubit_prop
    ✓ [ 272.9s]  cut_incremental_budget
    ✓ [ 243.2s]  cut_incremental_qubit_prop

  11q / 1_Clifford+T_002
    ✓ [   5.7s]  noisy_vanilla
    ✓ [  80.5s]  cut_divided_budget
    ✓ [  69.0s]  cut_qubit_prop
    ✓ [ 227.5s]  cut_incremental_budget
    ✓ [ 199.1s]  cut_incremental_qubit_prop

  11q / 2_Clifford+T_011
    ✓ [   6.1s]  noisy_vanilla
    ✓ [  26.8s]  cut_divided_budget
    ✓ [  17.1s]  cut_qubit_prop
    ✓ [ 204.6s]  cut_incremental_budget
    ✓ [ 223.8s]  cut_incremental_qubit_prop

  11q / 3_Clifford+T_015
    ✓ [   5.4s]  noisy_vanilla
    ✓ [  28.2s]  cut_divided_budget
    ✓ [  17.1s]  cut_qubit_prop
    ✓ [ 212.1s]  cut_incremental_budget
    ✓ [ 222.6s]  cut_incremental_qubit_prop

  11q / 4_Clifford+T_017
    ✓ [   5.5s]  noisy_vanilla
    ✓ [  23.6s]  cut_divided_budget
    ✓ [  17.0s]  cut_qubit_prop
    ✓ [ 184.1s]  cut_incremental_budget
    ✓ [ 161.6s]  cut_incremental_qubit_prop

  11q / 5_Clifford+T_025
    ✓ [   5.6s]  noisy_vanilla
    ✓ [  23.0s]  cut_divided_budget
    ✓ [  16.8s]  cut_qubit_prop
    ✓ [ 179.6s]  cut_incremental_budget
    ✓ [ 196.8s]  cut_incremental_qubit_prop

  11q / 6_Clifford+T_026
    ✓ [   6.1s]  noisy_vanilla
    ✓ [  30.4s]  cut_divided_budget
    ✓ [  19.7s]  cut_qubit_prop
    ✓ [ 198.7s]  cut_incremental_budget
    ✓ [ 205.3s]  cut_incremental_qubit_prop

  11q / 7_Clifford+T_029
    ✓ [  18.9s]  noisy_vanilla
    ✓ [  22.1s]  cut_divided_budget
    ✓ [  15.7s]  cut_qubit_prop
    ✓ [ 183.7s]  cut_incremental_budget
    ✓ [ 212.9s]  cut_incremental_qubit_prop

  11q / 8_Clifford+T_030
    ✓ [   5.6s]  noisy_vanilla
    ✓ [  27.8s]  cut_divided_budget
    ✓ [  16.4s]  cut_qubit_prop
    ✓ [ 175.5s]  cut_incremental_budget
    ✓ [ 160.0s]  cut_incremental_qubit_prop

  11q / 9_Clifford+T_033
    ✓ [   5.3s]  noisy_vanilla
    ✓ [  23.1s]  cut_divided_budget
    ✓ [  16.8s]  cut_qubit_prop
    ✓ [ 192.1s]  cut_incremental_budget
    ✓ [ 148.9s]  cut_incremental_qubit_prop

========================================================================
