========================================================================
CUTTABLE CIRCUIT BENCHMARK RUN REPORT
Timestamp : 2026-06-15 22:32:22
========================================================================

DESIGN
------------------------------------------------------------------------
  Input        : valid_circuits.pkl produced by generate_and_cut.py
  Cut strategy : find_and_place_cuts + CutStrategy(min_free_wires=2)
  Ground truth : PennyLane default.qubit statevector (shots=None)
  Reconstruction: qcut_processing_fn (tensor contraction)
  Observable   : per-circuit Pauli string stored in CircuitSpec.observable
  Error        : |perf_exp_val - result|

CONFIGURATION
------------------------------------------------------------------------
  Shots (B)                 : 10000
  Noisy backend             : 'aer.fake_sherbrooke'
  Ideal backend             : 'aer.perfect'
  Simulator seed            : 42
  Output dir                : PosixPath('results/new/stable_shots_runs02_10-14q_no_vanilla/10000_shots/sherbrooke/14_qubits')
  2q-gate alpha             : 0.8
  Incr. batch shots         : 50
  Incr. threshold           : 0.005
  Incr. offset              : 3
  Incr. stability k         : 5
  Incr. stopping criterion  : 'delta'
  Incr. distance metric     : 'tvd'
  Incr. window size         : 3
  Incr. EWMA alpha          : 0.5
  Selected modes            : cut_divided_budget, cut_qubit_prop, cut_incremental_budget, cut_incremental_qubit_prop

SUMMARY
------------------------------------------------------------------------
Total: 40  ok: 40  failed: 0

RESULTS BY CIRCUIT
------------------------------------------------------------------------
  14q / 0_Clifford+T_001
    ✓ [  55.8s]  cut_divided_budget
    ✓ [  54.7s]  cut_qubit_prop
    ✓ [ 297.2s]  cut_incremental_budget
    ✓ [ 282.5s]  cut_incremental_qubit_prop

  14q / 1_Clifford+T_011
    ✓ [  48.7s]  cut_divided_budget
    ✓ [  43.1s]  cut_qubit_prop
    ✓ [ 305.4s]  cut_incremental_budget
    ✓ [ 285.3s]  cut_incremental_qubit_prop

  14q / 2_Clifford+T_012
    ✓ [  27.1s]  cut_divided_budget
    ✓ [  26.3s]  cut_qubit_prop
    ✓ [ 280.2s]  cut_incremental_budget
    ✓ [ 302.3s]  cut_incremental_qubit_prop

  14q / 3_Clifford+T_014
    ✓ [  36.8s]  cut_divided_budget
    ✓ [  42.7s]  cut_qubit_prop
    ✓ [ 267.6s]  cut_incremental_budget
    ✓ [ 306.6s]  cut_incremental_qubit_prop

  14q / 4_Clifford+T_015
    ✓ [  39.5s]  cut_divided_budget
    ✓ [  31.6s]  cut_qubit_prop
    ✓ [ 311.2s]  cut_incremental_budget
    ✓ [ 301.9s]  cut_incremental_qubit_prop

  14q / 5_Clifford+T_016
    ✓ [  16.8s]  cut_divided_budget
    ✓ [  10.3s]  cut_qubit_prop
    ✓ [ 257.7s]  cut_incremental_budget
    ✓ [ 271.9s]  cut_incremental_qubit_prop

  14q / 6_Clifford+T_018
    ✓ [  17.8s]  cut_divided_budget
    ✓ [  10.2s]  cut_qubit_prop
    ✓ [ 260.5s]  cut_incremental_budget
    ✓ [ 268.8s]  cut_incremental_qubit_prop

  14q / 7_Clifford+T_019
    ✓ [  28.3s]  cut_divided_budget
    ✓ [  28.1s]  cut_qubit_prop
    ✓ [ 248.3s]  cut_incremental_budget
    ✓ [ 284.0s]  cut_incremental_qubit_prop

  14q / 8_Clifford+T_022
    ✓ [  34.7s]  cut_divided_budget
    ✓ [  43.8s]  cut_qubit_prop
    ✓ [ 247.3s]  cut_incremental_budget
    ✓ [ 301.6s]  cut_incremental_qubit_prop

  14q / 9_Clifford+T_026
    ✓ [  16.4s]  cut_divided_budget
    ✓ [  10.0s]  cut_qubit_prop
    ✓ [ 252.8s]  cut_incremental_budget
    ✓ [ 254.4s]  cut_incremental_qubit_prop

========================================================================
