========================================================================
CUTTABLE CIRCUIT BENCHMARK RUN REPORT
Timestamp : 2026-04-29 12:47:53
========================================================================

DESIGN
------------------------------------------------------------------------
  Input        : valid_circuits.pkl produced by generate_and_cut.py
  Cut strategy : find_and_place_cuts + CutStrategy(min_free_wires=2)
  Ground truth : PennyLane default.qubit statevector (shots=None)
  Reconstruction: qcut_processing_fn (tensor contraction)
  Observable   : per-circuit Pauli string stored in CircuitSpec.observable
  Error        : |perf_exp_val - result|

CONFIGURATION
------------------------------------------------------------------------
  Shots (B)                 : 20000
  Noisy backend             : 'aer.fake_torino'
  Ideal backend             : 'aer.perfect'
  Simulator seed            : 42
  Output dir                : PosixPath('results/20k_ewma_03/07_qubits')
  2q-gate alpha             : 0.8
  Incr. batch shots         : 50
  Incr. threshold           : 0.01
  Incr. offset              : 3
  Incr. stability k         : 5
  Incr. stopping criterion  : 'ewma'
  Incr. distance metric     : 'tvd'
  Incr. window size         : 3
  Incr. EWMA alpha          : 0.3
  Selected modes            : noisy_vanilla, cut_divided_budget, cut_qubit_prop, cut_incremental_budget, cut_incremental_qubit_prop

SUMMARY
------------------------------------------------------------------------
Total: 50  ok: 50  failed: 0

RESULTS BY CIRCUIT
------------------------------------------------------------------------
  7q / 0_Clifford+T_004
    ✓ [   4.0s]  noisy_vanilla
    ✓ [  97.2s]  cut_divided_budget
    ✓ [  79.0s]  cut_qubit_prop
    ✓ [ 829.7s]  cut_incremental_budget
    ✓ [ 837.2s]  cut_incremental_qubit_prop

  7q / 1_Clifford+T_022
    ✓ [   3.9s]  noisy_vanilla
    ✓ [  89.5s]  cut_divided_budget
    ✓ [  74.4s]  cut_qubit_prop
    ✓ [ 776.4s]  cut_incremental_budget
    ✓ [ 793.8s]  cut_incremental_qubit_prop

  7q / 2_QuantumVolume_042
    ✓ [   4.4s]  noisy_vanilla
    ✓ [ 404.5s]  cut_divided_budget
    ✓ [  89.1s]  cut_qubit_prop
    ✓ [ 817.5s]  cut_incremental_budget
    ✓ [ 750.6s]  cut_incremental_qubit_prop

  7q / 3_Clifford+T_070
    ✓ [   2.1s]  noisy_vanilla
    ✓ [  84.5s]  cut_divided_budget
    ✓ [  75.1s]  cut_qubit_prop
    ✓ [ 849.5s]  cut_incremental_budget
    ✓ [ 804.3s]  cut_incremental_qubit_prop

  7q / 4_QuantumVolume_096
    ✓ [   2.2s]  noisy_vanilla
    ✓ [ 463.8s]  cut_divided_budget
    ✓ [  92.4s]  cut_qubit_prop
    ✓ [ 844.8s]  cut_incremental_budget
    ✓ [ 719.9s]  cut_incremental_qubit_prop

  7q / 5_HEA_099
    ✓ [   2.0s]  noisy_vanilla
    ✓ [  95.3s]  cut_divided_budget
    ✓ [  70.9s]  cut_qubit_prop
    ✓ [ 716.4s]  cut_incremental_budget
    ✓ [ 763.2s]  cut_incremental_qubit_prop

  7q / 6_QuantumVolume_102
    ✓ [   2.3s]  noisy_vanilla
    ✓ [ 378.6s]  cut_divided_budget
    ✓ [  83.9s]  cut_qubit_prop
    ✓ [ 777.7s]  cut_incremental_budget
    ✓ [ 642.0s]  cut_incremental_qubit_prop

  7q / 7_Clifford+T_148
    ✓ [   2.2s]  noisy_vanilla
    ✓ [  77.1s]  cut_divided_budget
    ✓ [  67.9s]  cut_qubit_prop
    ✓ [ 695.6s]  cut_incremental_budget
    ✓ [ 655.5s]  cut_incremental_qubit_prop

  7q / 8_QuantumVolume_174
    ✓ [   2.5s]  noisy_vanilla
    ✓ [ 364.9s]  cut_divided_budget
    ✓ [  68.3s]  cut_qubit_prop
    ✓ [ 681.5s]  cut_incremental_budget
    ✓ [ 680.4s]  cut_incremental_qubit_prop

  7q / 9_Clifford+T_178
    ✓ [   2.2s]  noisy_vanilla
    ✓ [  75.6s]  cut_divided_budget
    ✓ [  68.5s]  cut_qubit_prop
    ✓ [ 693.7s]  cut_incremental_budget
    ✓ [ 663.6s]  cut_incremental_qubit_prop

========================================================================
