========================================================================
CUTTABLE CIRCUIT BENCHMARK RUN REPORT
Timestamp : 2026-05-19 09:44:41
========================================================================

DESIGN
------------------------------------------------------------------------
  Input        : valid_circuits.pkl produced by generate_and_cut.py
  Cut strategy : find_and_place_cuts + CutStrategy(min_free_wires=2)
  Ground truth : PennyLane default.qubit statevector (shots=None)
  Reconstruction: qcut_processing_fn (tensor contraction)
  Observable   : per-circuit Pauli string stored in CircuitSpec.observable
  Error        : |perf_exp_val - result|

CONFIGURATION
------------------------------------------------------------------------
  Shots (B)                 : 30000
  Noisy backend             : 'aer.fake_torino'
  Ideal backend             : 'aer.perfect'
  Simulator seed            : 42
  Output dir                : PosixPath('results/clif/20k_ewma_01/15_qubits')
  2q-gate alpha             : 0.8
  Incr. batch shots         : 50
  Incr. threshold           : 0.01
  Incr. offset              : 3
  Incr. stability k         : 3
  Incr. stopping criterion  : 'ewma'
  Incr. distance metric     : 'tvd'
  Incr. window size         : 3
  Incr. EWMA alpha          : 0.5
  Selected modes            : noisy_vanilla, cut_divided_budget, cut_qubit_prop, cut_incremental_budget, cut_incremental_qubit_prop

SUMMARY
------------------------------------------------------------------------
Total: 50  ok: 50  failed: 0

RESULTS BY CIRCUIT
------------------------------------------------------------------------
  15q / 0_Clifford+T_003
    ✓ [  46.8s]  noisy_vanilla
    ✓ [  30.3s]  cut_divided_budget
    ✓ [  20.3s]  cut_qubit_prop
    ✓ [ 173.6s]  cut_incremental_budget
    ✓ [ 150.9s]  cut_incremental_qubit_prop

  15q / 1_Clifford+T_009
    ✓ [  46.0s]  noisy_vanilla
    ✓ [  30.9s]  cut_divided_budget
    ✓ [  24.5s]  cut_qubit_prop
    ✓ [ 217.1s]  cut_incremental_budget
    ✓ [ 191.8s]  cut_incremental_qubit_prop

  15q / 2_Clifford+T_011
    ✓ [  47.3s]  noisy_vanilla
    ✓ [  28.8s]  cut_divided_budget
    ✓ [  21.2s]  cut_qubit_prop
    ✓ [ 157.8s]  cut_incremental_budget
    ✓ [ 208.1s]  cut_incremental_qubit_prop

  15q / 3_Clifford+T_015
    ✓ [  53.8s]  noisy_vanilla
    ✓ [ 114.4s]  cut_divided_budget
    ✓ [  98.5s]  cut_qubit_prop
    ✓ [ 733.4s]  cut_incremental_budget
    ✓ [ 742.5s]  cut_incremental_qubit_prop

  15q / 4_Clifford+T_016
    ✓ [  48.6s]  noisy_vanilla
    ✓ [  28.1s]  cut_divided_budget
    ✓ [  21.0s]  cut_qubit_prop
    ✓ [ 176.5s]  cut_incremental_budget
    ✓ [ 188.8s]  cut_incremental_qubit_prop

  15q / 5_Clifford+T_018
    ✓ [  50.7s]  noisy_vanilla
    ✓ [  32.0s]  cut_divided_budget
    ✓ [  23.4s]  cut_qubit_prop
    ✓ [ 204.0s]  cut_incremental_budget
    ✓ [ 184.4s]  cut_incremental_qubit_prop

  15q / 6_Clifford+T_022
    ✓ [  47.7s]  noisy_vanilla
    ✓ [  34.7s]  cut_divided_budget
    ✓ [  24.8s]  cut_qubit_prop
    ✓ [ 178.7s]  cut_incremental_budget
    ✓ [ 169.5s]  cut_incremental_qubit_prop

  15q / 7_Clifford+T_023
    ✓ [  46.1s]  noisy_vanilla
    ✓ [  32.6s]  cut_divided_budget
    ✓ [  20.6s]  cut_qubit_prop
    ✓ [ 172.6s]  cut_incremental_budget
    ✓ [ 172.8s]  cut_incremental_qubit_prop

  15q / 8_Clifford+T_024
    ✓ [  53.4s]  noisy_vanilla
    ✓ [  32.7s]  cut_divided_budget
    ✓ [  28.6s]  cut_qubit_prop
    ✓ [ 156.4s]  cut_incremental_budget
    ✓ [ 163.6s]  cut_incremental_qubit_prop

  15q / 9_Clifford+T_026
    ✓ [  50.8s]  noisy_vanilla
    ✓ [  38.0s]  cut_divided_budget
    ✓ [  33.7s]  cut_qubit_prop
    ✓ [ 156.7s]  cut_incremental_budget
    ✓ [ 180.8s]  cut_incremental_qubit_prop

========================================================================
