========================================================================
CUTTABLE CIRCUIT BENCHMARK RUN REPORT
Timestamp : 2026-06-15 21:43:09
========================================================================

DESIGN
------------------------------------------------------------------------
  Input        : valid_circuits.pkl produced by generate_and_cut.py
  Cut strategy : find_and_place_cuts + CutStrategy(min_free_wires=2)
  Ground truth : PennyLane default.qubit statevector (shots=None)
  Reconstruction: qcut_processing_fn (tensor contraction)
  Observable   : per-circuit Pauli string stored in CircuitSpec.observable
  Error        : |perf_exp_val - result|

CONFIGURATION
------------------------------------------------------------------------
  Shots (B)                 : 10000
  Noisy backend             : 'aer.fake_torino'
  Ideal backend             : 'aer.perfect'
  Simulator seed            : 42
  Output dir                : PosixPath('results/new/stable_shots_runs02_10-14q_no_vanilla/10000_shots/torino/14_qubits')
  2q-gate alpha             : 0.8
  Incr. batch shots         : 50
  Incr. threshold           : 0.005
  Incr. offset              : 3
  Incr. stability k         : 5
  Incr. stopping criterion  : 'delta'
  Incr. distance metric     : 'tvd'
  Incr. window size         : 3
  Incr. EWMA alpha          : 0.5
  Selected modes            : cut_divided_budget, cut_qubit_prop, cut_incremental_budget, cut_incremental_qubit_prop

SUMMARY
------------------------------------------------------------------------
Total: 40  ok: 40  failed: 0

RESULTS BY CIRCUIT
------------------------------------------------------------------------
  14q / 0_Clifford+T_001
    ✓ [  92.3s]  cut_divided_budget
    ✓ [  89.8s]  cut_qubit_prop
    ✓ [ 540.9s]  cut_incremental_budget
    ✓ [ 513.3s]  cut_incremental_qubit_prop

  14q / 1_Clifford+T_011
    ✓ [  85.6s]  cut_divided_budget
    ✓ [  80.0s]  cut_qubit_prop
    ✓ [ 550.2s]  cut_incremental_budget
    ✓ [ 511.5s]  cut_incremental_qubit_prop

  14q / 2_Clifford+T_012
    ✓ [  35.5s]  cut_divided_budget
    ✓ [  34.2s]  cut_qubit_prop
    ✓ [ 489.8s]  cut_incremental_budget
    ✓ [ 508.0s]  cut_incremental_qubit_prop

  14q / 3_Clifford+T_014
    ✓ [  45.2s]  cut_divided_budget
    ✓ [  50.7s]  cut_qubit_prop
    ✓ [ 483.5s]  cut_incremental_budget
    ✓ [ 521.8s]  cut_incremental_qubit_prop

  14q / 4_Clifford+T_015
    ✓ [  39.4s]  cut_divided_budget
    ✓ [  32.4s]  cut_qubit_prop
    ✓ [ 517.2s]  cut_incremental_budget
    ✓ [ 540.1s]  cut_incremental_qubit_prop

  14q / 5_Clifford+T_016
    ✓ [  25.2s]  cut_divided_budget
    ✓ [  18.5s]  cut_qubit_prop
    ✓ [ 477.4s]  cut_incremental_budget
    ✓ [ 495.2s]  cut_incremental_qubit_prop

  14q / 6_Clifford+T_018
    ✓ [  26.1s]  cut_divided_budget
    ✓ [  18.4s]  cut_qubit_prop
    ✓ [ 475.3s]  cut_incremental_budget
    ✓ [ 488.0s]  cut_incremental_qubit_prop

  14q / 7_Clifford+T_019
    ✓ [  36.8s]  cut_divided_budget
    ✓ [  36.3s]  cut_qubit_prop
    ✓ [ 471.6s]  cut_incremental_budget
    ✓ [ 515.0s]  cut_incremental_qubit_prop

  14q / 8_Clifford+T_022
    ✓ [  34.7s]  cut_divided_budget
    ✓ [  34.2s]  cut_qubit_prop
    ✓ [ 487.0s]  cut_incremental_budget
    ✓ [ 510.7s]  cut_incremental_qubit_prop

  14q / 9_Clifford+T_026
    ✓ [  24.8s]  cut_divided_budget
    ✓ [  18.7s]  cut_qubit_prop
    ✓ [ 488.0s]  cut_incremental_budget
    ✓ [ 488.8s]  cut_incremental_qubit_prop

========================================================================
