========================================================================
CUTTABLE CIRCUIT BENCHMARK RUN REPORT
Timestamp : 2026-06-18 00:21:32
========================================================================

DESIGN
------------------------------------------------------------------------
  Input        : valid_circuits.pkl produced by generate_and_cut.py
  Cut strategy : find_and_place_cuts + CutStrategy(min_free_wires=2)
  Ground truth : PennyLane default.qubit statevector (shots=None)
  Reconstruction: qcut_processing_fn (tensor contraction)
  Observable   : per-circuit Pauli string stored in CircuitSpec.observable
  Error        : |perf_exp_val - result|

CONFIGURATION
------------------------------------------------------------------------
  Shots (B)                 : 10000
  Noisy backend             : 'aer.fake_sherbrooke'
  Ideal backend             : 'aer.perfect'
  Simulator seed            : 42
  Output dir                : PosixPath('results/new/stable_shots3/10000_shots/sherbrooke/11_qubits')
  2q-gate alpha             : 0.8
  Incr. batch shots         : 50
  Incr. threshold           : 0.05
  Incr. offset              : 3
  Incr. stability k         : 5
  Incr. stopping criterion  : 'delta'
  Incr. distance metric     : 'tvd'
  Incr. window size         : 3
  Incr. EWMA alpha          : 0.5
  Selected modes            : noisy_vanilla, cut_divided_budget, cut_qubit_prop, cut_incremental_budget, cut_incremental_qubit_prop

SUMMARY
------------------------------------------------------------------------
Total: 50  ok: 50  failed: 0

RESULTS BY CIRCUIT
------------------------------------------------------------------------
  11q / 0_Clifford+T_001
    ✓ [   3.3s]  noisy_vanilla
    ✓ [  51.4s]  cut_divided_budget
    ✓ [  39.6s]  cut_qubit_prop
    ✓ [ 304.9s]  cut_incremental_budget
    ✓ [ 285.7s]  cut_incremental_qubit_prop

  11q / 1_Clifford+T_002
    ✓ [   2.9s]  noisy_vanilla
    ✓ [  51.7s]  cut_divided_budget
    ✓ [  41.2s]  cut_qubit_prop
    ✓ [ 297.5s]  cut_incremental_budget
    ✓ [ 281.3s]  cut_incremental_qubit_prop

  11q / 2_Clifford+T_011
    ✓ [   3.3s]  noisy_vanilla
    ✓ [  24.3s]  cut_divided_budget
    ✓ [  17.4s]  cut_qubit_prop
    ✓ [ 318.6s]  cut_incremental_budget
    ✓ [ 289.0s]  cut_incremental_qubit_prop

  11q / 3_Clifford+T_015
    ✓ [   2.9s]  noisy_vanilla
    ✓ [  17.1s]  cut_divided_budget
    ✓ [  10.1s]  cut_qubit_prop
    ✓ [ 173.5s]  cut_incremental_budget
    ✓ [ 225.2s]  cut_incremental_qubit_prop

  11q / 4_Clifford+T_017
    ✓ [   5.5s]  noisy_vanilla
    ✓ [  23.4s]  cut_divided_budget
    ✓ [  17.3s]  cut_qubit_prop
    ✓ [ 207.1s]  cut_incremental_budget
    ✓ [ 199.6s]  cut_incremental_qubit_prop

  11q / 5_Clifford+T_025
    ✓ [   5.0s]  noisy_vanilla
    ✓ [  23.0s]  cut_divided_budget
    ✓ [  16.9s]  cut_qubit_prop
    ✓ [ 216.4s]  cut_incremental_budget
    ✓ [ 226.7s]  cut_incremental_qubit_prop

  11q / 6_Clifford+T_026
    ✓ [   6.1s]  noisy_vanilla
    ✓ [  27.5s]  cut_divided_budget
    ✓ [  20.0s]  cut_qubit_prop
    ✓ [ 303.5s]  cut_incremental_budget
    ✓ [ 372.5s]  cut_incremental_qubit_prop

  11q / 7_Clifford+T_029
    ✓ [   3.4s]  noisy_vanilla
    ✓ [  17.0s]  cut_divided_budget
    ✓ [  10.0s]  cut_qubit_prop
    ✓ [ 140.4s]  cut_incremental_budget
    ✓ [ 174.7s]  cut_incremental_qubit_prop

  11q / 8_Clifford+T_030
    ✓ [   5.6s]  noisy_vanilla
    ✓ [  27.4s]  cut_divided_budget
    ✓ [  16.4s]  cut_qubit_prop
    ✓ [ 185.0s]  cut_incremental_budget
    ✓ [ 184.4s]  cut_incremental_qubit_prop

  11q / 9_Clifford+T_033
    ✓ [   5.3s]  noisy_vanilla
    ✓ [  27.9s]  cut_divided_budget
    ✓ [  16.7s]  cut_qubit_prop
    ✓ [ 211.9s]  cut_incremental_budget
    ✓ [ 210.1s]  cut_incremental_qubit_prop

========================================================================
