========================================================================
CUTTABLE CIRCUIT BENCHMARK RUN REPORT
Timestamp : 2026-04-27 18:39:33
========================================================================

DESIGN
------------------------------------------------------------------------
  Input        : valid_circuits.pkl produced by generate_and_cut.py
  Cut strategy : find_and_place_cuts + CutStrategy(min_free_wires=2)
  Ground truth : PennyLane default.qubit statevector (shots=None)
  Reconstruction: qcut_processing_fn (tensor contraction)
  Observable   : per-circuit Pauli string stored in CircuitSpec.observable
  Error        : |perf_exp_val - result|

CONFIGURATION
------------------------------------------------------------------------
  Shots (B)                 : 20000
  Noisy backend             : 'aer.fake_torino'
  Ideal backend             : 'aer.perfect'
  Simulator seed            : 42
  Output dir                : PosixPath('results/20k_ewma_01/07_qubits')
  2q-gate alpha             : 0.8
  Incr. batch shots         : 50
  Incr. threshold           : 0.02
  Incr. offset              : 2
  Incr. stability k         : 5
  Incr. stopping criterion  : 'ewma'
  Incr. distance metric     : 'tvd'
  Incr. window size         : 3
  Incr. EWMA alpha          : 0.5
  Selected modes            : noisy_vanilla, cut_divided_budget, cut_qubit_prop, cut_incremental_budget, cut_incremental_qubit_prop

SUMMARY
------------------------------------------------------------------------
Total: 50  ok: 50  failed: 0

RESULTS BY CIRCUIT
------------------------------------------------------------------------
  7q / 0_Clifford+T_004
    ✓ [   2.8s]  noisy_vanilla
    ✓ [  83.3s]  cut_divided_budget
    ✓ [  84.9s]  cut_qubit_prop
    ✓ [ 756.0s]  cut_incremental_budget
    ✓ [ 690.5s]  cut_incremental_qubit_prop

  7q / 1_Clifford+T_022
    ✓ [   2.3s]  noisy_vanilla
    ✓ [ 107.3s]  cut_divided_budget
    ✓ [  71.7s]  cut_qubit_prop
    ✓ [ 692.6s]  cut_incremental_budget
    ✓ [ 660.3s]  cut_incremental_qubit_prop

  7q / 2_QuantumVolume_042
    ✓ [   2.4s]  noisy_vanilla
    ✓ [ 372.8s]  cut_divided_budget
    ✓ [  72.4s]  cut_qubit_prop
    ✓ [ 720.9s]  cut_incremental_budget
    ✓ [ 627.5s]  cut_incremental_qubit_prop

  7q / 3_Clifford+T_070
    ✓ [   2.5s]  noisy_vanilla
    ✓ [  75.8s]  cut_divided_budget
    ✓ [  68.3s]  cut_qubit_prop
    ✓ [ 634.8s]  cut_incremental_budget
    ✓ [ 705.8s]  cut_incremental_qubit_prop

  7q / 4_QuantumVolume_096
    ✓ [   2.1s]  noisy_vanilla
    ✓ [ 462.3s]  cut_divided_budget
    ✓ [ 106.4s]  cut_qubit_prop
    ✓ [ 715.5s]  cut_incremental_budget
    ✓ [ 618.5s]  cut_incremental_qubit_prop

  7q / 5_HEA_099
    ✓ [   2.2s]  noisy_vanilla
    ✓ [  85.2s]  cut_divided_budget
    ✓ [  67.1s]  cut_qubit_prop
    ✓ [ 630.1s]  cut_incremental_budget
    ✓ [ 610.7s]  cut_incremental_qubit_prop

  7q / 6_QuantumVolume_102
    ✓ [   2.6s]  noisy_vanilla
    ✓ [ 352.8s]  cut_divided_budget
    ✓ [  76.7s]  cut_qubit_prop
    ✓ [ 616.4s]  cut_incremental_budget
    ✓ [ 594.3s]  cut_incremental_qubit_prop

  7q / 7_Clifford+T_148
    ✓ [   2.3s]  noisy_vanilla
    ✓ [  80.6s]  cut_divided_budget
    ✓ [  68.8s]  cut_qubit_prop
    ✓ [ 631.8s]  cut_incremental_budget
    ✓ [ 632.8s]  cut_incremental_qubit_prop

  7q / 8_QuantumVolume_174
    ✓ [   2.3s]  noisy_vanilla
    ✓ [ 393.0s]  cut_divided_budget
    ✓ [  74.5s]  cut_qubit_prop
    ✓ [ 615.2s]  cut_incremental_budget
    ✓ [ 638.8s]  cut_incremental_qubit_prop

  7q / 9_Clifford+T_178
    ✓ [   2.2s]  noisy_vanilla
    ✓ [  76.8s]  cut_divided_budget
    ✓ [  70.7s]  cut_qubit_prop
    ✓ [ 638.1s]  cut_incremental_budget
    ✓ [ 623.7s]  cut_incremental_qubit_prop

========================================================================
