========================================================================
CUTTABLE CIRCUIT BENCHMARK RUN REPORT
Timestamp : 2026-06-12 20:11:26
========================================================================

DESIGN
------------------------------------------------------------------------
  Input        : valid_circuits.pkl produced by generate_and_cut.py
  Cut strategy : find_and_place_cuts + CutStrategy(min_free_wires=2)
  Ground truth : PennyLane default.qubit statevector (shots=None)
  Reconstruction: qcut_processing_fn (tensor contraction)
  Observable   : per-circuit Pauli string stored in CircuitSpec.observable
  Error        : |perf_exp_val - result|

CONFIGURATION
------------------------------------------------------------------------
  Shots (B)                 : 10000
  Noisy backend             : 'aer.fake_torino'
  Ideal backend             : 'aer.perfect'
  Simulator seed            : 42
  Output dir                : PosixPath('results/new/stable_shots_runs_10-14q_no_vanilla/10000_shots/torino/10_qubits')
  2q-gate alpha             : 0.8
  Incr. batch shots         : 50
  Incr. threshold           : 0.0005
  Incr. offset              : 2
  Incr. stability k         : 5
  Incr. stopping criterion  : 'delta'
  Incr. distance metric     : 'tvd'
  Incr. window size         : 3
  Incr. EWMA alpha          : 0.5
  Selected modes            : cut_divided_budget, cut_qubit_prop, cut_incremental_budget, cut_incremental_qubit_prop

SUMMARY
------------------------------------------------------------------------
Total: 40  ok: 40  failed: 0

RESULTS BY CIRCUIT
------------------------------------------------------------------------
  10q / 0_Clifford+T_001
    ✓ [ 102.6s]  cut_divided_budget
    ✓ [  95.5s]  cut_qubit_prop
    ✓ [ 656.4s]  cut_incremental_budget
    ✓ [ 665.7s]  cut_incremental_qubit_prop

  10q / 1_Clifford+T_004
    ✓ [  30.9s]  cut_divided_budget
    ✓ [  23.9s]  cut_qubit_prop
    ✓ [ 586.8s]  cut_incremental_budget
    ✓ [ 608.7s]  cut_incremental_qubit_prop

  10q / 2_Clifford+T_008
    ✓ [ 102.7s]  cut_divided_budget
    ✓ [  95.0s]  cut_qubit_prop
    ✓ [ 661.4s]  cut_incremental_budget
    ✓ [ 669.6s]  cut_incremental_qubit_prop

  10q / 3_Clifford+T_015
    ✓ [  29.9s]  cut_divided_budget
    ✓ [  23.8s]  cut_qubit_prop
    ✓ [ 591.5s]  cut_incremental_budget
    ✓ [ 609.7s]  cut_incremental_qubit_prop

  10q / 4_Clifford+T_024
    ✓ [ 104.1s]  cut_divided_budget
    ✓ [  96.2s]  cut_qubit_prop
    ✓ [ 666.2s]  cut_incremental_budget
    ✓ [ 675.7s]  cut_incremental_qubit_prop

  10q / 5_Clifford+T_026
    ✓ [ 101.8s]  cut_divided_budget
    ✓ [  93.0s]  cut_qubit_prop
    ✓ [ 670.2s]  cut_incremental_budget
    ✓ [ 670.7s]  cut_incremental_qubit_prop

  10q / 6_Clifford+T_032
    ✓ [  31.0s]  cut_divided_budget
    ✓ [  24.1s]  cut_qubit_prop
    ✓ [ 595.2s]  cut_incremental_budget
    ✓ [ 616.8s]  cut_incremental_qubit_prop

  10q / 7_Clifford+T_033
    ✓ [  31.0s]  cut_divided_budget
    ✓ [  24.0s]  cut_qubit_prop
    ✓ [ 597.0s]  cut_incremental_budget
    ✓ [ 617.7s]  cut_incremental_qubit_prop

  10q / 8_Clifford+T_039
    ✓ [ 104.2s]  cut_divided_budget
    ✓ [  97.4s]  cut_qubit_prop
    ✓ [ 669.6s]  cut_incremental_budget
    ✓ [ 680.7s]  cut_incremental_qubit_prop

  10q / 9_Clifford+T_041
    ✓ [  30.2s]  cut_divided_budget
    ✓ [  23.9s]  cut_qubit_prop
    ✓ [ 599.1s]  cut_incremental_budget
    ✓ [ 611.4s]  cut_incremental_qubit_prop

========================================================================
