========================================================================
CUTTABLE CIRCUIT BENCHMARK RUN REPORT
Timestamp : 2026-06-18 12:28:12
========================================================================

DESIGN
------------------------------------------------------------------------
  Input        : valid_circuits.pkl produced by generate_and_cut.py
  Cut strategy : find_and_place_cuts + CutStrategy(min_free_wires=2)
  Ground truth : PennyLane default.qubit statevector (shots=None)
  Reconstruction: qcut_processing_fn (tensor contraction)
  Observable   : per-circuit Pauli string stored in CircuitSpec.observable
  Error        : |perf_exp_val - result|

CONFIGURATION
------------------------------------------------------------------------
  Shots (B)                 : 20000
  Noisy backend             : 'aer.fake_torino'
  Ideal backend             : 'aer.perfect'
  Simulator seed            : 42
  Output dir                : PosixPath('results/new/stable_shots_02/20000_shots/torino/16_qubits')
  2q-gate alpha             : 0.8
  Incr. batch shots         : 50
  Incr. threshold           : 0.03
  Incr. offset              : 3
  Incr. stability k         : 3
  Incr. stopping criterion  : 'delta'
  Incr. distance metric     : 'tvd'
  Incr. window size         : 3
  Incr. EWMA alpha          : 0.5
  Selected modes            : noisy_vanilla, cut_divided_budget, cut_qubit_prop, cut_incremental_budget, cut_incremental_qubit_prop

SUMMARY
------------------------------------------------------------------------
Total: 50  ok: 50  failed: 0

RESULTS BY CIRCUIT
------------------------------------------------------------------------
  16q / 0_Clifford+T_002
    ✓ [1326.1s]  noisy_vanilla
    ✓ [  44.4s]  cut_divided_budget
    ✓ [  32.0s]  cut_qubit_prop
    ✓ [ 540.5s]  cut_incremental_budget
    ✓ [ 552.6s]  cut_incremental_qubit_prop

  16q / 1_Clifford+T_008
    ✓ [1292.7s]  noisy_vanilla
    ✓ [  44.7s]  cut_divided_budget
    ✓ [  33.8s]  cut_qubit_prop
    ✓ [ 577.1s]  cut_incremental_budget
    ✓ [ 627.5s]  cut_incremental_qubit_prop

  16q / 2_Clifford+T_015
    ✓ [1125.7s]  noisy_vanilla
    ✓ [ 130.0s]  cut_divided_budget
    ✓ [ 147.3s]  cut_qubit_prop
    ✓ [ 694.9s]  cut_incremental_budget
    ✓ [ 586.7s]  cut_incremental_qubit_prop

  16q / 3_Clifford+T_016
    ✓ [1348.8s]  noisy_vanilla
    ✓ [  34.8s]  cut_divided_budget
    ✓ [  20.0s]  cut_qubit_prop
    ✓ [ 328.1s]  cut_incremental_budget
    ✓ [ 322.2s]  cut_incremental_qubit_prop

  16q / 4_Clifford+T_018
    ✓ [ 721.1s]  noisy_vanilla
    ✓ [  25.9s]  cut_divided_budget
    ✓ [  19.2s]  cut_qubit_prop
    ✓ [ 443.7s]  cut_incremental_budget
    ✓ [ 575.6s]  cut_incremental_qubit_prop

  16q / 5_Clifford+T_019
    ✓ [ 758.7s]  noisy_vanilla
    ✓ [ 126.2s]  cut_divided_budget
    ✓ [ 174.3s]  cut_qubit_prop
    ✓ [ 694.4s]  cut_incremental_budget
    ✓ [1032.0s]  cut_incremental_qubit_prop

  16q / 6_Clifford+T_021
    ✓ [1304.4s]  noisy_vanilla
    ✓ [  52.5s]  cut_divided_budget
    ✓ [  41.6s]  cut_qubit_prop
    ✓ [ 619.5s]  cut_incremental_budget
    ✓ [ 638.7s]  cut_incremental_qubit_prop

  16q / 7_Clifford+T_026
    ✓ [1394.9s]  noisy_vanilla
    ✓ [  82.1s]  cut_divided_budget
    ✓ [  98.7s]  cut_qubit_prop
    ✓ [ 538.2s]  cut_incremental_budget
    ✓ [ 554.8s]  cut_incremental_qubit_prop

  16q / 8_Clifford+T_032
    ✓ [1265.0s]  noisy_vanilla
    ✓ [  69.0s]  cut_divided_budget
    ✓ [  80.2s]  cut_qubit_prop
    ✓ [ 696.1s]  cut_incremental_budget
    ✓ [ 742.9s]  cut_incremental_qubit_prop

  16q / 9_Clifford+T_040
    ✓ [1018.4s]  noisy_vanilla
    ✓ [ 115.6s]  cut_divided_budget
    ✓ [ 173.9s]  cut_qubit_prop
    ✓ [ 816.8s]  cut_incremental_budget
    ✓ [ 855.6s]  cut_incremental_qubit_prop

========================================================================
