========================================================================
CUTTABLE CIRCUIT BENCHMARK RUN REPORT
Timestamp : 2026-06-18 11:53:27
========================================================================

DESIGN
------------------------------------------------------------------------
  Input        : valid_circuits.pkl produced by generate_and_cut.py
  Cut strategy : find_and_place_cuts + CutStrategy(min_free_wires=2)
  Ground truth : PennyLane default.qubit statevector (shots=None)
  Reconstruction: qcut_processing_fn (tensor contraction)
  Observable   : per-circuit Pauli string stored in CircuitSpec.observable
  Error        : |perf_exp_val - result|

CONFIGURATION
------------------------------------------------------------------------
  Shots (B)                 : 20000
  Noisy backend             : 'aer.fake_kawasaki'
  Ideal backend             : 'aer.perfect'
  Simulator seed            : 42
  Output dir                : PosixPath('results/new/stable_shots_02/20000_shots/kawasaki/10_qubits')
  2q-gate alpha             : 0.8
  Incr. batch shots         : 50
  Incr. threshold           : 0.03
  Incr. offset              : 3
  Incr. stability k         : 3
  Incr. stopping criterion  : 'delta'
  Incr. distance metric     : 'tvd'
  Incr. window size         : 3
  Incr. EWMA alpha          : 0.5
  Selected modes            : noisy_vanilla, cut_divided_budget, cut_qubit_prop, cut_incremental_budget, cut_incremental_qubit_prop

SUMMARY
------------------------------------------------------------------------
Total: 50  ok: 50  failed: 0

RESULTS BY CIRCUIT
------------------------------------------------------------------------
  10q / 0_Clifford+T_001
    ✓ [   2.0s]  noisy_vanilla
    ✓ [  49.7s]  cut_divided_budget
    ✓ [  40.9s]  cut_qubit_prop
    ✓ [ 514.8s]  cut_incremental_budget
    ✓ [ 538.1s]  cut_incremental_qubit_prop

  10q / 1_Clifford+T_004
    ✓ [   1.9s]  noisy_vanilla
    ✓ [  17.9s]  cut_divided_budget
    ✓ [  10.3s]  cut_qubit_prop
    ✓ [ 252.7s]  cut_incremental_budget
    ✓ [ 435.5s]  cut_incremental_qubit_prop

  10q / 2_Clifford+T_008
    ✓ [   3.1s]  noisy_vanilla
    ✓ [  77.7s]  cut_divided_budget
    ✓ [  69.5s]  cut_qubit_prop
    ✓ [ 727.7s]  cut_incremental_budget
    ✓ [ 766.0s]  cut_incremental_qubit_prop

  10q / 3_Clifford+T_015
    ✓ [   1.8s]  noisy_vanilla
    ✓ [  21.6s]  cut_divided_budget
    ✓ [  10.1s]  cut_qubit_prop
    ✓ [ 181.9s]  cut_incremental_budget
    ✓ [ 276.6s]  cut_incremental_qubit_prop

  10q / 4_Clifford+T_024
    ✓ [   2.9s]  noisy_vanilla
    ✓ [  65.4s]  cut_divided_budget
    ✓ [  62.4s]  cut_qubit_prop
    ✓ [ 669.0s]  cut_incremental_budget
    ✓ [ 894.4s]  cut_incremental_qubit_prop

  10q / 5_Clifford+T_026
    ✓ [   1.7s]  noisy_vanilla
    ✓ [  52.7s]  cut_divided_budget
    ✓ [  40.3s]  cut_qubit_prop
    ✓ [ 555.7s]  cut_incremental_budget
    ✓ [ 787.2s]  cut_incremental_qubit_prop

  10q / 6_Clifford+T_032
    ✓ [   3.3s]  noisy_vanilla
    ✓ [  25.1s]  cut_divided_budget
    ✓ [  17.3s]  cut_qubit_prop
    ✓ [ 142.6s]  cut_incremental_budget
    ✓ [ 158.6s]  cut_incremental_qubit_prop

  10q / 7_Clifford+T_033
    ✓ [   3.4s]  noisy_vanilla
    ✓ [  29.9s]  cut_divided_budget
    ✓ [  17.4s]  cut_qubit_prop
    ✓ [ 197.9s]  cut_incremental_budget
    ✓ [ 200.5s]  cut_incremental_qubit_prop

  10q / 8_Clifford+T_039
    ✓ [   3.2s]  noisy_vanilla
    ✓ [  63.2s]  cut_divided_budget
    ✓ [  46.2s]  cut_qubit_prop
    ✓ [ 822.3s]  cut_incremental_budget
    ✓ [ 780.5s]  cut_incremental_qubit_prop

  10q / 9_Clifford+T_041
    ✓ [   3.3s]  noisy_vanilla
    ✓ [  27.6s]  cut_divided_budget
    ✓ [  16.9s]  cut_qubit_prop
    ✓ [ 242.3s]  cut_incremental_budget
    ✓ [ 229.9s]  cut_incremental_qubit_prop

========================================================================
