========================================================================
CUTTABLE CIRCUIT BENCHMARK RUN REPORT
Timestamp : 2026-06-17 22:41:48
========================================================================

DESIGN
------------------------------------------------------------------------
  Input        : valid_circuits.pkl produced by generate_and_cut.py
  Cut strategy : find_and_place_cuts + CutStrategy(min_free_wires=2)
  Ground truth : PennyLane default.qubit statevector (shots=None)
  Reconstruction: qcut_processing_fn (tensor contraction)
  Observable   : per-circuit Pauli string stored in CircuitSpec.observable
  Error        : |perf_exp_val - result|

CONFIGURATION
------------------------------------------------------------------------
  Shots (B)                 : 5000
  Noisy backend             : 'aer.fake_kyoto'
  Ideal backend             : 'aer.perfect'
  Simulator seed            : 42
  Output dir                : PosixPath('results/new/stable_shots3/5000_shots/kyoto/14_qubits')
  2q-gate alpha             : 0.8
  Incr. batch shots         : 50
  Incr. threshold           : 0.05
  Incr. offset              : 3
  Incr. stability k         : 5
  Incr. stopping criterion  : 'delta'
  Incr. distance metric     : 'tvd'
  Incr. window size         : 3
  Incr. EWMA alpha          : 0.5
  Selected modes            : noisy_vanilla, cut_divided_budget, cut_qubit_prop, cut_incremental_budget, cut_incremental_qubit_prop

SUMMARY
------------------------------------------------------------------------
Total: 50  ok: 50  failed: 0

RESULTS BY CIRCUIT
------------------------------------------------------------------------
  14q / 0_Clifford+T_001
    ✓ [  74.6s]  noisy_vanilla
    ✓ [  72.7s]  cut_divided_budget
    ✓ [  76.0s]  cut_qubit_prop
    ✓ [ 337.3s]  cut_incremental_budget
    ✓ [ 297.4s]  cut_incremental_qubit_prop

  14q / 1_Clifford+T_011
    ✓ [  72.5s]  noisy_vanilla
    ✓ [  77.9s]  cut_divided_budget
    ✓ [  52.0s]  cut_qubit_prop
    ✓ [ 305.0s]  cut_incremental_budget
    ✓ [ 253.9s]  cut_incremental_qubit_prop

  14q / 2_Clifford+T_012
    ✓ [  45.3s]  noisy_vanilla
    ✓ [  24.8s]  cut_divided_budget
    ✓ [  20.4s]  cut_qubit_prop
    ✓ [ 231.2s]  cut_incremental_budget
    ✓ [ 340.6s]  cut_incremental_qubit_prop

  14q / 3_Clifford+T_014
    ✓ [  83.0s]  noisy_vanilla
    ✓ [  57.5s]  cut_divided_budget
    ✓ [  56.0s]  cut_qubit_prop
    ✓ [ 308.3s]  cut_incremental_budget
    ✓ [ 522.6s]  cut_incremental_qubit_prop

  14q / 4_Clifford+T_015
    ✓ [ 119.5s]  noisy_vanilla
    ✓ [  94.1s]  cut_divided_budget
    ✓ [  48.4s]  cut_qubit_prop
    ✓ [ 210.2s]  cut_incremental_budget
    ✓ [ 250.0s]  cut_incremental_qubit_prop

  14q / 5_Clifford+T_016
    ✓ [ 173.1s]  noisy_vanilla
    ✓ [  65.1s]  cut_divided_budget
    ✓ [  41.1s]  cut_qubit_prop
    ✓ [ 509.8s]  cut_incremental_budget
    ✓ [ 297.7s]  cut_incremental_qubit_prop

  14q / 6_Clifford+T_018
    ✓ [  83.6s]  noisy_vanilla
    ✓ [  41.5s]  cut_divided_budget
    ✓ [  25.4s]  cut_qubit_prop
    ✓ [ 433.8s]  cut_incremental_budget
    ✓ [ 167.1s]  cut_incremental_qubit_prop

  14q / 7_Clifford+T_019
    ✓ [  50.5s]  noisy_vanilla
    ✓ [  25.3s]  cut_divided_budget
    ✓ [  21.5s]  cut_qubit_prop
    ✓ [ 141.8s]  cut_incremental_budget
    ✓ [ 175.0s]  cut_incremental_qubit_prop

  14q / 8_Clifford+T_022
    ✓ [  40.9s]  noisy_vanilla
    ✓ [  24.9s]  cut_divided_budget
    ✓ [  20.2s]  cut_qubit_prop
    ✓ [ 153.0s]  cut_incremental_budget
    ✓ [ 191.0s]  cut_incremental_qubit_prop

  14q / 9_Clifford+T_026
    ✓ [  43.0s]  noisy_vanilla
    ✓ [  22.7s]  cut_divided_budget
    ✓ [  12.6s]  cut_qubit_prop
    ✓ [ 169.5s]  cut_incremental_budget
    ✓ [ 155.8s]  cut_incremental_qubit_prop

========================================================================
