========================================================================
CUTTABLE CIRCUIT BENCHMARK RUN REPORT
Timestamp : 2026-06-10 00:34:34
========================================================================

DESIGN
------------------------------------------------------------------------
  Input        : valid_circuits.pkl produced by generate_and_cut.py
  Cut strategy : find_and_place_cuts + CutStrategy(min_free_wires=2)
  Ground truth : PennyLane default.qubit statevector (shots=None)
  Reconstruction: qcut_processing_fn (tensor contraction)
  Observable   : per-circuit Pauli string stored in CircuitSpec.observable
  Error        : |perf_exp_val - result|

CONFIGURATION
------------------------------------------------------------------------
  Shots (B)                 : 20000
  Noisy backend             : 'aer.fake_kyoto'
  Ideal backend             : 'aer.perfect'
  Simulator seed            : 42
  Output dir                : PosixPath('results/new/stable_shots_runs/20000_shots/kyoto/14_qubits')
  2q-gate alpha             : 0.8
  Incr. batch shots         : 50
  Incr. threshold           : 0.005
  Incr. offset              : 3
  Incr. stability k         : 5
  Incr. stopping criterion  : 'delta'
  Incr. distance metric     : 'tvd'
  Incr. window size         : 3
  Incr. EWMA alpha          : 0.5
  Selected modes            : noisy_vanilla, cut_divided_budget, cut_qubit_prop, cut_incremental_budget, cut_incremental_qubit_prop

SUMMARY
------------------------------------------------------------------------
Total: 50  ok: 10  failed: 40

RESULTS BY CIRCUIT
------------------------------------------------------------------------
  14q / 0_Clifford+T_001
    ✓ [  71.8s]  noisy_vanilla
    ✗ [ 188.6s]  cut_divided_budget
             ERROR: ImportError: The opt_einsum package is required when use_opt_einsum is set to True in the contract_tensors function. This package can be installed using:
pip install opt_einsum
    ✗ [  97.4s]  cut_qubit_prop
             ERROR: ImportError: The opt_einsum package is required when use_opt_einsum is set to True in the contract_tensors function. This package can be installed using:
pip install opt_einsum
    ✗ [1363.1s]  cut_incremental_budget
             ERROR: ImportError: The opt_einsum package is required when use_opt_einsum is set to True in the contract_tensors function. This package can be installed using:
pip install opt_einsum
    ✗ [1443.0s]  cut_incremental_qubit_prop
             ERROR: ImportError: The opt_einsum package is required when use_opt_einsum is set to True in the contract_tensors function. This package can be installed using:
pip install opt_einsum

  14q / 1_Clifford+T_011
    ✓ [  15.2s]  noisy_vanilla
    ✗ [ 124.4s]  cut_divided_budget
             ERROR: ImportError: The opt_einsum package is required when use_opt_einsum is set to True in the contract_tensors function. This package can be installed using:
pip install opt_einsum
    ✗ [ 101.1s]  cut_qubit_prop
             ERROR: ImportError: The opt_einsum package is required when use_opt_einsum is set to True in the contract_tensors function. This package can be installed using:
pip install opt_einsum
    ✗ [1613.3s]  cut_incremental_budget
             ERROR: ImportError: The opt_einsum package is required when use_opt_einsum is set to True in the contract_tensors function. This package can be installed using:
pip install opt_einsum
    ✗ [1649.5s]  cut_incremental_qubit_prop
             ERROR: ImportError: The opt_einsum package is required when use_opt_einsum is set to True in the contract_tensors function. This package can be installed using:
pip install opt_einsum

  14q / 2_Clifford+T_012
    ✓ [  14.6s]  noisy_vanilla
    ✗ [  38.2s]  cut_divided_budget
             ERROR: ImportError: The opt_einsum package is required when use_opt_einsum is set to True in the contract_tensors function. This package can be installed using:
pip install opt_einsum
    ✗ [  40.2s]  cut_qubit_prop
             ERROR: ImportError: The opt_einsum package is required when use_opt_einsum is set to True in the contract_tensors function. This package can be installed using:
pip install opt_einsum
    ✗ [1247.9s]  cut_incremental_budget
             ERROR: ImportError: The opt_einsum package is required when use_opt_einsum is set to True in the contract_tensors function. This package can be installed using:
pip install opt_einsum
    ✗ [1822.1s]  cut_incremental_qubit_prop
             ERROR: ImportError: The opt_einsum package is required when use_opt_einsum is set to True in the contract_tensors function. This package can be installed using:
pip install opt_einsum

  14q / 3_Clifford+T_014
    ✓ [  13.3s]  noisy_vanilla
    ✗ [  44.4s]  cut_divided_budget
             ERROR: ImportError: The opt_einsum package is required when use_opt_einsum is set to True in the contract_tensors function. This package can be installed using:
pip install opt_einsum
    ✗ [  37.6s]  cut_qubit_prop
             ERROR: ImportError: The opt_einsum package is required when use_opt_einsum is set to True in the contract_tensors function. This package can be installed using:
pip install opt_einsum
    ✗ [ 958.5s]  cut_incremental_budget
             ERROR: ImportError: The opt_einsum package is required when use_opt_einsum is set to True in the contract_tensors function. This package can be installed using:
pip install opt_einsum
    ✗ [1015.2s]  cut_incremental_qubit_prop
             ERROR: ImportError: The opt_einsum package is required when use_opt_einsum is set to True in the contract_tensors function. This package can be installed using:
pip install opt_einsum

  14q / 4_Clifford+T_015
    ✓ [   6.9s]  noisy_vanilla
    ✗ [  11.6s]  cut_divided_budget
             ERROR: ImportError: The opt_einsum package is required when use_opt_einsum is set to True in the contract_tensors function. This package can be installed using:
pip install opt_einsum
    ✗ [   4.2s]  cut_qubit_prop
             ERROR: ImportError: The opt_einsum package is required when use_opt_einsum is set to True in the contract_tensors function. This package can be installed using:
pip install opt_einsum
    ✗ [ 643.4s]  cut_incremental_budget
             ERROR: ImportError: The opt_einsum package is required when use_opt_einsum is set to True in the contract_tensors function. This package can be installed using:
pip install opt_einsum
    ✗ [ 652.4s]  cut_incremental_qubit_prop
             ERROR: ImportError: The opt_einsum package is required when use_opt_einsum is set to True in the contract_tensors function. This package can be installed using:
pip install opt_einsum

  14q / 5_Clifford+T_016
    ✓ [   6.4s]  noisy_vanilla
    ✗ [  27.8s]  cut_divided_budget
             ERROR: ImportError: The opt_einsum package is required when use_opt_einsum is set to True in the contract_tensors function. This package can be installed using:
pip install opt_einsum
    ✗ [  19.7s]  cut_qubit_prop
             ERROR: ImportError: The opt_einsum package is required when use_opt_einsum is set to True in the contract_tensors function. This package can be installed using:
pip install opt_einsum
    ✗ [ 810.8s]  cut_incremental_budget
             ERROR: ImportError: The opt_einsum package is required when use_opt_einsum is set to True in the contract_tensors function. This package can be installed using:
pip install opt_einsum
    ✗ [ 790.6s]  cut_incremental_qubit_prop
             ERROR: ImportError: The opt_einsum package is required when use_opt_einsum is set to True in the contract_tensors function. This package can be installed using:
pip install opt_einsum

  14q / 6_Clifford+T_018
    ✓ [   5.7s]  noisy_vanilla
    ✗ [  25.2s]  cut_divided_budget
             ERROR: ImportError: The opt_einsum package is required when use_opt_einsum is set to True in the contract_tensors function. This package can be installed using:
pip install opt_einsum
    ✗ [  17.3s]  cut_qubit_prop
             ERROR: ImportError: The opt_einsum package is required when use_opt_einsum is set to True in the contract_tensors function. This package can be installed using:
pip install opt_einsum
    ✗ [ 755.6s]  cut_incremental_budget
             ERROR: ImportError: The opt_einsum package is required when use_opt_einsum is set to True in the contract_tensors function. This package can be installed using:
pip install opt_einsum
    ✗ [ 664.9s]  cut_incremental_qubit_prop
             ERROR: ImportError: The opt_einsum package is required when use_opt_einsum is set to True in the contract_tensors function. This package can be installed using:
pip install opt_einsum

  14q / 7_Clifford+T_019
    ✓ [   5.2s]  noisy_vanilla
    ✗ [  19.4s]  cut_divided_budget
             ERROR: ImportError: The opt_einsum package is required when use_opt_einsum is set to True in the contract_tensors function. This package can be installed using:
pip install opt_einsum
    ✗ [  18.0s]  cut_qubit_prop
             ERROR: ImportError: The opt_einsum package is required when use_opt_einsum is set to True in the contract_tensors function. This package can be installed using:
pip install opt_einsum
    ✗ [ 499.9s]  cut_incremental_budget
             ERROR: ImportError: The opt_einsum package is required when use_opt_einsum is set to True in the contract_tensors function. This package can be installed using:
pip install opt_einsum
    ✗ [ 653.7s]  cut_incremental_qubit_prop
             ERROR: ImportError: The opt_einsum package is required when use_opt_einsum is set to True in the contract_tensors function. This package can be installed using:
pip install opt_einsum

  14q / 8_Clifford+T_022
    ✓ [   5.1s]  noisy_vanilla
    ✗ [  17.3s]  cut_divided_budget
             ERROR: ImportError: The opt_einsum package is required when use_opt_einsum is set to True in the contract_tensors function. This package can be installed using:
pip install opt_einsum
    ✗ [  15.9s]  cut_qubit_prop
             ERROR: ImportError: The opt_einsum package is required when use_opt_einsum is set to True in the contract_tensors function. This package can be installed using:
pip install opt_einsum
    ✗ [ 547.9s]  cut_incremental_budget
             ERROR: ImportError: The opt_einsum package is required when use_opt_einsum is set to True in the contract_tensors function. This package can be installed using:
pip install opt_einsum
    ✗ [ 612.8s]  cut_incremental_qubit_prop
             ERROR: ImportError: The opt_einsum package is required when use_opt_einsum is set to True in the contract_tensors function. This package can be installed using:
pip install opt_einsum

  14q / 9_Clifford+T_026
    ✓ [   4.3s]  noisy_vanilla
    ✗ [  17.6s]  cut_divided_budget
             ERROR: ImportError: The opt_einsum package is required when use_opt_einsum is set to True in the contract_tensors function. This package can be installed using:
pip install opt_einsum
    ✗ [  13.5s]  cut_qubit_prop
             ERROR: ImportError: The opt_einsum package is required when use_opt_einsum is set to True in the contract_tensors function. This package can be installed using:
pip install opt_einsum
    ✗ [ 590.2s]  cut_incremental_budget
             ERROR: ImportError: The opt_einsum package is required when use_opt_einsum is set to True in the contract_tensors function. This package can be installed using:
pip install opt_einsum
    ✗ [ 598.8s]  cut_incremental_qubit_prop
             ERROR: ImportError: The opt_einsum package is required when use_opt_einsum is set to True in the contract_tensors function. This package can be installed using:
pip install opt_einsum

------------------------------------------------------------------------
FAILED MODES
------------------------------------------------------------------------
  14q / 0_Clifford+T_001 / cut_divided_budget
    ImportError: The opt_einsum package is required when use_opt_einsum is set to True in the contract_tensors function. This package can be installed using:
pip install opt_einsum
  14q / 0_Clifford+T_001 / cut_qubit_prop
    ImportError: The opt_einsum package is required when use_opt_einsum is set to True in the contract_tensors function. This package can be installed using:
pip install opt_einsum
  14q / 0_Clifford+T_001 / cut_incremental_budget
    ImportError: The opt_einsum package is required when use_opt_einsum is set to True in the contract_tensors function. This package can be installed using:
pip install opt_einsum
  14q / 0_Clifford+T_001 / cut_incremental_qubit_prop
    ImportError: The opt_einsum package is required when use_opt_einsum is set to True in the contract_tensors function. This package can be installed using:
pip install opt_einsum
  14q / 1_Clifford+T_011 / cut_divided_budget
    ImportError: The opt_einsum package is required when use_opt_einsum is set to True in the contract_tensors function. This package can be installed using:
pip install opt_einsum
  14q / 1_Clifford+T_011 / cut_qubit_prop
    ImportError: The opt_einsum package is required when use_opt_einsum is set to True in the contract_tensors function. This package can be installed using:
pip install opt_einsum
  14q / 1_Clifford+T_011 / cut_incremental_budget
    ImportError: The opt_einsum package is required when use_opt_einsum is set to True in the contract_tensors function. This package can be installed using:
pip install opt_einsum
  14q / 1_Clifford+T_011 / cut_incremental_qubit_prop
    ImportError: The opt_einsum package is required when use_opt_einsum is set to True in the contract_tensors function. This package can be installed using:
pip install opt_einsum
  14q / 2_Clifford+T_012 / cut_divided_budget
    ImportError: The opt_einsum package is required when use_opt_einsum is set to True in the contract_tensors function. This package can be installed using:
pip install opt_einsum
  14q / 2_Clifford+T_012 / cut_qubit_prop
    ImportError: The opt_einsum package is required when use_opt_einsum is set to True in the contract_tensors function. This package can be installed using:
pip install opt_einsum
  14q / 2_Clifford+T_012 / cut_incremental_budget
    ImportError: The opt_einsum package is required when use_opt_einsum is set to True in the contract_tensors function. This package can be installed using:
pip install opt_einsum
  14q / 2_Clifford+T_012 / cut_incremental_qubit_prop
    ImportError: The opt_einsum package is required when use_opt_einsum is set to True in the contract_tensors function. This package can be installed using:
pip install opt_einsum
  14q / 3_Clifford+T_014 / cut_divided_budget
    ImportError: The opt_einsum package is required when use_opt_einsum is set to True in the contract_tensors function. This package can be installed using:
pip install opt_einsum
  14q / 3_Clifford+T_014 / cut_qubit_prop
    ImportError: The opt_einsum package is required when use_opt_einsum is set to True in the contract_tensors function. This package can be installed using:
pip install opt_einsum
  14q / 3_Clifford+T_014 / cut_incremental_budget
    ImportError: The opt_einsum package is required when use_opt_einsum is set to True in the contract_tensors function. This package can be installed using:
pip install opt_einsum
  14q / 3_Clifford+T_014 / cut_incremental_qubit_prop
    ImportError: The opt_einsum package is required when use_opt_einsum is set to True in the contract_tensors function. This package can be installed using:
pip install opt_einsum
  14q / 4_Clifford+T_015 / cut_divided_budget
    ImportError: The opt_einsum package is required when use_opt_einsum is set to True in the contract_tensors function. This package can be installed using:
pip install opt_einsum
  14q / 4_Clifford+T_015 / cut_qubit_prop
    ImportError: The opt_einsum package is required when use_opt_einsum is set to True in the contract_tensors function. This package can be installed using:
pip install opt_einsum
  14q / 4_Clifford+T_015 / cut_incremental_budget
    ImportError: The opt_einsum package is required when use_opt_einsum is set to True in the contract_tensors function. This package can be installed using:
pip install opt_einsum
  14q / 4_Clifford+T_015 / cut_incremental_qubit_prop
    ImportError: The opt_einsum package is required when use_opt_einsum is set to True in the contract_tensors function. This package can be installed using:
pip install opt_einsum
  14q / 5_Clifford+T_016 / cut_divided_budget
    ImportError: The opt_einsum package is required when use_opt_einsum is set to True in the contract_tensors function. This package can be installed using:
pip install opt_einsum
  14q / 5_Clifford+T_016 / cut_qubit_prop
    ImportError: The opt_einsum package is required when use_opt_einsum is set to True in the contract_tensors function. This package can be installed using:
pip install opt_einsum
  14q / 5_Clifford+T_016 / cut_incremental_budget
    ImportError: The opt_einsum package is required when use_opt_einsum is set to True in the contract_tensors function. This package can be installed using:
pip install opt_einsum
  14q / 5_Clifford+T_016 / cut_incremental_qubit_prop
    ImportError: The opt_einsum package is required when use_opt_einsum is set to True in the contract_tensors function. This package can be installed using:
pip install opt_einsum
  14q / 6_Clifford+T_018 / cut_divided_budget
    ImportError: The opt_einsum package is required when use_opt_einsum is set to True in the contract_tensors function. This package can be installed using:
pip install opt_einsum
  14q / 6_Clifford+T_018 / cut_qubit_prop
    ImportError: The opt_einsum package is required when use_opt_einsum is set to True in the contract_tensors function. This package can be installed using:
pip install opt_einsum
  14q / 6_Clifford+T_018 / cut_incremental_budget
    ImportError: The opt_einsum package is required when use_opt_einsum is set to True in the contract_tensors function. This package can be installed using:
pip install opt_einsum
  14q / 6_Clifford+T_018 / cut_incremental_qubit_prop
    ImportError: The opt_einsum package is required when use_opt_einsum is set to True in the contract_tensors function. This package can be installed using:
pip install opt_einsum
  14q / 7_Clifford+T_019 / cut_divided_budget
    ImportError: The opt_einsum package is required when use_opt_einsum is set to True in the contract_tensors function. This package can be installed using:
pip install opt_einsum
  14q / 7_Clifford+T_019 / cut_qubit_prop
    ImportError: The opt_einsum package is required when use_opt_einsum is set to True in the contract_tensors function. This package can be installed using:
pip install opt_einsum
  14q / 7_Clifford+T_019 / cut_incremental_budget
    ImportError: The opt_einsum package is required when use_opt_einsum is set to True in the contract_tensors function. This package can be installed using:
pip install opt_einsum
  14q / 7_Clifford+T_019 / cut_incremental_qubit_prop
    ImportError: The opt_einsum package is required when use_opt_einsum is set to True in the contract_tensors function. This package can be installed using:
pip install opt_einsum
  14q / 8_Clifford+T_022 / cut_divided_budget
    ImportError: The opt_einsum package is required when use_opt_einsum is set to True in the contract_tensors function. This package can be installed using:
pip install opt_einsum
  14q / 8_Clifford+T_022 / cut_qubit_prop
    ImportError: The opt_einsum package is required when use_opt_einsum is set to True in the contract_tensors function. This package can be installed using:
pip install opt_einsum
  14q / 8_Clifford+T_022 / cut_incremental_budget
    ImportError: The opt_einsum package is required when use_opt_einsum is set to True in the contract_tensors function. This package can be installed using:
pip install opt_einsum
  14q / 8_Clifford+T_022 / cut_incremental_qubit_prop
    ImportError: The opt_einsum package is required when use_opt_einsum is set to True in the contract_tensors function. This package can be installed using:
pip install opt_einsum
  14q / 9_Clifford+T_026 / cut_divided_budget
    ImportError: The opt_einsum package is required when use_opt_einsum is set to True in the contract_tensors function. This package can be installed using:
pip install opt_einsum
  14q / 9_Clifford+T_026 / cut_qubit_prop
    ImportError: The opt_einsum package is required when use_opt_einsum is set to True in the contract_tensors function. This package can be installed using:
pip install opt_einsum
  14q / 9_Clifford+T_026 / cut_incremental_budget
    ImportError: The opt_einsum package is required when use_opt_einsum is set to True in the contract_tensors function. This package can be installed using:
pip install opt_einsum
  14q / 9_Clifford+T_026 / cut_incremental_qubit_prop
    ImportError: The opt_einsum package is required when use_opt_einsum is set to True in the contract_tensors function. This package can be installed using:
pip install opt_einsum

========================================================================
