========================================================================
CUTTABLE CIRCUIT BENCHMARK RUN REPORT
Timestamp : 2026-06-15 11:30:52
========================================================================

DESIGN
------------------------------------------------------------------------
  Input        : valid_circuits.pkl produced by generate_and_cut.py
  Cut strategy : find_and_place_cuts + CutStrategy(min_free_wires=2)
  Ground truth : PennyLane default.qubit statevector (shots=None)
  Reconstruction: qcut_processing_fn (tensor contraction)
  Observable   : per-circuit Pauli string stored in CircuitSpec.observable
  Error        : |perf_exp_val - result|

CONFIGURATION
------------------------------------------------------------------------
  Shots (B)                 : 5000
  Noisy backend             : 'aer.fake_torino'
  Ideal backend             : 'aer.perfect'
  Simulator seed            : 42
  Output dir                : PosixPath('results/new/stable_shots_runs02_10-14q_no_vanilla/5000_shots/torino/12_qubits')
  2q-gate alpha             : 0.8
  Incr. batch shots         : 50
  Incr. threshold           : 0.005
  Incr. offset              : 3
  Incr. stability k         : 5
  Incr. stopping criterion  : 'delta'
  Incr. distance metric     : 'tvd'
  Incr. window size         : 3
  Incr. EWMA alpha          : 0.5
  Selected modes            : cut_divided_budget, cut_qubit_prop, cut_incremental_budget, cut_incremental_qubit_prop

SUMMARY
------------------------------------------------------------------------
Total: 40  ok: 40  failed: 0

RESULTS BY CIRCUIT
------------------------------------------------------------------------
  12q / 0_Clifford+T_001
    ✓ [  31.9s]  cut_divided_budget
    ✓ [  31.5s]  cut_qubit_prop
    ✓ [ 268.0s]  cut_incremental_budget
    ✓ [ 251.6s]  cut_incremental_qubit_prop

  12q / 1_Clifford+T_002
    ✓ [  86.5s]  cut_divided_budget
    ✓ [  81.1s]  cut_qubit_prop
    ✓ [ 312.7s]  cut_incremental_budget
    ✓ [ 279.4s]  cut_incremental_qubit_prop

  12q / 2_Clifford+T_004
    ✓ [  28.4s]  cut_divided_budget
    ✓ [  23.1s]  cut_qubit_prop
    ✓ [ 250.0s]  cut_incremental_budget
    ✓ [ 256.0s]  cut_incremental_qubit_prop

  12q / 3_Clifford+T_006
    ✓ [  26.2s]  cut_divided_budget
    ✓ [  18.9s]  cut_qubit_prop
    ✓ [ 247.8s]  cut_incremental_budget
    ✓ [ 254.1s]  cut_incremental_qubit_prop

  12q / 4_Clifford+T_011
    ✓ [  87.1s]  cut_divided_budget
    ✓ [  80.6s]  cut_qubit_prop
    ✓ [ 316.0s]  cut_incremental_budget
    ✓ [ 277.5s]  cut_incremental_qubit_prop

  12q / 5_Clifford+T_013
    ✓ [  89.1s]  cut_divided_budget
    ✓ [  77.4s]  cut_qubit_prop
    ✓ [ 314.6s]  cut_incremental_budget
    ✓ [ 275.9s]  cut_incremental_qubit_prop

  12q / 6_Clifford+T_015
    ✓ [  27.0s]  cut_divided_budget
    ✓ [  19.0s]  cut_qubit_prop
    ✓ [ 248.4s]  cut_incremental_budget
    ✓ [ 250.8s]  cut_incremental_qubit_prop

  12q / 7_Clifford+T_019
    ✓ [  12.4s]  cut_divided_budget
    ✓ [   4.1s]  cut_qubit_prop
    ✓ [ 250.4s]  cut_incremental_budget
    ✓ [ 251.1s]  cut_incremental_qubit_prop

  12q / 8_Clifford+T_021
    ✓ [  25.4s]  cut_divided_budget
    ✓ [  18.5s]  cut_qubit_prop
    ✓ [ 255.3s]  cut_incremental_budget
    ✓ [ 254.7s]  cut_incremental_qubit_prop

  12q / 9_Clifford+T_025
    ✓ [  83.7s]  cut_divided_budget
    ✓ [  77.2s]  cut_qubit_prop
    ✓ [ 307.4s]  cut_incremental_budget
    ✓ [ 310.9s]  cut_incremental_qubit_prop

========================================================================
