========================================================================
CUTTABLE CIRCUIT BENCHMARK RUN REPORT
Timestamp : 2026-04-29 11:56:20
========================================================================

DESIGN
------------------------------------------------------------------------
  Input        : valid_circuits.pkl produced by generate_and_cut.py
  Cut strategy : find_and_place_cuts + CutStrategy(min_free_wires=2)
  Ground truth : PennyLane default.qubit statevector (shots=None)
  Reconstruction: qcut_processing_fn (tensor contraction)
  Observable   : per-circuit Pauli string stored in CircuitSpec.observable
  Error        : |perf_exp_val - result|

CONFIGURATION
------------------------------------------------------------------------
  Shots (B)                 : 20000
  Noisy backend             : 'aer.fake_torino'
  Ideal backend             : 'aer.perfect'
  Simulator seed            : 42
  Output dir                : PosixPath('results/20k_ewma_03/05_qubits')
  2q-gate alpha             : 0.8
  Incr. batch shots         : 50
  Incr. threshold           : 0.01
  Incr. offset              : 3
  Incr. stability k         : 5
  Incr. stopping criterion  : 'ewma'
  Incr. distance metric     : 'tvd'
  Incr. window size         : 3
  Incr. EWMA alpha          : 0.3
  Selected modes            : noisy_vanilla, cut_divided_budget, cut_qubit_prop, cut_incremental_budget, cut_incremental_qubit_prop

SUMMARY
------------------------------------------------------------------------
Total: 50  ok: 50  failed: 0

RESULTS BY CIRCUIT
------------------------------------------------------------------------
  5q / 0_QuantumVolume_006
    ✓ [   3.0s]  noisy_vanilla
    ✓ [ 143.8s]  cut_divided_budget
    ✓ [  76.3s]  cut_qubit_prop
    ✓ [ 812.3s]  cut_incremental_budget
    ✓ [ 825.7s]  cut_incremental_qubit_prop

  5q / 1_QuantumVolume_018
    ✓ [   2.4s]  noisy_vanilla
    ✓ [ 138.4s]  cut_divided_budget
    ✓ [  84.9s]  cut_qubit_prop
    ✓ [ 791.2s]  cut_incremental_budget
    ✓ [ 790.1s]  cut_incremental_qubit_prop

  5q / 2_QuantumVolume_030
    ✓ [   2.4s]  noisy_vanilla
    ✓ [ 137.5s]  cut_divided_budget
    ✓ [  74.9s]  cut_qubit_prop
    ✓ [ 851.7s]  cut_incremental_budget
    ✓ [ 754.9s]  cut_incremental_qubit_prop

  5q / 3_Clifford+T_046
    ✓ [   2.8s]  noisy_vanilla
    ✓ [  82.6s]  cut_divided_budget
    ✓ [  75.2s]  cut_qubit_prop
    ✓ [ 767.3s]  cut_incremental_budget
    ✓ [ 767.5s]  cut_incremental_qubit_prop

  5q / 4_QuantumVolume_054
    ✓ [   3.7s]  noisy_vanilla
    ✓ [ 167.7s]  cut_divided_budget
    ✓ [  74.5s]  cut_qubit_prop
    ✓ [ 845.6s]  cut_incremental_budget
    ✓ [ 699.4s]  cut_incremental_qubit_prop

  5q / 5_Clifford+T_058
    ✓ [   2.3s]  noisy_vanilla
    ✓ [  80.7s]  cut_divided_budget
    ✓ [  72.3s]  cut_qubit_prop
    ✓ [ 731.4s]  cut_incremental_budget
    ✓ [ 728.6s]  cut_incremental_qubit_prop

  5q / 6_QuantumVolume_060
    ✓ [   2.0s]  noisy_vanilla
    ✓ [  79.8s]  cut_divided_budget
    ✓ [  19.1s]  cut_qubit_prop
    ✓ [ 182.2s]  cut_incremental_budget
    ✓ [ 185.0s]  cut_incremental_qubit_prop

  5q / 7_QuantumVolume_066
    ✓ [   2.0s]  noisy_vanilla
    ✓ [ 134.2s]  cut_divided_budget
    ✓ [  71.6s]  cut_qubit_prop
    ✓ [ 740.2s]  cut_incremental_budget
    ✓ [ 734.1s]  cut_incremental_qubit_prop

  5q / 8_Clifford+T_082
    ✓ [   2.0s]  noisy_vanilla
    ✓ [  80.6s]  cut_divided_budget
    ✓ [  72.8s]  cut_qubit_prop
    ✓ [ 730.2s]  cut_incremental_budget
    ✓ [ 727.3s]  cut_incremental_qubit_prop

  5q / 9_QuantumVolume_114
    ✓ [   2.3s]  noisy_vanilla
    ✓ [  77.6s]  cut_divided_budget
    ✓ [  18.3s]  cut_qubit_prop
    ✓ [ 181.4s]  cut_incremental_budget
    ✓ [ 183.6s]  cut_incremental_qubit_prop

========================================================================
