========================================================================
CUTTABLE CIRCUIT BENCHMARK RUN REPORT
Timestamp : 2026-05-29 18:27:00
========================================================================

DESIGN
------------------------------------------------------------------------
  Input        : valid_circuits.pkl produced by generate_and_cut.py
  Cut strategy : find_and_place_cuts + CutStrategy(min_free_wires=2)
  Ground truth : PennyLane default.qubit statevector (shots=None)
  Reconstruction: qcut_processing_fn (tensor contraction)
  Observable   : per-circuit Pauli string stored in CircuitSpec.observable
  Error        : |perf_exp_val - result|

CONFIGURATION
------------------------------------------------------------------------
  Shots (B)                 : 5000
  Noisy backend             : 'aer.fake_sherbrooke'
  Ideal backend             : 'aer.perfect'
  Simulator seed            : 42
  Output dir                : PosixPath('results/new/ewma_10k_sherbroke_01/16_qubits')
  2q-gate alpha             : 0.8
  Incr. batch shots         : 50
  Incr. threshold           : 0.03
  Incr. offset              : 3
  Incr. stability k         : 3
  Incr. stopping criterion  : 'ewma'
  Incr. distance metric     : 'tvd'
  Incr. window size         : 3
  Incr. EWMA alpha          : 0.5
  Selected modes            : noisy_vanilla, cut_divided_budget, cut_qubit_prop, cut_incremental_budget, cut_incremental_qubit_prop

SUMMARY
------------------------------------------------------------------------
Total: 50  ok: 50  failed: 0

RESULTS BY CIRCUIT
------------------------------------------------------------------------
  16q / 0_Clifford+T_002
    ✓ [  29.2s]  noisy_vanilla
    ✓ [  24.8s]  cut_divided_budget
    ✓ [  14.3s]  cut_qubit_prop
    ✓ [ 172.3s]  cut_incremental_budget
    ✓ [ 162.1s]  cut_incremental_qubit_prop

  16q / 1_Clifford+T_008
    ✓ [  16.9s]  noisy_vanilla
    ✓ [  18.2s]  cut_divided_budget
    ✓ [  11.0s]  cut_qubit_prop
    ✓ [ 163.5s]  cut_incremental_budget
    ✓ [ 170.0s]  cut_incremental_qubit_prop

  16q / 2_Clifford+T_015
    ✓ [  18.3s]  noisy_vanilla
    ✓ [  25.0s]  cut_divided_budget
    ✓ [  14.3s]  cut_qubit_prop
    ✓ [ 136.0s]  cut_incremental_budget
    ✓ [ 156.8s]  cut_incremental_qubit_prop

  16q / 3_Clifford+T_016
    ✓ [  17.4s]  noisy_vanilla
    ✓ [  18.7s]  cut_divided_budget
    ✓ [  13.1s]  cut_qubit_prop
    ✓ [ 163.6s]  cut_incremental_budget
    ✓ [ 158.0s]  cut_incremental_qubit_prop

  16q / 4_Clifford+T_018
    ✓ [  17.9s]  noisy_vanilla
    ✓ [  23.7s]  cut_divided_budget
    ✓ [  11.7s]  cut_qubit_prop
    ✓ [ 151.3s]  cut_incremental_budget
    ✓ [ 163.5s]  cut_incremental_qubit_prop

  16q / 5_Clifford+T_019
    ✓ [  19.5s]  noisy_vanilla
    ✓ [  23.1s]  cut_divided_budget
    ✓ [  15.9s]  cut_qubit_prop
    ✓ [ 145.1s]  cut_incremental_budget
    ✓ [ 175.4s]  cut_incremental_qubit_prop

  16q / 6_Clifford+T_021
    ✓ [  17.9s]  noisy_vanilla
    ✓ [  19.4s]  cut_divided_budget
    ✓ [  11.4s]  cut_qubit_prop
    ✓ [ 157.7s]  cut_incremental_budget
    ✓ [ 159.1s]  cut_incremental_qubit_prop

  16q / 7_Clifford+T_026
    ✓ [  18.1s]  noisy_vanilla
    ✓ [  25.0s]  cut_divided_budget
    ✓ [  11.3s]  cut_qubit_prop
    ✓ [ 145.9s]  cut_incremental_budget
    ✓ [ 145.5s]  cut_incremental_qubit_prop

  16q / 8_Clifford+T_032
    ✓ [  19.3s]  noisy_vanilla
    ✓ [  25.8s]  cut_divided_budget
    ✓ [  13.9s]  cut_qubit_prop
    ✓ [ 130.0s]  cut_incremental_budget
    ✓ [ 145.3s]  cut_incremental_qubit_prop

  16q / 9_Clifford+T_040
    ✓ [  17.3s]  noisy_vanilla
    ✓ [  19.9s]  cut_divided_budget
    ✓ [  13.1s]  cut_qubit_prop
    ✓ [ 131.3s]  cut_incremental_budget
    ✓ [ 144.9s]  cut_incremental_qubit_prop

========================================================================
