========================================================================
CUTTABLE CIRCUIT BENCHMARK RUN REPORT
Timestamp : 2026-06-17 19:18:53
========================================================================

DESIGN
------------------------------------------------------------------------
  Input        : valid_circuits.pkl produced by generate_and_cut.py
  Cut strategy : find_and_place_cuts + CutStrategy(min_free_wires=2)
  Ground truth : PennyLane default.qubit statevector (shots=None)
  Reconstruction: qcut_processing_fn (tensor contraction)
  Observable   : per-circuit Pauli string stored in CircuitSpec.observable
  Error        : |perf_exp_val - result|

CONFIGURATION
------------------------------------------------------------------------
  Shots (B)                 : 5000
  Noisy backend             : 'aer.fake_torino'
  Ideal backend             : 'aer.perfect'
  Simulator seed            : 42
  Output dir                : PosixPath('results/new/stable_shots3/5000_shots/torino/14_qubits')
  2q-gate alpha             : 0.8
  Incr. batch shots         : 50
  Incr. threshold           : 0.05
  Incr. offset              : 3
  Incr. stability k         : 5
  Incr. stopping criterion  : 'delta'
  Incr. distance metric     : 'tvd'
  Incr. window size         : 3
  Incr. EWMA alpha          : 0.5
  Selected modes            : noisy_vanilla, cut_divided_budget, cut_qubit_prop, cut_incremental_budget, cut_incremental_qubit_prop

SUMMARY
------------------------------------------------------------------------
Total: 50  ok: 50  failed: 0

RESULTS BY CIRCUIT
------------------------------------------------------------------------
  14q / 0_Clifford+T_001
    ✓ [  41.7s]  noisy_vanilla
    ✓ [ 141.2s]  cut_divided_budget
    ✓ [ 139.6s]  cut_qubit_prop
    ✓ [ 346.7s]  cut_incremental_budget
    ✓ [ 285.0s]  cut_incremental_qubit_prop

  14q / 1_Clifford+T_011
    ✓ [  40.9s]  noisy_vanilla
    ✓ [ 122.6s]  cut_divided_budget
    ✓ [  79.7s]  cut_qubit_prop
    ✓ [ 439.7s]  cut_incremental_budget
    ✓ [ 453.6s]  cut_incremental_qubit_prop

  14q / 2_Clifford+T_012
    ✓ [  53.3s]  noisy_vanilla
    ✓ [  51.0s]  cut_divided_budget
    ✓ [  45.5s]  cut_qubit_prop
    ✓ [ 251.8s]  cut_incremental_budget
    ✓ [ 259.7s]  cut_incremental_qubit_prop

  14q / 3_Clifford+T_014
    ✓ [  43.1s]  noisy_vanilla
    ✓ [  58.4s]  cut_divided_budget
    ✓ [  60.2s]  cut_qubit_prop
    ✓ [ 328.7s]  cut_incremental_budget
    ✓ [ 296.2s]  cut_incremental_qubit_prop

  14q / 4_Clifford+T_015
    ✓ [  80.8s]  noisy_vanilla
    ✓ [  46.1s]  cut_divided_budget
    ✓ [  40.5s]  cut_qubit_prop
    ✓ [ 129.1s]  cut_incremental_budget
    ✓ [  95.4s]  cut_incremental_qubit_prop

  14q / 5_Clifford+T_016
    ✓ [  78.9s]  noisy_vanilla
    ✓ [  70.9s]  cut_divided_budget
    ✓ [  32.3s]  cut_qubit_prop
    ✓ [ 221.6s]  cut_incremental_budget
    ✓ [ 206.0s]  cut_incremental_qubit_prop

  14q / 6_Clifford+T_018
    ✓ [  69.9s]  noisy_vanilla
    ✓ [  26.7s]  cut_divided_budget
    ✓ [  19.1s]  cut_qubit_prop
    ✓ [ 344.9s]  cut_incremental_budget
    ✓ [ 260.0s]  cut_incremental_qubit_prop

  14q / 7_Clifford+T_019
    ✓ [  45.5s]  noisy_vanilla
    ✓ [  32.2s]  cut_divided_budget
    ✓ [  28.3s]  cut_qubit_prop
    ✓ [ 216.1s]  cut_incremental_budget
    ✓ [ 273.0s]  cut_incremental_qubit_prop

  14q / 8_Clifford+T_022
    ✓ [  41.5s]  noisy_vanilla
    ✓ [  33.6s]  cut_divided_budget
    ✓ [  27.1s]  cut_qubit_prop
    ✓ [ 238.3s]  cut_incremental_budget
    ✓ [ 299.5s]  cut_incremental_qubit_prop

  14q / 9_Clifford+T_026
    ✓ [  77.7s]  noisy_vanilla
    ✓ [  41.9s]  cut_divided_budget
    ✓ [  31.6s]  cut_qubit_prop
    ✓ [ 355.5s]  cut_incremental_budget
    ✓ [ 395.6s]  cut_incremental_qubit_prop

========================================================================
