========================================================================
CUTTABLE CIRCUIT BENCHMARK RUN REPORT
Timestamp : 2026-05-26 04:12:03
========================================================================

DESIGN
------------------------------------------------------------------------
  Input        : valid_circuits.pkl produced by generate_and_cut.py
  Cut strategy : find_and_place_cuts + CutStrategy(min_free_wires=2)
  Ground truth : PennyLane default.qubit statevector (shots=None)
  Reconstruction: qcut_processing_fn (tensor contraction)
  Observable   : per-circuit Pauli string stored in CircuitSpec.observable
  Error        : |perf_exp_val - result|

CONFIGURATION
------------------------------------------------------------------------
  Shots (B)                 : 20000
  Noisy backend             : 'aer.fake_torino'
  Ideal backend             : 'aer.perfect'
  Simulator seed            : 42
  Output dir                : PosixPath('results/new/ewma_20k_torino_01/05_qubits')
  2q-gate alpha             : 0.8
  Incr. batch shots         : 50
  Incr. threshold           : 0.03
  Incr. offset              : 3
  Incr. stability k         : 3
  Incr. stopping criterion  : 'ewma'
  Incr. distance metric     : 'tvd'
  Incr. window size         : 3
  Incr. EWMA alpha          : 0.5
  Selected modes            : noisy_vanilla, cut_divided_budget, cut_qubit_prop, cut_incremental_budget, cut_incremental_qubit_prop

SUMMARY
------------------------------------------------------------------------
Total: 50  ok: 50  failed: 0

RESULTS BY CIRCUIT
------------------------------------------------------------------------
  5q / 0_Clifford+T_002
    ✓ [   3.8s]  noisy_vanilla
    ✓ [ 116.7s]  cut_divided_budget
    ✓ [  94.6s]  cut_qubit_prop
    ✓ [1272.5s]  cut_incremental_budget
    ✓ [1428.0s]  cut_incremental_qubit_prop

  5q / 1_Clifford+T_005
    ✓ [   5.5s]  noisy_vanilla
    ✓ [ 198.5s]  cut_divided_budget
    ✓ [ 179.4s]  cut_qubit_prop
    ✓ [2096.0s]  cut_incremental_budget
    ✓ [2157.4s]  cut_incremental_qubit_prop

  5q / 2_Clifford+T_008
    ✓ [   4.7s]  noisy_vanilla
    ✓ [ 183.4s]  cut_divided_budget
    ✓ [ 160.5s]  cut_qubit_prop
    ✓ [2079.9s]  cut_incremental_budget
    ✓ [2100.4s]  cut_incremental_qubit_prop

  5q / 3_Clifford+T_009
    ✓ [   5.3s]  noisy_vanilla
    ✓ [ 183.1s]  cut_divided_budget
    ✓ [ 162.0s]  cut_qubit_prop
    ✓ [1323.1s]  cut_incremental_budget
    ✓ [2057.4s]  cut_incremental_qubit_prop

  5q / 4_Clifford+T_012
    ✓ [   3.9s]  noisy_vanilla
    ✓ [ 172.2s]  cut_divided_budget
    ✓ [ 156.8s]  cut_qubit_prop
    ✓ [1302.0s]  cut_incremental_budget
    ✓ [1240.7s]  cut_incremental_qubit_prop

  5q / 5_Clifford+T_032
    ✓ [   3.0s]  noisy_vanilla
    ✓ [  99.1s]  cut_divided_budget
    ✓ [  79.0s]  cut_qubit_prop
    ✓ [ 972.9s]  cut_incremental_budget
    ✓ [1017.6s]  cut_incremental_qubit_prop

  5q / 6_Clifford+T_046
    ✓ [   3.0s]  noisy_vanilla
    ✓ [ 102.1s]  cut_divided_budget
    ✓ [  99.9s]  cut_qubit_prop
    ✓ [1016.1s]  cut_incremental_budget
    ✓ [1041.3s]  cut_incremental_qubit_prop

  5q / 7_Clifford+T_048
    ✓ [   2.6s]  noisy_vanilla
    ✓ [  28.6s]  cut_divided_budget
    ✓ [  20.1s]  cut_qubit_prop
    ✓ [ 273.7s]  cut_incremental_budget
    ✓ [ 251.8s]  cut_incremental_qubit_prop

  5q / 8_Clifford+T_058
    ✓ [   3.0s]  noisy_vanilla
    ✓ [  95.8s]  cut_divided_budget
    ✓ [  81.2s]  cut_qubit_prop
    ✓ [ 936.4s]  cut_incremental_budget
    ✓ [ 955.9s]  cut_incremental_qubit_prop

  5q / 9_Clifford+T_059
    ✓ [   3.0s]  noisy_vanilla
    ✓ [  88.2s]  cut_divided_budget
    ✓ [  79.6s]  cut_qubit_prop
    ✓ [ 867.7s]  cut_incremental_budget
    ✓ [ 861.2s]  cut_incremental_qubit_prop

========================================================================
