========================================================================
CUTTABLE CIRCUIT BENCHMARK RUN REPORT
Timestamp : 2026-06-12 23:00:04
========================================================================

DESIGN
------------------------------------------------------------------------
  Input        : valid_circuits.pkl produced by generate_and_cut.py
  Cut strategy : find_and_place_cuts + CutStrategy(min_free_wires=2)
  Ground truth : PennyLane default.qubit statevector (shots=None)
  Reconstruction: qcut_processing_fn (tensor contraction)
  Observable   : per-circuit Pauli string stored in CircuitSpec.observable
  Error        : |perf_exp_val - result|

CONFIGURATION
------------------------------------------------------------------------
  Shots (B)                 : 10000
  Noisy backend             : 'aer.fake_sherbrooke'
  Ideal backend             : 'aer.perfect'
  Simulator seed            : 42
  Output dir                : PosixPath('results/new/stable_shots_runs_10-14q_no_vanilla/10000_shots/sherbrooke/10_qubits')
  2q-gate alpha             : 0.8
  Incr. batch shots         : 50
  Incr. threshold           : 0.0005
  Incr. offset              : 2
  Incr. stability k         : 5
  Incr. stopping criterion  : 'delta'
  Incr. distance metric     : 'tvd'
  Incr. window size         : 3
  Incr. EWMA alpha          : 0.5
  Selected modes            : cut_divided_budget, cut_qubit_prop, cut_incremental_budget, cut_incremental_qubit_prop

SUMMARY
------------------------------------------------------------------------
Total: 40  ok: 40  failed: 0

RESULTS BY CIRCUIT
------------------------------------------------------------------------
  10q / 0_Clifford+T_001
    ✓ [  55.1s]  cut_divided_budget
    ✓ [  47.9s]  cut_qubit_prop
    ✓ [ 324.4s]  cut_incremental_budget
    ✓ [ 328.9s]  cut_incremental_qubit_prop

  10q / 1_Clifford+T_004
    ✓ [  18.8s]  cut_divided_budget
    ✓ [  11.6s]  cut_qubit_prop
    ✓ [ 288.7s]  cut_incremental_budget
    ✓ [ 301.8s]  cut_incremental_qubit_prop

  10q / 2_Clifford+T_008
    ✓ [  54.8s]  cut_divided_budget
    ✓ [  48.5s]  cut_qubit_prop
    ✓ [ 327.4s]  cut_incremental_budget
    ✓ [ 332.9s]  cut_incremental_qubit_prop

  10q / 3_Clifford+T_015
    ✓ [  18.0s]  cut_divided_budget
    ✓ [  11.5s]  cut_qubit_prop
    ✓ [ 291.4s]  cut_incremental_budget
    ✓ [ 301.6s]  cut_incremental_qubit_prop

  10q / 4_Clifford+T_024
    ✓ [  55.3s]  cut_divided_budget
    ✓ [  48.5s]  cut_qubit_prop
    ✓ [ 329.5s]  cut_incremental_budget
    ✓ [ 333.6s]  cut_incremental_qubit_prop

  10q / 5_Clifford+T_026
    ✓ [  53.1s]  cut_divided_budget
    ✓ [  46.1s]  cut_qubit_prop
    ✓ [ 328.5s]  cut_incremental_budget
    ✓ [ 331.7s]  cut_incremental_qubit_prop

  10q / 6_Clifford+T_032
    ✓ [  18.7s]  cut_divided_budget
    ✓ [  11.9s]  cut_qubit_prop
    ✓ [ 295.5s]  cut_incremental_budget
    ✓ [ 304.4s]  cut_incremental_qubit_prop

  10q / 7_Clifford+T_033
    ✓ [  18.8s]  cut_divided_budget
    ✓ [  12.0s]  cut_qubit_prop
    ✓ [ 294.4s]  cut_incremental_budget
    ✓ [ 305.8s]  cut_incremental_qubit_prop

  10q / 8_Clifford+T_039
    ✓ [  55.0s]  cut_divided_budget
    ✓ [  48.7s]  cut_qubit_prop
    ✓ [ 332.1s]  cut_incremental_budget
    ✓ [ 334.9s]  cut_incremental_qubit_prop

  10q / 9_Clifford+T_041
    ✓ [  18.2s]  cut_divided_budget
    ✓ [  11.6s]  cut_qubit_prop
    ✓ [ 293.7s]  cut_incremental_budget
    ✓ [ 302.8s]  cut_incremental_qubit_prop

========================================================================
