========================================================================
CUTTABLE CIRCUIT BENCHMARK RUN REPORT
Timestamp : 2026-04-27 10:27:15
========================================================================

DESIGN
------------------------------------------------------------------------
  Input        : valid_circuits.pkl produced by generate_and_cut.py
  Cut strategy : find_and_place_cuts + CutStrategy(min_free_wires=2)
  Ground truth : PennyLane default.qubit statevector (shots=None)
  Reconstruction: qcut_processing_fn (tensor contraction)
  Observable   : per-circuit Pauli string stored in CircuitSpec.observable
  Error        : |perf_exp_val - result|

CONFIGURATION
------------------------------------------------------------------------
  Shots (B)                 : 20000
  Noisy backend             : 'aer.fake_torino'
  Ideal backend             : 'aer.perfect'
  Simulator seed            : 42
  Output dir                : PosixPath('results/20k_dma_03/15_qubits')
  2q-gate alpha             : 0.8
  Incr. batch shots         : 50
  Incr. threshold           : 0.01
  Incr. offset              : 2
  Incr. stability k         : 5
  Incr. stopping criterion  : 'dma'
  Incr. distance metric     : 'tvd'
  Incr. window size         : 3
  Incr. EWMA alpha          : 0.5
  Selected modes            : noisy_vanilla, cut_divided_budget, cut_qubit_prop, cut_incremental_budget, cut_incremental_qubit_prop

SUMMARY
------------------------------------------------------------------------
Total: 50  ok: 50  failed: 0

RESULTS BY CIRCUIT
------------------------------------------------------------------------
  15q / 0_Clifford+T_016
    ✓ [  29.6s]  noisy_vanilla
    ✓ [  26.1s]  cut_divided_budget
    ✓ [  20.6s]  cut_qubit_prop
    ✓ [ 169.5s]  cut_incremental_budget
    ✓ [ 167.7s]  cut_incremental_qubit_prop

  15q / 1_Clifford+T_022
    ✓ [  30.3s]  noisy_vanilla
    ✓ [  25.1s]  cut_divided_budget
    ✓ [  21.4s]  cut_qubit_prop
    ✓ [ 171.3s]  cut_incremental_budget
    ✓ [ 186.6s]  cut_incremental_qubit_prop

  15q / 2_Clifford+T_040
    ✓ [  29.2s]  noisy_vanilla
    ✓ [  26.5s]  cut_divided_budget
    ✓ [  24.8s]  cut_qubit_prop
    ✓ [ 177.0s]  cut_incremental_budget
    ✓ [ 173.8s]  cut_incremental_qubit_prop

  15q / 3_Clifford+T_070
    ✓ [  30.0s]  noisy_vanilla
    ✓ [  81.1s]  cut_divided_budget
    ✓ [  73.9s]  cut_qubit_prop
    ✓ [ 645.2s]  cut_incremental_budget
    ✓ [ 748.3s]  cut_incremental_qubit_prop

  15q / 4_Clifford+T_100
    ✓ [  29.9s]  noisy_vanilla
    ✓ [  27.8s]  cut_divided_budget
    ✓ [  18.8s]  cut_qubit_prop
    ✓ [ 168.8s]  cut_incremental_budget
    ✓ [ 184.3s]  cut_incremental_qubit_prop

  15q / 5_Clifford+T_118
    ✓ [  29.8s]  noisy_vanilla
    ✓ [  25.5s]  cut_divided_budget
    ✓ [  19.5s]  cut_qubit_prop
    ✓ [ 168.1s]  cut_incremental_budget
    ✓ [ 171.3s]  cut_incremental_qubit_prop

  15q / 6_Clifford+T_142
    ✓ [  28.7s]  noisy_vanilla
    ✓ [  29.6s]  cut_divided_budget
    ✓ [  24.1s]  cut_qubit_prop
    ✓ [ 164.9s]  cut_incremental_budget
    ✓ [ 161.5s]  cut_incremental_qubit_prop

  15q / 7_Clifford+T_184
    ✓ [  31.9s]  noisy_vanilla
    ✓ [  81.3s]  cut_divided_budget
    ✓ [  79.6s]  cut_qubit_prop
    ✓ [ 734.5s]  cut_incremental_budget
    ✓ [ 683.9s]  cut_incremental_qubit_prop

  15q / 8_Clifford+T_190
    ✓ [  30.3s]  noisy_vanilla
    ✓ [  28.1s]  cut_divided_budget
    ✓ [  26.6s]  cut_qubit_prop
    ✓ [ 198.5s]  cut_incremental_budget
    ✓ [ 175.1s]  cut_incremental_qubit_prop

  15q / 9_Clifford+T_196
    ✓ [  28.6s]  noisy_vanilla
    ✓ [  31.6s]  cut_divided_budget
    ✓ [  24.6s]  cut_qubit_prop
    ✓ [ 217.0s]  cut_incremental_budget
    ✓ [ 197.8s]  cut_incremental_qubit_prop

========================================================================
