========================================================================
CUTTABLE CIRCUIT BENCHMARK RUN REPORT
Timestamp : 2026-06-08 15:43:36
========================================================================

DESIGN
------------------------------------------------------------------------
  Input        : valid_circuits.pkl produced by generate_and_cut.py
  Cut strategy : find_and_place_cuts + CutStrategy(min_free_wires=2)
  Ground truth : PennyLane default.qubit statevector (shots=None)
  Reconstruction: qcut_processing_fn (tensor contraction)
  Observable   : per-circuit Pauli string stored in CircuitSpec.observable
  Error        : |perf_exp_val - result|

CONFIGURATION
------------------------------------------------------------------------
  Shots (B)                 : 5000
  Noisy backend             : 'aer.fake_kyoto'
  Ideal backend             : 'aer.perfect'
  Simulator seed            : 42
  Output dir                : PosixPath('results/new/ewma_5k_kyoto_01/11_qubits')
  2q-gate alpha             : 0.8
  Incr. batch shots         : 50
  Incr. threshold           : 0.03
  Incr. offset              : 3
  Incr. stability k         : 3
  Incr. stopping criterion  : 'ewma'
  Incr. distance metric     : 'tvd'
  Incr. window size         : 3
  Incr. EWMA alpha          : 0.5
  Selected modes            : noisy_vanilla, cut_divided_budget, cut_qubit_prop, cut_incremental_budget, cut_incremental_qubit_prop

SUMMARY
------------------------------------------------------------------------
Total: 50  ok: 50  failed: 0

RESULTS BY CIRCUIT
------------------------------------------------------------------------
  11q / 0_Clifford+T_001
    ✓ [   9.3s]  noisy_vanilla
    ✓ [  72.4s]  cut_divided_budget
    ✓ [  54.2s]  cut_qubit_prop
    ✓ [ 218.4s]  cut_incremental_budget
    ✓ [ 209.3s]  cut_incremental_qubit_prop

  11q / 1_Clifford+T_002
    ✓ [   2.1s]  noisy_vanilla
    ✓ [  70.1s]  cut_divided_budget
    ✓ [  57.6s]  cut_qubit_prop
    ✓ [ 256.8s]  cut_incremental_budget
    ✓ [ 219.4s]  cut_incremental_qubit_prop

  11q / 2_Clifford+T_011
    ✓ [   2.2s]  noisy_vanilla
    ✓ [  26.1s]  cut_divided_budget
    ✓ [  16.9s]  cut_qubit_prop
    ✓ [ 183.4s]  cut_incremental_budget
    ✓ [ 199.7s]  cut_incremental_qubit_prop

  11q / 3_Clifford+T_015
    ✓ [   2.4s]  noisy_vanilla
    ✓ [  27.6s]  cut_divided_budget
    ✓ [  15.9s]  cut_qubit_prop
    ✓ [ 182.5s]  cut_incremental_budget
    ✓ [ 194.1s]  cut_incremental_qubit_prop

  11q / 4_Clifford+T_017
    ✓ [   2.0s]  noisy_vanilla
    ✓ [  23.4s]  cut_divided_budget
    ✓ [  20.5s]  cut_qubit_prop
    ✓ [ 162.0s]  cut_incremental_budget
    ✓ [ 196.9s]  cut_incremental_qubit_prop

  11q / 5_Clifford+T_025
    ✓ [   2.2s]  noisy_vanilla
    ✓ [  29.2s]  cut_divided_budget
    ✓ [  17.9s]  cut_qubit_prop
    ✓ [ 185.7s]  cut_incremental_budget
    ✓ [ 214.5s]  cut_incremental_qubit_prop

  11q / 6_Clifford+T_026
    ✓ [   2.8s]  noisy_vanilla
    ✓ [  26.6s]  cut_divided_budget
    ✓ [  18.6s]  cut_qubit_prop
    ✓ [ 199.5s]  cut_incremental_budget
    ✓ [ 226.1s]  cut_incremental_qubit_prop

  11q / 7_Clifford+T_029
    ✓ [   2.3s]  noisy_vanilla
    ✓ [  21.6s]  cut_divided_budget
    ✓ [  22.2s]  cut_qubit_prop
    ✓ [ 199.7s]  cut_incremental_budget
    ✓ [ 186.8s]  cut_incremental_qubit_prop

  11q / 8_Clifford+T_030
    ✓ [   2.1s]  noisy_vanilla
    ✓ [  21.5s]  cut_divided_budget
    ✓ [  13.5s]  cut_qubit_prop
    ✓ [ 143.9s]  cut_incremental_budget
    ✓ [ 188.9s]  cut_incremental_qubit_prop

  11q / 9_Clifford+T_033
    ✓ [   2.0s]  noisy_vanilla
    ✓ [  23.1s]  cut_divided_budget
    ✓ [  16.8s]  cut_qubit_prop
    ✓ [ 151.6s]  cut_incremental_budget
    ✓ [ 148.9s]  cut_incremental_qubit_prop

========================================================================
