========================================================================
CUTTABLE CIRCUIT BENCHMARK RUN REPORT
Timestamp : 2026-06-18 11:17:32
========================================================================

DESIGN
------------------------------------------------------------------------
  Input        : valid_circuits.pkl produced by generate_and_cut.py
  Cut strategy : find_and_place_cuts + CutStrategy(min_free_wires=2)
  Ground truth : PennyLane default.qubit statevector (shots=None)
  Reconstruction: qcut_processing_fn (tensor contraction)
  Observable   : per-circuit Pauli string stored in CircuitSpec.observable
  Error        : |perf_exp_val - result|

CONFIGURATION
------------------------------------------------------------------------
  Shots (B)                 : 20000
  Noisy backend             : 'aer.fake_kawasaki'
  Ideal backend             : 'aer.perfect'
  Simulator seed            : 42
  Output dir                : PosixPath('results/new/stable_shots3/20000_shots/kawasaki/10_qubits')
  2q-gate alpha             : 0.8
  Incr. batch shots         : 50
  Incr. threshold           : 0.05
  Incr. offset              : 3
  Incr. stability k         : 5
  Incr. stopping criterion  : 'delta'
  Incr. distance metric     : 'tvd'
  Incr. window size         : 3
  Incr. EWMA alpha          : 0.5
  Selected modes            : noisy_vanilla, cut_divided_budget, cut_qubit_prop, cut_incremental_budget, cut_incremental_qubit_prop

SUMMARY
------------------------------------------------------------------------
Total: 50  ok: 50  failed: 0

RESULTS BY CIRCUIT
------------------------------------------------------------------------
  10q / 0_Clifford+T_001
    ✓ [   2.1s]  noisy_vanilla
    ✓ [  66.3s]  cut_divided_budget
    ✓ [  68.5s]  cut_qubit_prop
    ✓ [ 836.9s]  cut_incremental_budget
    ✓ [ 650.1s]  cut_incremental_qubit_prop

  10q / 1_Clifford+T_004
    ✓ [   3.3s]  noisy_vanilla
    ✓ [  30.5s]  cut_divided_budget
    ✓ [  17.5s]  cut_qubit_prop
    ✓ [ 316.2s]  cut_incremental_budget
    ✓ [ 306.0s]  cut_incremental_qubit_prop

  10q / 2_Clifford+T_008
    ✓ [   1.6s]  noisy_vanilla
    ✓ [  71.2s]  cut_divided_budget
    ✓ [  51.8s]  cut_qubit_prop
    ✓ [ 466.9s]  cut_incremental_budget
    ✓ [ 463.0s]  cut_incremental_qubit_prop

  10q / 3_Clifford+T_015
    ✓ [   1.8s]  noisy_vanilla
    ✓ [  18.4s]  cut_divided_budget
    ✓ [  10.1s]  cut_qubit_prop
    ✓ [ 131.2s]  cut_incremental_budget
    ✓ [ 138.8s]  cut_incremental_qubit_prop

  10q / 4_Clifford+T_024
    ✓ [   2.0s]  noisy_vanilla
    ✓ [  54.6s]  cut_divided_budget
    ✓ [  48.2s]  cut_qubit_prop
    ✓ [ 651.9s]  cut_incremental_budget
    ✓ [ 878.3s]  cut_incremental_qubit_prop

  10q / 5_Clifford+T_026
    ✓ [   3.2s]  noisy_vanilla
    ✓ [  77.3s]  cut_divided_budget
    ✓ [  65.8s]  cut_qubit_prop
    ✓ [ 755.4s]  cut_incremental_budget
    ✓ [ 787.0s]  cut_incremental_qubit_prop

  10q / 6_Clifford+T_032
    ✓ [   3.4s]  noisy_vanilla
    ✓ [  24.7s]  cut_divided_budget
    ✓ [  17.4s]  cut_qubit_prop
    ✓ [ 199.9s]  cut_incremental_budget
    ✓ [ 164.3s]  cut_incremental_qubit_prop

  10q / 7_Clifford+T_033
    ✓ [   1.7s]  noisy_vanilla
    ✓ [  22.5s]  cut_divided_budget
    ✓ [  10.8s]  cut_qubit_prop
    ✓ [ 109.1s]  cut_incremental_budget
    ✓ [ 119.4s]  cut_incremental_qubit_prop

  10q / 8_Clifford+T_039
    ✓ [   3.3s]  noisy_vanilla
    ✓ [  73.7s]  cut_divided_budget
    ✓ [  69.1s]  cut_qubit_prop
    ✓ [ 772.4s]  cut_incremental_budget
    ✓ [ 896.6s]  cut_incremental_qubit_prop

  10q / 9_Clifford+T_041
    ✓ [   3.0s]  noisy_vanilla
    ✓ [  29.0s]  cut_divided_budget
    ✓ [  16.3s]  cut_qubit_prop
    ✓ [ 188.8s]  cut_incremental_budget
    ✓ [ 157.5s]  cut_incremental_qubit_prop

========================================================================
