========================================================================
CUTTABLE CIRCUIT BENCHMARK RUN REPORT
Timestamp : 2026-06-17 18:00:26
========================================================================

DESIGN
------------------------------------------------------------------------
  Input        : valid_circuits.pkl produced by generate_and_cut.py
  Cut strategy : find_and_place_cuts + CutStrategy(min_free_wires=2)
  Ground truth : PennyLane default.qubit statevector (shots=None)
  Reconstruction: qcut_processing_fn (tensor contraction)
  Observable   : per-circuit Pauli string stored in CircuitSpec.observable
  Error        : |perf_exp_val - result|

CONFIGURATION
------------------------------------------------------------------------
  Shots (B)                 : 5000
  Noisy backend             : 'aer.fake_sherbrooke'
  Ideal backend             : 'aer.perfect'
  Simulator seed            : 42
  Output dir                : PosixPath('results/new/stable_shots_02/5000_shots/sherbrooke/10_qubits')
  2q-gate alpha             : 0.8
  Incr. batch shots         : 50
  Incr. threshold           : 0.03
  Incr. offset              : 3
  Incr. stability k         : 3
  Incr. stopping criterion  : 'delta'
  Incr. distance metric     : 'tvd'
  Incr. window size         : 3
  Incr. EWMA alpha          : 0.5
  Selected modes            : noisy_vanilla, cut_divided_budget, cut_qubit_prop, cut_incremental_budget, cut_incremental_qubit_prop

SUMMARY
------------------------------------------------------------------------
Total: 50  ok: 50  failed: 0

RESULTS BY CIRCUIT
------------------------------------------------------------------------
  10q / 0_Clifford+T_001
    ✓ [   2.0s]  noisy_vanilla
    ✓ [  78.4s]  cut_divided_budget
    ✓ [  45.4s]  cut_qubit_prop
    ✓ [ 282.7s]  cut_incremental_budget
    ✓ [ 213.2s]  cut_incremental_qubit_prop

  10q / 1_Clifford+T_004
    ✓ [   2.9s]  noisy_vanilla
    ✓ [  26.4s]  cut_divided_budget
    ✓ [  18.9s]  cut_qubit_prop
    ✓ [ 178.4s]  cut_incremental_budget
    ✓ [ 225.9s]  cut_incremental_qubit_prop

  10q / 2_Clifford+T_008
    ✓ [   3.1s]  noisy_vanilla
    ✓ [  72.7s]  cut_divided_budget
    ✓ [  45.4s]  cut_qubit_prop
    ✓ [ 170.7s]  cut_incremental_budget
    ✓ [ 150.3s]  cut_incremental_qubit_prop

  10q / 3_Clifford+T_015
    ✓ [   1.7s]  noisy_vanilla
    ✓ [  17.1s]  cut_divided_budget
    ✓ [   9.9s]  cut_qubit_prop
    ✓ [ 123.5s]  cut_incremental_budget
    ✓ [ 138.7s]  cut_incremental_qubit_prop

  10q / 4_Clifford+T_024
    ✓ [   1.8s]  noisy_vanilla
    ✓ [  72.6s]  cut_divided_budget
    ✓ [  69.6s]  cut_qubit_prop
    ✓ [ 216.4s]  cut_incremental_budget
    ✓ [ 218.1s]  cut_incremental_qubit_prop

  10q / 5_Clifford+T_026
    ✓ [   3.2s]  noisy_vanilla
    ✓ [  76.9s]  cut_divided_budget
    ✓ [  66.8s]  cut_qubit_prop
    ✓ [ 267.5s]  cut_incremental_budget
    ✓ [ 244.5s]  cut_incremental_qubit_prop

  10q / 6_Clifford+T_032
    ✓ [   3.1s]  noisy_vanilla
    ✓ [  29.2s]  cut_divided_budget
    ✓ [  17.8s]  cut_qubit_prop
    ✓ [ 159.1s]  cut_incremental_budget
    ✓ [ 163.4s]  cut_incremental_qubit_prop

  10q / 7_Clifford+T_033
    ✓ [   3.2s]  noisy_vanilla
    ✓ [  29.5s]  cut_divided_budget
    ✓ [  14.3s]  cut_qubit_prop
    ✓ [ 122.4s]  cut_incremental_budget
    ✓ [ 211.8s]  cut_incremental_qubit_prop

  10q / 8_Clifford+T_039
    ✓ [   3.0s]  noisy_vanilla
    ✓ [  79.7s]  cut_divided_budget
    ✓ [  69.5s]  cut_qubit_prop
    ✓ [ 275.8s]  cut_incremental_budget
    ✓ [ 243.6s]  cut_incremental_qubit_prop

  10q / 9_Clifford+T_041
    ✓ [   3.1s]  noisy_vanilla
    ✓ [  23.7s]  cut_divided_budget
    ✓ [  16.5s]  cut_qubit_prop
    ✓ [ 176.9s]  cut_incremental_budget
    ✓ [ 144.1s]  cut_incremental_qubit_prop

========================================================================
