========================================================================
CUTTABLE CIRCUIT BENCHMARK RUN REPORT
Timestamp : 2026-05-29 15:18:05
========================================================================

DESIGN
------------------------------------------------------------------------
  Input        : valid_circuits.pkl produced by generate_and_cut.py
  Cut strategy : find_and_place_cuts + CutStrategy(min_free_wires=2)
  Ground truth : PennyLane default.qubit statevector (shots=None)
  Reconstruction: qcut_processing_fn (tensor contraction)
  Observable   : per-circuit Pauli string stored in CircuitSpec.observable
  Error        : |perf_exp_val - result|

CONFIGURATION
------------------------------------------------------------------------
  Shots (B)                 : 5000
  Noisy backend             : 'aer.fake_kyoto'
  Ideal backend             : 'aer.perfect'
  Simulator seed            : 42
  Output dir                : PosixPath('results/new/ewma_10k_kyoto_01/14_qubits')
  2q-gate alpha             : 0.8
  Incr. batch shots         : 50
  Incr. threshold           : 0.03
  Incr. offset              : 3
  Incr. stability k         : 3
  Incr. stopping criterion  : 'ewma'
  Incr. distance metric     : 'tvd'
  Incr. window size         : 3
  Incr. EWMA alpha          : 0.5
  Selected modes            : noisy_vanilla, cut_divided_budget, cut_qubit_prop, cut_incremental_budget, cut_incremental_qubit_prop

SUMMARY
------------------------------------------------------------------------
Total: 50  ok: 50  failed: 0

RESULTS BY CIRCUIT
------------------------------------------------------------------------
  14q / 0_Clifford+T_001
    ✓ [  13.1s]  noisy_vanilla
    ✓ [  75.9s]  cut_divided_budget
    ✓ [  55.9s]  cut_qubit_prop
    ✓ [ 228.7s]  cut_incremental_budget
    ✓ [ 213.9s]  cut_incremental_qubit_prop

  14q / 1_Clifford+T_011
    ✓ [   5.7s]  noisy_vanilla
    ✓ [  62.7s]  cut_divided_budget
    ✓ [  52.3s]  cut_qubit_prop
    ✓ [ 236.9s]  cut_incremental_budget
    ✓ [ 193.0s]  cut_incremental_qubit_prop

  14q / 2_Clifford+T_012
    ✓ [   5.6s]  noisy_vanilla
    ✓ [  24.3s]  cut_divided_budget
    ✓ [  13.7s]  cut_qubit_prop
    ✓ [ 174.7s]  cut_incremental_budget
    ✓ [ 187.0s]  cut_incremental_qubit_prop

  14q / 3_Clifford+T_014
    ✓ [   5.7s]  noisy_vanilla
    ✓ [  23.0s]  cut_divided_budget
    ✓ [  15.1s]  cut_qubit_prop
    ✓ [ 180.9s]  cut_incremental_budget
    ✓ [ 207.8s]  cut_incremental_qubit_prop

  14q / 4_Clifford+T_015
    ✓ [   5.4s]  noisy_vanilla
    ✓ [  12.3s]  cut_divided_budget
    ✓ [   3.4s]  cut_qubit_prop
    ✓ [  92.9s]  cut_incremental_budget
    ✓ [ 106.9s]  cut_incremental_qubit_prop

  14q / 5_Clifford+T_016
    ✓ [   5.7s]  noisy_vanilla
    ✓ [  23.8s]  cut_divided_budget
    ✓ [  14.0s]  cut_qubit_prop
    ✓ [ 186.6s]  cut_incremental_budget
    ✓ [ 184.4s]  cut_incremental_qubit_prop

  14q / 6_Clifford+T_018
    ✓ [   5.5s]  noisy_vanilla
    ✓ [  22.1s]  cut_divided_budget
    ✓ [  13.2s]  cut_qubit_prop
    ✓ [ 176.6s]  cut_incremental_budget
    ✓ [ 211.8s]  cut_incremental_qubit_prop

  14q / 7_Clifford+T_019
    ✓ [   5.8s]  noisy_vanilla
    ✓ [  26.7s]  cut_divided_budget
    ✓ [  13.9s]  cut_qubit_prop
    ✓ [ 147.3s]  cut_incremental_budget
    ✓ [ 207.3s]  cut_incremental_qubit_prop

  14q / 8_Clifford+T_022
    ✓ [   5.4s]  noisy_vanilla
    ✓ [  21.9s]  cut_divided_budget
    ✓ [  16.7s]  cut_qubit_prop
    ✓ [ 180.5s]  cut_incremental_budget
    ✓ [ 197.2s]  cut_incremental_qubit_prop

  14q / 9_Clifford+T_026
    ✓ [   5.5s]  noisy_vanilla
    ✓ [  21.6s]  cut_divided_budget
    ✓ [  15.8s]  cut_qubit_prop
    ✓ [ 188.9s]  cut_incremental_budget
    ✓ [ 171.1s]  cut_incremental_qubit_prop

========================================================================
