========================================================================
CUTTABLE CIRCUIT BENCHMARK RUN REPORT
Timestamp : 2026-04-27 12:22:16
========================================================================

DESIGN
------------------------------------------------------------------------
  Input        : valid_circuits.pkl produced by generate_and_cut.py
  Cut strategy : find_and_place_cuts + CutStrategy(min_free_wires=2)
  Ground truth : PennyLane default.qubit statevector (shots=None)
  Reconstruction: qcut_processing_fn (tensor contraction)
  Observable   : per-circuit Pauli string stored in CircuitSpec.observable
  Error        : |perf_exp_val - result|

CONFIGURATION
------------------------------------------------------------------------
  Shots (B)                 : 20000
  Noisy backend             : 'aer.fake_torino'
  Ideal backend             : 'aer.perfect'
  Simulator seed            : 42
  Output dir                : PosixPath('results/20k_dma_03/09_qubits')
  2q-gate alpha             : 0.8
  Incr. batch shots         : 50
  Incr. threshold           : 0.01
  Incr. offset              : 2
  Incr. stability k         : 5
  Incr. stopping criterion  : 'dma'
  Incr. distance metric     : 'tvd'
  Incr. window size         : 3
  Incr. EWMA alpha          : 0.5
  Selected modes            : noisy_vanilla, cut_divided_budget, cut_qubit_prop, cut_incremental_budget, cut_incremental_qubit_prop

SUMMARY
------------------------------------------------------------------------
Total: 50  ok: 50  failed: 0

RESULTS BY CIRCUIT
------------------------------------------------------------------------
  9q / 0_Clifford+T_004
    ✓ [   3.4s]  noisy_vanilla
    ✓ [ 111.3s]  cut_divided_budget
    ✓ [  81.7s]  cut_qubit_prop
    ✓ [ 752.1s]  cut_incremental_budget
    ✓ [ 708.5s]  cut_incremental_qubit_prop

  9q / 1_QuantumVolume_012
    ✓ [   2.8s]  noisy_vanilla
    ✓ [1295.8s]  cut_divided_budget
    ✓ [  76.5s]  cut_qubit_prop
    ✓ [ 760.4s]  cut_incremental_budget
    ✓ [ 783.4s]  cut_incremental_qubit_prop

  9q / 2_Clifford+T_016
    ✓ [   2.2s]  noisy_vanilla
    ✓ [  89.4s]  cut_divided_budget
    ✓ [  90.4s]  cut_qubit_prop
    ✓ [ 727.5s]  cut_incremental_budget
    ✓ [ 638.8s]  cut_incremental_qubit_prop

  9q / 3_Clifford+T_034
    ✓ [   2.6s]  noisy_vanilla
    ✓ [  38.5s]  cut_divided_budget
    ✓ [  20.9s]  cut_qubit_prop
    ✓ [ 255.7s]  cut_incremental_budget
    ✓ [ 211.0s]  cut_incremental_qubit_prop

  9q / 4_Clifford+T_070
    ✓ [   2.5s]  noisy_vanilla
    ✓ [  26.7s]  cut_divided_budget
    ✓ [  20.0s]  cut_qubit_prop
    ✓ [ 173.7s]  cut_incremental_budget
    ✓ [ 169.5s]  cut_incremental_qubit_prop

  9q / 5_Clifford+T_106
    ✓ [   2.3s]  noisy_vanilla
    ✓ [  83.0s]  cut_divided_budget
    ✓ [  75.5s]  cut_qubit_prop
    ✓ [ 756.2s]  cut_incremental_budget
    ✓ [ 685.6s]  cut_incremental_qubit_prop

  9q / 6_QuantumVolume_126
    ✓ [   3.2s]  noisy_vanilla
    ✓ [1207.4s]  cut_divided_budget
    ✓ [  74.3s]  cut_qubit_prop
    ✓ [ 679.4s]  cut_incremental_budget
    ✓ [ 676.9s]  cut_incremental_qubit_prop

  9q / 7_Clifford+T_154
    ✓ [   2.3s]  noisy_vanilla
    ✓ [  26.7s]  cut_divided_budget
    ✓ [  18.9s]  cut_qubit_prop
    ✓ [ 173.2s]  cut_incremental_budget
    ✓ [ 173.6s]  cut_incremental_qubit_prop

  9q / 8_Clifford+T_166
    ✓ [   2.2s]  noisy_vanilla
    ✓ [  26.1s]  cut_divided_budget
    ✓ [  19.0s]  cut_qubit_prop
    ✓ [ 173.1s]  cut_incremental_budget
    ✓ [ 169.8s]  cut_incremental_qubit_prop

  9q / 9_Clifford+T_184
    ✓ [   2.5s]  noisy_vanilla
    ✓ [  83.4s]  cut_divided_budget
    ✓ [  76.5s]  cut_qubit_prop
    ✓ [ 679.2s]  cut_incremental_budget
    ✓ [ 620.0s]  cut_incremental_qubit_prop

========================================================================
