========================================================================
CUTTABLE CIRCUIT BENCHMARK RUN REPORT
Timestamp : 2026-06-18 01:06:44
========================================================================

DESIGN
------------------------------------------------------------------------
  Input        : valid_circuits.pkl produced by generate_and_cut.py
  Cut strategy : find_and_place_cuts + CutStrategy(min_free_wires=2)
  Ground truth : PennyLane default.qubit statevector (shots=None)
  Reconstruction: qcut_processing_fn (tensor contraction)
  Observable   : per-circuit Pauli string stored in CircuitSpec.observable
  Error        : |perf_exp_val - result|

CONFIGURATION
------------------------------------------------------------------------
  Shots (B)                 : 10000
  Noisy backend             : 'aer.fake_torino'
  Ideal backend             : 'aer.perfect'
  Simulator seed            : 42
  Output dir                : PosixPath('results/new/stable_shots_02/10000_shots/torino/12_qubits')
  2q-gate alpha             : 0.8
  Incr. batch shots         : 50
  Incr. threshold           : 0.03
  Incr. offset              : 3
  Incr. stability k         : 3
  Incr. stopping criterion  : 'delta'
  Incr. distance metric     : 'tvd'
  Incr. window size         : 3
  Incr. EWMA alpha          : 0.5
  Selected modes            : noisy_vanilla, cut_divided_budget, cut_qubit_prop, cut_incremental_budget, cut_incremental_qubit_prop

SUMMARY
------------------------------------------------------------------------
Total: 50  ok: 50  failed: 0

RESULTS BY CIRCUIT
------------------------------------------------------------------------
  12q / 0_Clifford+T_001
    ✓ [  19.5s]  noisy_vanilla
    ✓ [  44.1s]  cut_divided_budget
    ✓ [  31.5s]  cut_qubit_prop
    ✓ [ 542.2s]  cut_incremental_budget
    ✓ [ 648.3s]  cut_incremental_qubit_prop

  12q / 1_Clifford+T_002
    ✓ [  40.3s]  noisy_vanilla
    ✓ [ 262.8s]  cut_divided_budget
    ✓ [ 215.1s]  cut_qubit_prop
    ✓ [1602.7s]  cut_incremental_budget
    ✓ [1331.2s]  cut_incremental_qubit_prop

  12q / 2_Clifford+T_004
    ✓ [  48.6s]  noisy_vanilla
    ✓ [  43.5s]  cut_divided_budget
    ✓ [  27.2s]  cut_qubit_prop
    ✓ [ 441.0s]  cut_incremental_budget
    ✓ [ 568.8s]  cut_incremental_qubit_prop

  12q / 3_Clifford+T_006
    ✓ [  18.7s]  noisy_vanilla
    ✓ [  44.5s]  cut_divided_budget
    ✓ [  28.8s]  cut_qubit_prop
    ✓ [ 400.9s]  cut_incremental_budget
    ✓ [ 461.9s]  cut_incremental_qubit_prop

  12q / 4_Clifford+T_011
    ✓ [  10.8s]  noisy_vanilla
    ✓ [  94.1s]  cut_divided_budget
    ✓ [  92.1s]  cut_qubit_prop
    ✓ [ 573.7s]  cut_incremental_budget
    ✓ [ 538.8s]  cut_incremental_qubit_prop

  12q / 5_Clifford+T_013
    ✓ [  12.9s]  noisy_vanilla
    ✓ [ 123.8s]  cut_divided_budget
    ✓ [ 124.8s]  cut_qubit_prop
    ✓ [ 929.1s]  cut_incremental_budget
    ✓ [ 927.7s]  cut_incremental_qubit_prop

  12q / 6_Clifford+T_015
    ✓ [  19.6s]  noisy_vanilla
    ✓ [  43.2s]  cut_divided_budget
    ✓ [  30.8s]  cut_qubit_prop
    ✓ [ 658.5s]  cut_incremental_budget
    ✓ [ 606.2s]  cut_incremental_qubit_prop

  12q / 7_Clifford+T_019
    ✓ [  21.1s]  noisy_vanilla
    ✓ [  20.9s]  cut_divided_budget
    ✓ [   7.5s]  cut_qubit_prop
    ✓ [ 126.2s]  cut_incremental_budget
    ✓ [  91.2s]  cut_incremental_qubit_prop

  12q / 8_Clifford+T_021
    ✓ [   8.3s]  noisy_vanilla
    ✓ [  28.0s]  cut_divided_budget
    ✓ [  18.9s]  cut_qubit_prop
    ✓ [ 552.3s]  cut_incremental_budget
    ✓ [ 519.0s]  cut_incremental_qubit_prop

  12q / 9_Clifford+T_025
    ✓ [  16.5s]  noisy_vanilla
    ✓ [ 130.9s]  cut_divided_budget
    ✓ [ 130.5s]  cut_qubit_prop
    ✓ [ 885.5s]  cut_incremental_budget
    ✓ [ 793.1s]  cut_incremental_qubit_prop

========================================================================
