========================================================================
CUTTABLE CIRCUIT BENCHMARK RUN REPORT
Timestamp : 2026-06-16 10:20:43
========================================================================

DESIGN
------------------------------------------------------------------------
  Input        : valid_circuits.pkl produced by generate_and_cut.py
  Cut strategy : find_and_place_cuts + CutStrategy(min_free_wires=2)
  Ground truth : PennyLane default.qubit statevector (shots=None)
  Reconstruction: qcut_processing_fn (tensor contraction)
  Observable   : per-circuit Pauli string stored in CircuitSpec.observable
  Error        : |perf_exp_val - result|

CONFIGURATION
------------------------------------------------------------------------
  Shots (B)                 : 5000
  Noisy backend             : 'aer.fake_kawasaki'
  Ideal backend             : 'aer.perfect'
  Simulator seed            : 42
  Output dir                : PosixPath('results/new/stable_shots_runs02_15-16q_no_vanilla/5000_shots/kawasaki/15_qubits')
  2q-gate alpha             : 0.8
  Incr. batch shots         : 50
  Incr. threshold           : 0.005
  Incr. offset              : 3
  Incr. stability k         : 5
  Incr. stopping criterion  : 'delta'
  Incr. distance metric     : 'tvd'
  Incr. window size         : 3
  Incr. EWMA alpha          : 0.5
  Selected modes            : cut_divided_budget, cut_qubit_prop, cut_incremental_budget, cut_incremental_qubit_prop

SUMMARY
------------------------------------------------------------------------
Total: 40  ok: 40  failed: 0

RESULTS BY CIRCUIT
------------------------------------------------------------------------
  15q / 0_Clifford+T_003
    ✓ [  18.5s]  cut_divided_budget
    ✓ [  11.6s]  cut_qubit_prop
    ✓ [ 136.4s]  cut_incremental_budget
    ✓ [ 135.9s]  cut_incremental_qubit_prop

  15q / 1_Clifford+T_009
    ✓ [  16.2s]  cut_divided_budget
    ✓ [   9.8s]  cut_qubit_prop
    ✓ [ 135.4s]  cut_incremental_budget
    ✓ [ 134.4s]  cut_incremental_qubit_prop

  15q / 2_Clifford+T_011
    ✓ [  19.2s]  cut_divided_budget
    ✓ [  12.8s]  cut_qubit_prop
    ✓ [ 133.9s]  cut_incremental_budget
    ✓ [ 134.5s]  cut_incremental_qubit_prop

  15q / 3_Clifford+T_015
    ✓ [  49.3s]  cut_divided_budget
    ✓ [  42.2s]  cut_qubit_prop
    ✓ [ 166.5s]  cut_incremental_budget
    ✓ [ 166.7s]  cut_incremental_qubit_prop

  15q / 4_Clifford+T_016
    ✓ [  16.5s]  cut_divided_budget
    ✓ [  10.2s]  cut_qubit_prop
    ✓ [ 136.0s]  cut_incremental_budget
    ✓ [ 131.5s]  cut_incremental_qubit_prop

  15q / 5_Clifford+T_018
    ✓ [  17.5s]  cut_divided_budget
    ✓ [  10.2s]  cut_qubit_prop
    ✓ [ 131.8s]  cut_incremental_budget
    ✓ [ 132.8s]  cut_incremental_qubit_prop

  15q / 6_Clifford+T_022
    ✓ [  16.5s]  cut_divided_budget
    ✓ [  10.1s]  cut_qubit_prop
    ✓ [ 132.0s]  cut_incremental_budget
    ✓ [ 133.6s]  cut_incremental_qubit_prop

  15q / 7_Clifford+T_023
    ✓ [  18.9s]  cut_divided_budget
    ✓ [  13.1s]  cut_qubit_prop
    ✓ [ 132.8s]  cut_incremental_budget
    ✓ [ 136.7s]  cut_incremental_qubit_prop

  15q / 8_Clifford+T_024
    ✓ [  26.0s]  cut_divided_budget
    ✓ [  24.4s]  cut_qubit_prop
    ✓ [ 138.9s]  cut_incremental_budget
    ✓ [ 146.6s]  cut_incremental_qubit_prop

  15q / 9_Clifford+T_026
    ✓ [  26.3s]  cut_divided_budget
    ✓ [  26.2s]  cut_qubit_prop
    ✓ [ 140.5s]  cut_incremental_budget
    ✓ [ 149.9s]  cut_incremental_qubit_prop

========================================================================
