========================================================================
CUTTABLE CIRCUIT BENCHMARK RUN REPORT
Timestamp : 2026-06-16 21:46:14
========================================================================

DESIGN
------------------------------------------------------------------------
  Input        : valid_circuits.pkl produced by generate_and_cut.py
  Cut strategy : find_and_place_cuts + CutStrategy(min_free_wires=2)
  Ground truth : PennyLane default.qubit statevector (shots=None)
  Reconstruction: qcut_processing_fn (tensor contraction)
  Observable   : per-circuit Pauli string stored in CircuitSpec.observable
  Error        : |perf_exp_val - result|

CONFIGURATION
------------------------------------------------------------------------
  Shots (B)                 : 20000
  Noisy backend             : 'aer.fake_kawasaki'
  Ideal backend             : 'aer.perfect'
  Simulator seed            : 42
  Output dir                : PosixPath('results/new/stable_shots_runs02_10-14q_no_vanilla/20000_shots/kawasaki/14_qubits')
  2q-gate alpha             : 0.8
  Incr. batch shots         : 50
  Incr. threshold           : 0.005
  Incr. offset              : 3
  Incr. stability k         : 5
  Incr. stopping criterion  : 'delta'
  Incr. distance metric     : 'tvd'
  Incr. window size         : 3
  Incr. EWMA alpha          : 0.5
  Selected modes            : cut_divided_budget, cut_qubit_prop, cut_incremental_budget, cut_incremental_qubit_prop

SUMMARY
------------------------------------------------------------------------
Total: 40  ok: 40  failed: 0

RESULTS BY CIRCUIT
------------------------------------------------------------------------
  14q / 0_Clifford+T_001
    ✓ [  66.6s]  cut_divided_budget
    ✓ [  95.8s]  cut_qubit_prop
    ✓ [ 904.6s]  cut_incremental_budget
    ✓ [ 895.8s]  cut_incremental_qubit_prop

  14q / 1_Clifford+T_011
    ✓ [  81.2s]  cut_divided_budget
    ✓ [  75.6s]  cut_qubit_prop
    ✓ [ 888.1s]  cut_incremental_budget
    ✓ [ 736.9s]  cut_incremental_qubit_prop

  14q / 2_Clifford+T_012
    ✓ [  56.1s]  cut_divided_budget
    ✓ [  84.0s]  cut_qubit_prop
    ✓ [ 766.2s]  cut_incremental_budget
    ✓ [ 895.6s]  cut_incremental_qubit_prop

  14q / 3_Clifford+T_014
    ✓ [  89.9s]  cut_divided_budget
    ✓ [ 130.3s]  cut_qubit_prop
    ✓ [ 672.3s]  cut_incremental_budget
    ✓ [ 969.9s]  cut_incremental_qubit_prop

  14q / 4_Clifford+T_015
    ✓ [  71.8s]  cut_divided_budget
    ✓ [  64.1s]  cut_qubit_prop
    ✓ [ 564.2s]  cut_incremental_budget
    ✓ [ 567.6s]  cut_incremental_qubit_prop

  14q / 5_Clifford+T_016
    ✓ [  23.7s]  cut_divided_budget
    ✓ [  17.1s]  cut_qubit_prop
    ✓ [ 793.1s]  cut_incremental_budget
    ✓ [ 780.2s]  cut_incremental_qubit_prop

  14q / 6_Clifford+T_018
    ✓ [  23.9s]  cut_divided_budget
    ✓ [  16.4s]  cut_qubit_prop
    ✓ [ 827.5s]  cut_incremental_budget
    ✓ [ 834.7s]  cut_incremental_qubit_prop

  14q / 7_Clifford+T_019
    ✓ [  62.0s]  cut_divided_budget
    ✓ [  80.9s]  cut_qubit_prop
    ✓ [ 685.0s]  cut_incremental_budget
    ✓ [ 917.1s]  cut_incremental_qubit_prop

  14q / 8_Clifford+T_022
    ✓ [  54.8s]  cut_divided_budget
    ✓ [  84.2s]  cut_qubit_prop
    ✓ [ 456.4s]  cut_incremental_budget
    ✓ [ 549.9s]  cut_incremental_qubit_prop

  14q / 9_Clifford+T_026
    ✓ [  16.3s]  cut_divided_budget
    ✓ [  10.3s]  cut_qubit_prop
    ✓ [ 742.5s]  cut_incremental_budget
    ✓ [ 845.0s]  cut_incremental_qubit_prop

========================================================================
