========================================================================
CUTTABLE CIRCUIT BENCHMARK RUN REPORT
Timestamp : 2026-06-18 02:56:39
========================================================================

DESIGN
------------------------------------------------------------------------
  Input        : valid_circuits.pkl produced by generate_and_cut.py
  Cut strategy : find_and_place_cuts + CutStrategy(min_free_wires=2)
  Ground truth : PennyLane default.qubit statevector (shots=None)
  Reconstruction: qcut_processing_fn (tensor contraction)
  Observable   : per-circuit Pauli string stored in CircuitSpec.observable
  Error        : |perf_exp_val - result|

CONFIGURATION
------------------------------------------------------------------------
  Shots (B)                 : 10000
  Noisy backend             : 'aer.fake_sherbrooke'
  Ideal backend             : 'aer.perfect'
  Simulator seed            : 42
  Output dir                : PosixPath('results/new/stable_shots3/10000_shots/sherbrooke/15_qubits')
  2q-gate alpha             : 0.8
  Incr. batch shots         : 50
  Incr. threshold           : 0.05
  Incr. offset              : 3
  Incr. stability k         : 5
  Incr. stopping criterion  : 'delta'
  Incr. distance metric     : 'tvd'
  Incr. window size         : 3
  Incr. EWMA alpha          : 0.5
  Selected modes            : noisy_vanilla, cut_divided_budget, cut_qubit_prop, cut_incremental_budget, cut_incremental_qubit_prop

SUMMARY
------------------------------------------------------------------------
Total: 50  ok: 50  failed: 0

RESULTS BY CIRCUIT
------------------------------------------------------------------------
  15q / 0_Clifford+T_003
    ✓ [ 333.8s]  noisy_vanilla
    ✓ [  27.1s]  cut_divided_budget
    ✓ [  19.4s]  cut_qubit_prop
    ✓ [ 255.0s]  cut_incremental_budget
    ✓ [ 194.5s]  cut_incremental_qubit_prop

  15q / 1_Clifford+T_009
    ✓ [ 246.2s]  noisy_vanilla
    ✓ [  23.1s]  cut_divided_budget
    ✓ [  16.8s]  cut_qubit_prop
    ✓ [ 310.6s]  cut_incremental_budget
    ✓ [ 304.2s]  cut_incremental_qubit_prop

  15q / 2_Clifford+T_011
    ✓ [ 316.6s]  noisy_vanilla
    ✓ [  35.1s]  cut_divided_budget
    ✓ [  28.0s]  cut_qubit_prop
    ✓ [ 210.6s]  cut_incremental_budget
    ✓ [ 187.4s]  cut_incremental_qubit_prop

  15q / 3_Clifford+T_015
    ✓ [ 205.5s]  noisy_vanilla
    ✓ [  77.6s]  cut_divided_budget
    ✓ [  67.3s]  cut_qubit_prop
    ✓ [ 428.9s]  cut_incremental_budget
    ✓ [ 437.3s]  cut_incremental_qubit_prop

  15q / 4_Clifford+T_016
    ✓ [ 317.4s]  noisy_vanilla
    ✓ [  28.0s]  cut_divided_budget
    ✓ [  17.4s]  cut_qubit_prop
    ✓ [ 244.0s]  cut_incremental_budget
    ✓ [ 236.4s]  cut_incremental_qubit_prop

  15q / 5_Clifford+T_018
    ✓ [ 250.3s]  noisy_vanilla
    ✓ [  24.0s]  cut_divided_budget
    ✓ [  13.2s]  cut_qubit_prop
    ✓ [ 285.1s]  cut_incremental_budget
    ✓ [ 305.3s]  cut_incremental_qubit_prop

  15q / 6_Clifford+T_022
    ✓ [ 345.9s]  noisy_vanilla
    ✓ [  28.0s]  cut_divided_budget
    ✓ [  17.3s]  cut_qubit_prop
    ✓ [ 261.3s]  cut_incremental_budget
    ✓ [ 283.1s]  cut_incremental_qubit_prop

  15q / 7_Clifford+T_023
    ✓ [ 173.8s]  noisy_vanilla
    ✓ [  21.4s]  cut_divided_budget
    ✓ [  17.5s]  cut_qubit_prop
    ✓ [ 184.3s]  cut_incremental_budget
    ✓ [ 290.3s]  cut_incremental_qubit_prop

  15q / 8_Clifford+T_024
    ✓ [ 167.7s]  noisy_vanilla
    ✓ [  43.7s]  cut_divided_budget
    ✓ [  64.5s]  cut_qubit_prop
    ✓ [ 339.2s]  cut_incremental_budget
    ✓ [ 299.0s]  cut_incremental_qubit_prop

  15q / 9_Clifford+T_026
    ✓ [ 167.4s]  noisy_vanilla
    ✓ [  35.9s]  cut_divided_budget
    ✓ [  42.1s]  cut_qubit_prop
    ✓ [ 315.4s]  cut_incremental_budget
    ✓ [ 217.1s]  cut_incremental_qubit_prop

========================================================================
