========================================================================
CUTTABLE CIRCUIT BENCHMARK RUN REPORT
Timestamp : 2026-06-16 11:22:28
========================================================================

DESIGN
------------------------------------------------------------------------
  Input        : valid_circuits.pkl produced by generate_and_cut.py
  Cut strategy : find_and_place_cuts + CutStrategy(min_free_wires=2)
  Ground truth : PennyLane default.qubit statevector (shots=None)
  Reconstruction: qcut_processing_fn (tensor contraction)
  Observable   : per-circuit Pauli string stored in CircuitSpec.observable
  Error        : |perf_exp_val - result|

CONFIGURATION
------------------------------------------------------------------------
  Shots (B)                 : 5000
  Noisy backend             : 'aer.fake_torino'
  Ideal backend             : 'aer.perfect'
  Simulator seed            : 42
  Output dir                : PosixPath('results/new/stable_shots_runs02_15-16q_no_vanilla/5000_shots/torino/15_qubits')
  2q-gate alpha             : 0.8
  Incr. batch shots         : 50
  Incr. threshold           : 0.005
  Incr. offset              : 3
  Incr. stability k         : 5
  Incr. stopping criterion  : 'delta'
  Incr. distance metric     : 'tvd'
  Incr. window size         : 3
  Incr. EWMA alpha          : 0.5
  Selected modes            : cut_divided_budget, cut_qubit_prop, cut_incremental_budget, cut_incremental_qubit_prop

SUMMARY
------------------------------------------------------------------------
Total: 40  ok: 40  failed: 0

RESULTS BY CIRCUIT
------------------------------------------------------------------------
  15q / 0_Clifford+T_003
    ✓ [  28.0s]  cut_divided_budget
    ✓ [  20.3s]  cut_qubit_prop
    ✓ [ 262.9s]  cut_incremental_budget
    ✓ [ 260.6s]  cut_incremental_qubit_prop

  15q / 1_Clifford+T_009
    ✓ [  25.5s]  cut_divided_budget
    ✓ [  18.6s]  cut_qubit_prop
    ✓ [ 261.9s]  cut_incremental_budget
    ✓ [ 261.1s]  cut_incremental_qubit_prop

  15q / 2_Clifford+T_011
    ✓ [  28.7s]  cut_divided_budget
    ✓ [  22.2s]  cut_qubit_prop
    ✓ [ 255.9s]  cut_incremental_budget
    ✓ [ 257.8s]  cut_incremental_qubit_prop

  15q / 3_Clifford+T_015
    ✓ [  88.6s]  cut_divided_budget
    ✓ [  80.3s]  cut_qubit_prop
    ✓ [ 316.8s]  cut_incremental_budget
    ✓ [ 317.6s]  cut_incremental_qubit_prop

  15q / 4_Clifford+T_016
    ✓ [  26.1s]  cut_divided_budget
    ✓ [  19.0s]  cut_qubit_prop
    ✓ [ 258.3s]  cut_incremental_budget
    ✓ [ 247.0s]  cut_incremental_qubit_prop

  15q / 5_Clifford+T_018
    ✓ [  26.3s]  cut_divided_budget
    ✓ [  19.0s]  cut_qubit_prop
    ✓ [ 251.2s]  cut_incremental_budget
    ✓ [ 311.2s]  cut_incremental_qubit_prop

  15q / 6_Clifford+T_022
    ✓ [  34.3s]  cut_divided_budget
    ✓ [  31.8s]  cut_qubit_prop
    ✓ [ 413.6s]  cut_incremental_budget
    ✓ [ 416.1s]  cut_incremental_qubit_prop

  15q / 7_Clifford+T_023
    ✓ [  42.1s]  cut_divided_budget
    ✓ [  37.2s]  cut_qubit_prop
    ✓ [ 415.9s]  cut_incremental_budget
    ✓ [ 422.3s]  cut_incremental_qubit_prop

  15q / 8_Clifford+T_024
    ✓ [  35.4s]  cut_divided_budget
    ✓ [  33.7s]  cut_qubit_prop
    ✓ [ 258.4s]  cut_incremental_budget
    ✓ [ 269.0s]  cut_incremental_qubit_prop

  15q / 9_Clifford+T_026
    ✓ [  35.6s]  cut_divided_budget
    ✓ [  35.4s]  cut_qubit_prop
    ✓ [ 259.9s]  cut_incremental_budget
    ✓ [ 276.9s]  cut_incremental_qubit_prop

========================================================================
