========================================================================
CUTTABLE CIRCUIT BENCHMARK RUN REPORT
Timestamp : 2026-05-19 09:59:24
========================================================================

DESIGN
------------------------------------------------------------------------
  Input        : valid_circuits.pkl produced by generate_and_cut.py
  Cut strategy : find_and_place_cuts + CutStrategy(min_free_wires=2)
  Ground truth : PennyLane default.qubit statevector (shots=None)
  Reconstruction: qcut_processing_fn (tensor contraction)
  Observable   : per-circuit Pauli string stored in CircuitSpec.observable
  Error        : |perf_exp_val - result|

CONFIGURATION
------------------------------------------------------------------------
  Shots (B)                 : 30000
  Noisy backend             : 'aer.fake_torino'
  Ideal backend             : 'aer.perfect'
  Simulator seed            : 42
  Output dir                : PosixPath('results/clif/20k_ewma_01/11_qubits')
  2q-gate alpha             : 0.8
  Incr. batch shots         : 50
  Incr. threshold           : 0.01
  Incr. offset              : 3
  Incr. stability k         : 3
  Incr. stopping criterion  : 'ewma'
  Incr. distance metric     : 'tvd'
  Incr. window size         : 3
  Incr. EWMA alpha          : 0.5
  Selected modes            : noisy_vanilla, cut_divided_budget, cut_qubit_prop, cut_incremental_budget, cut_incremental_qubit_prop

SUMMARY
------------------------------------------------------------------------
Total: 50  ok: 50  failed: 0

RESULTS BY CIRCUIT
------------------------------------------------------------------------
  11q / 0_Clifford+T_001
    ✓ [   7.9s]  noisy_vanilla
    ✓ [  96.5s]  cut_divided_budget
    ✓ [  93.1s]  cut_qubit_prop
    ✓ [ 712.6s]  cut_incremental_budget
    ✓ [ 800.8s]  cut_incremental_qubit_prop

  11q / 1_Clifford+T_002
    ✓ [   3.8s]  noisy_vanilla
    ✓ [  96.2s]  cut_divided_budget
    ✓ [  94.2s]  cut_qubit_prop
    ✓ [ 685.1s]  cut_incremental_budget
    ✓ [ 753.8s]  cut_incremental_qubit_prop

  11q / 2_Clifford+T_011
    ✓ [   2.8s]  noisy_vanilla
    ✓ [  35.3s]  cut_divided_budget
    ✓ [  22.7s]  cut_qubit_prop
    ✓ [ 199.4s]  cut_incremental_budget
    ✓ [ 180.7s]  cut_incremental_qubit_prop

  11q / 3_Clifford+T_015
    ✓ [   3.1s]  noisy_vanilla
    ✓ [  31.7s]  cut_divided_budget
    ✓ [  24.3s]  cut_qubit_prop
    ✓ [ 167.6s]  cut_incremental_budget
    ✓ [ 192.4s]  cut_incremental_qubit_prop

  11q / 4_Clifford+T_017
    ✓ [   2.8s]  noisy_vanilla
    ✓ [  32.8s]  cut_divided_budget
    ✓ [  20.5s]  cut_qubit_prop
    ✓ [ 162.9s]  cut_incremental_budget
    ✓ [ 201.7s]  cut_incremental_qubit_prop

  11q / 5_Clifford+T_025
    ✓ [   3.4s]  noisy_vanilla
    ✓ [  37.1s]  cut_divided_budget
    ✓ [  21.4s]  cut_qubit_prop
    ✓ [ 183.9s]  cut_incremental_budget
    ✓ [ 198.1s]  cut_incremental_qubit_prop

  11q / 6_Clifford+T_026
    ✓ [   3.7s]  noisy_vanilla
    ✓ [  33.2s]  cut_divided_budget
    ✓ [  20.8s]  cut_qubit_prop
    ✓ [ 181.7s]  cut_incremental_budget
    ✓ [ 230.7s]  cut_incremental_qubit_prop

  11q / 7_Clifford+T_029
    ✓ [   4.2s]  noisy_vanilla
    ✓ [  28.4s]  cut_divided_budget
    ✓ [  20.1s]  cut_qubit_prop
    ✓ [ 207.0s]  cut_incremental_budget
    ✓ [ 171.9s]  cut_incremental_qubit_prop

  11q / 8_Clifford+T_030
    ✓ [   2.7s]  noisy_vanilla
    ✓ [  28.0s]  cut_divided_budget
    ✓ [  19.8s]  cut_qubit_prop
    ✓ [ 156.7s]  cut_incremental_budget
    ✓ [ 173.6s]  cut_incremental_qubit_prop

  11q / 9_Clifford+T_033
    ✓ [   3.1s]  noisy_vanilla
    ✓ [  33.8s]  cut_divided_budget
    ✓ [  22.6s]  cut_qubit_prop
    ✓ [ 170.4s]  cut_incremental_budget
    ✓ [ 163.8s]  cut_incremental_qubit_prop

========================================================================
