========================================================================
CUTTABLE CIRCUIT BENCHMARK RUN REPORT
Timestamp : 2026-06-09 08:24:33
========================================================================

DESIGN
------------------------------------------------------------------------
  Input        : valid_circuits.pkl produced by generate_and_cut.py
  Cut strategy : find_and_place_cuts + CutStrategy(min_free_wires=2)
  Ground truth : PennyLane default.qubit statevector (shots=None)
  Reconstruction: qcut_processing_fn (tensor contraction)
  Observable   : per-circuit Pauli string stored in CircuitSpec.observable
  Error        : |perf_exp_val - result|

CONFIGURATION
------------------------------------------------------------------------
  Shots (B)                 : 5000
  Noisy backend             : 'aer.fake_kawasaki'
  Ideal backend             : 'aer.perfect'
  Simulator seed            : 42
  Output dir                : PosixPath('results/new/ewma_5k_kawasaki_01/14_qubits')
  2q-gate alpha             : 0.8
  Incr. batch shots         : 50
  Incr. threshold           : 0.03
  Incr. offset              : 3
  Incr. stability k         : 3
  Incr. stopping criterion  : 'ewma'
  Incr. distance metric     : 'tvd'
  Incr. window size         : 3
  Incr. EWMA alpha          : 0.5
  Selected modes            : noisy_vanilla, cut_divided_budget, cut_qubit_prop, cut_incremental_budget, cut_incremental_qubit_prop

SUMMARY
------------------------------------------------------------------------
Total: 50  ok: 50  failed: 0

RESULTS BY CIRCUIT
------------------------------------------------------------------------
  14q / 0_Clifford+T_001
    ✓ [  14.5s]  noisy_vanilla
    ✓ [  55.4s]  cut_divided_budget
    ✓ [  40.8s]  cut_qubit_prop
    ✓ [ 157.2s]  cut_incremental_budget
    ✓ [ 155.4s]  cut_incremental_qubit_prop

  14q / 1_Clifford+T_011
    ✓ [   4.8s]  noisy_vanilla
    ✓ [  56.6s]  cut_divided_budget
    ✓ [  38.1s]  cut_qubit_prop
    ✓ [ 173.2s]  cut_incremental_budget
    ✓ [ 147.9s]  cut_incremental_qubit_prop

  14q / 2_Clifford+T_012
    ✓ [   4.9s]  noisy_vanilla
    ✓ [  20.2s]  cut_divided_budget
    ✓ [  11.2s]  cut_qubit_prop
    ✓ [ 128.0s]  cut_incremental_budget
    ✓ [ 130.3s]  cut_incremental_qubit_prop

  14q / 3_Clifford+T_014
    ✓ [   4.6s]  noisy_vanilla
    ✓ [  23.6s]  cut_divided_budget
    ✓ [  11.9s]  cut_qubit_prop
    ✓ [ 122.7s]  cut_incremental_budget
    ✓ [ 128.8s]  cut_incremental_qubit_prop

  14q / 4_Clifford+T_015
    ✓ [   4.9s]  noisy_vanilla
    ✓ [  10.8s]  cut_divided_budget
    ✓ [   3.3s]  cut_qubit_prop
    ✓ [  67.3s]  cut_incremental_budget
    ✓ [  58.8s]  cut_incremental_qubit_prop

  14q / 5_Clifford+T_016
    ✓ [   9.8s]  noisy_vanilla
    ✓ [  17.6s]  cut_divided_budget
    ✓ [  10.4s]  cut_qubit_prop
    ✓ [ 119.6s]  cut_incremental_budget
    ✓ [ 122.0s]  cut_incremental_qubit_prop

  14q / 6_Clifford+T_018
    ✓ [   4.8s]  noisy_vanilla
    ✓ [  20.0s]  cut_divided_budget
    ✓ [  18.2s]  cut_qubit_prop
    ✓ [ 119.4s]  cut_incremental_budget
    ✓ [ 149.3s]  cut_incremental_qubit_prop

  14q / 7_Clifford+T_019
    ✓ [   7.6s]  noisy_vanilla
    ✓ [  18.5s]  cut_divided_budget
    ✓ [  11.1s]  cut_qubit_prop
    ✓ [ 121.6s]  cut_incremental_budget
    ✓ [ 135.3s]  cut_incremental_qubit_prop

  14q / 8_Clifford+T_022
    ✓ [   4.5s]  noisy_vanilla
    ✓ [  19.2s]  cut_divided_budget
    ✓ [  11.6s]  cut_qubit_prop
    ✓ [ 127.3s]  cut_incremental_budget
    ✓ [ 140.0s]  cut_incremental_qubit_prop

  14q / 9_Clifford+T_026
    ✓ [   4.9s]  noisy_vanilla
    ✓ [  16.8s]  cut_divided_budget
    ✓ [  12.0s]  cut_qubit_prop
    ✓ [ 167.0s]  cut_incremental_budget
    ✓ [ 146.7s]  cut_incremental_qubit_prop

========================================================================
