========================================================================
CUTTABLE CIRCUIT BENCHMARK RUN REPORT
Timestamp : 2026-06-18 00:38:46
========================================================================

DESIGN
------------------------------------------------------------------------
  Input        : valid_circuits.pkl produced by generate_and_cut.py
  Cut strategy : find_and_place_cuts + CutStrategy(min_free_wires=2)
  Ground truth : PennyLane default.qubit statevector (shots=None)
  Reconstruction: qcut_processing_fn (tensor contraction)
  Observable   : per-circuit Pauli string stored in CircuitSpec.observable
  Error        : |perf_exp_val - result|

CONFIGURATION
------------------------------------------------------------------------
  Shots (B)                 : 10000
  Noisy backend             : 'aer.fake_sherbrooke'
  Ideal backend             : 'aer.perfect'
  Simulator seed            : 42
  Output dir                : PosixPath('results/new/stable_shots_02/10000_shots/sherbrooke/12_qubits')
  2q-gate alpha             : 0.8
  Incr. batch shots         : 50
  Incr. threshold           : 0.03
  Incr. offset              : 3
  Incr. stability k         : 3
  Incr. stopping criterion  : 'delta'
  Incr. distance metric     : 'tvd'
  Incr. window size         : 3
  Incr. EWMA alpha          : 0.5
  Selected modes            : noisy_vanilla, cut_divided_budget, cut_qubit_prop, cut_incremental_budget, cut_incremental_qubit_prop

SUMMARY
------------------------------------------------------------------------
Total: 50  ok: 50  failed: 0

RESULTS BY CIRCUIT
------------------------------------------------------------------------
  12q / 0_Clifford+T_001
    ✓ [  17.3s]  noisy_vanilla
    ✓ [  27.5s]  cut_divided_budget
    ✓ [  16.4s]  cut_qubit_prop
    ✓ [ 270.2s]  cut_incremental_budget
    ✓ [ 273.6s]  cut_incremental_qubit_prop

  12q / 1_Clifford+T_002
    ✓ [  18.8s]  noisy_vanilla
    ✓ [  82.3s]  cut_divided_budget
    ✓ [  80.0s]  cut_qubit_prop
    ✓ [ 481.1s]  cut_incremental_budget
    ✓ [ 392.0s]  cut_incremental_qubit_prop

  12q / 2_Clifford+T_004
    ✓ [   9.2s]  noisy_vanilla
    ✓ [  22.5s]  cut_divided_budget
    ✓ [  17.1s]  cut_qubit_prop
    ✓ [ 178.6s]  cut_incremental_budget
    ✓ [ 309.2s]  cut_incremental_qubit_prop

  12q / 3_Clifford+T_006
    ✓ [  10.7s]  noisy_vanilla
    ✓ [  24.1s]  cut_divided_budget
    ✓ [  13.6s]  cut_qubit_prop
    ✓ [ 258.6s]  cut_incremental_budget
    ✓ [ 297.5s]  cut_incremental_qubit_prop

  12q / 4_Clifford+T_011
    ✓ [  19.4s]  noisy_vanilla
    ✓ [  87.2s]  cut_divided_budget
    ✓ [  80.9s]  cut_qubit_prop
    ✓ [ 390.8s]  cut_incremental_budget
    ✓ [ 442.2s]  cut_incremental_qubit_prop

  12q / 5_Clifford+T_013
    ✓ [  23.1s]  noisy_vanilla
    ✓ [  78.9s]  cut_divided_budget
    ✓ [  67.4s]  cut_qubit_prop
    ✓ [ 490.9s]  cut_incremental_budget
    ✓ [ 492.6s]  cut_incremental_qubit_prop

  12q / 6_Clifford+T_015
    ✓ [  17.7s]  noisy_vanilla
    ✓ [  27.7s]  cut_divided_budget
    ✓ [  16.4s]  cut_qubit_prop
    ✓ [ 312.5s]  cut_incremental_budget
    ✓ [ 297.5s]  cut_incremental_qubit_prop

  12q / 7_Clifford+T_019
    ✓ [  18.7s]  noisy_vanilla
    ✓ [  19.3s]  cut_divided_budget
    ✓ [   7.1s]  cut_qubit_prop
    ✓ [  86.2s]  cut_incremental_budget
    ✓ [  70.2s]  cut_incremental_qubit_prop

  12q / 8_Clifford+T_021
    ✓ [   7.2s]  noisy_vanilla
    ✓ [  17.0s]  cut_divided_budget
    ✓ [  10.0s]  cut_qubit_prop
    ✓ [ 205.2s]  cut_incremental_budget
    ✓ [ 178.5s]  cut_incremental_qubit_prop

  12q / 9_Clifford+T_025
    ✓ [   7.7s]  noisy_vanilla
    ✓ [  72.8s]  cut_divided_budget
    ✓ [  70.9s]  cut_qubit_prop
    ✓ [ 485.1s]  cut_incremental_budget
    ✓ [ 382.5s]  cut_incremental_qubit_prop

========================================================================
