========================================================================
CUTTABLE CIRCUIT BENCHMARK RUN REPORT
Timestamp : 2026-06-16 20:44:45
========================================================================

DESIGN
------------------------------------------------------------------------
  Input        : valid_circuits.pkl produced by generate_and_cut.py
  Cut strategy : find_and_place_cuts + CutStrategy(min_free_wires=2)
  Ground truth : PennyLane default.qubit statevector (shots=None)
  Reconstruction: qcut_processing_fn (tensor contraction)
  Observable   : per-circuit Pauli string stored in CircuitSpec.observable
  Error        : |perf_exp_val - result|

CONFIGURATION
------------------------------------------------------------------------
  Shots (B)                 : 20000
  Noisy backend             : 'aer.fake_kyoto'
  Ideal backend             : 'aer.perfect'
  Simulator seed            : 42
  Output dir                : PosixPath('results/new/stable_shots_runs02_15-16q_no_vanilla/20000_shots/kyoto/15_qubits')
  2q-gate alpha             : 0.8
  Incr. batch shots         : 50
  Incr. threshold           : 0.005
  Incr. offset              : 3
  Incr. stability k         : 5
  Incr. stopping criterion  : 'delta'
  Incr. distance metric     : 'tvd'
  Incr. window size         : 3
  Incr. EWMA alpha          : 0.5
  Selected modes            : cut_divided_budget, cut_qubit_prop, cut_incremental_budget, cut_incremental_qubit_prop

SUMMARY
------------------------------------------------------------------------
Total: 40  ok: 40  failed: 0

RESULTS BY CIRCUIT
------------------------------------------------------------------------
  15q / 0_Clifford+T_003
    ✓ [  20.9s]  cut_divided_budget
    ✓ [  13.8s]  cut_qubit_prop
    ✓ [ 642.3s]  cut_incremental_budget
    ✓ [ 642.7s]  cut_incremental_qubit_prop

  15q / 1_Clifford+T_009
    ✓ [  18.6s]  cut_divided_budget
    ✓ [  12.3s]  cut_qubit_prop
    ✓ [ 645.7s]  cut_incremental_budget
    ✓ [1013.3s]  cut_incremental_qubit_prop

  15q / 2_Clifford+T_011
    ✓ [  42.1s]  cut_divided_budget
    ✓ [  35.6s]  cut_qubit_prop
    ✓ [1023.5s]  cut_incremental_budget
    ✓ [1054.7s]  cut_incremental_qubit_prop

  15q / 3_Clifford+T_015
    ✓ [  65.8s]  cut_divided_budget
    ✓ [  48.1s]  cut_qubit_prop
    ✓ [ 965.2s]  cut_incremental_budget
    ✓ [ 775.9s]  cut_incremental_qubit_prop

  15q / 4_Clifford+T_016
    ✓ [  19.1s]  cut_divided_budget
    ✓ [  12.4s]  cut_qubit_prop
    ✓ [ 640.6s]  cut_incremental_budget
    ✓ [ 634.2s]  cut_incremental_qubit_prop

  15q / 5_Clifford+T_018
    ✓ [  21.9s]  cut_divided_budget
    ✓ [  12.1s]  cut_qubit_prop
    ✓ [ 615.8s]  cut_incremental_budget
    ✓ [ 627.7s]  cut_incremental_qubit_prop

  15q / 6_Clifford+T_022
    ✓ [  19.8s]  cut_divided_budget
    ✓ [  12.5s]  cut_qubit_prop
    ✓ [ 626.3s]  cut_incremental_budget
    ✓ [ 630.2s]  cut_incremental_qubit_prop

  15q / 7_Clifford+T_023
    ✓ [  26.0s]  cut_divided_budget
    ✓ [  19.1s]  cut_qubit_prop
    ✓ [ 602.3s]  cut_incremental_budget
    ✓ [ 651.8s]  cut_incremental_qubit_prop

  15q / 8_Clifford+T_024
    ✓ [  54.6s]  cut_divided_budget
    ✓ [  68.6s]  cut_qubit_prop
    ✓ [ 612.3s]  cut_incremental_budget
    ✓ [ 688.0s]  cut_incremental_qubit_prop

  15q / 9_Clifford+T_026
    ✓ [  56.2s]  cut_divided_budget
    ✓ [  76.2s]  cut_qubit_prop
    ✓ [ 634.3s]  cut_incremental_budget
    ✓ [ 700.6s]  cut_incremental_qubit_prop

========================================================================
