========================================================================
CUTTABLE CIRCUIT BENCHMARK RUN REPORT
Timestamp : 2026-06-15 14:28:01
========================================================================

DESIGN
------------------------------------------------------------------------
  Input        : valid_circuits.pkl produced by generate_and_cut.py
  Cut strategy : find_and_place_cuts + CutStrategy(min_free_wires=2)
  Ground truth : PennyLane default.qubit statevector (shots=None)
  Reconstruction: qcut_processing_fn (tensor contraction)
  Observable   : per-circuit Pauli string stored in CircuitSpec.observable
  Error        : |perf_exp_val - result|

CONFIGURATION
------------------------------------------------------------------------
  Shots (B)                 : 5000
  Noisy backend             : 'aer.fake_kawasaki'
  Ideal backend             : 'aer.perfect'
  Simulator seed            : 42
  Output dir                : PosixPath('results/new/stable_shots_runs02_10-14q_no_vanilla/5000_shots/kawasaki/14_qubits')
  2q-gate alpha             : 0.8
  Incr. batch shots         : 50
  Incr. threshold           : 0.005
  Incr. offset              : 3
  Incr. stability k         : 5
  Incr. stopping criterion  : 'delta'
  Incr. distance metric     : 'tvd'
  Incr. window size         : 3
  Incr. EWMA alpha          : 0.5
  Selected modes            : cut_divided_budget, cut_qubit_prop, cut_incremental_budget, cut_incremental_qubit_prop

SUMMARY
------------------------------------------------------------------------
Total: 40  ok: 40  failed: 0

RESULTS BY CIRCUIT
------------------------------------------------------------------------
  14q / 0_Clifford+T_001
    ✓ [  51.3s]  cut_divided_budget
    ✓ [  46.7s]  cut_qubit_prop
    ✓ [ 166.4s]  cut_incremental_budget
    ✓ [ 148.3s]  cut_incremental_qubit_prop

  14q / 1_Clifford+T_011
    ✓ [  47.9s]  cut_divided_budget
    ✓ [  41.4s]  cut_qubit_prop
    ✓ [ 165.3s]  cut_incremental_budget
    ✓ [ 146.9s]  cut_incremental_qubit_prop

  14q / 2_Clifford+T_012
    ✓ [  21.4s]  cut_divided_budget
    ✓ [  17.7s]  cut_qubit_prop
    ✓ [ 133.5s]  cut_incremental_budget
    ✓ [ 139.3s]  cut_incremental_qubit_prop

  14q / 3_Clifford+T_014
    ✓ [  26.5s]  cut_divided_budget
    ✓ [  26.0s]  cut_qubit_prop
    ✓ [ 139.5s]  cut_incremental_budget
    ✓ [ 148.0s]  cut_incremental_qubit_prop

  14q / 4_Clifford+T_015
    ✓ [  27.5s]  cut_divided_budget
    ✓ [  20.7s]  cut_qubit_prop
    ✓ [ 148.2s]  cut_incremental_budget
    ✓ [ 148.3s]  cut_incremental_qubit_prop

  14q / 5_Clifford+T_016
    ✓ [  16.7s]  cut_divided_budget
    ✓ [  10.2s]  cut_qubit_prop
    ✓ [ 130.3s]  cut_incremental_budget
    ✓ [ 132.5s]  cut_incremental_qubit_prop

  14q / 6_Clifford+T_018
    ✓ [  17.5s]  cut_divided_budget
    ✓ [   9.8s]  cut_qubit_prop
    ✓ [ 130.9s]  cut_incremental_budget
    ✓ [ 131.0s]  cut_incremental_qubit_prop

  14q / 7_Clifford+T_019
    ✓ [  22.5s]  cut_divided_budget
    ✓ [  18.9s]  cut_qubit_prop
    ✓ [ 135.2s]  cut_incremental_budget
    ✓ [ 139.7s]  cut_incremental_qubit_prop

  14q / 8_Clifford+T_022
    ✓ [  21.3s]  cut_divided_budget
    ✓ [  17.5s]  cut_qubit_prop
    ✓ [ 132.6s]  cut_incremental_budget
    ✓ [ 137.5s]  cut_incremental_qubit_prop

  14q / 9_Clifford+T_026
    ✓ [  16.2s]  cut_divided_budget
    ✓ [   9.9s]  cut_qubit_prop
    ✓ [ 131.8s]  cut_incremental_budget
    ✓ [ 127.4s]  cut_incremental_qubit_prop

========================================================================
