========================================================================
CUTTABLE CIRCUIT BENCHMARK RUN REPORT
Timestamp : 2026-06-17 19:38:18
========================================================================

DESIGN
------------------------------------------------------------------------
  Input        : valid_circuits.pkl produced by generate_and_cut.py
  Cut strategy : find_and_place_cuts + CutStrategy(min_free_wires=2)
  Ground truth : PennyLane default.qubit statevector (shots=None)
  Reconstruction: qcut_processing_fn (tensor contraction)
  Observable   : per-circuit Pauli string stored in CircuitSpec.observable
  Error        : |perf_exp_val - result|

CONFIGURATION
------------------------------------------------------------------------
  Shots (B)                 : 5000
  Noisy backend             : 'aer.fake_sherbrooke'
  Ideal backend             : 'aer.perfect'
  Simulator seed            : 42
  Output dir                : PosixPath('results/new/stable_shots_02/5000_shots/sherbrooke/15_qubits')
  2q-gate alpha             : 0.8
  Incr. batch shots         : 50
  Incr. threshold           : 0.03
  Incr. offset              : 3
  Incr. stability k         : 3
  Incr. stopping criterion  : 'delta'
  Incr. distance metric     : 'tvd'
  Incr. window size         : 3
  Incr. EWMA alpha          : 0.5
  Selected modes            : noisy_vanilla, cut_divided_budget, cut_qubit_prop, cut_incremental_budget, cut_incremental_qubit_prop

SUMMARY
------------------------------------------------------------------------
Total: 50  ok: 50  failed: 0

RESULTS BY CIRCUIT
------------------------------------------------------------------------
  15q / 0_Clifford+T_003
    ✓ [ 133.9s]  noisy_vanilla
    ✓ [  21.5s]  cut_divided_budget
    ✓ [  17.5s]  cut_qubit_prop
    ✓ [ 172.2s]  cut_incremental_budget
    ✓ [ 202.8s]  cut_incremental_qubit_prop

  15q / 1_Clifford+T_009
    ✓ [ 174.0s]  noisy_vanilla
    ✓ [ 116.2s]  cut_divided_budget
    ✓ [  10.6s]  cut_qubit_prop
    ✓ [ 140.1s]  cut_incremental_budget
    ✓ [ 140.9s]  cut_incremental_qubit_prop

  15q / 2_Clifford+T_011
    ✓ [  89.7s]  noisy_vanilla
    ✓ [  22.9s]  cut_divided_budget
    ✓ [  13.1s]  cut_qubit_prop
    ✓ [ 150.7s]  cut_incremental_budget
    ✓ [ 141.8s]  cut_incremental_qubit_prop

  15q / 3_Clifford+T_015
    ✓ [  85.5s]  noisy_vanilla
    ✓ [  49.6s]  cut_divided_budget
    ✓ [  44.2s]  cut_qubit_prop
    ✓ [ 174.0s]  cut_incremental_budget
    ✓ [ 219.9s]  cut_incremental_qubit_prop

  15q / 4_Clifford+T_016
    ✓ [ 142.4s]  noisy_vanilla
    ✓ [  27.3s]  cut_divided_budget
    ✓ [  16.7s]  cut_qubit_prop
    ✓ [ 204.7s]  cut_incremental_budget
    ✓ [ 207.1s]  cut_incremental_qubit_prop

  15q / 5_Clifford+T_018
    ✓ [ 161.5s]  noisy_vanilla
    ✓ [  25.3s]  cut_divided_budget
    ✓ [  16.6s]  cut_qubit_prop
    ✓ [ 206.8s]  cut_incremental_budget
    ✓ [ 209.6s]  cut_incremental_qubit_prop

  15q / 6_Clifford+T_022
    ✓ [  90.0s]  noisy_vanilla
    ✓ [  17.5s]  cut_divided_budget
    ✓ [  10.6s]  cut_qubit_prop
    ✓ [ 179.4s]  cut_incremental_budget
    ✓ [ 223.5s]  cut_incremental_qubit_prop

  15q / 7_Clifford+T_023
    ✓ [ 143.1s]  noisy_vanilla
    ✓ [  31.3s]  cut_divided_budget
    ✓ [  21.8s]  cut_qubit_prop
    ✓ [ 187.4s]  cut_incremental_budget
    ✓ [ 228.1s]  cut_incremental_qubit_prop

  15q / 8_Clifford+T_024
    ✓ [ 150.8s]  noisy_vanilla
    ✓ [  39.3s]  cut_divided_budget
    ✓ [  42.1s]  cut_qubit_prop
    ✓ [ 212.6s]  cut_incremental_budget
    ✓ [ 246.7s]  cut_incremental_qubit_prop

  15q / 9_Clifford+T_026
    ✓ [ 161.7s]  noisy_vanilla
    ✓ [  48.6s]  cut_divided_budget
    ✓ [  42.3s]  cut_qubit_prop
    ✓ [ 192.3s]  cut_incremental_budget
    ✓ [ 255.6s]  cut_incremental_qubit_prop

========================================================================
