========================================================================
CUTTABLE CIRCUIT BENCHMARK RUN REPORT
Timestamp : 2026-05-27 11:59:59
========================================================================

DESIGN
------------------------------------------------------------------------
  Input        : valid_circuits.pkl produced by generate_and_cut.py
  Cut strategy : find_and_place_cuts + CutStrategy(min_free_wires=2)
  Ground truth : PennyLane default.qubit statevector (shots=None)
  Reconstruction: qcut_processing_fn (tensor contraction)
  Observable   : per-circuit Pauli string stored in CircuitSpec.observable
  Error        : |perf_exp_val - result|

CONFIGURATION
------------------------------------------------------------------------
  Shots (B)                 : 20000
  Noisy backend             : 'aer.fake_sherbrooke'
  Ideal backend             : 'aer.perfect'
  Simulator seed            : 42
  Output dir                : PosixPath('results/new/ewma_20k_sherbrooke_01/12_qubits')
  2q-gate alpha             : 0.8
  Incr. batch shots         : 50
  Incr. threshold           : 0.03
  Incr. offset              : 3
  Incr. stability k         : 3
  Incr. stopping criterion  : 'ewma'
  Incr. distance metric     : 'tvd'
  Incr. window size         : 3
  Incr. EWMA alpha          : 0.5
  Selected modes            : noisy_vanilla, cut_divided_budget, cut_qubit_prop, cut_incremental_budget, cut_incremental_qubit_prop

SUMMARY
------------------------------------------------------------------------
Total: 50  ok: 50  failed: 0

RESULTS BY CIRCUIT
------------------------------------------------------------------------
  12q / 0_Clifford+T_001
    ✓ [  37.2s]  noisy_vanilla
    ✓ [ 109.9s]  cut_divided_budget
    ✓ [  18.6s]  cut_qubit_prop
    ✓ [ 490.8s]  cut_incremental_budget
    ✓ [ 605.1s]  cut_incremental_qubit_prop

  12q / 1_Clifford+T_002
    ✓ [   6.5s]  noisy_vanilla
    ✓ [  83.2s]  cut_divided_budget
    ✓ [  77.7s]  cut_qubit_prop
    ✓ [ 870.2s]  cut_incremental_budget
    ✓ [ 975.1s]  cut_incremental_qubit_prop

  12q / 2_Clifford+T_004
    ✓ [   3.9s]  noisy_vanilla
    ✓ [  77.9s]  cut_divided_budget
    ✓ [  25.1s]  cut_qubit_prop
    ✓ [ 425.8s]  cut_incremental_budget
    ✓ [ 505.2s]  cut_incremental_qubit_prop

  12q / 3_Clifford+T_006
    ✓ [   3.5s]  noisy_vanilla
    ✓ [  32.4s]  cut_divided_budget
    ✓ [  18.9s]  cut_qubit_prop
    ✓ [ 297.4s]  cut_incremental_budget
    ✓ [ 370.0s]  cut_incremental_qubit_prop

  12q / 4_Clifford+T_011
    ✓ [   3.7s]  noisy_vanilla
    ✓ [ 139.9s]  cut_divided_budget
    ✓ [  89.4s]  cut_qubit_prop
    ✓ [1013.1s]  cut_incremental_budget
    ✓ [1033.3s]  cut_incremental_qubit_prop

  12q / 5_Clifford+T_013
    ✓ [   4.1s]  noisy_vanilla
    ✓ [  80.0s]  cut_divided_budget
    ✓ [  55.7s]  cut_qubit_prop
    ✓ [1030.4s]  cut_incremental_budget
    ✓ [ 848.9s]  cut_incremental_qubit_prop

  12q / 6_Clifford+T_015
    ✓ [   3.4s]  noisy_vanilla
    ✓ [  47.9s]  cut_divided_budget
    ✓ [  41.1s]  cut_qubit_prop
    ✓ [ 281.9s]  cut_incremental_budget
    ✓ [ 356.8s]  cut_incremental_qubit_prop

  12q / 7_Clifford+T_019
    ✓ [   3.8s]  noisy_vanilla
    ✓ [  13.9s]  cut_divided_budget
    ✓ [   2.5s]  cut_qubit_prop
    ✓ [  76.4s]  cut_incremental_budget
    ✓ [  73.4s]  cut_incremental_qubit_prop

  12q / 8_Clifford+T_021
    ✓ [   2.8s]  noisy_vanilla
    ✓ [  21.7s]  cut_divided_budget
    ✓ [  12.3s]  cut_qubit_prop
    ✓ [ 274.6s]  cut_incremental_budget
    ✓ [ 242.6s]  cut_incremental_qubit_prop

  12q / 9_Clifford+T_025
    ✓ [   2.7s]  noisy_vanilla
    ✓ [ 108.8s]  cut_divided_budget
    ✓ [  66.2s]  cut_qubit_prop
    ✓ [ 678.6s]  cut_incremental_budget
    ✓ [ 778.2s]  cut_incremental_qubit_prop

========================================================================
