========================================================================
CUTTABLE CIRCUIT BENCHMARK RUN REPORT
Timestamp : 2026-06-12 12:18:09
========================================================================

DESIGN
------------------------------------------------------------------------
  Input        : valid_circuits.pkl produced by generate_and_cut.py
  Cut strategy : find_and_place_cuts + CutStrategy(min_free_wires=2)
  Ground truth : PennyLane default.qubit statevector (shots=None)
  Reconstruction: qcut_processing_fn (tensor contraction)
  Observable   : per-circuit Pauli string stored in CircuitSpec.observable
  Error        : |perf_exp_val - result|

CONFIGURATION
------------------------------------------------------------------------
  Shots (B)                 : 5000
  Noisy backend             : 'aer.fake_sherbrooke'
  Ideal backend             : 'aer.perfect'
  Simulator seed            : 42
  Output dir                : PosixPath('results/new/stable_shots_runs_10-14q_no_vanilla/5000_shots/sherbrooke/11_qubits')
  2q-gate alpha             : 0.8
  Incr. batch shots         : 50
  Incr. threshold           : 0.0005
  Incr. offset              : 2
  Incr. stability k         : 5
  Incr. stopping criterion  : 'delta'
  Incr. distance metric     : 'tvd'
  Incr. window size         : 3
  Incr. EWMA alpha          : 0.5
  Selected modes            : cut_divided_budget, cut_qubit_prop, cut_incremental_budget, cut_incremental_qubit_prop

SUMMARY
------------------------------------------------------------------------
Total: 40  ok: 40  failed: 0

RESULTS BY CIRCUIT
------------------------------------------------------------------------
  11q / 0_Clifford+T_001
    ✓ [  52.2s]  cut_divided_budget
    ✓ [  45.1s]  cut_qubit_prop
    ✓ [ 188.6s]  cut_incremental_budget
    ✓ [ 165.0s]  cut_incremental_qubit_prop

  11q / 1_Clifford+T_002
    ✓ [  53.9s]  cut_divided_budget
    ✓ [  46.6s]  cut_qubit_prop
    ✓ [ 187.2s]  cut_incremental_budget
    ✓ [ 164.5s]  cut_incremental_qubit_prop

  11q / 2_Clifford+T_011
    ✓ [  18.4s]  cut_divided_budget
    ✓ [  11.9s]  cut_qubit_prop
    ✓ [ 151.6s]  cut_incremental_budget
    ✓ [ 154.2s]  cut_incremental_qubit_prop

  11q / 3_Clifford+T_015
    ✓ [  18.1s]  cut_divided_budget
    ✓ [  11.9s]  cut_qubit_prop
    ✓ [ 152.2s]  cut_incremental_budget
    ✓ [ 153.2s]  cut_incremental_qubit_prop

  11q / 4_Clifford+T_017
    ✓ [  17.9s]  cut_divided_budget
    ✓ [  12.2s]  cut_qubit_prop
    ✓ [ 152.2s]  cut_incremental_budget
    ✓ [ 154.3s]  cut_incremental_qubit_prop

  11q / 5_Clifford+T_025
    ✓ [  17.9s]  cut_divided_budget
    ✓ [  11.5s]  cut_qubit_prop
    ✓ [ 152.4s]  cut_incremental_budget
    ✓ [ 153.9s]  cut_incremental_qubit_prop

  11q / 6_Clifford+T_026
    ✓ [  19.4s]  cut_divided_budget
    ✓ [  13.0s]  cut_qubit_prop
    ✓ [ 153.1s]  cut_incremental_budget
    ✓ [ 155.3s]  cut_incremental_qubit_prop

  11q / 7_Clifford+T_029
    ✓ [  17.7s]  cut_divided_budget
    ✓ [  11.5s]  cut_qubit_prop
    ✓ [ 152.9s]  cut_incremental_budget
    ✓ [ 152.6s]  cut_incremental_qubit_prop

  11q / 8_Clifford+T_030
    ✓ [  18.0s]  cut_divided_budget
    ✓ [  11.8s]  cut_qubit_prop
    ✓ [ 152.7s]  cut_incremental_budget
    ✓ [ 154.7s]  cut_incremental_qubit_prop

  11q / 9_Clifford+T_033
    ✓ [  18.0s]  cut_divided_budget
    ✓ [  11.8s]  cut_qubit_prop
    ✓ [ 152.8s]  cut_incremental_budget
    ✓ [ 153.8s]  cut_incremental_qubit_prop

========================================================================
