========================================================================
CUTTABLE CIRCUIT BENCHMARK RUN REPORT
Timestamp : 2026-06-15 23:37:53
========================================================================

DESIGN
------------------------------------------------------------------------
  Input        : valid_circuits.pkl produced by generate_and_cut.py
  Cut strategy : find_and_place_cuts + CutStrategy(min_free_wires=2)
  Ground truth : PennyLane default.qubit statevector (shots=None)
  Reconstruction: qcut_processing_fn (tensor contraction)
  Observable   : per-circuit Pauli string stored in CircuitSpec.observable
  Error        : |perf_exp_val - result|

CONFIGURATION
------------------------------------------------------------------------
  Shots (B)                 : 10000
  Noisy backend             : 'aer.fake_kawasaki'
  Ideal backend             : 'aer.perfect'
  Simulator seed            : 42
  Output dir                : PosixPath('results/new/stable_shots_runs02_10-14q_no_vanilla/10000_shots/kawasaki/12_qubits')
  2q-gate alpha             : 0.8
  Incr. batch shots         : 50
  Incr. threshold           : 0.005
  Incr. offset              : 3
  Incr. stability k         : 5
  Incr. stopping criterion  : 'delta'
  Incr. distance metric     : 'tvd'
  Incr. window size         : 3
  Incr. EWMA alpha          : 0.5
  Selected modes            : cut_divided_budget, cut_qubit_prop, cut_incremental_budget, cut_incremental_qubit_prop

SUMMARY
------------------------------------------------------------------------
Total: 40  ok: 40  failed: 0

RESULTS BY CIRCUIT
------------------------------------------------------------------------
  12q / 0_Clifford+T_001
    ✓ [  16.9s]  cut_divided_budget
    ✓ [   9.7s]  cut_qubit_prop
    ✓ [ 244.1s]  cut_incremental_budget
    ✓ [ 255.6s]  cut_incremental_qubit_prop

  12q / 1_Clifford+T_002
    ✓ [  51.2s]  cut_divided_budget
    ✓ [  46.3s]  cut_qubit_prop
    ✓ [ 282.8s]  cut_incremental_budget
    ✓ [ 268.8s]  cut_incremental_qubit_prop

  12q / 2_Clifford+T_004
    ✓ [  21.4s]  cut_divided_budget
    ✓ [  17.0s]  cut_qubit_prop
    ✓ [ 238.6s]  cut_incremental_budget
    ✓ [ 266.8s]  cut_incremental_qubit_prop

  12q / 3_Clifford+T_006
    ✓ [  17.4s]  cut_divided_budget
    ✓ [  10.0s]  cut_qubit_prop
    ✓ [ 231.8s]  cut_incremental_budget
    ✓ [ 260.8s]  cut_incremental_qubit_prop

  12q / 4_Clifford+T_011
    ✓ [  52.4s]  cut_divided_budget
    ✓ [  48.4s]  cut_qubit_prop
    ✓ [ 285.3s]  cut_incremental_budget
    ✓ [ 274.6s]  cut_incremental_qubit_prop

  12q / 5_Clifford+T_013
    ✓ [  46.9s]  cut_divided_budget
    ✓ [  39.3s]  cut_qubit_prop
    ✓ [ 290.6s]  cut_incremental_budget
    ✓ [ 290.5s]  cut_incremental_qubit_prop

  12q / 6_Clifford+T_015
    ✓ [  16.7s]  cut_divided_budget
    ✓ [   9.9s]  cut_qubit_prop
    ✓ [ 251.3s]  cut_incremental_budget
    ✓ [ 259.5s]  cut_incremental_qubit_prop

  12q / 7_Clifford+T_019
    ✓ [  11.3s]  cut_divided_budget
    ✓ [   2.8s]  cut_qubit_prop
    ✓ [ 179.4s]  cut_incremental_budget
    ✓ [ 209.0s]  cut_incremental_qubit_prop

  12q / 8_Clifford+T_021
    ✓ [  16.8s]  cut_divided_budget
    ✓ [   9.8s]  cut_qubit_prop
    ✓ [ 260.8s]  cut_incremental_budget
    ✓ [ 266.0s]  cut_incremental_qubit_prop

  12q / 9_Clifford+T_025
    ✓ [  48.6s]  cut_divided_budget
    ✓ [  42.1s]  cut_qubit_prop
    ✓ [ 283.8s]  cut_incremental_budget
    ✓ [ 287.5s]  cut_incremental_qubit_prop

========================================================================
