========================================================================
CUTTABLE CIRCUIT BENCHMARK RUN REPORT
Timestamp : 2026-06-09 08:30:09
========================================================================

DESIGN
------------------------------------------------------------------------
  Input        : valid_circuits.pkl produced by generate_and_cut.py
  Cut strategy : find_and_place_cuts + CutStrategy(min_free_wires=2)
  Ground truth : PennyLane default.qubit statevector (shots=None)
  Reconstruction: qcut_processing_fn (tensor contraction)
  Observable   : per-circuit Pauli string stored in CircuitSpec.observable
  Error        : |perf_exp_val - result|

CONFIGURATION
------------------------------------------------------------------------
  Shots (B)                 : 5000
  Noisy backend             : 'aer.fake_kawasaki'
  Ideal backend             : 'aer.perfect'
  Simulator seed            : 42
  Output dir                : PosixPath('results/new/ewma_5k_kawasaki_01/15_qubits')
  2q-gate alpha             : 0.8
  Incr. batch shots         : 50
  Incr. threshold           : 0.03
  Incr. offset              : 3
  Incr. stability k         : 3
  Incr. stopping criterion  : 'ewma'
  Incr. distance metric     : 'tvd'
  Incr. window size         : 3
  Incr. EWMA alpha          : 0.5
  Selected modes            : noisy_vanilla, cut_divided_budget, cut_qubit_prop, cut_incremental_budget, cut_incremental_qubit_prop

SUMMARY
------------------------------------------------------------------------
Total: 50  ok: 50  failed: 0

RESULTS BY CIRCUIT
------------------------------------------------------------------------
  15q / 0_Clifford+T_003
    ✓ [  18.6s]  noisy_vanilla
    ✓ [  25.3s]  cut_divided_budget
    ✓ [  14.5s]  cut_qubit_prop
    ✓ [ 133.9s]  cut_incremental_budget
    ✓ [ 152.5s]  cut_incremental_qubit_prop

  15q / 1_Clifford+T_009
    ✓ [   9.0s]  noisy_vanilla
    ✓ [  20.6s]  cut_divided_budget
    ✓ [  12.3s]  cut_qubit_prop
    ✓ [ 143.8s]  cut_incremental_budget
    ✓ [ 166.0s]  cut_incremental_qubit_prop

  15q / 2_Clifford+T_011
    ✓ [   9.1s]  noisy_vanilla
    ✓ [  22.3s]  cut_divided_budget
    ✓ [  10.7s]  cut_qubit_prop
    ✓ [ 137.5s]  cut_incremental_budget
    ✓ [ 153.3s]  cut_incremental_qubit_prop

  15q / 3_Clifford+T_015
    ✓ [   9.3s]  noisy_vanilla
    ✓ [  51.7s]  cut_divided_budget
    ✓ [  46.4s]  cut_qubit_prop
    ✓ [ 185.5s]  cut_incremental_budget
    ✓ [ 176.8s]  cut_incremental_qubit_prop

  15q / 4_Clifford+T_016
    ✓ [   9.0s]  noisy_vanilla
    ✓ [  19.3s]  cut_divided_budget
    ✓ [  14.9s]  cut_qubit_prop
    ✓ [ 144.8s]  cut_incremental_budget
    ✓ [ 150.1s]  cut_incremental_qubit_prop

  15q / 5_Clifford+T_018
    ✓ [  10.1s]  noisy_vanilla
    ✓ [  21.1s]  cut_divided_budget
    ✓ [  11.3s]  cut_qubit_prop
    ✓ [ 140.0s]  cut_incremental_budget
    ✓ [ 143.6s]  cut_incremental_qubit_prop

  15q / 6_Clifford+T_022
    ✓ [  11.2s]  noisy_vanilla
    ✓ [  18.7s]  cut_divided_budget
    ✓ [  11.2s]  cut_qubit_prop
    ✓ [ 144.4s]  cut_incremental_budget
    ✓ [ 149.1s]  cut_incremental_qubit_prop

  15q / 7_Clifford+T_023
    ✓ [   8.9s]  noisy_vanilla
    ✓ [  20.6s]  cut_divided_budget
    ✓ [  20.3s]  cut_qubit_prop
    ✓ [ 121.5s]  cut_incremental_budget
    ✓ [ 147.6s]  cut_incremental_qubit_prop

  15q / 8_Clifford+T_024
    ✓ [   8.6s]  noisy_vanilla
    ✓ [  26.6s]  cut_divided_budget
    ✓ [  14.4s]  cut_qubit_prop
    ✓ [ 137.6s]  cut_incremental_budget
    ✓ [ 140.8s]  cut_incremental_qubit_prop

  15q / 9_Clifford+T_026
    ✓ [   7.8s]  noisy_vanilla
    ✓ [  18.9s]  cut_divided_budget
    ✓ [  12.5s]  cut_qubit_prop
    ✓ [ 121.9s]  cut_incremental_budget
    ✓ [ 140.8s]  cut_incremental_qubit_prop

========================================================================
