========================================================================
CUTTABLE CIRCUIT BENCHMARK RUN REPORT
Timestamp : 2026-05-26 00:59:55
========================================================================

DESIGN
------------------------------------------------------------------------
  Input        : valid_circuits.pkl produced by generate_and_cut.py
  Cut strategy : find_and_place_cuts + CutStrategy(min_free_wires=2)
  Ground truth : PennyLane default.qubit statevector (shots=None)
  Reconstruction: qcut_processing_fn (tensor contraction)
  Observable   : per-circuit Pauli string stored in CircuitSpec.observable
  Error        : |perf_exp_val - result|

CONFIGURATION
------------------------------------------------------------------------
  Shots (B)                 : 20000
  Noisy backend             : 'aer.fake_torino'
  Ideal backend             : 'aer.perfect'
  Simulator seed            : 42
  Output dir                : PosixPath('results/new/ewma_20k_torino_02/11_qubits')
  2q-gate alpha             : 0.8
  Incr. batch shots         : 50
  Incr. threshold           : 0.05
  Incr. offset              : 3
  Incr. stability k         : 3
  Incr. stopping criterion  : 'ewma'
  Incr. distance metric     : 'tvd'
  Incr. window size         : 3
  Incr. EWMA alpha          : 0.5
  Selected modes            : noisy_vanilla, cut_divided_budget, cut_qubit_prop, cut_incremental_budget, cut_incremental_qubit_prop

SUMMARY
------------------------------------------------------------------------
Total: 50  ok: 50  failed: 0

RESULTS BY CIRCUIT
------------------------------------------------------------------------
  11q / 0_Clifford+T_001
    ✓ [   5.4s]  noisy_vanilla
    ✓ [ 127.7s]  cut_divided_budget
    ✓ [ 122.8s]  cut_qubit_prop
    ✓ [1604.5s]  cut_incremental_budget
    ✓ [2090.7s]  cut_incremental_qubit_prop

  11q / 1_Clifford+T_002
    ✓ [   5.4s]  noisy_vanilla
    ✓ [ 194.6s]  cut_divided_budget
    ✓ [ 157.3s]  cut_qubit_prop
    ✓ [1878.8s]  cut_incremental_budget
    ✓ [1867.1s]  cut_incremental_qubit_prop

  11q / 2_Clifford+T_011
    ✓ [   7.9s]  noisy_vanilla
    ✓ [  73.4s]  cut_divided_budget
    ✓ [  45.2s]  cut_qubit_prop
    ✓ [ 578.9s]  cut_incremental_budget
    ✓ [ 448.0s]  cut_incremental_qubit_prop

  11q / 3_Clifford+T_015
    ✓ [   3.7s]  noisy_vanilla
    ✓ [  45.5s]  cut_divided_budget
    ✓ [  28.2s]  cut_qubit_prop
    ✓ [ 397.9s]  cut_incremental_budget
    ✓ [ 390.5s]  cut_incremental_qubit_prop

  11q / 4_Clifford+T_017
    ✓ [   3.8s]  noisy_vanilla
    ✓ [  35.9s]  cut_divided_budget
    ✓ [  27.7s]  cut_qubit_prop
    ✓ [ 268.3s]  cut_incremental_budget
    ✓ [ 253.2s]  cut_incremental_qubit_prop

  11q / 5_Clifford+T_025
    ✓ [   3.5s]  noisy_vanilla
    ✓ [  31.2s]  cut_divided_budget
    ✓ [  29.3s]  cut_qubit_prop
    ✓ [ 445.1s]  cut_incremental_budget
    ✓ [ 357.6s]  cut_incremental_qubit_prop

  11q / 6_Clifford+T_026
    ✓ [   4.9s]  noisy_vanilla
    ✓ [  51.1s]  cut_divided_budget
    ✓ [  30.0s]  cut_qubit_prop
    ✓ [ 557.2s]  cut_incremental_budget
    ✓ [ 724.5s]  cut_incremental_qubit_prop

  11q / 7_Clifford+T_029
    ✓ [   4.8s]  noisy_vanilla
    ✓ [  48.2s]  cut_divided_budget
    ✓ [  35.5s]  cut_qubit_prop
    ✓ [ 503.1s]  cut_incremental_budget
    ✓ [ 508.7s]  cut_incremental_qubit_prop

  11q / 8_Clifford+T_030
    ✓ [   4.8s]  noisy_vanilla
    ✓ [  53.6s]  cut_divided_budget
    ✓ [  40.5s]  cut_qubit_prop
    ✓ [ 452.8s]  cut_incremental_budget
    ✓ [ 422.0s]  cut_incremental_qubit_prop

  11q / 9_Clifford+T_033
    ✓ [   8.4s]  noisy_vanilla
    ✓ [  60.6s]  cut_divided_budget
    ✓ [  39.5s]  cut_qubit_prop
    ✓ [ 384.8s]  cut_incremental_budget
    ✓ [ 388.9s]  cut_incremental_qubit_prop

========================================================================
