========================================================================
CUTTABLE CIRCUIT BENCHMARK RUN REPORT
Timestamp : 2026-06-17 22:37:12
========================================================================

DESIGN
------------------------------------------------------------------------
  Input        : valid_circuits.pkl produced by generate_and_cut.py
  Cut strategy : find_and_place_cuts + CutStrategy(min_free_wires=2)
  Ground truth : PennyLane default.qubit statevector (shots=None)
  Reconstruction: qcut_processing_fn (tensor contraction)
  Observable   : per-circuit Pauli string stored in CircuitSpec.observable
  Error        : |perf_exp_val - result|

CONFIGURATION
------------------------------------------------------------------------
  Shots (B)                 : 5000
  Noisy backend             : 'aer.fake_kyoto'
  Ideal backend             : 'aer.perfect'
  Simulator seed            : 42
  Output dir                : PosixPath('results/new/stable_shots_02/5000_shots/kyoto/16_qubits')
  2q-gate alpha             : 0.8
  Incr. batch shots         : 50
  Incr. threshold           : 0.03
  Incr. offset              : 3
  Incr. stability k         : 3
  Incr. stopping criterion  : 'delta'
  Incr. distance metric     : 'tvd'
  Incr. window size         : 3
  Incr. EWMA alpha          : 0.5
  Selected modes            : noisy_vanilla, cut_divided_budget, cut_qubit_prop, cut_incremental_budget, cut_incremental_qubit_prop

SUMMARY
------------------------------------------------------------------------
Total: 50  ok: 50  failed: 0

RESULTS BY CIRCUIT
------------------------------------------------------------------------
  16q / 0_Clifford+T_002
    ✓ [ 184.1s]  noisy_vanilla
    ✓ [  19.3s]  cut_divided_budget
    ✓ [  12.5s]  cut_qubit_prop
    ✓ [ 168.1s]  cut_incremental_budget
    ✓ [ 178.1s]  cut_incremental_qubit_prop

  16q / 1_Clifford+T_008
    ✓ [ 176.0s]  noisy_vanilla
    ✓ [  24.9s]  cut_divided_budget
    ✓ [  14.0s]  cut_qubit_prop
    ✓ [ 198.7s]  cut_incremental_budget
    ✓ [ 171.4s]  cut_incremental_qubit_prop

  16q / 2_Clifford+T_015
    ✓ [ 186.2s]  noisy_vanilla
    ✓ [  33.4s]  cut_divided_budget
    ✓ [  28.6s]  cut_qubit_prop
    ✓ [ 164.5s]  cut_incremental_budget
    ✓ [ 201.7s]  cut_incremental_qubit_prop

  16q / 3_Clifford+T_016
    ✓ [ 183.7s]  noisy_vanilla
    ✓ [  21.8s]  cut_divided_budget
    ✓ [  12.7s]  cut_qubit_prop
    ✓ [ 174.3s]  cut_incremental_budget
    ✓ [ 175.2s]  cut_incremental_qubit_prop

  16q / 4_Clifford+T_018
    ✓ [ 182.5s]  noisy_vanilla
    ✓ [  19.8s]  cut_divided_budget
    ✓ [  12.4s]  cut_qubit_prop
    ✓ [ 191.1s]  cut_incremental_budget
    ✓ [ 238.2s]  cut_incremental_qubit_prop

  16q / 5_Clifford+T_019
    ✓ [ 227.3s]  noisy_vanilla
    ✓ [  47.1s]  cut_divided_budget
    ✓ [  49.9s]  cut_qubit_prop
    ✓ [ 253.3s]  cut_incremental_budget
    ✓ [ 451.6s]  cut_incremental_qubit_prop

  16q / 6_Clifford+T_021
    ✓ [ 435.5s]  noisy_vanilla
    ✓ [  41.7s]  cut_divided_budget
    ✓ [  29.5s]  cut_qubit_prop
    ✓ [ 428.5s]  cut_incremental_budget
    ✓ [ 453.8s]  cut_incremental_qubit_prop

  16q / 7_Clifford+T_026
    ✓ [ 691.7s]  noisy_vanilla
    ✓ [  72.3s]  cut_divided_budget
    ✓ [  43.7s]  cut_qubit_prop
    ✓ [ 462.3s]  cut_incremental_budget
    ✓ [ 469.7s]  cut_incremental_qubit_prop

  16q / 8_Clifford+T_032
    ✓ [ 244.0s]  noisy_vanilla
    ✓ [  28.6s]  cut_divided_budget
    ✓ [  19.4s]  cut_qubit_prop
    ✓ [ 142.9s]  cut_incremental_budget
    ✓ [ 221.0s]  cut_incremental_qubit_prop

  16q / 9_Clifford+T_040
    ✓ [ 172.3s]  noisy_vanilla
    ✓ [  28.3s]  cut_divided_budget
    ✓ [  28.4s]  cut_qubit_prop
    ✓ [ 145.1s]  cut_incremental_budget
    ✓ [ 266.9s]  cut_incremental_qubit_prop

========================================================================
