========================================================================
CUTTABLE CIRCUIT BENCHMARK RUN REPORT
Timestamp : 2026-05-11 15:50:30
========================================================================

DESIGN
------------------------------------------------------------------------
  Input        : valid_circuits.pkl produced by generate_and_cut.py
  Cut strategy : find_and_place_cuts + CutStrategy(min_free_wires=2)
  Ground truth : PennyLane default.qubit statevector (shots=None)
  Reconstruction: qcut_processing_fn (tensor contraction)
  Observable   : per-circuit Pauli string stored in CircuitSpec.observable
  Error        : |perf_exp_val - result|

CONFIGURATION
------------------------------------------------------------------------
  Shots (B)                 : 20000
  Noisy backend             : 'aer.fake_torino'
  Ideal backend             : 'aer.perfect'
  Simulator seed            : 42
  Output dir                : PosixPath('results/20k_ewma_05/05_qubits')
  2q-gate alpha             : 0.8
  Incr. batch shots         : 50
  Incr. threshold           : 0.01
  Incr. offset              : 5
  Incr. stability k         : 5
  Incr. stopping criterion  : 'ewma'
  Incr. distance metric     : 'tvd'
  Incr. window size         : 5
  Incr. EWMA alpha          : 0.5
  Selected modes            : noisy_vanilla, cut_divided_budget, cut_qubit_prop, cut_incremental_budget, cut_incremental_qubit_prop

SUMMARY
------------------------------------------------------------------------
Total: 50  ok: 50  failed: 0

RESULTS BY CIRCUIT
------------------------------------------------------------------------
  5q / 0_QuantumVolume_006
    ✓ [   3.1s]  noisy_vanilla
    ✓ [ 143.8s]  cut_divided_budget
    ✓ [  77.9s]  cut_qubit_prop
    ✓ [1065.3s]  cut_incremental_budget
    ✓ [1040.7s]  cut_incremental_qubit_prop

  5q / 1_QuantumVolume_018
    ✓ [   3.4s]  noisy_vanilla
    ✓ [ 144.7s]  cut_divided_budget
    ✓ [  74.1s]  cut_qubit_prop
    ✓ [1001.4s]  cut_incremental_budget
    ✓ [1012.4s]  cut_incremental_qubit_prop

  5q / 2_QuantumVolume_030
    ✓ [   4.1s]  noisy_vanilla
    ✓ [ 155.0s]  cut_divided_budget
    ✓ [  76.3s]  cut_qubit_prop
    ✓ [1094.5s]  cut_incremental_budget
    ✓ [1030.7s]  cut_incremental_qubit_prop

  5q / 3_Clifford+T_046
    ✓ [   2.8s]  noisy_vanilla
    ✓ [  83.6s]  cut_divided_budget
    ✓ [  75.7s]  cut_qubit_prop
    ✓ [ 989.0s]  cut_incremental_budget
    ✓ [1085.7s]  cut_incremental_qubit_prop

  5q / 4_QuantumVolume_054
    ✓ [   2.7s]  noisy_vanilla
    ✓ [ 141.8s]  cut_divided_budget
    ✓ [  75.3s]  cut_qubit_prop
    ✓ [1014.6s]  cut_incremental_budget
    ✓ [ 922.1s]  cut_incremental_qubit_prop

  5q / 5_Clifford+T_058
    ✓ [   2.0s]  noisy_vanilla
    ✓ [  81.7s]  cut_divided_budget
    ✓ [  73.6s]  cut_qubit_prop
    ✓ [ 987.9s]  cut_incremental_budget
    ✓ [ 954.2s]  cut_incremental_qubit_prop

  5q / 6_QuantumVolume_060
    ✓ [   2.1s]  noisy_vanilla
    ✓ [  82.6s]  cut_divided_budget
    ✓ [  19.7s]  cut_qubit_prop
    ✓ [ 281.1s]  cut_incremental_budget
    ✓ [ 301.3s]  cut_incremental_qubit_prop

  5q / 7_QuantumVolume_066
    ✓ [   2.0s]  noisy_vanilla
    ✓ [ 137.4s]  cut_divided_budget
    ✓ [  74.8s]  cut_qubit_prop
    ✓ [ 991.6s]  cut_incremental_budget
    ✓ [ 983.2s]  cut_incremental_qubit_prop

  5q / 8_Clifford+T_082
    ✓ [   2.0s]  noisy_vanilla
    ✓ [  81.9s]  cut_divided_budget
    ✓ [  75.0s]  cut_qubit_prop
    ✓ [ 966.8s]  cut_incremental_budget
    ✓ [ 884.0s]  cut_incremental_qubit_prop

  5q / 9_QuantumVolume_114
    ✓ [   2.2s]  noisy_vanilla
    ✓ [  75.6s]  cut_divided_budget
    ✓ [  17.5s]  cut_qubit_prop
    ✓ [ 254.6s]  cut_incremental_budget
    ✓ [ 259.3s]  cut_incremental_qubit_prop

========================================================================
