========================================================================
CUTTABLE CIRCUIT BENCHMARK RUN REPORT
Timestamp : 2026-06-18 04:49:06
========================================================================

DESIGN
------------------------------------------------------------------------
  Input        : valid_circuits.pkl produced by generate_and_cut.py
  Cut strategy : find_and_place_cuts + CutStrategy(min_free_wires=2)
  Ground truth : PennyLane default.qubit statevector (shots=None)
  Reconstruction: qcut_processing_fn (tensor contraction)
  Observable   : per-circuit Pauli string stored in CircuitSpec.observable
  Error        : |perf_exp_val - result|

CONFIGURATION
------------------------------------------------------------------------
  Shots (B)                 : 10000
  Noisy backend             : 'aer.fake_kyoto'
  Ideal backend             : 'aer.perfect'
  Simulator seed            : 42
  Output dir                : PosixPath('results/new/stable_shots3/10000_shots/kyoto/13_qubits')
  2q-gate alpha             : 0.8
  Incr. batch shots         : 50
  Incr. threshold           : 0.05
  Incr. offset              : 3
  Incr. stability k         : 5
  Incr. stopping criterion  : 'delta'
  Incr. distance metric     : 'tvd'
  Incr. window size         : 3
  Incr. EWMA alpha          : 0.5
  Selected modes            : noisy_vanilla, cut_divided_budget, cut_qubit_prop, cut_incremental_budget, cut_incremental_qubit_prop

SUMMARY
------------------------------------------------------------------------
Total: 50  ok: 50  failed: 0

RESULTS BY CIRCUIT
------------------------------------------------------------------------
  13q / 0_Clifford+T_002
    ✓ [  63.1s]  noisy_vanilla
    ✓ [  43.8s]  cut_divided_budget
    ✓ [  45.5s]  cut_qubit_prop
    ✓ [ 221.4s]  cut_incremental_budget
    ✓ [ 202.3s]  cut_incremental_qubit_prop

  13q / 1_Clifford+T_004
    ✓ [  60.8s]  noisy_vanilla
    ✓ [  33.6s]  cut_divided_budget
    ✓ [  21.0s]  cut_qubit_prop
    ✓ [ 360.2s]  cut_incremental_budget
    ✓ [ 376.0s]  cut_incremental_qubit_prop

  13q / 2_Clifford+T_007
    ✓ [  85.4s]  noisy_vanilla
    ✓ [  32.0s]  cut_divided_budget
    ✓ [  20.2s]  cut_qubit_prop
    ✓ [ 262.1s]  cut_incremental_budget
    ✓ [ 332.6s]  cut_incremental_qubit_prop

  13q / 3_Clifford+T_010
    ✓ [  75.2s]  noisy_vanilla
    ✓ [  40.2s]  cut_divided_budget
    ✓ [  33.2s]  cut_qubit_prop
    ✓ [ 364.5s]  cut_incremental_budget
    ✓ [ 278.4s]  cut_incremental_qubit_prop

  13q / 4_Clifford+T_012
    ✓ [  50.2s]  noisy_vanilla
    ✓ [  40.2s]  cut_divided_budget
    ✓ [  32.0s]  cut_qubit_prop
    ✓ [ 308.8s]  cut_incremental_budget
    ✓ [ 309.6s]  cut_incremental_qubit_prop

  13q / 5_Clifford+T_014
    ✓ [  77.0s]  noisy_vanilla
    ✓ [  80.3s]  cut_divided_budget
    ✓ [  54.0s]  cut_qubit_prop
    ✓ [ 374.0s]  cut_incremental_budget
    ✓ [ 349.4s]  cut_incremental_qubit_prop

  13q / 6_Clifford+T_015
    ✓ [  31.6s]  noisy_vanilla
    ✓ [  20.3s]  cut_divided_budget
    ✓ [  12.8s]  cut_qubit_prop
    ✓ [ 235.3s]  cut_incremental_budget
    ✓ [ 218.9s]  cut_incremental_qubit_prop

  13q / 7_Clifford+T_016
    ✓ [  32.1s]  noisy_vanilla
    ✓ [  19.8s]  cut_divided_budget
    ✓ [  12.1s]  cut_qubit_prop
    ✓ [ 183.9s]  cut_incremental_budget
    ✓ [ 247.8s]  cut_incremental_qubit_prop

  13q / 8_Clifford+T_017
    ✓ [  60.1s]  noisy_vanilla
    ✓ [  26.6s]  cut_divided_budget
    ✓ [  19.8s]  cut_qubit_prop
    ✓ [ 303.0s]  cut_incremental_budget
    ✓ [ 207.4s]  cut_incremental_qubit_prop

  13q / 9_Clifford+T_020
    ✓ [  38.3s]  noisy_vanilla
    ✓ [  34.9s]  cut_divided_budget
    ✓ [  30.1s]  cut_qubit_prop
    ✓ [ 205.9s]  cut_incremental_budget
    ✓ [ 167.1s]  cut_incremental_qubit_prop

========================================================================
