========================================================================
CUTTABLE CIRCUIT BENCHMARK RUN REPORT
Timestamp : 2026-06-13 04:43:28
========================================================================

DESIGN
------------------------------------------------------------------------
  Input        : valid_circuits.pkl produced by generate_and_cut.py
  Cut strategy : find_and_place_cuts + CutStrategy(min_free_wires=2)
  Ground truth : PennyLane default.qubit statevector (shots=None)
  Reconstruction: qcut_processing_fn (tensor contraction)
  Observable   : per-circuit Pauli string stored in CircuitSpec.observable
  Error        : |perf_exp_val - result|

CONFIGURATION
------------------------------------------------------------------------
  Shots (B)                 : 10000
  Noisy backend             : 'aer.fake_kawasaki'
  Ideal backend             : 'aer.perfect'
  Simulator seed            : 42
  Output dir                : PosixPath('results/new/stable_shots_runs_10-14q_no_vanilla/10000_shots/kawasaki/13_qubits')
  2q-gate alpha             : 0.8
  Incr. batch shots         : 50
  Incr. threshold           : 0.0005
  Incr. offset              : 2
  Incr. stability k         : 5
  Incr. stopping criterion  : 'delta'
  Incr. distance metric     : 'tvd'
  Incr. window size         : 3
  Incr. EWMA alpha          : 0.5
  Selected modes            : cut_divided_budget, cut_qubit_prop, cut_incremental_budget, cut_incremental_qubit_prop

SUMMARY
------------------------------------------------------------------------
Total: 40  ok: 40  failed: 0

RESULTS BY CIRCUIT
------------------------------------------------------------------------
  13q / 0_Clifford+T_002
    ✓ [  22.4s]  cut_divided_budget
    ✓ [  21.6s]  cut_qubit_prop
    ✓ [ 226.4s]  cut_incremental_budget
    ✓ [ 240.0s]  cut_incremental_qubit_prop

  13q / 1_Clifford+T_004
    ✓ [  15.6s]  cut_divided_budget
    ✓ [   8.9s]  cut_qubit_prop
    ✓ [ 220.4s]  cut_incremental_budget
    ✓ [ 225.7s]  cut_incremental_qubit_prop

  13q / 2_Clifford+T_007
    ✓ [  15.4s]  cut_divided_budget
    ✓ [   8.7s]  cut_qubit_prop
    ✓ [ 225.4s]  cut_incremental_budget
    ✓ [ 228.5s]  cut_incremental_qubit_prop

  13q / 3_Clifford+T_010
    ✓ [  19.8s]  cut_divided_budget
    ✓ [  15.7s]  cut_qubit_prop
    ✓ [ 224.2s]  cut_incremental_budget
    ✓ [ 234.6s]  cut_incremental_qubit_prop

  13q / 4_Clifford+T_012
    ✓ [  19.4s]  cut_divided_budget
    ✓ [  14.8s]  cut_qubit_prop
    ✓ [ 222.8s]  cut_incremental_budget
    ✓ [ 234.1s]  cut_incremental_qubit_prop

  13q / 5_Clifford+T_014
    ✓ [  43.4s]  cut_divided_budget
    ✓ [  36.6s]  cut_qubit_prop
    ✓ [ 252.4s]  cut_incremental_budget
    ✓ [ 236.6s]  cut_incremental_qubit_prop

  13q / 6_Clifford+T_015
    ✓ [  16.0s]  cut_divided_budget
    ✓ [   8.8s]  cut_qubit_prop
    ✓ [ 220.9s]  cut_incremental_budget
    ✓ [ 227.0s]  cut_incremental_qubit_prop

  13q / 7_Clifford+T_016
    ✓ [  15.3s]  cut_divided_budget
    ✓ [   8.9s]  cut_qubit_prop
    ✓ [ 220.6s]  cut_incremental_budget
    ✓ [ 225.7s]  cut_incremental_qubit_prop

  13q / 8_Clifford+T_017
    ✓ [  15.0s]  cut_divided_budget
    ✓ [   8.7s]  cut_qubit_prop
    ✓ [ 220.0s]  cut_incremental_budget
    ✓ [ 223.9s]  cut_incremental_qubit_prop

  13q / 9_Clifford+T_020
    ✓ [  24.2s]  cut_divided_budget
    ✓ [  23.7s]  cut_qubit_prop
    ✓ [ 229.6s]  cut_incremental_budget
    ✓ [ 245.0s]  cut_incremental_qubit_prop

========================================================================
