========================================================================
CUTTABLE CIRCUIT BENCHMARK RUN REPORT
Timestamp : 2026-06-18 02:05:35
========================================================================

DESIGN
------------------------------------------------------------------------
  Input        : valid_circuits.pkl produced by generate_and_cut.py
  Cut strategy : find_and_place_cuts + CutStrategy(min_free_wires=2)
  Ground truth : PennyLane default.qubit statevector (shots=None)
  Reconstruction: qcut_processing_fn (tensor contraction)
  Observable   : per-circuit Pauli string stored in CircuitSpec.observable
  Error        : |perf_exp_val - result|

CONFIGURATION
------------------------------------------------------------------------
  Shots (B)                 : 10000
  Noisy backend             : 'aer.fake_sherbrooke'
  Ideal backend             : 'aer.perfect'
  Simulator seed            : 42
  Output dir                : PosixPath('results/new/stable_shots_02/10000_shots/sherbrooke/13_qubits')
  2q-gate alpha             : 0.8
  Incr. batch shots         : 50
  Incr. threshold           : 0.03
  Incr. offset              : 3
  Incr. stability k         : 3
  Incr. stopping criterion  : 'delta'
  Incr. distance metric     : 'tvd'
  Incr. window size         : 3
  Incr. EWMA alpha          : 0.5
  Selected modes            : noisy_vanilla, cut_divided_budget, cut_qubit_prop, cut_incremental_budget, cut_incremental_qubit_prop

SUMMARY
------------------------------------------------------------------------
Total: 50  ok: 50  failed: 0

RESULTS BY CIRCUIT
------------------------------------------------------------------------
  13q / 0_Clifford+T_002
    ✓ [  30.6s]  noisy_vanilla
    ✓ [  30.7s]  cut_divided_budget
    ✓ [  29.4s]  cut_qubit_prop
    ✓ [ 173.3s]  cut_incremental_budget
    ✓ [ 220.1s]  cut_incremental_qubit_prop

  13q / 1_Clifford+T_004
    ✓ [  60.2s]  noisy_vanilla
    ✓ [  23.8s]  cut_divided_budget
    ✓ [  16.7s]  cut_qubit_prop
    ✓ [ 309.9s]  cut_incremental_budget
    ✓ [ 379.0s]  cut_incremental_qubit_prop

  13q / 2_Clifford+T_007
    ✓ [  85.1s]  noisy_vanilla
    ✓ [  23.7s]  cut_divided_budget
    ✓ [  16.6s]  cut_qubit_prop
    ✓ [ 320.6s]  cut_incremental_budget
    ✓ [ 310.3s]  cut_incremental_qubit_prop

  13q / 3_Clifford+T_010
    ✓ [  65.4s]  noisy_vanilla
    ✓ [  31.4s]  cut_divided_budget
    ✓ [  29.1s]  cut_qubit_prop
    ✓ [ 313.0s]  cut_incremental_budget
    ✓ [ 394.4s]  cut_incremental_qubit_prop

  13q / 4_Clifford+T_012
    ✓ [  49.9s]  noisy_vanilla
    ✓ [  35.7s]  cut_divided_budget
    ✓ [  28.4s]  cut_qubit_prop
    ✓ [ 303.9s]  cut_incremental_budget
    ✓ [ 371.9s]  cut_incremental_qubit_prop

  13q / 5_Clifford+T_014
    ✓ [  76.2s]  noisy_vanilla
    ✓ [  75.7s]  cut_divided_budget
    ✓ [  69.8s]  cut_qubit_prop
    ✓ [ 480.9s]  cut_incremental_budget
    ✓ [ 428.7s]  cut_incremental_qubit_prop

  13q / 6_Clifford+T_015
    ✓ [  57.9s]  noisy_vanilla
    ✓ [  28.4s]  cut_divided_budget
    ✓ [  17.2s]  cut_qubit_prop
    ✓ [ 312.7s]  cut_incremental_budget
    ✓ [ 303.7s]  cut_incremental_qubit_prop

  13q / 7_Clifford+T_016
    ✓ [  66.0s]  noisy_vanilla
    ✓ [  22.0s]  cut_divided_budget
    ✓ [   9.6s]  cut_qubit_prop
    ✓ [ 153.4s]  cut_incremental_budget
    ✓ [ 155.9s]  cut_incremental_qubit_prop

  13q / 8_Clifford+T_017
    ✓ [  32.3s]  noisy_vanilla
    ✓ [  16.5s]  cut_divided_budget
    ✓ [  13.0s]  cut_qubit_prop
    ✓ [ 222.2s]  cut_incremental_budget
    ✓ [ 159.7s]  cut_incremental_qubit_prop

  13q / 9_Clifford+T_020
    ✓ [  38.3s]  noisy_vanilla
    ✓ [  31.7s]  cut_divided_budget
    ✓ [  27.8s]  cut_qubit_prop
    ✓ [ 183.7s]  cut_incremental_budget
    ✓ [ 215.8s]  cut_incremental_qubit_prop

========================================================================
