========================================================================
CUTTABLE CIRCUIT BENCHMARK RUN REPORT
Timestamp : 2026-06-15 20:20:10
========================================================================

DESIGN
------------------------------------------------------------------------
  Input        : valid_circuits.pkl produced by generate_and_cut.py
  Cut strategy : find_and_place_cuts + CutStrategy(min_free_wires=2)
  Ground truth : PennyLane default.qubit statevector (shots=None)
  Reconstruction: qcut_processing_fn (tensor contraction)
  Observable   : per-circuit Pauli string stored in CircuitSpec.observable
  Error        : |perf_exp_val - result|

CONFIGURATION
------------------------------------------------------------------------
  Shots (B)                 : 10000
  Noisy backend             : 'aer.fake_sherbrooke'
  Ideal backend             : 'aer.perfect'
  Simulator seed            : 42
  Output dir                : PosixPath('results/new/stable_shots_runs02_10-14q_no_vanilla/10000_shots/sherbrooke/10_qubits')
  2q-gate alpha             : 0.8
  Incr. batch shots         : 50
  Incr. threshold           : 0.005
  Incr. offset              : 3
  Incr. stability k         : 5
  Incr. stopping criterion  : 'delta'
  Incr. distance metric     : 'tvd'
  Incr. window size         : 3
  Incr. EWMA alpha          : 0.5
  Selected modes            : cut_divided_budget, cut_qubit_prop, cut_incremental_budget, cut_incremental_qubit_prop

SUMMARY
------------------------------------------------------------------------
Total: 40  ok: 40  failed: 0

RESULTS BY CIRCUIT
------------------------------------------------------------------------
  10q / 0_Clifford+T_001
    ✓ [  49.2s]  cut_divided_budget
    ✓ [  42.0s]  cut_qubit_prop
    ✓ [ 283.3s]  cut_incremental_budget
    ✓ [ 289.1s]  cut_incremental_qubit_prop

  10q / 1_Clifford+T_004
    ✓ [  17.6s]  cut_divided_budget
    ✓ [  10.2s]  cut_qubit_prop
    ✓ [ 233.5s]  cut_incremental_budget
    ✓ [ 264.1s]  cut_incremental_qubit_prop

  10q / 2_Clifford+T_008
    ✓ [  49.3s]  cut_divided_budget
    ✓ [  42.5s]  cut_qubit_prop
    ✓ [ 285.5s]  cut_incremental_budget
    ✓ [ 290.1s]  cut_incremental_qubit_prop

  10q / 3_Clifford+T_015
    ✓ [  16.6s]  cut_divided_budget
    ✓ [   9.6s]  cut_qubit_prop
    ✓ [ 255.3s]  cut_incremental_budget
    ✓ [ 264.7s]  cut_incremental_qubit_prop

  10q / 4_Clifford+T_024
    ✓ [  49.6s]  cut_divided_budget
    ✓ [  43.2s]  cut_qubit_prop
    ✓ [ 285.9s]  cut_incremental_budget
    ✓ [ 290.8s]  cut_incremental_qubit_prop

  10q / 5_Clifford+T_026
    ✓ [  47.0s]  cut_divided_budget
    ✓ [  39.9s]  cut_qubit_prop
    ✓ [ 286.3s]  cut_incremental_budget
    ✓ [ 330.6s]  cut_incremental_qubit_prop

  10q / 6_Clifford+T_032
    ✓ [  53.6s]  cut_divided_budget
    ✓ [  10.3s]  cut_qubit_prop
    ✓ [ 233.7s]  cut_incremental_budget
    ✓ [ 266.8s]  cut_incremental_qubit_prop

  10q / 7_Clifford+T_033
    ✓ [  17.3s]  cut_divided_budget
    ✓ [  10.0s]  cut_qubit_prop
    ✓ [ 240.5s]  cut_incremental_budget
    ✓ [ 271.0s]  cut_incremental_qubit_prop

  10q / 8_Clifford+T_039
    ✓ [  47.8s]  cut_divided_budget
    ✓ [  41.5s]  cut_qubit_prop
    ✓ [ 284.0s]  cut_incremental_budget
    ✓ [ 280.3s]  cut_incremental_qubit_prop

  10q / 9_Clifford+T_041
    ✓ [  16.9s]  cut_divided_budget
    ✓ [   9.4s]  cut_qubit_prop
    ✓ [ 245.0s]  cut_incremental_budget
    ✓ [ 257.8s]  cut_incremental_qubit_prop

========================================================================
