========================================================================
CUTTABLE CIRCUIT BENCHMARK RUN REPORT
Timestamp : 2026-05-25 13:58:35
========================================================================

DESIGN
------------------------------------------------------------------------
  Input        : valid_circuits.pkl produced by generate_and_cut.py
  Cut strategy : find_and_place_cuts + CutStrategy(min_free_wires=2)
  Ground truth : PennyLane default.qubit statevector (shots=None)
  Reconstruction: qcut_processing_fn (tensor contraction)
  Observable   : per-circuit Pauli string stored in CircuitSpec.observable
  Error        : |perf_exp_val - result|

CONFIGURATION
------------------------------------------------------------------------
  Shots (B)                 : 30000
  Noisy backend             : 'aer.fake_torino'
  Ideal backend             : 'aer.perfect'
  Simulator seed            : 42
  Output dir                : PosixPath('results/new/ewma_01/11_qubits')
  2q-gate alpha             : 0.8
  Incr. batch shots         : 50
  Incr. threshold           : 0.01
  Incr. offset              : 3
  Incr. stability k         : 3
  Incr. stopping criterion  : 'ewma'
  Incr. distance metric     : 'tvd'
  Incr. window size         : 3
  Incr. EWMA alpha          : 0.5
  Selected modes            : noisy_vanilla, cut_divided_budget, cut_qubit_prop, cut_incremental_budget, cut_incremental_qubit_prop

SUMMARY
------------------------------------------------------------------------
Total: 50  ok: 50  failed: 0

RESULTS BY CIRCUIT
------------------------------------------------------------------------
  11q / 0_Clifford+T_001
    ✓ [   3.5s]  noisy_vanilla
    ✓ [  84.4s]  cut_divided_budget
    ✓ [  74.8s]  cut_qubit_prop
    ✓ [1515.7s]  cut_incremental_budget
    ✓ [1695.1s]  cut_incremental_qubit_prop

  11q / 1_Clifford+T_002
    ✓ [   3.0s]  noisy_vanilla
    ✓ [  93.9s]  cut_divided_budget
    ✓ [  82.0s]  cut_qubit_prop
    ✓ [1568.5s]  cut_incremental_budget
    ✓ [1931.3s]  cut_incremental_qubit_prop

  11q / 2_Clifford+T_011
    ✓ [   5.0s]  noisy_vanilla
    ✓ [  32.2s]  cut_divided_budget
    ✓ [  23.2s]  cut_qubit_prop
    ✓ [1225.9s]  cut_incremental_budget
    ✓ [1437.1s]  cut_incremental_qubit_prop

  11q / 3_Clifford+T_015
    ✓ [   3.3s]  noisy_vanilla
    ✓ [  31.7s]  cut_divided_budget
    ✓ [  23.2s]  cut_qubit_prop
    ✓ [1215.8s]  cut_incremental_budget
    ✓ [1386.2s]  cut_incremental_qubit_prop

  11q / 4_Clifford+T_017
    ✓ [   3.2s]  noisy_vanilla
    ✓ [  39.9s]  cut_divided_budget
    ✓ [  24.3s]  cut_qubit_prop
    ✓ [ 696.9s]  cut_incremental_budget
    ✓ [ 697.4s]  cut_incremental_qubit_prop

  11q / 5_Clifford+T_025
    ✓ [   6.7s]  noisy_vanilla
    ✓ [  50.0s]  cut_divided_budget
    ✓ [  28.7s]  cut_qubit_prop
    ✓ [1153.4s]  cut_incremental_budget
    ✓ [1206.3s]  cut_incremental_qubit_prop

  11q / 6_Clifford+T_026
    ✓ [   3.9s]  noisy_vanilla
    ✓ [  33.7s]  cut_divided_budget
    ✓ [  29.9s]  cut_qubit_prop
    ✓ [1139.9s]  cut_incremental_budget
    ✓ [1932.1s]  cut_incremental_qubit_prop

  11q / 7_Clifford+T_029
    ✓ [   3.3s]  noisy_vanilla
    ✓ [  42.6s]  cut_divided_budget
    ✓ [  31.0s]  cut_qubit_prop
    ✓ [ 968.0s]  cut_incremental_budget
    ✓ [ 948.1s]  cut_incremental_qubit_prop

  11q / 8_Clifford+T_030
    ✓ [   2.5s]  noisy_vanilla
    ✓ [  28.0s]  cut_divided_budget
    ✓ [  18.8s]  cut_qubit_prop
    ✓ [ 682.4s]  cut_incremental_budget
    ✓ [ 670.1s]  cut_incremental_qubit_prop

  11q / 9_Clifford+T_033
    ✓ [   2.7s]  noisy_vanilla
    ✓ [  25.8s]  cut_divided_budget
    ✓ [  18.4s]  cut_qubit_prop
    ✓ [ 532.0s]  cut_incremental_budget
    ✓ [ 560.2s]  cut_incremental_qubit_prop

========================================================================
