========================================================================
CUTTABLE CIRCUIT BENCHMARK RUN REPORT
Timestamp : 2026-06-17 19:54:04
========================================================================

DESIGN
------------------------------------------------------------------------
  Input        : valid_circuits.pkl produced by generate_and_cut.py
  Cut strategy : find_and_place_cuts + CutStrategy(min_free_wires=2)
  Ground truth : PennyLane default.qubit statevector (shots=None)
  Reconstruction: qcut_processing_fn (tensor contraction)
  Observable   : per-circuit Pauli string stored in CircuitSpec.observable
  Error        : |perf_exp_val - result|

CONFIGURATION
------------------------------------------------------------------------
  Shots (B)                 : 5000
  Noisy backend             : 'aer.fake_sherbrooke'
  Ideal backend             : 'aer.perfect'
  Simulator seed            : 42
  Output dir                : PosixPath('results/new/stable_shots3/5000_shots/sherbrooke/14_qubits')
  2q-gate alpha             : 0.8
  Incr. batch shots         : 50
  Incr. threshold           : 0.05
  Incr. offset              : 3
  Incr. stability k         : 5
  Incr. stopping criterion  : 'delta'
  Incr. distance metric     : 'tvd'
  Incr. window size         : 3
  Incr. EWMA alpha          : 0.5
  Selected modes            : noisy_vanilla, cut_divided_budget, cut_qubit_prop, cut_incremental_budget, cut_incremental_qubit_prop

SUMMARY
------------------------------------------------------------------------
Total: 50  ok: 50  failed: 0

RESULTS BY CIRCUIT
------------------------------------------------------------------------
  14q / 0_Clifford+T_001
    ✓ [  72.4s]  noisy_vanilla
    ✓ [  53.5s]  cut_divided_budget
    ✓ [  49.0s]  cut_qubit_prop
    ✓ [ 274.4s]  cut_incremental_budget
    ✓ [ 231.1s]  cut_incremental_qubit_prop

  14q / 1_Clifford+T_011
    ✓ [  70.6s]  noisy_vanilla
    ✓ [  81.6s]  cut_divided_budget
    ✓ [  70.1s]  cut_qubit_prop
    ✓ [ 282.0s]  cut_incremental_budget
    ✓ [ 239.3s]  cut_incremental_qubit_prop

  14q / 2_Clifford+T_012
    ✓ [  72.8s]  noisy_vanilla
    ✓ [  36.2s]  cut_divided_budget
    ✓ [  30.2s]  cut_qubit_prop
    ✓ [ 195.4s]  cut_incremental_budget
    ✓ [ 236.7s]  cut_incremental_qubit_prop

  14q / 3_Clifford+T_014
    ✓ [  74.7s]  noisy_vanilla
    ✓ [  31.9s]  cut_divided_budget
    ✓ [  38.0s]  cut_qubit_prop
    ✓ [ 200.4s]  cut_incremental_budget
    ✓ [ 254.6s]  cut_incremental_qubit_prop

  14q / 4_Clifford+T_015
    ✓ [  96.1s]  noisy_vanilla
    ✓ [  56.1s]  cut_divided_budget
    ✓ [  46.0s]  cut_qubit_prop
    ✓ [  72.9s]  cut_incremental_budget
    ✓ [  50.4s]  cut_incremental_qubit_prop

  14q / 5_Clifford+T_016
    ✓ [  43.2s]  noisy_vanilla
    ✓ [  21.3s]  cut_divided_budget
    ✓ [  16.9s]  cut_qubit_prop
    ✓ [ 178.3s]  cut_incremental_budget
    ✓ [ 114.5s]  cut_incremental_qubit_prop

  14q / 6_Clifford+T_018
    ✓ [  41.9s]  noisy_vanilla
    ✓ [  22.5s]  cut_divided_budget
    ✓ [  15.4s]  cut_qubit_prop
    ✓ [ 202.4s]  cut_incremental_budget
    ✓ [ 186.2s]  cut_incremental_qubit_prop

  14q / 7_Clifford+T_019
    ✓ [  45.9s]  noisy_vanilla
    ✓ [  27.7s]  cut_divided_budget
    ✓ [  18.9s]  cut_qubit_prop
    ✓ [ 119.4s]  cut_incremental_budget
    ✓ [ 153.3s]  cut_incremental_qubit_prop

  14q / 8_Clifford+T_022
    ✓ [  40.2s]  noisy_vanilla
    ✓ [  25.8s]  cut_divided_budget
    ✓ [  18.2s]  cut_qubit_prop
    ✓ [ 184.5s]  cut_incremental_budget
    ✓ [ 192.7s]  cut_incremental_qubit_prop

  14q / 9_Clifford+T_026
    ✓ [  67.4s]  noisy_vanilla
    ✓ [  16.6s]  cut_divided_budget
    ✓ [  10.1s]  cut_qubit_prop
    ✓ [ 126.9s]  cut_incremental_budget
    ✓ [ 123.2s]  cut_incremental_qubit_prop

========================================================================
