========================================================================
CUTTABLE CIRCUIT BENCHMARK RUN REPORT
Timestamp : 2026-06-14 06:18:45
========================================================================

DESIGN
------------------------------------------------------------------------
  Input        : valid_circuits.pkl produced by generate_and_cut.py
  Cut strategy : find_and_place_cuts + CutStrategy(min_free_wires=2)
  Ground truth : PennyLane default.qubit statevector (shots=None)
  Reconstruction: qcut_processing_fn (tensor contraction)
  Observable   : per-circuit Pauli string stored in CircuitSpec.observable
  Error        : |perf_exp_val - result|

CONFIGURATION
------------------------------------------------------------------------
  Shots (B)                 : 20000
  Noisy backend             : 'aer.fake_kawasaki'
  Ideal backend             : 'aer.perfect'
  Simulator seed            : 42
  Output dir                : PosixPath('results/new/stable_shots_runs_10-14q_no_vanilla/20000_shots/kawasaki/12_qubits')
  2q-gate alpha             : 0.8
  Incr. batch shots         : 50
  Incr. threshold           : 0.0005
  Incr. offset              : 2
  Incr. stability k         : 5
  Incr. stopping criterion  : 'delta'
  Incr. distance metric     : 'tvd'
  Incr. window size         : 3
  Incr. EWMA alpha          : 0.5
  Selected modes            : cut_divided_budget, cut_qubit_prop, cut_incremental_budget, cut_incremental_qubit_prop

SUMMARY
------------------------------------------------------------------------
Total: 40  ok: 40  failed: 0

RESULTS BY CIRCUIT
------------------------------------------------------------------------
  12q / 0_Clifford+T_001
    ✓ [  15.2s]  cut_divided_budget
    ✓ [   8.6s]  cut_qubit_prop
    ✓ [ 441.8s]  cut_incremental_budget
    ✓ [ 450.6s]  cut_incremental_qubit_prop

  12q / 1_Clifford+T_002
    ✓ [  50.3s]  cut_divided_budget
    ✓ [  47.9s]  cut_qubit_prop
    ✓ [ 468.4s]  cut_incremental_budget
    ✓ [ 478.2s]  cut_incremental_qubit_prop

  12q / 2_Clifford+T_004
    ✓ [  21.9s]  cut_divided_budget
    ✓ [  15.3s]  cut_qubit_prop
    ✓ [ 450.6s]  cut_incremental_budget
    ✓ [ 470.0s]  cut_incremental_qubit_prop

  12q / 3_Clifford+T_006
    ✓ [  15.6s]  cut_divided_budget
    ✓ [   9.0s]  cut_qubit_prop
    ✓ [ 446.9s]  cut_incremental_budget
    ✓ [ 453.5s]  cut_incremental_qubit_prop

  12q / 4_Clifford+T_011
    ✓ [  50.3s]  cut_divided_budget
    ✓ [  50.1s]  cut_qubit_prop
    ✓ [ 470.0s]  cut_incremental_budget
    ✓ [ 484.2s]  cut_incremental_qubit_prop

  12q / 5_Clifford+T_013
    ✓ [  41.9s]  cut_divided_budget
    ✓ [  35.2s]  cut_qubit_prop
    ✓ [ 475.4s]  cut_incremental_budget
    ✓ [ 473.9s]  cut_incremental_qubit_prop

  12q / 6_Clifford+T_015
    ✓ [  15.4s]  cut_divided_budget
    ✓ [   8.9s]  cut_qubit_prop
    ✓ [ 448.5s]  cut_incremental_budget
    ✓ [ 454.3s]  cut_incremental_qubit_prop

  12q / 7_Clifford+T_019
    ✓ [  10.3s]  cut_divided_budget
    ✓ [   2.8s]  cut_qubit_prop
    ✓ [ 473.6s]  cut_incremental_budget
    ✓ [ 475.6s]  cut_incremental_qubit_prop

  12q / 8_Clifford+T_021
    ✓ [  15.1s]  cut_divided_budget
    ✓ [   8.7s]  cut_qubit_prop
    ✓ [ 458.7s]  cut_incremental_budget
    ✓ [ 463.7s]  cut_incremental_qubit_prop

  12q / 9_Clifford+T_025
    ✓ [  42.9s]  cut_divided_budget
    ✓ [  36.1s]  cut_qubit_prop
    ✓ [ 469.1s]  cut_incremental_budget
    ✓ [ 470.7s]  cut_incremental_qubit_prop

========================================================================
