========================================================================
CUTTABLE CIRCUIT BENCHMARK RUN REPORT
Timestamp : 2026-06-18 00:16:29
========================================================================

DESIGN
------------------------------------------------------------------------
  Input        : valid_circuits.pkl produced by generate_and_cut.py
  Cut strategy : find_and_place_cuts + CutStrategy(min_free_wires=2)
  Ground truth : PennyLane default.qubit statevector (shots=None)
  Reconstruction: qcut_processing_fn (tensor contraction)
  Observable   : per-circuit Pauli string stored in CircuitSpec.observable
  Error        : |perf_exp_val - result|

CONFIGURATION
------------------------------------------------------------------------
  Shots (B)                 : 10000
  Noisy backend             : 'aer.fake_sherbrooke'
  Ideal backend             : 'aer.perfect'
  Simulator seed            : 42
  Output dir                : PosixPath('results/new/stable_shots_02/10000_shots/sherbrooke/10_qubits')
  2q-gate alpha             : 0.8
  Incr. batch shots         : 50
  Incr. threshold           : 0.03
  Incr. offset              : 3
  Incr. stability k         : 3
  Incr. stopping criterion  : 'delta'
  Incr. distance metric     : 'tvd'
  Incr. window size         : 3
  Incr. EWMA alpha          : 0.5
  Selected modes            : noisy_vanilla, cut_divided_budget, cut_qubit_prop, cut_incremental_budget, cut_incremental_qubit_prop

SUMMARY
------------------------------------------------------------------------
Total: 50  ok: 50  failed: 0

RESULTS BY CIRCUIT
------------------------------------------------------------------------
  10q / 0_Clifford+T_001
    ✓ [   3.4s]  noisy_vanilla
    ✓ [  56.2s]  cut_divided_budget
    ✓ [  62.4s]  cut_qubit_prop
    ✓ [ 312.4s]  cut_incremental_budget
    ✓ [ 474.3s]  cut_incremental_qubit_prop

  10q / 1_Clifford+T_004
    ✓ [   1.6s]  noisy_vanilla
    ✓ [  22.4s]  cut_divided_budget
    ✓ [  10.5s]  cut_qubit_prop
    ✓ [ 186.7s]  cut_incremental_budget
    ✓ [ 404.4s]  cut_incremental_qubit_prop

  10q / 2_Clifford+T_008
    ✓ [   3.1s]  noisy_vanilla
    ✓ [  81.5s]  cut_divided_budget
    ✓ [  58.1s]  cut_qubit_prop
    ✓ [ 291.4s]  cut_incremental_budget
    ✓ [ 475.0s]  cut_incremental_qubit_prop

  10q / 3_Clifford+T_015
    ✓ [   3.2s]  noisy_vanilla
    ✓ [  28.0s]  cut_divided_budget
    ✓ [  16.3s]  cut_qubit_prop
    ✓ [ 301.4s]  cut_incremental_budget
    ✓ [ 332.6s]  cut_incremental_qubit_prop

  10q / 4_Clifford+T_024
    ✓ [   3.2s]  noisy_vanilla
    ✓ [  82.0s]  cut_divided_budget
    ✓ [  72.6s]  cut_qubit_prop
    ✓ [ 340.5s]  cut_incremental_budget
    ✓ [ 378.9s]  cut_incremental_qubit_prop

  10q / 5_Clifford+T_026
    ✓ [   1.8s]  noisy_vanilla
    ✓ [  69.5s]  cut_divided_budget
    ✓ [  66.0s]  cut_qubit_prop
    ✓ [ 307.7s]  cut_incremental_budget
    ✓ [ 403.1s]  cut_incremental_qubit_prop

  10q / 6_Clifford+T_032
    ✓ [   2.2s]  noisy_vanilla
    ✓ [  18.1s]  cut_divided_budget
    ✓ [  10.5s]  cut_qubit_prop
    ✓ [ 158.0s]  cut_incremental_budget
    ✓ [ 158.5s]  cut_incremental_qubit_prop

  10q / 7_Clifford+T_033
    ✓ [   1.9s]  noisy_vanilla
    ✓ [  18.0s]  cut_divided_budget
    ✓ [  10.3s]  cut_qubit_prop
    ✓ [ 219.4s]  cut_incremental_budget
    ✓ [ 214.4s]  cut_incremental_qubit_prop

  10q / 8_Clifford+T_039
    ✓ [   1.8s]  noisy_vanilla
    ✓ [  56.1s]  cut_divided_budget
    ✓ [  47.0s]  cut_qubit_prop
    ✓ [ 487.3s]  cut_incremental_budget
    ✓ [ 328.9s]  cut_incremental_qubit_prop

  10q / 9_Clifford+T_041
    ✓ [   1.8s]  noisy_vanilla
    ✓ [  17.0s]  cut_divided_budget
    ✓ [  10.3s]  cut_qubit_prop
    ✓ [ 235.8s]  cut_incremental_budget
    ✓ [ 235.5s]  cut_incremental_qubit_prop

========================================================================
