========================================================================
CUTTABLE CIRCUIT BENCHMARK RUN REPORT
Timestamp : 2026-06-12 12:18:28
========================================================================

DESIGN
------------------------------------------------------------------------
  Input        : valid_circuits.pkl produced by generate_and_cut.py
  Cut strategy : find_and_place_cuts + CutStrategy(min_free_wires=2)
  Ground truth : PennyLane default.qubit statevector (shots=None)
  Reconstruction: qcut_processing_fn (tensor contraction)
  Observable   : per-circuit Pauli string stored in CircuitSpec.observable
  Error        : |perf_exp_val - result|

CONFIGURATION
------------------------------------------------------------------------
  Shots (B)                 : 5000
  Noisy backend             : 'aer.fake_torino'
  Ideal backend             : 'aer.perfect'
  Simulator seed            : 42
  Output dir                : PosixPath('results/new/stable_shots_runs_10-14q_no_vanilla/5000_shots/torino/14_qubits')
  2q-gate alpha             : 0.8
  Incr. batch shots         : 50
  Incr. threshold           : 0.0005
  Incr. offset              : 2
  Incr. stability k         : 5
  Incr. stopping criterion  : 'delta'
  Incr. distance metric     : 'tvd'
  Incr. window size         : 3
  Incr. EWMA alpha          : 0.5
  Selected modes            : cut_divided_budget, cut_qubit_prop, cut_incremental_budget, cut_incremental_qubit_prop

SUMMARY
------------------------------------------------------------------------
Total: 40  ok: 40  failed: 0

RESULTS BY CIRCUIT
------------------------------------------------------------------------
  14q / 0_Clifford+T_001
    ✓ [ 106.3s]  cut_divided_budget
    ✓ [ 100.8s]  cut_qubit_prop
    ✓ [ 381.8s]  cut_incremental_budget
    ✓ [ 338.1s]  cut_incremental_qubit_prop

  14q / 1_Clifford+T_011
    ✓ [ 104.0s]  cut_divided_budget
    ✓ [  95.8s]  cut_qubit_prop
    ✓ [ 388.4s]  cut_incremental_budget
    ✓ [ 339.4s]  cut_incremental_qubit_prop

  14q / 2_Clifford+T_012
    ✓ [  34.4s]  cut_divided_budget
    ✓ [  31.1s]  cut_qubit_prop
    ✓ [ 312.2s]  cut_incremental_budget
    ✓ [ 318.2s]  cut_incremental_qubit_prop

  14q / 3_Clifford+T_014
    ✓ [  38.8s]  cut_divided_budget
    ✓ [  38.1s]  cut_qubit_prop
    ✓ [ 322.2s]  cut_incremental_budget
    ✓ [ 332.5s]  cut_incremental_qubit_prop

  14q / 4_Clifford+T_015
    ✓ [  27.0s]  cut_divided_budget
    ✓ [  20.7s]  cut_qubit_prop
    ✓ [ 322.4s]  cut_incremental_budget
    ✓ [ 321.8s]  cut_incremental_qubit_prop

  14q / 5_Clifford+T_016
    ✓ [  29.9s]  cut_divided_budget
    ✓ [  24.2s]  cut_qubit_prop
    ✓ [ 310.5s]  cut_incremental_budget
    ✓ [ 311.9s]  cut_incremental_qubit_prop

  14q / 6_Clifford+T_018
    ✓ [  30.7s]  cut_divided_budget
    ✓ [  23.4s]  cut_qubit_prop
    ✓ [ 311.4s]  cut_incremental_budget
    ✓ [ 312.1s]  cut_incremental_qubit_prop

  14q / 7_Clifford+T_019
    ✓ [  36.2s]  cut_divided_budget
    ✓ [  31.7s]  cut_qubit_prop
    ✓ [ 313.7s]  cut_incremental_budget
    ✓ [ 322.1s]  cut_incremental_qubit_prop

  14q / 8_Clifford+T_022
    ✓ [  34.7s]  cut_divided_budget
    ✓ [  30.7s]  cut_qubit_prop
    ✓ [ 315.1s]  cut_incremental_budget
    ✓ [ 321.0s]  cut_incremental_qubit_prop

  14q / 9_Clifford+T_026
    ✓ [  30.1s]  cut_divided_budget
    ✓ [  23.8s]  cut_qubit_prop
    ✓ [ 317.7s]  cut_incremental_budget
    ✓ [ 305.8s]  cut_incremental_qubit_prop

========================================================================
