========================================================================
CUTTABLE CIRCUIT BENCHMARK RUN REPORT
Timestamp : 2026-06-16 07:06:20
========================================================================

DESIGN
------------------------------------------------------------------------
  Input        : valid_circuits.pkl produced by generate_and_cut.py
  Cut strategy : find_and_place_cuts + CutStrategy(min_free_wires=2)
  Ground truth : PennyLane default.qubit statevector (shots=None)
  Reconstruction: qcut_processing_fn (tensor contraction)
  Observable   : per-circuit Pauli string stored in CircuitSpec.observable
  Error        : |perf_exp_val - result|

CONFIGURATION
------------------------------------------------------------------------
  Shots (B)                 : 20000
  Noisy backend             : 'aer.fake_torino'
  Ideal backend             : 'aer.perfect'
  Simulator seed            : 42
  Output dir                : PosixPath('results/new/stable_shots_runs02_10-14q_no_vanilla/20000_shots/torino/10_qubits')
  2q-gate alpha             : 0.8
  Incr. batch shots         : 50
  Incr. threshold           : 0.005
  Incr. offset              : 3
  Incr. stability k         : 5
  Incr. stopping criterion  : 'delta'
  Incr. distance metric     : 'tvd'
  Incr. window size         : 3
  Incr. EWMA alpha          : 0.5
  Selected modes            : cut_divided_budget, cut_qubit_prop, cut_incremental_budget, cut_incremental_qubit_prop

SUMMARY
------------------------------------------------------------------------
Total: 40  ok: 40  failed: 0

RESULTS BY CIRCUIT
------------------------------------------------------------------------
  10q / 0_Clifford+T_001
    ✓ [  89.1s]  cut_divided_budget
    ✓ [  76.7s]  cut_qubit_prop
    ✓ [1000.2s]  cut_incremental_budget
    ✓ [1013.9s]  cut_incremental_qubit_prop

  10q / 1_Clifford+T_004
    ✓ [  31.2s]  cut_divided_budget
    ✓ [  18.9s]  cut_qubit_prop
    ✓ [ 755.5s]  cut_incremental_budget
    ✓ [ 984.1s]  cut_incremental_qubit_prop

  10q / 2_Clifford+T_008
    ✓ [  83.3s]  cut_divided_budget
    ✓ [  75.6s]  cut_qubit_prop
    ✓ [ 991.0s]  cut_incremental_budget
    ✓ [1006.6s]  cut_incremental_qubit_prop

  10q / 3_Clifford+T_015
    ✓ [  26.1s]  cut_divided_budget
    ✓ [  18.6s]  cut_qubit_prop
    ✓ [ 942.3s]  cut_incremental_budget
    ✓ [ 977.5s]  cut_incremental_qubit_prop

  10q / 4_Clifford+T_024
    ✓ [  82.7s]  cut_divided_budget
    ✓ [  75.9s]  cut_qubit_prop
    ✓ [ 993.4s]  cut_incremental_budget
    ✓ [1009.2s]  cut_incremental_qubit_prop

  10q / 5_Clifford+T_026
    ✓ [  80.7s]  cut_divided_budget
    ✓ [  73.5s]  cut_qubit_prop
    ✓ [ 993.7s]  cut_incremental_budget
    ✓ [ 995.2s]  cut_incremental_qubit_prop

  10q / 6_Clifford+T_032
    ✓ [  26.8s]  cut_divided_budget
    ✓ [  19.3s]  cut_qubit_prop
    ✓ [ 736.0s]  cut_incremental_budget
    ✓ [ 952.3s]  cut_incremental_qubit_prop

  10q / 7_Clifford+T_033
    ✓ [  25.8s]  cut_divided_budget
    ✓ [  18.9s]  cut_qubit_prop
    ✓ [ 803.0s]  cut_incremental_budget
    ✓ [ 959.6s]  cut_incremental_qubit_prop

  10q / 8_Clifford+T_039
    ✓ [  82.0s]  cut_divided_budget
    ✓ [  74.7s]  cut_qubit_prop
    ✓ [ 984.9s]  cut_incremental_budget
    ✓ [ 997.0s]  cut_incremental_qubit_prop

  10q / 9_Clifford+T_041
    ✓ [  25.0s]  cut_divided_budget
    ✓ [  18.2s]  cut_qubit_prop
    ✓ [ 944.4s]  cut_incremental_budget
    ✓ [ 956.4s]  cut_incremental_qubit_prop

========================================================================
