========================================================================
CUTTABLE CIRCUIT BENCHMARK RUN REPORT
Timestamp : 2026-06-16 02:11:29
========================================================================

DESIGN
------------------------------------------------------------------------
  Input        : valid_circuits.pkl produced by generate_and_cut.py
  Cut strategy : find_and_place_cuts + CutStrategy(min_free_wires=2)
  Ground truth : PennyLane default.qubit statevector (shots=None)
  Reconstruction: qcut_processing_fn (tensor contraction)
  Observable   : per-circuit Pauli string stored in CircuitSpec.observable
  Error        : |perf_exp_val - result|

CONFIGURATION
------------------------------------------------------------------------
  Shots (B)                 : 10000
  Noisy backend             : 'aer.fake_kyoto'
  Ideal backend             : 'aer.perfect'
  Simulator seed            : 42
  Output dir                : PosixPath('results/new/stable_shots_runs02_10-14q_no_vanilla/10000_shots/kyoto/12_qubits')
  2q-gate alpha             : 0.8
  Incr. batch shots         : 50
  Incr. threshold           : 0.005
  Incr. offset              : 3
  Incr. stability k         : 5
  Incr. stopping criterion  : 'delta'
  Incr. distance metric     : 'tvd'
  Incr. window size         : 3
  Incr. EWMA alpha          : 0.5
  Selected modes            : cut_divided_budget, cut_qubit_prop, cut_incremental_budget, cut_incremental_qubit_prop

SUMMARY
------------------------------------------------------------------------
Total: 40  ok: 40  failed: 0

RESULTS BY CIRCUIT
------------------------------------------------------------------------
  12q / 0_Clifford+T_001
    ✓ [  18.8s]  cut_divided_budget
    ✓ [  12.3s]  cut_qubit_prop
    ✓ [ 306.6s]  cut_incremental_budget
    ✓ [ 314.4s]  cut_incremental_qubit_prop

  12q / 1_Clifford+T_002
    ✓ [  60.0s]  cut_divided_budget
    ✓ [  55.7s]  cut_qubit_prop
    ✓ [ 348.6s]  cut_incremental_budget
    ✓ [ 329.6s]  cut_incremental_qubit_prop

  12q / 2_Clifford+T_004
    ✓ [  23.8s]  cut_divided_budget
    ✓ [  19.1s]  cut_qubit_prop
    ✓ [ 312.2s]  cut_incremental_budget
    ✓ [ 326.0s]  cut_incremental_qubit_prop

  12q / 3_Clifford+T_006
    ✓ [  19.4s]  cut_divided_budget
    ✓ [  12.0s]  cut_qubit_prop
    ✓ [ 305.2s]  cut_incremental_budget
    ✓ [ 318.3s]  cut_incremental_qubit_prop

  12q / 4_Clifford+T_011
    ✓ [  60.7s]  cut_divided_budget
    ✓ [  56.9s]  cut_qubit_prop
    ✓ [ 347.4s]  cut_incremental_budget
    ✓ [ 331.7s]  cut_incremental_qubit_prop

  12q / 5_Clifford+T_013
    ✓ [  54.9s]  cut_divided_budget
    ✓ [  48.1s]  cut_qubit_prop
    ✓ [ 350.1s]  cut_incremental_budget
    ✓ [ 348.5s]  cut_incremental_qubit_prop

  12q / 6_Clifford+T_015
    ✓ [  18.9s]  cut_divided_budget
    ✓ [  11.7s]  cut_qubit_prop
    ✓ [ 303.6s]  cut_incremental_budget
    ✓ [ 325.7s]  cut_incremental_qubit_prop

  12q / 7_Clifford+T_019
    ✓ [  11.3s]  cut_divided_budget
    ✓ [   3.3s]  cut_qubit_prop
    ✓ [ 304.1s]  cut_incremental_budget
    ✓ [ 321.0s]  cut_incremental_qubit_prop

  12q / 8_Clifford+T_021
    ✓ [  19.0s]  cut_divided_budget
    ✓ [  12.0s]  cut_qubit_prop
    ✓ [ 316.9s]  cut_incremental_budget
    ✓ [ 322.2s]  cut_incremental_qubit_prop

  12q / 9_Clifford+T_025
    ✓ [  57.3s]  cut_divided_budget
    ✓ [  51.1s]  cut_qubit_prop
    ✓ [ 347.3s]  cut_incremental_budget
    ✓ [ 353.9s]  cut_incremental_qubit_prop

========================================================================
