========================================================================
CUTTABLE CIRCUIT BENCHMARK RUN REPORT
Timestamp : 2026-06-18 03:43:04
========================================================================

DESIGN
------------------------------------------------------------------------
  Input        : valid_circuits.pkl produced by generate_and_cut.py
  Cut strategy : find_and_place_cuts + CutStrategy(min_free_wires=2)
  Ground truth : PennyLane default.qubit statevector (shots=None)
  Reconstruction: qcut_processing_fn (tensor contraction)
  Observable   : per-circuit Pauli string stored in CircuitSpec.observable
  Error        : |perf_exp_val - result|

CONFIGURATION
------------------------------------------------------------------------
  Shots (B)                 : 10000
  Noisy backend             : 'aer.fake_sherbrooke'
  Ideal backend             : 'aer.perfect'
  Simulator seed            : 42
  Output dir                : PosixPath('results/new/stable_shots3/10000_shots/sherbrooke/16_qubits')
  2q-gate alpha             : 0.8
  Incr. batch shots         : 50
  Incr. threshold           : 0.05
  Incr. offset              : 3
  Incr. stability k         : 5
  Incr. stopping criterion  : 'delta'
  Incr. distance metric     : 'tvd'
  Incr. window size         : 3
  Incr. EWMA alpha          : 0.5
  Selected modes            : noisy_vanilla, cut_divided_budget, cut_qubit_prop, cut_incremental_budget, cut_incremental_qubit_prop

SUMMARY
------------------------------------------------------------------------
Total: 50  ok: 50  failed: 0

RESULTS BY CIRCUIT
------------------------------------------------------------------------
  16q / 0_Clifford+T_002
    ✓ [ 411.3s]  noisy_vanilla
    ✓ [  17.3s]  cut_divided_budget
    ✓ [  10.0s]  cut_qubit_prop
    ✓ [ 245.2s]  cut_incremental_budget
    ✓ [ 235.5s]  cut_incremental_qubit_prop

  16q / 1_Clifford+T_008
    ✓ [ 640.5s]  noisy_vanilla
    ✓ [  29.3s]  cut_divided_budget
    ✓ [  18.7s]  cut_qubit_prop
    ✓ [ 253.4s]  cut_incremental_budget
    ✓ [ 280.2s]  cut_incremental_qubit_prop

  16q / 2_Clifford+T_015
    ✓ [ 488.1s]  noisy_vanilla
    ✓ [  40.0s]  cut_divided_budget
    ✓ [  46.1s]  cut_qubit_prop
    ✓ [ 197.9s]  cut_incremental_budget
    ✓ [ 319.2s]  cut_incremental_qubit_prop

  16q / 3_Clifford+T_016
    ✓ [ 450.7s]  noisy_vanilla
    ✓ [  22.2s]  cut_divided_budget
    ✓ [  16.7s]  cut_qubit_prop
    ✓ [ 165.9s]  cut_incremental_budget
    ✓ [ 147.1s]  cut_incremental_qubit_prop

  16q / 4_Clifford+T_018
    ✓ [ 401.0s]  noisy_vanilla
    ✓ [  21.4s]  cut_divided_budget
    ✓ [   9.9s]  cut_qubit_prop
    ✓ [ 200.7s]  cut_incremental_budget
    ✓ [ 211.7s]  cut_incremental_qubit_prop

  16q / 5_Clifford+T_019
    ✓ [ 732.1s]  noisy_vanilla
    ✓ [ 102.8s]  cut_divided_budget
    ✓ [ 145.7s]  cut_qubit_prop
    ✓ [ 361.5s]  cut_incremental_budget
    ✓ [ 419.5s]  cut_incremental_qubit_prop

  16q / 6_Clifford+T_021
    ✓ [ 442.4s]  noisy_vanilla
    ✓ [  20.4s]  cut_divided_budget
    ✓ [  15.0s]  cut_qubit_prop
    ✓ [ 178.4s]  cut_incremental_budget
    ✓ [ 197.1s]  cut_incremental_qubit_prop

  16q / 7_Clifford+T_026
    ✓ [ 515.3s]  noisy_vanilla
    ✓ [  42.8s]  cut_divided_budget
    ✓ [  46.1s]  cut_qubit_prop
    ✓ [ 256.8s]  cut_incremental_budget
    ✓ [ 264.7s]  cut_incremental_qubit_prop

  16q / 8_Clifford+T_032
    ✓ [ 677.2s]  noisy_vanilla
    ✓ [  40.8s]  cut_divided_budget
    ✓ [  44.8s]  cut_qubit_prop
    ✓ [ 300.2s]  cut_incremental_budget
    ✓ [ 318.5s]  cut_incremental_qubit_prop

  16q / 9_Clifford+T_040
    ✓ [ 587.6s]  noisy_vanilla
    ✓ [  55.4s]  cut_divided_budget
    ✓ [  71.4s]  cut_qubit_prop
    ✓ [ 317.4s]  cut_incremental_budget
    ✓ [ 316.5s]  cut_incremental_qubit_prop

========================================================================
