========================================================================
CUTTABLE CIRCUIT BENCHMARK RUN REPORT
Timestamp : 2026-06-09 11:54:48
========================================================================

DESIGN
------------------------------------------------------------------------
  Input        : valid_circuits.pkl produced by generate_and_cut.py
  Cut strategy : find_and_place_cuts + CutStrategy(min_free_wires=2)
  Ground truth : PennyLane default.qubit statevector (shots=None)
  Reconstruction: qcut_processing_fn (tensor contraction)
  Observable   : per-circuit Pauli string stored in CircuitSpec.observable
  Error        : |perf_exp_val - result|

CONFIGURATION
------------------------------------------------------------------------
  Shots (B)                 : 20000
  Noisy backend             : 'aer.fake_kawasaki'
  Ideal backend             : 'aer.perfect'
  Simulator seed            : 42
  Output dir                : PosixPath('results/new/ewma_20k_kawasaki_01/11_qubits')
  2q-gate alpha             : 0.8
  Incr. batch shots         : 50
  Incr. threshold           : 0.03
  Incr. offset              : 3
  Incr. stability k         : 3
  Incr. stopping criterion  : 'ewma'
  Incr. distance metric     : 'tvd'
  Incr. window size         : 3
  Incr. EWMA alpha          : 0.5
  Selected modes            : noisy_vanilla, cut_divided_budget, cut_qubit_prop, cut_incremental_budget, cut_incremental_qubit_prop

SUMMARY
------------------------------------------------------------------------
Total: 50  ok: 50  failed: 0

RESULTS BY CIRCUIT
------------------------------------------------------------------------
  11q / 0_Clifford+T_001
    ✓ [   8.6s]  noisy_vanilla
    ✓ [ 107.8s]  cut_divided_budget
    ✓ [  44.2s]  cut_qubit_prop
    ✓ [ 619.4s]  cut_incremental_budget
    ✓ [ 650.7s]  cut_incremental_qubit_prop

  11q / 1_Clifford+T_002
    ✓ [   2.0s]  noisy_vanilla
    ✓ [  80.8s]  cut_divided_budget
    ✓ [  45.0s]  cut_qubit_prop
    ✓ [ 598.9s]  cut_incremental_budget
    ✓ [ 610.0s]  cut_incremental_qubit_prop

  11q / 2_Clifford+T_011
    ✓ [   1.7s]  noisy_vanilla
    ✓ [  20.0s]  cut_divided_budget
    ✓ [  12.4s]  cut_qubit_prop
    ✓ [ 313.1s]  cut_incremental_budget
    ✓ [ 282.3s]  cut_incremental_qubit_prop

  11q / 3_Clifford+T_015
    ✓ [   1.8s]  noisy_vanilla
    ✓ [  19.4s]  cut_divided_budget
    ✓ [  12.6s]  cut_qubit_prop
    ✓ [ 241.0s]  cut_incremental_budget
    ✓ [ 232.2s]  cut_incremental_qubit_prop

  11q / 4_Clifford+T_017
    ✓ [   2.1s]  noisy_vanilla
    ✓ [  21.3s]  cut_divided_budget
    ✓ [  11.4s]  cut_qubit_prop
    ✓ [ 198.1s]  cut_incremental_budget
    ✓ [ 156.3s]  cut_incremental_qubit_prop

  11q / 5_Clifford+T_025
    ✓ [   2.1s]  noisy_vanilla
    ✓ [  20.3s]  cut_divided_budget
    ✓ [  12.1s]  cut_qubit_prop
    ✓ [ 234.9s]  cut_incremental_budget
    ✓ [ 232.3s]  cut_incremental_qubit_prop

  11q / 6_Clifford+T_026
    ✓ [   2.0s]  noisy_vanilla
    ✓ [  23.5s]  cut_divided_budget
    ✓ [  13.0s]  cut_qubit_prop
    ✓ [ 344.9s]  cut_incremental_budget
    ✓ [ 355.4s]  cut_incremental_qubit_prop

  11q / 7_Clifford+T_029
    ✓ [   1.9s]  noisy_vanilla
    ✓ [  18.0s]  cut_divided_budget
    ✓ [  10.2s]  cut_qubit_prop
    ✓ [ 158.1s]  cut_incremental_budget
    ✓ [ 174.4s]  cut_incremental_qubit_prop

  11q / 8_Clifford+T_030
    ✓ [   1.9s]  noisy_vanilla
    ✓ [  25.5s]  cut_divided_budget
    ✓ [  13.9s]  cut_qubit_prop
    ✓ [ 125.2s]  cut_incremental_budget
    ✓ [ 130.2s]  cut_incremental_qubit_prop

  11q / 9_Clifford+T_033
    ✓ [   1.8s]  noisy_vanilla
    ✓ [  18.2s]  cut_divided_budget
    ✓ [  10.8s]  cut_qubit_prop
    ✓ [ 137.3s]  cut_incremental_budget
    ✓ [ 123.1s]  cut_incremental_qubit_prop

========================================================================
