========================================================================
CUTTABLE CIRCUIT BENCHMARK RUN REPORT
Timestamp : 2026-04-29 17:33:23
========================================================================

DESIGN
------------------------------------------------------------------------
  Input        : valid_circuits.pkl produced by generate_and_cut.py
  Cut strategy : find_and_place_cuts + CutStrategy(min_free_wires=2)
  Ground truth : PennyLane default.qubit statevector (shots=None)
  Reconstruction: qcut_processing_fn (tensor contraction)
  Observable   : per-circuit Pauli string stored in CircuitSpec.observable
  Error        : |perf_exp_val - result|

CONFIGURATION
------------------------------------------------------------------------
  Shots (B)                 : 20000
  Noisy backend             : 'aer.fake_torino'
  Ideal backend             : 'aer.perfect'
  Simulator seed            : 42
  Output dir                : PosixPath('results/20k_ewma_04/09_qubits')
  2q-gate alpha             : 0.8
  Incr. batch shots         : 50
  Incr. threshold           : 0.01
  Incr. offset              : 3
  Incr. stability k         : 5
  Incr. stopping criterion  : 'ewma'
  Incr. distance metric     : 'tvd'
  Incr. window size         : 3
  Incr. EWMA alpha          : 0.6
  Selected modes            : noisy_vanilla, cut_divided_budget, cut_qubit_prop, cut_incremental_budget, cut_incremental_qubit_prop

SUMMARY
------------------------------------------------------------------------
Total: 50  ok: 50  failed: 0

RESULTS BY CIRCUIT
------------------------------------------------------------------------
  9q / 0_Clifford+T_004
    ✓ [   2.9s]  noisy_vanilla
    ✓ [ 110.4s]  cut_divided_budget
    ✓ [  95.6s]  cut_qubit_prop
    ✓ [ 860.6s]  cut_incremental_budget
    ✓ [ 749.8s]  cut_incremental_qubit_prop

  9q / 1_QuantumVolume_012
    ✓ [   3.6s]  noisy_vanilla
    ✓ [1193.9s]  cut_divided_budget
    ✓ [  76.5s]  cut_qubit_prop
    ✓ [ 820.3s]  cut_incremental_budget
    ✓ [ 823.5s]  cut_incremental_qubit_prop

  9q / 2_Clifford+T_016
    ✓ [   3.0s]  noisy_vanilla
    ✓ [ 104.8s]  cut_divided_budget
    ✓ [  79.6s]  cut_qubit_prop
    ✓ [ 782.9s]  cut_incremental_budget
    ✓ [ 684.3s]  cut_incremental_qubit_prop

  9q / 3_Clifford+T_034
    ✓ [   2.8s]  noisy_vanilla
    ✓ [  27.4s]  cut_divided_budget
    ✓ [  28.6s]  cut_qubit_prop
    ✓ [ 192.2s]  cut_incremental_budget
    ✓ [ 189.0s]  cut_incremental_qubit_prop

  9q / 4_Clifford+T_070
    ✓ [   2.8s]  noisy_vanilla
    ✓ [  26.6s]  cut_divided_budget
    ✓ [  18.4s]  cut_qubit_prop
    ✓ [ 201.4s]  cut_incremental_budget
    ✓ [ 204.5s]  cut_incremental_qubit_prop

  9q / 5_Clifford+T_106
    ✓ [   2.6s]  noisy_vanilla
    ✓ [  86.8s]  cut_divided_budget
    ✓ [  74.0s]  cut_qubit_prop
    ✓ [ 766.6s]  cut_incremental_budget
    ✓ [ 678.3s]  cut_incremental_qubit_prop

  9q / 6_QuantumVolume_126
    ✓ [   2.7s]  noisy_vanilla
    ✓ [1111.2s]  cut_divided_budget
    ✓ [  73.2s]  cut_qubit_prop
    ✓ [ 749.6s]  cut_incremental_budget
    ✓ [ 744.3s]  cut_incremental_qubit_prop

  9q / 7_Clifford+T_154
    ✓ [   2.8s]  noisy_vanilla
    ✓ [  26.2s]  cut_divided_budget
    ✓ [  18.6s]  cut_qubit_prop
    ✓ [ 190.7s]  cut_incremental_budget
    ✓ [ 190.1s]  cut_incremental_qubit_prop

  9q / 8_Clifford+T_166
    ✓ [   2.5s]  noisy_vanilla
    ✓ [  26.0s]  cut_divided_budget
    ✓ [  22.2s]  cut_qubit_prop
    ✓ [ 192.3s]  cut_incremental_budget
    ✓ [ 187.6s]  cut_incremental_qubit_prop

  9q / 9_Clifford+T_184
    ✓ [   2.8s]  noisy_vanilla
    ✓ [  82.9s]  cut_divided_budget
    ✓ [  75.3s]  cut_qubit_prop
    ✓ [ 759.0s]  cut_incremental_budget
    ✓ [ 643.4s]  cut_incremental_qubit_prop

========================================================================
