========================================================================
CUTTABLE CIRCUIT BENCHMARK RUN REPORT
Timestamp : 2026-06-17 22:33:08
========================================================================

DESIGN
------------------------------------------------------------------------
  Input        : valid_circuits.pkl produced by generate_and_cut.py
  Cut strategy : find_and_place_cuts + CutStrategy(min_free_wires=2)
  Ground truth : PennyLane default.qubit statevector (shots=None)
  Reconstruction: qcut_processing_fn (tensor contraction)
  Observable   : per-circuit Pauli string stored in CircuitSpec.observable
  Error        : |perf_exp_val - result|

CONFIGURATION
------------------------------------------------------------------------
  Shots (B)                 : 5000
  Noisy backend             : 'aer.fake_kyoto'
  Ideal backend             : 'aer.perfect'
  Simulator seed            : 42
  Output dir                : PosixPath('results/new/stable_shots_02/5000_shots/kyoto/15_qubits')
  2q-gate alpha             : 0.8
  Incr. batch shots         : 50
  Incr. threshold           : 0.03
  Incr. offset              : 3
  Incr. stability k         : 3
  Incr. stopping criterion  : 'delta'
  Incr. distance metric     : 'tvd'
  Incr. window size         : 3
  Incr. EWMA alpha          : 0.5
  Selected modes            : noisy_vanilla, cut_divided_budget, cut_qubit_prop, cut_incremental_budget, cut_incremental_qubit_prop

SUMMARY
------------------------------------------------------------------------
Total: 50  ok: 50  failed: 0

RESULTS BY CIRCUIT
------------------------------------------------------------------------
  15q / 0_Clifford+T_003
    ✓ [  93.4s]  noisy_vanilla
    ✓ [  25.5s]  cut_divided_budget
    ✓ [  14.1s]  cut_qubit_prop
    ✓ [ 170.8s]  cut_incremental_budget
    ✓ [ 173.8s]  cut_incremental_qubit_prop

  15q / 1_Clifford+T_009
    ✓ [ 113.6s]  noisy_vanilla
    ✓ [  26.9s]  cut_divided_budget
    ✓ [  20.8s]  cut_qubit_prop
    ✓ [ 273.9s]  cut_incremental_budget
    ✓ [ 226.8s]  cut_incremental_qubit_prop

  15q / 2_Clifford+T_011
    ✓ [  91.4s]  noisy_vanilla
    ✓ [  32.7s]  cut_divided_budget
    ✓ [  25.3s]  cut_qubit_prop
    ✓ [ 270.3s]  cut_incremental_budget
    ✓ [ 274.3s]  cut_incremental_qubit_prop

  15q / 3_Clifford+T_015
    ✓ [ 156.5s]  noisy_vanilla
    ✓ [  96.6s]  cut_divided_budget
    ✓ [  85.0s]  cut_qubit_prop
    ✓ [ 328.9s]  cut_incremental_budget
    ✓ [ 320.4s]  cut_incremental_qubit_prop

  15q / 4_Clifford+T_016
    ✓ [  88.5s]  noisy_vanilla
    ✓ [  19.5s]  cut_divided_budget
    ✓ [  12.3s]  cut_qubit_prop
    ✓ [ 166.7s]  cut_incremental_budget
    ✓ [ 177.4s]  cut_incremental_qubit_prop

  15q / 5_Clifford+T_018
    ✓ [ 155.6s]  noisy_vanilla
    ✓ [  32.8s]  cut_divided_budget
    ✓ [  20.2s]  cut_qubit_prop
    ✓ [ 216.0s]  cut_incremental_budget
    ✓ [ 446.9s]  cut_incremental_qubit_prop

  15q / 6_Clifford+T_022
    ✓ [ 308.6s]  noisy_vanilla
    ✓ [  54.5s]  cut_divided_budget
    ✓ [  40.9s]  cut_qubit_prop
    ✓ [ 451.4s]  cut_incremental_budget
    ✓ [ 473.1s]  cut_incremental_qubit_prop

  15q / 7_Clifford+T_023
    ✓ [ 201.7s]  noisy_vanilla
    ✓ [  46.9s]  cut_divided_budget
    ✓ [  30.7s]  cut_qubit_prop
    ✓ [ 358.3s]  cut_incremental_budget
    ✓ [ 428.3s]  cut_incremental_qubit_prop

  15q / 8_Clifford+T_024
    ✓ [ 278.8s]  noisy_vanilla
    ✓ [  91.3s]  cut_divided_budget
    ✓ [  58.9s]  cut_qubit_prop
    ✓ [ 366.0s]  cut_incremental_budget
    ✓ [ 255.0s]  cut_incremental_qubit_prop

  15q / 9_Clifford+T_026
    ✓ [  91.5s]  noisy_vanilla
    ✓ [  28.8s]  cut_divided_budget
    ✓ [  29.1s]  cut_qubit_prop
    ✓ [ 214.7s]  cut_incremental_budget
    ✓ [ 303.5s]  cut_incremental_qubit_prop

========================================================================
