========================================================================
CUTTABLE CIRCUIT BENCHMARK RUN REPORT
Timestamp : 2026-04-27 17:47:35
========================================================================

DESIGN
------------------------------------------------------------------------
  Input        : valid_circuits.pkl produced by generate_and_cut.py
  Cut strategy : find_and_place_cuts + CutStrategy(min_free_wires=2)
  Ground truth : PennyLane default.qubit statevector (shots=None)
  Reconstruction: qcut_processing_fn (tensor contraction)
  Observable   : per-circuit Pauli string stored in CircuitSpec.observable
  Error        : |perf_exp_val - result|

CONFIGURATION
------------------------------------------------------------------------
  Shots (B)                 : 20000
  Noisy backend             : 'aer.fake_torino'
  Ideal backend             : 'aer.perfect'
  Simulator seed            : 42
  Output dir                : PosixPath('results/20k_ewma_01/09_qubits')
  2q-gate alpha             : 0.8
  Incr. batch shots         : 50
  Incr. threshold           : 0.02
  Incr. offset              : 2
  Incr. stability k         : 5
  Incr. stopping criterion  : 'ewma'
  Incr. distance metric     : 'tvd'
  Incr. window size         : 3
  Incr. EWMA alpha          : 0.5
  Selected modes            : noisy_vanilla, cut_divided_budget, cut_qubit_prop, cut_incremental_budget, cut_incremental_qubit_prop

SUMMARY
------------------------------------------------------------------------
Total: 50  ok: 50  failed: 0

RESULTS BY CIRCUIT
------------------------------------------------------------------------
  9q / 0_Clifford+T_004
    ✓ [   3.1s]  noisy_vanilla
    ✓ [  88.5s]  cut_divided_budget
    ✓ [  74.6s]  cut_qubit_prop
    ✓ [ 712.9s]  cut_incremental_budget
    ✓ [ 600.4s]  cut_incremental_qubit_prop

  9q / 1_QuantumVolume_012
    ✓ [   2.9s]  noisy_vanilla
    ✓ [1254.6s]  cut_divided_budget
    ✓ [  81.6s]  cut_qubit_prop
    ✓ [ 684.5s]  cut_incremental_budget
    ✓ [ 655.5s]  cut_incremental_qubit_prop

  9q / 2_Clifford+T_016
    ✓ [   2.4s]  noisy_vanilla
    ✓ [  77.8s]  cut_divided_budget
    ✓ [  72.1s]  cut_qubit_prop
    ✓ [ 671.9s]  cut_incremental_budget
    ✓ [ 664.8s]  cut_incremental_qubit_prop

  9q / 3_Clifford+T_034
    ✓ [   2.8s]  noisy_vanilla
    ✓ [  25.2s]  cut_divided_budget
    ✓ [  18.5s]  cut_qubit_prop
    ✓ [ 161.1s]  cut_incremental_budget
    ✓ [ 178.0s]  cut_incremental_qubit_prop

  9q / 4_Clifford+T_070
    ✓ [   2.7s]  noisy_vanilla
    ✓ [  25.2s]  cut_divided_budget
    ✓ [  18.6s]  cut_qubit_prop
    ✓ [ 182.2s]  cut_incremental_budget
    ✓ [ 175.7s]  cut_incremental_qubit_prop

  9q / 5_Clifford+T_106
    ✓ [   2.7s]  noisy_vanilla
    ✓ [ 111.8s]  cut_divided_budget
    ✓ [ 109.2s]  cut_qubit_prop
    ✓ [ 843.8s]  cut_incremental_budget
    ✓ [ 647.4s]  cut_incremental_qubit_prop

  9q / 6_QuantumVolume_126
    ✓ [   3.1s]  noisy_vanilla
    ✓ [1106.1s]  cut_divided_budget
    ✓ [  74.9s]  cut_qubit_prop
    ✓ [ 671.4s]  cut_incremental_budget
    ✓ [ 675.3s]  cut_incremental_qubit_prop

  9q / 7_Clifford+T_154
    ✓ [   2.8s]  noisy_vanilla
    ✓ [  27.4s]  cut_divided_budget
    ✓ [  18.5s]  cut_qubit_prop
    ✓ [ 169.4s]  cut_incremental_budget
    ✓ [ 168.8s]  cut_incremental_qubit_prop

  9q / 8_Clifford+T_166
    ✓ [   2.9s]  noisy_vanilla
    ✓ [  26.4s]  cut_divided_budget
    ✓ [  18.7s]  cut_qubit_prop
    ✓ [ 170.1s]  cut_incremental_budget
    ✓ [ 172.4s]  cut_incremental_qubit_prop

  9q / 9_Clifford+T_184
    ✓ [   2.2s]  noisy_vanilla
    ✓ [  84.6s]  cut_divided_budget
    ✓ [  75.7s]  cut_qubit_prop
    ✓ [ 682.3s]  cut_incremental_budget
    ✓ [ 623.1s]  cut_incremental_qubit_prop

========================================================================
