========================================================================
CUTTABLE CIRCUIT BENCHMARK RUN REPORT
Timestamp : 2026-06-13 05:21:26
========================================================================

DESIGN
------------------------------------------------------------------------
  Input        : valid_circuits.pkl produced by generate_and_cut.py
  Cut strategy : find_and_place_cuts + CutStrategy(min_free_wires=2)
  Ground truth : PennyLane default.qubit statevector (shots=None)
  Reconstruction: qcut_processing_fn (tensor contraction)
  Observable   : per-circuit Pauli string stored in CircuitSpec.observable
  Error        : |perf_exp_val - result|

CONFIGURATION
------------------------------------------------------------------------
  Shots (B)                 : 10000
  Noisy backend             : 'aer.fake_kawasaki'
  Ideal backend             : 'aer.perfect'
  Simulator seed            : 42
  Output dir                : PosixPath('results/new/stable_shots_runs_10-14q_no_vanilla/10000_shots/kawasaki/14_qubits')
  2q-gate alpha             : 0.8
  Incr. batch shots         : 50
  Incr. threshold           : 0.0005
  Incr. offset              : 2
  Incr. stability k         : 5
  Incr. stopping criterion  : 'delta'
  Incr. distance metric     : 'tvd'
  Incr. window size         : 3
  Incr. EWMA alpha          : 0.5
  Selected modes            : cut_divided_budget, cut_qubit_prop, cut_incremental_budget, cut_incremental_qubit_prop

SUMMARY
------------------------------------------------------------------------
Total: 40  ok: 40  failed: 0

RESULTS BY CIRCUIT
------------------------------------------------------------------------
  14q / 0_Clifford+T_001
    ✓ [  48.9s]  cut_divided_budget
    ✓ [  47.0s]  cut_qubit_prop
    ✓ [ 251.6s]  cut_incremental_budget
    ✓ [ 240.4s]  cut_incremental_qubit_prop

  14q / 1_Clifford+T_011
    ✓ [  43.9s]  cut_divided_budget
    ✓ [  37.7s]  cut_qubit_prop
    ✓ [ 254.8s]  cut_incremental_budget
    ✓ [ 236.7s]  cut_incremental_qubit_prop

  14q / 2_Clifford+T_012
    ✓ [  23.5s]  cut_divided_budget
    ✓ [  22.5s]  cut_qubit_prop
    ✓ [ 227.4s]  cut_incremental_budget
    ✓ [ 241.2s]  cut_incremental_qubit_prop

  14q / 3_Clifford+T_014
    ✓ [  31.6s]  cut_divided_budget
    ✓ [  36.8s]  cut_qubit_prop
    ✓ [ 235.7s]  cut_incremental_budget
    ✓ [ 256.3s]  cut_incremental_qubit_prop

  14q / 4_Clifford+T_015
    ✓ [  35.8s]  cut_divided_budget
    ✓ [  28.6s]  cut_qubit_prop
    ✓ [ 259.4s]  cut_incremental_budget
    ✓ [ 260.1s]  cut_incremental_qubit_prop

  14q / 5_Clifford+T_016
    ✓ [  15.2s]  cut_divided_budget
    ✓ [   8.6s]  cut_qubit_prop
    ✓ [ 220.0s]  cut_incremental_budget
    ✓ [ 226.9s]  cut_incremental_qubit_prop

  14q / 6_Clifford+T_018
    ✓ [  15.5s]  cut_divided_budget
    ✓ [   8.7s]  cut_qubit_prop
    ✓ [ 219.8s]  cut_incremental_budget
    ✓ [ 226.1s]  cut_incremental_qubit_prop

  14q / 7_Clifford+T_019
    ✓ [  25.1s]  cut_divided_budget
    ✓ [  24.5s]  cut_qubit_prop
    ✓ [ 228.2s]  cut_incremental_budget
    ✓ [ 244.4s]  cut_incremental_qubit_prop

  14q / 8_Clifford+T_022
    ✓ [  31.4s]  cut_divided_budget
    ✓ [  38.7s]  cut_qubit_prop
    ✓ [ 236.9s]  cut_incremental_budget
    ✓ [ 260.4s]  cut_incremental_qubit_prop

  14q / 9_Clifford+T_026
    ✓ [  14.6s]  cut_divided_budget
    ✓ [   8.9s]  cut_qubit_prop
    ✓ [ 226.4s]  cut_incremental_budget
    ✓ [ 227.4s]  cut_incremental_qubit_prop

========================================================================
