========================================================================
CUTTABLE CIRCUIT BENCHMARK RUN REPORT
Timestamp : 2026-06-18 01:14:57
========================================================================

DESIGN
------------------------------------------------------------------------
  Input        : valid_circuits.pkl produced by generate_and_cut.py
  Cut strategy : find_and_place_cuts + CutStrategy(min_free_wires=2)
  Ground truth : PennyLane default.qubit statevector (shots=None)
  Reconstruction: qcut_processing_fn (tensor contraction)
  Observable   : per-circuit Pauli string stored in CircuitSpec.observable
  Error        : |perf_exp_val - result|

CONFIGURATION
------------------------------------------------------------------------
  Shots (B)                 : 10000
  Noisy backend             : 'aer.fake_torino'
  Ideal backend             : 'aer.perfect'
  Simulator seed            : 42
  Output dir                : PosixPath('results/new/stable_shots3/10000_shots/torino/14_qubits')
  2q-gate alpha             : 0.8
  Incr. batch shots         : 50
  Incr. threshold           : 0.05
  Incr. offset              : 3
  Incr. stability k         : 5
  Incr. stopping criterion  : 'delta'
  Incr. distance metric     : 'tvd'
  Incr. window size         : 3
  Incr. EWMA alpha          : 0.5
  Selected modes            : noisy_vanilla, cut_divided_budget, cut_qubit_prop, cut_incremental_budget, cut_incremental_qubit_prop

SUMMARY
------------------------------------------------------------------------
Total: 50  ok: 50  failed: 0

RESULTS BY CIRCUIT
------------------------------------------------------------------------
  14q / 0_Clifford+T_001
    ✓ [ 158.9s]  noisy_vanilla
    ✓ [ 216.3s]  cut_divided_budget
    ✓ [ 231.3s]  cut_qubit_prop
    ✓ [1100.6s]  cut_incremental_budget
    ✓ [ 793.0s]  cut_incremental_qubit_prop

  14q / 1_Clifford+T_011
    ✓ [ 111.8s]  noisy_vanilla
    ✓ [ 139.4s]  cut_divided_budget
    ✓ [  82.6s]  cut_qubit_prop
    ✓ [ 877.5s]  cut_incremental_budget
    ✓ [ 694.7s]  cut_incremental_qubit_prop

  14q / 2_Clifford+T_012
    ✓ [  81.5s]  noisy_vanilla
    ✓ [  40.7s]  cut_divided_budget
    ✓ [  35.0s]  cut_qubit_prop
    ✓ [ 423.0s]  cut_incremental_budget
    ✓ [ 479.4s]  cut_incremental_qubit_prop

  14q / 3_Clifford+T_014
    ✓ [ 150.2s]  noisy_vanilla
    ✓ [  76.6s]  cut_divided_budget
    ✓ [  89.1s]  cut_qubit_prop
    ✓ [ 462.3s]  cut_incremental_budget
    ✓ [ 384.8s]  cut_incremental_qubit_prop

  14q / 4_Clifford+T_015
    ✓ [ 158.2s]  noisy_vanilla
    ✓ [  75.4s]  cut_divided_budget
    ✓ [  68.6s]  cut_qubit_prop
    ✓ [ 120.4s]  cut_incremental_budget
    ✓ [  83.6s]  cut_incremental_qubit_prop

  14q / 5_Clifford+T_016
    ✓ [  86.1s]  noisy_vanilla
    ✓ [  25.9s]  cut_divided_budget
    ✓ [  19.5s]  cut_qubit_prop
    ✓ [ 238.4s]  cut_incremental_budget
    ✓ [ 273.9s]  cut_incremental_qubit_prop

  14q / 6_Clifford+T_018
    ✓ [  84.9s]  noisy_vanilla
    ✓ [  35.5s]  cut_divided_budget
    ✓ [  33.1s]  cut_qubit_prop
    ✓ [ 521.6s]  cut_incremental_budget
    ✓ [ 476.7s]  cut_incremental_qubit_prop

  14q / 7_Clifford+T_019
    ✓ [ 105.9s]  noisy_vanilla
    ✓ [  43.1s]  cut_divided_budget
    ✓ [  45.1s]  cut_qubit_prop
    ✓ [ 367.7s]  cut_incremental_budget
    ✓ [ 403.6s]  cut_incremental_qubit_prop

  14q / 8_Clifford+T_022
    ✓ [  81.3s]  noisy_vanilla
    ✓ [  77.3s]  cut_divided_budget
    ✓ [ 110.6s]  cut_qubit_prop
    ✓ [ 549.6s]  cut_incremental_budget
    ✓ [ 361.1s]  cut_incremental_qubit_prop

  14q / 9_Clifford+T_026
    ✓ [  88.5s]  noisy_vanilla
    ✓ [  30.7s]  cut_divided_budget
    ✓ [  19.7s]  cut_qubit_prop
    ✓ [ 285.9s]  cut_incremental_budget
    ✓ [ 293.1s]  cut_incremental_qubit_prop

========================================================================
