========================================================================
CUTTABLE CIRCUIT BENCHMARK RUN REPORT
Timestamp : 2026-06-08 17:40:41
========================================================================

DESIGN
------------------------------------------------------------------------
  Input        : valid_circuits.pkl produced by generate_and_cut.py
  Cut strategy : find_and_place_cuts + CutStrategy(min_free_wires=2)
  Ground truth : PennyLane default.qubit statevector (shots=None)
  Reconstruction: qcut_processing_fn (tensor contraction)
  Observable   : per-circuit Pauli string stored in CircuitSpec.observable
  Error        : |perf_exp_val - result|

CONFIGURATION
------------------------------------------------------------------------
  Shots (B)                 : 5000
  Noisy backend             : 'aer.fake_torino'
  Ideal backend             : 'aer.perfect'
  Simulator seed            : 42
  Output dir                : PosixPath('results/new/ewma_5k_torino_01/12_qubits')
  2q-gate alpha             : 0.8
  Incr. batch shots         : 50
  Incr. threshold           : 0.03
  Incr. offset              : 3
  Incr. stability k         : 3
  Incr. stopping criterion  : 'ewma'
  Incr. distance metric     : 'tvd'
  Incr. window size         : 3
  Incr. EWMA alpha          : 0.5
  Selected modes            : noisy_vanilla, cut_divided_budget, cut_qubit_prop, cut_incremental_budget, cut_incremental_qubit_prop

SUMMARY
------------------------------------------------------------------------
Total: 50  ok: 50  failed: 0

RESULTS BY CIRCUIT
------------------------------------------------------------------------
  12q / 0_Clifford+T_001
    ✓ [  12.8s]  noisy_vanilla
    ✓ [  38.7s]  cut_divided_budget
    ✓ [  22.0s]  cut_qubit_prop
    ✓ [ 276.0s]  cut_incremental_budget
    ✓ [ 278.8s]  cut_incremental_qubit_prop

  12q / 1_Clifford+T_002
    ✓ [   5.9s]  noisy_vanilla
    ✓ [ 123.9s]  cut_divided_budget
    ✓ [  77.7s]  cut_qubit_prop
    ✓ [ 329.9s]  cut_incremental_budget
    ✓ [ 282.5s]  cut_incremental_qubit_prop

  12q / 2_Clifford+T_004
    ✓ [   3.4s]  noisy_vanilla
    ✓ [  25.7s]  cut_divided_budget
    ✓ [  18.4s]  cut_qubit_prop
    ✓ [ 246.3s]  cut_incremental_budget
    ✓ [ 272.6s]  cut_incremental_qubit_prop

  12q / 3_Clifford+T_006
    ✓ [   3.3s]  noisy_vanilla
    ✓ [  35.5s]  cut_divided_budget
    ✓ [  26.9s]  cut_qubit_prop
    ✓ [ 242.9s]  cut_incremental_budget
    ✓ [ 256.8s]  cut_incremental_qubit_prop

  12q / 4_Clifford+T_011
    ✓ [   3.9s]  noisy_vanilla
    ✓ [  94.7s]  cut_divided_budget
    ✓ [  74.9s]  cut_qubit_prop
    ✓ [ 388.4s]  cut_incremental_budget
    ✓ [ 306.0s]  cut_incremental_qubit_prop

  12q / 5_Clifford+T_013
    ✓ [   3.5s]  noisy_vanilla
    ✓ [  97.6s]  cut_divided_budget
    ✓ [  94.9s]  cut_qubit_prop
    ✓ [ 362.8s]  cut_incremental_budget
    ✓ [ 307.6s]  cut_incremental_qubit_prop

  12q / 6_Clifford+T_015
    ✓ [   4.8s]  noisy_vanilla
    ✓ [  29.7s]  cut_divided_budget
    ✓ [  20.8s]  cut_qubit_prop
    ✓ [ 292.5s]  cut_incremental_budget
    ✓ [ 357.1s]  cut_incremental_qubit_prop

  12q / 7_Clifford+T_019
    ✓ [   5.0s]  noisy_vanilla
    ✓ [  13.9s]  cut_divided_budget
    ✓ [   3.8s]  cut_qubit_prop
    ✓ [  83.7s]  cut_incremental_budget
    ✓ [  91.2s]  cut_incremental_qubit_prop

  12q / 8_Clifford+T_021
    ✓ [   4.0s]  noisy_vanilla
    ✓ [  30.7s]  cut_divided_budget
    ✓ [  25.0s]  cut_qubit_prop
    ✓ [ 319.5s]  cut_incremental_budget
    ✓ [ 295.2s]  cut_incremental_qubit_prop

  12q / 9_Clifford+T_025
    ✓ [   2.9s]  noisy_vanilla
    ✓ [ 101.7s]  cut_divided_budget
    ✓ [  84.9s]  cut_qubit_prop
    ✓ [ 357.6s]  cut_incremental_budget
    ✓ [ 313.6s]  cut_incremental_qubit_prop

========================================================================
