========================================================================
CUTTABLE CIRCUIT BENCHMARK RUN REPORT
Timestamp : 2026-06-17 19:44:29
========================================================================

DESIGN
------------------------------------------------------------------------
  Input        : valid_circuits.pkl produced by generate_and_cut.py
  Cut strategy : find_and_place_cuts + CutStrategy(min_free_wires=2)
  Ground truth : PennyLane default.qubit statevector (shots=None)
  Reconstruction: qcut_processing_fn (tensor contraction)
  Observable   : per-circuit Pauli string stored in CircuitSpec.observable
  Error        : |perf_exp_val - result|

CONFIGURATION
------------------------------------------------------------------------
  Shots (B)                 : 5000
  Noisy backend             : 'aer.fake_sherbrooke'
  Ideal backend             : 'aer.perfect'
  Simulator seed            : 42
  Output dir                : PosixPath('results/new/stable_shots3/5000_shots/sherbrooke/13_qubits')
  2q-gate alpha             : 0.8
  Incr. batch shots         : 50
  Incr. threshold           : 0.05
  Incr. offset              : 3
  Incr. stability k         : 5
  Incr. stopping criterion  : 'delta'
  Incr. distance metric     : 'tvd'
  Incr. window size         : 3
  Incr. EWMA alpha          : 0.5
  Selected modes            : noisy_vanilla, cut_divided_budget, cut_qubit_prop, cut_incremental_budget, cut_incremental_qubit_prop

SUMMARY
------------------------------------------------------------------------
Total: 50  ok: 50  failed: 0

RESULTS BY CIRCUIT
------------------------------------------------------------------------
  13q / 0_Clifford+T_002
    ✓ [  20.0s]  noisy_vanilla
    ✓ [  21.7s]  cut_divided_budget
    ✓ [  17.4s]  cut_qubit_prop
    ✓ [ 130.9s]  cut_incremental_budget
    ✓ [ 135.0s]  cut_incremental_qubit_prop

  13q / 1_Clifford+T_004
    ✓ [  20.1s]  noisy_vanilla
    ✓ [  22.2s]  cut_divided_budget
    ✓ [  10.0s]  cut_qubit_prop
    ✓ [ 125.2s]  cut_incremental_budget
    ✓ [ 139.0s]  cut_incremental_qubit_prop

  13q / 2_Clifford+T_007
    ✓ [  21.2s]  noisy_vanilla
    ✓ [  21.8s]  cut_divided_budget
    ✓ [   9.6s]  cut_qubit_prop
    ✓ [ 192.6s]  cut_incremental_budget
    ✓ [ 211.7s]  cut_incremental_qubit_prop

  13q / 3_Clifford+T_010
    ✓ [  37.2s]  noisy_vanilla
    ✓ [  32.0s]  cut_divided_budget
    ✓ [  22.6s]  cut_qubit_prop
    ✓ [ 200.5s]  cut_incremental_budget
    ✓ [ 238.3s]  cut_incremental_qubit_prop

  13q / 4_Clifford+T_012
    ✓ [  47.0s]  noisy_vanilla
    ✓ [  32.4s]  cut_divided_budget
    ✓ [  22.2s]  cut_qubit_prop
    ✓ [ 186.6s]  cut_incremental_budget
    ✓ [ 143.0s]  cut_incremental_qubit_prop

  13q / 5_Clifford+T_014
    ✓ [  20.9s]  noisy_vanilla
    ✓ [  61.3s]  cut_divided_budget
    ✓ [  69.1s]  cut_qubit_prop
    ✓ [ 282.8s]  cut_incremental_budget
    ✓ [ 233.1s]  cut_incremental_qubit_prop

  13q / 6_Clifford+T_015
    ✓ [  37.2s]  noisy_vanilla
    ✓ [  24.2s]  cut_divided_budget
    ✓ [  16.7s]  cut_qubit_prop
    ✓ [ 213.0s]  cut_incremental_budget
    ✓ [ 211.6s]  cut_incremental_qubit_prop

  13q / 7_Clifford+T_016
    ✓ [  48.1s]  noisy_vanilla
    ✓ [  27.8s]  cut_divided_budget
    ✓ [  13.0s]  cut_qubit_prop
    ✓ [ 200.5s]  cut_incremental_budget
    ✓ [ 197.2s]  cut_incremental_qubit_prop

  13q / 8_Clifford+T_017
    ✓ [  33.0s]  noisy_vanilla
    ✓ [  20.9s]  cut_divided_budget
    ✓ [  10.4s]  cut_qubit_prop
    ✓ [ 114.4s]  cut_incremental_budget
    ✓ [ 129.0s]  cut_incremental_qubit_prop

  13q / 9_Clifford+T_020
    ✓ [  20.1s]  noisy_vanilla
    ✓ [  22.7s]  cut_divided_budget
    ✓ [  19.1s]  cut_qubit_prop
    ✓ [ 118.8s]  cut_incremental_budget
    ✓ [ 158.2s]  cut_incremental_qubit_prop

========================================================================
