========================================================================
CUTTABLE CIRCUIT BENCHMARK RUN REPORT
Timestamp : 2026-06-09 11:45:27
========================================================================

DESIGN
------------------------------------------------------------------------
  Input        : valid_circuits.pkl produced by generate_and_cut.py
  Cut strategy : find_and_place_cuts + CutStrategy(min_free_wires=2)
  Ground truth : PennyLane default.qubit statevector (shots=None)
  Reconstruction: qcut_processing_fn (tensor contraction)
  Observable   : per-circuit Pauli string stored in CircuitSpec.observable
  Error        : |perf_exp_val - result|

CONFIGURATION
------------------------------------------------------------------------
  Shots (B)                 : 20000
  Noisy backend             : 'aer.fake_kawasaki'
  Ideal backend             : 'aer.perfect'
  Simulator seed            : 42
  Output dir                : PosixPath('results/new/ewma_20k_kawasaki_01/15_qubits')
  2q-gate alpha             : 0.8
  Incr. batch shots         : 50
  Incr. threshold           : 0.03
  Incr. offset              : 3
  Incr. stability k         : 3
  Incr. stopping criterion  : 'ewma'
  Incr. distance metric     : 'tvd'
  Incr. window size         : 3
  Incr. EWMA alpha          : 0.5
  Selected modes            : noisy_vanilla, cut_divided_budget, cut_qubit_prop, cut_incremental_budget, cut_incremental_qubit_prop

SUMMARY
------------------------------------------------------------------------
Total: 50  ok: 50  failed: 0

RESULTS BY CIRCUIT
------------------------------------------------------------------------
  15q / 0_Clifford+T_003
    ✓ [  66.5s]  noisy_vanilla
    ✓ [  33.0s]  cut_divided_budget
    ✓ [  12.3s]  cut_qubit_prop
    ✓ [ 214.3s]  cut_incremental_budget
    ✓ [ 216.1s]  cut_incremental_qubit_prop

  15q / 1_Clifford+T_009
    ✓ [  28.0s]  noisy_vanilla
    ✓ [  17.6s]  cut_divided_budget
    ✓ [  10.7s]  cut_qubit_prop
    ✓ [ 250.9s]  cut_incremental_budget
    ✓ [ 292.8s]  cut_incremental_qubit_prop

  15q / 2_Clifford+T_011
    ✓ [  30.1s]  noisy_vanilla
    ✓ [  18.2s]  cut_divided_budget
    ✓ [  14.4s]  cut_qubit_prop
    ✓ [ 180.1s]  cut_incremental_budget
    ✓ [ 221.0s]  cut_incremental_qubit_prop

  15q / 3_Clifford+T_015
    ✓ [  31.2s]  noisy_vanilla
    ✓ [  53.8s]  cut_divided_budget
    ✓ [  41.5s]  cut_qubit_prop
    ✓ [ 575.2s]  cut_incremental_budget
    ✓ [ 583.3s]  cut_incremental_qubit_prop

  15q / 4_Clifford+T_016
    ✓ [  30.3s]  noisy_vanilla
    ✓ [  20.5s]  cut_divided_budget
    ✓ [  13.0s]  cut_qubit_prop
    ✓ [ 174.7s]  cut_incremental_budget
    ✓ [ 154.6s]  cut_incremental_qubit_prop

  15q / 5_Clifford+T_018
    ✓ [  28.6s]  noisy_vanilla
    ✓ [  17.9s]  cut_divided_budget
    ✓ [   9.7s]  cut_qubit_prop
    ✓ [ 224.7s]  cut_incremental_budget
    ✓ [ 204.2s]  cut_incremental_qubit_prop

  15q / 6_Clifford+T_022
    ✓ [  28.0s]  noisy_vanilla
    ✓ [  17.8s]  cut_divided_budget
    ✓ [  10.4s]  cut_qubit_prop
    ✓ [ 224.2s]  cut_incremental_budget
    ✓ [ 176.1s]  cut_incremental_qubit_prop

  15q / 7_Clifford+T_023
    ✓ [  28.6s]  noisy_vanilla
    ✓ [  20.7s]  cut_divided_budget
    ✓ [  11.6s]  cut_qubit_prop
    ✓ [ 351.3s]  cut_incremental_budget
    ✓ [ 350.1s]  cut_incremental_qubit_prop

  15q / 8_Clifford+T_024
    ✓ [  31.0s]  noisy_vanilla
    ✓ [  22.4s]  cut_divided_budget
    ✓ [  16.4s]  cut_qubit_prop
    ✓ [ 185.1s]  cut_incremental_budget
    ✓ [ 200.6s]  cut_incremental_qubit_prop

  15q / 9_Clifford+T_026
    ✓ [  29.2s]  noisy_vanilla
    ✓ [  24.8s]  cut_divided_budget
    ✓ [  34.1s]  cut_qubit_prop
    ✓ [ 210.7s]  cut_incremental_budget
    ✓ [ 185.7s]  cut_incremental_qubit_prop

========================================================================
