========================================================================
CUTTABLE CIRCUIT BENCHMARK RUN REPORT
Timestamp : 2026-06-09 08:24:48
========================================================================

DESIGN
------------------------------------------------------------------------
  Input        : valid_circuits.pkl produced by generate_and_cut.py
  Cut strategy : find_and_place_cuts + CutStrategy(min_free_wires=2)
  Ground truth : PennyLane default.qubit statevector (shots=None)
  Reconstruction: qcut_processing_fn (tensor contraction)
  Observable   : per-circuit Pauli string stored in CircuitSpec.observable
  Error        : |perf_exp_val - result|

CONFIGURATION
------------------------------------------------------------------------
  Shots (B)                 : 5000
  Noisy backend             : 'aer.fake_kawasaki'
  Ideal backend             : 'aer.perfect'
  Simulator seed            : 42
  Output dir                : PosixPath('results/new/ewma_5k_kawasaki_01/16_qubits')
  2q-gate alpha             : 0.8
  Incr. batch shots         : 50
  Incr. threshold           : 0.03
  Incr. offset              : 3
  Incr. stability k         : 3
  Incr. stopping criterion  : 'ewma'
  Incr. distance metric     : 'tvd'
  Incr. window size         : 3
  Incr. EWMA alpha          : 0.5
  Selected modes            : noisy_vanilla, cut_divided_budget, cut_qubit_prop, cut_incremental_budget, cut_incremental_qubit_prop

SUMMARY
------------------------------------------------------------------------
Total: 50  ok: 50  failed: 0

RESULTS BY CIRCUIT
------------------------------------------------------------------------
  16q / 0_Clifford+T_002
    ✓ [  25.2s]  noisy_vanilla
    ✓ [  18.9s]  cut_divided_budget
    ✓ [  11.1s]  cut_qubit_prop
    ✓ [ 142.3s]  cut_incremental_budget
    ✓ [ 123.0s]  cut_incremental_qubit_prop

  16q / 1_Clifford+T_008
    ✓ [  15.5s]  noisy_vanilla
    ✓ [  19.7s]  cut_divided_budget
    ✓ [  10.9s]  cut_qubit_prop
    ✓ [ 141.7s]  cut_incremental_budget
    ✓ [ 129.8s]  cut_incremental_qubit_prop

  16q / 2_Clifford+T_015
    ✓ [  16.7s]  noisy_vanilla
    ✓ [  18.7s]  cut_divided_budget
    ✓ [  11.7s]  cut_qubit_prop
    ✓ [ 112.6s]  cut_incremental_budget
    ✓ [ 136.7s]  cut_incremental_qubit_prop

  16q / 3_Clifford+T_016
    ✓ [  16.6s]  noisy_vanilla
    ✓ [  18.7s]  cut_divided_budget
    ✓ [  10.3s]  cut_qubit_prop
    ✓ [ 144.7s]  cut_incremental_budget
    ✓ [ 138.4s]  cut_incremental_qubit_prop

  16q / 4_Clifford+T_018
    ✓ [  16.5s]  noisy_vanilla
    ✓ [  17.2s]  cut_divided_budget
    ✓ [  10.5s]  cut_qubit_prop
    ✓ [ 133.4s]  cut_incremental_budget
    ✓ [ 132.8s]  cut_incremental_qubit_prop

  16q / 5_Clifford+T_019
    ✓ [  20.0s]  noisy_vanilla
    ✓ [  19.7s]  cut_divided_budget
    ✓ [  14.9s]  cut_qubit_prop
    ✓ [ 120.7s]  cut_incremental_budget
    ✓ [ 142.0s]  cut_incremental_qubit_prop

  16q / 6_Clifford+T_021
    ✓ [  16.1s]  noisy_vanilla
    ✓ [  17.3s]  cut_divided_budget
    ✓ [  10.4s]  cut_qubit_prop
    ✓ [ 144.1s]  cut_incremental_budget
    ✓ [ 132.1s]  cut_incremental_qubit_prop

  16q / 7_Clifford+T_026
    ✓ [  17.4s]  noisy_vanilla
    ✓ [  21.8s]  cut_divided_budget
    ✓ [  10.8s]  cut_qubit_prop
    ✓ [ 136.8s]  cut_incremental_budget
    ✓ [ 136.5s]  cut_incremental_qubit_prop

  16q / 8_Clifford+T_032
    ✓ [  16.3s]  noisy_vanilla
    ✓ [  17.8s]  cut_divided_budget
    ✓ [  11.7s]  cut_qubit_prop
    ✓ [ 126.0s]  cut_incremental_budget
    ✓ [ 134.9s]  cut_incremental_qubit_prop

  16q / 9_Clifford+T_040
    ✓ [  16.0s]  noisy_vanilla
    ✓ [  17.9s]  cut_divided_budget
    ✓ [  11.6s]  cut_qubit_prop
    ✓ [ 114.2s]  cut_incremental_budget
    ✓ [ 131.1s]  cut_incremental_qubit_prop

========================================================================
