========================================================================
CUTTABLE CIRCUIT BENCHMARK RUN REPORT
Timestamp : 2026-06-18 14:17:25
========================================================================

DESIGN
------------------------------------------------------------------------
  Input        : valid_circuits.pkl produced by generate_and_cut.py
  Cut strategy : find_and_place_cuts + CutStrategy(min_free_wires=2)
  Ground truth : PennyLane default.qubit statevector (shots=None)
  Reconstruction: qcut_processing_fn (tensor contraction)
  Observable   : per-circuit Pauli string stored in CircuitSpec.observable
  Error        : |perf_exp_val - result|

CONFIGURATION
------------------------------------------------------------------------
  Shots (B)                 : 20000
  Noisy backend             : 'aer.fake_kyoto'
  Ideal backend             : 'aer.perfect'
  Simulator seed            : 42
  Output dir                : PosixPath('results/new/stable_shots_02/20000_shots/kyoto/11_qubits')
  2q-gate alpha             : 0.8
  Incr. batch shots         : 50
  Incr. threshold           : 0.03
  Incr. offset              : 3
  Incr. stability k         : 3
  Incr. stopping criterion  : 'delta'
  Incr. distance metric     : 'tvd'
  Incr. window size         : 3
  Incr. EWMA alpha          : 0.5
  Selected modes            : noisy_vanilla, cut_divided_budget, cut_qubit_prop, cut_incremental_budget, cut_incremental_qubit_prop

SUMMARY
------------------------------------------------------------------------
Total: 50  ok: 50  failed: 0

RESULTS BY CIRCUIT
------------------------------------------------------------------------
  11q / 0_Clifford+T_001
    ✓ [   7.3s]  noisy_vanilla
    ✓ [  78.4s]  cut_divided_budget
    ✓ [  78.7s]  cut_qubit_prop
    ✓ [1019.2s]  cut_incremental_budget
    ✓ [ 680.6s]  cut_incremental_qubit_prop

  11q / 1_Clifford+T_002
    ✓ [   3.6s]  noisy_vanilla
    ✓ [  56.7s]  cut_divided_budget
    ✓ [  49.2s]  cut_qubit_prop
    ✓ [ 749.4s]  cut_incremental_budget
    ✓ [1065.4s]  cut_incremental_qubit_prop

  11q / 2_Clifford+T_011
    ✓ [   7.0s]  noisy_vanilla
    ✓ [  32.5s]  cut_divided_budget
    ✓ [  21.1s]  cut_qubit_prop
    ✓ [ 374.5s]  cut_incremental_budget
    ✓ [ 333.3s]  cut_incremental_qubit_prop

  11q / 3_Clifford+T_015
    ✓ [   3.2s]  noisy_vanilla
    ✓ [  19.8s]  cut_divided_budget
    ✓ [  12.6s]  cut_qubit_prop
    ✓ [ 294.7s]  cut_incremental_budget
    ✓ [ 290.3s]  cut_incremental_qubit_prop

  11q / 4_Clifford+T_017
    ✓ [   3.2s]  noisy_vanilla
    ✓ [  19.5s]  cut_divided_budget
    ✓ [  12.7s]  cut_qubit_prop
    ✓ [ 180.8s]  cut_incremental_budget
    ✓ [ 180.6s]  cut_incremental_qubit_prop

  11q / 5_Clifford+T_025
    ✓ [   3.4s]  noisy_vanilla
    ✓ [  22.0s]  cut_divided_budget
    ✓ [  12.4s]  cut_qubit_prop
    ✓ [ 347.4s]  cut_incremental_budget
    ✓ [ 371.8s]  cut_incremental_qubit_prop

  11q / 6_Clifford+T_026
    ✓ [   3.5s]  noisy_vanilla
    ✓ [  25.8s]  cut_divided_budget
    ✓ [  13.9s]  cut_qubit_prop
    ✓ [ 385.7s]  cut_incremental_budget
    ✓ [ 503.8s]  cut_incremental_qubit_prop

  11q / 7_Clifford+T_029
    ✓ [   7.1s]  noisy_vanilla
    ✓ [  26.3s]  cut_divided_budget
    ✓ [  19.6s]  cut_qubit_prop
    ✓ [ 303.7s]  cut_incremental_budget
    ✓ [ 243.7s]  cut_incremental_qubit_prop

  11q / 8_Clifford+T_030
    ✓ [   3.3s]  noisy_vanilla
    ✓ [  19.1s]  cut_divided_budget
    ✓ [  12.5s]  cut_qubit_prop
    ✓ [ 179.0s]  cut_incremental_budget
    ✓ [ 202.2s]  cut_incremental_qubit_prop

  11q / 9_Clifford+T_033
    ✓ [   3.2s]  noisy_vanilla
    ✓ [  18.9s]  cut_divided_budget
    ✓ [  12.7s]  cut_qubit_prop
    ✓ [ 176.0s]  cut_incremental_budget
    ✓ [ 168.9s]  cut_incremental_qubit_prop

========================================================================
