========================================================================
CUTTABLE CIRCUIT BENCHMARK RUN REPORT
Timestamp : 2026-06-15 14:19:56
========================================================================

DESIGN
------------------------------------------------------------------------
  Input        : valid_circuits.pkl produced by generate_and_cut.py
  Cut strategy : find_and_place_cuts + CutStrategy(min_free_wires=2)
  Ground truth : PennyLane default.qubit statevector (shots=None)
  Reconstruction: qcut_processing_fn (tensor contraction)
  Observable   : per-circuit Pauli string stored in CircuitSpec.observable
  Error        : |perf_exp_val - result|

CONFIGURATION
------------------------------------------------------------------------
  Shots (B)                 : 5000
  Noisy backend             : 'aer.fake_kawasaki'
  Ideal backend             : 'aer.perfect'
  Simulator seed            : 42
  Output dir                : PosixPath('results/new/stable_shots_runs02_10-14q_no_vanilla/5000_shots/kawasaki/13_qubits')
  2q-gate alpha             : 0.8
  Incr. batch shots         : 50
  Incr. threshold           : 0.005
  Incr. offset              : 3
  Incr. stability k         : 5
  Incr. stopping criterion  : 'delta'
  Incr. distance metric     : 'tvd'
  Incr. window size         : 3
  Incr. EWMA alpha          : 0.5
  Selected modes            : cut_divided_budget, cut_qubit_prop, cut_incremental_budget, cut_incremental_qubit_prop

SUMMARY
------------------------------------------------------------------------
Total: 40  ok: 40  failed: 0

RESULTS BY CIRCUIT
------------------------------------------------------------------------
  13q / 0_Clifford+T_002
    ✓ [  21.1s]  cut_divided_budget
    ✓ [  17.1s]  cut_qubit_prop
    ✓ [ 133.0s]  cut_incremental_budget
    ✓ [ 140.2s]  cut_incremental_qubit_prop

  13q / 1_Clifford+T_004
    ✓ [  17.1s]  cut_divided_budget
    ✓ [  10.2s]  cut_qubit_prop
    ✓ [ 129.6s]  cut_incremental_budget
    ✓ [ 131.1s]  cut_incremental_qubit_prop

  13q / 2_Clifford+T_007
    ✓ [  17.0s]  cut_divided_budget
    ✓ [   9.7s]  cut_qubit_prop
    ✓ [ 133.4s]  cut_incremental_budget
    ✓ [ 134.9s]  cut_incremental_qubit_prop

  13q / 3_Clifford+T_010
    ✓ [  19.6s]  cut_divided_budget
    ✓ [  13.8s]  cut_qubit_prop
    ✓ [ 131.5s]  cut_incremental_budget
    ✓ [ 135.4s]  cut_incremental_qubit_prop

  13q / 4_Clifford+T_012
    ✓ [  19.1s]  cut_divided_budget
    ✓ [  13.3s]  cut_qubit_prop
    ✓ [ 132.1s]  cut_incremental_budget
    ✓ [ 135.1s]  cut_incremental_qubit_prop

  13q / 5_Clifford+T_014
    ✓ [  48.3s]  cut_divided_budget
    ✓ [  40.7s]  cut_qubit_prop
    ✓ [ 164.3s]  cut_incremental_budget
    ✓ [ 144.4s]  cut_incremental_qubit_prop

  13q / 6_Clifford+T_015
    ✓ [  17.2s]  cut_divided_budget
    ✓ [   9.9s]  cut_qubit_prop
    ✓ [ 131.3s]  cut_incremental_budget
    ✓ [ 132.7s]  cut_incremental_qubit_prop

  13q / 7_Clifford+T_016
    ✓ [  17.0s]  cut_divided_budget
    ✓ [   9.8s]  cut_qubit_prop
    ✓ [ 130.7s]  cut_incremental_budget
    ✓ [ 131.6s]  cut_incremental_qubit_prop

  13q / 8_Clifford+T_017
    ✓ [  16.2s]  cut_divided_budget
    ✓ [   9.8s]  cut_qubit_prop
    ✓ [ 128.7s]  cut_incremental_budget
    ✓ [ 130.3s]  cut_incremental_qubit_prop

  13q / 9_Clifford+T_020
    ✓ [  22.3s]  cut_divided_budget
    ✓ [  18.4s]  cut_qubit_prop
    ✓ [ 133.2s]  cut_incremental_budget
    ✓ [ 140.9s]  cut_incremental_qubit_prop

========================================================================
