========================================================================
CUTTABLE CIRCUIT BENCHMARK RUN REPORT
Timestamp : 2026-06-09 08:26:17
========================================================================

DESIGN
------------------------------------------------------------------------
  Input        : valid_circuits.pkl produced by generate_and_cut.py
  Cut strategy : find_and_place_cuts + CutStrategy(min_free_wires=2)
  Ground truth : PennyLane default.qubit statevector (shots=None)
  Reconstruction: qcut_processing_fn (tensor contraction)
  Observable   : per-circuit Pauli string stored in CircuitSpec.observable
  Error        : |perf_exp_val - result|

CONFIGURATION
------------------------------------------------------------------------
  Shots (B)                 : 5000
  Noisy backend             : 'aer.fake_kawasaki'
  Ideal backend             : 'aer.perfect'
  Simulator seed            : 42
  Output dir                : PosixPath('results/new/ewma_5k_kawasaki_01/13_qubits')
  2q-gate alpha             : 0.8
  Incr. batch shots         : 50
  Incr. threshold           : 0.03
  Incr. offset              : 3
  Incr. stability k         : 3
  Incr. stopping criterion  : 'ewma'
  Incr. distance metric     : 'tvd'
  Incr. window size         : 3
  Incr. EWMA alpha          : 0.5
  Selected modes            : noisy_vanilla, cut_divided_budget, cut_qubit_prop, cut_incremental_budget, cut_incremental_qubit_prop

SUMMARY
------------------------------------------------------------------------
Total: 50  ok: 50  failed: 0

RESULTS BY CIRCUIT
------------------------------------------------------------------------
  13q / 0_Clifford+T_002
    ✓ [   8.5s]  noisy_vanilla
    ✓ [  27.4s]  cut_divided_budget
    ✓ [  12.5s]  cut_qubit_prop
    ✓ [ 110.8s]  cut_incremental_budget
    ✓ [ 130.8s]  cut_incremental_qubit_prop

  13q / 1_Clifford+T_004
    ✓ [   2.8s]  noisy_vanilla
    ✓ [  19.3s]  cut_divided_budget
    ✓ [  18.2s]  cut_qubit_prop
    ✓ [ 142.6s]  cut_incremental_budget
    ✓ [ 141.3s]  cut_incremental_qubit_prop

  13q / 2_Clifford+T_007
    ✓ [   2.9s]  noisy_vanilla
    ✓ [  23.8s]  cut_divided_budget
    ✓ [  14.3s]  cut_qubit_prop
    ✓ [ 161.4s]  cut_incremental_budget
    ✓ [ 141.5s]  cut_incremental_qubit_prop

  13q / 3_Clifford+T_010
    ✓ [   3.3s]  noisy_vanilla
    ✓ [  24.3s]  cut_divided_budget
    ✓ [  14.1s]  cut_qubit_prop
    ✓ [ 116.2s]  cut_incremental_budget
    ✓ [ 146.5s]  cut_incremental_qubit_prop

  13q / 4_Clifford+T_012
    ✓ [   6.5s]  noisy_vanilla
    ✓ [  20.9s]  cut_divided_budget
    ✓ [  10.2s]  cut_qubit_prop
    ✓ [ 114.1s]  cut_incremental_budget
    ✓ [ 149.3s]  cut_incremental_qubit_prop

  13q / 5_Clifford+T_014
    ✓ [   3.1s]  noisy_vanilla
    ✓ [  60.5s]  cut_divided_budget
    ✓ [  39.5s]  cut_qubit_prop
    ✓ [ 181.1s]  cut_incremental_budget
    ✓ [ 152.3s]  cut_incremental_qubit_prop

  13q / 6_Clifford+T_015
    ✓ [   2.8s]  noisy_vanilla
    ✓ [  21.0s]  cut_divided_budget
    ✓ [  11.3s]  cut_qubit_prop
    ✓ [ 126.6s]  cut_incremental_budget
    ✓ [ 142.2s]  cut_incremental_qubit_prop

  13q / 7_Clifford+T_016
    ✓ [   3.1s]  noisy_vanilla
    ✓ [  21.1s]  cut_divided_budget
    ✓ [  12.5s]  cut_qubit_prop
    ✓ [ 151.6s]  cut_incremental_budget
    ✓ [ 149.4s]  cut_incremental_qubit_prop

  13q / 8_Clifford+T_017
    ✓ [   2.5s]  noisy_vanilla
    ✓ [  21.8s]  cut_divided_budget
    ✓ [  11.5s]  cut_qubit_prop
    ✓ [ 120.7s]  cut_incremental_budget
    ✓ [ 132.1s]  cut_incremental_qubit_prop

  13q / 9_Clifford+T_020
    ✓ [   3.0s]  noisy_vanilla
    ✓ [  19.2s]  cut_divided_budget
    ✓ [  10.0s]  cut_qubit_prop
    ✓ [ 129.9s]  cut_incremental_budget
    ✓ [ 123.2s]  cut_incremental_qubit_prop

========================================================================
