========================================================================
CUTTABLE CIRCUIT BENCHMARK RUN REPORT
Timestamp : 2026-06-15 11:28:58
========================================================================

DESIGN
------------------------------------------------------------------------
  Input        : valid_circuits.pkl produced by generate_and_cut.py
  Cut strategy : find_and_place_cuts + CutStrategy(min_free_wires=2)
  Ground truth : PennyLane default.qubit statevector (shots=None)
  Reconstruction: qcut_processing_fn (tensor contraction)
  Observable   : per-circuit Pauli string stored in CircuitSpec.observable
  Error        : |perf_exp_val - result|

CONFIGURATION
------------------------------------------------------------------------
  Shots (B)                 : 5000
  Noisy backend             : 'aer.fake_torino'
  Ideal backend             : 'aer.perfect'
  Simulator seed            : 42
  Output dir                : PosixPath('results/new/stable_shots_runs02_10-14q_no_vanilla/5000_shots/torino/10_qubits')
  2q-gate alpha             : 0.8
  Incr. batch shots         : 50
  Incr. threshold           : 0.005
  Incr. offset              : 3
  Incr. stability k         : 5
  Incr. stopping criterion  : 'delta'
  Incr. distance metric     : 'tvd'
  Incr. window size         : 3
  Incr. EWMA alpha          : 0.5
  Selected modes            : cut_divided_budget, cut_qubit_prop, cut_incremental_budget, cut_incremental_qubit_prop

SUMMARY
------------------------------------------------------------------------
Total: 40  ok: 40  failed: 0

RESULTS BY CIRCUIT
------------------------------------------------------------------------
  10q / 0_Clifford+T_001
    ✓ [  86.7s]  cut_divided_budget
    ✓ [  76.3s]  cut_qubit_prop
    ✓ [ 305.3s]  cut_incremental_budget
    ✓ [ 267.8s]  cut_incremental_qubit_prop

  10q / 1_Clifford+T_004
    ✓ [  26.6s]  cut_divided_budget
    ✓ [  19.0s]  cut_qubit_prop
    ✓ [ 244.8s]  cut_incremental_budget
    ✓ [ 250.4s]  cut_incremental_qubit_prop

  10q / 2_Clifford+T_008
    ✓ [  82.8s]  cut_divided_budget
    ✓ [  76.0s]  cut_qubit_prop
    ✓ [ 300.9s]  cut_incremental_budget
    ✓ [ 266.5s]  cut_incremental_qubit_prop

  10q / 3_Clifford+T_015
    ✓ [  25.2s]  cut_divided_budget
    ✓ [  18.2s]  cut_qubit_prop
    ✓ [ 244.7s]  cut_incremental_budget
    ✓ [ 248.6s]  cut_incremental_qubit_prop

  10q / 4_Clifford+T_024
    ✓ [  84.6s]  cut_divided_budget
    ✓ [  75.9s]  cut_qubit_prop
    ✓ [ 303.3s]  cut_incremental_budget
    ✓ [ 266.7s]  cut_incremental_qubit_prop

  10q / 5_Clifford+T_026
    ✓ [  80.7s]  cut_divided_budget
    ✓ [  73.6s]  cut_qubit_prop
    ✓ [ 301.3s]  cut_incremental_budget
    ✓ [ 265.5s]  cut_incremental_qubit_prop

  10q / 6_Clifford+T_032
    ✓ [  26.3s]  cut_divided_budget
    ✓ [  18.6s]  cut_qubit_prop
    ✓ [ 243.6s]  cut_incremental_budget
    ✓ [ 249.0s]  cut_incremental_qubit_prop

  10q / 7_Clifford+T_033
    ✓ [  26.0s]  cut_divided_budget
    ✓ [  19.0s]  cut_qubit_prop
    ✓ [ 245.0s]  cut_incremental_budget
    ✓ [ 249.3s]  cut_incremental_qubit_prop

  10q / 8_Clifford+T_039
    ✓ [  83.2s]  cut_divided_budget
    ✓ [  75.8s]  cut_qubit_prop
    ✓ [ 302.3s]  cut_incremental_budget
    ✓ [ 266.1s]  cut_incremental_qubit_prop

  10q / 9_Clifford+T_041
    ✓ [  25.6s]  cut_divided_budget
    ✓ [  18.0s]  cut_qubit_prop
    ✓ [ 244.9s]  cut_incremental_budget
    ✓ [ 245.5s]  cut_incremental_qubit_prop

========================================================================
