========================================================================
CUTTABLE CIRCUIT BENCHMARK RUN REPORT
Timestamp : 2026-06-18 16:02:02
========================================================================

DESIGN
------------------------------------------------------------------------
  Input        : valid_circuits.pkl produced by generate_and_cut.py
  Cut strategy : find_and_place_cuts + CutStrategy(min_free_wires=2)
  Ground truth : PennyLane default.qubit statevector (shots=None)
  Reconstruction: qcut_processing_fn (tensor contraction)
  Observable   : per-circuit Pauli string stored in CircuitSpec.observable
  Error        : |perf_exp_val - result|

CONFIGURATION
------------------------------------------------------------------------
  Shots (B)                 : 20000
  Noisy backend             : 'aer.fake_kyoto'
  Ideal backend             : 'aer.perfect'
  Simulator seed            : 42
  Output dir                : PosixPath('results/new/stable_shots_02/20000_shots/kyoto/14_qubits')
  2q-gate alpha             : 0.8
  Incr. batch shots         : 50
  Incr. threshold           : 0.03
  Incr. offset              : 3
  Incr. stability k         : 3
  Incr. stopping criterion  : 'delta'
  Incr. distance metric     : 'tvd'
  Incr. window size         : 3
  Incr. EWMA alpha          : 0.5
  Selected modes            : noisy_vanilla, cut_divided_budget, cut_qubit_prop, cut_incremental_budget, cut_incremental_qubit_prop

SUMMARY
------------------------------------------------------------------------
Total: 50  ok: 50  failed: 0

RESULTS BY CIRCUIT
------------------------------------------------------------------------
  14q / 0_Clifford+T_001
    ✓ [ 278.1s]  noisy_vanilla
    ✓ [ 130.5s]  cut_divided_budget
    ✓ [ 145.7s]  cut_qubit_prop
    ✓ [ 988.9s]  cut_incremental_budget
    ✓ [1099.4s]  cut_incremental_qubit_prop

  14q / 1_Clifford+T_011
    ✓ [ 309.3s]  noisy_vanilla
    ✓ [ 101.4s]  cut_divided_budget
    ✓ [  90.3s]  cut_qubit_prop
    ✓ [1087.1s]  cut_incremental_budget
    ✓ [1090.2s]  cut_incremental_qubit_prop

  14q / 2_Clifford+T_012
    ✓ [ 254.0s]  noisy_vanilla
    ✓ [  60.0s]  cut_divided_budget
    ✓ [  85.9s]  cut_qubit_prop
    ✓ [ 501.5s]  cut_incremental_budget
    ✓ [ 476.1s]  cut_incremental_qubit_prop

  14q / 3_Clifford+T_014
    ✓ [ 254.7s]  noisy_vanilla
    ✓ [ 118.7s]  cut_divided_budget
    ✓ [ 171.4s]  cut_qubit_prop
    ✓ [ 447.9s]  cut_incremental_budget
    ✓ [ 467.2s]  cut_incremental_qubit_prop

  14q / 4_Clifford+T_015
    ✓ [ 267.9s]  noisy_vanilla
    ✓ [  70.5s]  cut_divided_budget
    ✓ [  59.4s]  cut_qubit_prop
    ✓ [ 161.6s]  cut_incremental_budget
    ✓ [ 158.4s]  cut_incremental_qubit_prop

  14q / 5_Clifford+T_016
    ✓ [ 238.2s]  noisy_vanilla
    ✓ [  30.7s]  cut_divided_budget
    ✓ [  20.1s]  cut_qubit_prop
    ✓ [ 325.8s]  cut_incremental_budget
    ✓ [ 288.9s]  cut_incremental_qubit_prop

  14q / 6_Clifford+T_018
    ✓ [ 177.9s]  noisy_vanilla
    ✓ [  19.6s]  cut_divided_budget
    ✓ [  12.2s]  cut_qubit_prop
    ✓ [ 285.5s]  cut_incremental_budget
    ✓ [ 258.2s]  cut_incremental_qubit_prop

  14q / 7_Clifford+T_019
    ✓ [ 145.4s]  noisy_vanilla
    ✓ [  40.7s]  cut_divided_budget
    ✓ [  43.5s]  cut_qubit_prop
    ✓ [ 377.5s]  cut_incremental_budget
    ✓ [ 389.2s]  cut_incremental_qubit_prop

  14q / 8_Clifford+T_022
    ✓ [ 136.2s]  noisy_vanilla
    ✓ [  37.3s]  cut_divided_budget
    ✓ [  43.6s]  cut_qubit_prop
    ✓ [ 247.9s]  cut_incremental_budget
    ✓ [ 253.6s]  cut_incremental_qubit_prop

  14q / 9_Clifford+T_026
    ✓ [ 131.6s]  noisy_vanilla
    ✓ [  18.5s]  cut_divided_budget
    ✓ [  12.1s]  cut_qubit_prop
    ✓ [ 202.8s]  cut_incremental_budget
    ✓ [ 203.5s]  cut_incremental_qubit_prop

========================================================================
