========================================================================
CUTTABLE CIRCUIT BENCHMARK RUN REPORT
Timestamp : 2026-06-18 04:16:09
========================================================================

DESIGN
------------------------------------------------------------------------
  Input        : valid_circuits.pkl produced by generate_and_cut.py
  Cut strategy : find_and_place_cuts + CutStrategy(min_free_wires=2)
  Ground truth : PennyLane default.qubit statevector (shots=None)
  Reconstruction: qcut_processing_fn (tensor contraction)
  Observable   : per-circuit Pauli string stored in CircuitSpec.observable
  Error        : |perf_exp_val - result|

CONFIGURATION
------------------------------------------------------------------------
  Shots (B)                 : 10000
  Noisy backend             : 'aer.fake_kyoto'
  Ideal backend             : 'aer.perfect'
  Simulator seed            : 42
  Output dir                : PosixPath('results/new/stable_shots3/10000_shots/kyoto/11_qubits')
  2q-gate alpha             : 0.8
  Incr. batch shots         : 50
  Incr. threshold           : 0.05
  Incr. offset              : 3
  Incr. stability k         : 5
  Incr. stopping criterion  : 'delta'
  Incr. distance metric     : 'tvd'
  Incr. window size         : 3
  Incr. EWMA alpha          : 0.5
  Selected modes            : noisy_vanilla, cut_divided_budget, cut_qubit_prop, cut_incremental_budget, cut_incremental_qubit_prop

SUMMARY
------------------------------------------------------------------------
Total: 50  ok: 50  failed: 0

RESULTS BY CIRCUIT
------------------------------------------------------------------------
  11q / 0_Clifford+T_001
    ✓ [   3.8s]  noisy_vanilla
    ✓ [  67.3s]  cut_divided_budget
    ✓ [  75.0s]  cut_qubit_prop
    ✓ [ 583.7s]  cut_incremental_budget
    ✓ [ 338.4s]  cut_incremental_qubit_prop

  11q / 1_Clifford+T_002
    ✓ [   3.5s]  noisy_vanilla
    ✓ [  61.5s]  cut_divided_budget
    ✓ [  48.8s]  cut_qubit_prop
    ✓ [ 353.8s]  cut_incremental_budget
    ✓ [ 481.2s]  cut_incremental_qubit_prop

  11q / 2_Clifford+T_011
    ✓ [   3.3s]  noisy_vanilla
    ✓ [  24.1s]  cut_divided_budget
    ✓ [  12.7s]  cut_qubit_prop
    ✓ [ 371.9s]  cut_incremental_budget
    ✓ [ 381.8s]  cut_incremental_qubit_prop

  11q / 3_Clifford+T_015
    ✓ [   5.8s]  noisy_vanilla
    ✓ [  29.0s]  cut_divided_budget
    ✓ [  20.5s]  cut_qubit_prop
    ✓ [ 355.9s]  cut_incremental_budget
    ✓ [ 334.2s]  cut_incremental_qubit_prop

  11q / 4_Clifford+T_017
    ✓ [   5.9s]  noisy_vanilla
    ✓ [  31.7s]  cut_divided_budget
    ✓ [  21.2s]  cut_qubit_prop
    ✓ [ 267.4s]  cut_incremental_budget
    ✓ [ 258.1s]  cut_incremental_qubit_prop

  11q / 5_Clifford+T_025
    ✓ [   6.3s]  noisy_vanilla
    ✓ [  31.9s]  cut_divided_budget
    ✓ [  20.5s]  cut_qubit_prop
    ✓ [ 241.0s]  cut_incremental_budget
    ✓ [ 204.2s]  cut_incremental_qubit_prop

  11q / 6_Clifford+T_026
    ✓ [   3.5s]  noisy_vanilla
    ✓ [  21.2s]  cut_divided_budget
    ✓ [  13.8s]  cut_qubit_prop
    ✓ [ 219.5s]  cut_incremental_budget
    ✓ [ 307.0s]  cut_incremental_qubit_prop

  11q / 7_Clifford+T_029
    ✓ [   3.6s]  noisy_vanilla
    ✓ [  19.5s]  cut_divided_budget
    ✓ [  12.1s]  cut_qubit_prop
    ✓ [ 186.1s]  cut_incremental_budget
    ✓ [ 177.3s]  cut_incremental_qubit_prop

  11q / 8_Clifford+T_030
    ✓ [   3.3s]  noisy_vanilla
    ✓ [  19.2s]  cut_divided_budget
    ✓ [  12.1s]  cut_qubit_prop
    ✓ [ 155.6s]  cut_incremental_budget
    ✓ [ 164.5s]  cut_incremental_qubit_prop

  11q / 9_Clifford+T_033
    ✓ [   3.1s]  noisy_vanilla
    ✓ [  19.0s]  cut_divided_budget
    ✓ [  12.9s]  cut_qubit_prop
    ✓ [ 161.8s]  cut_incremental_budget
    ✓ [ 158.2s]  cut_incremental_qubit_prop

========================================================================
