========================================================================
CUTTABLE CIRCUIT BENCHMARK RUN REPORT
Timestamp : 2026-06-09 09:49:19
========================================================================

DESIGN
------------------------------------------------------------------------
  Input        : valid_circuits.pkl produced by generate_and_cut.py
  Cut strategy : find_and_place_cuts + CutStrategy(min_free_wires=2)
  Ground truth : PennyLane default.qubit statevector (shots=None)
  Reconstruction: qcut_processing_fn (tensor contraction)
  Observable   : per-circuit Pauli string stored in CircuitSpec.observable
  Error        : |perf_exp_val - result|

CONFIGURATION
------------------------------------------------------------------------
  Shots (B)                 : 10000
  Noisy backend             : 'aer.fake_kawasaki'
  Ideal backend             : 'aer.perfect'
  Simulator seed            : 42
  Output dir                : PosixPath('results/new/ewma_10k_kawasaki_01/13_qubits')
  2q-gate alpha             : 0.8
  Incr. batch shots         : 50
  Incr. threshold           : 0.03
  Incr. offset              : 3
  Incr. stability k         : 3
  Incr. stopping criterion  : 'ewma'
  Incr. distance metric     : 'tvd'
  Incr. window size         : 3
  Incr. EWMA alpha          : 0.5
  Selected modes            : noisy_vanilla, cut_divided_budget, cut_qubit_prop, cut_incremental_budget, cut_incremental_qubit_prop

SUMMARY
------------------------------------------------------------------------
Total: 50  ok: 50  failed: 0

RESULTS BY CIRCUIT
------------------------------------------------------------------------
  13q / 0_Clifford+T_002
    ✓ [  14.9s]  noisy_vanilla
    ✓ [  39.6s]  cut_divided_budget
    ✓ [  13.4s]  cut_qubit_prop
    ✓ [ 136.9s]  cut_incremental_budget
    ✓ [ 141.8s]  cut_incremental_qubit_prop

  13q / 1_Clifford+T_004
    ✓ [   4.8s]  noisy_vanilla
    ✓ [  19.0s]  cut_divided_budget
    ✓ [  10.4s]  cut_qubit_prop
    ✓ [ 229.2s]  cut_incremental_budget
    ✓ [ 256.7s]  cut_incremental_qubit_prop

  13q / 2_Clifford+T_007
    ✓ [   7.6s]  noisy_vanilla
    ✓ [  30.4s]  cut_divided_budget
    ✓ [  11.4s]  cut_qubit_prop
    ✓ [ 183.1s]  cut_incremental_budget
    ✓ [ 199.9s]  cut_incremental_qubit_prop

  13q / 3_Clifford+T_010
    ✓ [   5.9s]  noisy_vanilla
    ✓ [  19.2s]  cut_divided_budget
    ✓ [  14.5s]  cut_qubit_prop
    ✓ [ 222.3s]  cut_incremental_budget
    ✓ [ 259.6s]  cut_incremental_qubit_prop

  13q / 4_Clifford+T_012
    ✓ [   4.4s]  noisy_vanilla
    ✓ [  19.0s]  cut_divided_budget
    ✓ [  11.6s]  cut_qubit_prop
    ✓ [ 194.2s]  cut_incremental_budget
    ✓ [ 182.9s]  cut_incremental_qubit_prop

  13q / 5_Clifford+T_014
    ✓ [   7.4s]  noisy_vanilla
    ✓ [  52.1s]  cut_divided_budget
    ✓ [  50.8s]  cut_qubit_prop
    ✓ [ 344.8s]  cut_incremental_budget
    ✓ [ 308.3s]  cut_incremental_qubit_prop

  13q / 6_Clifford+T_015
    ✓ [   7.3s]  noisy_vanilla
    ✓ [  32.2s]  cut_divided_budget
    ✓ [  11.1s]  cut_qubit_prop
    ✓ [ 215.5s]  cut_incremental_budget
    ✓ [ 190.0s]  cut_incremental_qubit_prop

  13q / 7_Clifford+T_016
    ✓ [   5.1s]  noisy_vanilla
    ✓ [  26.8s]  cut_divided_budget
    ✓ [  20.2s]  cut_qubit_prop
    ✓ [ 142.0s]  cut_incremental_budget
    ✓ [ 153.7s]  cut_incremental_qubit_prop

  13q / 8_Clifford+T_017
    ✓ [   5.0s]  noisy_vanilla
    ✓ [  18.3s]  cut_divided_budget
    ✓ [  11.2s]  cut_qubit_prop
    ✓ [ 192.3s]  cut_incremental_budget
    ✓ [ 173.0s]  cut_incremental_qubit_prop

  13q / 9_Clifford+T_020
    ✓ [   5.9s]  noisy_vanilla
    ✓ [  27.3s]  cut_divided_budget
    ✓ [  15.2s]  cut_qubit_prop
    ✓ [ 189.2s]  cut_incremental_budget
    ✓ [ 143.1s]  cut_incremental_qubit_prop

========================================================================
