========================================================================
CUTTABLE CIRCUIT BENCHMARK RUN REPORT
Timestamp : 2026-06-17 18:54:29
========================================================================

DESIGN
------------------------------------------------------------------------
  Input        : valid_circuits.pkl produced by generate_and_cut.py
  Cut strategy : find_and_place_cuts + CutStrategy(min_free_wires=2)
  Ground truth : PennyLane default.qubit statevector (shots=None)
  Reconstruction: qcut_processing_fn (tensor contraction)
  Observable   : per-circuit Pauli string stored in CircuitSpec.observable
  Error        : |perf_exp_val - result|

CONFIGURATION
------------------------------------------------------------------------
  Shots (B)                 : 5000
  Noisy backend             : 'aer.fake_torino'
  Ideal backend             : 'aer.perfect'
  Simulator seed            : 42
  Output dir                : PosixPath('results/new/stable_shots_02/5000_shots/torino/11_qubits')
  2q-gate alpha             : 0.8
  Incr. batch shots         : 50
  Incr. threshold           : 0.03
  Incr. offset              : 3
  Incr. stability k         : 3
  Incr. stopping criterion  : 'delta'
  Incr. distance metric     : 'tvd'
  Incr. window size         : 3
  Incr. EWMA alpha          : 0.5
  Selected modes            : noisy_vanilla, cut_divided_budget, cut_qubit_prop, cut_incremental_budget, cut_incremental_qubit_prop

SUMMARY
------------------------------------------------------------------------
Total: 50  ok: 50  failed: 0

RESULTS BY CIRCUIT
------------------------------------------------------------------------
  11q / 0_Clifford+T_001
    ✓ [   9.1s]  noisy_vanilla
    ✓ [ 146.3s]  cut_divided_budget
    ✓ [  90.0s]  cut_qubit_prop
    ✓ [ 473.9s]  cut_incremental_budget
    ✓ [ 298.1s]  cut_incremental_qubit_prop

  11q / 1_Clifford+T_002
    ✓ [   4.3s]  noisy_vanilla
    ✓ [  99.6s]  cut_divided_budget
    ✓ [  79.7s]  cut_qubit_prop
    ✓ [ 322.0s]  cut_incremental_budget
    ✓ [ 284.3s]  cut_incremental_qubit_prop

  11q / 2_Clifford+T_011
    ✓ [   4.3s]  noisy_vanilla
    ✓ [  27.1s]  cut_divided_budget
    ✓ [  19.3s]  cut_qubit_prop
    ✓ [ 249.4s]  cut_incremental_budget
    ✓ [ 287.4s]  cut_incremental_qubit_prop

  11q / 3_Clifford+T_015
    ✓ [   4.9s]  noisy_vanilla
    ✓ [  31.0s]  cut_divided_budget
    ✓ [  19.4s]  cut_qubit_prop
    ✓ [ 287.8s]  cut_incremental_budget
    ✓ [ 287.4s]  cut_incremental_qubit_prop

  11q / 4_Clifford+T_017
    ✓ [   4.3s]  noisy_vanilla
    ✓ [  37.2s]  cut_divided_budget
    ✓ [  31.8s]  cut_qubit_prop
    ✓ [ 365.8s]  cut_incremental_budget
    ✓ [ 370.3s]  cut_incremental_qubit_prop

  11q / 5_Clifford+T_025
    ✓ [   7.1s]  noisy_vanilla
    ✓ [  42.3s]  cut_divided_budget
    ✓ [  27.1s]  cut_qubit_prop
    ✓ [ 397.9s]  cut_incremental_budget
    ✓ [ 344.6s]  cut_incremental_qubit_prop

  11q / 6_Clifford+T_026
    ✓ [   4.0s]  noisy_vanilla
    ✓ [  31.6s]  cut_divided_budget
    ✓ [  20.1s]  cut_qubit_prop
    ✓ [ 327.1s]  cut_incremental_budget
    ✓ [ 473.3s]  cut_incremental_qubit_prop

  11q / 7_Clifford+T_029
    ✓ [ 116.2s]  noisy_vanilla
    ✓ [  37.4s]  cut_divided_budget
    ✓ [  31.4s]  cut_qubit_prop
    ✓ [ 401.7s]  cut_incremental_budget
    ✓ [ 386.8s]  cut_incremental_qubit_prop

  11q / 8_Clifford+T_030
    ✓ [   4.5s]  noisy_vanilla
    ✓ [  42.0s]  cut_divided_budget
    ✓ [  31.0s]  cut_qubit_prop
    ✓ [ 310.3s]  cut_incremental_budget
    ✓ [ 403.6s]  cut_incremental_qubit_prop

  11q / 9_Clifford+T_033
    ✓ [   6.9s]  noisy_vanilla
    ✓ [  38.9s]  cut_divided_budget
    ✓ [  31.8s]  cut_qubit_prop
    ✓ [ 364.0s]  cut_incremental_budget
    ✓ [ 306.1s]  cut_incremental_qubit_prop

========================================================================
