========================================================================
CUTTABLE CIRCUIT BENCHMARK RUN REPORT
Timestamp : 2026-06-15 12:29:07
========================================================================

DESIGN
------------------------------------------------------------------------
  Input        : valid_circuits.pkl produced by generate_and_cut.py
  Cut strategy : find_and_place_cuts + CutStrategy(min_free_wires=2)
  Ground truth : PennyLane default.qubit statevector (shots=None)
  Reconstruction: qcut_processing_fn (tensor contraction)
  Observable   : per-circuit Pauli string stored in CircuitSpec.observable
  Error        : |perf_exp_val - result|

CONFIGURATION
------------------------------------------------------------------------
  Shots (B)                 : 5000
  Noisy backend             : 'aer.fake_sherbrooke'
  Ideal backend             : 'aer.perfect'
  Simulator seed            : 42
  Output dir                : PosixPath('results/new/stable_shots_runs02_10-14q_no_vanilla/5000_shots/sherbrooke/12_qubits')
  2q-gate alpha             : 0.8
  Incr. batch shots         : 50
  Incr. threshold           : 0.005
  Incr. offset              : 3
  Incr. stability k         : 5
  Incr. stopping criterion  : 'delta'
  Incr. distance metric     : 'tvd'
  Incr. window size         : 3
  Incr. EWMA alpha          : 0.5
  Selected modes            : cut_divided_budget, cut_qubit_prop, cut_incremental_budget, cut_incremental_qubit_prop

SUMMARY
------------------------------------------------------------------------
Total: 40  ok: 40  failed: 0

RESULTS BY CIRCUIT
------------------------------------------------------------------------
  12q / 0_Clifford+T_001
    ✓ [  16.6s]  cut_divided_budget
    ✓ [   9.7s]  cut_qubit_prop
    ✓ [ 130.9s]  cut_incremental_budget
    ✓ [ 132.9s]  cut_incremental_qubit_prop

  12q / 1_Clifford+T_002
    ✓ [  49.2s]  cut_divided_budget
    ✓ [  43.9s]  cut_qubit_prop
    ✓ [ 165.4s]  cut_incremental_budget
    ✓ [ 148.0s]  cut_incremental_qubit_prop

  12q / 2_Clifford+T_004
    ✓ [  19.1s]  cut_divided_budget
    ✓ [  13.7s]  cut_qubit_prop
    ✓ [ 134.5s]  cut_incremental_budget
    ✓ [ 139.5s]  cut_incremental_qubit_prop

  12q / 3_Clifford+T_006
    ✓ [  17.2s]  cut_divided_budget
    ✓ [   9.8s]  cut_qubit_prop
    ✓ [ 133.9s]  cut_incremental_budget
    ✓ [ 135.0s]  cut_incremental_qubit_prop

  12q / 4_Clifford+T_011
    ✓ [  50.7s]  cut_divided_budget
    ✓ [  45.1s]  cut_qubit_prop
    ✓ [ 165.4s]  cut_incremental_budget
    ✓ [ 150.7s]  cut_incremental_qubit_prop

  12q / 5_Clifford+T_013
    ✓ [  48.2s]  cut_divided_budget
    ✓ [  41.0s]  cut_qubit_prop
    ✓ [ 168.5s]  cut_incremental_budget
    ✓ [ 147.8s]  cut_incremental_qubit_prop

  12q / 6_Clifford+T_015
    ✓ [  16.6s]  cut_divided_budget
    ✓ [   9.6s]  cut_qubit_prop
    ✓ [ 133.9s]  cut_incremental_budget
    ✓ [ 134.6s]  cut_incremental_qubit_prop

  12q / 7_Clifford+T_019
    ✓ [  11.3s]  cut_divided_budget
    ✓ [   2.8s]  cut_qubit_prop
    ✓ [ 134.9s]  cut_incremental_budget
    ✓ [ 135.8s]  cut_incremental_qubit_prop

  12q / 8_Clifford+T_021
    ✓ [  16.8s]  cut_divided_budget
    ✓ [  10.0s]  cut_qubit_prop
    ✓ [ 136.4s]  cut_incremental_budget
    ✓ [ 137.4s]  cut_incremental_qubit_prop

  12q / 9_Clifford+T_025
    ✓ [  46.7s]  cut_divided_budget
    ✓ [  39.5s]  cut_qubit_prop
    ✓ [ 157.1s]  cut_incremental_budget
    ✓ [ 158.0s]  cut_incremental_qubit_prop

========================================================================
