========================================================================
CUTTABLE CIRCUIT BENCHMARK RUN REPORT
Timestamp : 2026-06-15 22:00:48
========================================================================

DESIGN
------------------------------------------------------------------------
  Input        : valid_circuits.pkl produced by generate_and_cut.py
  Cut strategy : find_and_place_cuts + CutStrategy(min_free_wires=2)
  Ground truth : PennyLane default.qubit statevector (shots=None)
  Reconstruction: qcut_processing_fn (tensor contraction)
  Observable   : per-circuit Pauli string stored in CircuitSpec.observable
  Error        : |perf_exp_val - result|

CONFIGURATION
------------------------------------------------------------------------
  Shots (B)                 : 10000
  Noisy backend             : 'aer.fake_sherbrooke'
  Ideal backend             : 'aer.perfect'
  Simulator seed            : 42
  Output dir                : PosixPath('results/new/stable_shots_runs02_10-14q_no_vanilla/10000_shots/sherbrooke/13_qubits')
  2q-gate alpha             : 0.8
  Incr. batch shots         : 50
  Incr. threshold           : 0.005
  Incr. offset              : 3
  Incr. stability k         : 5
  Incr. stopping criterion  : 'delta'
  Incr. distance metric     : 'tvd'
  Incr. window size         : 3
  Incr. EWMA alpha          : 0.5
  Selected modes            : cut_divided_budget, cut_qubit_prop, cut_incremental_budget, cut_incremental_qubit_prop

SUMMARY
------------------------------------------------------------------------
Total: 40  ok: 40  failed: 0

RESULTS BY CIRCUIT
------------------------------------------------------------------------
  13q / 0_Clifford+T_002
    ✓ [  26.4s]  cut_divided_budget
    ✓ [  25.3s]  cut_qubit_prop
    ✓ [ 248.4s]  cut_incremental_budget
    ✓ [ 278.4s]  cut_incremental_qubit_prop

  13q / 1_Clifford+T_004
    ✓ [  17.4s]  cut_divided_budget
    ✓ [  10.2s]  cut_qubit_prop
    ✓ [ 254.8s]  cut_incremental_budget
    ✓ [ 264.3s]  cut_incremental_qubit_prop

  13q / 2_Clifford+T_007
    ✓ [  17.0s]  cut_divided_budget
    ✓ [   9.8s]  cut_qubit_prop
    ✓ [ 260.5s]  cut_incremental_budget
    ✓ [ 264.6s]  cut_incremental_qubit_prop

  13q / 3_Clifford+T_010
    ✓ [  21.7s]  cut_divided_budget
    ✓ [  18.3s]  cut_qubit_prop
    ✓ [ 262.0s]  cut_incremental_budget
    ✓ [ 273.0s]  cut_incremental_qubit_prop

  13q / 4_Clifford+T_012
    ✓ [  21.7s]  cut_divided_budget
    ✓ [  17.0s]  cut_qubit_prop
    ✓ [ 260.4s]  cut_incremental_budget
    ✓ [ 273.1s]  cut_incremental_qubit_prop

  13q / 5_Clifford+T_014
    ✓ [  48.5s]  cut_divided_budget
    ✓ [  43.3s]  cut_qubit_prop
    ✓ [ 297.2s]  cut_incremental_budget
    ✓ [ 276.6s]  cut_incremental_qubit_prop

  13q / 6_Clifford+T_015
    ✓ [  17.2s]  cut_divided_budget
    ✓ [   9.9s]  cut_qubit_prop
    ✓ [ 256.1s]  cut_incremental_budget
    ✓ [ 265.1s]  cut_incremental_qubit_prop

  13q / 7_Clifford+T_016
    ✓ [  16.9s]  cut_divided_budget
    ✓ [   9.7s]  cut_qubit_prop
    ✓ [ 255.2s]  cut_incremental_budget
    ✓ [ 262.4s]  cut_incremental_qubit_prop

  13q / 8_Clifford+T_017
    ✓ [  16.2s]  cut_divided_budget
    ✓ [  10.0s]  cut_qubit_prop
    ✓ [ 251.2s]  cut_incremental_budget
    ✓ [ 273.4s]  cut_incremental_qubit_prop

  13q / 9_Clifford+T_020
    ✓ [  26.7s]  cut_divided_budget
    ✓ [  27.6s]  cut_qubit_prop
    ✓ [ 226.8s]  cut_incremental_budget
    ✓ [ 284.4s]  cut_incremental_qubit_prop

========================================================================
