========================================================================
CUTTABLE CIRCUIT BENCHMARK RUN REPORT
Timestamp : 2026-06-18 04:54:34
========================================================================

DESIGN
------------------------------------------------------------------------
  Input        : valid_circuits.pkl produced by generate_and_cut.py
  Cut strategy : find_and_place_cuts + CutStrategy(min_free_wires=2)
  Ground truth : PennyLane default.qubit statevector (shots=None)
  Reconstruction: qcut_processing_fn (tensor contraction)
  Observable   : per-circuit Pauli string stored in CircuitSpec.observable
  Error        : |perf_exp_val - result|

CONFIGURATION
------------------------------------------------------------------------
  Shots (B)                 : 10000
  Noisy backend             : 'aer.fake_kyoto'
  Ideal backend             : 'aer.perfect'
  Simulator seed            : 42
  Output dir                : PosixPath('results/new/stable_shots_02/10000_shots/kyoto/13_qubits')
  2q-gate alpha             : 0.8
  Incr. batch shots         : 50
  Incr. threshold           : 0.03
  Incr. offset              : 3
  Incr. stability k         : 3
  Incr. stopping criterion  : 'delta'
  Incr. distance metric     : 'tvd'
  Incr. window size         : 3
  Incr. EWMA alpha          : 0.5
  Selected modes            : noisy_vanilla, cut_divided_budget, cut_qubit_prop, cut_incremental_budget, cut_incremental_qubit_prop

SUMMARY
------------------------------------------------------------------------
Total: 50  ok: 50  failed: 0

RESULTS BY CIRCUIT
------------------------------------------------------------------------
  13q / 0_Clifford+T_002
    ✓ [  62.4s]  noisy_vanilla
    ✓ [  48.4s]  cut_divided_budget
    ✓ [  48.2s]  cut_qubit_prop
    ✓ [ 326.7s]  cut_incremental_budget
    ✓ [ 300.7s]  cut_incremental_qubit_prop

  13q / 1_Clifford+T_004
    ✓ [  61.4s]  noisy_vanilla
    ✓ [  32.8s]  cut_divided_budget
    ✓ [  21.4s]  cut_qubit_prop
    ✓ [ 410.0s]  cut_incremental_budget
    ✓ [ 359.5s]  cut_incremental_qubit_prop

  13q / 2_Clifford+T_007
    ✓ [  40.7s]  noisy_vanilla
    ✓ [  19.6s]  cut_divided_budget
    ✓ [  12.4s]  cut_qubit_prop
    ✓ [ 264.5s]  cut_incremental_budget
    ✓ [ 283.2s]  cut_incremental_qubit_prop

  13q / 3_Clifford+T_010
    ✓ [  35.7s]  noisy_vanilla
    ✓ [  34.4s]  cut_divided_budget
    ✓ [  28.8s]  cut_qubit_prop
    ✓ [ 228.2s]  cut_incremental_budget
    ✓ [ 372.9s]  cut_incremental_qubit_prop

  13q / 4_Clifford+T_012
    ✓ [  50.4s]  noisy_vanilla
    ✓ [  36.5s]  cut_divided_budget
    ✓ [  32.6s]  cut_qubit_prop
    ✓ [ 353.6s]  cut_incremental_budget
    ✓ [ 378.7s]  cut_incremental_qubit_prop

  13q / 5_Clifford+T_014
    ✓ [  46.5s]  noisy_vanilla
    ✓ [  65.0s]  cut_divided_budget
    ✓ [  51.4s]  cut_qubit_prop
    ✓ [ 363.4s]  cut_incremental_budget
    ✓ [ 488.1s]  cut_incremental_qubit_prop

  13q / 6_Clifford+T_015
    ✓ [  34.2s]  noisy_vanilla
    ✓ [  19.9s]  cut_divided_budget
    ✓ [  12.6s]  cut_qubit_prop
    ✓ [ 406.3s]  cut_incremental_budget
    ✓ [ 302.9s]  cut_incremental_qubit_prop

  13q / 7_Clifford+T_016
    ✓ [  31.7s]  noisy_vanilla
    ✓ [  24.4s]  cut_divided_budget
    ✓ [  12.1s]  cut_qubit_prop
    ✓ [ 218.1s]  cut_incremental_budget
    ✓ [ 183.6s]  cut_incremental_qubit_prop

  13q / 8_Clifford+T_017
    ✓ [  32.3s]  noisy_vanilla
    ✓ [  23.1s]  cut_divided_budget
    ✓ [  12.2s]  cut_qubit_prop
    ✓ [ 248.5s]  cut_incremental_budget
    ✓ [ 252.9s]  cut_incremental_qubit_prop

  13q / 9_Clifford+T_020
    ✓ [  59.0s]  noisy_vanilla
    ✓ [  50.2s]  cut_divided_budget
    ✓ [  52.3s]  cut_qubit_prop
    ✓ [ 353.4s]  cut_incremental_budget
    ✓ [ 371.5s]  cut_incremental_qubit_prop

========================================================================
