========================================================================
CUTTABLE CIRCUIT BENCHMARK RUN REPORT
Timestamp : 2026-06-16 10:42:36
========================================================================

DESIGN
------------------------------------------------------------------------
  Input        : valid_circuits.pkl produced by generate_and_cut.py
  Cut strategy : find_and_place_cuts + CutStrategy(min_free_wires=2)
  Ground truth : PennyLane default.qubit statevector (shots=None)
  Reconstruction: qcut_processing_fn (tensor contraction)
  Observable   : per-circuit Pauli string stored in CircuitSpec.observable
  Error        : |perf_exp_val - result|

CONFIGURATION
------------------------------------------------------------------------
  Shots (B)                 : 5000
  Noisy backend             : 'aer.fake_kawasaki'
  Ideal backend             : 'aer.perfect'
  Simulator seed            : 42
  Output dir                : PosixPath('results/new/stable_shots_runs02_15-16q_no_vanilla/5000_shots/kawasaki/16_qubits')
  2q-gate alpha             : 0.8
  Incr. batch shots         : 50
  Incr. threshold           : 0.005
  Incr. offset              : 3
  Incr. stability k         : 5
  Incr. stopping criterion  : 'delta'
  Incr. distance metric     : 'tvd'
  Incr. window size         : 3
  Incr. EWMA alpha          : 0.5
  Selected modes            : cut_divided_budget, cut_qubit_prop, cut_incremental_budget, cut_incremental_qubit_prop

SUMMARY
------------------------------------------------------------------------
Total: 40  ok: 40  failed: 0

RESULTS BY CIRCUIT
------------------------------------------------------------------------
  16q / 0_Clifford+T_002
    ✓ [  17.5s]  cut_divided_budget
    ✓ [  10.2s]  cut_qubit_prop
    ✓ [ 147.5s]  cut_incremental_budget
    ✓ [ 169.4s]  cut_incremental_qubit_prop

  16q / 1_Clifford+T_008
    ✓ [  17.6s]  cut_divided_budget
    ✓ [  11.3s]  cut_qubit_prop
    ✓ [ 135.9s]  cut_incremental_budget
    ✓ [ 136.8s]  cut_incremental_qubit_prop

  16q / 2_Clifford+T_015
    ✓ [  26.2s]  cut_divided_budget
    ✓ [  25.7s]  cut_qubit_prop
    ✓ [ 139.9s]  cut_incremental_budget
    ✓ [ 159.0s]  cut_incremental_qubit_prop

  16q / 3_Clifford+T_016
    ✓ [  15.8s]  cut_divided_budget
    ✓ [  10.1s]  cut_qubit_prop
    ✓ [ 135.9s]  cut_incremental_budget
    ✓ [ 135.4s]  cut_incremental_qubit_prop

  16q / 4_Clifford+T_018
    ✓ [  16.8s]  cut_divided_budget
    ✓ [   9.6s]  cut_qubit_prop
    ✓ [ 132.3s]  cut_incremental_budget
    ✓ [ 132.5s]  cut_incremental_qubit_prop

  16q / 5_Clifford+T_019
    ✓ [  39.0s]  cut_divided_budget
    ✓ [  46.9s]  cut_qubit_prop
    ✓ [ 151.4s]  cut_incremental_budget
    ✓ [ 170.2s]  cut_incremental_qubit_prop

  16q / 6_Clifford+T_021
    ✓ [  18.0s]  cut_divided_budget
    ✓ [  12.5s]  cut_qubit_prop
    ✓ [ 137.7s]  cut_incremental_budget
    ✓ [ 138.0s]  cut_incremental_qubit_prop

  16q / 7_Clifford+T_026
    ✓ [  21.6s]  cut_divided_budget
    ✓ [  17.0s]  cut_qubit_prop
    ✓ [ 135.0s]  cut_incremental_budget
    ✓ [ 135.1s]  cut_incremental_qubit_prop

  16q / 8_Clifford+T_032
    ✓ [  25.9s]  cut_divided_budget
    ✓ [  17.0s]  cut_qubit_prop
    ✓ [ 136.2s]  cut_incremental_budget
    ✓ [ 135.8s]  cut_incremental_qubit_prop

  16q / 9_Clifford+T_040
    ✓ [  30.1s]  cut_divided_budget
    ✓ [  25.4s]  cut_qubit_prop
    ✓ [ 139.4s]  cut_incremental_budget
    ✓ [ 148.0s]  cut_incremental_qubit_prop

========================================================================
