========================================================================
CUTTABLE CIRCUIT BENCHMARK RUN REPORT
Timestamp : 2026-06-13 06:40:07
========================================================================

DESIGN
------------------------------------------------------------------------
  Input        : valid_circuits.pkl produced by generate_and_cut.py
  Cut strategy : find_and_place_cuts + CutStrategy(min_free_wires=2)
  Ground truth : PennyLane default.qubit statevector (shots=None)
  Reconstruction: qcut_processing_fn (tensor contraction)
  Observable   : per-circuit Pauli string stored in CircuitSpec.observable
  Error        : |perf_exp_val - result|

CONFIGURATION
------------------------------------------------------------------------
  Shots (B)                 : 10000
  Noisy backend             : 'aer.fake_kyoto'
  Ideal backend             : 'aer.perfect'
  Simulator seed            : 42
  Output dir                : PosixPath('results/new/stable_shots_runs_10-14q_no_vanilla/10000_shots/kyoto/10_qubits')
  2q-gate alpha             : 0.8
  Incr. batch shots         : 50
  Incr. threshold           : 0.0005
  Incr. offset              : 2
  Incr. stability k         : 5
  Incr. stopping criterion  : 'delta'
  Incr. distance metric     : 'tvd'
  Incr. window size         : 3
  Incr. EWMA alpha          : 0.5
  Selected modes            : cut_divided_budget, cut_qubit_prop, cut_incremental_budget, cut_incremental_qubit_prop

SUMMARY
------------------------------------------------------------------------
Total: 40  ok: 40  failed: 0

RESULTS BY CIRCUIT
------------------------------------------------------------------------
  10q / 0_Clifford+T_001
    ✓ [  62.8s]  cut_divided_budget
    ✓ [  55.6s]  cut_qubit_prop
    ✓ [ 382.6s]  cut_incremental_budget
    ✓ [ 386.6s]  cut_incremental_qubit_prop

  10q / 1_Clifford+T_004
    ✓ [  21.1s]  cut_divided_budget
    ✓ [  13.5s]  cut_qubit_prop
    ✓ [ 338.9s]  cut_incremental_budget
    ✓ [ 351.4s]  cut_incremental_qubit_prop

  10q / 2_Clifford+T_008
    ✓ [  62.0s]  cut_divided_budget
    ✓ [  55.7s]  cut_qubit_prop
    ✓ [ 384.0s]  cut_incremental_budget
    ✓ [ 386.4s]  cut_incremental_qubit_prop

  10q / 3_Clifford+T_015
    ✓ [  20.1s]  cut_divided_budget
    ✓ [  13.4s]  cut_qubit_prop
    ✓ [ 341.1s]  cut_incremental_budget
    ✓ [ 352.6s]  cut_incremental_qubit_prop

  10q / 4_Clifford+T_024
    ✓ [  63.2s]  cut_divided_budget
    ✓ [  56.1s]  cut_qubit_prop
    ✓ [ 382.9s]  cut_incremental_budget
    ✓ [ 387.4s]  cut_incremental_qubit_prop

  10q / 5_Clifford+T_026
    ✓ [  60.3s]  cut_divided_budget
    ✓ [  53.5s]  cut_qubit_prop
    ✓ [ 385.2s]  cut_incremental_budget
    ✓ [ 385.8s]  cut_incremental_qubit_prop

  10q / 6_Clifford+T_032
    ✓ [  20.6s]  cut_divided_budget
    ✓ [  13.7s]  cut_qubit_prop
    ✓ [ 344.1s]  cut_incremental_budget
    ✓ [ 356.9s]  cut_incremental_qubit_prop

  10q / 7_Clifford+T_033
    ✓ [  20.7s]  cut_divided_budget
    ✓ [  14.2s]  cut_qubit_prop
    ✓ [ 344.6s]  cut_incremental_budget
    ✓ [ 356.7s]  cut_incremental_qubit_prop

  10q / 8_Clifford+T_039
    ✓ [  63.1s]  cut_divided_budget
    ✓ [  56.5s]  cut_qubit_prop
    ✓ [ 385.1s]  cut_incremental_budget
    ✓ [ 390.0s]  cut_incremental_qubit_prop

  10q / 9_Clifford+T_041
    ✓ [  20.3s]  cut_divided_budget
    ✓ [  13.8s]  cut_qubit_prop
    ✓ [ 343.8s]  cut_incremental_budget
    ✓ [ 351.3s]  cut_incremental_qubit_prop

========================================================================
