========================================================================
CUTTABLE CIRCUIT BENCHMARK RUN REPORT
Timestamp : 2026-04-29 15:53:46
========================================================================

DESIGN
------------------------------------------------------------------------
  Input        : valid_circuits.pkl produced by generate_and_cut.py
  Cut strategy : find_and_place_cuts + CutStrategy(min_free_wires=2)
  Ground truth : PennyLane default.qubit statevector (shots=None)
  Reconstruction: qcut_processing_fn (tensor contraction)
  Observable   : per-circuit Pauli string stored in CircuitSpec.observable
  Error        : |perf_exp_val - result|

CONFIGURATION
------------------------------------------------------------------------
  Shots (B)                 : 20000
  Noisy backend             : 'aer.fake_torino'
  Ideal backend             : 'aer.perfect'
  Simulator seed            : 42
  Output dir                : PosixPath('results/20k_ewma_04/11_qubits')
  2q-gate alpha             : 0.8
  Incr. batch shots         : 50
  Incr. threshold           : 0.01
  Incr. offset              : 3
  Incr. stability k         : 5
  Incr. stopping criterion  : 'ewma'
  Incr. distance metric     : 'tvd'
  Incr. window size         : 3
  Incr. EWMA alpha          : 0.6
  Selected modes            : noisy_vanilla, cut_divided_budget, cut_qubit_prop, cut_incremental_budget, cut_incremental_qubit_prop

SUMMARY
------------------------------------------------------------------------
Total: 45  ok: 45  failed: 0

RESULTS BY CIRCUIT
------------------------------------------------------------------------
  11q / 0_Clifford+T_004
    ✓ [   3.5s]  noisy_vanilla
    ✓ [  28.8s]  cut_divided_budget
    ✓ [  24.0s]  cut_qubit_prop
    ✓ [ 197.8s]  cut_incremental_budget
    ✓ [ 199.4s]  cut_incremental_qubit_prop

  11q / 1_Clifford+T_046
    ✓ [   3.0s]  noisy_vanilla
    ✓ [  32.4s]  cut_divided_budget
    ✓ [  32.7s]  cut_qubit_prop
    ✓ [ 246.9s]  cut_incremental_budget
    ✓ [ 224.5s]  cut_incremental_qubit_prop

  11q / 2_Clifford+T_058
    ✓ [   3.0s]  noisy_vanilla
    ✓ [  91.2s]  cut_divided_budget
    ✓ [  75.6s]  cut_qubit_prop
    ✓ [ 849.0s]  cut_incremental_budget
    ✓ [ 813.4s]  cut_incremental_qubit_prop

  11q / 3_Clifford+T_070
    ✓ [   2.9s]  noisy_vanilla
    ✓ [  35.5s]  cut_divided_budget
    ✓ [  19.9s]  cut_qubit_prop
    ✓ [ 191.9s]  cut_incremental_budget
    ✓ [ 219.6s]  cut_incremental_qubit_prop

  11q / 4_Clifford+T_100
    ✓ [   3.0s]  noisy_vanilla
    ✓ [  91.7s]  cut_divided_budget
    ✓ [  76.9s]  cut_qubit_prop
    ✓ [ 830.8s]  cut_incremental_budget
    ✓ [ 825.3s]  cut_incremental_qubit_prop

  11q / 5_Clifford+T_112
    ✓ [   2.8s]  noisy_vanilla
    ✓ [  29.2s]  cut_divided_budget
    ✓ [  22.6s]  cut_qubit_prop
    ✓ [ 188.4s]  cut_incremental_budget
    ✓ [ 193.4s]  cut_incremental_qubit_prop

  11q / 6_Clifford+T_136
    ✓ [   2.4s]  noisy_vanilla
    ✓ [  26.9s]  cut_divided_budget
    ✓ [  18.7s]  cut_qubit_prop
    ✓ [ 191.2s]  cut_incremental_budget
    ✓ [ 190.1s]  cut_incremental_qubit_prop

  11q / 7_Clifford+T_142
    ✓ [   2.4s]  noisy_vanilla
    ✓ [  36.3s]  cut_divided_budget
    ✓ [  27.7s]  cut_qubit_prop
    ✓ [ 193.3s]  cut_incremental_budget
    ✓ [ 206.3s]  cut_incremental_qubit_prop

  11q / 8_Clifford+T_178
    ✓ [   3.4s]  noisy_vanilla
    ✓ [  83.7s]  cut_divided_budget
    ✓ [  76.4s]  cut_qubit_prop
    ✓ [ 788.6s]  cut_incremental_budget
    ✓ [ 621.2s]  cut_incremental_qubit_prop

========================================================================
