========================================================================
CUTTABLE CIRCUIT BENCHMARK RUN REPORT
Timestamp : 2026-06-08 22:15:46
========================================================================

DESIGN
------------------------------------------------------------------------
  Input        : valid_circuits.pkl produced by generate_and_cut.py
  Cut strategy : find_and_place_cuts + CutStrategy(min_free_wires=2)
  Ground truth : PennyLane default.qubit statevector (shots=None)
  Reconstruction: qcut_processing_fn (tensor contraction)
  Observable   : per-circuit Pauli string stored in CircuitSpec.observable
  Error        : |perf_exp_val - result|

CONFIGURATION
------------------------------------------------------------------------
  Shots (B)                 : 10000
  Noisy backend             : 'aer.fake_sherbrooke'
  Ideal backend             : 'aer.perfect'
  Simulator seed            : 42
  Output dir                : PosixPath('results/new/ewma_10k_sherbrooke_01/13_qubits')
  2q-gate alpha             : 0.8
  Incr. batch shots         : 50
  Incr. threshold           : 0.03
  Incr. offset              : 3
  Incr. stability k         : 3
  Incr. stopping criterion  : 'ewma'
  Incr. distance metric     : 'tvd'
  Incr. window size         : 3
  Incr. EWMA alpha          : 0.5
  Selected modes            : noisy_vanilla, cut_divided_budget, cut_qubit_prop, cut_incremental_budget, cut_incremental_qubit_prop

SUMMARY
------------------------------------------------------------------------
Total: 50  ok: 50  failed: 0

RESULTS BY CIRCUIT
------------------------------------------------------------------------
  13q / 0_Clifford+T_002
    ✓ [  21.2s]  noisy_vanilla
    ✓ [  33.5s]  cut_divided_budget
    ✓ [  14.6s]  cut_qubit_prop
    ✓ [ 192.3s]  cut_incremental_budget
    ✓ [ 198.8s]  cut_incremental_qubit_prop

  13q / 1_Clifford+T_004
    ✓ [   4.9s]  noisy_vanilla
    ✓ [  37.3s]  cut_divided_budget
    ✓ [  12.8s]  cut_qubit_prop
    ✓ [ 244.0s]  cut_incremental_budget
    ✓ [ 316.0s]  cut_incremental_qubit_prop

  13q / 2_Clifford+T_007
    ✓ [   6.3s]  noisy_vanilla
    ✓ [  20.5s]  cut_divided_budget
    ✓ [  11.6s]  cut_qubit_prop
    ✓ [ 234.0s]  cut_incremental_budget
    ✓ [ 223.3s]  cut_incremental_qubit_prop

  13q / 3_Clifford+T_010
    ✓ [   5.8s]  noisy_vanilla
    ✓ [  20.3s]  cut_divided_budget
    ✓ [  13.5s]  cut_qubit_prop
    ✓ [ 205.0s]  cut_incremental_budget
    ✓ [ 312.9s]  cut_incremental_qubit_prop

  13q / 4_Clifford+T_012
    ✓ [   4.3s]  noisy_vanilla
    ✓ [  21.1s]  cut_divided_budget
    ✓ [  11.9s]  cut_qubit_prop
    ✓ [ 215.1s]  cut_incremental_budget
    ✓ [ 301.0s]  cut_incremental_qubit_prop

  13q / 5_Clifford+T_014
    ✓ [   5.8s]  noisy_vanilla
    ✓ [  56.5s]  cut_divided_budget
    ✓ [  48.9s]  cut_qubit_prop
    ✓ [ 364.2s]  cut_incremental_budget
    ✓ [ 309.4s]  cut_incremental_qubit_prop

  13q / 6_Clifford+T_015
    ✓ [   5.2s]  noisy_vanilla
    ✓ [  21.8s]  cut_divided_budget
    ✓ [  12.5s]  cut_qubit_prop
    ✓ [ 255.9s]  cut_incremental_budget
    ✓ [ 239.0s]  cut_incremental_qubit_prop

  13q / 7_Clifford+T_016
    ✓ [   5.3s]  noisy_vanilla
    ✓ [  26.3s]  cut_divided_budget
    ✓ [  11.3s]  cut_qubit_prop
    ✓ [ 200.1s]  cut_incremental_budget
    ✓ [ 185.7s]  cut_incremental_qubit_prop

  13q / 8_Clifford+T_017
    ✓ [   5.0s]  noisy_vanilla
    ✓ [  21.0s]  cut_divided_budget
    ✓ [  12.2s]  cut_qubit_prop
    ✓ [ 208.9s]  cut_incremental_budget
    ✓ [ 191.7s]  cut_incremental_qubit_prop

  13q / 9_Clifford+T_020
    ✓ [   5.8s]  noisy_vanilla
    ✓ [  20.5s]  cut_divided_budget
    ✓ [  13.6s]  cut_qubit_prop
    ✓ [ 203.8s]  cut_incremental_budget
    ✓ [ 219.6s]  cut_incremental_qubit_prop

========================================================================
