========================================================================
CUTTABLE CIRCUIT BENCHMARK RUN REPORT
Timestamp : 2026-06-09 12:20:03
========================================================================

DESIGN
------------------------------------------------------------------------
  Input        : valid_circuits.pkl produced by generate_and_cut.py
  Cut strategy : find_and_place_cuts + CutStrategy(min_free_wires=2)
  Ground truth : PennyLane default.qubit statevector (shots=None)
  Reconstruction: qcut_processing_fn (tensor contraction)
  Observable   : per-circuit Pauli string stored in CircuitSpec.observable
  Error        : |perf_exp_val - result|

CONFIGURATION
------------------------------------------------------------------------
  Shots (B)                 : 20000
  Noisy backend             : 'aer.fake_kawasaki'
  Ideal backend             : 'aer.perfect'
  Simulator seed            : 42
  Output dir                : PosixPath('results/new/ewma_20k_kawasaki_01/12_qubits')
  2q-gate alpha             : 0.8
  Incr. batch shots         : 50
  Incr. threshold           : 0.03
  Incr. offset              : 3
  Incr. stability k         : 3
  Incr. stopping criterion  : 'ewma'
  Incr. distance metric     : 'tvd'
  Incr. window size         : 3
  Incr. EWMA alpha          : 0.5
  Selected modes            : noisy_vanilla, cut_divided_budget, cut_qubit_prop, cut_incremental_budget, cut_incremental_qubit_prop

SUMMARY
------------------------------------------------------------------------
Total: 50  ok: 50  failed: 0

RESULTS BY CIRCUIT
------------------------------------------------------------------------
  12q / 0_Clifford+T_001
    ✓ [  11.2s]  noisy_vanilla
    ✓ [  65.6s]  cut_divided_budget
    ✓ [  15.5s]  cut_qubit_prop
    ✓ [ 255.3s]  cut_incremental_budget
    ✓ [ 283.6s]  cut_incremental_qubit_prop

  12q / 1_Clifford+T_002
    ✓ [   2.7s]  noisy_vanilla
    ✓ [  52.2s]  cut_divided_budget
    ✓ [  43.2s]  cut_qubit_prop
    ✓ [ 553.7s]  cut_incremental_budget
    ✓ [ 552.7s]  cut_incremental_qubit_prop

  12q / 2_Clifford+T_004
    ✓ [   2.8s]  noisy_vanilla
    ✓ [  21.8s]  cut_divided_budget
    ✓ [  12.2s]  cut_qubit_prop
    ✓ [ 250.9s]  cut_incremental_budget
    ✓ [ 226.9s]  cut_incremental_qubit_prop

  12q / 3_Clifford+T_006
    ✓ [   2.6s]  noisy_vanilla
    ✓ [  23.8s]  cut_divided_budget
    ✓ [  11.1s]  cut_qubit_prop
    ✓ [ 227.6s]  cut_incremental_budget
    ✓ [ 180.7s]  cut_incremental_qubit_prop

  12q / 4_Clifford+T_011
    ✓ [   2.3s]  noisy_vanilla
    ✓ [  62.9s]  cut_divided_budget
    ✓ [  61.3s]  cut_qubit_prop
    ✓ [ 571.6s]  cut_incremental_budget
    ✓ [ 730.4s]  cut_incremental_qubit_prop

  12q / 5_Clifford+T_013
    ✓ [   7.5s]  noisy_vanilla
    ✓ [  57.9s]  cut_divided_budget
    ✓ [  45.4s]  cut_qubit_prop
    ✓ [ 650.7s]  cut_incremental_budget
    ✓ [ 614.5s]  cut_incremental_qubit_prop

  12q / 6_Clifford+T_015
    ✓ [   2.6s]  noisy_vanilla
    ✓ [  20.5s]  cut_divided_budget
    ✓ [  10.8s]  cut_qubit_prop
    ✓ [ 223.6s]  cut_incremental_budget
    ✓ [ 258.4s]  cut_incremental_qubit_prop

  12q / 7_Clifford+T_019
    ✓ [   2.5s]  noisy_vanilla
    ✓ [  14.5s]  cut_divided_budget
    ✓ [   2.6s]  cut_qubit_prop
    ✓ [  63.5s]  cut_incremental_budget
    ✓ [  37.1s]  cut_incremental_qubit_prop

  12q / 8_Clifford+T_021
    ✓ [   2.2s]  noisy_vanilla
    ✓ [  18.2s]  cut_divided_budget
    ✓ [  10.0s]  cut_qubit_prop
    ✓ [ 194.0s]  cut_incremental_budget
    ✓ [ 172.3s]  cut_incremental_qubit_prop

  12q / 9_Clifford+T_025
    ✓ [   1.9s]  noisy_vanilla
    ✓ [  50.4s]  cut_divided_budget
    ✓ [  41.8s]  cut_qubit_prop
    ✓ [ 566.6s]  cut_incremental_budget
    ✓ [ 701.6s]  cut_incremental_qubit_prop

========================================================================
