========================================================================
CUTTABLE CIRCUIT BENCHMARK RUN REPORT
Timestamp : 2026-06-17 19:39:23
========================================================================

DESIGN
------------------------------------------------------------------------
  Input        : valid_circuits.pkl produced by generate_and_cut.py
  Cut strategy : find_and_place_cuts + CutStrategy(min_free_wires=2)
  Ground truth : PennyLane default.qubit statevector (shots=None)
  Reconstruction: qcut_processing_fn (tensor contraction)
  Observable   : per-circuit Pauli string stored in CircuitSpec.observable
  Error        : |perf_exp_val - result|

CONFIGURATION
------------------------------------------------------------------------
  Shots (B)                 : 5000
  Noisy backend             : 'aer.fake_torino'
  Ideal backend             : 'aer.perfect'
  Simulator seed            : 42
  Output dir                : PosixPath('results/new/stable_shots3/5000_shots/torino/12_qubits')
  2q-gate alpha             : 0.8
  Incr. batch shots         : 50
  Incr. threshold           : 0.05
  Incr. offset              : 3
  Incr. stability k         : 5
  Incr. stopping criterion  : 'delta'
  Incr. distance metric     : 'tvd'
  Incr. window size         : 3
  Incr. EWMA alpha          : 0.5
  Selected modes            : noisy_vanilla, cut_divided_budget, cut_qubit_prop, cut_incremental_budget, cut_incremental_qubit_prop

SUMMARY
------------------------------------------------------------------------
Total: 50  ok: 50  failed: 0

RESULTS BY CIRCUIT
------------------------------------------------------------------------
  12q / 0_Clifford+T_001
    ✓ [  16.8s]  noisy_vanilla
    ✓ [  31.2s]  cut_divided_budget
    ✓ [  21.6s]  cut_qubit_prop
    ✓ [ 340.0s]  cut_incremental_budget
    ✓ [ 415.3s]  cut_incremental_qubit_prop

  12q / 1_Clifford+T_002
    ✓ [  20.9s]  noisy_vanilla
    ✓ [ 138.2s]  cut_divided_budget
    ✓ [ 124.1s]  cut_qubit_prop
    ✓ [ 413.1s]  cut_incremental_budget
    ✓ [ 454.2s]  cut_incremental_qubit_prop

  12q / 2_Clifford+T_004
    ✓ [  20.9s]  noisy_vanilla
    ✓ [  45.9s]  cut_divided_budget
    ✓ [  40.7s]  cut_qubit_prop
    ✓ [ 351.0s]  cut_incremental_budget
    ✓ [ 424.9s]  cut_incremental_qubit_prop

  12q / 3_Clifford+T_006
    ✓ [  18.4s]  noisy_vanilla
    ✓ [  44.0s]  cut_divided_budget
    ✓ [  31.3s]  cut_qubit_prop
    ✓ [ 420.7s]  cut_incremental_budget
    ✓ [ 373.3s]  cut_incremental_qubit_prop

  12q / 4_Clifford+T_011
    ✓ [  21.0s]  noisy_vanilla
    ✓ [ 137.7s]  cut_divided_budget
    ✓ [ 114.9s]  cut_qubit_prop
    ✓ [ 496.2s]  cut_incremental_budget
    ✓ [ 378.6s]  cut_incremental_qubit_prop

  12q / 5_Clifford+T_013
    ✓ [  24.6s]  noisy_vanilla
    ✓ [ 140.7s]  cut_divided_budget
    ✓ [ 130.6s]  cut_qubit_prop
    ✓ [ 363.5s]  cut_incremental_budget
    ✓ [ 281.8s]  cut_incremental_qubit_prop

  12q / 6_Clifford+T_015
    ✓ [   9.7s]  noisy_vanilla
    ✓ [  31.1s]  cut_divided_budget
    ✓ [  31.3s]  cut_qubit_prop
    ✓ [ 300.9s]  cut_incremental_budget
    ✓ [ 263.3s]  cut_incremental_qubit_prop

  12q / 7_Clifford+T_019
    ✓ [  20.0s]  noisy_vanilla
    ✓ [  21.0s]  cut_divided_budget
    ✓ [   7.6s]  cut_qubit_prop
    ✓ [  94.6s]  cut_incremental_budget
    ✓ [  99.8s]  cut_incremental_qubit_prop

  12q / 8_Clifford+T_021
    ✓ [  15.7s]  noisy_vanilla
    ✓ [  42.3s]  cut_divided_budget
    ✓ [  21.3s]  cut_qubit_prop
    ✓ [ 270.7s]  cut_incremental_budget
    ✓ [ 411.2s]  cut_incremental_qubit_prop

  12q / 9_Clifford+T_025
    ✓ [  15.8s]  noisy_vanilla
    ✓ [ 142.6s]  cut_divided_budget
    ✓ [ 125.0s]  cut_qubit_prop
    ✓ [ 451.3s]  cut_incremental_budget
    ✓ [ 367.7s]  cut_incremental_qubit_prop

========================================================================
