========================================================================
CUTTABLE CIRCUIT BENCHMARK RUN REPORT
Timestamp : 2026-06-16 19:57:57
========================================================================

DESIGN
------------------------------------------------------------------------
  Input        : valid_circuits.pkl produced by generate_and_cut.py
  Cut strategy : find_and_place_cuts + CutStrategy(min_free_wires=2)
  Ground truth : PennyLane default.qubit statevector (shots=None)
  Reconstruction: qcut_processing_fn (tensor contraction)
  Observable   : per-circuit Pauli string stored in CircuitSpec.observable
  Error        : |perf_exp_val - result|

CONFIGURATION
------------------------------------------------------------------------
  Shots (B)                 : 20000
  Noisy backend             : 'aer.fake_kawasaki'
  Ideal backend             : 'aer.perfect'
  Simulator seed            : 42
  Output dir                : PosixPath('results/new/stable_shots_runs02_15-16q_no_vanilla/20000_shots/kawasaki/15_qubits')
  2q-gate alpha             : 0.8
  Incr. batch shots         : 50
  Incr. threshold           : 0.005
  Incr. offset              : 3
  Incr. stability k         : 5
  Incr. stopping criterion  : 'delta'
  Incr. distance metric     : 'tvd'
  Incr. window size         : 3
  Incr. EWMA alpha          : 0.5
  Selected modes            : cut_divided_budget, cut_qubit_prop, cut_incremental_budget, cut_incremental_qubit_prop

SUMMARY
------------------------------------------------------------------------
Total: 40  ok: 40  failed: 0

RESULTS BY CIRCUIT
------------------------------------------------------------------------
  15q / 0_Clifford+T_003
    ✓ [  23.6s]  cut_divided_budget
    ✓ [  11.5s]  cut_qubit_prop
    ✓ [ 493.4s]  cut_incremental_budget
    ✓ [ 508.5s]  cut_incremental_qubit_prop

  15q / 1_Clifford+T_009
    ✓ [  20.1s]  cut_divided_budget
    ✓ [  10.1s]  cut_qubit_prop
    ✓ [ 521.1s]  cut_incremental_budget
    ✓ [ 528.2s]  cut_incremental_qubit_prop

  15q / 2_Clifford+T_011
    ✓ [  28.1s]  cut_divided_budget
    ✓ [  17.1s]  cut_qubit_prop
    ✓ [ 496.1s]  cut_incremental_budget
    ✓ [ 523.8s]  cut_incremental_qubit_prop

  15q / 3_Clifford+T_015
    ✓ [  51.3s]  cut_divided_budget
    ✓ [  39.6s]  cut_qubit_prop
    ✓ [ 541.3s]  cut_incremental_budget
    ✓ [ 548.7s]  cut_incremental_qubit_prop

  15q / 4_Clifford+T_016
    ✓ [  20.9s]  cut_divided_budget
    ✓ [  10.3s]  cut_qubit_prop
    ✓ [ 477.0s]  cut_incremental_budget
    ✓ [ 687.8s]  cut_incremental_qubit_prop

  15q / 5_Clifford+T_018
    ✓ [  17.4s]  cut_divided_budget
    ✓ [  10.2s]  cut_qubit_prop
    ✓ [ 647.8s]  cut_incremental_budget
    ✓ [ 851.1s]  cut_incremental_qubit_prop

  15q / 6_Clifford+T_022
    ✓ [  23.6s]  cut_divided_budget
    ✓ [  17.3s]  cut_qubit_prop
    ✓ [ 819.2s]  cut_incremental_budget
    ✓ [ 851.0s]  cut_incremental_qubit_prop

  15q / 7_Clifford+T_023
    ✓ [  39.1s]  cut_divided_budget
    ✓ [  32.4s]  cut_qubit_prop
    ✓ [ 704.2s]  cut_incremental_budget
    ✓ [ 875.3s]  cut_incremental_qubit_prop

  15q / 8_Clifford+T_024
    ✓ [  86.7s]  cut_divided_budget
    ✓ [ 118.2s]  cut_qubit_prop
    ✓ [ 826.4s]  cut_incremental_budget
    ✓ [ 975.1s]  cut_incremental_qubit_prop

  15q / 9_Clifford+T_026
    ✓ [ 109.8s]  cut_divided_budget
    ✓ [ 166.4s]  cut_qubit_prop
    ✓ [ 690.4s]  cut_incremental_budget
    ✓ [ 967.0s]  cut_incremental_qubit_prop

========================================================================
