========================================================================
CUTTABLE CIRCUIT BENCHMARK RUN REPORT
Timestamp : 2026-06-09 15:32:59
========================================================================

DESIGN
------------------------------------------------------------------------
  Input        : valid_circuits.pkl produced by generate_and_cut.py
  Cut strategy : find_and_place_cuts + CutStrategy(min_free_wires=2)
  Ground truth : PennyLane default.qubit statevector (shots=None)
  Reconstruction: qcut_processing_fn (tensor contraction)
  Observable   : per-circuit Pauli string stored in CircuitSpec.observable
  Error        : |perf_exp_val - result|

CONFIGURATION
------------------------------------------------------------------------
  Shots (B)                 : 5000
  Noisy backend             : 'aer.fake_sherbrooke'
  Ideal backend             : 'aer.perfect'
  Simulator seed            : 42
  Output dir                : PosixPath('results/new/ewma_5k_sherbroke_01/11_qubits')
  2q-gate alpha             : 0.8
  Incr. batch shots         : 50
  Incr. threshold           : 0.03
  Incr. offset              : 3
  Incr. stability k         : 3
  Incr. stopping criterion  : 'ewma'
  Incr. distance metric     : 'tvd'
  Incr. window size         : 3
  Incr. EWMA alpha          : 0.5
  Selected modes            : noisy_vanilla, cut_divided_budget, cut_qubit_prop, cut_incremental_budget, cut_incremental_qubit_prop

SUMMARY
------------------------------------------------------------------------
Total: 50  ok: 50  failed: 0

RESULTS BY CIRCUIT
------------------------------------------------------------------------
  11q / 0_Clifford+T_001
    ✓ [   4.8s]  noisy_vanilla
    ✓ [  64.0s]  cut_divided_budget
    ✓ [  46.9s]  cut_qubit_prop
    ✓ [ 177.1s]  cut_incremental_budget
    ✓ [ 166.4s]  cut_incremental_qubit_prop

  11q / 1_Clifford+T_002
    ✓ [   1.5s]  noisy_vanilla
    ✓ [  53.4s]  cut_divided_budget
    ✓ [  51.8s]  cut_qubit_prop
    ✓ [ 191.3s]  cut_incremental_budget
    ✓ [ 164.9s]  cut_incremental_qubit_prop

  11q / 2_Clifford+T_011
    ✓ [   2.3s]  noisy_vanilla
    ✓ [  21.9s]  cut_divided_budget
    ✓ [  11.3s]  cut_qubit_prop
    ✓ [ 144.3s]  cut_incremental_budget
    ✓ [ 150.5s]  cut_incremental_qubit_prop

  11q / 3_Clifford+T_015
    ✓ [   1.7s]  noisy_vanilla
    ✓ [  19.3s]  cut_divided_budget
    ✓ [  11.9s]  cut_qubit_prop
    ✓ [ 158.5s]  cut_incremental_budget
    ✓ [ 147.2s]  cut_incremental_qubit_prop

  11q / 4_Clifford+T_017
    ✓ [   1.8s]  noisy_vanilla
    ✓ [  18.0s]  cut_divided_budget
    ✓ [  10.8s]  cut_qubit_prop
    ✓ [ 132.9s]  cut_incremental_budget
    ✓ [ 141.2s]  cut_incremental_qubit_prop

  11q / 5_Clifford+T_025
    ✓ [   1.7s]  noisy_vanilla
    ✓ [  19.1s]  cut_divided_budget
    ✓ [  11.1s]  cut_qubit_prop
    ✓ [ 138.6s]  cut_incremental_budget
    ✓ [ 149.4s]  cut_incremental_qubit_prop

  11q / 6_Clifford+T_026
    ✓ [   1.8s]  noisy_vanilla
    ✓ [  18.4s]  cut_divided_budget
    ✓ [  11.5s]  cut_qubit_prop
    ✓ [ 158.5s]  cut_incremental_budget
    ✓ [ 149.6s]  cut_incremental_qubit_prop

  11q / 7_Clifford+T_029
    ✓ [   1.9s]  noisy_vanilla
    ✓ [  20.0s]  cut_divided_budget
    ✓ [  14.1s]  cut_qubit_prop
    ✓ [ 157.2s]  cut_incremental_budget
    ✓ [ 144.3s]  cut_incremental_qubit_prop

  11q / 8_Clifford+T_030
    ✓ [   1.7s]  noisy_vanilla
    ✓ [  18.3s]  cut_divided_budget
    ✓ [  10.8s]  cut_qubit_prop
    ✓ [ 135.8s]  cut_incremental_budget
    ✓ [ 144.8s]  cut_incremental_qubit_prop

  11q / 9_Clifford+T_033
    ✓ [   1.7s]  noisy_vanilla
    ✓ [  22.3s]  cut_divided_budget
    ✓ [  12.4s]  cut_qubit_prop
    ✓ [ 140.0s]  cut_incremental_budget
    ✓ [ 128.5s]  cut_incremental_qubit_prop

========================================================================
