========================================================================
CUTTABLE CIRCUIT BENCHMARK RUN REPORT
Timestamp : 2026-05-27 12:11:46
========================================================================

DESIGN
------------------------------------------------------------------------
  Input        : valid_circuits.pkl produced by generate_and_cut.py
  Cut strategy : find_and_place_cuts + CutStrategy(min_free_wires=2)
  Ground truth : PennyLane default.qubit statevector (shots=None)
  Reconstruction: qcut_processing_fn (tensor contraction)
  Observable   : per-circuit Pauli string stored in CircuitSpec.observable
  Error        : |perf_exp_val - result|

CONFIGURATION
------------------------------------------------------------------------
  Shots (B)                 : 20000
  Noisy backend             : 'aer.fake_torino'
  Ideal backend             : 'aer.perfect'
  Simulator seed            : 42
  Output dir                : PosixPath('results/new/ewma_20k_torino_01/16_qubits')
  2q-gate alpha             : 0.8
  Incr. batch shots         : 50
  Incr. threshold           : 0.03
  Incr. offset              : 3
  Incr. stability k         : 3
  Incr. stopping criterion  : 'ewma'
  Incr. distance metric     : 'tvd'
  Incr. window size         : 3
  Incr. EWMA alpha          : 0.5
  Selected modes            : noisy_vanilla, cut_divided_budget, cut_qubit_prop, cut_incremental_budget, cut_incremental_qubit_prop

SUMMARY
------------------------------------------------------------------------
Total: 50  ok: 50  failed: 0

RESULTS BY CIRCUIT
------------------------------------------------------------------------
  16q / 0_Clifford+T_002
    ✓ [  92.7s]  noisy_vanilla
    ✓ [  32.7s]  cut_divided_budget
    ✓ [  29.2s]  cut_qubit_prop
    ✓ [ 560.0s]  cut_incremental_budget
    ✓ [ 457.3s]  cut_incremental_qubit_prop

  16q / 1_Clifford+T_008
    ✓ [ 107.4s]  noisy_vanilla
    ✓ [  42.0s]  cut_divided_budget
    ✓ [  48.8s]  cut_qubit_prop
    ✓ [ 757.0s]  cut_incremental_budget
    ✓ [ 769.2s]  cut_incremental_qubit_prop

  16q / 2_Clifford+T_015
    ✓ [  97.4s]  noisy_vanilla
    ✓ [  51.4s]  cut_divided_budget
    ✓ [  41.5s]  cut_qubit_prop
    ✓ [ 917.0s]  cut_incremental_budget
    ✓ [ 693.2s]  cut_incremental_qubit_prop

  16q / 3_Clifford+T_016
    ✓ [  87.8s]  noisy_vanilla
    ✓ [  36.0s]  cut_divided_budget
    ✓ [  28.6s]  cut_qubit_prop
    ✓ [ 475.2s]  cut_incremental_budget
    ✓ [ 469.8s]  cut_incremental_qubit_prop

  16q / 4_Clifford+T_018
    ✓ [ 106.7s]  noisy_vanilla
    ✓ [  37.9s]  cut_divided_budget
    ✓ [  24.3s]  cut_qubit_prop
    ✓ [ 636.6s]  cut_incremental_budget
    ✓ [ 697.2s]  cut_incremental_qubit_prop

  16q / 5_Clifford+T_019
    ✓ [  94.0s]  noisy_vanilla
    ✓ [  46.0s]  cut_divided_budget
    ✓ [  41.9s]  cut_qubit_prop
    ✓ [ 797.9s]  cut_incremental_budget
    ✓ [ 813.4s]  cut_incremental_qubit_prop

  16q / 6_Clifford+T_021
    ✓ [  76.7s]  noisy_vanilla
    ✓ [  35.0s]  cut_divided_budget
    ✓ [  25.1s]  cut_qubit_prop
    ✓ [ 566.0s]  cut_incremental_budget
    ✓ [ 533.3s]  cut_incremental_qubit_prop

  16q / 7_Clifford+T_026
    ✓ [ 120.8s]  noisy_vanilla
    ✓ [  38.0s]  cut_divided_budget
    ✓ [  29.0s]  cut_qubit_prop
    ✓ [ 398.5s]  cut_incremental_budget
    ✓ [ 402.1s]  cut_incremental_qubit_prop

  16q / 8_Clifford+T_032
    ✓ [  81.6s]  noisy_vanilla
    ✓ [  33.1s]  cut_divided_budget
    ✓ [  24.3s]  cut_qubit_prop
    ✓ [ 501.2s]  cut_incremental_budget
    ✓ [ 510.6s]  cut_incremental_qubit_prop

  16q / 9_Clifford+T_040
    ✓ [  71.8s]  noisy_vanilla
    ✓ [  34.6s]  cut_divided_budget
    ✓ [  27.4s]  cut_qubit_prop
    ✓ [ 522.6s]  cut_incremental_budget
    ✓ [ 491.1s]  cut_incremental_qubit_prop

========================================================================
