========================================================================
CUTTABLE CIRCUIT BENCHMARK RUN REPORT
Timestamp : 2026-06-16 13:07:09
========================================================================

DESIGN
------------------------------------------------------------------------
  Input        : valid_circuits.pkl produced by generate_and_cut.py
  Cut strategy : find_and_place_cuts + CutStrategy(min_free_wires=2)
  Ground truth : PennyLane default.qubit statevector (shots=None)
  Reconstruction: qcut_processing_fn (tensor contraction)
  Observable   : per-circuit Pauli string stored in CircuitSpec.observable
  Error        : |perf_exp_val - result|

CONFIGURATION
------------------------------------------------------------------------
  Shots (B)                 : 20000
  Noisy backend             : 'aer.fake_sherbrooke'
  Ideal backend             : 'aer.perfect'
  Simulator seed            : 42
  Output dir                : PosixPath('results/new/stable_shots_runs02_10-14q_no_vanilla/20000_shots/sherbrooke/11_qubits')
  2q-gate alpha             : 0.8
  Incr. batch shots         : 50
  Incr. threshold           : 0.005
  Incr. offset              : 3
  Incr. stability k         : 5
  Incr. stopping criterion  : 'delta'
  Incr. distance metric     : 'tvd'
  Incr. window size         : 3
  Incr. EWMA alpha          : 0.5
  Selected modes            : cut_divided_budget, cut_qubit_prop, cut_incremental_budget, cut_incremental_qubit_prop

SUMMARY
------------------------------------------------------------------------
Total: 40  ok: 40  failed: 0

RESULTS BY CIRCUIT
------------------------------------------------------------------------
  11q / 0_Clifford+T_001
    ✓ [  60.8s]  cut_divided_budget
    ✓ [  39.8s]  cut_qubit_prop
    ✓ [ 867.2s]  cut_incremental_budget
    ✓ [ 883.2s]  cut_incremental_qubit_prop

  11q / 1_Clifford+T_002
    ✓ [  70.8s]  cut_divided_budget
    ✓ [  64.0s]  cut_qubit_prop
    ✓ [ 873.6s]  cut_incremental_budget
    ✓ [ 547.2s]  cut_incremental_qubit_prop

  11q / 2_Clifford+T_011
    ✓ [  17.1s]  cut_divided_budget
    ✓ [  10.1s]  cut_qubit_prop
    ✓ [ 467.8s]  cut_incremental_budget
    ✓ [ 527.6s]  cut_incremental_qubit_prop

  11q / 3_Clifford+T_015
    ✓ [  21.5s]  cut_divided_budget
    ✓ [  10.2s]  cut_qubit_prop
    ✓ [ 597.6s]  cut_incremental_budget
    ✓ [ 551.1s]  cut_incremental_qubit_prop

  11q / 4_Clifford+T_017
    ✓ [  16.6s]  cut_divided_budget
    ✓ [  10.5s]  cut_qubit_prop
    ✓ [ 355.1s]  cut_incremental_budget
    ✓ [ 516.6s]  cut_incremental_qubit_prop

  11q / 5_Clifford+T_025
    ✓ [  16.7s]  cut_divided_budget
    ✓ [   9.8s]  cut_qubit_prop
    ✓ [ 505.0s]  cut_incremental_budget
    ✓ [ 530.4s]  cut_incremental_qubit_prop

  11q / 6_Clifford+T_026
    ✓ [  18.9s]  cut_divided_budget
    ✓ [  11.8s]  cut_qubit_prop
    ✓ [ 349.2s]  cut_incremental_budget
    ✓ [ 535.6s]  cut_incremental_qubit_prop

  11q / 7_Clifford+T_029
    ✓ [  16.4s]  cut_divided_budget
    ✓ [   9.6s]  cut_qubit_prop
    ✓ [ 513.9s]  cut_incremental_budget
    ✓ [ 520.9s]  cut_incremental_qubit_prop

  11q / 8_Clifford+T_030
    ✓ [  16.6s]  cut_divided_budget
    ✓ [   9.8s]  cut_qubit_prop
    ✓ [ 401.3s]  cut_incremental_budget
    ✓ [ 503.8s]  cut_incremental_qubit_prop

  11q / 9_Clifford+T_033
    ✓ [  17.1s]  cut_divided_budget
    ✓ [  10.5s]  cut_qubit_prop
    ✓ [ 493.0s]  cut_incremental_budget
    ✓ [ 520.2s]  cut_incremental_qubit_prop

========================================================================
