[Thu Jun 18 04:34:20 AM UTC 2026] Starting 12 qubits | shots=20000 | backend=aer.fake_torino
[Thu Jun 18 04:34:20 AM UTC 2026] Per-job memory limit: 7GB virtual memory

[1/10] 12q / 0_Clifford+T_001  observable: ZIIIIIIIIIII
/home/local/ADUNIPI/a044855/cutandinc/newcut/lib/python3.12/site-packages/qiskit_ibm_runtime/fake_provider/backends/nighthawk/fake_nighthawk.py:76: UserWarning: Properties of fake_nighthawk are not intended to represent typical nighthawk error values.
  warnings.warn(
    » [04:34:31]  12q / 0_Clifford+T_001  observable=ZIIIIIIIIIII  computing ground truth (PennyLane default.qubit)...
    · [   0.5s]  ground_truth = 0.000000
    » [04:34:31]  (#1) 12q / 0_Clifford+T_001 / noisy_vanilla  starting...
    ✓ [  19.7s]  (#1) 12q / 0_Clifford+T_001 / noisy_vanilla
    » [04:34:51]  (#1) 12q / 0_Clifford+T_001 / cut_divided_budget  starting...
/home/local/ADUNIPI/a044855/cutandinc/newcut/lib/python3.12/site-packages/pennylane/qcut/cutstrategy.py:367: UserWarning: The number of partition attempts seems high (40).
  warnings.warn(f"The number of partition attempts seems high ({len(ks)}).")
    ✓ [  27.7s]  (#1) 12q / 0_Clifford+T_001 / cut_divided_budget
    » [04:35:19]  (#1) 12q / 0_Clifford+T_001 / cut_qubit_prop  starting...
    ✓ [  19.1s]  (#1) 12q / 0_Clifford+T_001 / cut_qubit_prop
    » [04:35:38]  (#1) 12q / 0_Clifford+T_001 / cut_incremental_budget  starting...
    ✓ [ 627.0s]  (#1) 12q / 0_Clifford+T_001 / cut_incremental_budget
    » [04:46:05]  (#1) 12q / 0_Clifford+T_001 / cut_incremental_qubit_prop  starting...
    ✓ [ 760.7s]  (#1) 12q / 0_Clifford+T_001 / cut_incremental_qubit_prop

[2/10] 12q / 1_Clifford+T_002  observable: ZIIIIIIIIIII
    » [04:58:46]  12q / 1_Clifford+T_002  observable=ZIIIIIIIIIII  computing ground truth (PennyLane default.qubit)...
    · [   0.0s]  ground_truth = 1.000000
    » [04:58:46]  (#2) 12q / 1_Clifford+T_002 / noisy_vanilla  starting...
    ✓ [  19.5s]  (#2) 12q / 1_Clifford+T_002 / noisy_vanilla
    » [04:59:05]  (#2) 12q / 1_Clifford+T_002 / cut_divided_budget  starting...
/home/local/ADUNIPI/a044855/cutandinc/newcut/lib/python3.12/site-packages/pennylane/qcut/cutstrategy.py:367: UserWarning: The number of partition attempts seems high (40).
  warnings.warn(f"The number of partition attempts seems high ({len(ks)}).")
    ✓ [ 159.4s]  (#2) 12q / 1_Clifford+T_002 / cut_divided_budget
    » [05:01:45]  (#2) 12q / 1_Clifford+T_002 / cut_qubit_prop  starting...
    ✓ [ 153.2s]  (#2) 12q / 1_Clifford+T_002 / cut_qubit_prop
    » [05:04:18]  (#2) 12q / 1_Clifford+T_002 / cut_incremental_budget  starting...
    ✓ [1084.8s]  (#2) 12q / 1_Clifford+T_002 / cut_incremental_budget
    » [05:22:23]  (#2) 12q / 1_Clifford+T_002 / cut_incremental_qubit_prop  starting...
    ✓ [1285.3s]  (#2) 12q / 1_Clifford+T_002 / cut_incremental_qubit_prop

[3/10] 12q / 2_Clifford+T_004  observable: ZIIIIIIIIIII
    » [05:43:48]  12q / 2_Clifford+T_004  observable=ZIIIIIIIIIII  computing ground truth (PennyLane default.qubit)...
    · [   0.0s]  ground_truth = 1.000000
    » [05:43:48]  (#3) 12q / 2_Clifford+T_004 / noisy_vanilla  starting...
    ✓ [  19.9s]  (#3) 12q / 2_Clifford+T_004 / noisy_vanilla
    » [05:44:08]  (#3) 12q / 2_Clifford+T_004 / cut_divided_budget  starting...
/home/local/ADUNIPI/a044855/cutandinc/newcut/lib/python3.12/site-packages/pennylane/qcut/cutstrategy.py:367: UserWarning: The number of partition attempts seems high (40).
  warnings.warn(f"The number of partition attempts seems high ({len(ks)}).")
    ✓ [  57.1s]  (#3) 12q / 2_Clifford+T_004 / cut_divided_budget
    » [05:45:05]  (#3) 12q / 2_Clifford+T_004 / cut_qubit_prop  starting...
    ✓ [  45.7s]  (#3) 12q / 2_Clifford+T_004 / cut_qubit_prop
    » [05:45:50]  (#3) 12q / 2_Clifford+T_004 / cut_incremental_budget  starting...
    ✓ [ 550.2s]  (#3) 12q / 2_Clifford+T_004 / cut_incremental_budget
    » [05:55:01]  (#3) 12q / 2_Clifford+T_004 / cut_incremental_qubit_prop  starting...
    ✓ [ 717.8s]  (#3) 12q / 2_Clifford+T_004 / cut_incremental_qubit_prop

[4/10] 12q / 3_Clifford+T_006  observable: ZIIIIIIIIIII
    » [06:06:58]  12q / 3_Clifford+T_006  observable=ZIIIIIIIIIII  computing ground truth (PennyLane default.qubit)...
    · [   0.0s]  ground_truth = 1.000000
    » [06:06:58]  (#4) 12q / 3_Clifford+T_006 / noisy_vanilla  starting...
    ✓ [  18.6s]  (#4) 12q / 3_Clifford+T_006 / noisy_vanilla
    » [06:07:17]  (#4) 12q / 3_Clifford+T_006 / cut_divided_budget  starting...
/home/local/ADUNIPI/a044855/cutandinc/newcut/lib/python3.12/site-packages/pennylane/qcut/cutstrategy.py:367: UserWarning: The number of partition attempts seems high (40).
  warnings.warn(f"The number of partition attempts seems high ({len(ks)}).")
    ✓ [  43.7s]  (#4) 12q / 3_Clifford+T_006 / cut_divided_budget
    » [06:08:01]  (#4) 12q / 3_Clifford+T_006 / cut_qubit_prop  starting...
    ✓ [  32.0s]  (#4) 12q / 3_Clifford+T_006 / cut_qubit_prop
    » [06:08:33]  (#4) 12q / 3_Clifford+T_006 / cut_incremental_budget  starting...
    ✓ [ 607.2s]  (#4) 12q / 3_Clifford+T_006 / cut_incremental_budget
    » [06:18:40]  (#4) 12q / 3_Clifford+T_006 / cut_incremental_qubit_prop  starting...
    ✓ [ 545.5s]  (#4) 12q / 3_Clifford+T_006 / cut_incremental_qubit_prop

[5/10] 12q / 4_Clifford+T_011  observable: ZIIIIIIIIIII
    » [06:27:46]  12q / 4_Clifford+T_011  observable=ZIIIIIIIIIII  computing ground truth (PennyLane default.qubit)...
    · [   0.0s]  ground_truth = 0.000000
    » [06:27:46]  (#5) 12q / 4_Clifford+T_011 / noisy_vanilla  starting...
    ✓ [  20.8s]  (#5) 12q / 4_Clifford+T_011 / noisy_vanilla
    » [06:28:06]  (#5) 12q / 4_Clifford+T_011 / cut_divided_budget  starting...
/home/local/ADUNIPI/a044855/cutandinc/newcut/lib/python3.12/site-packages/pennylane/qcut/cutstrategy.py:367: UserWarning: The number of partition attempts seems high (40).
  warnings.warn(f"The number of partition attempts seems high ({len(ks)}).")
    ✓ [ 154.1s]  (#5) 12q / 4_Clifford+T_011 / cut_divided_budget
    » [06:30:40]  (#5) 12q / 4_Clifford+T_011 / cut_qubit_prop  starting...
    ✓ [ 152.7s]  (#5) 12q / 4_Clifford+T_011 / cut_qubit_prop
    » [06:33:13]  (#5) 12q / 4_Clifford+T_011 / cut_incremental_budget  starting...
    ✓ [1456.5s]  (#5) 12q / 4_Clifford+T_011 / cut_incremental_budget
    » [06:57:30]  (#5) 12q / 4_Clifford+T_011 / cut_incremental_qubit_prop  starting...
    ✓ [1113.3s]  (#5) 12q / 4_Clifford+T_011 / cut_incremental_qubit_prop

[6/10] 12q / 5_Clifford+T_013  observable: ZIIIIIIIIIII
    » [07:16:03]  12q / 5_Clifford+T_013  observable=ZIIIIIIIIIII  computing ground truth (PennyLane default.qubit)...
    · [   0.0s]  ground_truth = 1.000000
    » [07:16:03]  (#6) 12q / 5_Clifford+T_013 / noisy_vanilla  starting...
    ✓ [  26.9s]  (#6) 12q / 5_Clifford+T_013 / noisy_vanilla
    » [07:16:30]  (#6) 12q / 5_Clifford+T_013 / cut_divided_budget  starting...
/home/local/ADUNIPI/a044855/cutandinc/newcut/lib/python3.12/site-packages/pennylane/qcut/cutstrategy.py:367: UserWarning: The number of partition attempts seems high (40).
  warnings.warn(f"The number of partition attempts seems high ({len(ks)}).")
    ✓ [ 139.0s]  (#6) 12q / 5_Clifford+T_013 / cut_divided_budget
    » [07:18:49]  (#6) 12q / 5_Clifford+T_013 / cut_qubit_prop  starting...
    ✓ [ 130.1s]  (#6) 12q / 5_Clifford+T_013 / cut_qubit_prop
    » [07:20:59]  (#6) 12q / 5_Clifford+T_013 / cut_incremental_budget  starting...
    ✓ [1611.4s]  (#6) 12q / 5_Clifford+T_013 / cut_incremental_budget
    » [07:47:50]  (#6) 12q / 5_Clifford+T_013 / cut_incremental_qubit_prop  starting...
    ✓ [1213.5s]  (#6) 12q / 5_Clifford+T_013 / cut_incremental_qubit_prop

[7/10] 12q / 6_Clifford+T_015  observable: ZIIIIIIIIIII
    » [08:08:04]  12q / 6_Clifford+T_015  observable=ZIIIIIIIIIII  computing ground truth (PennyLane default.qubit)...
    · [   0.0s]  ground_truth = 0.000000
    » [08:08:04]  (#7) 12q / 6_Clifford+T_015 / noisy_vanilla  starting...
    ✓ [  19.1s]  (#7) 12q / 6_Clifford+T_015 / noisy_vanilla
    » [08:08:23]  (#7) 12q / 6_Clifford+T_015 / cut_divided_budget  starting...
/home/local/ADUNIPI/a044855/cutandinc/newcut/lib/python3.12/site-packages/pennylane/qcut/cutstrategy.py:367: UserWarning: The number of partition attempts seems high (40).
  warnings.warn(f"The number of partition attempts seems high ({len(ks)}).")
    ✓ [  42.8s]  (#7) 12q / 6_Clifford+T_015 / cut_divided_budget
    » [08:09:06]  (#7) 12q / 6_Clifford+T_015 / cut_qubit_prop  starting...
    ✓ [  31.2s]  (#7) 12q / 6_Clifford+T_015 / cut_qubit_prop
    » [08:09:37]  (#7) 12q / 6_Clifford+T_015 / cut_incremental_budget  starting...
    ✓ [ 650.3s]  (#7) 12q / 6_Clifford+T_015 / cut_incremental_budget
    » [08:20:27]  (#7) 12q / 6_Clifford+T_015 / cut_incremental_qubit_prop  starting...
    ✓ [ 601.4s]  (#7) 12q / 6_Clifford+T_015 / cut_incremental_qubit_prop

[8/10] 12q / 7_Clifford+T_019  observable: ZIIIIIIIIIII
    » [08:30:29]  12q / 7_Clifford+T_019  observable=ZIIIIIIIIIII  computing ground truth (PennyLane default.qubit)...
    · [   0.0s]  ground_truth = 0.000000
    » [08:30:29]  (#8) 12q / 7_Clifford+T_019 / noisy_vanilla  starting...
    ✓ [  19.2s]  (#8) 12q / 7_Clifford+T_019 / noisy_vanilla
    » [08:30:48]  (#8) 12q / 7_Clifford+T_019 / cut_divided_budget  starting...
/home/local/ADUNIPI/a044855/cutandinc/newcut/lib/python3.12/site-packages/pennylane/qcut/cutstrategy.py:367: UserWarning: The number of partition attempts seems high (41).
  warnings.warn(f"The number of partition attempts seems high ({len(ks)}).")
    ✓ [  15.6s]  (#8) 12q / 7_Clifford+T_019 / cut_divided_budget
    » [08:31:04]  (#8) 12q / 7_Clifford+T_019 / cut_qubit_prop  starting...
    ✓ [   7.5s]  (#8) 12q / 7_Clifford+T_019 / cut_qubit_prop
    » [08:31:11]  (#8) 12q / 7_Clifford+T_019 / cut_incremental_budget  starting...
    ✓ [ 132.1s]  (#8) 12q / 7_Clifford+T_019 / cut_incremental_budget
    » [08:33:23]  (#8) 12q / 7_Clifford+T_019 / cut_incremental_qubit_prop  starting...
    ✓ [ 140.7s]  (#8) 12q / 7_Clifford+T_019 / cut_incremental_qubit_prop

[9/10] 12q / 8_Clifford+T_021  observable: ZIIIIIIIIIII
    » [08:35:44]  12q / 8_Clifford+T_021  observable=ZIIIIIIIIIII  computing ground truth (PennyLane default.qubit)...
    · [   0.4s]  ground_truth = 0.000000
    » [08:35:44]  (#9) 12q / 8_Clifford+T_021 / noisy_vanilla  starting...
    ✓ [  16.1s]  (#9) 12q / 8_Clifford+T_021 / noisy_vanilla
    » [08:36:01]  (#9) 12q / 8_Clifford+T_021 / cut_divided_budget  starting...
/home/local/ADUNIPI/a044855/cutandinc/newcut/lib/python3.12/site-packages/pennylane/qcut/cutstrategy.py:367: UserWarning: The number of partition attempts seems high (40).
  warnings.warn(f"The number of partition attempts seems high ({len(ks)}).")
    ✓ [  43.6s]  (#9) 12q / 8_Clifford+T_021 / cut_divided_budget
    » [08:36:44]  (#9) 12q / 8_Clifford+T_021 / cut_qubit_prop  starting...
    ✓ [  31.4s]  (#9) 12q / 8_Clifford+T_021 / cut_qubit_prop
    » [08:37:16]  (#9) 12q / 8_Clifford+T_021 / cut_incremental_budget  starting...
    ✓ [ 583.8s]  (#9) 12q / 8_Clifford+T_021 / cut_incremental_budget
    » [08:46:59]  (#9) 12q / 8_Clifford+T_021 / cut_incremental_qubit_prop  starting...
    ✓ [ 365.6s]  (#9) 12q / 8_Clifford+T_021 / cut_incremental_qubit_prop

[10/10] 12q / 9_Clifford+T_025  observable: ZIIIIIIIIIII
    » [08:53:05]  12q / 9_Clifford+T_025  observable=ZIIIIIIIIIII  computing ground truth (PennyLane default.qubit)...
    · [   0.0s]  ground_truth = -1.000000
    » [08:53:05]  (#10) 12q / 9_Clifford+T_025 / noisy_vanilla  starting...
    ✓ [   8.6s]  (#10) 12q / 9_Clifford+T_025 / noisy_vanilla
    » [08:53:14]  (#10) 12q / 9_Clifford+T_025 / cut_divided_budget  starting...
/home/local/ADUNIPI/a044855/cutandinc/newcut/lib/python3.12/site-packages/pennylane/qcut/cutstrategy.py:367: UserWarning: The number of partition attempts seems high (40).
  warnings.warn(f"The number of partition attempts seems high ({len(ks)}).")
    ✓ [  89.4s]  (#10) 12q / 9_Clifford+T_025 / cut_divided_budget
    » [08:54:43]  (#10) 12q / 9_Clifford+T_025 / cut_qubit_prop  starting...
    ✓ [ 115.1s]  (#10) 12q / 9_Clifford+T_025 / cut_qubit_prop
    » [08:56:38]  (#10) 12q / 9_Clifford+T_025 / cut_incremental_budget  starting...
    ✓ [1292.0s]  (#10) 12q / 9_Clifford+T_025 / cut_incremental_budget
    » [09:18:10]  (#10) 12q / 9_Clifford+T_025 / cut_incremental_qubit_prop  starting...
    ✓ [1639.7s]  (#10) 12q / 9_Clifford+T_025 / cut_incremental_qubit_prop

============================================================
  Finished :   50  mode runs
  Failed   :    0  mode runs
============================================================

Merged CSV -> results/new/stable_shots_02/20000_shots/torino/12_qubits/summary.csv
Run log    -> results/new/stable_shots_02/20000_shots/torino/12_qubits/run.log
Per-mode JSON -> results/new/stable_shots_02/20000_shots/torino/12_qubits/<qubits>q/<circuit>/<mode>.json
	Command being timed: "python main_new_new.py --circuits-pkl only_cliffordt/clif12.pkl --shots 20000 --noisy-backend aer.fake_torino --seed-simulator 42 --modes noisy_vanilla cut_divided_budget cut_qubit_prop cut_incremental_budget cut_incremental_qubit_prop --incremental-config configs/stable_shots2.json --parallel-circuits 1 --output-dir results/new/stable_shots_02/20000_shots/torino/12_qubits"
	User time (seconds): 18625.78
	System time (seconds): 47.16
	Percent of CPU this job got: 100%
	Elapsed (wall clock) time (h:mm:ss or m:ss): 5:11:11
	Average shared text size (kbytes): 0
	Average unshared data size (kbytes): 0
	Average stack size (kbytes): 0
	Average total size (kbytes): 0
	Maximum resident set size (kbytes): 875992
	Average resident set size (kbytes): 0
	Major (requiring I/O) page faults: 0
	Minor (reclaiming a frame) page faults: 11519539
	Voluntary context switches: 246394
	Involuntary context switches: 31161
	Swaps: 0
	File system inputs: 968
	File system outputs: 4360
	Socket messages sent: 0
	Socket messages received: 0
	Signals delivered: 0
	Page size (bytes): 4096
	Exit status: 0
[Thu Jun 18 09:45:32 AM UTC 2026] Finished 12 qubits | shots=20000 | backend=aer.fake_torino
