[Tue Jun 16 02:54:02 PM UTC 2026] Starting 16 qubits | shots=20000 | backend=aer.fake_kawasaki
[Tue Jun 16 02:54:02 PM UTC 2026] Per-job memory limit: 6GB virtual memory

[1/10] 16q / 0_Clifford+T_002  observable: ZIIIIIIIIIIIIIII
/home/local/ADUNIPI/a044855/cutandinc/newcut/lib/python3.12/site-packages/qiskit_ibm_runtime/fake_provider/backends/nighthawk/fake_nighthawk.py:76: UserWarning: Properties of fake_nighthawk are not intended to represent typical nighthawk error values.
  warnings.warn(
    » [14:54:08]  16q / 0_Clifford+T_002  observable=ZIIIIIIIIIIIIIII  computing ground truth (PennyLane default.qubit)...
    · [   0.5s]  ground_truth = 1.000000
    » [14:54:09]  (#1) 16q / 0_Clifford+T_002 / noisy_vanilla  starting...
    » [15:16:18]  (#1) 16q / 0_Clifford+T_002 / cut_divided_budget  starting...
/home/local/ADUNIPI/a044855/cutandinc/newcut/lib/python3.12/site-packages/pennylane/qcut/cutstrategy.py:367: UserWarning: The number of partition attempts seems high (40).
  warnings.warn(f"The number of partition attempts seems high ({len(ks)}).")
    ✓ [  24.5s]  (#1) 16q / 0_Clifford+T_002 / cut_divided_budget
    » [15:16:43]  (#1) 16q / 0_Clifford+T_002 / cut_qubit_prop  starting...
    ✓ [  17.3s]  (#1) 16q / 0_Clifford+T_002 / cut_qubit_prop
    » [15:17:00]  (#1) 16q / 0_Clifford+T_002 / cut_incremental_budget  starting...
    ✓ [ 840.1s]  (#1) 16q / 0_Clifford+T_002 / cut_incremental_budget
    » [15:31:00]  (#1) 16q / 0_Clifford+T_002 / cut_incremental_qubit_prop  starting...
    ✓ [ 853.7s]  (#1) 16q / 0_Clifford+T_002 / cut_incremental_qubit_prop

[2/10] 16q / 1_Clifford+T_008  observable: ZIIIIIIIIIIIIIII
    » [15:45:14]  16q / 1_Clifford+T_008  observable=ZIIIIIIIIIIIIIII  computing ground truth (PennyLane default.qubit)...
    · [   0.0s]  ground_truth = -1.000000
    » [15:45:14]  (#2) 16q / 1_Clifford+T_008 / noisy_vanilla  starting...
    » [16:06:43]  (#2) 16q / 1_Clifford+T_008 / cut_divided_budget  starting...
/home/local/ADUNIPI/a044855/cutandinc/newcut/lib/python3.12/site-packages/pennylane/qcut/cutstrategy.py:367: UserWarning: The number of partition attempts seems high (40).
  warnings.warn(f"The number of partition attempts seems high ({len(ks)}).")
    ✓ [  29.4s]  (#2) 16q / 1_Clifford+T_008 / cut_divided_budget
    » [16:07:12]  (#2) 16q / 1_Clifford+T_008 / cut_qubit_prop  starting...
    ✓ [  18.5s]  (#2) 16q / 1_Clifford+T_008 / cut_qubit_prop
    » [16:07:31]  (#2) 16q / 1_Clifford+T_008 / cut_incremental_budget  starting...
    ✓ [ 682.0s]  (#2) 16q / 1_Clifford+T_008 / cut_incremental_budget
    » [16:18:53]  (#2) 16q / 1_Clifford+T_008 / cut_incremental_qubit_prop  starting...
    ✓ [ 810.3s]  (#2) 16q / 1_Clifford+T_008 / cut_incremental_qubit_prop

[3/10] 16q / 2_Clifford+T_015  observable: ZIIIIIIIIIIIIIII
    » [16:32:23]  16q / 2_Clifford+T_015  observable=ZIIIIIIIIIIIIIII  computing ground truth (PennyLane default.qubit)...
    · [   0.0s]  ground_truth = -1.000000
    » [16:32:23]  (#3) 16q / 2_Clifford+T_015 / noisy_vanilla  starting...
    » [16:50:50]  (#3) 16q / 2_Clifford+T_015 / cut_divided_budget  starting...
/home/local/ADUNIPI/a044855/cutandinc/newcut/lib/python3.12/site-packages/pennylane/qcut/cutstrategy.py:367: UserWarning: The number of partition attempts seems high (41).
  warnings.warn(f"The number of partition attempts seems high ({len(ks)}).")
    ✓ [  83.1s]  (#3) 16q / 2_Clifford+T_015 / cut_divided_budget
    » [16:52:13]  (#3) 16q / 2_Clifford+T_015 / cut_qubit_prop  starting...
    ✓ [ 130.3s]  (#3) 16q / 2_Clifford+T_015 / cut_qubit_prop
    » [16:54:23]  (#3) 16q / 2_Clifford+T_015 / cut_incremental_budget  starting...
    ✓ [ 746.1s]  (#3) 16q / 2_Clifford+T_015 / cut_incremental_budget
    » [17:06:50]  (#3) 16q / 2_Clifford+T_015 / cut_incremental_qubit_prop  starting...
    ✓ [ 989.9s]  (#3) 16q / 2_Clifford+T_015 / cut_incremental_qubit_prop

[4/10] 16q / 3_Clifford+T_016  observable: ZIIIIIIIIIIIIIII
    » [17:23:19]  16q / 3_Clifford+T_016  observable=ZIIIIIIIIIIIIIII  computing ground truth (PennyLane default.qubit)...
    · [   0.0s]  ground_truth = 1.000000
    » [17:23:19]  (#4) 16q / 3_Clifford+T_016 / noisy_vanilla  starting...
    » [17:45:50]  (#4) 16q / 3_Clifford+T_016 / cut_divided_budget  starting...
/home/local/ADUNIPI/a044855/cutandinc/newcut/lib/python3.12/site-packages/pennylane/qcut/cutstrategy.py:367: UserWarning: The number of partition attempts seems high (40).
  warnings.warn(f"The number of partition attempts seems high ({len(ks)}).")
    ✓ [  22.6s]  (#4) 16q / 3_Clifford+T_016 / cut_divided_budget
    » [17:46:13]  (#4) 16q / 3_Clifford+T_016 / cut_qubit_prop  starting...
    ✓ [  16.7s]  (#4) 16q / 3_Clifford+T_016 / cut_qubit_prop
    » [17:46:29]  (#4) 16q / 3_Clifford+T_016 / cut_incremental_budget  starting...
    ✓ [ 857.3s]  (#4) 16q / 3_Clifford+T_016 / cut_incremental_budget
    » [18:00:47]  (#4) 16q / 3_Clifford+T_016 / cut_incremental_qubit_prop  starting...
    ✓ [ 862.2s]  (#4) 16q / 3_Clifford+T_016 / cut_incremental_qubit_prop

[5/10] 16q / 4_Clifford+T_018  observable: ZIIIIIIIIIIIIIII
    » [18:15:09]  16q / 4_Clifford+T_018  observable=ZIIIIIIIIIIIIIII  computing ground truth (PennyLane default.qubit)...
    · [   0.0s]  ground_truth = 0.000000
    » [18:15:09]  (#5) 16q / 4_Clifford+T_018 / noisy_vanilla  starting...
    » [18:38:05]  (#5) 16q / 4_Clifford+T_018 / cut_divided_budget  starting...
/home/local/ADUNIPI/a044855/cutandinc/newcut/lib/python3.12/site-packages/pennylane/qcut/cutstrategy.py:367: UserWarning: The number of partition attempts seems high (42).
  warnings.warn(f"The number of partition attempts seems high ({len(ks)}).")
    ✓ [  23.6s]  (#5) 16q / 4_Clifford+T_018 / cut_divided_budget
    » [18:38:29]  (#5) 16q / 4_Clifford+T_018 / cut_qubit_prop  starting...
    ✓ [  16.8s]  (#5) 16q / 4_Clifford+T_018 / cut_qubit_prop
    » [18:38:46]  (#5) 16q / 4_Clifford+T_018 / cut_incremental_budget  starting...
    ✓ [ 828.1s]  (#5) 16q / 4_Clifford+T_018 / cut_incremental_budget
    » [18:52:34]  (#5) 16q / 4_Clifford+T_018 / cut_incremental_qubit_prop  starting...
    ✓ [ 849.3s]  (#5) 16q / 4_Clifford+T_018 / cut_incremental_qubit_prop

[6/10] 16q / 5_Clifford+T_019  observable: ZIIIIIIIIIIIIIII
    » [19:06:43]  16q / 5_Clifford+T_019  observable=ZIIIIIIIIIIIIIII  computing ground truth (PennyLane default.qubit)...
    · [   0.0s]  ground_truth = -1.000000
    » [19:06:43]  (#6) 16q / 5_Clifford+T_019 / noisy_vanilla  starting...
    » [19:30:34]  (#6) 16q / 5_Clifford+T_019 / cut_divided_budget  starting...
/home/local/ADUNIPI/a044855/cutandinc/newcut/lib/python3.12/site-packages/pennylane/qcut/cutstrategy.py:367: UserWarning: The number of partition attempts seems high (41).
  warnings.warn(f"The number of partition attempts seems high ({len(ks)}).")
    ✓ [ 175.4s]  (#6) 16q / 5_Clifford+T_019 / cut_divided_budget
    » [19:33:29]  (#6) 16q / 5_Clifford+T_019 / cut_qubit_prop  starting...
    ✓ [ 281.8s]  (#6) 16q / 5_Clifford+T_019 / cut_qubit_prop
    » [19:38:11]  (#6) 16q / 5_Clifford+T_019 / cut_incremental_budget  starting...
    ✓ [ 775.5s]  (#6) 16q / 5_Clifford+T_019 / cut_incremental_budget
    » [19:51:07]  (#6) 16q / 5_Clifford+T_019 / cut_incremental_qubit_prop  starting...
    ✓ [ 826.9s]  (#6) 16q / 5_Clifford+T_019 / cut_incremental_qubit_prop

[7/10] 16q / 6_Clifford+T_021  observable: ZIIIIIIIIIIIIIII
    » [20:04:54]  16q / 6_Clifford+T_021  observable=ZIIIIIIIIIIIIIII  computing ground truth (PennyLane default.qubit)...
    · [   0.0s]  ground_truth = 1.000000
    » [20:04:54]  (#7) 16q / 6_Clifford+T_021 / noisy_vanilla  starting...
    » [20:16:32]  (#7) 16q / 6_Clifford+T_021 / cut_divided_budget  starting...
/home/local/ADUNIPI/a044855/cutandinc/newcut/lib/python3.12/site-packages/pennylane/qcut/cutstrategy.py:367: UserWarning: The number of partition attempts seems high (40).
  warnings.warn(f"The number of partition attempts seems high ({len(ks)}).")
    ✓ [  21.2s]  (#7) 16q / 6_Clifford+T_021 / cut_divided_budget
    » [20:16:53]  (#7) 16q / 6_Clifford+T_021 / cut_qubit_prop  starting...
    ✓ [  14.8s]  (#7) 16q / 6_Clifford+T_021 / cut_qubit_prop
    » [20:17:08]  (#7) 16q / 6_Clifford+T_021 / cut_incremental_budget  starting...
    ✓ [ 521.1s]  (#7) 16q / 6_Clifford+T_021 / cut_incremental_budget
    » [20:25:49]  (#7) 16q / 6_Clifford+T_021 / cut_incremental_qubit_prop  starting...
    ✓ [ 525.1s]  (#7) 16q / 6_Clifford+T_021 / cut_incremental_qubit_prop

[8/10] 16q / 7_Clifford+T_026  observable: ZIIIIIIIIIIIIIII
    » [20:34:34]  16q / 7_Clifford+T_026  observable=ZIIIIIIIIIIIIIII  computing ground truth (PennyLane default.qubit)...
    · [   0.0s]  ground_truth = -1.000000
    » [20:34:34]  (#8) 16q / 7_Clifford+T_026 / noisy_vanilla  starting...
    » [20:47:06]  (#8) 16q / 7_Clifford+T_026 / cut_divided_budget  starting...
/home/local/ADUNIPI/a044855/cutandinc/newcut/lib/python3.12/site-packages/pennylane/qcut/cutstrategy.py:367: UserWarning: The number of partition attempts seems high (41).
  warnings.warn(f"The number of partition attempts seems high ({len(ks)}).")
    ✓ [  34.8s]  (#8) 16q / 7_Clifford+T_026 / cut_divided_budget
    » [20:47:40]  (#8) 16q / 7_Clifford+T_026 / cut_qubit_prop  starting...
    ✓ [  38.2s]  (#8) 16q / 7_Clifford+T_026 / cut_qubit_prop
    » [20:48:19]  (#8) 16q / 7_Clifford+T_026 / cut_incremental_budget  starting...
    ✓ [ 468.8s]  (#8) 16q / 7_Clifford+T_026 / cut_incremental_budget
    » [20:56:08]  (#8) 16q / 7_Clifford+T_026 / cut_incremental_qubit_prop  starting...
    ✓ [ 531.4s]  (#8) 16q / 7_Clifford+T_026 / cut_incremental_qubit_prop

[9/10] 16q / 8_Clifford+T_032  observable: ZIIIIIIIIIIIIIII
    » [21:04:59]  16q / 8_Clifford+T_032  observable=ZIIIIIIIIIIIIIII  computing ground truth (PennyLane default.qubit)...
    · [   0.0s]  ground_truth = 1.000000
    » [21:04:59]  (#9) 16q / 8_Clifford+T_032 / noisy_vanilla  starting...
    » [21:17:10]  (#9) 16q / 8_Clifford+T_032 / cut_divided_budget  starting...
/home/local/ADUNIPI/a044855/cutandinc/newcut/lib/python3.12/site-packages/pennylane/qcut/cutstrategy.py:367: UserWarning: The number of partition attempts seems high (40).
  warnings.warn(f"The number of partition attempts seems high ({len(ks)}).")
    ✓ [  34.1s]  (#9) 16q / 8_Clifford+T_032 / cut_divided_budget
    » [21:17:44]  (#9) 16q / 8_Clifford+T_032 / cut_qubit_prop  starting...
    ✓ [  37.3s]  (#9) 16q / 8_Clifford+T_032 / cut_qubit_prop
    » [21:18:21]  (#9) 16q / 8_Clifford+T_032 / cut_incremental_budget  starting...
    ✓ [ 419.2s]  (#9) 16q / 8_Clifford+T_032 / cut_incremental_budget
    » [21:25:20]  (#9) 16q / 8_Clifford+T_032 / cut_incremental_qubit_prop  starting...
    ✓ [ 526.3s]  (#9) 16q / 8_Clifford+T_032 / cut_incremental_qubit_prop

[10/10] 16q / 9_Clifford+T_040  observable: ZIIIIIIIIIIIIIII
    » [21:34:07]  16q / 9_Clifford+T_040  observable=ZIIIIIIIIIIIIIII  computing ground truth (PennyLane default.qubit)...
    · [   0.0s]  ground_truth = 0.000000
    » [21:34:07]  (#10) 16q / 9_Clifford+T_040 / noisy_vanilla  starting...
    » [21:45:30]  (#10) 16q / 9_Clifford+T_040 / cut_divided_budget  starting...
/home/local/ADUNIPI/a044855/cutandinc/newcut/lib/python3.12/site-packages/pennylane/qcut/cutstrategy.py:367: UserWarning: The number of partition attempts seems high (40).
  warnings.warn(f"The number of partition attempts seems high ({len(ks)}).")
    ✓ [  52.1s]  (#10) 16q / 9_Clifford+T_040 / cut_divided_budget
    » [21:46:22]  (#10) 16q / 9_Clifford+T_040 / cut_qubit_prop  starting...
    ✓ [  71.3s]  (#10) 16q / 9_Clifford+T_040 / cut_qubit_prop
    » [21:47:34]  (#10) 16q / 9_Clifford+T_040 / cut_incremental_budget  starting...
    ✓ [ 420.8s]  (#10) 16q / 9_Clifford+T_040 / cut_incremental_budget
    » [21:54:34]  (#10) 16q / 9_Clifford+T_040 / cut_incremental_qubit_prop  starting...
    ✓ [ 575.8s]  (#10) 16q / 9_Clifford+T_040 / cut_incremental_qubit_prop

============================================================
  Finished :   40  mode runs
  Failed   :    0  mode runs
============================================================

Merged CSV -> results/new/stable_shots_runs02_15-16q_no_vanilla/20000_shots/kawasaki/16_qubits/summary.csv
Run log    -> results/new/stable_shots_runs02_15-16q_no_vanilla/20000_shots/kawasaki/16_qubits/run.log
Per-mode JSON -> results/new/stable_shots_runs02_15-16q_no_vanilla/20000_shots/kawasaki/16_qubits/<qubits>q/<circuit>/<mode>.json
	Command being timed: "python main_new_new.py --circuits-pkl only_cliffordt/clif16.pkl --shots 20000 --noisy-backend aer.fake_kawasaki --seed-simulator 42 --modes cut_divided_budget cut_qubit_prop cut_incremental_budget cut_incremental_qubit_prop --incremental-config configs/stable_shots.json --parallel-circuits 1 --output-dir results/new/stable_shots_runs02_15-16q_no_vanilla/20000_shots/kawasaki/16_qubits"
	User time (seconds): 25803.84
	System time (seconds): 30.21
	Percent of CPU this job got: 100%
	Elapsed (wall clock) time (h:mm:ss or m:ss): 7:10:09
	Average shared text size (kbytes): 0
	Average unshared data size (kbytes): 0
	Average stack size (kbytes): 0
	Average total size (kbytes): 0
	Maximum resident set size (kbytes): 541860
	Average resident set size (kbytes): 0
	Major (requiring I/O) page faults: 0
	Minor (reclaiming a frame) page faults: 4655394
	Voluntary context switches: 2111303
	Involuntary context switches: 16577
	Swaps: 0
	File system inputs: 0
	File system outputs: 3704
	Socket messages sent: 0
	Socket messages received: 0
	Signals delivered: 0
	Page size (bytes): 4096
	Exit status: 0
[Tue Jun 16 10:04:11 PM UTC 2026] Finished 16 qubits | shots=20000 | backend=aer.fake_kawasaki
