[Thu Jun 18 10:50:50 AM UTC 2026] Starting 15 qubits | shots=20000 | backend=aer.fake_kawasaki
[Thu Jun 18 10:50:50 AM UTC 2026] Per-job memory limit: 7GB virtual memory

[1/10] 15q / 0_Clifford+T_003  observable: ZIIIIIIIIIIIIII
/home/local/ADUNIPI/a044855/cutandinc/newcut/lib/python3.12/site-packages/qiskit_ibm_runtime/fake_provider/backends/nighthawk/fake_nighthawk.py:76: UserWarning: Properties of fake_nighthawk are not intended to represent typical nighthawk error values.
  warnings.warn(
    » [10:50:58]  15q / 0_Clifford+T_003  observable=ZIIIIIIIIIIIIII  computing ground truth (PennyLane default.qubit)...
    · [   0.7s]  ground_truth = 0.000000
    » [10:50:58]  (#1) 15q / 0_Clifford+T_003 / noisy_vanilla  starting...
    ✓ [ 628.0s]  (#1) 15q / 0_Clifford+T_003 / noisy_vanilla
    » [11:01:26]  (#1) 15q / 0_Clifford+T_003 / cut_divided_budget  starting...
/home/local/ADUNIPI/a044855/cutandinc/newcut/lib/python3.12/site-packages/pennylane/qcut/cutstrategy.py:367: UserWarning: The number of partition attempts seems high (40).
  warnings.warn(f"The number of partition attempts seems high ({len(ks)}).")
    ✓ [  24.2s]  (#1) 15q / 0_Clifford+T_003 / cut_divided_budget
    » [11:01:51]  (#1) 15q / 0_Clifford+T_003 / cut_qubit_prop  starting...
    ✓ [  11.7s]  (#1) 15q / 0_Clifford+T_003 / cut_qubit_prop
    » [11:02:02]  (#1) 15q / 0_Clifford+T_003 / cut_incremental_budget  starting...
    ✓ [ 177.1s]  (#1) 15q / 0_Clifford+T_003 / cut_incremental_budget
    » [11:04:59]  (#1) 15q / 0_Clifford+T_003 / cut_incremental_qubit_prop  starting...
    ✓ [ 182.1s]  (#1) 15q / 0_Clifford+T_003 / cut_incremental_qubit_prop

[2/10] 15q / 1_Clifford+T_009  observable: ZIIIIIIIIIIIIII
    » [11:08:02]  15q / 1_Clifford+T_009  observable=ZIIIIIIIIIIIIII  computing ground truth (PennyLane default.qubit)...
    · [   0.0s]  ground_truth = 1.000000
    » [11:08:02]  (#2) 15q / 1_Clifford+T_009 / noisy_vanilla  starting...
    ✓ [ 322.4s]  (#2) 15q / 1_Clifford+T_009 / noisy_vanilla
    » [11:13:24]  (#2) 15q / 1_Clifford+T_009 / cut_divided_budget  starting...
/home/local/ADUNIPI/a044855/cutandinc/newcut/lib/python3.12/site-packages/pennylane/qcut/cutstrategy.py:367: UserWarning: The number of partition attempts seems high (40).
  warnings.warn(f"The number of partition attempts seems high ({len(ks)}).")
    ✓ [  16.3s]  (#2) 15q / 1_Clifford+T_009 / cut_divided_budget
    » [11:13:40]  (#2) 15q / 1_Clifford+T_009 / cut_qubit_prop  starting...
    ✓ [  10.3s]  (#2) 15q / 1_Clifford+T_009 / cut_qubit_prop
    » [11:13:51]  (#2) 15q / 1_Clifford+T_009 / cut_incremental_budget  starting...
    ✓ [ 218.6s]  (#2) 15q / 1_Clifford+T_009 / cut_incremental_budget
    » [11:17:29]  (#2) 15q / 1_Clifford+T_009 / cut_incremental_qubit_prop  starting...
    ✓ [ 230.1s]  (#2) 15q / 1_Clifford+T_009 / cut_incremental_qubit_prop

[3/10] 15q / 2_Clifford+T_011  observable: ZIIIIIIIIIIIIII
    » [11:21:19]  15q / 2_Clifford+T_011  observable=ZIIIIIIIIIIIIII  computing ground truth (PennyLane default.qubit)...
    · [   0.0s]  ground_truth = 1.000000
    » [11:21:19]  (#3) 15q / 2_Clifford+T_011 / noisy_vanilla  starting...
    ✓ [ 330.3s]  (#3) 15q / 2_Clifford+T_011 / noisy_vanilla
    » [11:26:50]  (#3) 15q / 2_Clifford+T_011 / cut_divided_budget  starting...
/home/local/ADUNIPI/a044855/cutandinc/newcut/lib/python3.12/site-packages/pennylane/qcut/cutstrategy.py:367: UserWarning: The number of partition attempts seems high (40).
  warnings.warn(f"The number of partition attempts seems high ({len(ks)}).")
    ✓ [  24.9s]  (#3) 15q / 2_Clifford+T_011 / cut_divided_budget
    » [11:27:15]  (#3) 15q / 2_Clifford+T_011 / cut_qubit_prop  starting...
    ✓ [  17.2s]  (#3) 15q / 2_Clifford+T_011 / cut_qubit_prop
    » [11:27:32]  (#3) 15q / 2_Clifford+T_011 / cut_incremental_budget  starting...
    ✓ [ 187.0s]  (#3) 15q / 2_Clifford+T_011 / cut_incremental_budget
    » [11:30:39]  (#3) 15q / 2_Clifford+T_011 / cut_incremental_qubit_prop  starting...
    ✓ [ 183.7s]  (#3) 15q / 2_Clifford+T_011 / cut_incremental_qubit_prop

[4/10] 15q / 3_Clifford+T_015  observable: ZIIIIIIIIIIIIII
    » [11:33:42]  15q / 3_Clifford+T_015  observable=ZIIIIIIIIIIIIII  computing ground truth (PennyLane default.qubit)...
    · [   0.0s]  ground_truth = 1.000000
    » [11:33:42]  (#4) 15q / 3_Clifford+T_015 / noisy_vanilla  starting...
    ✓ [ 346.2s]  (#4) 15q / 3_Clifford+T_015 / noisy_vanilla
    » [11:39:29]  (#4) 15q / 3_Clifford+T_015 / cut_divided_budget  starting...
/home/local/ADUNIPI/a044855/cutandinc/newcut/lib/python3.12/site-packages/pennylane/qcut/cutstrategy.py:367: UserWarning: The number of partition attempts seems high (41).
  warnings.warn(f"The number of partition attempts seems high ({len(ks)}).")
    ✓ [  52.5s]  (#4) 15q / 3_Clifford+T_015 / cut_divided_budget
    » [11:40:21]  (#4) 15q / 3_Clifford+T_015 / cut_qubit_prop  starting...
    ✓ [  40.2s]  (#4) 15q / 3_Clifford+T_015 / cut_qubit_prop
    » [11:41:01]  (#4) 15q / 3_Clifford+T_015 / cut_incremental_budget  starting...
    ✓ [ 549.9s]  (#4) 15q / 3_Clifford+T_015 / cut_incremental_budget
    » [11:50:11]  (#4) 15q / 3_Clifford+T_015 / cut_incremental_qubit_prop  starting...
    ✓ [ 553.7s]  (#4) 15q / 3_Clifford+T_015 / cut_incremental_qubit_prop

[5/10] 15q / 4_Clifford+T_016  observable: ZIIIIIIIIIIIIII
    » [11:59:25]  15q / 4_Clifford+T_016  observable=ZIIIIIIIIIIIIII  computing ground truth (PennyLane default.qubit)...
    · [   0.0s]  ground_truth = 1.000000
    » [11:59:25]  (#5) 15q / 4_Clifford+T_016 / noisy_vanilla  starting...
    ✓ [ 349.6s]  (#5) 15q / 4_Clifford+T_016 / noisy_vanilla
    » [12:05:15]  (#5) 15q / 4_Clifford+T_016 / cut_divided_budget  starting...
/home/local/ADUNIPI/a044855/cutandinc/newcut/lib/python3.12/site-packages/pennylane/qcut/cutstrategy.py:367: UserWarning: The number of partition attempts seems high (41).
  warnings.warn(f"The number of partition attempts seems high ({len(ks)}).")
    ✓ [  16.7s]  (#5) 15q / 4_Clifford+T_016 / cut_divided_budget
    » [12:05:31]  (#5) 15q / 4_Clifford+T_016 / cut_qubit_prop  starting...
    ✓ [  10.4s]  (#5) 15q / 4_Clifford+T_016 / cut_qubit_prop
    » [12:05:42]  (#5) 15q / 4_Clifford+T_016 / cut_incremental_budget  starting...
    ✓ [ 144.7s]  (#5) 15q / 4_Clifford+T_016 / cut_incremental_budget
    » [12:08:07]  (#5) 15q / 4_Clifford+T_016 / cut_incremental_qubit_prop  starting...
    ✓ [ 155.5s]  (#5) 15q / 4_Clifford+T_016 / cut_incremental_qubit_prop

[6/10] 15q / 5_Clifford+T_018  observable: ZIIIIIIIIIIIIII
    » [12:10:42]  15q / 5_Clifford+T_018  observable=ZIIIIIIIIIIIIII  computing ground truth (PennyLane default.qubit)...
    · [   0.0s]  ground_truth = 1.000000
    » [12:10:42]  (#6) 15q / 5_Clifford+T_018 / noisy_vanilla  starting...
    ✓ [ 340.8s]  (#6) 15q / 5_Clifford+T_018 / noisy_vanilla
    » [12:16:23]  (#6) 15q / 5_Clifford+T_018 / cut_divided_budget  starting...
/home/local/ADUNIPI/a044855/cutandinc/newcut/lib/python3.12/site-packages/pennylane/qcut/cutstrategy.py:367: UserWarning: The number of partition attempts seems high (42).
  warnings.warn(f"The number of partition attempts seems high ({len(ks)}).")
    ✓ [  17.7s]  (#6) 15q / 5_Clifford+T_018 / cut_divided_budget
    » [12:16:40]  (#6) 15q / 5_Clifford+T_018 / cut_qubit_prop  starting...
    ✓ [  10.3s]  (#6) 15q / 5_Clifford+T_018 / cut_qubit_prop
    » [12:16:51]  (#6) 15q / 5_Clifford+T_018 / cut_incremental_budget  starting...
    ✓ [ 193.1s]  (#6) 15q / 5_Clifford+T_018 / cut_incremental_budget
    » [12:20:04]  (#6) 15q / 5_Clifford+T_018 / cut_incremental_qubit_prop  starting...
    ✓ [ 195.8s]  (#6) 15q / 5_Clifford+T_018 / cut_incremental_qubit_prop

[7/10] 15q / 6_Clifford+T_022  observable: ZIIIIIIIIIIIIII
    » [12:23:20]  15q / 6_Clifford+T_022  observable=ZIIIIIIIIIIIIII  computing ground truth (PennyLane default.qubit)...
    · [   0.0s]  ground_truth = 0.000000
    » [12:23:20]  (#7) 15q / 6_Clifford+T_022 / noisy_vanilla  starting...
    ✓ [ 325.1s]  (#7) 15q / 6_Clifford+T_022 / noisy_vanilla
    » [12:28:45]  (#7) 15q / 6_Clifford+T_022 / cut_divided_budget  starting...
/home/local/ADUNIPI/a044855/cutandinc/newcut/lib/python3.12/site-packages/pennylane/qcut/cutstrategy.py:367: UserWarning: The number of partition attempts seems high (40).
  warnings.warn(f"The number of partition attempts seems high ({len(ks)}).")
    ✓ [  22.3s]  (#7) 15q / 6_Clifford+T_022 / cut_divided_budget
    » [12:29:07]  (#7) 15q / 6_Clifford+T_022 / cut_qubit_prop  starting...
    ✓ [  10.3s]  (#7) 15q / 6_Clifford+T_022 / cut_qubit_prop
    » [12:29:17]  (#7) 15q / 6_Clifford+T_022 / cut_incremental_budget  starting...
    ✓ [ 164.2s]  (#7) 15q / 6_Clifford+T_022 / cut_incremental_budget
    » [12:32:02]  (#7) 15q / 6_Clifford+T_022 / cut_incremental_qubit_prop  starting...
    ✓ [ 175.9s]  (#7) 15q / 6_Clifford+T_022 / cut_incremental_qubit_prop

[8/10] 15q / 7_Clifford+T_023  observable: ZIIIIIIIIIIIIII
    » [12:34:57]  15q / 7_Clifford+T_023  observable=ZIIIIIIIIIIIIII  computing ground truth (PennyLane default.qubit)...
    · [   0.0s]  ground_truth = 1.000000
    » [12:34:57]  (#8) 15q / 7_Clifford+T_023 / noisy_vanilla  starting...
    ✓ [ 322.4s]  (#8) 15q / 7_Clifford+T_023 / noisy_vanilla
    » [12:40:20]  (#8) 15q / 7_Clifford+T_023 / cut_divided_budget  starting...
/home/local/ADUNIPI/a044855/cutandinc/newcut/lib/python3.12/site-packages/pennylane/qcut/cutstrategy.py:367: UserWarning: The number of partition attempts seems high (40).
  warnings.warn(f"The number of partition attempts seems high ({len(ks)}).")
    ✓ [  23.7s]  (#8) 15q / 7_Clifford+T_023 / cut_divided_budget
    » [12:40:44]  (#8) 15q / 7_Clifford+T_023 / cut_qubit_prop  starting...
    ✓ [  17.4s]  (#8) 15q / 7_Clifford+T_023 / cut_qubit_prop
    » [12:41:01]  (#8) 15q / 7_Clifford+T_023 / cut_incremental_budget  starting...
    ✓ [ 314.7s]  (#8) 15q / 7_Clifford+T_023 / cut_incremental_budget
    » [12:46:16]  (#8) 15q / 7_Clifford+T_023 / cut_incremental_qubit_prop  starting...
    ✓ [ 350.4s]  (#8) 15q / 7_Clifford+T_023 / cut_incremental_qubit_prop

[9/10] 15q / 8_Clifford+T_024  observable: ZIIIIIIIIIIIIII
    » [12:52:06]  15q / 8_Clifford+T_024  observable=ZIIIIIIIIIIIIII  computing ground truth (PennyLane default.qubit)...
    · [   0.0s]  ground_truth = 0.000000
    » [12:52:06]  (#9) 15q / 8_Clifford+T_024 / noisy_vanilla  starting...
    ✓ [ 332.3s]  (#9) 15q / 8_Clifford+T_024 / noisy_vanilla
    » [12:57:38]  (#9) 15q / 8_Clifford+T_024 / cut_divided_budget  starting...
/home/local/ADUNIPI/a044855/cutandinc/newcut/lib/python3.12/site-packages/pennylane/qcut/cutstrategy.py:367: UserWarning: The number of partition attempts seems high (40).
  warnings.warn(f"The number of partition attempts seems high ({len(ks)}).")
    ✓ [  57.3s]  (#9) 15q / 8_Clifford+T_024 / cut_divided_budget
    » [12:58:36]  (#9) 15q / 8_Clifford+T_024 / cut_qubit_prop  starting...
    ✓ [  67.5s]  (#9) 15q / 8_Clifford+T_024 / cut_qubit_prop
    » [12:59:43]  (#9) 15q / 8_Clifford+T_024 / cut_incremental_budget  starting...
    ✓ [ 210.3s]  (#9) 15q / 8_Clifford+T_024 / cut_incremental_budget
    » [13:03:14]  (#9) 15q / 8_Clifford+T_024 / cut_incremental_qubit_prop  starting...
    ✓ [ 230.5s]  (#9) 15q / 8_Clifford+T_024 / cut_incremental_qubit_prop

[10/10] 15q / 9_Clifford+T_026  observable: ZIIIIIIIIIIIIII
    » [13:07:04]  15q / 9_Clifford+T_026  observable=ZIIIIIIIIIIIIII  computing ground truth (PennyLane default.qubit)...
    · [   0.0s]  ground_truth = 1.000000
    » [13:07:04]  (#10) 15q / 9_Clifford+T_026 / noisy_vanilla  starting...
    ✓ [ 333.3s]  (#10) 15q / 9_Clifford+T_026 / noisy_vanilla
    » [13:12:37]  (#10) 15q / 9_Clifford+T_026 / cut_divided_budget  starting...
/home/local/ADUNIPI/a044855/cutandinc/newcut/lib/python3.12/site-packages/pennylane/qcut/cutstrategy.py:367: UserWarning: The number of partition attempts seems high (40).
  warnings.warn(f"The number of partition attempts seems high ({len(ks)}).")
    ✓ [  54.2s]  (#10) 15q / 9_Clifford+T_026 / cut_divided_budget
    » [13:13:32]  (#10) 15q / 9_Clifford+T_026 / cut_qubit_prop  starting...
    ✓ [  74.7s]  (#10) 15q / 9_Clifford+T_026 / cut_qubit_prop
    » [13:14:46]  (#10) 15q / 9_Clifford+T_026 / cut_incremental_budget  starting...
    ✓ [ 194.4s]  (#10) 15q / 9_Clifford+T_026 / cut_incremental_budget
    » [13:18:01]  (#10) 15q / 9_Clifford+T_026 / cut_incremental_qubit_prop  starting...
    ✓ [ 206.0s]  (#10) 15q / 9_Clifford+T_026 / cut_incremental_qubit_prop

============================================================
  Finished :   50  mode runs
  Failed   :    0  mode runs
============================================================

Merged CSV -> results/new/stable_shots_02/20000_shots/kawasaki/15_qubits/summary.csv
Run log    -> results/new/stable_shots_02/20000_shots/kawasaki/15_qubits/run.log
Per-mode JSON -> results/new/stable_shots_02/20000_shots/kawasaki/15_qubits/<qubits>q/<circuit>/<mode>.json
	Command being timed: "python main_new_new.py --circuits-pkl only_cliffordt/clif15.pkl --shots 20000 --noisy-backend aer.fake_kawasaki --seed-simulator 42 --modes noisy_vanilla cut_divided_budget cut_qubit_prop cut_incremental_budget cut_incremental_qubit_prop --incremental-config configs/stable_shots2.json --parallel-circuits 1 --output-dir results/new/stable_shots_02/20000_shots/kawasaki/15_qubits"
	User time (seconds): 9031.57
	System time (seconds): 14.99
	Percent of CPU this job got: 100%
	Elapsed (wall clock) time (h:mm:ss or m:ss): 2:30:37
	Average shared text size (kbytes): 0
	Average unshared data size (kbytes): 0
	Average stack size (kbytes): 0
	Average total size (kbytes): 0
	Maximum resident set size (kbytes): 543324
	Average resident set size (kbytes): 0
	Major (requiring I/O) page faults: 0
	Minor (reclaiming a frame) page faults: 2404197
	Voluntary context switches: 643869
	Involuntary context switches: 4796
	Swaps: 0
	File system inputs: 8
	File system outputs: 3560
	Socket messages sent: 0
	Socket messages received: 0
	Signals delivered: 0
	Page size (bytes): 4096
	Exit status: 0
[Thu Jun 18 01:21:28 PM UTC 2026] Finished 15 qubits | shots=20000 | backend=aer.fake_kawasaki
