[Tue Jun 16 01:23:18 PM UTC 2026] Starting 16 qubits | shots=20000 | backend=aer.fake_torino
[Tue Jun 16 01:23:18 PM UTC 2026] Per-job memory limit: 6GB virtual memory

[1/10] 16q / 0_Clifford+T_002  observable: ZIIIIIIIIIIIIIII
/home/local/ADUNIPI/a044855/cutandinc/newcut/lib/python3.12/site-packages/qiskit_ibm_runtime/fake_provider/backends/nighthawk/fake_nighthawk.py:76: UserWarning: Properties of fake_nighthawk are not intended to represent typical nighthawk error values.
  warnings.warn(
    » [13:23:27]  16q / 0_Clifford+T_002  observable=ZIIIIIIIIIIIIIII  computing ground truth (PennyLane default.qubit)...
    · [   0.5s]  ground_truth = 1.000000
    » [13:23:28]  (#1) 16q / 0_Clifford+T_002 / noisy_vanilla  starting...
    » [13:35:05]  (#1) 16q / 0_Clifford+T_002 / cut_divided_budget  starting...
/home/local/ADUNIPI/a044855/cutandinc/newcut/lib/python3.12/site-packages/pennylane/qcut/cutstrategy.py:367: UserWarning: The number of partition attempts seems high (40).
  warnings.warn(f"The number of partition attempts seems high ({len(ks)}).")
    ✓ [  26.3s]  (#1) 16q / 0_Clifford+T_002 / cut_divided_budget
    » [13:35:32]  (#1) 16q / 0_Clifford+T_002 / cut_qubit_prop  starting...
    ✓ [  19.0s]  (#1) 16q / 0_Clifford+T_002 / cut_qubit_prop
    » [13:35:51]  (#1) 16q / 0_Clifford+T_002 / cut_incremental_budget  starting...
    ✓ [1040.9s]  (#1) 16q / 0_Clifford+T_002 / cut_incremental_budget
    » [13:53:11]  (#1) 16q / 0_Clifford+T_002 / cut_incremental_qubit_prop  starting...
    ✓ [1024.7s]  (#1) 16q / 0_Clifford+T_002 / cut_incremental_qubit_prop

[2/10] 16q / 1_Clifford+T_008  observable: ZIIIIIIIIIIIIIII
    » [14:10:16]  16q / 1_Clifford+T_008  observable=ZIIIIIIIIIIIIIII  computing ground truth (PennyLane default.qubit)...
    · [   0.0s]  ground_truth = -1.000000
    » [14:10:16]  (#2) 16q / 1_Clifford+T_008 / noisy_vanilla  starting...
    » [14:21:50]  (#2) 16q / 1_Clifford+T_008 / cut_divided_budget  starting...
/home/local/ADUNIPI/a044855/cutandinc/newcut/lib/python3.12/site-packages/pennylane/qcut/cutstrategy.py:367: UserWarning: The number of partition attempts seems high (40).
  warnings.warn(f"The number of partition attempts seems high ({len(ks)}).")
    ✓ [  31.3s]  (#2) 16q / 1_Clifford+T_008 / cut_divided_budget
    » [14:22:21]  (#2) 16q / 1_Clifford+T_008 / cut_qubit_prop  starting...
    ✓ [  20.5s]  (#2) 16q / 1_Clifford+T_008 / cut_qubit_prop
    » [14:22:42]  (#2) 16q / 1_Clifford+T_008 / cut_incremental_budget  starting...
    ✓ [1005.4s]  (#2) 16q / 1_Clifford+T_008 / cut_incremental_budget
    » [14:39:27]  (#2) 16q / 1_Clifford+T_008 / cut_incremental_qubit_prop  starting...
    ✓ [1017.0s]  (#2) 16q / 1_Clifford+T_008 / cut_incremental_qubit_prop

[3/10] 16q / 2_Clifford+T_015  observable: ZIIIIIIIIIIIIIII
    » [14:56:24]  16q / 2_Clifford+T_015  observable=ZIIIIIIIIIIIIIII  computing ground truth (PennyLane default.qubit)...
    · [   0.0s]  ground_truth = -1.000000
    » [14:56:24]  (#3) 16q / 2_Clifford+T_015 / noisy_vanilla  starting...
    » [15:08:28]  (#3) 16q / 2_Clifford+T_015 / cut_divided_budget  starting...
/home/local/ADUNIPI/a044855/cutandinc/newcut/lib/python3.12/site-packages/pennylane/qcut/cutstrategy.py:367: UserWarning: The number of partition attempts seems high (41).
  warnings.warn(f"The number of partition attempts seems high ({len(ks)}).")
    ✓ [  67.3s]  (#3) 16q / 2_Clifford+T_015 / cut_divided_budget
    » [15:09:35]  (#3) 16q / 2_Clifford+T_015 / cut_qubit_prop  starting...
    ✓ [  82.5s]  (#3) 16q / 2_Clifford+T_015 / cut_qubit_prop
    » [15:10:57]  (#3) 16q / 2_Clifford+T_015 / cut_incremental_budget  starting...
    ✓ [ 933.7s]  (#3) 16q / 2_Clifford+T_015 / cut_incremental_budget
    » [15:26:31]  (#3) 16q / 2_Clifford+T_015 / cut_incremental_qubit_prop  starting...
    ✓ [1760.6s]  (#3) 16q / 2_Clifford+T_015 / cut_incremental_qubit_prop

[4/10] 16q / 3_Clifford+T_016  observable: ZIIIIIIIIIIIIIII
    » [15:55:52]  16q / 3_Clifford+T_016  observable=ZIIIIIIIIIIIIIII  computing ground truth (PennyLane default.qubit)...
    · [   0.0s]  ground_truth = 1.000000
    » [15:55:52]  (#4) 16q / 3_Clifford+T_016 / noisy_vanilla  starting...
    » [16:13:50]  (#4) 16q / 3_Clifford+T_016 / cut_divided_budget  starting...
/home/local/ADUNIPI/a044855/cutandinc/newcut/lib/python3.12/site-packages/pennylane/qcut/cutstrategy.py:367: UserWarning: The number of partition attempts seems high (40).
  warnings.warn(f"The number of partition attempts seems high ({len(ks)}).")
    ✓ [  37.3s]  (#4) 16q / 3_Clifford+T_016 / cut_divided_budget
    » [16:14:28]  (#4) 16q / 3_Clifford+T_016 / cut_qubit_prop  starting...
    ✓ [  31.7s]  (#4) 16q / 3_Clifford+T_016 / cut_qubit_prop
    » [16:14:59]  (#4) 16q / 3_Clifford+T_016 / cut_incremental_budget  starting...
    ✓ [1651.2s]  (#4) 16q / 3_Clifford+T_016 / cut_incremental_budget
    » [16:42:30]  (#4) 16q / 3_Clifford+T_016 / cut_incremental_qubit_prop  starting...
    ✓ [1075.2s]  (#4) 16q / 3_Clifford+T_016 / cut_incremental_qubit_prop

[5/10] 16q / 4_Clifford+T_018  observable: ZIIIIIIIIIIIIIII
    » [17:00:26]  16q / 4_Clifford+T_018  observable=ZIIIIIIIIIIIIIII  computing ground truth (PennyLane default.qubit)...
    · [   0.0s]  ground_truth = 0.000000
    » [17:00:26]  (#5) 16q / 4_Clifford+T_018 / noisy_vanilla  starting...
    » [17:12:26]  (#5) 16q / 4_Clifford+T_018 / cut_divided_budget  starting...
/home/local/ADUNIPI/a044855/cutandinc/newcut/lib/python3.12/site-packages/pennylane/qcut/cutstrategy.py:367: UserWarning: The number of partition attempts seems high (42).
  warnings.warn(f"The number of partition attempts seems high ({len(ks)}).")
    ✓ [  25.3s]  (#5) 16q / 4_Clifford+T_018 / cut_divided_budget
    » [17:12:52]  (#5) 16q / 4_Clifford+T_018 / cut_qubit_prop  starting...
    ✓ [  19.0s]  (#5) 16q / 4_Clifford+T_018 / cut_qubit_prop
    » [17:13:11]  (#5) 16q / 4_Clifford+T_018 / cut_incremental_budget  starting...
    ✓ [ 969.4s]  (#5) 16q / 4_Clifford+T_018 / cut_incremental_budget
    » [17:29:20]  (#5) 16q / 4_Clifford+T_018 / cut_incremental_qubit_prop  starting...
    ✓ [ 978.1s]  (#5) 16q / 4_Clifford+T_018 / cut_incremental_qubit_prop

[6/10] 16q / 5_Clifford+T_019  observable: ZIIIIIIIIIIIIIII
    » [17:45:38]  16q / 5_Clifford+T_019  observable=ZIIIIIIIIIIIIIII  computing ground truth (PennyLane default.qubit)...
    · [   0.0s]  ground_truth = -1.000000
    » [17:45:38]  (#6) 16q / 5_Clifford+T_019 / noisy_vanilla  starting...
    » [18:06:27]  (#6) 16q / 5_Clifford+T_019 / cut_divided_budget  starting...
/home/local/ADUNIPI/a044855/cutandinc/newcut/lib/python3.12/site-packages/pennylane/qcut/cutstrategy.py:367: UserWarning: The number of partition attempts seems high (41).
  warnings.warn(f"The number of partition attempts seems high ({len(ks)}).")
    ✓ [ 184.7s]  (#6) 16q / 5_Clifford+T_019 / cut_divided_budget
    » [18:09:32]  (#6) 16q / 5_Clifford+T_019 / cut_qubit_prop  starting...
    ✓ [ 257.1s]  (#6) 16q / 5_Clifford+T_019 / cut_qubit_prop
    » [18:13:49]  (#6) 16q / 5_Clifford+T_019 / cut_incremental_budget  starting...
    ✓ [1390.3s]  (#6) 16q / 5_Clifford+T_019 / cut_incremental_budget
    » [18:37:00]  (#6) 16q / 5_Clifford+T_019 / cut_incremental_qubit_prop  starting...
    ✓ [1881.5s]  (#6) 16q / 5_Clifford+T_019 / cut_incremental_qubit_prop

[7/10] 16q / 6_Clifford+T_021  observable: ZIIIIIIIIIIIIIII
    » [19:08:21]  16q / 6_Clifford+T_021  observable=ZIIIIIIIIIIIIIII  computing ground truth (PennyLane default.qubit)...
    · [   0.0s]  ground_truth = 1.000000
    » [19:08:21]  (#7) 16q / 6_Clifford+T_021 / noisy_vanilla  starting...
    » [19:29:57]  (#7) 16q / 6_Clifford+T_021 / cut_divided_budget  starting...
/home/local/ADUNIPI/a044855/cutandinc/newcut/lib/python3.12/site-packages/pennylane/qcut/cutstrategy.py:367: UserWarning: The number of partition attempts seems high (40).
  warnings.warn(f"The number of partition attempts seems high ({len(ks)}).")
    ✓ [  48.4s]  (#7) 16q / 6_Clifford+T_021 / cut_divided_budget
    » [19:30:45]  (#7) 16q / 6_Clifford+T_021 / cut_qubit_prop  starting...
    ✓ [  41.2s]  (#7) 16q / 6_Clifford+T_021 / cut_qubit_prop
    » [19:31:26]  (#7) 16q / 6_Clifford+T_021 / cut_incremental_budget  starting...
    ✓ [1627.5s]  (#7) 16q / 6_Clifford+T_021 / cut_incremental_budget
    » [19:58:34]  (#7) 16q / 6_Clifford+T_021 / cut_incremental_qubit_prop  starting...
    ✓ [1651.4s]  (#7) 16q / 6_Clifford+T_021 / cut_incremental_qubit_prop

[8/10] 16q / 7_Clifford+T_026  observable: ZIIIIIIIIIIIIIII
    » [20:26:05]  16q / 7_Clifford+T_026  observable=ZIIIIIIIIIIIIIII  computing ground truth (PennyLane default.qubit)...
    · [   0.0s]  ground_truth = -1.000000
    » [20:26:05]  (#8) 16q / 7_Clifford+T_026 / noisy_vanilla  starting...
    » [20:49:10]  (#8) 16q / 7_Clifford+T_026 / cut_divided_budget  starting...
/home/local/ADUNIPI/a044855/cutandinc/newcut/lib/python3.12/site-packages/pennylane/qcut/cutstrategy.py:367: UserWarning: The number of partition attempts seems high (41).
  warnings.warn(f"The number of partition attempts seems high ({len(ks)}).")
    ✓ [  71.7s]  (#8) 16q / 7_Clifford+T_026 / cut_divided_budget
    » [20:50:22]  (#8) 16q / 7_Clifford+T_026 / cut_qubit_prop  starting...
    ✓ [  83.8s]  (#8) 16q / 7_Clifford+T_026 / cut_qubit_prop
    » [20:51:46]  (#8) 16q / 7_Clifford+T_026 / cut_incremental_budget  starting...
    ✓ [1169.5s]  (#8) 16q / 7_Clifford+T_026 / cut_incremental_budget
    » [21:11:15]  (#8) 16q / 7_Clifford+T_026 / cut_incremental_qubit_prop  starting...
    ✓ [ 994.5s]  (#8) 16q / 7_Clifford+T_026 / cut_incremental_qubit_prop

[9/10] 16q / 8_Clifford+T_032  observable: ZIIIIIIIIIIIIIII
    » [21:27:50]  16q / 8_Clifford+T_032  observable=ZIIIIIIIIIIIIIII  computing ground truth (PennyLane default.qubit)...
    · [   0.0s]  ground_truth = 1.000000
    » [21:27:50]  (#9) 16q / 8_Clifford+T_032 / noisy_vanilla  starting...
    » [21:39:54]  (#9) 16q / 8_Clifford+T_032 / cut_divided_budget  starting...
/home/local/ADUNIPI/a044855/cutandinc/newcut/lib/python3.12/site-packages/pennylane/qcut/cutstrategy.py:367: UserWarning: The number of partition attempts seems high (40).
  warnings.warn(f"The number of partition attempts seems high ({len(ks)}).")
    ✓ [  42.8s]  (#9) 16q / 8_Clifford+T_032 / cut_divided_budget
    » [21:40:37]  (#9) 16q / 8_Clifford+T_032 / cut_qubit_prop  starting...
    ✓ [  45.7s]  (#9) 16q / 8_Clifford+T_032 / cut_qubit_prop
    » [21:41:23]  (#9) 16q / 8_Clifford+T_032 / cut_incremental_budget  starting...
    ✓ [ 888.8s]  (#9) 16q / 8_Clifford+T_032 / cut_incremental_budget
    » [21:56:12]  (#9) 16q / 8_Clifford+T_032 / cut_incremental_qubit_prop  starting...
    ✓ [ 990.6s]  (#9) 16q / 8_Clifford+T_032 / cut_incremental_qubit_prop

[10/10] 16q / 9_Clifford+T_040  observable: ZIIIIIIIIIIIIIII
    » [22:12:42]  16q / 9_Clifford+T_040  observable=ZIIIIIIIIIIIIIII  computing ground truth (PennyLane default.qubit)...
    · [   0.0s]  ground_truth = 0.000000
    » [22:12:42]  (#10) 16q / 9_Clifford+T_040 / noisy_vanilla  starting...
    » [22:23:55]  (#10) 16q / 9_Clifford+T_040 / cut_divided_budget  starting...
/home/local/ADUNIPI/a044855/cutandinc/newcut/lib/python3.12/site-packages/pennylane/qcut/cutstrategy.py:367: UserWarning: The number of partition attempts seems high (40).
  warnings.warn(f"The number of partition attempts seems high ({len(ks)}).")
    ✓ [  61.5s]  (#10) 16q / 9_Clifford+T_040 / cut_divided_budget
    » [22:24:57]  (#10) 16q / 9_Clifford+T_040 / cut_qubit_prop  starting...
    ✓ [  79.4s]  (#10) 16q / 9_Clifford+T_040 / cut_qubit_prop
    » [22:26:16]  (#10) 16q / 9_Clifford+T_040 / cut_incremental_budget  starting...
    ✓ [ 814.4s]  (#10) 16q / 9_Clifford+T_040 / cut_incremental_budget
    » [22:39:51]  (#10) 16q / 9_Clifford+T_040 / cut_incremental_qubit_prop  starting...
    ✓ [1038.5s]  (#10) 16q / 9_Clifford+T_040 / cut_incremental_qubit_prop

============================================================
  Finished :   40  mode runs
  Failed   :    0  mode runs
============================================================

Merged CSV -> results/new/stable_shots_runs02_15-16q_no_vanilla/20000_shots/torino/16_qubits/summary.csv
Run log    -> results/new/stable_shots_runs02_15-16q_no_vanilla/20000_shots/torino/16_qubits/run.log
Per-mode JSON -> results/new/stable_shots_runs02_15-16q_no_vanilla/20000_shots/torino/16_qubits/<qubits>q/<circuit>/<mode>.json
	Command being timed: "python main_new_new.py --circuits-pkl only_cliffordt/clif16.pkl --shots 20000 --noisy-backend aer.fake_torino --seed-simulator 42 --modes cut_divided_budget cut_qubit_prop cut_incremental_budget cut_incremental_qubit_prop --incremental-config configs/stable_shots.json --parallel-circuits 1 --output-dir results/new/stable_shots_runs02_15-16q_no_vanilla/20000_shots/torino/16_qubits"
	User time (seconds): 34329.60
	System time (seconds): 55.92
	Percent of CPU this job got: 99%
	Elapsed (wall clock) time (h:mm:ss or m:ss): 9:33:52
	Average shared text size (kbytes): 0
	Average unshared data size (kbytes): 0
	Average stack size (kbytes): 0
	Average total size (kbytes): 0
	Maximum resident set size (kbytes): 692356
	Average resident set size (kbytes): 0
	Major (requiring I/O) page faults: 0
	Minor (reclaiming a frame) page faults: 14862916
	Voluntary context switches: 2012590
	Involuntary context switches: 48803
	Swaps: 0
	File system inputs: 0
	File system outputs: 4296
	Socket messages sent: 0
	Socket messages received: 0
	Signals delivered: 0
	Page size (bytes): 4096
	Exit status: 0
[Tue Jun 16 10:57:11 PM UTC 2026] Finished 16 qubits | shots=20000 | backend=aer.fake_torino
