[Tue Jun 16 09:13:30 AM UTC 2026] Starting 15 qubits | shots=5000 | backend=aer.fake_torino
[Tue Jun 16 09:13:30 AM UTC 2026] Per-job memory limit: 6GB virtual memory

[1/10] 15q / 0_Clifford+T_003  observable: ZIIIIIIIIIIIIII
/home/local/ADUNIPI/a044855/cutandinc/newcut/lib/python3.12/site-packages/qiskit_ibm_runtime/fake_provider/backends/nighthawk/fake_nighthawk.py:76: UserWarning: Properties of fake_nighthawk are not intended to represent typical nighthawk error values.
  warnings.warn(
    » [09:13:39]  15q / 0_Clifford+T_003  observable=ZIIIIIIIIIIIIII  computing ground truth (PennyLane default.qubit)...
    · [   0.5s]  ground_truth = 0.000000
    » [09:13:39]  (#1) 15q / 0_Clifford+T_003 / noisy_vanilla  starting...
    » [09:15:08]  (#1) 15q / 0_Clifford+T_003 / cut_divided_budget  starting...
/home/local/ADUNIPI/a044855/cutandinc/newcut/lib/python3.12/site-packages/pennylane/qcut/cutstrategy.py:367: UserWarning: The number of partition attempts seems high (40).
  warnings.warn(f"The number of partition attempts seems high ({len(ks)}).")
    ✓ [  28.0s]  (#1) 15q / 0_Clifford+T_003 / cut_divided_budget
    » [09:15:36]  (#1) 15q / 0_Clifford+T_003 / cut_qubit_prop  starting...
    ✓ [  20.3s]  (#1) 15q / 0_Clifford+T_003 / cut_qubit_prop
    » [09:15:56]  (#1) 15q / 0_Clifford+T_003 / cut_incremental_budget  starting...
    ✓ [ 262.9s]  (#1) 15q / 0_Clifford+T_003 / cut_incremental_budget
    » [09:20:19]  (#1) 15q / 0_Clifford+T_003 / cut_incremental_qubit_prop  starting...
    ✓ [ 260.6s]  (#1) 15q / 0_Clifford+T_003 / cut_incremental_qubit_prop

[2/10] 15q / 1_Clifford+T_009  observable: ZIIIIIIIIIIIIII
    » [09:24:39]  15q / 1_Clifford+T_009  observable=ZIIIIIIIIIIIIII  computing ground truth (PennyLane default.qubit)...
    · [   0.0s]  ground_truth = 1.000000
    » [09:24:39]  (#2) 15q / 1_Clifford+T_009 / noisy_vanilla  starting...
    » [09:26:01]  (#2) 15q / 1_Clifford+T_009 / cut_divided_budget  starting...
/home/local/ADUNIPI/a044855/cutandinc/newcut/lib/python3.12/site-packages/pennylane/qcut/cutstrategy.py:367: UserWarning: The number of partition attempts seems high (40).
  warnings.warn(f"The number of partition attempts seems high ({len(ks)}).")
    ✓ [  25.5s]  (#2) 15q / 1_Clifford+T_009 / cut_divided_budget
    » [09:26:26]  (#2) 15q / 1_Clifford+T_009 / cut_qubit_prop  starting...
    ✓ [  18.6s]  (#2) 15q / 1_Clifford+T_009 / cut_qubit_prop
    » [09:26:45]  (#2) 15q / 1_Clifford+T_009 / cut_incremental_budget  starting...
    ✓ [ 261.9s]  (#2) 15q / 1_Clifford+T_009 / cut_incremental_budget
    » [09:31:07]  (#2) 15q / 1_Clifford+T_009 / cut_incremental_qubit_prop  starting...
    ✓ [ 261.1s]  (#2) 15q / 1_Clifford+T_009 / cut_incremental_qubit_prop

[3/10] 15q / 2_Clifford+T_011  observable: ZIIIIIIIIIIIIII
    » [09:35:28]  15q / 2_Clifford+T_011  observable=ZIIIIIIIIIIIIII  computing ground truth (PennyLane default.qubit)...
    · [   0.0s]  ground_truth = 1.000000
    » [09:35:28]  (#3) 15q / 2_Clifford+T_011 / noisy_vanilla  starting...
    » [09:36:53]  (#3) 15q / 2_Clifford+T_011 / cut_divided_budget  starting...
/home/local/ADUNIPI/a044855/cutandinc/newcut/lib/python3.12/site-packages/pennylane/qcut/cutstrategy.py:367: UserWarning: The number of partition attempts seems high (40).
  warnings.warn(f"The number of partition attempts seems high ({len(ks)}).")
    ✓ [  28.7s]  (#3) 15q / 2_Clifford+T_011 / cut_divided_budget
    » [09:37:22]  (#3) 15q / 2_Clifford+T_011 / cut_qubit_prop  starting...
    ✓ [  22.2s]  (#3) 15q / 2_Clifford+T_011 / cut_qubit_prop
    » [09:37:44]  (#3) 15q / 2_Clifford+T_011 / cut_incremental_budget  starting...
    ✓ [ 255.9s]  (#3) 15q / 2_Clifford+T_011 / cut_incremental_budget
    » [09:42:00]  (#3) 15q / 2_Clifford+T_011 / cut_incremental_qubit_prop  starting...
    ✓ [ 257.8s]  (#3) 15q / 2_Clifford+T_011 / cut_incremental_qubit_prop

[4/10] 15q / 3_Clifford+T_015  observable: ZIIIIIIIIIIIIII
    » [09:46:18]  15q / 3_Clifford+T_015  observable=ZIIIIIIIIIIIIII  computing ground truth (PennyLane default.qubit)...
    · [   0.0s]  ground_truth = 1.000000
    » [09:46:18]  (#4) 15q / 3_Clifford+T_015 / noisy_vanilla  starting...
    » [09:47:45]  (#4) 15q / 3_Clifford+T_015 / cut_divided_budget  starting...
/home/local/ADUNIPI/a044855/cutandinc/newcut/lib/python3.12/site-packages/pennylane/qcut/cutstrategy.py:367: UserWarning: The number of partition attempts seems high (41).
  warnings.warn(f"The number of partition attempts seems high ({len(ks)}).")
    ✓ [  88.6s]  (#4) 15q / 3_Clifford+T_015 / cut_divided_budget
    » [09:49:14]  (#4) 15q / 3_Clifford+T_015 / cut_qubit_prop  starting...
    ✓ [  80.3s]  (#4) 15q / 3_Clifford+T_015 / cut_qubit_prop
    » [09:50:34]  (#4) 15q / 3_Clifford+T_015 / cut_incremental_budget  starting...
    ✓ [ 316.8s]  (#4) 15q / 3_Clifford+T_015 / cut_incremental_budget
    » [09:55:51]  (#4) 15q / 3_Clifford+T_015 / cut_incremental_qubit_prop  starting...
    ✓ [ 317.6s]  (#4) 15q / 3_Clifford+T_015 / cut_incremental_qubit_prop

[5/10] 15q / 4_Clifford+T_016  observable: ZIIIIIIIIIIIIII
    » [10:01:08]  15q / 4_Clifford+T_016  observable=ZIIIIIIIIIIIIII  computing ground truth (PennyLane default.qubit)...
    · [   0.0s]  ground_truth = 1.000000
    » [10:01:08]  (#5) 15q / 4_Clifford+T_016 / noisy_vanilla  starting...
    » [10:02:37]  (#5) 15q / 4_Clifford+T_016 / cut_divided_budget  starting...
/home/local/ADUNIPI/a044855/cutandinc/newcut/lib/python3.12/site-packages/pennylane/qcut/cutstrategy.py:367: UserWarning: The number of partition attempts seems high (41).
  warnings.warn(f"The number of partition attempts seems high ({len(ks)}).")
    ✓ [  26.1s]  (#5) 15q / 4_Clifford+T_016 / cut_divided_budget
    » [10:03:03]  (#5) 15q / 4_Clifford+T_016 / cut_qubit_prop  starting...
    ✓ [  19.0s]  (#5) 15q / 4_Clifford+T_016 / cut_qubit_prop
    » [10:03:22]  (#5) 15q / 4_Clifford+T_016 / cut_incremental_budget  starting...
    ✓ [ 258.3s]  (#5) 15q / 4_Clifford+T_016 / cut_incremental_budget
    » [10:07:41]  (#5) 15q / 4_Clifford+T_016 / cut_incremental_qubit_prop  starting...
    ✓ [ 247.0s]  (#5) 15q / 4_Clifford+T_016 / cut_incremental_qubit_prop

[6/10] 15q / 5_Clifford+T_018  observable: ZIIIIIIIIIIIIII
    » [10:11:48]  15q / 5_Clifford+T_018  observable=ZIIIIIIIIIIIIII  computing ground truth (PennyLane default.qubit)...
    · [   0.0s]  ground_truth = 1.000000
    » [10:11:48]  (#6) 15q / 5_Clifford+T_018 / noisy_vanilla  starting...
    » [10:13:13]  (#6) 15q / 5_Clifford+T_018 / cut_divided_budget  starting...
/home/local/ADUNIPI/a044855/cutandinc/newcut/lib/python3.12/site-packages/pennylane/qcut/cutstrategy.py:367: UserWarning: The number of partition attempts seems high (42).
  warnings.warn(f"The number of partition attempts seems high ({len(ks)}).")
    ✓ [  26.3s]  (#6) 15q / 5_Clifford+T_018 / cut_divided_budget
    » [10:13:39]  (#6) 15q / 5_Clifford+T_018 / cut_qubit_prop  starting...
    ✓ [  19.0s]  (#6) 15q / 5_Clifford+T_018 / cut_qubit_prop
    » [10:13:58]  (#6) 15q / 5_Clifford+T_018 / cut_incremental_budget  starting...
    ✓ [ 251.2s]  (#6) 15q / 5_Clifford+T_018 / cut_incremental_budget
    » [10:18:10]  (#6) 15q / 5_Clifford+T_018 / cut_incremental_qubit_prop  starting...
    ✓ [ 311.2s]  (#6) 15q / 5_Clifford+T_018 / cut_incremental_qubit_prop

[7/10] 15q / 6_Clifford+T_022  observable: ZIIIIIIIIIIIIII
    » [10:23:21]  15q / 6_Clifford+T_022  observable=ZIIIIIIIIIIIIII  computing ground truth (PennyLane default.qubit)...
    · [   0.0s]  ground_truth = 0.000000
    » [10:23:21]  (#7) 15q / 6_Clifford+T_022 / noisy_vanilla  starting...
    » [10:26:11]  (#7) 15q / 6_Clifford+T_022 / cut_divided_budget  starting...
/home/local/ADUNIPI/a044855/cutandinc/newcut/lib/python3.12/site-packages/pennylane/qcut/cutstrategy.py:367: UserWarning: The number of partition attempts seems high (40).
  warnings.warn(f"The number of partition attempts seems high ({len(ks)}).")
    ✓ [  34.3s]  (#7) 15q / 6_Clifford+T_022 / cut_divided_budget
    » [10:26:46]  (#7) 15q / 6_Clifford+T_022 / cut_qubit_prop  starting...
    ✓ [  31.8s]  (#7) 15q / 6_Clifford+T_022 / cut_qubit_prop
    » [10:27:17]  (#7) 15q / 6_Clifford+T_022 / cut_incremental_budget  starting...
    ✓ [ 413.6s]  (#7) 15q / 6_Clifford+T_022 / cut_incremental_budget
    » [10:34:11]  (#7) 15q / 6_Clifford+T_022 / cut_incremental_qubit_prop  starting...
    ✓ [ 416.1s]  (#7) 15q / 6_Clifford+T_022 / cut_incremental_qubit_prop

[8/10] 15q / 7_Clifford+T_023  observable: ZIIIIIIIIIIIIII
    » [10:41:07]  15q / 7_Clifford+T_023  observable=ZIIIIIIIIIIIIII  computing ground truth (PennyLane default.qubit)...
    · [   0.0s]  ground_truth = 1.000000
    » [10:41:07]  (#8) 15q / 7_Clifford+T_023 / noisy_vanilla  starting...
    » [10:43:45]  (#8) 15q / 7_Clifford+T_023 / cut_divided_budget  starting...
/home/local/ADUNIPI/a044855/cutandinc/newcut/lib/python3.12/site-packages/pennylane/qcut/cutstrategy.py:367: UserWarning: The number of partition attempts seems high (40).
  warnings.warn(f"The number of partition attempts seems high ({len(ks)}).")
    ✓ [  42.1s]  (#8) 15q / 7_Clifford+T_023 / cut_divided_budget
    » [10:44:27]  (#8) 15q / 7_Clifford+T_023 / cut_qubit_prop  starting...
    ✓ [  37.2s]  (#8) 15q / 7_Clifford+T_023 / cut_qubit_prop
    » [10:45:04]  (#8) 15q / 7_Clifford+T_023 / cut_incremental_budget  starting...
    ✓ [ 415.9s]  (#8) 15q / 7_Clifford+T_023 / cut_incremental_budget
    » [10:52:00]  (#8) 15q / 7_Clifford+T_023 / cut_incremental_qubit_prop  starting...
    ✓ [ 422.3s]  (#8) 15q / 7_Clifford+T_023 / cut_incremental_qubit_prop

[9/10] 15q / 8_Clifford+T_024  observable: ZIIIIIIIIIIIIII
    » [10:59:02]  15q / 8_Clifford+T_024  observable=ZIIIIIIIIIIIIII  computing ground truth (PennyLane default.qubit)...
    · [   0.0s]  ground_truth = 0.000000
    » [10:59:02]  (#9) 15q / 8_Clifford+T_024 / noisy_vanilla  starting...
    » [11:00:57]  (#9) 15q / 8_Clifford+T_024 / cut_divided_budget  starting...
/home/local/ADUNIPI/a044855/cutandinc/newcut/lib/python3.12/site-packages/pennylane/qcut/cutstrategy.py:367: UserWarning: The number of partition attempts seems high (40).
  warnings.warn(f"The number of partition attempts seems high ({len(ks)}).")
    ✓ [  35.4s]  (#9) 15q / 8_Clifford+T_024 / cut_divided_budget
    » [11:01:33]  (#9) 15q / 8_Clifford+T_024 / cut_qubit_prop  starting...
    ✓ [  33.7s]  (#9) 15q / 8_Clifford+T_024 / cut_qubit_prop
    » [11:02:06]  (#9) 15q / 8_Clifford+T_024 / cut_incremental_budget  starting...
    ✓ [ 258.4s]  (#9) 15q / 8_Clifford+T_024 / cut_incremental_budget
    » [11:06:25]  (#9) 15q / 8_Clifford+T_024 / cut_incremental_qubit_prop  starting...
    ✓ [ 269.0s]  (#9) 15q / 8_Clifford+T_024 / cut_incremental_qubit_prop

[10/10] 15q / 9_Clifford+T_026  observable: ZIIIIIIIIIIIIII
    » [11:10:54]  15q / 9_Clifford+T_026  observable=ZIIIIIIIIIIIIII  computing ground truth (PennyLane default.qubit)...
    · [   0.0s]  ground_truth = 1.000000
    » [11:10:54]  (#10) 15q / 9_Clifford+T_026 / noisy_vanilla  starting...
    » [11:12:21]  (#10) 15q / 9_Clifford+T_026 / cut_divided_budget  starting...
/home/local/ADUNIPI/a044855/cutandinc/newcut/lib/python3.12/site-packages/pennylane/qcut/cutstrategy.py:367: UserWarning: The number of partition attempts seems high (40).
  warnings.warn(f"The number of partition attempts seems high ({len(ks)}).")
    ✓ [  35.6s]  (#10) 15q / 9_Clifford+T_026 / cut_divided_budget
    » [11:12:56]  (#10) 15q / 9_Clifford+T_026 / cut_qubit_prop  starting...
    ✓ [  35.4s]  (#10) 15q / 9_Clifford+T_026 / cut_qubit_prop
    » [11:13:32]  (#10) 15q / 9_Clifford+T_026 / cut_incremental_budget  starting...
    ✓ [ 259.9s]  (#10) 15q / 9_Clifford+T_026 / cut_incremental_budget
    » [11:17:51]  (#10) 15q / 9_Clifford+T_026 / cut_incremental_qubit_prop  starting...
    ✓ [ 276.9s]  (#10) 15q / 9_Clifford+T_026 / cut_incremental_qubit_prop

============================================================
  Finished :   40  mode runs
  Failed   :    0  mode runs
============================================================

Merged CSV -> results/new/stable_shots_runs02_15-16q_no_vanilla/5000_shots/torino/15_qubits/summary.csv
Run log    -> results/new/stable_shots_runs02_15-16q_no_vanilla/5000_shots/torino/15_qubits/run.log
Per-mode JSON -> results/new/stable_shots_runs02_15-16q_no_vanilla/5000_shots/torino/15_qubits/<qubits>q/<circuit>/<mode>.json
	Command being timed: "python main_new_new.py --circuits-pkl only_cliffordt/clif15.pkl --shots 5000 --noisy-backend aer.fake_torino --seed-simulator 42 --modes cut_divided_budget cut_qubit_prop cut_incremental_budget cut_incremental_qubit_prop --incremental-config configs/stable_shots.json --parallel-circuits 1 --output-dir results/new/stable_shots_runs02_15-16q_no_vanilla/5000_shots/torino/15_qubits"
	User time (seconds): 7730.70
	System time (seconds): 12.23
	Percent of CPU this job got: 100%
	Elapsed (wall clock) time (h:mm:ss or m:ss): 2:09:00
	Average shared text size (kbytes): 0
	Average unshared data size (kbytes): 0
	Average stack size (kbytes): 0
	Average total size (kbytes): 0
	Maximum resident set size (kbytes): 620612
	Average resident set size (kbytes): 0
	Major (requiring I/O) page faults: 0
	Minor (reclaiming a frame) page faults: 3123481
	Voluntary context switches: 239983
	Involuntary context switches: 5241
	Swaps: 0
	File system inputs: 104
	File system outputs: 3296
	Socket messages sent: 0
	Socket messages received: 0
	Signals delivered: 0
	Page size (bytes): 4096
	Exit status: 0
[Tue Jun 16 11:22:30 AM UTC 2026] Finished 15 qubits | shots=5000 | backend=aer.fake_torino
