[Sun Jun 14 06:18:46 AM UTC 2026] Starting 10 qubits | shots=20000 | backend=aer.fake_kyoto
[Sun Jun 14 06:18:46 AM UTC 2026] Per-job memory limit: 6GB virtual memory

[1/10] 10q / 0_Clifford+T_001  observable: ZIIIIIIIII
    » [06:18:52]  10q / 0_Clifford+T_001  observable=ZIIIIIIIII  computing ground truth (PennyLane default.qubit)...
    · [   0.3s]  ground_truth = -1.000000
    » [06:18:52]  (#1) 10q / 0_Clifford+T_001 / noisy_vanilla  starting...
    » [06:18:55]  (#1) 10q / 0_Clifford+T_001 / cut_divided_budget  starting...
/home/a.brogi/cut_and_inc/env/lib/python3.10/site-packages/pennylane/qcut/cutstrategy.py:367: UserWarning: The numer of partition attempts seems high (40).
  warnings.warn(f"The numer of partition attempts seems high ({len(ks)}).")
    ✓ [  62.8s]  (#1) 10q / 0_Clifford+T_001 / cut_divided_budget
    » [06:19:57]  (#1) 10q / 0_Clifford+T_001 / cut_qubit_prop  starting...
    ✓ [  55.5s]  (#1) 10q / 0_Clifford+T_001 / cut_qubit_prop
    » [06:20:53]  (#1) 10q / 0_Clifford+T_001 / cut_incremental_budget  starting...
    ✓ [ 719.4s]  (#1) 10q / 0_Clifford+T_001 / cut_incremental_budget
    » [06:32:52]  (#1) 10q / 0_Clifford+T_001 / cut_incremental_qubit_prop  starting...
    ✓ [ 725.7s]  (#1) 10q / 0_Clifford+T_001 / cut_incremental_qubit_prop

[2/10] 10q / 1_Clifford+T_004  observable: ZIIIIIIIII
    » [06:44:58]  10q / 1_Clifford+T_004  observable=ZIIIIIIIII  computing ground truth (PennyLane default.qubit)...
    · [   0.0s]  ground_truth = 0.000000
    » [06:44:58]  (#2) 10q / 1_Clifford+T_004 / noisy_vanilla  starting...
    » [06:45:00]  (#2) 10q / 1_Clifford+T_004 / cut_divided_budget  starting...
/home/a.brogi/cut_and_inc/env/lib/python3.10/site-packages/pennylane/qcut/cutstrategy.py:367: UserWarning: The numer of partition attempts seems high (40).
  warnings.warn(f"The numer of partition attempts seems high ({len(ks)}).")
    ✓ [  20.9s]  (#2) 10q / 1_Clifford+T_004 / cut_divided_budget
    » [06:45:21]  (#2) 10q / 1_Clifford+T_004 / cut_qubit_prop  starting...
    ✓ [  13.8s]  (#2) 10q / 1_Clifford+T_004 / cut_qubit_prop
    » [06:45:35]  (#2) 10q / 1_Clifford+T_004 / cut_incremental_budget  starting...
    ✓ [ 685.8s]  (#2) 10q / 1_Clifford+T_004 / cut_incremental_budget
    » [06:57:01]  (#2) 10q / 1_Clifford+T_004 / cut_incremental_qubit_prop  starting...
    ✓ [ 704.2s]  (#2) 10q / 1_Clifford+T_004 / cut_incremental_qubit_prop

[3/10] 10q / 2_Clifford+T_008  observable: ZIIIIIIIII
    » [07:08:45]  10q / 2_Clifford+T_008  observable=ZIIIIIIIII  computing ground truth (PennyLane default.qubit)...
    · [   0.0s]  ground_truth = 1.000000
    » [07:08:45]  (#3) 10q / 2_Clifford+T_008 / noisy_vanilla  starting...
    » [07:08:47]  (#3) 10q / 2_Clifford+T_008 / cut_divided_budget  starting...
/home/a.brogi/cut_and_inc/env/lib/python3.10/site-packages/pennylane/qcut/cutstrategy.py:367: UserWarning: The numer of partition attempts seems high (40).
  warnings.warn(f"The numer of partition attempts seems high ({len(ks)}).")
    ✓ [  62.7s]  (#3) 10q / 2_Clifford+T_008 / cut_divided_budget
    » [07:09:50]  (#3) 10q / 2_Clifford+T_008 / cut_qubit_prop  starting...
    ✓ [  55.6s]  (#3) 10q / 2_Clifford+T_008 / cut_qubit_prop
    » [07:10:46]  (#3) 10q / 2_Clifford+T_008 / cut_incremental_budget  starting...
    ✓ [ 720.8s]  (#3) 10q / 2_Clifford+T_008 / cut_incremental_budget
    » [07:22:46]  (#3) 10q / 2_Clifford+T_008 / cut_incremental_qubit_prop  starting...
    ✓ [ 729.4s]  (#3) 10q / 2_Clifford+T_008 / cut_incremental_qubit_prop

[4/10] 10q / 3_Clifford+T_015  observable: ZIIIIIIIII
    » [07:34:56]  10q / 3_Clifford+T_015  observable=ZIIIIIIIII  computing ground truth (PennyLane default.qubit)...
    · [   0.0s]  ground_truth = 1.000000
    » [07:34:56]  (#4) 10q / 3_Clifford+T_015 / noisy_vanilla  starting...
    » [07:34:58]  (#4) 10q / 3_Clifford+T_015 / cut_divided_budget  starting...
/home/a.brogi/cut_and_inc/env/lib/python3.10/site-packages/pennylane/qcut/cutstrategy.py:367: UserWarning: The numer of partition attempts seems high (40).
  warnings.warn(f"The numer of partition attempts seems high ({len(ks)}).")
    ✓ [  20.2s]  (#4) 10q / 3_Clifford+T_015 / cut_divided_budget
    » [07:35:18]  (#4) 10q / 3_Clifford+T_015 / cut_qubit_prop  starting...
    ✓ [  13.6s]  (#4) 10q / 3_Clifford+T_015 / cut_qubit_prop
    » [07:35:32]  (#4) 10q / 3_Clifford+T_015 / cut_incremental_budget  starting...
    ✓ [ 695.6s]  (#4) 10q / 3_Clifford+T_015 / cut_incremental_budget
    » [07:47:07]  (#4) 10q / 3_Clifford+T_015 / cut_incremental_qubit_prop  starting...
    ✓ [ 707.4s]  (#4) 10q / 3_Clifford+T_015 / cut_incremental_qubit_prop

[5/10] 10q / 4_Clifford+T_024  observable: ZIIIIIIIII
    » [07:58:55]  10q / 4_Clifford+T_024  observable=ZIIIIIIIII  computing ground truth (PennyLane default.qubit)...
    · [   0.0s]  ground_truth = 0.000000
    » [07:58:55]  (#5) 10q / 4_Clifford+T_024 / noisy_vanilla  starting...
    » [07:58:57]  (#5) 10q / 4_Clifford+T_024 / cut_divided_budget  starting...
/home/a.brogi/cut_and_inc/env/lib/python3.10/site-packages/pennylane/qcut/cutstrategy.py:367: UserWarning: The numer of partition attempts seems high (40).
  warnings.warn(f"The numer of partition attempts seems high ({len(ks)}).")
    ✓ [  63.2s]  (#5) 10q / 4_Clifford+T_024 / cut_divided_budget
    » [08:00:00]  (#5) 10q / 4_Clifford+T_024 / cut_qubit_prop  starting...
    ✓ [  55.8s]  (#5) 10q / 4_Clifford+T_024 / cut_qubit_prop
    » [08:00:56]  (#5) 10q / 4_Clifford+T_024 / cut_incremental_budget  starting...
    ✓ [ 719.6s]  (#5) 10q / 4_Clifford+T_024 / cut_incremental_budget
    » [08:12:55]  (#5) 10q / 4_Clifford+T_024 / cut_incremental_qubit_prop  starting...
    ✓ [ 728.8s]  (#5) 10q / 4_Clifford+T_024 / cut_incremental_qubit_prop

[6/10] 10q / 5_Clifford+T_026  observable: ZIIIIIIIII
    » [08:25:04]  10q / 5_Clifford+T_026  observable=ZIIIIIIIII  computing ground truth (PennyLane default.qubit)...
    · [   0.0s]  ground_truth = 1.000000
    » [08:25:04]  (#6) 10q / 5_Clifford+T_026 / noisy_vanilla  starting...
    » [08:25:07]  (#6) 10q / 5_Clifford+T_026 / cut_divided_budget  starting...
/home/a.brogi/cut_and_inc/env/lib/python3.10/site-packages/pennylane/qcut/cutstrategy.py:367: UserWarning: The numer of partition attempts seems high (40).
  warnings.warn(f"The numer of partition attempts seems high ({len(ks)}).")
    ✓ [  60.9s]  (#6) 10q / 5_Clifford+T_026 / cut_divided_budget
    » [08:26:08]  (#6) 10q / 5_Clifford+T_026 / cut_qubit_prop  starting...
    ✓ [  53.9s]  (#6) 10q / 5_Clifford+T_026 / cut_qubit_prop
    » [08:27:01]  (#6) 10q / 5_Clifford+T_026 / cut_incremental_budget  starting...
    ✓ [ 722.3s]  (#6) 10q / 5_Clifford+T_026 / cut_incremental_budget
    » [08:39:04]  (#6) 10q / 5_Clifford+T_026 / cut_incremental_qubit_prop  starting...
    ✓ [ 725.0s]  (#6) 10q / 5_Clifford+T_026 / cut_incremental_qubit_prop

[7/10] 10q / 6_Clifford+T_032  observable: ZIIIIIIIII
    » [08:51:09]  10q / 6_Clifford+T_032  observable=ZIIIIIIIII  computing ground truth (PennyLane default.qubit)...
    · [   0.0s]  ground_truth = 1.000000
    » [08:51:09]  (#7) 10q / 6_Clifford+T_032 / noisy_vanilla  starting...
    » [08:51:11]  (#7) 10q / 6_Clifford+T_032 / cut_divided_budget  starting...
/home/a.brogi/cut_and_inc/env/lib/python3.10/site-packages/pennylane/qcut/cutstrategy.py:367: UserWarning: The numer of partition attempts seems high (40).
  warnings.warn(f"The numer of partition attempts seems high ({len(ks)}).")
    ✓ [  21.0s]  (#7) 10q / 6_Clifford+T_032 / cut_divided_budget
    » [08:51:32]  (#7) 10q / 6_Clifford+T_032 / cut_qubit_prop  starting...
    ✓ [  14.3s]  (#7) 10q / 6_Clifford+T_032 / cut_qubit_prop
    » [08:51:46]  (#7) 10q / 6_Clifford+T_032 / cut_incremental_budget  starting...
    ✓ [ 695.6s]  (#7) 10q / 6_Clifford+T_032 / cut_incremental_budget
    » [09:03:22]  (#7) 10q / 6_Clifford+T_032 / cut_incremental_qubit_prop  starting...
    ✓ [ 713.9s]  (#7) 10q / 6_Clifford+T_032 / cut_incremental_qubit_prop

[8/10] 10q / 7_Clifford+T_033  observable: ZIIIIIIIII
    » [09:15:16]  10q / 7_Clifford+T_033  observable=ZIIIIIIIII  computing ground truth (PennyLane default.qubit)...
    · [   0.0s]  ground_truth = 1.000000
    » [09:15:16]  (#8) 10q / 7_Clifford+T_033 / noisy_vanilla  starting...
    » [09:15:18]  (#8) 10q / 7_Clifford+T_033 / cut_divided_budget  starting...
/home/a.brogi/cut_and_inc/env/lib/python3.10/site-packages/pennylane/qcut/cutstrategy.py:367: UserWarning: The numer of partition attempts seems high (40).
  warnings.warn(f"The numer of partition attempts seems high ({len(ks)}).")
    ✓ [  21.2s]  (#8) 10q / 7_Clifford+T_033 / cut_divided_budget
    » [09:15:39]  (#8) 10q / 7_Clifford+T_033 / cut_qubit_prop  starting...
    ✓ [  14.3s]  (#8) 10q / 7_Clifford+T_033 / cut_qubit_prop
    » [09:15:53]  (#8) 10q / 7_Clifford+T_033 / cut_incremental_budget  starting...
    ✓ [ 696.6s]  (#8) 10q / 7_Clifford+T_033 / cut_incremental_budget
    » [09:27:30]  (#8) 10q / 7_Clifford+T_033 / cut_incremental_qubit_prop  starting...
    ✓ [ 714.8s]  (#8) 10q / 7_Clifford+T_033 / cut_incremental_qubit_prop

[9/10] 10q / 8_Clifford+T_039  observable: ZIIIIIIIII
    » [09:39:25]  10q / 8_Clifford+T_039  observable=ZIIIIIIIII  computing ground truth (PennyLane default.qubit)...
    · [   0.0s]  ground_truth = 0.000000
    » [09:39:25]  (#9) 10q / 8_Clifford+T_039 / noisy_vanilla  starting...
    » [09:39:27]  (#9) 10q / 8_Clifford+T_039 / cut_divided_budget  starting...
/home/a.brogi/cut_and_inc/env/lib/python3.10/site-packages/pennylane/qcut/cutstrategy.py:367: UserWarning: The numer of partition attempts seems high (40).
  warnings.warn(f"The numer of partition attempts seems high ({len(ks)}).")
    ✓ [  62.9s]  (#9) 10q / 8_Clifford+T_039 / cut_divided_budget
    » [09:40:30]  (#9) 10q / 8_Clifford+T_039 / cut_qubit_prop  starting...
    ✓ [  55.9s]  (#9) 10q / 8_Clifford+T_039 / cut_qubit_prop
    » [09:41:26]  (#9) 10q / 8_Clifford+T_039 / cut_incremental_budget  starting...
    ✓ [ 724.7s]  (#9) 10q / 8_Clifford+T_039 / cut_incremental_budget
    » [09:53:31]  (#9) 10q / 8_Clifford+T_039 / cut_incremental_qubit_prop  starting...
    ✓ [ 733.4s]  (#9) 10q / 8_Clifford+T_039 / cut_incremental_qubit_prop

[10/10] 10q / 9_Clifford+T_041  observable: ZIIIIIIIII
    » [10:05:44]  10q / 9_Clifford+T_041  observable=ZIIIIIIIII  computing ground truth (PennyLane default.qubit)...
    · [   0.0s]  ground_truth = 1.000000
    » [10:05:44]  (#10) 10q / 9_Clifford+T_041 / noisy_vanilla  starting...
    » [10:05:46]  (#10) 10q / 9_Clifford+T_041 / cut_divided_budget  starting...
/home/a.brogi/cut_and_inc/env/lib/python3.10/site-packages/pennylane/qcut/cutstrategy.py:367: UserWarning: The numer of partition attempts seems high (40).
  warnings.warn(f"The numer of partition attempts seems high ({len(ks)}).")
    ✓ [  20.4s]  (#10) 10q / 9_Clifford+T_041 / cut_divided_budget
    » [10:06:07]  (#10) 10q / 9_Clifford+T_041 / cut_qubit_prop  starting...
    ✓ [  13.8s]  (#10) 10q / 9_Clifford+T_041 / cut_qubit_prop
    » [10:06:21]  (#10) 10q / 9_Clifford+T_041 / cut_incremental_budget  starting...
    ✓ [ 697.4s]  (#10) 10q / 9_Clifford+T_041 / cut_incremental_budget
    » [10:17:58]  (#10) 10q / 9_Clifford+T_041 / cut_incremental_qubit_prop  starting...
    ✓ [ 704.6s]  (#10) 10q / 9_Clifford+T_041 / cut_incremental_qubit_prop

============================================================
  Finished :   40  mode runs
  Failed   :    0  mode runs
============================================================

Merged CSV -> results/new/stable_shots_runs_10-14q_no_vanilla/20000_shots/kyoto/10_qubits/summary.csv
Run log    -> results/new/stable_shots_runs_10-14q_no_vanilla/20000_shots/kyoto/10_qubits/run.log
Per-mode JSON -> results/new/stable_shots_runs_10-14q_no_vanilla/20000_shots/kyoto/10_qubits/<qubits>q/<circuit>/<mode>.json
	Command being timed: "python main_new_new.py --circuits-pkl only_cliffordt/clif10.pkl --shots 20000 --noisy-backend aer.fake_kyoto --seed-simulator 42 --modes cut_divided_budget cut_qubit_prop cut_incremental_budget cut_incremental_qubit_prop --incremental-config configs/stable_shots.json --parallel-circuits 1 --output-dir results/new/stable_shots_runs_10-14q_no_vanilla/20000_shots/kyoto/10_qubits"
	User time (seconds): 15047.83
	System time (seconds): 3.97
	Percent of CPU this job got: 99%
	Elapsed (wall clock) time (h:mm:ss or m:ss): 4:10:57
	Average shared text size (kbytes): 0
	Average unshared data size (kbytes): 0
	Average stack size (kbytes): 0
	Average total size (kbytes): 0
	Maximum resident set size (kbytes): 483972
	Average resident set size (kbytes): 0
	Major (requiring I/O) page faults: 0
	Minor (reclaiming a frame) page faults: 436853
	Voluntary context switches: 119965
	Involuntary context switches: 238277
	Swaps: 0
	File system inputs: 0
	File system outputs: 4360
	Socket messages sent: 0
	Socket messages received: 0
	Signals delivered: 0
	Page size (bytes): 4096
	Exit status: 0
[Sun Jun 14 10:29:44 AM UTC 2026] Finished 10 qubits | shots=20000 | backend=aer.fake_kyoto
