[Wed Jun 17 05:15:19 PM UTC 2026] Starting 12 qubits | shots=5000 | backend=aer.fake_torino
[Wed Jun 17 05:15:19 PM UTC 2026] Per-job memory limit: 7GB virtual memory

[1/10] 12q / 0_Clifford+T_001  observable: ZIIIIIIIIIII
/home/local/ADUNIPI/a044855/cutandinc/newcut/lib/python3.12/site-packages/qiskit_ibm_runtime/fake_provider/backends/nighthawk/fake_nighthawk.py:76: UserWarning: Properties of fake_nighthawk are not intended to represent typical nighthawk error values.
  warnings.warn(
    » [17:15:32]  12q / 0_Clifford+T_001  observable=ZIIIIIIIIIII  computing ground truth (PennyLane default.qubit)...
    · [   0.7s]  ground_truth = 0.000000
    » [17:15:32]  (#1) 12q / 0_Clifford+T_001 / noisy_vanilla  starting...
    ✓ [  16.8s]  (#1) 12q / 0_Clifford+T_001 / noisy_vanilla
    » [17:15:49]  (#1) 12q / 0_Clifford+T_001 / cut_divided_budget  starting...
/home/local/ADUNIPI/a044855/cutandinc/newcut/lib/python3.12/site-packages/pennylane/qcut/cutstrategy.py:367: UserWarning: The number of partition attempts seems high (40).
  warnings.warn(f"The number of partition attempts seems high ({len(ks)}).")
    ✓ [  31.2s]  (#1) 12q / 0_Clifford+T_001 / cut_divided_budget
    » [17:16:20]  (#1) 12q / 0_Clifford+T_001 / cut_qubit_prop  starting...
    ✓ [  21.6s]  (#1) 12q / 0_Clifford+T_001 / cut_qubit_prop
    » [17:16:42]  (#1) 12q / 0_Clifford+T_001 / cut_incremental_budget  starting...
    ✓ [ 340.0s]  (#1) 12q / 0_Clifford+T_001 / cut_incremental_budget
    » [17:22:22]  (#1) 12q / 0_Clifford+T_001 / cut_incremental_qubit_prop  starting...
    ✓ [ 415.3s]  (#1) 12q / 0_Clifford+T_001 / cut_incremental_qubit_prop

[2/10] 12q / 1_Clifford+T_002  observable: ZIIIIIIIIIII
    » [17:29:17]  12q / 1_Clifford+T_002  observable=ZIIIIIIIIIII  computing ground truth (PennyLane default.qubit)...
    · [   0.0s]  ground_truth = 1.000000
    » [17:29:17]  (#2) 12q / 1_Clifford+T_002 / noisy_vanilla  starting...
    ✓ [  20.9s]  (#2) 12q / 1_Clifford+T_002 / noisy_vanilla
    » [17:29:38]  (#2) 12q / 1_Clifford+T_002 / cut_divided_budget  starting...
/home/local/ADUNIPI/a044855/cutandinc/newcut/lib/python3.12/site-packages/pennylane/qcut/cutstrategy.py:367: UserWarning: The number of partition attempts seems high (40).
  warnings.warn(f"The number of partition attempts seems high ({len(ks)}).")
    ✓ [ 138.2s]  (#2) 12q / 1_Clifford+T_002 / cut_divided_budget
    » [17:31:56]  (#2) 12q / 1_Clifford+T_002 / cut_qubit_prop  starting...
    ✓ [ 124.1s]  (#2) 12q / 1_Clifford+T_002 / cut_qubit_prop
    » [17:34:00]  (#2) 12q / 1_Clifford+T_002 / cut_incremental_budget  starting...
    ✓ [ 413.1s]  (#2) 12q / 1_Clifford+T_002 / cut_incremental_budget
    » [17:40:54]  (#2) 12q / 1_Clifford+T_002 / cut_incremental_qubit_prop  starting...
    ✓ [ 454.2s]  (#2) 12q / 1_Clifford+T_002 / cut_incremental_qubit_prop

[3/10] 12q / 2_Clifford+T_004  observable: ZIIIIIIIIIII
    » [17:48:28]  12q / 2_Clifford+T_004  observable=ZIIIIIIIIIII  computing ground truth (PennyLane default.qubit)...
    · [   0.0s]  ground_truth = 1.000000
    » [17:48:28]  (#3) 12q / 2_Clifford+T_004 / noisy_vanilla  starting...
    ✓ [  20.9s]  (#3) 12q / 2_Clifford+T_004 / noisy_vanilla
    » [17:48:49]  (#3) 12q / 2_Clifford+T_004 / cut_divided_budget  starting...
/home/local/ADUNIPI/a044855/cutandinc/newcut/lib/python3.12/site-packages/pennylane/qcut/cutstrategy.py:367: UserWarning: The number of partition attempts seems high (40).
  warnings.warn(f"The number of partition attempts seems high ({len(ks)}).")
    ✓ [  45.9s]  (#3) 12q / 2_Clifford+T_004 / cut_divided_budget
    » [17:49:34]  (#3) 12q / 2_Clifford+T_004 / cut_qubit_prop  starting...
    ✓ [  40.7s]  (#3) 12q / 2_Clifford+T_004 / cut_qubit_prop
    » [17:50:15]  (#3) 12q / 2_Clifford+T_004 / cut_incremental_budget  starting...
    ✓ [ 351.0s]  (#3) 12q / 2_Clifford+T_004 / cut_incremental_budget
    » [17:56:06]  (#3) 12q / 2_Clifford+T_004 / cut_incremental_qubit_prop  starting...
    ✓ [ 424.9s]  (#3) 12q / 2_Clifford+T_004 / cut_incremental_qubit_prop

[4/10] 12q / 3_Clifford+T_006  observable: ZIIIIIIIIIII
    » [18:03:11]  12q / 3_Clifford+T_006  observable=ZIIIIIIIIIII  computing ground truth (PennyLane default.qubit)...
    · [   0.0s]  ground_truth = 1.000000
    » [18:03:11]  (#4) 12q / 3_Clifford+T_006 / noisy_vanilla  starting...
    ✓ [  18.4s]  (#4) 12q / 3_Clifford+T_006 / noisy_vanilla
    » [18:03:29]  (#4) 12q / 3_Clifford+T_006 / cut_divided_budget  starting...
/home/local/ADUNIPI/a044855/cutandinc/newcut/lib/python3.12/site-packages/pennylane/qcut/cutstrategy.py:367: UserWarning: The number of partition attempts seems high (40).
  warnings.warn(f"The number of partition attempts seems high ({len(ks)}).")
    ✓ [  44.0s]  (#4) 12q / 3_Clifford+T_006 / cut_divided_budget
    » [18:04:13]  (#4) 12q / 3_Clifford+T_006 / cut_qubit_prop  starting...
    ✓ [  31.3s]  (#4) 12q / 3_Clifford+T_006 / cut_qubit_prop
    » [18:04:45]  (#4) 12q / 3_Clifford+T_006 / cut_incremental_budget  starting...
    ✓ [ 420.7s]  (#4) 12q / 3_Clifford+T_006 / cut_incremental_budget
    » [18:12:36]  (#4) 12q / 3_Clifford+T_006 / cut_incremental_qubit_prop  starting...
    ✓ [ 373.3s]  (#4) 12q / 3_Clifford+T_006 / cut_incremental_qubit_prop

[5/10] 12q / 4_Clifford+T_011  observable: ZIIIIIIIIIII
    » [18:18:50]  12q / 4_Clifford+T_011  observable=ZIIIIIIIIIII  computing ground truth (PennyLane default.qubit)...
    · [   0.0s]  ground_truth = 0.000000
    » [18:18:50]  (#5) 12q / 4_Clifford+T_011 / noisy_vanilla  starting...
    ✓ [  21.0s]  (#5) 12q / 4_Clifford+T_011 / noisy_vanilla
    » [18:19:11]  (#5) 12q / 4_Clifford+T_011 / cut_divided_budget  starting...
/home/local/ADUNIPI/a044855/cutandinc/newcut/lib/python3.12/site-packages/pennylane/qcut/cutstrategy.py:367: UserWarning: The number of partition attempts seems high (40).
  warnings.warn(f"The number of partition attempts seems high ({len(ks)}).")
    ✓ [ 137.7s]  (#5) 12q / 4_Clifford+T_011 / cut_divided_budget
    » [18:21:28]  (#5) 12q / 4_Clifford+T_011 / cut_qubit_prop  starting...
    ✓ [ 114.9s]  (#5) 12q / 4_Clifford+T_011 / cut_qubit_prop
    » [18:23:23]  (#5) 12q / 4_Clifford+T_011 / cut_incremental_budget  starting...
    ✓ [ 496.2s]  (#5) 12q / 4_Clifford+T_011 / cut_incremental_budget
    » [18:31:40]  (#5) 12q / 4_Clifford+T_011 / cut_incremental_qubit_prop  starting...
    ✓ [ 378.6s]  (#5) 12q / 4_Clifford+T_011 / cut_incremental_qubit_prop

[6/10] 12q / 5_Clifford+T_013  observable: ZIIIIIIIIIII
    » [18:37:58]  12q / 5_Clifford+T_013  observable=ZIIIIIIIIIII  computing ground truth (PennyLane default.qubit)...
    · [   0.0s]  ground_truth = 1.000000
    » [18:37:58]  (#6) 12q / 5_Clifford+T_013 / noisy_vanilla  starting...
    ✓ [  24.6s]  (#6) 12q / 5_Clifford+T_013 / noisy_vanilla
    » [18:38:23]  (#6) 12q / 5_Clifford+T_013 / cut_divided_budget  starting...
/home/local/ADUNIPI/a044855/cutandinc/newcut/lib/python3.12/site-packages/pennylane/qcut/cutstrategy.py:367: UserWarning: The number of partition attempts seems high (40).
  warnings.warn(f"The number of partition attempts seems high ({len(ks)}).")
    ✓ [ 140.7s]  (#6) 12q / 5_Clifford+T_013 / cut_divided_budget
    » [18:40:43]  (#6) 12q / 5_Clifford+T_013 / cut_qubit_prop  starting...
    ✓ [ 130.6s]  (#6) 12q / 5_Clifford+T_013 / cut_qubit_prop
    » [18:42:54]  (#6) 12q / 5_Clifford+T_013 / cut_incremental_budget  starting...
    ✓ [ 363.5s]  (#6) 12q / 5_Clifford+T_013 / cut_incremental_budget
    » [18:48:58]  (#6) 12q / 5_Clifford+T_013 / cut_incremental_qubit_prop  starting...
    ✓ [ 281.8s]  (#6) 12q / 5_Clifford+T_013 / cut_incremental_qubit_prop

[7/10] 12q / 6_Clifford+T_015  observable: ZIIIIIIIIIII
    » [18:53:39]  12q / 6_Clifford+T_015  observable=ZIIIIIIIIIII  computing ground truth (PennyLane default.qubit)...
    · [   0.0s]  ground_truth = 0.000000
    » [18:53:39]  (#7) 12q / 6_Clifford+T_015 / noisy_vanilla  starting...
    ✓ [   9.7s]  (#7) 12q / 6_Clifford+T_015 / noisy_vanilla
    » [18:53:49]  (#7) 12q / 6_Clifford+T_015 / cut_divided_budget  starting...
/home/local/ADUNIPI/a044855/cutandinc/newcut/lib/python3.12/site-packages/pennylane/qcut/cutstrategy.py:367: UserWarning: The number of partition attempts seems high (40).
  warnings.warn(f"The number of partition attempts seems high ({len(ks)}).")
    ✓ [  31.1s]  (#7) 12q / 6_Clifford+T_015 / cut_divided_budget
    » [18:54:20]  (#7) 12q / 6_Clifford+T_015 / cut_qubit_prop  starting...
    ✓ [  31.3s]  (#7) 12q / 6_Clifford+T_015 / cut_qubit_prop
    » [18:54:52]  (#7) 12q / 6_Clifford+T_015 / cut_incremental_budget  starting...
    ✓ [ 300.9s]  (#7) 12q / 6_Clifford+T_015 / cut_incremental_budget
    » [18:59:53]  (#7) 12q / 6_Clifford+T_015 / cut_incremental_qubit_prop  starting...
    ✓ [ 263.3s]  (#7) 12q / 6_Clifford+T_015 / cut_incremental_qubit_prop

[8/10] 12q / 7_Clifford+T_019  observable: ZIIIIIIIIIII
    » [19:04:16]  12q / 7_Clifford+T_019  observable=ZIIIIIIIIIII  computing ground truth (PennyLane default.qubit)...
    · [   0.0s]  ground_truth = 0.000000
    » [19:04:16]  (#8) 12q / 7_Clifford+T_019 / noisy_vanilla  starting...
    ✓ [  20.0s]  (#8) 12q / 7_Clifford+T_019 / noisy_vanilla
    » [19:04:36]  (#8) 12q / 7_Clifford+T_019 / cut_divided_budget  starting...
/home/local/ADUNIPI/a044855/cutandinc/newcut/lib/python3.12/site-packages/pennylane/qcut/cutstrategy.py:367: UserWarning: The number of partition attempts seems high (41).
  warnings.warn(f"The number of partition attempts seems high ({len(ks)}).")
    ✓ [  21.0s]  (#8) 12q / 7_Clifford+T_019 / cut_divided_budget
    » [19:04:57]  (#8) 12q / 7_Clifford+T_019 / cut_qubit_prop  starting...
    ✓ [   7.6s]  (#8) 12q / 7_Clifford+T_019 / cut_qubit_prop
    » [19:05:04]  (#8) 12q / 7_Clifford+T_019 / cut_incremental_budget  starting...
    ✓ [  94.6s]  (#8) 12q / 7_Clifford+T_019 / cut_incremental_budget
    » [19:06:39]  (#8) 12q / 7_Clifford+T_019 / cut_incremental_qubit_prop  starting...
    ✓ [  99.8s]  (#8) 12q / 7_Clifford+T_019 / cut_incremental_qubit_prop

[9/10] 12q / 8_Clifford+T_021  observable: ZIIIIIIIIIII
    » [19:08:19]  12q / 8_Clifford+T_021  observable=ZIIIIIIIIIII  computing ground truth (PennyLane default.qubit)...
    · [   0.0s]  ground_truth = 0.000000
    » [19:08:19]  (#9) 12q / 8_Clifford+T_021 / noisy_vanilla  starting...
    ✓ [  15.7s]  (#9) 12q / 8_Clifford+T_021 / noisy_vanilla
    » [19:08:35]  (#9) 12q / 8_Clifford+T_021 / cut_divided_budget  starting...
/home/local/ADUNIPI/a044855/cutandinc/newcut/lib/python3.12/site-packages/pennylane/qcut/cutstrategy.py:367: UserWarning: The number of partition attempts seems high (40).
  warnings.warn(f"The number of partition attempts seems high ({len(ks)}).")
    ✓ [  42.3s]  (#9) 12q / 8_Clifford+T_021 / cut_divided_budget
    » [19:09:17]  (#9) 12q / 8_Clifford+T_021 / cut_qubit_prop  starting...
    ✓ [  21.3s]  (#9) 12q / 8_Clifford+T_021 / cut_qubit_prop
    » [19:09:38]  (#9) 12q / 8_Clifford+T_021 / cut_incremental_budget  starting...
    ✓ [ 270.7s]  (#9) 12q / 8_Clifford+T_021 / cut_incremental_budget
    » [19:14:09]  (#9) 12q / 8_Clifford+T_021 / cut_incremental_qubit_prop  starting...
    ✓ [ 411.2s]  (#9) 12q / 8_Clifford+T_021 / cut_incremental_qubit_prop

[10/10] 12q / 9_Clifford+T_025  observable: ZIIIIIIIIIII
    » [19:21:00]  12q / 9_Clifford+T_025  observable=ZIIIIIIIIIII  computing ground truth (PennyLane default.qubit)...
    · [   0.0s]  ground_truth = -1.000000
    » [19:21:00]  (#10) 12q / 9_Clifford+T_025 / noisy_vanilla  starting...
    ✓ [  15.8s]  (#10) 12q / 9_Clifford+T_025 / noisy_vanilla
    » [19:21:16]  (#10) 12q / 9_Clifford+T_025 / cut_divided_budget  starting...
/home/local/ADUNIPI/a044855/cutandinc/newcut/lib/python3.12/site-packages/pennylane/qcut/cutstrategy.py:367: UserWarning: The number of partition attempts seems high (40).
  warnings.warn(f"The number of partition attempts seems high ({len(ks)}).")
    ✓ [ 142.6s]  (#10) 12q / 9_Clifford+T_025 / cut_divided_budget
    » [19:23:39]  (#10) 12q / 9_Clifford+T_025 / cut_qubit_prop  starting...
    ✓ [ 125.0s]  (#10) 12q / 9_Clifford+T_025 / cut_qubit_prop
    » [19:25:44]  (#10) 12q / 9_Clifford+T_025 / cut_incremental_budget  starting...
    ✓ [ 451.3s]  (#10) 12q / 9_Clifford+T_025 / cut_incremental_budget
    » [19:33:15]  (#10) 12q / 9_Clifford+T_025 / cut_incremental_qubit_prop  starting...
    ✓ [ 367.7s]  (#10) 12q / 9_Clifford+T_025 / cut_incremental_qubit_prop

============================================================
  Finished :   50  mode runs
  Failed   :    0  mode runs
============================================================

Merged CSV -> results/new/stable_shots3/5000_shots/torino/12_qubits/summary.csv
Run log    -> results/new/stable_shots3/5000_shots/torino/12_qubits/run.log
Per-mode JSON -> results/new/stable_shots3/5000_shots/torino/12_qubits/<qubits>q/<circuit>/<mode>.json
	Command being timed: "python main_new_new.py --circuits-pkl only_cliffordt/clif12.pkl --shots 5000 --noisy-backend aer.fake_torino --seed-simulator 42 --modes noisy_vanilla cut_divided_budget cut_qubit_prop cut_incremental_budget cut_incremental_qubit_prop --incremental-config configs/stable_shots3.json --parallel-circuits 1 --output-dir results/new/stable_shots3/5000_shots/torino/12_qubits"
	User time (seconds): 8510.52
	System time (seconds): 29.01
	Percent of CPU this job got: 98%
	Elapsed (wall clock) time (h:mm:ss or m:ss): 2:24:04
	Average shared text size (kbytes): 0
	Average unshared data size (kbytes): 0
	Average stack size (kbytes): 0
	Average total size (kbytes): 0
	Maximum resident set size (kbytes): 881900
	Average resident set size (kbytes): 0
	Major (requiring I/O) page faults: 0
	Minor (reclaiming a frame) page faults: 9549299
	Voluntary context switches: 139794
	Involuntary context switches: 17108
	Swaps: 0
	File system inputs: 0
	File system outputs: 3504
	Socket messages sent: 0
	Socket messages received: 0
	Signals delivered: 0
	Page size (bytes): 4096
	Exit status: 0
[Wed Jun 17 07:39:24 PM UTC 2026] Finished 12 qubits | shots=5000 | backend=aer.fake_torino
torino
