[Mon Jun 15 09:42:34 AM UTC 2026] Starting 11 qubits | shots=5000 | backend=aer.fake_torino
[Mon Jun 15 09:42:34 AM UTC 2026] Per-job memory limit: 6GB virtual memory

[1/10] 11q / 0_Clifford+T_001  observable: ZIIIIIIIIII
/home/local/ADUNIPI/a044855/cutandinc/newcut/lib/python3.12/site-packages/qiskit_ibm_runtime/fake_provider/backends/nighthawk/fake_nighthawk.py:76: UserWarning: Properties of fake_nighthawk are not intended to represent typical nighthawk error values.
  warnings.warn(
    » [09:42:58]  11q / 0_Clifford+T_001  observable=ZIIIIIIIIII  computing ground truth (PennyLane default.qubit)...
    · [   3.2s]  ground_truth = 0.000000
    » [09:43:01]  (#1) 11q / 0_Clifford+T_001 / noisy_vanilla  starting...
    » [09:43:06]  (#1) 11q / 0_Clifford+T_001 / cut_divided_budget  starting...
/home/local/ADUNIPI/a044855/cutandinc/newcut/lib/python3.12/site-packages/pennylane/qcut/cutstrategy.py:367: UserWarning: The number of partition attempts seems high (40).
  warnings.warn(f"The number of partition attempts seems high ({len(ks)}).")
    ✓ [  87.1s]  (#1) 11q / 0_Clifford+T_001 / cut_divided_budget
    » [09:44:33]  (#1) 11q / 0_Clifford+T_001 / cut_qubit_prop  starting...
    ✓ [  74.0s]  (#1) 11q / 0_Clifford+T_001 / cut_qubit_prop
    » [09:45:47]  (#1) 11q / 0_Clifford+T_001 / cut_incremental_budget  starting...
    ✓ [ 338.1s]  (#1) 11q / 0_Clifford+T_001 / cut_incremental_budget
    » [09:51:25]  (#1) 11q / 0_Clifford+T_001 / cut_incremental_qubit_prop  starting...
    ✓ [ 277.1s]  (#1) 11q / 0_Clifford+T_001 / cut_incremental_qubit_prop

[2/10] 11q / 1_Clifford+T_002  observable: ZIIIIIIIIII
    » [09:56:02]  11q / 1_Clifford+T_002  observable=ZIIIIIIIIII  computing ground truth (PennyLane default.qubit)...
    · [   0.0s]  ground_truth = -1.000000
    » [09:56:02]  (#2) 11q / 1_Clifford+T_002 / noisy_vanilla  starting...
    » [09:56:06]  (#2) 11q / 1_Clifford+T_002 / cut_divided_budget  starting...
/home/local/ADUNIPI/a044855/cutandinc/newcut/lib/python3.12/site-packages/pennylane/qcut/cutstrategy.py:367: UserWarning: The number of partition attempts seems high (40).
  warnings.warn(f"The number of partition attempts seems high ({len(ks)}).")
    ✓ [  85.0s]  (#2) 11q / 1_Clifford+T_002 / cut_divided_budget
    » [09:57:31]  (#2) 11q / 1_Clifford+T_002 / cut_qubit_prop  starting...
    ✓ [  77.4s]  (#2) 11q / 1_Clifford+T_002 / cut_qubit_prop
    » [09:58:49]  (#2) 11q / 1_Clifford+T_002 / cut_incremental_budget  starting...
    ✓ [ 317.3s]  (#2) 11q / 1_Clifford+T_002 / cut_incremental_budget
    » [10:04:06]  (#2) 11q / 1_Clifford+T_002 / cut_incremental_qubit_prop  starting...
    ✓ [ 272.7s]  (#2) 11q / 1_Clifford+T_002 / cut_incremental_qubit_prop

[3/10] 11q / 2_Clifford+T_011  observable: ZIIIIIIIIII
    » [10:08:39]  11q / 2_Clifford+T_011  observable=ZIIIIIIIIII  computing ground truth (PennyLane default.qubit)...
    · [   0.3s]  ground_truth = 0.000000
    » [10:08:39]  (#3) 11q / 2_Clifford+T_011 / noisy_vanilla  starting...
    » [10:08:43]  (#3) 11q / 2_Clifford+T_011 / cut_divided_budget  starting...
/home/local/ADUNIPI/a044855/cutandinc/newcut/lib/python3.12/site-packages/pennylane/qcut/cutstrategy.py:367: UserWarning: The number of partition attempts seems high (40).
  warnings.warn(f"The number of partition attempts seems high ({len(ks)}).")
    ✓ [  25.9s]  (#3) 11q / 2_Clifford+T_011 / cut_divided_budget
    » [10:09:09]  (#3) 11q / 2_Clifford+T_011 / cut_qubit_prop  starting...
    ✓ [  18.8s]  (#3) 11q / 2_Clifford+T_011 / cut_qubit_prop
    » [10:09:28]  (#3) 11q / 2_Clifford+T_011 / cut_incremental_budget  starting...
    ✓ [ 247.6s]  (#3) 11q / 2_Clifford+T_011 / cut_incremental_budget
    » [10:13:35]  (#3) 11q / 2_Clifford+T_011 / cut_incremental_qubit_prop  starting...
    ✓ [ 251.9s]  (#3) 11q / 2_Clifford+T_011 / cut_incremental_qubit_prop

[4/10] 11q / 3_Clifford+T_015  observable: ZIIIIIIIIII
    » [10:17:47]  11q / 3_Clifford+T_015  observable=ZIIIIIIIIII  computing ground truth (PennyLane default.qubit)...
    · [   0.0s]  ground_truth = 0.000000
    » [10:17:47]  (#4) 11q / 3_Clifford+T_015 / noisy_vanilla  starting...
    » [10:17:51]  (#4) 11q / 3_Clifford+T_015 / cut_divided_budget  starting...
/home/local/ADUNIPI/a044855/cutandinc/newcut/lib/python3.12/site-packages/pennylane/qcut/cutstrategy.py:367: UserWarning: The number of partition attempts seems high (40).
  warnings.warn(f"The number of partition attempts seems high ({len(ks)}).")
    ✓ [  26.3s]  (#4) 11q / 3_Clifford+T_015 / cut_divided_budget
    » [10:18:18]  (#4) 11q / 3_Clifford+T_015 / cut_qubit_prop  starting...
    ✓ [  18.4s]  (#4) 11q / 3_Clifford+T_015 / cut_qubit_prop
    » [10:18:36]  (#4) 11q / 3_Clifford+T_015 / cut_incremental_budget  starting...
    ✓ [ 249.4s]  (#4) 11q / 3_Clifford+T_015 / cut_incremental_budget
    » [10:22:45]  (#4) 11q / 3_Clifford+T_015 / cut_incremental_qubit_prop  starting...
    ✓ [ 253.4s]  (#4) 11q / 3_Clifford+T_015 / cut_incremental_qubit_prop

[5/10] 11q / 4_Clifford+T_017  observable: ZIIIIIIIIII
    » [10:26:59]  11q / 4_Clifford+T_017  observable=ZIIIIIIIIII  computing ground truth (PennyLane default.qubit)...
    · [   0.3s]  ground_truth = -1.000000
    » [10:26:59]  (#5) 11q / 4_Clifford+T_017 / noisy_vanilla  starting...
    » [10:27:03]  (#5) 11q / 4_Clifford+T_017 / cut_divided_budget  starting...
/home/local/ADUNIPI/a044855/cutandinc/newcut/lib/python3.12/site-packages/pennylane/qcut/cutstrategy.py:367: UserWarning: The number of partition attempts seems high (40).
  warnings.warn(f"The number of partition attempts seems high ({len(ks)}).")
    ✓ [  25.3s]  (#5) 11q / 4_Clifford+T_017 / cut_divided_budget
    » [10:27:28]  (#5) 11q / 4_Clifford+T_017 / cut_qubit_prop  starting...
    ✓ [  19.0s]  (#5) 11q / 4_Clifford+T_017 / cut_qubit_prop
    » [10:27:48]  (#5) 11q / 4_Clifford+T_017 / cut_incremental_budget  starting...
    ✓ [ 253.0s]  (#5) 11q / 4_Clifford+T_017 / cut_incremental_budget
    » [10:32:00]  (#5) 11q / 4_Clifford+T_017 / cut_incremental_qubit_prop  starting...
    ✓ [ 257.4s]  (#5) 11q / 4_Clifford+T_017 / cut_incremental_qubit_prop

[6/10] 11q / 5_Clifford+T_025  observable: ZIIIIIIIIII
    » [10:36:18]  11q / 5_Clifford+T_025  observable=ZIIIIIIIIII  computing ground truth (PennyLane default.qubit)...
    · [   0.0s]  ground_truth = 0.000000
    » [10:36:18]  (#6) 11q / 5_Clifford+T_025 / noisy_vanilla  starting...
    » [10:36:22]  (#6) 11q / 5_Clifford+T_025 / cut_divided_budget  starting...
/home/local/ADUNIPI/a044855/cutandinc/newcut/lib/python3.12/site-packages/pennylane/qcut/cutstrategy.py:367: UserWarning: The number of partition attempts seems high (40).
  warnings.warn(f"The number of partition attempts seems high ({len(ks)}).")
    ✓ [  25.6s]  (#6) 11q / 5_Clifford+T_025 / cut_divided_budget
    » [10:36:47]  (#6) 11q / 5_Clifford+T_025 / cut_qubit_prop  starting...
    ✓ [  18.4s]  (#6) 11q / 5_Clifford+T_025 / cut_qubit_prop
    » [10:37:06]  (#6) 11q / 5_Clifford+T_025 / cut_incremental_budget  starting...
    ✓ [ 253.8s]  (#6) 11q / 5_Clifford+T_025 / cut_incremental_budget
    » [10:41:19]  (#6) 11q / 5_Clifford+T_025 / cut_incremental_qubit_prop  starting...
    ✓ [ 250.9s]  (#6) 11q / 5_Clifford+T_025 / cut_incremental_qubit_prop

[7/10] 11q / 6_Clifford+T_026  observable: ZIIIIIIIIII
    » [10:45:30]  11q / 6_Clifford+T_026  observable=ZIIIIIIIIII  computing ground truth (PennyLane default.qubit)...
    · [   0.0s]  ground_truth = 1.000000
    » [10:45:30]  (#7) 11q / 6_Clifford+T_026 / noisy_vanilla  starting...
    » [10:45:35]  (#7) 11q / 6_Clifford+T_026 / cut_divided_budget  starting...
/home/local/ADUNIPI/a044855/cutandinc/newcut/lib/python3.12/site-packages/pennylane/qcut/cutstrategy.py:367: UserWarning: The number of partition attempts seems high (40).
  warnings.warn(f"The number of partition attempts seems high ({len(ks)}).")
    ✓ [  28.3s]  (#7) 11q / 6_Clifford+T_026 / cut_divided_budget
    » [10:46:03]  (#7) 11q / 6_Clifford+T_026 / cut_qubit_prop  starting...
    ✓ [  19.7s]  (#7) 11q / 6_Clifford+T_026 / cut_qubit_prop
    » [10:46:23]  (#7) 11q / 6_Clifford+T_026 / cut_incremental_budget  starting...
    ✓ [ 249.6s]  (#7) 11q / 6_Clifford+T_026 / cut_incremental_budget
    » [10:50:32]  (#7) 11q / 6_Clifford+T_026 / cut_incremental_qubit_prop  starting...
    ✓ [ 254.2s]  (#7) 11q / 6_Clifford+T_026 / cut_incremental_qubit_prop

[8/10] 11q / 7_Clifford+T_029  observable: ZIIIIIIIIII
    » [10:54:46]  11q / 7_Clifford+T_029  observable=ZIIIIIIIIII  computing ground truth (PennyLane default.qubit)...
    · [   0.0s]  ground_truth = 0.000000
    » [10:54:46]  (#8) 11q / 7_Clifford+T_029 / noisy_vanilla  starting...
    » [10:54:51]  (#8) 11q / 7_Clifford+T_029 / cut_divided_budget  starting...
/home/local/ADUNIPI/a044855/cutandinc/newcut/lib/python3.12/site-packages/pennylane/qcut/cutstrategy.py:367: UserWarning: The number of partition attempts seems high (40).
  warnings.warn(f"The number of partition attempts seems high ({len(ks)}).")
    ✓ [  25.1s]  (#8) 11q / 7_Clifford+T_029 / cut_divided_budget
    » [10:55:16]  (#8) 11q / 7_Clifford+T_029 / cut_qubit_prop  starting...
    ✓ [  18.5s]  (#8) 11q / 7_Clifford+T_029 / cut_qubit_prop
    » [10:55:35]  (#8) 11q / 7_Clifford+T_029 / cut_incremental_budget  starting...
    ✓ [ 247.6s]  (#8) 11q / 7_Clifford+T_029 / cut_incremental_budget
    » [10:59:42]  (#8) 11q / 7_Clifford+T_029 / cut_incremental_qubit_prop  starting...
    ✓ [ 260.3s]  (#8) 11q / 7_Clifford+T_029 / cut_incremental_qubit_prop

[9/10] 11q / 8_Clifford+T_030  observable: ZIIIIIIIIII
    » [11:04:02]  11q / 8_Clifford+T_030  observable=ZIIIIIIIIII  computing ground truth (PennyLane default.qubit)...
    · [   0.0s]  ground_truth = 1.000000
    » [11:04:02]  (#9) 11q / 8_Clifford+T_030 / noisy_vanilla  starting...
    » [11:04:07]  (#9) 11q / 8_Clifford+T_030 / cut_divided_budget  starting...
/home/local/ADUNIPI/a044855/cutandinc/newcut/lib/python3.12/site-packages/pennylane/qcut/cutstrategy.py:367: UserWarning: The number of partition attempts seems high (40).
  warnings.warn(f"The number of partition attempts seems high ({len(ks)}).")
    ✓ [  25.3s]  (#9) 11q / 8_Clifford+T_030 / cut_divided_budget
    » [11:04:32]  (#9) 11q / 8_Clifford+T_030 / cut_qubit_prop  starting...
    ✓ [  18.4s]  (#9) 11q / 8_Clifford+T_030 / cut_qubit_prop
    » [11:04:51]  (#9) 11q / 8_Clifford+T_030 / cut_incremental_budget  starting...
    ✓ [ 248.1s]  (#9) 11q / 8_Clifford+T_030 / cut_incremental_budget
    » [11:08:59]  (#9) 11q / 8_Clifford+T_030 / cut_incremental_qubit_prop  starting...
    ✓ [ 250.7s]  (#9) 11q / 8_Clifford+T_030 / cut_incremental_qubit_prop

[10/10] 11q / 9_Clifford+T_033  observable: ZIIIIIIIIII
    » [11:13:09]  11q / 9_Clifford+T_033  observable=ZIIIIIIIIII  computing ground truth (PennyLane default.qubit)...
    · [   0.0s]  ground_truth = 1.000000
    » [11:13:09]  (#10) 11q / 9_Clifford+T_033 / noisy_vanilla  starting...
    » [11:13:13]  (#10) 11q / 9_Clifford+T_033 / cut_divided_budget  starting...
/home/local/ADUNIPI/a044855/cutandinc/newcut/lib/python3.12/site-packages/pennylane/qcut/cutstrategy.py:367: UserWarning: The number of partition attempts seems high (40).
  warnings.warn(f"The number of partition attempts seems high ({len(ks)}).")
    ✓ [  25.9s]  (#10) 11q / 9_Clifford+T_033 / cut_divided_budget
    » [11:13:39]  (#10) 11q / 9_Clifford+T_033 / cut_qubit_prop  starting...
    ✓ [  18.7s]  (#10) 11q / 9_Clifford+T_033 / cut_qubit_prop
    » [11:13:58]  (#10) 11q / 9_Clifford+T_033 / cut_incremental_budget  starting...
    ✓ [ 247.3s]  (#10) 11q / 9_Clifford+T_033 / cut_incremental_budget
    » [11:18:05]  (#10) 11q / 9_Clifford+T_033 / cut_incremental_qubit_prop  starting...
    ✓ [ 251.1s]  (#10) 11q / 9_Clifford+T_033 / cut_incremental_qubit_prop

============================================================
  Finished :   40  mode runs
  Failed   :    0  mode runs
============================================================

Merged CSV -> results/new/stable_shots_runs02_10-14q_no_vanilla/5000_shots/torino/11_qubits/summary.csv
Run log    -> results/new/stable_shots_runs02_10-14q_no_vanilla/5000_shots/torino/11_qubits/run.log
Per-mode JSON -> results/new/stable_shots_runs02_10-14q_no_vanilla/5000_shots/torino/11_qubits/<qubits>q/<circuit>/<mode>.json
	Command being timed: "python main_new_new.py --circuits-pkl only_cliffordt/clif11.pkl --shots 5000 --noisy-backend aer.fake_torino --seed-simulator 42 --modes cut_divided_budget cut_qubit_prop cut_incremental_budget cut_incremental_qubit_prop --incremental-config configs/stable_shots.json --parallel-circuits 1 --output-dir results/new/stable_shots_runs02_10-14q_no_vanilla/5000_shots/torino/11_qubits"
	User time (seconds): 5950.43
	System time (seconds): 14.43
	Percent of CPU this job got: 99%
	Elapsed (wall clock) time (h:mm:ss or m:ss): 1:39:43
	Average shared text size (kbytes): 0
	Average unshared data size (kbytes): 0
	Average stack size (kbytes): 0
	Average total size (kbytes): 0
	Maximum resident set size (kbytes): 686476
	Average resident set size (kbytes): 0
	Major (requiring I/O) page faults: 417
	Minor (reclaiming a frame) page faults: 5366832
	Voluntary context switches: 44462
	Involuntary context switches: 14786
	Swaps: 0
	File system inputs: 74336
	File system outputs: 2888
	Socket messages sent: 0
	Socket messages received: 0
	Signals delivered: 0
	Page size (bytes): 4096
	Exit status: 0
[Mon Jun 15 11:22:18 AM UTC 2026] Finished 11 qubits | shots=5000 | backend=aer.fake_torino
