[Sat Jun 13 08:02:23 PM UTC 2026] Starting 11 qubits | shots=20000 | backend=aer.fake_sherbrooke
[Sat Jun 13 08:02:23 PM UTC 2026] Per-job memory limit: 6GB virtual memory

[1/10] 11q / 0_Clifford+T_001  observable: ZIIIIIIIIII
    » [20:02:29]  11q / 0_Clifford+T_001  observable=ZIIIIIIIIII  computing ground truth (PennyLane default.qubit)...
    · [   0.3s]  ground_truth = 0.000000
    » [20:02:29]  (#1) 11q / 0_Clifford+T_001 / noisy_vanilla  starting...
    » [20:02:32]  (#1) 11q / 0_Clifford+T_001 / cut_divided_budget  starting...
/home/a.brogi/cut_and_inc/env/lib/python3.10/site-packages/pennylane/qcut/cutstrategy.py:367: UserWarning: The numer of partition attempts seems high (40).
  warnings.warn(f"The numer of partition attempts seems high ({len(ks)}).")
    ✓ [  53.2s]  (#1) 11q / 0_Clifford+T_001 / cut_divided_budget
    » [20:03:26]  (#1) 11q / 0_Clifford+T_001 / cut_qubit_prop  starting...
    ✓ [  45.8s]  (#1) 11q / 0_Clifford+T_001 / cut_qubit_prop
    » [20:04:11]  (#1) 11q / 0_Clifford+T_001 / cut_incremental_budget  starting...
    ✓ [ 620.7s]  (#1) 11q / 0_Clifford+T_001 / cut_incremental_budget
    » [20:14:32]  (#1) 11q / 0_Clifford+T_001 / cut_incremental_qubit_prop  starting...
    ✓ [ 620.8s]  (#1) 11q / 0_Clifford+T_001 / cut_incremental_qubit_prop

[2/10] 11q / 1_Clifford+T_002  observable: ZIIIIIIIIII
    » [20:24:53]  11q / 1_Clifford+T_002  observable=ZIIIIIIIIII  computing ground truth (PennyLane default.qubit)...
    · [   0.0s]  ground_truth = -1.000000
    » [20:24:53]  (#2) 11q / 1_Clifford+T_002 / noisy_vanilla  starting...
    » [20:24:56]  (#2) 11q / 1_Clifford+T_002 / cut_divided_budget  starting...
/home/a.brogi/cut_and_inc/env/lib/python3.10/site-packages/pennylane/qcut/cutstrategy.py:367: UserWarning: The numer of partition attempts seems high (40).
  warnings.warn(f"The numer of partition attempts seems high ({len(ks)}).")
    ✓ [  53.8s]  (#2) 11q / 1_Clifford+T_002 / cut_divided_budget
    » [20:25:50]  (#2) 11q / 1_Clifford+T_002 / cut_qubit_prop  starting...
    ✓ [  45.9s]  (#2) 11q / 1_Clifford+T_002 / cut_qubit_prop
    » [20:26:36]  (#2) 11q / 1_Clifford+T_002 / cut_incremental_budget  starting...
    ✓ [ 614.0s]  (#2) 11q / 1_Clifford+T_002 / cut_incremental_budget
    » [20:36:50]  (#2) 11q / 1_Clifford+T_002 / cut_incremental_qubit_prop  starting...
    ✓ [ 614.7s]  (#2) 11q / 1_Clifford+T_002 / cut_incremental_qubit_prop

[3/10] 11q / 2_Clifford+T_011  observable: ZIIIIIIIIII
    » [20:47:04]  11q / 2_Clifford+T_011  observable=ZIIIIIIIIII  computing ground truth (PennyLane default.qubit)...
    · [   0.0s]  ground_truth = 0.000000
    » [20:47:04]  (#3) 11q / 2_Clifford+T_011 / noisy_vanilla  starting...
    » [20:47:08]  (#3) 11q / 2_Clifford+T_011 / cut_divided_budget  starting...
/home/a.brogi/cut_and_inc/env/lib/python3.10/site-packages/pennylane/qcut/cutstrategy.py:367: UserWarning: The numer of partition attempts seems high (40).
  warnings.warn(f"The numer of partition attempts seems high ({len(ks)}).")
    ✓ [  18.4s]  (#3) 11q / 2_Clifford+T_011 / cut_divided_budget
    » [20:47:26]  (#3) 11q / 2_Clifford+T_011 / cut_qubit_prop  starting...
    ✓ [  12.2s]  (#3) 11q / 2_Clifford+T_011 / cut_qubit_prop
    » [20:47:38]  (#3) 11q / 2_Clifford+T_011 / cut_incremental_budget  starting...
    ✓ [ 591.6s]  (#3) 11q / 2_Clifford+T_011 / cut_incremental_budget
    » [20:57:30]  (#3) 11q / 2_Clifford+T_011 / cut_incremental_qubit_prop  starting...
    ✓ [ 599.0s]  (#3) 11q / 2_Clifford+T_011 / cut_incremental_qubit_prop

[4/10] 11q / 3_Clifford+T_015  observable: ZIIIIIIIIII
    » [21:07:29]  11q / 3_Clifford+T_015  observable=ZIIIIIIIIII  computing ground truth (PennyLane default.qubit)...
    · [   0.0s]  ground_truth = 0.000000
    » [21:07:29]  (#4) 11q / 3_Clifford+T_015 / noisy_vanilla  starting...
    » [21:07:32]  (#4) 11q / 3_Clifford+T_015 / cut_divided_budget  starting...
/home/a.brogi/cut_and_inc/env/lib/python3.10/site-packages/pennylane/qcut/cutstrategy.py:367: UserWarning: The numer of partition attempts seems high (40).
  warnings.warn(f"The numer of partition attempts seems high ({len(ks)}).")
    ✓ [  18.5s]  (#4) 11q / 3_Clifford+T_015 / cut_divided_budget
    » [21:07:51]  (#4) 11q / 3_Clifford+T_015 / cut_qubit_prop  starting...
    ✓ [  11.8s]  (#4) 11q / 3_Clifford+T_015 / cut_qubit_prop
    » [21:08:02]  (#4) 11q / 3_Clifford+T_015 / cut_incremental_budget  starting...
    ✓ [ 588.2s]  (#4) 11q / 3_Clifford+T_015 / cut_incremental_budget
    » [21:17:50]  (#4) 11q / 3_Clifford+T_015 / cut_incremental_qubit_prop  starting...
    ✓ [ 598.5s]  (#4) 11q / 3_Clifford+T_015 / cut_incremental_qubit_prop

[5/10] 11q / 4_Clifford+T_017  observable: ZIIIIIIIIII
    » [21:27:49]  11q / 4_Clifford+T_017  observable=ZIIIIIIIIII  computing ground truth (PennyLane default.qubit)...
    · [   0.0s]  ground_truth = -1.000000
    » [21:27:49]  (#5) 11q / 4_Clifford+T_017 / noisy_vanilla  starting...
    » [21:27:52]  (#5) 11q / 4_Clifford+T_017 / cut_divided_budget  starting...
/home/a.brogi/cut_and_inc/env/lib/python3.10/site-packages/pennylane/qcut/cutstrategy.py:367: UserWarning: The numer of partition attempts seems high (40).
  warnings.warn(f"The numer of partition attempts seems high ({len(ks)}).")
    ✓ [  18.1s]  (#5) 11q / 4_Clifford+T_017 / cut_divided_budget
    » [21:28:10]  (#5) 11q / 4_Clifford+T_017 / cut_qubit_prop  starting...
    ✓ [  11.9s]  (#5) 11q / 4_Clifford+T_017 / cut_qubit_prop
    » [21:28:22]  (#5) 11q / 4_Clifford+T_017 / cut_incremental_budget  starting...
    ✓ [ 591.1s]  (#5) 11q / 4_Clifford+T_017 / cut_incremental_budget
    » [21:38:13]  (#5) 11q / 4_Clifford+T_017 / cut_incremental_qubit_prop  starting...
    ✓ [ 606.2s]  (#5) 11q / 4_Clifford+T_017 / cut_incremental_qubit_prop

[6/10] 11q / 5_Clifford+T_025  observable: ZIIIIIIIIII
    » [21:48:19]  11q / 5_Clifford+T_025  observable=ZIIIIIIIIII  computing ground truth (PennyLane default.qubit)...
    · [   0.0s]  ground_truth = 0.000000
    » [21:48:19]  (#6) 11q / 5_Clifford+T_025 / noisy_vanilla  starting...
    » [21:48:23]  (#6) 11q / 5_Clifford+T_025 / cut_divided_budget  starting...
/home/a.brogi/cut_and_inc/env/lib/python3.10/site-packages/pennylane/qcut/cutstrategy.py:367: UserWarning: The numer of partition attempts seems high (40).
  warnings.warn(f"The numer of partition attempts seems high ({len(ks)}).")
    ✓ [  18.1s]  (#6) 11q / 5_Clifford+T_025 / cut_divided_budget
    » [21:48:41]  (#6) 11q / 5_Clifford+T_025 / cut_qubit_prop  starting...
    ✓ [  11.7s]  (#6) 11q / 5_Clifford+T_025 / cut_qubit_prop
    » [21:48:52]  (#6) 11q / 5_Clifford+T_025 / cut_incremental_budget  starting...
    ✓ [ 589.4s]  (#6) 11q / 5_Clifford+T_025 / cut_incremental_budget
    » [21:58:42]  (#6) 11q / 5_Clifford+T_025 / cut_incremental_qubit_prop  starting...
    ✓ [ 604.0s]  (#6) 11q / 5_Clifford+T_025 / cut_incremental_qubit_prop

[7/10] 11q / 6_Clifford+T_026  observable: ZIIIIIIIIII
    » [22:08:46]  11q / 6_Clifford+T_026  observable=ZIIIIIIIIII  computing ground truth (PennyLane default.qubit)...
    · [   0.0s]  ground_truth = 1.000000
    » [22:08:46]  (#7) 11q / 6_Clifford+T_026 / noisy_vanilla  starting...
    » [22:08:49]  (#7) 11q / 6_Clifford+T_026 / cut_divided_budget  starting...
/home/a.brogi/cut_and_inc/env/lib/python3.10/site-packages/pennylane/qcut/cutstrategy.py:367: UserWarning: The numer of partition attempts seems high (40).
  warnings.warn(f"The numer of partition attempts seems high ({len(ks)}).")
    ✓ [  19.8s]  (#7) 11q / 6_Clifford+T_026 / cut_divided_budget
    » [22:09:09]  (#7) 11q / 6_Clifford+T_026 / cut_qubit_prop  starting...
    ✓ [  13.2s]  (#7) 11q / 6_Clifford+T_026 / cut_qubit_prop
    » [22:09:22]  (#7) 11q / 6_Clifford+T_026 / cut_incremental_budget  starting...
    ✓ [ 594.5s]  (#7) 11q / 6_Clifford+T_026 / cut_incremental_budget
    » [22:19:17]  (#7) 11q / 6_Clifford+T_026 / cut_incremental_qubit_prop  starting...
    ✓ [ 612.5s]  (#7) 11q / 6_Clifford+T_026 / cut_incremental_qubit_prop

[8/10] 11q / 7_Clifford+T_029  observable: ZIIIIIIIIII
    » [22:29:29]  11q / 7_Clifford+T_029  observable=ZIIIIIIIIII  computing ground truth (PennyLane default.qubit)...
    · [   0.0s]  ground_truth = 0.000000
    » [22:29:29]  (#8) 11q / 7_Clifford+T_029 / noisy_vanilla  starting...
    » [22:29:33]  (#8) 11q / 7_Clifford+T_029 / cut_divided_budget  starting...
/home/a.brogi/cut_and_inc/env/lib/python3.10/site-packages/pennylane/qcut/cutstrategy.py:367: UserWarning: The numer of partition attempts seems high (40).
  warnings.warn(f"The numer of partition attempts seems high ({len(ks)}).")
    ✓ [  17.9s]  (#8) 11q / 7_Clifford+T_029 / cut_divided_budget
    » [22:29:51]  (#8) 11q / 7_Clifford+T_029 / cut_qubit_prop  starting...
    ✓ [  11.6s]  (#8) 11q / 7_Clifford+T_029 / cut_qubit_prop
    » [22:30:02]  (#8) 11q / 7_Clifford+T_029 / cut_incremental_budget  starting...
    ✓ [ 589.5s]  (#8) 11q / 7_Clifford+T_029 / cut_incremental_budget
    » [22:39:52]  (#8) 11q / 7_Clifford+T_029 / cut_incremental_qubit_prop  starting...
    ✓ [ 598.4s]  (#8) 11q / 7_Clifford+T_029 / cut_incremental_qubit_prop

[9/10] 11q / 8_Clifford+T_030  observable: ZIIIIIIIIII
    » [22:49:50]  11q / 8_Clifford+T_030  observable=ZIIIIIIIIII  computing ground truth (PennyLane default.qubit)...
    · [   0.0s]  ground_truth = 1.000000
    » [22:49:50]  (#9) 11q / 8_Clifford+T_030 / noisy_vanilla  starting...
    » [22:49:53]  (#9) 11q / 8_Clifford+T_030 / cut_divided_budget  starting...
/home/a.brogi/cut_and_inc/env/lib/python3.10/site-packages/pennylane/qcut/cutstrategy.py:367: UserWarning: The numer of partition attempts seems high (40).
  warnings.warn(f"The numer of partition attempts seems high ({len(ks)}).")
    ✓ [  18.1s]  (#9) 11q / 8_Clifford+T_030 / cut_divided_budget
    » [22:50:11]  (#9) 11q / 8_Clifford+T_030 / cut_qubit_prop  starting...
    ✓ [  11.8s]  (#9) 11q / 8_Clifford+T_030 / cut_qubit_prop
    » [22:50:23]  (#9) 11q / 8_Clifford+T_030 / cut_incremental_budget  starting...
    ✓ [ 591.8s]  (#9) 11q / 8_Clifford+T_030 / cut_incremental_budget
    » [23:00:15]  (#9) 11q / 8_Clifford+T_030 / cut_incremental_qubit_prop  starting...
    ✓ [ 604.9s]  (#9) 11q / 8_Clifford+T_030 / cut_incremental_qubit_prop

[10/10] 11q / 9_Clifford+T_033  observable: ZIIIIIIIIII
    » [23:10:20]  11q / 9_Clifford+T_033  observable=ZIIIIIIIIII  computing ground truth (PennyLane default.qubit)...
    · [   0.0s]  ground_truth = 1.000000
    » [23:10:20]  (#10) 11q / 9_Clifford+T_033 / noisy_vanilla  starting...
    » [23:10:23]  (#10) 11q / 9_Clifford+T_033 / cut_divided_budget  starting...
/home/a.brogi/cut_and_inc/env/lib/python3.10/site-packages/pennylane/qcut/cutstrategy.py:367: UserWarning: The numer of partition attempts seems high (40).
  warnings.warn(f"The numer of partition attempts seems high ({len(ks)}).")
    ✓ [  18.1s]  (#10) 11q / 9_Clifford+T_033 / cut_divided_budget
    » [23:10:41]  (#10) 11q / 9_Clifford+T_033 / cut_qubit_prop  starting...
    ✓ [  12.0s]  (#10) 11q / 9_Clifford+T_033 / cut_qubit_prop
    » [23:10:53]  (#10) 11q / 9_Clifford+T_033 / cut_incremental_budget  starting...
    ✓ [ 593.6s]  (#10) 11q / 9_Clifford+T_033 / cut_incremental_budget
    » [23:20:47]  (#10) 11q / 9_Clifford+T_033 / cut_incremental_qubit_prop  starting...
    ✓ [ 601.2s]  (#10) 11q / 9_Clifford+T_033 / cut_incremental_qubit_prop

============================================================
  Finished :   40  mode runs
  Failed   :    0  mode runs
============================================================

Merged CSV -> results/new/stable_shots_runs_10-14q_no_vanilla/20000_shots/sherbrooke/11_qubits/summary.csv
Run log    -> results/new/stable_shots_runs_10-14q_no_vanilla/20000_shots/sherbrooke/11_qubits/run.log
Per-mode JSON -> results/new/stable_shots_runs_10-14q_no_vanilla/20000_shots/sherbrooke/11_qubits/<qubits>q/<circuit>/<mode>.json
	Command being timed: "python main_new_new.py --circuits-pkl only_cliffordt/clif11.pkl --shots 20000 --noisy-backend aer.fake_sherbrooke --seed-simulator 42 --modes cut_divided_budget cut_qubit_prop cut_incremental_budget cut_incremental_qubit_prop --incremental-config configs/stable_shots.json --parallel-circuits 1 --output-dir results/new/stable_shots_runs_10-14q_no_vanilla/20000_shots/sherbrooke/11_qubits"
	User time (seconds): 12496.15
	System time (seconds): 3.27
	Percent of CPU this job got: 99%
	Elapsed (wall clock) time (h:mm:ss or m:ss): 3:28:25
	Average shared text size (kbytes): 0
	Average unshared data size (kbytes): 0
	Average stack size (kbytes): 0
	Average total size (kbytes): 0
	Maximum resident set size (kbytes): 501972
	Average resident set size (kbytes): 0
	Major (requiring I/O) page faults: 4
	Minor (reclaiming a frame) page faults: 355557
	Voluntary context switches: 88266
	Involuntary context switches: 203494
	Swaps: 0
	File system inputs: 48
	File system outputs: 3384
	Socket messages sent: 0
	Socket messages received: 0
	Signals delivered: 0
	Page size (bytes): 4096
	Exit status: 0
[Sat Jun 13 11:30:49 PM UTC 2026] Finished 11 qubits | shots=20000 | backend=aer.fake_sherbrooke
