[Sat Jun 13 02:56:50 AM UTC 2026] Starting 12 qubits | shots=10000 | backend=aer.fake_kawasaki
[Sat Jun 13 02:56:50 AM UTC 2026] Per-job memory limit: 6GB virtual memory

[1/10] 12q / 0_Clifford+T_001  observable: ZIIIIIIIIIII
    » [02:56:55]  12q / 0_Clifford+T_001  observable=ZIIIIIIIIIII  computing ground truth (PennyLane default.qubit)...
    · [   0.5s]  ground_truth = 0.000000
    » [02:56:56]  (#1) 12q / 0_Clifford+T_001 / noisy_vanilla  starting...
    » [02:57:03]  (#1) 12q / 0_Clifford+T_001 / cut_divided_budget  starting...
/home/a.brogi/cut_and_inc/env/lib/python3.10/site-packages/pennylane/qcut/cutstrategy.py:367: UserWarning: The numer of partition attempts seems high (40).
  warnings.warn(f"The numer of partition attempts seems high ({len(ks)}).")
    ✓ [  14.9s]  (#1) 12q / 0_Clifford+T_001 / cut_divided_budget
    » [02:57:18]  (#1) 12q / 0_Clifford+T_001 / cut_qubit_prop  starting...
    ✓ [   8.8s]  (#1) 12q / 0_Clifford+T_001 / cut_qubit_prop
    » [02:57:27]  (#1) 12q / 0_Clifford+T_001 / cut_incremental_budget  starting...
    ✓ [ 218.6s]  (#1) 12q / 0_Clifford+T_001 / cut_incremental_budget
    » [03:01:05]  (#1) 12q / 0_Clifford+T_001 / cut_incremental_qubit_prop  starting...
    ✓ [ 225.1s]  (#1) 12q / 0_Clifford+T_001 / cut_incremental_qubit_prop

[2/10] 12q / 1_Clifford+T_002  observable: ZIIIIIIIIIII
    » [03:04:50]  12q / 1_Clifford+T_002  observable=ZIIIIIIIIIII  computing ground truth (PennyLane default.qubit)...
    · [   0.0s]  ground_truth = 1.000000
    » [03:04:51]  (#2) 12q / 1_Clifford+T_002 / noisy_vanilla  starting...
    » [03:04:59]  (#2) 12q / 1_Clifford+T_002 / cut_divided_budget  starting...
/home/a.brogi/cut_and_inc/env/lib/python3.10/site-packages/pennylane/qcut/cutstrategy.py:367: UserWarning: The numer of partition attempts seems high (40).
  warnings.warn(f"The numer of partition attempts seems high ({len(ks)}).")
    ✓ [  46.0s]  (#2) 12q / 1_Clifford+T_002 / cut_divided_budget
    » [03:05:45]  (#2) 12q / 1_Clifford+T_002 / cut_qubit_prop  starting...
    ✓ [  40.9s]  (#2) 12q / 1_Clifford+T_002 / cut_qubit_prop
    » [03:06:26]  (#2) 12q / 1_Clifford+T_002 / cut_incremental_budget  starting...
    ✓ [ 248.8s]  (#2) 12q / 1_Clifford+T_002 / cut_incremental_budget
    » [03:10:34]  (#2) 12q / 1_Clifford+T_002 / cut_incremental_qubit_prop  starting...
    ✓ [ 237.4s]  (#2) 12q / 1_Clifford+T_002 / cut_incremental_qubit_prop

[3/10] 12q / 2_Clifford+T_004  observable: ZIIIIIIIIIII
    » [03:14:32]  12q / 2_Clifford+T_004  observable=ZIIIIIIIIIII  computing ground truth (PennyLane default.qubit)...
    · [   0.0s]  ground_truth = 1.000000
    » [03:14:32]  (#3) 12q / 2_Clifford+T_004 / noisy_vanilla  starting...
    » [03:14:40]  (#3) 12q / 2_Clifford+T_004 / cut_divided_budget  starting...
/home/a.brogi/cut_and_inc/env/lib/python3.10/site-packages/pennylane/qcut/cutstrategy.py:367: UserWarning: The numer of partition attempts seems high (40).
  warnings.warn(f"The numer of partition attempts seems high ({len(ks)}).")
    ✓ [  19.4s]  (#3) 12q / 2_Clifford+T_004 / cut_divided_budget
    » [03:14:59]  (#3) 12q / 2_Clifford+T_004 / cut_qubit_prop  starting...
    ✓ [  15.1s]  (#3) 12q / 2_Clifford+T_004 / cut_qubit_prop
    » [03:15:15]  (#3) 12q / 2_Clifford+T_004 / cut_incremental_budget  starting...
    ✓ [ 222.8s]  (#3) 12q / 2_Clifford+T_004 / cut_incremental_budget
    » [03:18:57]  (#3) 12q / 2_Clifford+T_004 / cut_incremental_qubit_prop  starting...
    ✓ [ 235.2s]  (#3) 12q / 2_Clifford+T_004 / cut_incremental_qubit_prop

[4/10] 12q / 3_Clifford+T_006  observable: ZIIIIIIIIIII
    » [03:22:53]  12q / 3_Clifford+T_006  observable=ZIIIIIIIIIII  computing ground truth (PennyLane default.qubit)...
    · [   0.0s]  ground_truth = 1.000000
    » [03:22:53]  (#4) 12q / 3_Clifford+T_006 / noisy_vanilla  starting...
    » [03:23:00]  (#4) 12q / 3_Clifford+T_006 / cut_divided_budget  starting...
/home/a.brogi/cut_and_inc/env/lib/python3.10/site-packages/pennylane/qcut/cutstrategy.py:367: UserWarning: The numer of partition attempts seems high (40).
  warnings.warn(f"The numer of partition attempts seems high ({len(ks)}).")
    ✓ [  15.7s]  (#4) 12q / 3_Clifford+T_006 / cut_divided_budget
    » [03:23:16]  (#4) 12q / 3_Clifford+T_006 / cut_qubit_prop  starting...
    ✓ [   9.0s]  (#4) 12q / 3_Clifford+T_006 / cut_qubit_prop
    » [03:23:25]  (#4) 12q / 3_Clifford+T_006 / cut_incremental_budget  starting...
    ✓ [ 220.0s]  (#4) 12q / 3_Clifford+T_006 / cut_incremental_budget
    » [03:27:05]  (#4) 12q / 3_Clifford+T_006 / cut_incremental_qubit_prop  starting...
    ✓ [ 229.6s]  (#4) 12q / 3_Clifford+T_006 / cut_incremental_qubit_prop

[5/10] 12q / 4_Clifford+T_011  observable: ZIIIIIIIIIII
    » [03:30:54]  12q / 4_Clifford+T_011  observable=ZIIIIIIIIIII  computing ground truth (PennyLane default.qubit)...
    · [   0.0s]  ground_truth = 0.000000
    » [03:30:54]  (#5) 12q / 4_Clifford+T_011 / noisy_vanilla  starting...
    » [03:31:03]  (#5) 12q / 4_Clifford+T_011 / cut_divided_budget  starting...
/home/a.brogi/cut_and_inc/env/lib/python3.10/site-packages/pennylane/qcut/cutstrategy.py:367: UserWarning: The numer of partition attempts seems high (40).
  warnings.warn(f"The numer of partition attempts seems high ({len(ks)}).")
    ✓ [  46.5s]  (#5) 12q / 4_Clifford+T_011 / cut_divided_budget
    » [03:31:49]  (#5) 12q / 4_Clifford+T_011 / cut_qubit_prop  starting...
    ✓ [  42.4s]  (#5) 12q / 4_Clifford+T_011 / cut_qubit_prop
    » [03:32:32]  (#5) 12q / 4_Clifford+T_011 / cut_incremental_budget  starting...
    ✓ [ 250.5s]  (#5) 12q / 4_Clifford+T_011 / cut_incremental_budget
    » [03:36:42]  (#5) 12q / 4_Clifford+T_011 / cut_incremental_qubit_prop  starting...
    ✓ [ 240.2s]  (#5) 12q / 4_Clifford+T_011 / cut_incremental_qubit_prop

[6/10] 12q / 5_Clifford+T_013  observable: ZIIIIIIIIIII
    » [03:40:43]  12q / 5_Clifford+T_013  observable=ZIIIIIIIIIII  computing ground truth (PennyLane default.qubit)...
    · [   0.0s]  ground_truth = 1.000000
    » [03:40:43]  (#6) 12q / 5_Clifford+T_013 / noisy_vanilla  starting...
    » [03:40:53]  (#6) 12q / 5_Clifford+T_013 / cut_divided_budget  starting...
/home/a.brogi/cut_and_inc/env/lib/python3.10/site-packages/pennylane/qcut/cutstrategy.py:367: UserWarning: The numer of partition attempts seems high (40).
  warnings.warn(f"The numer of partition attempts seems high ({len(ks)}).")
    ✓ [  41.0s]  (#6) 12q / 5_Clifford+T_013 / cut_divided_budget
    » [03:41:34]  (#6) 12q / 5_Clifford+T_013 / cut_qubit_prop  starting...
    ✓ [  34.4s]  (#6) 12q / 5_Clifford+T_013 / cut_qubit_prop
    » [03:42:08]  (#6) 12q / 5_Clifford+T_013 / cut_incremental_budget  starting...
    ✓ [ 253.6s]  (#6) 12q / 5_Clifford+T_013 / cut_incremental_budget
    » [03:46:22]  (#6) 12q / 5_Clifford+T_013 / cut_incremental_qubit_prop  starting...
    ✓ [ 253.8s]  (#6) 12q / 5_Clifford+T_013 / cut_incremental_qubit_prop

[7/10] 12q / 6_Clifford+T_015  observable: ZIIIIIIIIIII
    » [03:50:36]  12q / 6_Clifford+T_015  observable=ZIIIIIIIIIII  computing ground truth (PennyLane default.qubit)...
    · [   0.0s]  ground_truth = 0.000000
    » [03:50:36]  (#7) 12q / 6_Clifford+T_015 / noisy_vanilla  starting...
    » [03:50:44]  (#7) 12q / 6_Clifford+T_015 / cut_divided_budget  starting...
/home/a.brogi/cut_and_inc/env/lib/python3.10/site-packages/pennylane/qcut/cutstrategy.py:367: UserWarning: The numer of partition attempts seems high (40).
  warnings.warn(f"The numer of partition attempts seems high ({len(ks)}).")
    ✓ [  15.1s]  (#7) 12q / 6_Clifford+T_015 / cut_divided_budget
    » [03:50:59]  (#7) 12q / 6_Clifford+T_015 / cut_qubit_prop  starting...
    ✓ [   8.6s]  (#7) 12q / 6_Clifford+T_015 / cut_qubit_prop
    » [03:51:08]  (#7) 12q / 6_Clifford+T_015 / cut_incremental_budget  starting...
    ✓ [ 220.0s]  (#7) 12q / 6_Clifford+T_015 / cut_incremental_budget
    » [03:54:48]  (#7) 12q / 6_Clifford+T_015 / cut_incremental_qubit_prop  starting...
    ✓ [ 228.7s]  (#7) 12q / 6_Clifford+T_015 / cut_incremental_qubit_prop

[8/10] 12q / 7_Clifford+T_019  observable: ZIIIIIIIIIII
    » [03:58:36]  12q / 7_Clifford+T_019  observable=ZIIIIIIIIIII  computing ground truth (PennyLane default.qubit)...
    · [   0.0s]  ground_truth = 0.000000
    » [03:58:36]  (#8) 12q / 7_Clifford+T_019 / noisy_vanilla  starting...
    » [03:58:45]  (#8) 12q / 7_Clifford+T_019 / cut_divided_budget  starting...
/home/a.brogi/cut_and_inc/env/lib/python3.10/site-packages/pennylane/qcut/cutstrategy.py:367: UserWarning: The numer of partition attempts seems high (41).
  warnings.warn(f"The numer of partition attempts seems high ({len(ks)}).")
    ✓ [  10.5s]  (#8) 12q / 7_Clifford+T_019 / cut_divided_budget
    » [03:58:55]  (#8) 12q / 7_Clifford+T_019 / cut_qubit_prop  starting...
    ✓ [   2.6s]  (#8) 12q / 7_Clifford+T_019 / cut_qubit_prop
    » [03:58:58]  (#8) 12q / 7_Clifford+T_019 / cut_incremental_budget  starting...
    ✓ [ 233.5s]  (#8) 12q / 7_Clifford+T_019 / cut_incremental_budget
    » [04:02:51]  (#8) 12q / 7_Clifford+T_019 / cut_incremental_qubit_prop  starting...
    ✓ [ 234.1s]  (#8) 12q / 7_Clifford+T_019 / cut_incremental_qubit_prop

[9/10] 12q / 8_Clifford+T_021  observable: ZIIIIIIIIIII
    » [04:06:45]  12q / 8_Clifford+T_021  observable=ZIIIIIIIIIII  computing ground truth (PennyLane default.qubit)...
    · [   0.0s]  ground_truth = 0.000000
    » [04:06:45]  (#9) 12q / 8_Clifford+T_021 / noisy_vanilla  starting...
    » [04:06:52]  (#9) 12q / 8_Clifford+T_021 / cut_divided_budget  starting...
/home/a.brogi/cut_and_inc/env/lib/python3.10/site-packages/pennylane/qcut/cutstrategy.py:367: UserWarning: The numer of partition attempts seems high (40).
  warnings.warn(f"The numer of partition attempts seems high ({len(ks)}).")
    ✓ [  15.3s]  (#9) 12q / 8_Clifford+T_021 / cut_divided_budget
    » [04:07:07]  (#9) 12q / 8_Clifford+T_021 / cut_qubit_prop  starting...
    ✓ [   8.5s]  (#9) 12q / 8_Clifford+T_021 / cut_qubit_prop
    » [04:07:16]  (#9) 12q / 8_Clifford+T_021 / cut_incremental_budget  starting...
    ✓ [ 226.1s]  (#9) 12q / 8_Clifford+T_021 / cut_incremental_budget
    » [04:11:02]  (#9) 12q / 8_Clifford+T_021 / cut_incremental_qubit_prop  starting...
    ✓ [ 230.7s]  (#9) 12q / 8_Clifford+T_021 / cut_incremental_qubit_prop

[10/10] 12q / 9_Clifford+T_025  observable: ZIIIIIIIIIII
    » [04:14:52]  12q / 9_Clifford+T_025  observable=ZIIIIIIIIIII  computing ground truth (PennyLane default.qubit)...
    · [   0.0s]  ground_truth = -1.000000
    » [04:14:52]  (#10) 12q / 9_Clifford+T_025 / noisy_vanilla  starting...
    » [04:14:59]  (#10) 12q / 9_Clifford+T_025 / cut_divided_budget  starting...
/home/a.brogi/cut_and_inc/env/lib/python3.10/site-packages/pennylane/qcut/cutstrategy.py:367: UserWarning: The numer of partition attempts seems high (40).
  warnings.warn(f"The numer of partition attempts seems high ({len(ks)}).")
    ✓ [  43.4s]  (#10) 12q / 9_Clifford+T_025 / cut_divided_budget
    » [04:15:43]  (#10) 12q / 9_Clifford+T_025 / cut_qubit_prop  starting...
    ✓ [  36.9s]  (#10) 12q / 9_Clifford+T_025 / cut_qubit_prop
    » [04:16:19]  (#10) 12q / 9_Clifford+T_025 / cut_incremental_budget  starting...
    ✓ [ 249.7s]  (#10) 12q / 9_Clifford+T_025 / cut_incremental_budget
    » [04:20:29]  (#10) 12q / 9_Clifford+T_025 / cut_incremental_qubit_prop  starting...
    ✓ [ 250.8s]  (#10) 12q / 9_Clifford+T_025 / cut_incremental_qubit_prop

============================================================
  Finished :   40  mode runs
  Failed   :    0  mode runs
============================================================

Merged CSV -> results/new/stable_shots_runs_10-14q_no_vanilla/10000_shots/kawasaki/12_qubits/summary.csv
Run log    -> results/new/stable_shots_runs_10-14q_no_vanilla/10000_shots/kawasaki/12_qubits/run.log
Per-mode JSON -> results/new/stable_shots_runs_10-14q_no_vanilla/10000_shots/kawasaki/12_qubits/<qubits>q/<circuit>/<mode>.json
	Command being timed: "python main_new_new.py --circuits-pkl only_cliffordt/clif12.pkl --shots 10000 --noisy-backend aer.fake_kawasaki --seed-simulator 42 --modes cut_divided_budget cut_qubit_prop cut_incremental_budget cut_incremental_qubit_prop --incremental-config configs/stable_shots.json --parallel-circuits 1 --output-dir results/new/stable_shots_runs_10-14q_no_vanilla/10000_shots/kawasaki/12_qubits"
	User time (seconds): 5264.35
	System time (seconds): 3.44
	Percent of CPU this job got: 99%
	Elapsed (wall clock) time (h:mm:ss or m:ss): 1:27:50
	Average shared text size (kbytes): 0
	Average unshared data size (kbytes): 0
	Average stack size (kbytes): 0
	Average total size (kbytes): 0
	Maximum resident set size (kbytes): 638020
	Average resident set size (kbytes): 0
	Major (requiring I/O) page faults: 0
	Minor (reclaiming a frame) page faults: 935814
	Voluntary context switches: 35078
	Involuntary context switches: 94084
	Swaps: 0
	File system inputs: 0
	File system outputs: 3536
	Socket messages sent: 0
	Socket messages received: 0
	Signals delivered: 0
	Page size (bytes): 4096
	Exit status: 0
[Sat Jun 13 04:24:41 AM UTC 2026] Finished 12 qubits | shots=10000 | backend=aer.fake_kawasaki
