[Tue Jun 16 01:15:09 AM UTC 2026] Starting 13 qubits | shots=10000 | backend=aer.fake_kyoto
[Tue Jun 16 01:15:09 AM UTC 2026] Per-job memory limit: 6GB virtual memory

[1/10] 13q / 0_Clifford+T_002  observable: ZIIIIIIIIIIII
/home/local/ADUNIPI/a044855/cutandinc/newcut/lib/python3.12/site-packages/qiskit_ibm_runtime/fake_provider/backends/nighthawk/fake_nighthawk.py:76: UserWarning: Properties of fake_nighthawk are not intended to represent typical nighthawk error values.
  warnings.warn(
    » [01:15:16]  13q / 0_Clifford+T_002  observable=ZIIIIIIIIIIII  computing ground truth (PennyLane default.qubit)...
    · [   0.5s]  ground_truth = -1.000000
    » [01:15:16]  (#1) 13q / 0_Clifford+T_002 / noisy_vanilla  starting...
    » [01:15:47]  (#1) 13q / 0_Clifford+T_002 / cut_divided_budget  starting...
/home/local/ADUNIPI/a044855/cutandinc/newcut/lib/python3.12/site-packages/pennylane/qcut/cutstrategy.py:367: UserWarning: The number of partition attempts seems high (40).
  warnings.warn(f"The number of partition attempts seems high ({len(ks)}).")
    ✓ [  28.7s]  (#1) 13q / 0_Clifford+T_002 / cut_divided_budget
    » [01:16:16]  (#1) 13q / 0_Clifford+T_002 / cut_qubit_prop  starting...
    ✓ [  27.7s]  (#1) 13q / 0_Clifford+T_002 / cut_qubit_prop
    » [01:16:44]  (#1) 13q / 0_Clifford+T_002 / cut_incremental_budget  starting...
    ✓ [ 322.4s]  (#1) 13q / 0_Clifford+T_002 / cut_incremental_budget
    » [01:22:06]  (#1) 13q / 0_Clifford+T_002 / cut_incremental_qubit_prop  starting...
    ✓ [ 340.7s]  (#1) 13q / 0_Clifford+T_002 / cut_incremental_qubit_prop

[2/10] 13q / 1_Clifford+T_004  observable: ZIIIIIIIIIIII
    » [01:27:47]  13q / 1_Clifford+T_004  observable=ZIIIIIIIIIIII  computing ground truth (PennyLane default.qubit)...
    · [   0.2s]  ground_truth = 0.000000
    » [01:27:47]  (#2) 13q / 1_Clifford+T_004 / noisy_vanilla  starting...
    » [01:28:17]  (#2) 13q / 1_Clifford+T_004 / cut_divided_budget  starting...
/home/local/ADUNIPI/a044855/cutandinc/newcut/lib/python3.12/site-packages/pennylane/qcut/cutstrategy.py:367: UserWarning: The number of partition attempts seems high (40).
  warnings.warn(f"The number of partition attempts seems high ({len(ks)}).")
    ✓ [  19.7s]  (#2) 13q / 1_Clifford+T_004 / cut_divided_budget
    » [01:28:37]  (#2) 13q / 1_Clifford+T_004 / cut_qubit_prop  starting...
    ✓ [  12.3s]  (#2) 13q / 1_Clifford+T_004 / cut_qubit_prop
    » [01:28:49]  (#2) 13q / 1_Clifford+T_004 / cut_incremental_budget  starting...
    ✓ [ 310.5s]  (#2) 13q / 1_Clifford+T_004 / cut_incremental_budget
    » [01:34:00]  (#2) 13q / 1_Clifford+T_004 / cut_incremental_qubit_prop  starting...
    ✓ [ 312.8s]  (#2) 13q / 1_Clifford+T_004 / cut_incremental_qubit_prop

[3/10] 13q / 2_Clifford+T_007  observable: ZIIIIIIIIIIII
    » [01:39:13]  13q / 2_Clifford+T_007  observable=ZIIIIIIIIIIII  computing ground truth (PennyLane default.qubit)...
    · [   0.0s]  ground_truth = -1.000000
    » [01:39:13]  (#3) 13q / 2_Clifford+T_007 / noisy_vanilla  starting...
    » [01:39:53]  (#3) 13q / 2_Clifford+T_007 / cut_divided_budget  starting...
/home/local/ADUNIPI/a044855/cutandinc/newcut/lib/python3.12/site-packages/pennylane/qcut/cutstrategy.py:367: UserWarning: The number of partition attempts seems high (40).
  warnings.warn(f"The number of partition attempts seems high ({len(ks)}).")
    ✓ [  19.1s]  (#3) 13q / 2_Clifford+T_007 / cut_divided_budget
    » [01:40:12]  (#3) 13q / 2_Clifford+T_007 / cut_qubit_prop  starting...
    ✓ [  11.8s]  (#3) 13q / 2_Clifford+T_007 / cut_qubit_prop
    » [01:40:24]  (#3) 13q / 2_Clifford+T_007 / cut_incremental_budget  starting...
    ✓ [ 311.3s]  (#3) 13q / 2_Clifford+T_007 / cut_incremental_budget
    » [01:45:35]  (#3) 13q / 2_Clifford+T_007 / cut_incremental_qubit_prop  starting...
    ✓ [ 318.8s]  (#3) 13q / 2_Clifford+T_007 / cut_incremental_qubit_prop

[4/10] 13q / 3_Clifford+T_010  observable: ZIIIIIIIIIIII
    » [01:50:54]  13q / 3_Clifford+T_010  observable=ZIIIIIIIIIIII  computing ground truth (PennyLane default.qubit)...
    · [   0.0s]  ground_truth = 1.000000
    » [01:50:54]  (#4) 13q / 3_Clifford+T_010 / noisy_vanilla  starting...
    » [01:51:30]  (#4) 13q / 3_Clifford+T_010 / cut_divided_budget  starting...
/home/local/ADUNIPI/a044855/cutandinc/newcut/lib/python3.12/site-packages/pennylane/qcut/cutstrategy.py:367: UserWarning: The number of partition attempts seems high (40).
  warnings.warn(f"The number of partition attempts seems high ({len(ks)}).")
    ✓ [  24.0s]  (#4) 13q / 3_Clifford+T_010 / cut_divided_budget
    » [01:51:54]  (#4) 13q / 3_Clifford+T_010 / cut_qubit_prop  starting...
    ✓ [  20.1s]  (#4) 13q / 3_Clifford+T_010 / cut_qubit_prop
    » [01:52:14]  (#4) 13q / 3_Clifford+T_010 / cut_incremental_budget  starting...
    ✓ [ 309.6s]  (#4) 13q / 3_Clifford+T_010 / cut_incremental_budget
    » [01:57:23]  (#4) 13q / 3_Clifford+T_010 / cut_incremental_qubit_prop  starting...
    ✓ [ 325.4s]  (#4) 13q / 3_Clifford+T_010 / cut_incremental_qubit_prop

[5/10] 13q / 4_Clifford+T_012  observable: ZIIIIIIIIIIII
    » [02:02:49]  13q / 4_Clifford+T_012  observable=ZIIIIIIIIIIII  computing ground truth (PennyLane default.qubit)...
    · [   0.0s]  ground_truth = -1.000000
    » [02:02:49]  (#5) 13q / 4_Clifford+T_012 / noisy_vanilla  starting...
    » [02:03:14]  (#5) 13q / 4_Clifford+T_012 / cut_divided_budget  starting...
/home/local/ADUNIPI/a044855/cutandinc/newcut/lib/python3.12/site-packages/pennylane/qcut/cutstrategy.py:367: UserWarning: The number of partition attempts seems high (40).
  warnings.warn(f"The number of partition attempts seems high ({len(ks)}).")
    ✓ [  24.5s]  (#5) 13q / 4_Clifford+T_012 / cut_divided_budget
    » [02:03:38]  (#5) 13q / 4_Clifford+T_012 / cut_qubit_prop  starting...
    ✓ [  19.4s]  (#5) 13q / 4_Clifford+T_012 / cut_qubit_prop
    » [02:03:57]  (#5) 13q / 4_Clifford+T_012 / cut_incremental_budget  starting...
    ✓ [ 311.2s]  (#5) 13q / 4_Clifford+T_012 / cut_incremental_budget
    » [02:09:09]  (#5) 13q / 4_Clifford+T_012 / cut_incremental_qubit_prop  starting...
    ✓ [ 328.5s]  (#5) 13q / 4_Clifford+T_012 / cut_incremental_qubit_prop

[6/10] 13q / 5_Clifford+T_014  observable: ZIIIIIIIIIIII
    » [02:14:37]  13q / 5_Clifford+T_014  observable=ZIIIIIIIIIIII  computing ground truth (PennyLane default.qubit)...
    · [   0.0s]  ground_truth = -1.000000
    » [02:14:37]  (#6) 13q / 5_Clifford+T_014 / noisy_vanilla  starting...
    » [02:15:15]  (#6) 13q / 5_Clifford+T_014 / cut_divided_budget  starting...
/home/local/ADUNIPI/a044855/cutandinc/newcut/lib/python3.12/site-packages/pennylane/qcut/cutstrategy.py:367: UserWarning: The number of partition attempts seems high (40).
  warnings.warn(f"The number of partition attempts seems high ({len(ks)}).")
    ✓ [  58.1s]  (#6) 13q / 5_Clifford+T_014 / cut_divided_budget
    » [02:16:13]  (#6) 13q / 5_Clifford+T_014 / cut_qubit_prop  starting...
    ✓ [  51.8s]  (#6) 13q / 5_Clifford+T_014 / cut_qubit_prop
    » [02:17:05]  (#6) 13q / 5_Clifford+T_014 / cut_incremental_budget  starting...
    ✓ [ 359.2s]  (#6) 13q / 5_Clifford+T_014 / cut_incremental_budget
    » [02:23:04]  (#6) 13q / 5_Clifford+T_014 / cut_incremental_qubit_prop  starting...
    ✓ [ 333.5s]  (#6) 13q / 5_Clifford+T_014 / cut_incremental_qubit_prop

[7/10] 13q / 6_Clifford+T_015  observable: ZIIIIIIIIIIII
    » [02:28:38]  13q / 6_Clifford+T_015  observable=ZIIIIIIIIIIII  computing ground truth (PennyLane default.qubit)...
    · [   0.0s]  ground_truth = 0.000000
    » [02:28:38]  (#7) 13q / 6_Clifford+T_015 / noisy_vanilla  starting...
    » [02:29:10]  (#7) 13q / 6_Clifford+T_015 / cut_divided_budget  starting...
/home/local/ADUNIPI/a044855/cutandinc/newcut/lib/python3.12/site-packages/pennylane/qcut/cutstrategy.py:367: UserWarning: The number of partition attempts seems high (40).
  warnings.warn(f"The number of partition attempts seems high ({len(ks)}).")
    ✓ [  19.9s]  (#7) 13q / 6_Clifford+T_015 / cut_divided_budget
    » [02:29:30]  (#7) 13q / 6_Clifford+T_015 / cut_qubit_prop  starting...
    ✓ [  12.4s]  (#7) 13q / 6_Clifford+T_015 / cut_qubit_prop
    » [02:29:42]  (#7) 13q / 6_Clifford+T_015 / cut_incremental_budget  starting...
    ✓ [ 313.2s]  (#7) 13q / 6_Clifford+T_015 / cut_incremental_budget
    » [02:34:55]  (#7) 13q / 6_Clifford+T_015 / cut_incremental_qubit_prop  starting...
    ✓ [ 313.0s]  (#7) 13q / 6_Clifford+T_015 / cut_incremental_qubit_prop

[8/10] 13q / 7_Clifford+T_016  observable: ZIIIIIIIIIIII
    » [02:40:08]  13q / 7_Clifford+T_016  observable=ZIIIIIIIIIIII  computing ground truth (PennyLane default.qubit)...
    · [   0.0s]  ground_truth = 1.000000
    » [02:40:08]  (#8) 13q / 7_Clifford+T_016 / noisy_vanilla  starting...
    » [02:40:40]  (#8) 13q / 7_Clifford+T_016 / cut_divided_budget  starting...
/home/local/ADUNIPI/a044855/cutandinc/newcut/lib/python3.12/site-packages/pennylane/qcut/cutstrategy.py:367: UserWarning: The number of partition attempts seems high (41).
  warnings.warn(f"The number of partition attempts seems high ({len(ks)}).")
    ✓ [  19.6s]  (#8) 13q / 7_Clifford+T_016 / cut_divided_budget
    » [02:41:00]  (#8) 13q / 7_Clifford+T_016 / cut_qubit_prop  starting...
    ✓ [  11.8s]  (#8) 13q / 7_Clifford+T_016 / cut_qubit_prop
    » [02:41:12]  (#8) 13q / 7_Clifford+T_016 / cut_incremental_budget  starting...
    ✓ [ 309.7s]  (#8) 13q / 7_Clifford+T_016 / cut_incremental_budget
    » [02:46:21]  (#8) 13q / 7_Clifford+T_016 / cut_incremental_qubit_prop  starting...
    ✓ [ 321.0s]  (#8) 13q / 7_Clifford+T_016 / cut_incremental_qubit_prop

[9/10] 13q / 8_Clifford+T_017  observable: ZIIIIIIIIIIII
    » [02:51:42]  13q / 8_Clifford+T_017  observable=ZIIIIIIIIIIII  computing ground truth (PennyLane default.qubit)...
    · [   0.0s]  ground_truth = 0.000000
    » [02:51:42]  (#9) 13q / 8_Clifford+T_017 / noisy_vanilla  starting...
    » [02:52:16]  (#9) 13q / 8_Clifford+T_017 / cut_divided_budget  starting...
/home/local/ADUNIPI/a044855/cutandinc/newcut/lib/python3.12/site-packages/pennylane/qcut/cutstrategy.py:367: UserWarning: The number of partition attempts seems high (40).
  warnings.warn(f"The number of partition attempts seems high ({len(ks)}).")
    ✓ [  19.1s]  (#9) 13q / 8_Clifford+T_017 / cut_divided_budget
    » [02:52:35]  (#9) 13q / 8_Clifford+T_017 / cut_qubit_prop  starting...
    ✓ [  11.9s]  (#9) 13q / 8_Clifford+T_017 / cut_qubit_prop
    » [02:52:47]  (#9) 13q / 8_Clifford+T_017 / cut_incremental_budget  starting...
    ✓ [ 307.0s]  (#9) 13q / 8_Clifford+T_017 / cut_incremental_budget
    » [02:57:54]  (#9) 13q / 8_Clifford+T_017 / cut_incremental_qubit_prop  starting...
    ✓ [ 318.4s]  (#9) 13q / 8_Clifford+T_017 / cut_incremental_qubit_prop

[10/10] 13q / 9_Clifford+T_020  observable: ZIIIIIIIIIIII
    » [03:03:12]  13q / 9_Clifford+T_020  observable=ZIIIIIIIIIIII  computing ground truth (PennyLane default.qubit)...
    · [   0.0s]  ground_truth = 0.000000
    » [03:03:12]  (#10) 13q / 9_Clifford+T_020 / noisy_vanilla  starting...
    » [03:03:51]  (#10) 13q / 9_Clifford+T_020 / cut_divided_budget  starting...
/home/local/ADUNIPI/a044855/cutandinc/newcut/lib/python3.12/site-packages/pennylane/qcut/cutstrategy.py:367: UserWarning: The number of partition attempts seems high (41).
  warnings.warn(f"The number of partition attempts seems high ({len(ks)}).")
    ✓ [  30.4s]  (#10) 13q / 9_Clifford+T_020 / cut_divided_budget
    » [03:04:21]  (#10) 13q / 9_Clifford+T_020 / cut_qubit_prop  starting...
    ✓ [  30.3s]  (#10) 13q / 9_Clifford+T_020 / cut_qubit_prop
    » [03:04:52]  (#10) 13q / 9_Clifford+T_020 / cut_incremental_budget  starting...
    ✓ [ 292.7s]  (#10) 13q / 9_Clifford+T_020 / cut_incremental_budget
    » [03:09:44]  (#10) 13q / 9_Clifford+T_020 / cut_incremental_qubit_prop  starting...
    ✓ [ 345.2s]  (#10) 13q / 9_Clifford+T_020 / cut_incremental_qubit_prop

============================================================
  Finished :   40  mode runs
  Failed   :    0  mode runs
============================================================

Merged CSV -> results/new/stable_shots_runs02_10-14q_no_vanilla/10000_shots/kyoto/13_qubits/summary.csv
Run log    -> results/new/stable_shots_runs02_10-14q_no_vanilla/10000_shots/kyoto/13_qubits/run.log
Per-mode JSON -> results/new/stable_shots_runs02_10-14q_no_vanilla/10000_shots/kyoto/13_qubits/<qubits>q/<circuit>/<mode>.json
	Command being timed: "python main_new_new.py --circuits-pkl only_cliffordt/clif13.pkl --shots 10000 --noisy-backend aer.fake_kyoto --seed-simulator 42 --modes cut_divided_budget cut_qubit_prop cut_incremental_budget cut_incremental_qubit_prop --incremental-config configs/stable_shots.json --parallel-circuits 1 --output-dir results/new/stable_shots_runs02_10-14q_no_vanilla/10000_shots/kyoto/13_qubits"
	User time (seconds): 7184.44
	System time (seconds): 37.83
	Percent of CPU this job got: 100%
	Elapsed (wall clock) time (h:mm:ss or m:ss): 2:00:22
	Average shared text size (kbytes): 0
	Average unshared data size (kbytes): 0
	Average stack size (kbytes): 0
	Average total size (kbytes): 0
	Maximum resident set size (kbytes): 1545516
	Average resident set size (kbytes): 0
	Major (requiring I/O) page faults: 0
	Minor (reclaiming a frame) page faults: 12777928
	Voluntary context switches: 109104
	Involuntary context switches: 11253
	Swaps: 0
	File system inputs: 0
	File system outputs: 3160
	Socket messages sent: 0
	Socket messages received: 0
	Signals delivered: 0
	Page size (bytes): 4096
	Exit status: 0
[Tue Jun 16 03:15:31 AM UTC 2026] Finished 13 qubits | shots=10000 | backend=aer.fake_kyoto
