[Thu Jun 18 03:53:57 AM UTC 2026] Starting 10 qubits | shots=20000 | backend=aer.fake_torino
[Thu Jun 18 03:53:57 AM UTC 2026] Per-job memory limit: 7GB virtual memory

[1/10] 10q / 0_Clifford+T_001  observable: ZIIIIIIIII
/home/local/ADUNIPI/a044855/cutandinc/newcut/lib/python3.12/site-packages/qiskit_ibm_runtime/fake_provider/backends/nighthawk/fake_nighthawk.py:76: UserWarning: Properties of fake_nighthawk are not intended to represent typical nighthawk error values.
  warnings.warn(
    » [03:54:06]  10q / 0_Clifford+T_001  observable=ZIIIIIIIII  computing ground truth (PennyLane default.qubit)...
    · [   0.7s]  ground_truth = -1.000000
    » [03:54:07]  (#1) 10q / 0_Clifford+T_001 / noisy_vanilla  starting...
    ✓ [   3.2s]  (#1) 10q / 0_Clifford+T_001 / noisy_vanilla
    » [03:54:10]  (#1) 10q / 0_Clifford+T_001 / cut_divided_budget  starting...
/home/local/ADUNIPI/a044855/cutandinc/newcut/lib/python3.12/site-packages/pennylane/qcut/cutstrategy.py:367: UserWarning: The number of partition attempts seems high (40).
  warnings.warn(f"The number of partition attempts seems high ({len(ks)}).")
    ✓ [  86.3s]  (#1) 10q / 0_Clifford+T_001 / cut_divided_budget
    » [03:55:36]  (#1) 10q / 0_Clifford+T_001 / cut_qubit_prop  starting...
    ✓ [  77.4s]  (#1) 10q / 0_Clifford+T_001 / cut_qubit_prop
    » [03:56:54]  (#1) 10q / 0_Clifford+T_001 / cut_incremental_budget  starting...
    ✓ [1001.4s]  (#1) 10q / 0_Clifford+T_001 / cut_incremental_budget
    » [04:13:35]  (#1) 10q / 0_Clifford+T_001 / cut_incremental_qubit_prop  starting...
    ✓ [1490.8s]  (#1) 10q / 0_Clifford+T_001 / cut_incremental_qubit_prop

[2/10] 10q / 1_Clifford+T_004  observable: ZIIIIIIIII
    » [04:38:26]  10q / 1_Clifford+T_004  observable=ZIIIIIIIII  computing ground truth (PennyLane default.qubit)...
    · [   0.0s]  ground_truth = 0.000000
    » [04:38:26]  (#2) 10q / 1_Clifford+T_004 / noisy_vanilla  starting...
    ✓ [   5.5s]  (#2) 10q / 1_Clifford+T_004 / noisy_vanilla
    » [04:38:32]  (#2) 10q / 1_Clifford+T_004 / cut_divided_budget  starting...
/home/local/ADUNIPI/a044855/cutandinc/newcut/lib/python3.12/site-packages/pennylane/qcut/cutstrategy.py:367: UserWarning: The number of partition attempts seems high (40).
  warnings.warn(f"The number of partition attempts seems high ({len(ks)}).")
    ✓ [  44.5s]  (#2) 10q / 1_Clifford+T_004 / cut_divided_budget
    » [04:39:16]  (#2) 10q / 1_Clifford+T_004 / cut_qubit_prop  starting...
    ✓ [  32.4s]  (#2) 10q / 1_Clifford+T_004 / cut_qubit_prop
    » [04:39:48]  (#2) 10q / 1_Clifford+T_004 / cut_incremental_budget  starting...
    ✓ [ 815.9s]  (#2) 10q / 1_Clifford+T_004 / cut_incremental_budget
    » [04:53:24]  (#2) 10q / 1_Clifford+T_004 / cut_incremental_qubit_prop  starting...
    ✓ [ 805.4s]  (#2) 10q / 1_Clifford+T_004 / cut_incremental_qubit_prop

[3/10] 10q / 2_Clifford+T_008  observable: ZIIIIIIIII
    » [05:06:50]  10q / 2_Clifford+T_008  observable=ZIIIIIIIII  computing ground truth (PennyLane default.qubit)...
    · [   0.0s]  ground_truth = 1.000000
    » [05:06:50]  (#3) 10q / 2_Clifford+T_008 / noisy_vanilla  starting...
    ✓ [   5.4s]  (#3) 10q / 2_Clifford+T_008 / noisy_vanilla
    » [05:06:55]  (#3) 10q / 2_Clifford+T_008 / cut_divided_budget  starting...
/home/local/ADUNIPI/a044855/cutandinc/newcut/lib/python3.12/site-packages/pennylane/qcut/cutstrategy.py:367: UserWarning: The number of partition attempts seems high (40).
  warnings.warn(f"The number of partition attempts seems high ({len(ks)}).")
    ✓ [ 135.4s]  (#3) 10q / 2_Clifford+T_008 / cut_divided_budget
    » [05:09:11]  (#3) 10q / 2_Clifford+T_008 / cut_qubit_prop  starting...
    ✓ [ 127.6s]  (#3) 10q / 2_Clifford+T_008 / cut_qubit_prop
    » [05:11:18]  (#3) 10q / 2_Clifford+T_008 / cut_incremental_budget  starting...
    ✓ [1078.5s]  (#3) 10q / 2_Clifford+T_008 / cut_incremental_budget
    » [05:29:17]  (#3) 10q / 2_Clifford+T_008 / cut_incremental_qubit_prop  starting...
    ✓ [1542.9s]  (#3) 10q / 2_Clifford+T_008 / cut_incremental_qubit_prop

[4/10] 10q / 3_Clifford+T_015  observable: ZIIIIIIIII
    » [05:55:00]  10q / 3_Clifford+T_015  observable=ZIIIIIIIII  computing ground truth (PennyLane default.qubit)...
    · [   0.0s]  ground_truth = 1.000000
    » [05:55:00]  (#4) 10q / 3_Clifford+T_015 / noisy_vanilla  starting...
    ✓ [   5.4s]  (#4) 10q / 3_Clifford+T_015 / noisy_vanilla
    » [05:55:05]  (#4) 10q / 3_Clifford+T_015 / cut_divided_budget  starting...
/home/local/ADUNIPI/a044855/cutandinc/newcut/lib/python3.12/site-packages/pennylane/qcut/cutstrategy.py:367: UserWarning: The number of partition attempts seems high (40).
  warnings.warn(f"The number of partition attempts seems high ({len(ks)}).")
    ✓ [  42.2s]  (#4) 10q / 3_Clifford+T_015 / cut_divided_budget
    » [05:55:47]  (#4) 10q / 3_Clifford+T_015 / cut_qubit_prop  starting...
    ✓ [  31.4s]  (#4) 10q / 3_Clifford+T_015 / cut_qubit_prop
    » [05:56:18]  (#4) 10q / 3_Clifford+T_015 / cut_incremental_budget  starting...
    ✓ [ 532.8s]  (#4) 10q / 3_Clifford+T_015 / cut_incremental_budget
    » [06:05:11]  (#4) 10q / 3_Clifford+T_015 / cut_incremental_qubit_prop  starting...
    ✓ [ 519.0s]  (#4) 10q / 3_Clifford+T_015 / cut_incremental_qubit_prop

[5/10] 10q / 4_Clifford+T_024  observable: ZIIIIIIIII
    » [06:13:50]  10q / 4_Clifford+T_024  observable=ZIIIIIIIII  computing ground truth (PennyLane default.qubit)...
    · [   0.0s]  ground_truth = 0.000000
    » [06:13:50]  (#5) 10q / 4_Clifford+T_024 / noisy_vanilla  starting...
    ✓ [   5.1s]  (#5) 10q / 4_Clifford+T_024 / noisy_vanilla
    » [06:13:55]  (#5) 10q / 4_Clifford+T_024 / cut_divided_budget  starting...
/home/local/ADUNIPI/a044855/cutandinc/newcut/lib/python3.12/site-packages/pennylane/qcut/cutstrategy.py:367: UserWarning: The number of partition attempts seems high (40).
  warnings.warn(f"The number of partition attempts seems high ({len(ks)}).")
    ✓ [ 139.5s]  (#5) 10q / 4_Clifford+T_024 / cut_divided_budget
    » [06:16:15]  (#5) 10q / 4_Clifford+T_024 / cut_qubit_prop  starting...
    ✓ [ 126.7s]  (#5) 10q / 4_Clifford+T_024 / cut_qubit_prop
    » [06:18:22]  (#5) 10q / 4_Clifford+T_024 / cut_incremental_budget  starting...
    ✓ [1355.7s]  (#5) 10q / 4_Clifford+T_024 / cut_incremental_budget
    » [06:40:57]  (#5) 10q / 4_Clifford+T_024 / cut_incremental_qubit_prop  starting...
    ✓ [1440.6s]  (#5) 10q / 4_Clifford+T_024 / cut_incremental_qubit_prop

[6/10] 10q / 5_Clifford+T_026  observable: ZIIIIIIIII
    » [07:04:58]  10q / 5_Clifford+T_026  observable=ZIIIIIIIII  computing ground truth (PennyLane default.qubit)...
    · [   0.0s]  ground_truth = 1.000000
    » [07:04:58]  (#6) 10q / 5_Clifford+T_026 / noisy_vanilla  starting...
    ✓ [   2.6s]  (#6) 10q / 5_Clifford+T_026 / noisy_vanilla
    » [07:05:00]  (#6) 10q / 5_Clifford+T_026 / cut_divided_budget  starting...
/home/local/ADUNIPI/a044855/cutandinc/newcut/lib/python3.12/site-packages/pennylane/qcut/cutstrategy.py:367: UserWarning: The number of partition attempts seems high (40).
  warnings.warn(f"The number of partition attempts seems high ({len(ks)}).")
    ✓ [  84.4s]  (#6) 10q / 5_Clifford+T_026 / cut_divided_budget
    » [07:06:25]  (#6) 10q / 5_Clifford+T_026 / cut_qubit_prop  starting...
    ✓ [  74.8s]  (#6) 10q / 5_Clifford+T_026 / cut_qubit_prop
    » [07:07:39]  (#6) 10q / 5_Clifford+T_026 / cut_incremental_budget  starting...
    ✓ [1319.4s]  (#6) 10q / 5_Clifford+T_026 / cut_incremental_budget
    » [07:29:39]  (#6) 10q / 5_Clifford+T_026 / cut_incremental_qubit_prop  starting...
    ✓ [1020.5s]  (#6) 10q / 5_Clifford+T_026 / cut_incremental_qubit_prop

[7/10] 10q / 6_Clifford+T_032  observable: ZIIIIIIIII
    » [07:46:39]  10q / 6_Clifford+T_032  observable=ZIIIIIIIII  computing ground truth (PennyLane default.qubit)...
    · [   0.0s]  ground_truth = 1.000000
    » [07:46:39]  (#7) 10q / 6_Clifford+T_032 / noisy_vanilla  starting...
    ✓ [   2.9s]  (#7) 10q / 6_Clifford+T_032 / noisy_vanilla
    » [07:46:42]  (#7) 10q / 6_Clifford+T_032 / cut_divided_budget  starting...
/home/local/ADUNIPI/a044855/cutandinc/newcut/lib/python3.12/site-packages/pennylane/qcut/cutstrategy.py:367: UserWarning: The number of partition attempts seems high (40).
  warnings.warn(f"The number of partition attempts seems high ({len(ks)}).")
    ✓ [  27.0s]  (#7) 10q / 6_Clifford+T_032 / cut_divided_budget
    » [07:47:09]  (#7) 10q / 6_Clifford+T_032 / cut_qubit_prop  starting...
    ✓ [  32.3s]  (#7) 10q / 6_Clifford+T_032 / cut_qubit_prop
    » [07:47:41]  (#7) 10q / 6_Clifford+T_032 / cut_incremental_budget  starting...
    ✓ [ 307.1s]  (#7) 10q / 6_Clifford+T_032 / cut_incremental_budget
    » [07:52:49]  (#7) 10q / 6_Clifford+T_032 / cut_incremental_qubit_prop  starting...
    ✓ [ 368.9s]  (#7) 10q / 6_Clifford+T_032 / cut_incremental_qubit_prop

[8/10] 10q / 7_Clifford+T_033  observable: ZIIIIIIIII
    » [07:58:57]  10q / 7_Clifford+T_033  observable=ZIIIIIIIII  computing ground truth (PennyLane default.qubit)...
    · [   0.0s]  ground_truth = 1.000000
    » [07:58:57]  (#8) 10q / 7_Clifford+T_033 / noisy_vanilla  starting...
    ✓ [   5.3s]  (#8) 10q / 7_Clifford+T_033 / noisy_vanilla
    » [07:59:03]  (#8) 10q / 7_Clifford+T_033 / cut_divided_budget  starting...
/home/local/ADUNIPI/a044855/cutandinc/newcut/lib/python3.12/site-packages/pennylane/qcut/cutstrategy.py:367: UserWarning: The number of partition attempts seems high (40).
  warnings.warn(f"The number of partition attempts seems high ({len(ks)}).")
    ✓ [  40.7s]  (#8) 10q / 7_Clifford+T_033 / cut_divided_budget
    » [07:59:43]  (#8) 10q / 7_Clifford+T_033 / cut_qubit_prop  starting...
    ✓ [  32.2s]  (#8) 10q / 7_Clifford+T_033 / cut_qubit_prop
    » [08:00:16]  (#8) 10q / 7_Clifford+T_033 / cut_incremental_budget  starting...
    ✓ [ 327.2s]  (#8) 10q / 7_Clifford+T_033 / cut_incremental_budget
    » [08:05:43]  (#8) 10q / 7_Clifford+T_033 / cut_incremental_qubit_prop  starting...
    ✓ [ 264.5s]  (#8) 10q / 7_Clifford+T_033 / cut_incremental_qubit_prop

[9/10] 10q / 8_Clifford+T_039  observable: ZIIIIIIIII
    » [08:10:07]  10q / 8_Clifford+T_039  observable=ZIIIIIIIII  computing ground truth (PennyLane default.qubit)...
    · [   0.0s]  ground_truth = 0.000000
    » [08:10:07]  (#9) 10q / 8_Clifford+T_039 / noisy_vanilla  starting...
    ✓ [   2.9s]  (#9) 10q / 8_Clifford+T_039 / noisy_vanilla
    » [08:10:10]  (#9) 10q / 8_Clifford+T_039 / cut_divided_budget  starting...
/home/local/ADUNIPI/a044855/cutandinc/newcut/lib/python3.12/site-packages/pennylane/qcut/cutstrategy.py:367: UserWarning: The number of partition attempts seems high (40).
  warnings.warn(f"The number of partition attempts seems high ({len(ks)}).")
    ✓ [  89.3s]  (#9) 10q / 8_Clifford+T_039 / cut_divided_budget
    » [08:11:40]  (#9) 10q / 8_Clifford+T_039 / cut_qubit_prop  starting...
    ✓ [  77.7s]  (#9) 10q / 8_Clifford+T_039 / cut_qubit_prop
    » [08:12:57]  (#9) 10q / 8_Clifford+T_039 / cut_incremental_budget  starting...
    ✓ [1028.8s]  (#9) 10q / 8_Clifford+T_039 / cut_incremental_budget
    » [08:30:06]  (#9) 10q / 8_Clifford+T_039 / cut_incremental_qubit_prop  starting...
    ✓ [1256.8s]  (#9) 10q / 8_Clifford+T_039 / cut_incremental_qubit_prop

[10/10] 10q / 9_Clifford+T_041  observable: ZIIIIIIIII
    » [08:51:03]  10q / 9_Clifford+T_041  observable=ZIIIIIIIII  computing ground truth (PennyLane default.qubit)...
    · [   0.0s]  ground_truth = 1.000000
    » [08:51:03]  (#10) 10q / 9_Clifford+T_041 / noisy_vanilla  starting...
    ✓ [   3.0s]  (#10) 10q / 9_Clifford+T_041 / noisy_vanilla
    » [08:51:06]  (#10) 10q / 9_Clifford+T_041 / cut_divided_budget  starting...
/home/local/ADUNIPI/a044855/cutandinc/newcut/lib/python3.12/site-packages/pennylane/qcut/cutstrategy.py:367: UserWarning: The number of partition attempts seems high (40).
  warnings.warn(f"The number of partition attempts seems high ({len(ks)}).")
    ✓ [  28.5s]  (#10) 10q / 9_Clifford+T_041 / cut_divided_budget
    » [08:51:34]  (#10) 10q / 9_Clifford+T_041 / cut_qubit_prop  starting...
    ✓ [  19.1s]  (#10) 10q / 9_Clifford+T_041 / cut_qubit_prop
    » [08:51:53]  (#10) 10q / 9_Clifford+T_041 / cut_incremental_budget  starting...
    ✓ [ 377.8s]  (#10) 10q / 9_Clifford+T_041 / cut_incremental_budget
    » [08:58:11]  (#10) 10q / 9_Clifford+T_041 / cut_incremental_qubit_prop  starting...
    ✓ [ 343.8s]  (#10) 10q / 9_Clifford+T_041 / cut_incremental_qubit_prop

============================================================
  Finished :   50  mode runs
  Failed   :    0  mode runs
============================================================

Merged CSV -> results/new/stable_shots_02/20000_shots/torino/10_qubits/summary.csv
Run log    -> results/new/stable_shots_02/20000_shots/torino/10_qubits/run.log
Per-mode JSON -> results/new/stable_shots_02/20000_shots/torino/10_qubits/<qubits>q/<circuit>/<mode>.json
	Command being timed: "python main_new_new.py --circuits-pkl only_cliffordt/clif10.pkl --shots 20000 --noisy-backend aer.fake_torino --seed-simulator 42 --modes noisy_vanilla cut_divided_budget cut_qubit_prop cut_incremental_budget cut_incremental_qubit_prop --incremental-config configs/stable_shots2.json --parallel-circuits 1 --output-dir results/new/stable_shots_02/20000_shots/torino/10_qubits"
	User time (seconds): 18587.34
	System time (seconds): 12.48
	Percent of CPU this job got: 100%
	Elapsed (wall clock) time (h:mm:ss or m:ss): 5:09:59
	Average shared text size (kbytes): 0
	Average unshared data size (kbytes): 0
	Average stack size (kbytes): 0
	Average total size (kbytes): 0
	Maximum resident set size (kbytes): 638168
	Average resident set size (kbytes): 0
	Major (requiring I/O) page faults: 0
	Minor (reclaiming a frame) page faults: 4009175
	Voluntary context switches: 220745
	Involuntary context switches: 24176
	Swaps: 0
	File system inputs: 0
	File system outputs: 4040
	Socket messages sent: 0
	Socket messages received: 0
	Signals delivered: 0
	Page size (bytes): 4096
	Exit status: 0
[Thu Jun 18 09:03:57 AM UTC 2026] Finished 10 qubits | shots=20000 | backend=aer.fake_torino
