[Thu Jun 18 04:54:17 AM UTC 2026] Starting 13 qubits | shots=20000 | backend=aer.fake_torino
[Thu Jun 18 04:54:17 AM UTC 2026] Per-job memory limit: 7GB virtual memory

[1/10] 13q / 0_Clifford+T_002  observable: ZIIIIIIIIIIII
/home/local/ADUNIPI/a044855/cutandinc/newcut/lib/python3.12/site-packages/qiskit_ibm_runtime/fake_provider/backends/nighthawk/fake_nighthawk.py:76: UserWarning: Properties of fake_nighthawk are not intended to represent typical nighthawk error values.
  warnings.warn(
    » [04:54:31]  13q / 0_Clifford+T_002  observable=ZIIIIIIIIIIII  computing ground truth (PennyLane default.qubit)...
    · [   0.7s]  ground_truth = -1.000000
    » [04:54:31]  (#1) 13q / 0_Clifford+T_002 / noisy_vanilla  starting...
    ✓ [  63.7s]  (#1) 13q / 0_Clifford+T_002 / noisy_vanilla
    » [04:55:35]  (#1) 13q / 0_Clifford+T_002 / cut_divided_budget  starting...
/home/local/ADUNIPI/a044855/cutandinc/newcut/lib/python3.12/site-packages/pennylane/qcut/cutstrategy.py:367: UserWarning: The number of partition attempts seems high (40).
  warnings.warn(f"The number of partition attempts seems high ({len(ks)}).")
    ✓ [  73.8s]  (#1) 13q / 0_Clifford+T_002 / cut_divided_budget
    » [04:56:49]  (#1) 13q / 0_Clifford+T_002 / cut_qubit_prop  starting...
    ✓ [  76.5s]  (#1) 13q / 0_Clifford+T_002 / cut_qubit_prop
    » [04:58:05]  (#1) 13q / 0_Clifford+T_002 / cut_incremental_budget  starting...
    ✓ [ 464.3s]  (#1) 13q / 0_Clifford+T_002 / cut_incremental_budget
    » [05:05:50]  (#1) 13q / 0_Clifford+T_002 / cut_incremental_qubit_prop  starting...
    ✓ [ 412.6s]  (#1) 13q / 0_Clifford+T_002 / cut_incremental_qubit_prop

[2/10] 13q / 1_Clifford+T_004  observable: ZIIIIIIIIIIII
    » [05:12:42]  13q / 1_Clifford+T_004  observable=ZIIIIIIIIIIII  computing ground truth (PennyLane default.qubit)...
    · [   0.0s]  ground_truth = 0.000000
    » [05:12:42]  (#2) 13q / 1_Clifford+T_004 / noisy_vanilla  starting...
    ✓ [  48.6s]  (#2) 13q / 1_Clifford+T_004 / noisy_vanilla
    » [05:13:31]  (#2) 13q / 1_Clifford+T_004 / cut_divided_budget  starting...
/home/local/ADUNIPI/a044855/cutandinc/newcut/lib/python3.12/site-packages/pennylane/qcut/cutstrategy.py:367: UserWarning: The number of partition attempts seems high (40).
  warnings.warn(f"The number of partition attempts seems high ({len(ks)}).")
    ✓ [  43.9s]  (#2) 13q / 1_Clifford+T_004 / cut_divided_budget
    » [05:14:15]  (#2) 13q / 1_Clifford+T_004 / cut_qubit_prop  starting...
    ✓ [  32.9s]  (#2) 13q / 1_Clifford+T_004 / cut_qubit_prop
    » [05:14:48]  (#2) 13q / 1_Clifford+T_004 / cut_incremental_budget  starting...
    ✓ [ 672.3s]  (#2) 13q / 1_Clifford+T_004 / cut_incremental_budget
    » [05:26:00]  (#2) 13q / 1_Clifford+T_004 / cut_incremental_qubit_prop  starting...
    ✓ [ 503.0s]  (#2) 13q / 1_Clifford+T_004 / cut_incremental_qubit_prop

[3/10] 13q / 2_Clifford+T_007  observable: ZIIIIIIIIIIII
    » [05:34:23]  13q / 2_Clifford+T_007  observable=ZIIIIIIIIIIII  computing ground truth (PennyLane default.qubit)...
    · [   0.0s]  ground_truth = -1.000000
    » [05:34:23]  (#3) 13q / 2_Clifford+T_007 / noisy_vanilla  starting...
    ✓ [  41.8s]  (#3) 13q / 2_Clifford+T_007 / noisy_vanilla
    » [05:35:05]  (#3) 13q / 2_Clifford+T_007 / cut_divided_budget  starting...
/home/local/ADUNIPI/a044855/cutandinc/newcut/lib/python3.12/site-packages/pennylane/qcut/cutstrategy.py:367: UserWarning: The number of partition attempts seems high (40).
  warnings.warn(f"The number of partition attempts seems high ({len(ks)}).")
    ✓ [  26.4s]  (#3) 13q / 2_Clifford+T_007 / cut_divided_budget
    » [05:35:31]  (#3) 13q / 2_Clifford+T_007 / cut_qubit_prop  starting...
    ✓ [  19.5s]  (#3) 13q / 2_Clifford+T_007 / cut_qubit_prop
    » [05:35:51]  (#3) 13q / 2_Clifford+T_007 / cut_incremental_budget  starting...
    ✓ [ 362.5s]  (#3) 13q / 2_Clifford+T_007 / cut_incremental_budget
    » [05:41:53]  (#3) 13q / 2_Clifford+T_007 / cut_incremental_qubit_prop  starting...
    ✓ [ 348.0s]  (#3) 13q / 2_Clifford+T_007 / cut_incremental_qubit_prop

[4/10] 13q / 3_Clifford+T_010  observable: ZIIIIIIIIIIII
    » [05:47:41]  13q / 3_Clifford+T_010  observable=ZIIIIIIIIIIII  computing ground truth (PennyLane default.qubit)...
    · [   0.0s]  ground_truth = 1.000000
    » [05:47:41]  (#4) 13q / 3_Clifford+T_010 / noisy_vanilla  starting...
    ✓ [  37.8s]  (#4) 13q / 3_Clifford+T_010 / noisy_vanilla
    » [05:48:19]  (#4) 13q / 3_Clifford+T_010 / cut_divided_budget  starting...
/home/local/ADUNIPI/a044855/cutandinc/newcut/lib/python3.12/site-packages/pennylane/qcut/cutstrategy.py:367: UserWarning: The number of partition attempts seems high (40).
  warnings.warn(f"The number of partition attempts seems high ({len(ks)}).")
    ✓ [  33.9s]  (#4) 13q / 3_Clifford+T_010 / cut_divided_budget
    » [05:48:53]  (#4) 13q / 3_Clifford+T_010 / cut_qubit_prop  starting...
    ✓ [  26.6s]  (#4) 13q / 3_Clifford+T_010 / cut_qubit_prop
    » [05:49:19]  (#4) 13q / 3_Clifford+T_010 / cut_incremental_budget  starting...
    ✓ [ 486.8s]  (#4) 13q / 3_Clifford+T_010 / cut_incremental_budget
    » [05:57:26]  (#4) 13q / 3_Clifford+T_010 / cut_incremental_qubit_prop  starting...
    ✓ [ 486.4s]  (#4) 13q / 3_Clifford+T_010 / cut_incremental_qubit_prop

[5/10] 13q / 4_Clifford+T_012  observable: ZIIIIIIIIIIII
    » [06:05:33]  13q / 4_Clifford+T_012  observable=ZIIIIIIIIIIII  computing ground truth (PennyLane default.qubit)...
    · [   0.0s]  ground_truth = -1.000000
    » [06:05:33]  (#5) 13q / 4_Clifford+T_012 / noisy_vanilla  starting...
    ✓ [  25.7s]  (#5) 13q / 4_Clifford+T_012 / noisy_vanilla
    » [06:05:58]  (#5) 13q / 4_Clifford+T_012 / cut_divided_budget  starting...
/home/local/ADUNIPI/a044855/cutandinc/newcut/lib/python3.12/site-packages/pennylane/qcut/cutstrategy.py:367: UserWarning: The number of partition attempts seems high (40).
  warnings.warn(f"The number of partition attempts seems high ({len(ks)}).")
    ✓ [  30.7s]  (#5) 13q / 4_Clifford+T_012 / cut_divided_budget
    » [06:06:29]  (#5) 13q / 4_Clifford+T_012 / cut_qubit_prop  starting...
    ✓ [  23.4s]  (#5) 13q / 4_Clifford+T_012 / cut_qubit_prop
    » [06:06:52]  (#5) 13q / 4_Clifford+T_012 / cut_incremental_budget  starting...
    ✓ [ 355.3s]  (#5) 13q / 4_Clifford+T_012 / cut_incremental_budget
    » [06:12:48]  (#5) 13q / 4_Clifford+T_012 / cut_incremental_qubit_prop  starting...
    ✓ [ 347.5s]  (#5) 13q / 4_Clifford+T_012 / cut_incremental_qubit_prop

[6/10] 13q / 5_Clifford+T_014  observable: ZIIIIIIIIIIII
    » [06:18:35]  13q / 5_Clifford+T_014  observable=ZIIIIIIIIIIII  computing ground truth (PennyLane default.qubit)...
    · [   0.0s]  ground_truth = -1.000000
    » [06:18:35]  (#6) 13q / 5_Clifford+T_014 / noisy_vanilla  starting...
    ✓ [  37.5s]  (#6) 13q / 5_Clifford+T_014 / noisy_vanilla
    » [06:19:13]  (#6) 13q / 5_Clifford+T_014 / cut_divided_budget  starting...
/home/local/ADUNIPI/a044855/cutandinc/newcut/lib/python3.12/site-packages/pennylane/qcut/cutstrategy.py:367: UserWarning: The number of partition attempts seems high (40).
  warnings.warn(f"The number of partition attempts seems high ({len(ks)}).")
    ✓ [  84.2s]  (#6) 13q / 5_Clifford+T_014 / cut_divided_budget
    » [06:20:37]  (#6) 13q / 5_Clifford+T_014 / cut_qubit_prop  starting...
    ✓ [  76.9s]  (#6) 13q / 5_Clifford+T_014 / cut_qubit_prop
    » [06:21:54]  (#6) 13q / 5_Clifford+T_014 / cut_incremental_budget  starting...
    ✓ [1034.9s]  (#6) 13q / 5_Clifford+T_014 / cut_incremental_budget
    » [06:39:09]  (#6) 13q / 5_Clifford+T_014 / cut_incremental_qubit_prop  starting...
    ✓ [ 997.3s]  (#6) 13q / 5_Clifford+T_014 / cut_incremental_qubit_prop

[7/10] 13q / 6_Clifford+T_015  observable: ZIIIIIIIIIIII
    » [06:55:46]  13q / 6_Clifford+T_015  observable=ZIIIIIIIIIIII  computing ground truth (PennyLane default.qubit)...
    · [   0.0s]  ground_truth = 0.000000
    » [06:55:46]  (#7) 13q / 6_Clifford+T_015 / noisy_vanilla  starting...
    ✓ [  31.8s]  (#7) 13q / 6_Clifford+T_015 / noisy_vanilla
    » [06:56:18]  (#7) 13q / 6_Clifford+T_015 / cut_divided_budget  starting...
/home/local/ADUNIPI/a044855/cutandinc/newcut/lib/python3.12/site-packages/pennylane/qcut/cutstrategy.py:367: UserWarning: The number of partition attempts seems high (40).
  warnings.warn(f"The number of partition attempts seems high ({len(ks)}).")
    ✓ [  28.6s]  (#7) 13q / 6_Clifford+T_015 / cut_divided_budget
    » [06:56:46]  (#7) 13q / 6_Clifford+T_015 / cut_qubit_prop  starting...
    ✓ [  18.9s]  (#7) 13q / 6_Clifford+T_015 / cut_qubit_prop
    » [06:57:05]  (#7) 13q / 6_Clifford+T_015 / cut_incremental_budget  starting...
    ✓ [ 399.0s]  (#7) 13q / 6_Clifford+T_015 / cut_incremental_budget
    » [07:03:44]  (#7) 13q / 6_Clifford+T_015 / cut_incremental_qubit_prop  starting...
    ✓ [ 663.3s]  (#7) 13q / 6_Clifford+T_015 / cut_incremental_qubit_prop

[8/10] 13q / 7_Clifford+T_016  observable: ZIIIIIIIIIIII
    » [07:14:48]  13q / 7_Clifford+T_016  observable=ZIIIIIIIIIIII  computing ground truth (PennyLane default.qubit)...
    · [   0.0s]  ground_truth = 1.000000
    » [07:14:48]  (#8) 13q / 7_Clifford+T_016 / noisy_vanilla  starting...
    ✓ [  69.1s]  (#8) 13q / 7_Clifford+T_016 / noisy_vanilla
    » [07:15:57]  (#8) 13q / 7_Clifford+T_016 / cut_divided_budget  starting...
/home/local/ADUNIPI/a044855/cutandinc/newcut/lib/python3.12/site-packages/pennylane/qcut/cutstrategy.py:367: UserWarning: The number of partition attempts seems high (41).
  warnings.warn(f"The number of partition attempts seems high ({len(ks)}).")
    ✓ [  45.3s]  (#8) 13q / 7_Clifford+T_016 / cut_divided_budget
    » [07:16:42]  (#8) 13q / 7_Clifford+T_016 / cut_qubit_prop  starting...
    ✓ [  20.3s]  (#8) 13q / 7_Clifford+T_016 / cut_qubit_prop
    » [07:17:02]  (#8) 13q / 7_Clifford+T_016 / cut_incremental_budget  starting...
    ✓ [ 392.7s]  (#8) 13q / 7_Clifford+T_016 / cut_incremental_budget
    » [07:23:35]  (#8) 13q / 7_Clifford+T_016 / cut_incremental_qubit_prop  starting...
    ✓ [ 439.7s]  (#8) 13q / 7_Clifford+T_016 / cut_incremental_qubit_prop

[9/10] 13q / 8_Clifford+T_017  observable: ZIIIIIIIIIIII
    » [07:30:55]  13q / 8_Clifford+T_017  observable=ZIIIIIIIIIIII  computing ground truth (PennyLane default.qubit)...
    · [   0.0s]  ground_truth = 0.000000
    » [07:30:55]  (#9) 13q / 8_Clifford+T_017 / noisy_vanilla  starting...
    ✓ [  70.3s]  (#9) 13q / 8_Clifford+T_017 / noisy_vanilla
    » [07:32:05]  (#9) 13q / 8_Clifford+T_017 / cut_divided_budget  starting...
/home/local/ADUNIPI/a044855/cutandinc/newcut/lib/python3.12/site-packages/pennylane/qcut/cutstrategy.py:367: UserWarning: The number of partition attempts seems high (40).
  warnings.warn(f"The number of partition attempts seems high ({len(ks)}).")
    ✓ [  44.1s]  (#9) 13q / 8_Clifford+T_017 / cut_divided_budget
    » [07:32:49]  (#9) 13q / 8_Clifford+T_017 / cut_qubit_prop  starting...
    ✓ [  34.3s]  (#9) 13q / 8_Clifford+T_017 / cut_qubit_prop
    » [07:33:24]  (#9) 13q / 8_Clifford+T_017 / cut_incremental_budget  starting...
    ✓ [ 573.7s]  (#9) 13q / 8_Clifford+T_017 / cut_incremental_budget
    » [07:42:57]  (#9) 13q / 8_Clifford+T_017 / cut_incremental_qubit_prop  starting...
    ✓ [ 594.9s]  (#9) 13q / 8_Clifford+T_017 / cut_incremental_qubit_prop

[10/10] 13q / 9_Clifford+T_020  observable: ZIIIIIIIIIIII
    » [07:52:52]  13q / 9_Clifford+T_020  observable=ZIIIIIIIIIIII  computing ground truth (PennyLane default.qubit)...
    · [   0.0s]  ground_truth = 0.000000
    » [07:52:52]  (#10) 13q / 9_Clifford+T_020 / noisy_vanilla  starting...
    ✓ [  89.5s]  (#10) 13q / 9_Clifford+T_020 / noisy_vanilla
    » [07:54:22]  (#10) 13q / 9_Clifford+T_020 / cut_divided_budget  starting...
/home/local/ADUNIPI/a044855/cutandinc/newcut/lib/python3.12/site-packages/pennylane/qcut/cutstrategy.py:367: UserWarning: The number of partition attempts seems high (41).
  warnings.warn(f"The number of partition attempts seems high ({len(ks)}).")
    ✓ [  78.5s]  (#10) 13q / 9_Clifford+T_020 / cut_divided_budget
    » [07:55:40]  (#10) 13q / 9_Clifford+T_020 / cut_qubit_prop  starting...
    ✓ [ 108.5s]  (#10) 13q / 9_Clifford+T_020 / cut_qubit_prop
    » [07:57:29]  (#10) 13q / 9_Clifford+T_020 / cut_incremental_budget  starting...
    ✓ [ 556.4s]  (#10) 13q / 9_Clifford+T_020 / cut_incremental_budget
    » [08:06:45]  (#10) 13q / 9_Clifford+T_020 / cut_incremental_qubit_prop  starting...
    ✓ [ 477.4s]  (#10) 13q / 9_Clifford+T_020 / cut_incremental_qubit_prop

============================================================
  Finished :   50  mode runs
  Failed   :    0  mode runs
============================================================

Merged CSV -> results/new/stable_shots_02/20000_shots/torino/13_qubits/summary.csv
Run log    -> results/new/stable_shots_02/20000_shots/torino/13_qubits/run.log
Per-mode JSON -> results/new/stable_shots_02/20000_shots/torino/13_qubits/<qubits>q/<circuit>/<mode>.json
	Command being timed: "python main_new_new.py --circuits-pkl only_cliffordt/clif13.pkl --shots 20000 --noisy-backend aer.fake_torino --seed-simulator 42 --modes noisy_vanilla cut_divided_budget cut_qubit_prop cut_incremental_budget cut_incremental_qubit_prop --incremental-config configs/stable_shots2.json --parallel-circuits 1 --output-dir results/new/stable_shots_02/20000_shots/torino/13_qubits"
	User time (seconds): 11996.12
	System time (seconds): 33.27
	Percent of CPU this job got: 100%
	Elapsed (wall clock) time (h:mm:ss or m:ss): 3:20:27
	Average shared text size (kbytes): 0
	Average unshared data size (kbytes): 0
	Average stack size (kbytes): 0
	Average total size (kbytes): 0
	Maximum resident set size (kbytes): 1662716
	Average resident set size (kbytes): 0
	Major (requiring I/O) page faults: 0
	Minor (reclaiming a frame) page faults: 8821886
	Voluntary context switches: 198912
	Involuntary context switches: 18874
	Swaps: 0
	File system inputs: 0
	File system outputs: 3208
	Socket messages sent: 0
	Socket messages received: 0
	Signals delivered: 0
	Page size (bytes): 4096
	Exit status: 0
[Thu Jun 18 08:14:44 AM UTC 2026] Finished 13 qubits | shots=20000 | backend=aer.fake_torino
