[mar 9 giu 2026, 19:01:45, CEST] Starting 15 qubits | shots=5000 | backend=aer.fake_kawasaki

[1/10] 15q / 0_Clifford+T_003  observable: ZIIIIIIIIIIIIII
    » [19:01:50]  15q / 0_Clifford+T_003  observable=ZIIIIIIIIIIIIII  computing ground truth (PennyLane default.qubit)...
    · [   0.5s]  ground_truth = 0.000000
    » [19:01:51]  (#1) 15q / 0_Clifford+T_003 / noisy_vanilla  starting...
    ✓ [  30.3s]  (#1) 15q / 0_Clifford+T_003 / noisy_vanilla
    » [19:02:21]  (#1) 15q / 0_Clifford+T_003 / cut_divided_budget  starting...
/raid/g.bisicchia/cut_and_inc/env/lib/python3.10/site-packages/pennylane/qcut/cutstrategy.py:367: UserWarning: The numer of partition attempts seems high (40).
  warnings.warn(f"The numer of partition attempts seems high ({len(ks)}).")
    ✗ [  79.7s]  (#1) 15q / 0_Clifford+T_003 / cut_divided_budget  --  The opt_einsum package is required when use_opt_einsum is set to True in the contract_tensors function. This package can be installed using:
pip install opt_einsum
ERROR:cuttable-circuit-benchmark:0_Clifford+T_003 / cut_divided_budget failed: The opt_einsum package is required when use_opt_einsum is set to True in the contract_tensors function. This package can be installed using:
pip install opt_einsum
Traceback (most recent call last):
  File "/raid/g.bisicchia/cut_and_inc/env/lib/python3.10/site-packages/pennylane/qcut/processing.py", line 309, in contract_tensors
    from opt_einsum import contract, get_symbol
ModuleNotFoundError: No module named 'opt_einsum'

The above exception was the direct cause of the following exception:

Traceback (most recent call last):
  File "/raid/g.bisicchia/cut_and_inc/main_new_new.py", line 2501, in _run_circuit
    _run_one_mode_sandboxed(
  File "/raid/g.bisicchia/cut_and_inc/main_new_new.py", line 2379, in _run_one_mode_sandboxed
    _run_one_mode(mode, spec, args, ib, nb, circuit_dir, perf_exp_val, noisy_value)
  File "/raid/g.bisicchia/cut_and_inc/main_new_new.py", line 2414, in _run_one_mode
    payload = _dispatch_mode(mode, spec, args, ideal_backend, noisy_backend, perf_exp_val)
  File "/raid/g.bisicchia/cut_and_inc/main_new_new.py", line 2303, in _dispatch_mode
    return run_cutting(
  File "/raid/g.bisicchia/cut_and_inc/main_new_new.py", line 1396, in run_cutting
    result_value = sew(expvals, sew_data)
  File "/raid/g.bisicchia/cut_and_inc/main_new_new.py", line 606, in sew
    value = qml.qcut.qcut_processing_fn(
  File "/raid/g.bisicchia/cut_and_inc/env/lib/python3.10/site-packages/pennylane/qcut/processing.py", line 78, in qcut_processing_fn
    result = contract_tensors(
  File "/raid/g.bisicchia/cut_and_inc/env/lib/python3.10/site-packages/pennylane/qcut/processing.py", line 311, in contract_tensors
    raise ImportError(
ImportError: The opt_einsum package is required when use_opt_einsum is set to True in the contract_tensors function. This package can be installed using:
pip install opt_einsum
    » [19:03:41]  (#1) 15q / 0_Clifford+T_003 / cut_qubit_prop  starting...
    ✗ [  24.6s]  (#1) 15q / 0_Clifford+T_003 / cut_qubit_prop  --  The opt_einsum package is required when use_opt_einsum is set to True in the contract_tensors function. This package can be installed using:
pip install opt_einsum
ERROR:cuttable-circuit-benchmark:0_Clifford+T_003 / cut_qubit_prop failed: The opt_einsum package is required when use_opt_einsum is set to True in the contract_tensors function. This package can be installed using:
pip install opt_einsum
Traceback (most recent call last):
  File "/raid/g.bisicchia/cut_and_inc/env/lib/python3.10/site-packages/pennylane/qcut/processing.py", line 309, in contract_tensors
    from opt_einsum import contract, get_symbol
ModuleNotFoundError: No module named 'opt_einsum'

The above exception was the direct cause of the following exception:

Traceback (most recent call last):
  File "/raid/g.bisicchia/cut_and_inc/main_new_new.py", line 2501, in _run_circuit
    _run_one_mode_sandboxed(
  File "/raid/g.bisicchia/cut_and_inc/main_new_new.py", line 2379, in _run_one_mode_sandboxed
    _run_one_mode(mode, spec, args, ib, nb, circuit_dir, perf_exp_val, noisy_value)
  File "/raid/g.bisicchia/cut_and_inc/main_new_new.py", line 2414, in _run_one_mode
    payload = _dispatch_mode(mode, spec, args, ideal_backend, noisy_backend, perf_exp_val)
  File "/raid/g.bisicchia/cut_and_inc/main_new_new.py", line 2303, in _dispatch_mode
    return run_cutting(
  File "/raid/g.bisicchia/cut_and_inc/main_new_new.py", line 1396, in run_cutting
    result_value = sew(expvals, sew_data)
  File "/raid/g.bisicchia/cut_and_inc/main_new_new.py", line 606, in sew
    value = qml.qcut.qcut_processing_fn(
  File "/raid/g.bisicchia/cut_and_inc/env/lib/python3.10/site-packages/pennylane/qcut/processing.py", line 78, in qcut_processing_fn
    result = contract_tensors(
  File "/raid/g.bisicchia/cut_and_inc/env/lib/python3.10/site-packages/pennylane/qcut/processing.py", line 311, in contract_tensors
    raise ImportError(
ImportError: The opt_einsum package is required when use_opt_einsum is set to True in the contract_tensors function. This package can be installed using:
pip install opt_einsum
    » [19:04:05]  (#1) 15q / 0_Clifford+T_003 / cut_incremental_budget  starting...
    ✗ [ 305.9s]  (#1) 15q / 0_Clifford+T_003 / cut_incremental_budget  --  The opt_einsum package is required when use_opt_einsum is set to True in the contract_tensors function. This package can be installed using:
pip install opt_einsum
ERROR:cuttable-circuit-benchmark:0_Clifford+T_003 / cut_incremental_budget failed: The opt_einsum package is required when use_opt_einsum is set to True in the contract_tensors function. This package can be installed using:
pip install opt_einsum
Traceback (most recent call last):
  File "/raid/g.bisicchia/cut_and_inc/env/lib/python3.10/site-packages/pennylane/qcut/processing.py", line 309, in contract_tensors
    from opt_einsum import contract, get_symbol
ModuleNotFoundError: No module named 'opt_einsum'

The above exception was the direct cause of the following exception:

Traceback (most recent call last):
  File "/raid/g.bisicchia/cut_and_inc/main_new_new.py", line 2501, in _run_circuit
    _run_one_mode_sandboxed(
  File "/raid/g.bisicchia/cut_and_inc/main_new_new.py", line 2379, in _run_one_mode_sandboxed
    _run_one_mode(mode, spec, args, ib, nb, circuit_dir, perf_exp_val, noisy_value)
  File "/raid/g.bisicchia/cut_and_inc/main_new_new.py", line 2414, in _run_one_mode
    payload = _dispatch_mode(mode, spec, args, ideal_backend, noisy_backend, perf_exp_val)
  File "/raid/g.bisicchia/cut_and_inc/main_new_new.py", line 2310, in _dispatch_mode
    return run_cutting_incremental(
  File "/raid/g.bisicchia/cut_and_inc/main_new_new.py", line 1578, in run_cutting_incremental
    result_value = sew(expvals, sew_data)
  File "/raid/g.bisicchia/cut_and_inc/main_new_new.py", line 606, in sew
    value = qml.qcut.qcut_processing_fn(
  File "/raid/g.bisicchia/cut_and_inc/env/lib/python3.10/site-packages/pennylane/qcut/processing.py", line 78, in qcut_processing_fn
    result = contract_tensors(
  File "/raid/g.bisicchia/cut_and_inc/env/lib/python3.10/site-packages/pennylane/qcut/processing.py", line 311, in contract_tensors
    raise ImportError(
ImportError: The opt_einsum package is required when use_opt_einsum is set to True in the contract_tensors function. This package can be installed using:
pip install opt_einsum
    » [19:09:11]  (#1) 15q / 0_Clifford+T_003 / cut_incremental_qubit_prop  starting...
    ✗ [ 217.9s]  (#1) 15q / 0_Clifford+T_003 / cut_incremental_qubit_prop  --  The opt_einsum package is required when use_opt_einsum is set to True in the contract_tensors function. This package can be installed using:
pip install opt_einsum
ERROR:cuttable-circuit-benchmark:0_Clifford+T_003 / cut_incremental_qubit_prop failed: The opt_einsum package is required when use_opt_einsum is set to True in the contract_tensors function. This package can be installed using:
pip install opt_einsum
Traceback (most recent call last):
  File "/raid/g.bisicchia/cut_and_inc/env/lib/python3.10/site-packages/pennylane/qcut/processing.py", line 309, in contract_tensors
    from opt_einsum import contract, get_symbol
ModuleNotFoundError: No module named 'opt_einsum'

The above exception was the direct cause of the following exception:

Traceback (most recent call last):
  File "/raid/g.bisicchia/cut_and_inc/main_new_new.py", line 2501, in _run_circuit
    _run_one_mode_sandboxed(
  File "/raid/g.bisicchia/cut_and_inc/main_new_new.py", line 2379, in _run_one_mode_sandboxed
    _run_one_mode(mode, spec, args, ib, nb, circuit_dir, perf_exp_val, noisy_value)
  File "/raid/g.bisicchia/cut_and_inc/main_new_new.py", line 2414, in _run_one_mode
    payload = _dispatch_mode(mode, spec, args, ideal_backend, noisy_backend, perf_exp_val)
  File "/raid/g.bisicchia/cut_and_inc/main_new_new.py", line 2310, in _dispatch_mode
    return run_cutting_incremental(
  File "/raid/g.bisicchia/cut_and_inc/main_new_new.py", line 1578, in run_cutting_incremental
    result_value = sew(expvals, sew_data)
  File "/raid/g.bisicchia/cut_and_inc/main_new_new.py", line 606, in sew
    value = qml.qcut.qcut_processing_fn(
  File "/raid/g.bisicchia/cut_and_inc/env/lib/python3.10/site-packages/pennylane/qcut/processing.py", line 78, in qcut_processing_fn
    result = contract_tensors(
  File "/raid/g.bisicchia/cut_and_inc/env/lib/python3.10/site-packages/pennylane/qcut/processing.py", line 311, in contract_tensors
    raise ImportError(
ImportError: The opt_einsum package is required when use_opt_einsum is set to True in the contract_tensors function. This package can be installed using:
pip install opt_einsum

[2/10] 15q / 1_Clifford+T_009  observable: ZIIIIIIIIIIIIII
    » [19:12:49]  15q / 1_Clifford+T_009  observable=ZIIIIIIIIIIIIII  computing ground truth (PennyLane default.qubit)...
    · [   0.3s]  ground_truth = 1.000000
    » [19:12:49]  (#2) 15q / 1_Clifford+T_009 / noisy_vanilla  starting...
    ✓ [   3.6s]  (#2) 15q / 1_Clifford+T_009 / noisy_vanilla
    » [19:12:53]  (#2) 15q / 1_Clifford+T_009 / cut_divided_budget  starting...
/raid/g.bisicchia/cut_and_inc/env/lib/python3.10/site-packages/pennylane/qcut/cutstrategy.py:367: UserWarning: The numer of partition attempts seems high (40).
  warnings.warn(f"The numer of partition attempts seems high ({len(ks)}).")
    ✗ [  32.2s]  (#2) 15q / 1_Clifford+T_009 / cut_divided_budget  --  The opt_einsum package is required when use_opt_einsum is set to True in the contract_tensors function. This package can be installed using:
pip install opt_einsum
ERROR:cuttable-circuit-benchmark:1_Clifford+T_009 / cut_divided_budget failed: The opt_einsum package is required when use_opt_einsum is set to True in the contract_tensors function. This package can be installed using:
pip install opt_einsum
Traceback (most recent call last):
  File "/raid/g.bisicchia/cut_and_inc/env/lib/python3.10/site-packages/pennylane/qcut/processing.py", line 309, in contract_tensors
    from opt_einsum import contract, get_symbol
ModuleNotFoundError: No module named 'opt_einsum'

The above exception was the direct cause of the following exception:

Traceback (most recent call last):
  File "/raid/g.bisicchia/cut_and_inc/main_new_new.py", line 2501, in _run_circuit
    _run_one_mode_sandboxed(
  File "/raid/g.bisicchia/cut_and_inc/main_new_new.py", line 2379, in _run_one_mode_sandboxed
    _run_one_mode(mode, spec, args, ib, nb, circuit_dir, perf_exp_val, noisy_value)
  File "/raid/g.bisicchia/cut_and_inc/main_new_new.py", line 2414, in _run_one_mode
    payload = _dispatch_mode(mode, spec, args, ideal_backend, noisy_backend, perf_exp_val)
  File "/raid/g.bisicchia/cut_and_inc/main_new_new.py", line 2303, in _dispatch_mode
    return run_cutting(
  File "/raid/g.bisicchia/cut_and_inc/main_new_new.py", line 1396, in run_cutting
    result_value = sew(expvals, sew_data)
  File "/raid/g.bisicchia/cut_and_inc/main_new_new.py", line 606, in sew
    value = qml.qcut.qcut_processing_fn(
  File "/raid/g.bisicchia/cut_and_inc/env/lib/python3.10/site-packages/pennylane/qcut/processing.py", line 78, in qcut_processing_fn
    result = contract_tensors(
  File "/raid/g.bisicchia/cut_and_inc/env/lib/python3.10/site-packages/pennylane/qcut/processing.py", line 311, in contract_tensors
    raise ImportError(
ImportError: The opt_einsum package is required when use_opt_einsum is set to True in the contract_tensors function. This package can be installed using:
pip install opt_einsum
    » [19:13:25]  (#2) 15q / 1_Clifford+T_009 / cut_qubit_prop  starting...
    ✗ [  25.8s]  (#2) 15q / 1_Clifford+T_009 / cut_qubit_prop  --  The opt_einsum package is required when use_opt_einsum is set to True in the contract_tensors function. This package can be installed using:
pip install opt_einsum
ERROR:cuttable-circuit-benchmark:1_Clifford+T_009 / cut_qubit_prop failed: The opt_einsum package is required when use_opt_einsum is set to True in the contract_tensors function. This package can be installed using:
pip install opt_einsum
Traceback (most recent call last):
  File "/raid/g.bisicchia/cut_and_inc/env/lib/python3.10/site-packages/pennylane/qcut/processing.py", line 309, in contract_tensors
    from opt_einsum import contract, get_symbol
ModuleNotFoundError: No module named 'opt_einsum'

The above exception was the direct cause of the following exception:

Traceback (most recent call last):
  File "/raid/g.bisicchia/cut_and_inc/main_new_new.py", line 2501, in _run_circuit
    _run_one_mode_sandboxed(
  File "/raid/g.bisicchia/cut_and_inc/main_new_new.py", line 2379, in _run_one_mode_sandboxed
    _run_one_mode(mode, spec, args, ib, nb, circuit_dir, perf_exp_val, noisy_value)
  File "/raid/g.bisicchia/cut_and_inc/main_new_new.py", line 2414, in _run_one_mode
    payload = _dispatch_mode(mode, spec, args, ideal_backend, noisy_backend, perf_exp_val)
  File "/raid/g.bisicchia/cut_and_inc/main_new_new.py", line 2303, in _dispatch_mode
    return run_cutting(
  File "/raid/g.bisicchia/cut_and_inc/main_new_new.py", line 1396, in run_cutting
    result_value = sew(expvals, sew_data)
  File "/raid/g.bisicchia/cut_and_inc/main_new_new.py", line 606, in sew
    value = qml.qcut.qcut_processing_fn(
  File "/raid/g.bisicchia/cut_and_inc/env/lib/python3.10/site-packages/pennylane/qcut/processing.py", line 78, in qcut_processing_fn
    result = contract_tensors(
  File "/raid/g.bisicchia/cut_and_inc/env/lib/python3.10/site-packages/pennylane/qcut/processing.py", line 311, in contract_tensors
    raise ImportError(
ImportError: The opt_einsum package is required when use_opt_einsum is set to True in the contract_tensors function. This package can be installed using:
pip install opt_einsum
    » [19:13:51]  (#2) 15q / 1_Clifford+T_009 / cut_incremental_budget  starting...
    ✗ [ 229.2s]  (#2) 15q / 1_Clifford+T_009 / cut_incremental_budget  --  The opt_einsum package is required when use_opt_einsum is set to True in the contract_tensors function. This package can be installed using:
pip install opt_einsum
ERROR:cuttable-circuit-benchmark:1_Clifford+T_009 / cut_incremental_budget failed: The opt_einsum package is required when use_opt_einsum is set to True in the contract_tensors function. This package can be installed using:
pip install opt_einsum
Traceback (most recent call last):
  File "/raid/g.bisicchia/cut_and_inc/env/lib/python3.10/site-packages/pennylane/qcut/processing.py", line 309, in contract_tensors
    from opt_einsum import contract, get_symbol
ModuleNotFoundError: No module named 'opt_einsum'

The above exception was the direct cause of the following exception:

Traceback (most recent call last):
  File "/raid/g.bisicchia/cut_and_inc/main_new_new.py", line 2501, in _run_circuit
    _run_one_mode_sandboxed(
  File "/raid/g.bisicchia/cut_and_inc/main_new_new.py", line 2379, in _run_one_mode_sandboxed
    _run_one_mode(mode, spec, args, ib, nb, circuit_dir, perf_exp_val, noisy_value)
  File "/raid/g.bisicchia/cut_and_inc/main_new_new.py", line 2414, in _run_one_mode
    payload = _dispatch_mode(mode, spec, args, ideal_backend, noisy_backend, perf_exp_val)
  File "/raid/g.bisicchia/cut_and_inc/main_new_new.py", line 2310, in _dispatch_mode
    return run_cutting_incremental(
  File "/raid/g.bisicchia/cut_and_inc/main_new_new.py", line 1578, in run_cutting_incremental
    result_value = sew(expvals, sew_data)
  File "/raid/g.bisicchia/cut_and_inc/main_new_new.py", line 606, in sew
    value = qml.qcut.qcut_processing_fn(
  File "/raid/g.bisicchia/cut_and_inc/env/lib/python3.10/site-packages/pennylane/qcut/processing.py", line 78, in qcut_processing_fn
    result = contract_tensors(
  File "/raid/g.bisicchia/cut_and_inc/env/lib/python3.10/site-packages/pennylane/qcut/processing.py", line 311, in contract_tensors
    raise ImportError(
ImportError: The opt_einsum package is required when use_opt_einsum is set to True in the contract_tensors function. This package can be installed using:
pip install opt_einsum
    » [19:17:40]  (#2) 15q / 1_Clifford+T_009 / cut_incremental_qubit_prop  starting...
    ✗ [ 236.6s]  (#2) 15q / 1_Clifford+T_009 / cut_incremental_qubit_prop  --  The opt_einsum package is required when use_opt_einsum is set to True in the contract_tensors function. This package can be installed using:
pip install opt_einsum
ERROR:cuttable-circuit-benchmark:1_Clifford+T_009 / cut_incremental_qubit_prop failed: The opt_einsum package is required when use_opt_einsum is set to True in the contract_tensors function. This package can be installed using:
pip install opt_einsum
Traceback (most recent call last):
  File "/raid/g.bisicchia/cut_and_inc/env/lib/python3.10/site-packages/pennylane/qcut/processing.py", line 309, in contract_tensors
    from opt_einsum import contract, get_symbol
ModuleNotFoundError: No module named 'opt_einsum'

The above exception was the direct cause of the following exception:

Traceback (most recent call last):
  File "/raid/g.bisicchia/cut_and_inc/main_new_new.py", line 2501, in _run_circuit
    _run_one_mode_sandboxed(
  File "/raid/g.bisicchia/cut_and_inc/main_new_new.py", line 2379, in _run_one_mode_sandboxed
    _run_one_mode(mode, spec, args, ib, nb, circuit_dir, perf_exp_val, noisy_value)
  File "/raid/g.bisicchia/cut_and_inc/main_new_new.py", line 2414, in _run_one_mode
    payload = _dispatch_mode(mode, spec, args, ideal_backend, noisy_backend, perf_exp_val)
  File "/raid/g.bisicchia/cut_and_inc/main_new_new.py", line 2310, in _dispatch_mode
    return run_cutting_incremental(
  File "/raid/g.bisicchia/cut_and_inc/main_new_new.py", line 1578, in run_cutting_incremental
    result_value = sew(expvals, sew_data)
  File "/raid/g.bisicchia/cut_and_inc/main_new_new.py", line 606, in sew
    value = qml.qcut.qcut_processing_fn(
  File "/raid/g.bisicchia/cut_and_inc/env/lib/python3.10/site-packages/pennylane/qcut/processing.py", line 78, in qcut_processing_fn
    result = contract_tensors(
  File "/raid/g.bisicchia/cut_and_inc/env/lib/python3.10/site-packages/pennylane/qcut/processing.py", line 311, in contract_tensors
    raise ImportError(
ImportError: The opt_einsum package is required when use_opt_einsum is set to True in the contract_tensors function. This package can be installed using:
pip install opt_einsum

[3/10] 15q / 2_Clifford+T_011  observable: ZIIIIIIIIIIIIII
    » [19:21:36]  15q / 2_Clifford+T_011  observable=ZIIIIIIIIIIIIII  computing ground truth (PennyLane default.qubit)...
    · [   0.8s]  ground_truth = 1.000000
    » [19:21:37]  (#3) 15q / 2_Clifford+T_011 / noisy_vanilla  starting...
    ✓ [   4.6s]  (#3) 15q / 2_Clifford+T_011 / noisy_vanilla
    » [19:21:42]  (#3) 15q / 2_Clifford+T_011 / cut_divided_budget  starting...
/raid/g.bisicchia/cut_and_inc/env/lib/python3.10/site-packages/pennylane/qcut/cutstrategy.py:367: UserWarning: The numer of partition attempts seems high (40).
  warnings.warn(f"The numer of partition attempts seems high ({len(ks)}).")
    ✗ [  24.4s]  (#3) 15q / 2_Clifford+T_011 / cut_divided_budget  --  The opt_einsum package is required when use_opt_einsum is set to True in the contract_tensors function. This package can be installed using:
pip install opt_einsum
ERROR:cuttable-circuit-benchmark:2_Clifford+T_011 / cut_divided_budget failed: The opt_einsum package is required when use_opt_einsum is set to True in the contract_tensors function. This package can be installed using:
pip install opt_einsum
Traceback (most recent call last):
  File "/raid/g.bisicchia/cut_and_inc/env/lib/python3.10/site-packages/pennylane/qcut/processing.py", line 309, in contract_tensors
    from opt_einsum import contract, get_symbol
ModuleNotFoundError: No module named 'opt_einsum'

The above exception was the direct cause of the following exception:

Traceback (most recent call last):
  File "/raid/g.bisicchia/cut_and_inc/main_new_new.py", line 2501, in _run_circuit
    _run_one_mode_sandboxed(
  File "/raid/g.bisicchia/cut_and_inc/main_new_new.py", line 2379, in _run_one_mode_sandboxed
    _run_one_mode(mode, spec, args, ib, nb, circuit_dir, perf_exp_val, noisy_value)
  File "/raid/g.bisicchia/cut_and_inc/main_new_new.py", line 2414, in _run_one_mode
    payload = _dispatch_mode(mode, spec, args, ideal_backend, noisy_backend, perf_exp_val)
  File "/raid/g.bisicchia/cut_and_inc/main_new_new.py", line 2303, in _dispatch_mode
    return run_cutting(
  File "/raid/g.bisicchia/cut_and_inc/main_new_new.py", line 1396, in run_cutting
    result_value = sew(expvals, sew_data)
  File "/raid/g.bisicchia/cut_and_inc/main_new_new.py", line 606, in sew
    value = qml.qcut.qcut_processing_fn(
  File "/raid/g.bisicchia/cut_and_inc/env/lib/python3.10/site-packages/pennylane/qcut/processing.py", line 78, in qcut_processing_fn
    result = contract_tensors(
  File "/raid/g.bisicchia/cut_and_inc/env/lib/python3.10/site-packages/pennylane/qcut/processing.py", line 311, in contract_tensors
    raise ImportError(
ImportError: The opt_einsum package is required when use_opt_einsum is set to True in the contract_tensors function. This package can be installed using:
pip install opt_einsum
    » [19:22:06]  (#3) 15q / 2_Clifford+T_011 / cut_qubit_prop  starting...
    ✗ [  15.0s]  (#3) 15q / 2_Clifford+T_011 / cut_qubit_prop  --  The opt_einsum package is required when use_opt_einsum is set to True in the contract_tensors function. This package can be installed using:
pip install opt_einsum
ERROR:cuttable-circuit-benchmark:2_Clifford+T_011 / cut_qubit_prop failed: The opt_einsum package is required when use_opt_einsum is set to True in the contract_tensors function. This package can be installed using:
pip install opt_einsum
Traceback (most recent call last):
  File "/raid/g.bisicchia/cut_and_inc/env/lib/python3.10/site-packages/pennylane/qcut/processing.py", line 309, in contract_tensors
    from opt_einsum import contract, get_symbol
ModuleNotFoundError: No module named 'opt_einsum'

The above exception was the direct cause of the following exception:

Traceback (most recent call last):
  File "/raid/g.bisicchia/cut_and_inc/main_new_new.py", line 2501, in _run_circuit
    _run_one_mode_sandboxed(
  File "/raid/g.bisicchia/cut_and_inc/main_new_new.py", line 2379, in _run_one_mode_sandboxed
    _run_one_mode(mode, spec, args, ib, nb, circuit_dir, perf_exp_val, noisy_value)
  File "/raid/g.bisicchia/cut_and_inc/main_new_new.py", line 2414, in _run_one_mode
    payload = _dispatch_mode(mode, spec, args, ideal_backend, noisy_backend, perf_exp_val)
  File "/raid/g.bisicchia/cut_and_inc/main_new_new.py", line 2303, in _dispatch_mode
    return run_cutting(
  File "/raid/g.bisicchia/cut_and_inc/main_new_new.py", line 1396, in run_cutting
    result_value = sew(expvals, sew_data)
  File "/raid/g.bisicchia/cut_and_inc/main_new_new.py", line 606, in sew
    value = qml.qcut.qcut_processing_fn(
  File "/raid/g.bisicchia/cut_and_inc/env/lib/python3.10/site-packages/pennylane/qcut/processing.py", line 78, in qcut_processing_fn
    result = contract_tensors(
  File "/raid/g.bisicchia/cut_and_inc/env/lib/python3.10/site-packages/pennylane/qcut/processing.py", line 311, in contract_tensors
    raise ImportError(
ImportError: The opt_einsum package is required when use_opt_einsum is set to True in the contract_tensors function. This package can be installed using:
pip install opt_einsum
    » [19:22:21]  (#3) 15q / 2_Clifford+T_011 / cut_incremental_budget  starting...
    ✗ [ 226.0s]  (#3) 15q / 2_Clifford+T_011 / cut_incremental_budget  --  The opt_einsum package is required when use_opt_einsum is set to True in the contract_tensors function. This package can be installed using:
pip install opt_einsum
ERROR:cuttable-circuit-benchmark:2_Clifford+T_011 / cut_incremental_budget failed: The opt_einsum package is required when use_opt_einsum is set to True in the contract_tensors function. This package can be installed using:
pip install opt_einsum
Traceback (most recent call last):
  File "/raid/g.bisicchia/cut_and_inc/env/lib/python3.10/site-packages/pennylane/qcut/processing.py", line 309, in contract_tensors
    from opt_einsum import contract, get_symbol
ModuleNotFoundError: No module named 'opt_einsum'

The above exception was the direct cause of the following exception:

Traceback (most recent call last):
  File "/raid/g.bisicchia/cut_and_inc/main_new_new.py", line 2501, in _run_circuit
    _run_one_mode_sandboxed(
  File "/raid/g.bisicchia/cut_and_inc/main_new_new.py", line 2379, in _run_one_mode_sandboxed
    _run_one_mode(mode, spec, args, ib, nb, circuit_dir, perf_exp_val, noisy_value)
  File "/raid/g.bisicchia/cut_and_inc/main_new_new.py", line 2414, in _run_one_mode
    payload = _dispatch_mode(mode, spec, args, ideal_backend, noisy_backend, perf_exp_val)
  File "/raid/g.bisicchia/cut_and_inc/main_new_new.py", line 2310, in _dispatch_mode
    return run_cutting_incremental(
  File "/raid/g.bisicchia/cut_and_inc/main_new_new.py", line 1578, in run_cutting_incremental
    result_value = sew(expvals, sew_data)
  File "/raid/g.bisicchia/cut_and_inc/main_new_new.py", line 606, in sew
    value = qml.qcut.qcut_processing_fn(
  File "/raid/g.bisicchia/cut_and_inc/env/lib/python3.10/site-packages/pennylane/qcut/processing.py", line 78, in qcut_processing_fn
    result = contract_tensors(
  File "/raid/g.bisicchia/cut_and_inc/env/lib/python3.10/site-packages/pennylane/qcut/processing.py", line 311, in contract_tensors
    raise ImportError(
ImportError: The opt_einsum package is required when use_opt_einsum is set to True in the contract_tensors function. This package can be installed using:
pip install opt_einsum
    » [19:26:07]  (#3) 15q / 2_Clifford+T_011 / cut_incremental_qubit_prop  starting...
    ✗ [ 234.8s]  (#3) 15q / 2_Clifford+T_011 / cut_incremental_qubit_prop  --  The opt_einsum package is required when use_opt_einsum is set to True in the contract_tensors function. This package can be installed using:
pip install opt_einsum
ERROR:cuttable-circuit-benchmark:2_Clifford+T_011 / cut_incremental_qubit_prop failed: The opt_einsum package is required when use_opt_einsum is set to True in the contract_tensors function. This package can be installed using:
pip install opt_einsum
Traceback (most recent call last):
  File "/raid/g.bisicchia/cut_and_inc/env/lib/python3.10/site-packages/pennylane/qcut/processing.py", line 309, in contract_tensors
    from opt_einsum import contract, get_symbol
ModuleNotFoundError: No module named 'opt_einsum'

The above exception was the direct cause of the following exception:

Traceback (most recent call last):
  File "/raid/g.bisicchia/cut_and_inc/main_new_new.py", line 2501, in _run_circuit
    _run_one_mode_sandboxed(
  File "/raid/g.bisicchia/cut_and_inc/main_new_new.py", line 2379, in _run_one_mode_sandboxed
    _run_one_mode(mode, spec, args, ib, nb, circuit_dir, perf_exp_val, noisy_value)
  File "/raid/g.bisicchia/cut_and_inc/main_new_new.py", line 2414, in _run_one_mode
    payload = _dispatch_mode(mode, spec, args, ideal_backend, noisy_backend, perf_exp_val)
  File "/raid/g.bisicchia/cut_and_inc/main_new_new.py", line 2310, in _dispatch_mode
    return run_cutting_incremental(
  File "/raid/g.bisicchia/cut_and_inc/main_new_new.py", line 1578, in run_cutting_incremental
    result_value = sew(expvals, sew_data)
  File "/raid/g.bisicchia/cut_and_inc/main_new_new.py", line 606, in sew
    value = qml.qcut.qcut_processing_fn(
  File "/raid/g.bisicchia/cut_and_inc/env/lib/python3.10/site-packages/pennylane/qcut/processing.py", line 78, in qcut_processing_fn
    result = contract_tensors(
  File "/raid/g.bisicchia/cut_and_inc/env/lib/python3.10/site-packages/pennylane/qcut/processing.py", line 311, in contract_tensors
    raise ImportError(
ImportError: The opt_einsum package is required when use_opt_einsum is set to True in the contract_tensors function. This package can be installed using:
pip install opt_einsum

[4/10] 15q / 3_Clifford+T_015  observable: ZIIIIIIIIIIIIII
    » [19:30:02]  15q / 3_Clifford+T_015  observable=ZIIIIIIIIIIIIII  computing ground truth (PennyLane default.qubit)...
    · [   0.8s]  ground_truth = 1.000000
    » [19:30:03]  (#4) 15q / 3_Clifford+T_015 / noisy_vanilla  starting...
    ✓ [   4.1s]  (#4) 15q / 3_Clifford+T_015 / noisy_vanilla
    » [19:30:07]  (#4) 15q / 3_Clifford+T_015 / cut_divided_budget  starting...
/raid/g.bisicchia/cut_and_inc/env/lib/python3.10/site-packages/pennylane/qcut/cutstrategy.py:367: UserWarning: The numer of partition attempts seems high (41).
  warnings.warn(f"The numer of partition attempts seems high ({len(ks)}).")
    ✗ [  79.5s]  (#4) 15q / 3_Clifford+T_015 / cut_divided_budget  --  The opt_einsum package is required when use_opt_einsum is set to True in the contract_tensors function. This package can be installed using:
pip install opt_einsum
ERROR:cuttable-circuit-benchmark:3_Clifford+T_015 / cut_divided_budget failed: The opt_einsum package is required when use_opt_einsum is set to True in the contract_tensors function. This package can be installed using:
pip install opt_einsum
Traceback (most recent call last):
  File "/raid/g.bisicchia/cut_and_inc/env/lib/python3.10/site-packages/pennylane/qcut/processing.py", line 309, in contract_tensors
    from opt_einsum import contract, get_symbol
ModuleNotFoundError: No module named 'opt_einsum'

The above exception was the direct cause of the following exception:

Traceback (most recent call last):
  File "/raid/g.bisicchia/cut_and_inc/main_new_new.py", line 2501, in _run_circuit
    _run_one_mode_sandboxed(
  File "/raid/g.bisicchia/cut_and_inc/main_new_new.py", line 2379, in _run_one_mode_sandboxed
    _run_one_mode(mode, spec, args, ib, nb, circuit_dir, perf_exp_val, noisy_value)
  File "/raid/g.bisicchia/cut_and_inc/main_new_new.py", line 2414, in _run_one_mode
    payload = _dispatch_mode(mode, spec, args, ideal_backend, noisy_backend, perf_exp_val)
  File "/raid/g.bisicchia/cut_and_inc/main_new_new.py", line 2303, in _dispatch_mode
    return run_cutting(
  File "/raid/g.bisicchia/cut_and_inc/main_new_new.py", line 1396, in run_cutting
    result_value = sew(expvals, sew_data)
  File "/raid/g.bisicchia/cut_and_inc/main_new_new.py", line 606, in sew
    value = qml.qcut.qcut_processing_fn(
  File "/raid/g.bisicchia/cut_and_inc/env/lib/python3.10/site-packages/pennylane/qcut/processing.py", line 78, in qcut_processing_fn
    result = contract_tensors(
  File "/raid/g.bisicchia/cut_and_inc/env/lib/python3.10/site-packages/pennylane/qcut/processing.py", line 311, in contract_tensors
    raise ImportError(
ImportError: The opt_einsum package is required when use_opt_einsum is set to True in the contract_tensors function. This package can be installed using:
pip install opt_einsum
    » [19:31:27]  (#4) 15q / 3_Clifford+T_015 / cut_qubit_prop  starting...
    ✗ [  75.4s]  (#4) 15q / 3_Clifford+T_015 / cut_qubit_prop  --  The opt_einsum package is required when use_opt_einsum is set to True in the contract_tensors function. This package can be installed using:
pip install opt_einsum
ERROR:cuttable-circuit-benchmark:3_Clifford+T_015 / cut_qubit_prop failed: The opt_einsum package is required when use_opt_einsum is set to True in the contract_tensors function. This package can be installed using:
pip install opt_einsum
Traceback (most recent call last):
  File "/raid/g.bisicchia/cut_and_inc/env/lib/python3.10/site-packages/pennylane/qcut/processing.py", line 309, in contract_tensors
    from opt_einsum import contract, get_symbol
ModuleNotFoundError: No module named 'opt_einsum'

The above exception was the direct cause of the following exception:

Traceback (most recent call last):
  File "/raid/g.bisicchia/cut_and_inc/main_new_new.py", line 2501, in _run_circuit
    _run_one_mode_sandboxed(
  File "/raid/g.bisicchia/cut_and_inc/main_new_new.py", line 2379, in _run_one_mode_sandboxed
    _run_one_mode(mode, spec, args, ib, nb, circuit_dir, perf_exp_val, noisy_value)
  File "/raid/g.bisicchia/cut_and_inc/main_new_new.py", line 2414, in _run_one_mode
    payload = _dispatch_mode(mode, spec, args, ideal_backend, noisy_backend, perf_exp_val)
  File "/raid/g.bisicchia/cut_and_inc/main_new_new.py", line 2303, in _dispatch_mode
    return run_cutting(
  File "/raid/g.bisicchia/cut_and_inc/main_new_new.py", line 1396, in run_cutting
    result_value = sew(expvals, sew_data)
  File "/raid/g.bisicchia/cut_and_inc/main_new_new.py", line 606, in sew
    value = qml.qcut.qcut_processing_fn(
  File "/raid/g.bisicchia/cut_and_inc/env/lib/python3.10/site-packages/pennylane/qcut/processing.py", line 78, in qcut_processing_fn
    result = contract_tensors(
  File "/raid/g.bisicchia/cut_and_inc/env/lib/python3.10/site-packages/pennylane/qcut/processing.py", line 311, in contract_tensors
    raise ImportError(
ImportError: The opt_einsum package is required when use_opt_einsum is set to True in the contract_tensors function. This package can be installed using:
pip install opt_einsum
    » [19:32:42]  (#4) 15q / 3_Clifford+T_015 / cut_incremental_budget  starting...
    ✗ [ 274.5s]  (#4) 15q / 3_Clifford+T_015 / cut_incremental_budget  --  The opt_einsum package is required when use_opt_einsum is set to True in the contract_tensors function. This package can be installed using:
pip install opt_einsum
ERROR:cuttable-circuit-benchmark:3_Clifford+T_015 / cut_incremental_budget failed: The opt_einsum package is required when use_opt_einsum is set to True in the contract_tensors function. This package can be installed using:
pip install opt_einsum
Traceback (most recent call last):
  File "/raid/g.bisicchia/cut_and_inc/env/lib/python3.10/site-packages/pennylane/qcut/processing.py", line 309, in contract_tensors
    from opt_einsum import contract, get_symbol
ModuleNotFoundError: No module named 'opt_einsum'

The above exception was the direct cause of the following exception:

Traceback (most recent call last):
  File "/raid/g.bisicchia/cut_and_inc/main_new_new.py", line 2501, in _run_circuit
    _run_one_mode_sandboxed(
  File "/raid/g.bisicchia/cut_and_inc/main_new_new.py", line 2379, in _run_one_mode_sandboxed
    _run_one_mode(mode, spec, args, ib, nb, circuit_dir, perf_exp_val, noisy_value)
  File "/raid/g.bisicchia/cut_and_inc/main_new_new.py", line 2414, in _run_one_mode
    payload = _dispatch_mode(mode, spec, args, ideal_backend, noisy_backend, perf_exp_val)
  File "/raid/g.bisicchia/cut_and_inc/main_new_new.py", line 2310, in _dispatch_mode
    return run_cutting_incremental(
  File "/raid/g.bisicchia/cut_and_inc/main_new_new.py", line 1578, in run_cutting_incremental
    result_value = sew(expvals, sew_data)
  File "/raid/g.bisicchia/cut_and_inc/main_new_new.py", line 606, in sew
    value = qml.qcut.qcut_processing_fn(
  File "/raid/g.bisicchia/cut_and_inc/env/lib/python3.10/site-packages/pennylane/qcut/processing.py", line 78, in qcut_processing_fn
    result = contract_tensors(
  File "/raid/g.bisicchia/cut_and_inc/env/lib/python3.10/site-packages/pennylane/qcut/processing.py", line 311, in contract_tensors
    raise ImportError(
ImportError: The opt_einsum package is required when use_opt_einsum is set to True in the contract_tensors function. This package can be installed using:
pip install opt_einsum
    » [19:37:17]  (#4) 15q / 3_Clifford+T_015 / cut_incremental_qubit_prop  starting...
    ✗ [ 269.9s]  (#4) 15q / 3_Clifford+T_015 / cut_incremental_qubit_prop  --  The opt_einsum package is required when use_opt_einsum is set to True in the contract_tensors function. This package can be installed using:
pip install opt_einsum
ERROR:cuttable-circuit-benchmark:3_Clifford+T_015 / cut_incremental_qubit_prop failed: The opt_einsum package is required when use_opt_einsum is set to True in the contract_tensors function. This package can be installed using:
pip install opt_einsum
Traceback (most recent call last):
  File "/raid/g.bisicchia/cut_and_inc/env/lib/python3.10/site-packages/pennylane/qcut/processing.py", line 309, in contract_tensors
    from opt_einsum import contract, get_symbol
ModuleNotFoundError: No module named 'opt_einsum'

The above exception was the direct cause of the following exception:

Traceback (most recent call last):
  File "/raid/g.bisicchia/cut_and_inc/main_new_new.py", line 2501, in _run_circuit
    _run_one_mode_sandboxed(
  File "/raid/g.bisicchia/cut_and_inc/main_new_new.py", line 2379, in _run_one_mode_sandboxed
    _run_one_mode(mode, spec, args, ib, nb, circuit_dir, perf_exp_val, noisy_value)
  File "/raid/g.bisicchia/cut_and_inc/main_new_new.py", line 2414, in _run_one_mode
    payload = _dispatch_mode(mode, spec, args, ideal_backend, noisy_backend, perf_exp_val)
  File "/raid/g.bisicchia/cut_and_inc/main_new_new.py", line 2310, in _dispatch_mode
    return run_cutting_incremental(
  File "/raid/g.bisicchia/cut_and_inc/main_new_new.py", line 1578, in run_cutting_incremental
    result_value = sew(expvals, sew_data)
  File "/raid/g.bisicchia/cut_and_inc/main_new_new.py", line 606, in sew
    value = qml.qcut.qcut_processing_fn(
  File "/raid/g.bisicchia/cut_and_inc/env/lib/python3.10/site-packages/pennylane/qcut/processing.py", line 78, in qcut_processing_fn
    result = contract_tensors(
  File "/raid/g.bisicchia/cut_and_inc/env/lib/python3.10/site-packages/pennylane/qcut/processing.py", line 311, in contract_tensors
    raise ImportError(
ImportError: The opt_einsum package is required when use_opt_einsum is set to True in the contract_tensors function. This package can be installed using:
pip install opt_einsum

[5/10] 15q / 4_Clifford+T_016  observable: ZIIIIIIIIIIIIII
    » [19:41:46]  15q / 4_Clifford+T_016  observable=ZIIIIIIIIIIIIII  computing ground truth (PennyLane default.qubit)...
    · [   0.0s]  ground_truth = 1.000000
    » [19:41:46]  (#5) 15q / 4_Clifford+T_016 / noisy_vanilla  starting...
    ✓ [   4.2s]  (#5) 15q / 4_Clifford+T_016 / noisy_vanilla
    » [19:41:51]  (#5) 15q / 4_Clifford+T_016 / cut_divided_budget  starting...
/raid/g.bisicchia/cut_and_inc/env/lib/python3.10/site-packages/pennylane/qcut/cutstrategy.py:367: UserWarning: The numer of partition attempts seems high (41).
  warnings.warn(f"The numer of partition attempts seems high ({len(ks)}).")
    ✗ [  27.3s]  (#5) 15q / 4_Clifford+T_016 / cut_divided_budget  --  The opt_einsum package is required when use_opt_einsum is set to True in the contract_tensors function. This package can be installed using:
pip install opt_einsum
ERROR:cuttable-circuit-benchmark:4_Clifford+T_016 / cut_divided_budget failed: The opt_einsum package is required when use_opt_einsum is set to True in the contract_tensors function. This package can be installed using:
pip install opt_einsum
Traceback (most recent call last):
  File "/raid/g.bisicchia/cut_and_inc/env/lib/python3.10/site-packages/pennylane/qcut/processing.py", line 309, in contract_tensors
    from opt_einsum import contract, get_symbol
ModuleNotFoundError: No module named 'opt_einsum'

The above exception was the direct cause of the following exception:

Traceback (most recent call last):
  File "/raid/g.bisicchia/cut_and_inc/main_new_new.py", line 2501, in _run_circuit
    _run_one_mode_sandboxed(
  File "/raid/g.bisicchia/cut_and_inc/main_new_new.py", line 2379, in _run_one_mode_sandboxed
    _run_one_mode(mode, spec, args, ib, nb, circuit_dir, perf_exp_val, noisy_value)
  File "/raid/g.bisicchia/cut_and_inc/main_new_new.py", line 2414, in _run_one_mode
    payload = _dispatch_mode(mode, spec, args, ideal_backend, noisy_backend, perf_exp_val)
  File "/raid/g.bisicchia/cut_and_inc/main_new_new.py", line 2303, in _dispatch_mode
    return run_cutting(
  File "/raid/g.bisicchia/cut_and_inc/main_new_new.py", line 1396, in run_cutting
    result_value = sew(expvals, sew_data)
  File "/raid/g.bisicchia/cut_and_inc/main_new_new.py", line 606, in sew
    value = qml.qcut.qcut_processing_fn(
  File "/raid/g.bisicchia/cut_and_inc/env/lib/python3.10/site-packages/pennylane/qcut/processing.py", line 78, in qcut_processing_fn
    result = contract_tensors(
  File "/raid/g.bisicchia/cut_and_inc/env/lib/python3.10/site-packages/pennylane/qcut/processing.py", line 311, in contract_tensors
    raise ImportError(
ImportError: The opt_einsum package is required when use_opt_einsum is set to True in the contract_tensors function. This package can be installed using:
pip install opt_einsum
    » [19:42:18]  (#5) 15q / 4_Clifford+T_016 / cut_qubit_prop  starting...
    ✗ [  20.2s]  (#5) 15q / 4_Clifford+T_016 / cut_qubit_prop  --  The opt_einsum package is required when use_opt_einsum is set to True in the contract_tensors function. This package can be installed using:
pip install opt_einsum
ERROR:cuttable-circuit-benchmark:4_Clifford+T_016 / cut_qubit_prop failed: The opt_einsum package is required when use_opt_einsum is set to True in the contract_tensors function. This package can be installed using:
pip install opt_einsum
Traceback (most recent call last):
  File "/raid/g.bisicchia/cut_and_inc/env/lib/python3.10/site-packages/pennylane/qcut/processing.py", line 309, in contract_tensors
    from opt_einsum import contract, get_symbol
ModuleNotFoundError: No module named 'opt_einsum'

The above exception was the direct cause of the following exception:

Traceback (most recent call last):
  File "/raid/g.bisicchia/cut_and_inc/main_new_new.py", line 2501, in _run_circuit
    _run_one_mode_sandboxed(
  File "/raid/g.bisicchia/cut_and_inc/main_new_new.py", line 2379, in _run_one_mode_sandboxed
    _run_one_mode(mode, spec, args, ib, nb, circuit_dir, perf_exp_val, noisy_value)
  File "/raid/g.bisicchia/cut_and_inc/main_new_new.py", line 2414, in _run_one_mode
    payload = _dispatch_mode(mode, spec, args, ideal_backend, noisy_backend, perf_exp_val)
  File "/raid/g.bisicchia/cut_and_inc/main_new_new.py", line 2303, in _dispatch_mode
    return run_cutting(
  File "/raid/g.bisicchia/cut_and_inc/main_new_new.py", line 1396, in run_cutting
    result_value = sew(expvals, sew_data)
  File "/raid/g.bisicchia/cut_and_inc/main_new_new.py", line 606, in sew
    value = qml.qcut.qcut_processing_fn(
  File "/raid/g.bisicchia/cut_and_inc/env/lib/python3.10/site-packages/pennylane/qcut/processing.py", line 78, in qcut_processing_fn
    result = contract_tensors(
  File "/raid/g.bisicchia/cut_and_inc/env/lib/python3.10/site-packages/pennylane/qcut/processing.py", line 311, in contract_tensors
    raise ImportError(
ImportError: The opt_einsum package is required when use_opt_einsum is set to True in the contract_tensors function. This package can be installed using:
pip install opt_einsum
    » [19:42:38]  (#5) 15q / 4_Clifford+T_016 / cut_incremental_budget  starting...
    ✗ [ 248.8s]  (#5) 15q / 4_Clifford+T_016 / cut_incremental_budget  --  The opt_einsum package is required when use_opt_einsum is set to True in the contract_tensors function. This package can be installed using:
pip install opt_einsum
ERROR:cuttable-circuit-benchmark:4_Clifford+T_016 / cut_incremental_budget failed: The opt_einsum package is required when use_opt_einsum is set to True in the contract_tensors function. This package can be installed using:
pip install opt_einsum
Traceback (most recent call last):
  File "/raid/g.bisicchia/cut_and_inc/env/lib/python3.10/site-packages/pennylane/qcut/processing.py", line 309, in contract_tensors
    from opt_einsum import contract, get_symbol
ModuleNotFoundError: No module named 'opt_einsum'

The above exception was the direct cause of the following exception:

Traceback (most recent call last):
  File "/raid/g.bisicchia/cut_and_inc/main_new_new.py", line 2501, in _run_circuit
    _run_one_mode_sandboxed(
  File "/raid/g.bisicchia/cut_and_inc/main_new_new.py", line 2379, in _run_one_mode_sandboxed
    _run_one_mode(mode, spec, args, ib, nb, circuit_dir, perf_exp_val, noisy_value)
  File "/raid/g.bisicchia/cut_and_inc/main_new_new.py", line 2414, in _run_one_mode
    payload = _dispatch_mode(mode, spec, args, ideal_backend, noisy_backend, perf_exp_val)
  File "/raid/g.bisicchia/cut_and_inc/main_new_new.py", line 2310, in _dispatch_mode
    return run_cutting_incremental(
  File "/raid/g.bisicchia/cut_and_inc/main_new_new.py", line 1578, in run_cutting_incremental
    result_value = sew(expvals, sew_data)
  File "/raid/g.bisicchia/cut_and_inc/main_new_new.py", line 606, in sew
    value = qml.qcut.qcut_processing_fn(
  File "/raid/g.bisicchia/cut_and_inc/env/lib/python3.10/site-packages/pennylane/qcut/processing.py", line 78, in qcut_processing_fn
    result = contract_tensors(
  File "/raid/g.bisicchia/cut_and_inc/env/lib/python3.10/site-packages/pennylane/qcut/processing.py", line 311, in contract_tensors
    raise ImportError(
ImportError: The opt_einsum package is required when use_opt_einsum is set to True in the contract_tensors function. This package can be installed using:
pip install opt_einsum
    » [19:46:47]  (#5) 15q / 4_Clifford+T_016 / cut_incremental_qubit_prop  starting...
    ✗ [ 229.1s]  (#5) 15q / 4_Clifford+T_016 / cut_incremental_qubit_prop  --  The opt_einsum package is required when use_opt_einsum is set to True in the contract_tensors function. This package can be installed using:
pip install opt_einsum
ERROR:cuttable-circuit-benchmark:4_Clifford+T_016 / cut_incremental_qubit_prop failed: The opt_einsum package is required when use_opt_einsum is set to True in the contract_tensors function. This package can be installed using:
pip install opt_einsum
Traceback (most recent call last):
  File "/raid/g.bisicchia/cut_and_inc/env/lib/python3.10/site-packages/pennylane/qcut/processing.py", line 309, in contract_tensors
    from opt_einsum import contract, get_symbol
ModuleNotFoundError: No module named 'opt_einsum'

The above exception was the direct cause of the following exception:

Traceback (most recent call last):
  File "/raid/g.bisicchia/cut_and_inc/main_new_new.py", line 2501, in _run_circuit
    _run_one_mode_sandboxed(
  File "/raid/g.bisicchia/cut_and_inc/main_new_new.py", line 2379, in _run_one_mode_sandboxed
    _run_one_mode(mode, spec, args, ib, nb, circuit_dir, perf_exp_val, noisy_value)
  File "/raid/g.bisicchia/cut_and_inc/main_new_new.py", line 2414, in _run_one_mode
    payload = _dispatch_mode(mode, spec, args, ideal_backend, noisy_backend, perf_exp_val)
  File "/raid/g.bisicchia/cut_and_inc/main_new_new.py", line 2310, in _dispatch_mode
    return run_cutting_incremental(
  File "/raid/g.bisicchia/cut_and_inc/main_new_new.py", line 1578, in run_cutting_incremental
    result_value = sew(expvals, sew_data)
  File "/raid/g.bisicchia/cut_and_inc/main_new_new.py", line 606, in sew
    value = qml.qcut.qcut_processing_fn(
  File "/raid/g.bisicchia/cut_and_inc/env/lib/python3.10/site-packages/pennylane/qcut/processing.py", line 78, in qcut_processing_fn
    result = contract_tensors(
  File "/raid/g.bisicchia/cut_and_inc/env/lib/python3.10/site-packages/pennylane/qcut/processing.py", line 311, in contract_tensors
    raise ImportError(
ImportError: The opt_einsum package is required when use_opt_einsum is set to True in the contract_tensors function. This package can be installed using:
pip install opt_einsum

[6/10] 15q / 5_Clifford+T_018  observable: ZIIIIIIIIIIIIII
    » [19:50:36]  15q / 5_Clifford+T_018  observable=ZIIIIIIIIIIIIII  computing ground truth (PennyLane default.qubit)...
    · [   0.5s]  ground_truth = 1.000000
    » [19:50:37]  (#6) 15q / 5_Clifford+T_018 / noisy_vanilla  starting...
    ✓ [   4.7s]  (#6) 15q / 5_Clifford+T_018 / noisy_vanilla
    » [19:50:41]  (#6) 15q / 5_Clifford+T_018 / cut_divided_budget  starting...
/raid/g.bisicchia/cut_and_inc/env/lib/python3.10/site-packages/pennylane/qcut/cutstrategy.py:367: UserWarning: The numer of partition attempts seems high (42).
  warnings.warn(f"The numer of partition attempts seems high ({len(ks)}).")
    ✗ [  32.4s]  (#6) 15q / 5_Clifford+T_018 / cut_divided_budget  --  The opt_einsum package is required when use_opt_einsum is set to True in the contract_tensors function. This package can be installed using:
pip install opt_einsum
ERROR:cuttable-circuit-benchmark:5_Clifford+T_018 / cut_divided_budget failed: The opt_einsum package is required when use_opt_einsum is set to True in the contract_tensors function. This package can be installed using:
pip install opt_einsum
Traceback (most recent call last):
  File "/raid/g.bisicchia/cut_and_inc/env/lib/python3.10/site-packages/pennylane/qcut/processing.py", line 309, in contract_tensors
    from opt_einsum import contract, get_symbol
ModuleNotFoundError: No module named 'opt_einsum'

The above exception was the direct cause of the following exception:

Traceback (most recent call last):
  File "/raid/g.bisicchia/cut_and_inc/main_new_new.py", line 2501, in _run_circuit
    _run_one_mode_sandboxed(
  File "/raid/g.bisicchia/cut_and_inc/main_new_new.py", line 2379, in _run_one_mode_sandboxed
    _run_one_mode(mode, spec, args, ib, nb, circuit_dir, perf_exp_val, noisy_value)
  File "/raid/g.bisicchia/cut_and_inc/main_new_new.py", line 2414, in _run_one_mode
    payload = _dispatch_mode(mode, spec, args, ideal_backend, noisy_backend, perf_exp_val)
  File "/raid/g.bisicchia/cut_and_inc/main_new_new.py", line 2303, in _dispatch_mode
    return run_cutting(
  File "/raid/g.bisicchia/cut_and_inc/main_new_new.py", line 1396, in run_cutting
    result_value = sew(expvals, sew_data)
  File "/raid/g.bisicchia/cut_and_inc/main_new_new.py", line 606, in sew
    value = qml.qcut.qcut_processing_fn(
  File "/raid/g.bisicchia/cut_and_inc/env/lib/python3.10/site-packages/pennylane/qcut/processing.py", line 78, in qcut_processing_fn
    result = contract_tensors(
  File "/raid/g.bisicchia/cut_and_inc/env/lib/python3.10/site-packages/pennylane/qcut/processing.py", line 311, in contract_tensors
    raise ImportError(
ImportError: The opt_einsum package is required when use_opt_einsum is set to True in the contract_tensors function. This package can be installed using:
pip install opt_einsum
    » [19:51:14]  (#6) 15q / 5_Clifford+T_018 / cut_qubit_prop  starting...
    ✗ [  21.6s]  (#6) 15q / 5_Clifford+T_018 / cut_qubit_prop  --  The opt_einsum package is required when use_opt_einsum is set to True in the contract_tensors function. This package can be installed using:
pip install opt_einsum
ERROR:cuttable-circuit-benchmark:5_Clifford+T_018 / cut_qubit_prop failed: The opt_einsum package is required when use_opt_einsum is set to True in the contract_tensors function. This package can be installed using:
pip install opt_einsum
Traceback (most recent call last):
  File "/raid/g.bisicchia/cut_and_inc/env/lib/python3.10/site-packages/pennylane/qcut/processing.py", line 309, in contract_tensors
    from opt_einsum import contract, get_symbol
ModuleNotFoundError: No module named 'opt_einsum'

The above exception was the direct cause of the following exception:

Traceback (most recent call last):
  File "/raid/g.bisicchia/cut_and_inc/main_new_new.py", line 2501, in _run_circuit
    _run_one_mode_sandboxed(
  File "/raid/g.bisicchia/cut_and_inc/main_new_new.py", line 2379, in _run_one_mode_sandboxed
    _run_one_mode(mode, spec, args, ib, nb, circuit_dir, perf_exp_val, noisy_value)
  File "/raid/g.bisicchia/cut_and_inc/main_new_new.py", line 2414, in _run_one_mode
    payload = _dispatch_mode(mode, spec, args, ideal_backend, noisy_backend, perf_exp_val)
  File "/raid/g.bisicchia/cut_and_inc/main_new_new.py", line 2303, in _dispatch_mode
    return run_cutting(
  File "/raid/g.bisicchia/cut_and_inc/main_new_new.py", line 1396, in run_cutting
    result_value = sew(expvals, sew_data)
  File "/raid/g.bisicchia/cut_and_inc/main_new_new.py", line 606, in sew
    value = qml.qcut.qcut_processing_fn(
  File "/raid/g.bisicchia/cut_and_inc/env/lib/python3.10/site-packages/pennylane/qcut/processing.py", line 78, in qcut_processing_fn
    result = contract_tensors(
  File "/raid/g.bisicchia/cut_and_inc/env/lib/python3.10/site-packages/pennylane/qcut/processing.py", line 311, in contract_tensors
    raise ImportError(
ImportError: The opt_einsum package is required when use_opt_einsum is set to True in the contract_tensors function. This package can be installed using:
pip install opt_einsum
    » [19:51:35]  (#6) 15q / 5_Clifford+T_018 / cut_incremental_budget  starting...
    ✗ [ 214.6s]  (#6) 15q / 5_Clifford+T_018 / cut_incremental_budget  --  The opt_einsum package is required when use_opt_einsum is set to True in the contract_tensors function. This package can be installed using:
pip install opt_einsum
ERROR:cuttable-circuit-benchmark:5_Clifford+T_018 / cut_incremental_budget failed: The opt_einsum package is required when use_opt_einsum is set to True in the contract_tensors function. This package can be installed using:
pip install opt_einsum
Traceback (most recent call last):
  File "/raid/g.bisicchia/cut_and_inc/env/lib/python3.10/site-packages/pennylane/qcut/processing.py", line 309, in contract_tensors
    from opt_einsum import contract, get_symbol
ModuleNotFoundError: No module named 'opt_einsum'

The above exception was the direct cause of the following exception:

Traceback (most recent call last):
  File "/raid/g.bisicchia/cut_and_inc/main_new_new.py", line 2501, in _run_circuit
    _run_one_mode_sandboxed(
  File "/raid/g.bisicchia/cut_and_inc/main_new_new.py", line 2379, in _run_one_mode_sandboxed
    _run_one_mode(mode, spec, args, ib, nb, circuit_dir, perf_exp_val, noisy_value)
  File "/raid/g.bisicchia/cut_and_inc/main_new_new.py", line 2414, in _run_one_mode
    payload = _dispatch_mode(mode, spec, args, ideal_backend, noisy_backend, perf_exp_val)
  File "/raid/g.bisicchia/cut_and_inc/main_new_new.py", line 2310, in _dispatch_mode
    return run_cutting_incremental(
  File "/raid/g.bisicchia/cut_and_inc/main_new_new.py", line 1578, in run_cutting_incremental
    result_value = sew(expvals, sew_data)
  File "/raid/g.bisicchia/cut_and_inc/main_new_new.py", line 606, in sew
    value = qml.qcut.qcut_processing_fn(
  File "/raid/g.bisicchia/cut_and_inc/env/lib/python3.10/site-packages/pennylane/qcut/processing.py", line 78, in qcut_processing_fn
    result = contract_tensors(
  File "/raid/g.bisicchia/cut_and_inc/env/lib/python3.10/site-packages/pennylane/qcut/processing.py", line 311, in contract_tensors
    raise ImportError(
ImportError: The opt_einsum package is required when use_opt_einsum is set to True in the contract_tensors function. This package can be installed using:
pip install opt_einsum
    » [19:55:10]  (#6) 15q / 5_Clifford+T_018 / cut_incremental_qubit_prop  starting...
    ✗ [ 223.0s]  (#6) 15q / 5_Clifford+T_018 / cut_incremental_qubit_prop  --  The opt_einsum package is required when use_opt_einsum is set to True in the contract_tensors function. This package can be installed using:
pip install opt_einsum
ERROR:cuttable-circuit-benchmark:5_Clifford+T_018 / cut_incremental_qubit_prop failed: The opt_einsum package is required when use_opt_einsum is set to True in the contract_tensors function. This package can be installed using:
pip install opt_einsum
Traceback (most recent call last):
  File "/raid/g.bisicchia/cut_and_inc/env/lib/python3.10/site-packages/pennylane/qcut/processing.py", line 309, in contract_tensors
    from opt_einsum import contract, get_symbol
ModuleNotFoundError: No module named 'opt_einsum'

The above exception was the direct cause of the following exception:

Traceback (most recent call last):
  File "/raid/g.bisicchia/cut_and_inc/main_new_new.py", line 2501, in _run_circuit
    _run_one_mode_sandboxed(
  File "/raid/g.bisicchia/cut_and_inc/main_new_new.py", line 2379, in _run_one_mode_sandboxed
    _run_one_mode(mode, spec, args, ib, nb, circuit_dir, perf_exp_val, noisy_value)
  File "/raid/g.bisicchia/cut_and_inc/main_new_new.py", line 2414, in _run_one_mode
    payload = _dispatch_mode(mode, spec, args, ideal_backend, noisy_backend, perf_exp_val)
  File "/raid/g.bisicchia/cut_and_inc/main_new_new.py", line 2310, in _dispatch_mode
    return run_cutting_incremental(
  File "/raid/g.bisicchia/cut_and_inc/main_new_new.py", line 1578, in run_cutting_incremental
    result_value = sew(expvals, sew_data)
  File "/raid/g.bisicchia/cut_and_inc/main_new_new.py", line 606, in sew
    value = qml.qcut.qcut_processing_fn(
  File "/raid/g.bisicchia/cut_and_inc/env/lib/python3.10/site-packages/pennylane/qcut/processing.py", line 78, in qcut_processing_fn
    result = contract_tensors(
  File "/raid/g.bisicchia/cut_and_inc/env/lib/python3.10/site-packages/pennylane/qcut/processing.py", line 311, in contract_tensors
    raise ImportError(
ImportError: The opt_einsum package is required when use_opt_einsum is set to True in the contract_tensors function. This package can be installed using:
pip install opt_einsum

[7/10] 15q / 6_Clifford+T_022  observable: ZIIIIIIIIIIIIII
    » [19:58:53]  15q / 6_Clifford+T_022  observable=ZIIIIIIIIIIIIII  computing ground truth (PennyLane default.qubit)...
    · [   0.6s]  ground_truth = 0.000000
    » [19:58:54]  (#7) 15q / 6_Clifford+T_022 / noisy_vanilla  starting...
    ✓ [   4.1s]  (#7) 15q / 6_Clifford+T_022 / noisy_vanilla
    » [19:58:58]  (#7) 15q / 6_Clifford+T_022 / cut_divided_budget  starting...
/raid/g.bisicchia/cut_and_inc/env/lib/python3.10/site-packages/pennylane/qcut/cutstrategy.py:367: UserWarning: The numer of partition attempts seems high (40).
  warnings.warn(f"The numer of partition attempts seems high ({len(ks)}).")
    ✗ [  40.8s]  (#7) 15q / 6_Clifford+T_022 / cut_divided_budget  --  The opt_einsum package is required when use_opt_einsum is set to True in the contract_tensors function. This package can be installed using:
pip install opt_einsum
ERROR:cuttable-circuit-benchmark:6_Clifford+T_022 / cut_divided_budget failed: The opt_einsum package is required when use_opt_einsum is set to True in the contract_tensors function. This package can be installed using:
pip install opt_einsum
Traceback (most recent call last):
  File "/raid/g.bisicchia/cut_and_inc/env/lib/python3.10/site-packages/pennylane/qcut/processing.py", line 309, in contract_tensors
    from opt_einsum import contract, get_symbol
ModuleNotFoundError: No module named 'opt_einsum'

The above exception was the direct cause of the following exception:

Traceback (most recent call last):
  File "/raid/g.bisicchia/cut_and_inc/main_new_new.py", line 2501, in _run_circuit
    _run_one_mode_sandboxed(
  File "/raid/g.bisicchia/cut_and_inc/main_new_new.py", line 2379, in _run_one_mode_sandboxed
    _run_one_mode(mode, spec, args, ib, nb, circuit_dir, perf_exp_val, noisy_value)
  File "/raid/g.bisicchia/cut_and_inc/main_new_new.py", line 2414, in _run_one_mode
    payload = _dispatch_mode(mode, spec, args, ideal_backend, noisy_backend, perf_exp_val)
  File "/raid/g.bisicchia/cut_and_inc/main_new_new.py", line 2303, in _dispatch_mode
    return run_cutting(
  File "/raid/g.bisicchia/cut_and_inc/main_new_new.py", line 1396, in run_cutting
    result_value = sew(expvals, sew_data)
  File "/raid/g.bisicchia/cut_and_inc/main_new_new.py", line 606, in sew
    value = qml.qcut.qcut_processing_fn(
  File "/raid/g.bisicchia/cut_and_inc/env/lib/python3.10/site-packages/pennylane/qcut/processing.py", line 78, in qcut_processing_fn
    result = contract_tensors(
  File "/raid/g.bisicchia/cut_and_inc/env/lib/python3.10/site-packages/pennylane/qcut/processing.py", line 311, in contract_tensors
    raise ImportError(
ImportError: The opt_einsum package is required when use_opt_einsum is set to True in the contract_tensors function. This package can be installed using:
pip install opt_einsum
    » [19:59:38]  (#7) 15q / 6_Clifford+T_022 / cut_qubit_prop  starting...
    ✗ [  30.9s]  (#7) 15q / 6_Clifford+T_022 / cut_qubit_prop  --  The opt_einsum package is required when use_opt_einsum is set to True in the contract_tensors function. This package can be installed using:
pip install opt_einsum
ERROR:cuttable-circuit-benchmark:6_Clifford+T_022 / cut_qubit_prop failed: The opt_einsum package is required when use_opt_einsum is set to True in the contract_tensors function. This package can be installed using:
pip install opt_einsum
Traceback (most recent call last):
  File "/raid/g.bisicchia/cut_and_inc/env/lib/python3.10/site-packages/pennylane/qcut/processing.py", line 309, in contract_tensors
    from opt_einsum import contract, get_symbol
ModuleNotFoundError: No module named 'opt_einsum'

The above exception was the direct cause of the following exception:

Traceback (most recent call last):
  File "/raid/g.bisicchia/cut_and_inc/main_new_new.py", line 2501, in _run_circuit
    _run_one_mode_sandboxed(
  File "/raid/g.bisicchia/cut_and_inc/main_new_new.py", line 2379, in _run_one_mode_sandboxed
    _run_one_mode(mode, spec, args, ib, nb, circuit_dir, perf_exp_val, noisy_value)
  File "/raid/g.bisicchia/cut_and_inc/main_new_new.py", line 2414, in _run_one_mode
    payload = _dispatch_mode(mode, spec, args, ideal_backend, noisy_backend, perf_exp_val)
  File "/raid/g.bisicchia/cut_and_inc/main_new_new.py", line 2303, in _dispatch_mode
    return run_cutting(
  File "/raid/g.bisicchia/cut_and_inc/main_new_new.py", line 1396, in run_cutting
    result_value = sew(expvals, sew_data)
  File "/raid/g.bisicchia/cut_and_inc/main_new_new.py", line 606, in sew
    value = qml.qcut.qcut_processing_fn(
  File "/raid/g.bisicchia/cut_and_inc/env/lib/python3.10/site-packages/pennylane/qcut/processing.py", line 78, in qcut_processing_fn
    result = contract_tensors(
  File "/raid/g.bisicchia/cut_and_inc/env/lib/python3.10/site-packages/pennylane/qcut/processing.py", line 311, in contract_tensors
    raise ImportError(
ImportError: The opt_einsum package is required when use_opt_einsum is set to True in the contract_tensors function. This package can be installed using:
pip install opt_einsum
    » [20:00:09]  (#7) 15q / 6_Clifford+T_022 / cut_incremental_budget  starting...
    ✗ [ 229.8s]  (#7) 15q / 6_Clifford+T_022 / cut_incremental_budget  --  The opt_einsum package is required when use_opt_einsum is set to True in the contract_tensors function. This package can be installed using:
pip install opt_einsum
ERROR:cuttable-circuit-benchmark:6_Clifford+T_022 / cut_incremental_budget failed: The opt_einsum package is required when use_opt_einsum is set to True in the contract_tensors function. This package can be installed using:
pip install opt_einsum
Traceback (most recent call last):
  File "/raid/g.bisicchia/cut_and_inc/env/lib/python3.10/site-packages/pennylane/qcut/processing.py", line 309, in contract_tensors
    from opt_einsum import contract, get_symbol
ModuleNotFoundError: No module named 'opt_einsum'

The above exception was the direct cause of the following exception:

Traceback (most recent call last):
  File "/raid/g.bisicchia/cut_and_inc/main_new_new.py", line 2501, in _run_circuit
    _run_one_mode_sandboxed(
  File "/raid/g.bisicchia/cut_and_inc/main_new_new.py", line 2379, in _run_one_mode_sandboxed
    _run_one_mode(mode, spec, args, ib, nb, circuit_dir, perf_exp_val, noisy_value)
  File "/raid/g.bisicchia/cut_and_inc/main_new_new.py", line 2414, in _run_one_mode
    payload = _dispatch_mode(mode, spec, args, ideal_backend, noisy_backend, perf_exp_val)
  File "/raid/g.bisicchia/cut_and_inc/main_new_new.py", line 2310, in _dispatch_mode
    return run_cutting_incremental(
  File "/raid/g.bisicchia/cut_and_inc/main_new_new.py", line 1578, in run_cutting_incremental
    result_value = sew(expvals, sew_data)
  File "/raid/g.bisicchia/cut_and_inc/main_new_new.py", line 606, in sew
    value = qml.qcut.qcut_processing_fn(
  File "/raid/g.bisicchia/cut_and_inc/env/lib/python3.10/site-packages/pennylane/qcut/processing.py", line 78, in qcut_processing_fn
    result = contract_tensors(
  File "/raid/g.bisicchia/cut_and_inc/env/lib/python3.10/site-packages/pennylane/qcut/processing.py", line 311, in contract_tensors
    raise ImportError(
ImportError: The opt_einsum package is required when use_opt_einsum is set to True in the contract_tensors function. This package can be installed using:
pip install opt_einsum
    » [20:03:59]  (#7) 15q / 6_Clifford+T_022 / cut_incremental_qubit_prop  starting...
    ✗ [ 208.8s]  (#7) 15q / 6_Clifford+T_022 / cut_incremental_qubit_prop  --  The opt_einsum package is required when use_opt_einsum is set to True in the contract_tensors function. This package can be installed using:
pip install opt_einsum
ERROR:cuttable-circuit-benchmark:6_Clifford+T_022 / cut_incremental_qubit_prop failed: The opt_einsum package is required when use_opt_einsum is set to True in the contract_tensors function. This package can be installed using:
pip install opt_einsum
Traceback (most recent call last):
  File "/raid/g.bisicchia/cut_and_inc/env/lib/python3.10/site-packages/pennylane/qcut/processing.py", line 309, in contract_tensors
    from opt_einsum import contract, get_symbol
ModuleNotFoundError: No module named 'opt_einsum'

The above exception was the direct cause of the following exception:

Traceback (most recent call last):
  File "/raid/g.bisicchia/cut_and_inc/main_new_new.py", line 2501, in _run_circuit
    _run_one_mode_sandboxed(
  File "/raid/g.bisicchia/cut_and_inc/main_new_new.py", line 2379, in _run_one_mode_sandboxed
    _run_one_mode(mode, spec, args, ib, nb, circuit_dir, perf_exp_val, noisy_value)
  File "/raid/g.bisicchia/cut_and_inc/main_new_new.py", line 2414, in _run_one_mode
    payload = _dispatch_mode(mode, spec, args, ideal_backend, noisy_backend, perf_exp_val)
  File "/raid/g.bisicchia/cut_and_inc/main_new_new.py", line 2310, in _dispatch_mode
    return run_cutting_incremental(
  File "/raid/g.bisicchia/cut_and_inc/main_new_new.py", line 1578, in run_cutting_incremental
    result_value = sew(expvals, sew_data)
  File "/raid/g.bisicchia/cut_and_inc/main_new_new.py", line 606, in sew
    value = qml.qcut.qcut_processing_fn(
  File "/raid/g.bisicchia/cut_and_inc/env/lib/python3.10/site-packages/pennylane/qcut/processing.py", line 78, in qcut_processing_fn
    result = contract_tensors(
  File "/raid/g.bisicchia/cut_and_inc/env/lib/python3.10/site-packages/pennylane/qcut/processing.py", line 311, in contract_tensors
    raise ImportError(
ImportError: The opt_einsum package is required when use_opt_einsum is set to True in the contract_tensors function. This package can be installed using:
pip install opt_einsum

[8/10] 15q / 7_Clifford+T_023  observable: ZIIIIIIIIIIIIII
    » [20:07:28]  15q / 7_Clifford+T_023  observable=ZIIIIIIIIIIIIII  computing ground truth (PennyLane default.qubit)...
    · [   0.8s]  ground_truth = 1.000000
    » [20:07:29]  (#8) 15q / 7_Clifford+T_023 / noisy_vanilla  starting...
    ✓ [   4.0s]  (#8) 15q / 7_Clifford+T_023 / noisy_vanilla
    » [20:07:33]  (#8) 15q / 7_Clifford+T_023 / cut_divided_budget  starting...
/raid/g.bisicchia/cut_and_inc/env/lib/python3.10/site-packages/pennylane/qcut/cutstrategy.py:367: UserWarning: The numer of partition attempts seems high (40).
  warnings.warn(f"The numer of partition attempts seems high ({len(ks)}).")
    ✗ [  23.3s]  (#8) 15q / 7_Clifford+T_023 / cut_divided_budget  --  The opt_einsum package is required when use_opt_einsum is set to True in the contract_tensors function. This package can be installed using:
pip install opt_einsum
ERROR:cuttable-circuit-benchmark:7_Clifford+T_023 / cut_divided_budget failed: The opt_einsum package is required when use_opt_einsum is set to True in the contract_tensors function. This package can be installed using:
pip install opt_einsum
Traceback (most recent call last):
  File "/raid/g.bisicchia/cut_and_inc/env/lib/python3.10/site-packages/pennylane/qcut/processing.py", line 309, in contract_tensors
    from opt_einsum import contract, get_symbol
ModuleNotFoundError: No module named 'opt_einsum'

The above exception was the direct cause of the following exception:

Traceback (most recent call last):
  File "/raid/g.bisicchia/cut_and_inc/main_new_new.py", line 2501, in _run_circuit
    _run_one_mode_sandboxed(
  File "/raid/g.bisicchia/cut_and_inc/main_new_new.py", line 2379, in _run_one_mode_sandboxed
    _run_one_mode(mode, spec, args, ib, nb, circuit_dir, perf_exp_val, noisy_value)
  File "/raid/g.bisicchia/cut_and_inc/main_new_new.py", line 2414, in _run_one_mode
    payload = _dispatch_mode(mode, spec, args, ideal_backend, noisy_backend, perf_exp_val)
  File "/raid/g.bisicchia/cut_and_inc/main_new_new.py", line 2303, in _dispatch_mode
    return run_cutting(
  File "/raid/g.bisicchia/cut_and_inc/main_new_new.py", line 1396, in run_cutting
    result_value = sew(expvals, sew_data)
  File "/raid/g.bisicchia/cut_and_inc/main_new_new.py", line 606, in sew
    value = qml.qcut.qcut_processing_fn(
  File "/raid/g.bisicchia/cut_and_inc/env/lib/python3.10/site-packages/pennylane/qcut/processing.py", line 78, in qcut_processing_fn
    result = contract_tensors(
  File "/raid/g.bisicchia/cut_and_inc/env/lib/python3.10/site-packages/pennylane/qcut/processing.py", line 311, in contract_tensors
    raise ImportError(
ImportError: The opt_einsum package is required when use_opt_einsum is set to True in the contract_tensors function. This package can be installed using:
pip install opt_einsum
    » [20:07:56]  (#8) 15q / 7_Clifford+T_023 / cut_qubit_prop  starting...
    ✗ [  14.6s]  (#8) 15q / 7_Clifford+T_023 / cut_qubit_prop  --  The opt_einsum package is required when use_opt_einsum is set to True in the contract_tensors function. This package can be installed using:
pip install opt_einsum
ERROR:cuttable-circuit-benchmark:7_Clifford+T_023 / cut_qubit_prop failed: The opt_einsum package is required when use_opt_einsum is set to True in the contract_tensors function. This package can be installed using:
pip install opt_einsum
Traceback (most recent call last):
  File "/raid/g.bisicchia/cut_and_inc/env/lib/python3.10/site-packages/pennylane/qcut/processing.py", line 309, in contract_tensors
    from opt_einsum import contract, get_symbol
ModuleNotFoundError: No module named 'opt_einsum'

The above exception was the direct cause of the following exception:

Traceback (most recent call last):
  File "/raid/g.bisicchia/cut_and_inc/main_new_new.py", line 2501, in _run_circuit
    _run_one_mode_sandboxed(
  File "/raid/g.bisicchia/cut_and_inc/main_new_new.py", line 2379, in _run_one_mode_sandboxed
    _run_one_mode(mode, spec, args, ib, nb, circuit_dir, perf_exp_val, noisy_value)
  File "/raid/g.bisicchia/cut_and_inc/main_new_new.py", line 2414, in _run_one_mode
    payload = _dispatch_mode(mode, spec, args, ideal_backend, noisy_backend, perf_exp_val)
  File "/raid/g.bisicchia/cut_and_inc/main_new_new.py", line 2303, in _dispatch_mode
    return run_cutting(
  File "/raid/g.bisicchia/cut_and_inc/main_new_new.py", line 1396, in run_cutting
    result_value = sew(expvals, sew_data)
  File "/raid/g.bisicchia/cut_and_inc/main_new_new.py", line 606, in sew
    value = qml.qcut.qcut_processing_fn(
  File "/raid/g.bisicchia/cut_and_inc/env/lib/python3.10/site-packages/pennylane/qcut/processing.py", line 78, in qcut_processing_fn
    result = contract_tensors(
  File "/raid/g.bisicchia/cut_and_inc/env/lib/python3.10/site-packages/pennylane/qcut/processing.py", line 311, in contract_tensors
    raise ImportError(
ImportError: The opt_einsum package is required when use_opt_einsum is set to True in the contract_tensors function. This package can be installed using:
pip install opt_einsum
    » [20:08:11]  (#8) 15q / 7_Clifford+T_023 / cut_incremental_budget  starting...
    ✗ [ 228.5s]  (#8) 15q / 7_Clifford+T_023 / cut_incremental_budget  --  The opt_einsum package is required when use_opt_einsum is set to True in the contract_tensors function. This package can be installed using:
pip install opt_einsum
ERROR:cuttable-circuit-benchmark:7_Clifford+T_023 / cut_incremental_budget failed: The opt_einsum package is required when use_opt_einsum is set to True in the contract_tensors function. This package can be installed using:
pip install opt_einsum
Traceback (most recent call last):
  File "/raid/g.bisicchia/cut_and_inc/env/lib/python3.10/site-packages/pennylane/qcut/processing.py", line 309, in contract_tensors
    from opt_einsum import contract, get_symbol
ModuleNotFoundError: No module named 'opt_einsum'

The above exception was the direct cause of the following exception:

Traceback (most recent call last):
  File "/raid/g.bisicchia/cut_and_inc/main_new_new.py", line 2501, in _run_circuit
    _run_one_mode_sandboxed(
  File "/raid/g.bisicchia/cut_and_inc/main_new_new.py", line 2379, in _run_one_mode_sandboxed
    _run_one_mode(mode, spec, args, ib, nb, circuit_dir, perf_exp_val, noisy_value)
  File "/raid/g.bisicchia/cut_and_inc/main_new_new.py", line 2414, in _run_one_mode
    payload = _dispatch_mode(mode, spec, args, ideal_backend, noisy_backend, perf_exp_val)
  File "/raid/g.bisicchia/cut_and_inc/main_new_new.py", line 2310, in _dispatch_mode
    return run_cutting_incremental(
  File "/raid/g.bisicchia/cut_and_inc/main_new_new.py", line 1578, in run_cutting_incremental
    result_value = sew(expvals, sew_data)
  File "/raid/g.bisicchia/cut_and_inc/main_new_new.py", line 606, in sew
    value = qml.qcut.qcut_processing_fn(
  File "/raid/g.bisicchia/cut_and_inc/env/lib/python3.10/site-packages/pennylane/qcut/processing.py", line 78, in qcut_processing_fn
    result = contract_tensors(
  File "/raid/g.bisicchia/cut_and_inc/env/lib/python3.10/site-packages/pennylane/qcut/processing.py", line 311, in contract_tensors
    raise ImportError(
ImportError: The opt_einsum package is required when use_opt_einsum is set to True in the contract_tensors function. This package can be installed using:
pip install opt_einsum
    » [20:11:59]  (#8) 15q / 7_Clifford+T_023 / cut_incremental_qubit_prop  starting...
    ✗ [ 254.6s]  (#8) 15q / 7_Clifford+T_023 / cut_incremental_qubit_prop  --  The opt_einsum package is required when use_opt_einsum is set to True in the contract_tensors function. This package can be installed using:
pip install opt_einsum
ERROR:cuttable-circuit-benchmark:7_Clifford+T_023 / cut_incremental_qubit_prop failed: The opt_einsum package is required when use_opt_einsum is set to True in the contract_tensors function. This package can be installed using:
pip install opt_einsum
Traceback (most recent call last):
  File "/raid/g.bisicchia/cut_and_inc/env/lib/python3.10/site-packages/pennylane/qcut/processing.py", line 309, in contract_tensors
    from opt_einsum import contract, get_symbol
ModuleNotFoundError: No module named 'opt_einsum'

The above exception was the direct cause of the following exception:

Traceback (most recent call last):
  File "/raid/g.bisicchia/cut_and_inc/main_new_new.py", line 2501, in _run_circuit
    _run_one_mode_sandboxed(
  File "/raid/g.bisicchia/cut_and_inc/main_new_new.py", line 2379, in _run_one_mode_sandboxed
    _run_one_mode(mode, spec, args, ib, nb, circuit_dir, perf_exp_val, noisy_value)
  File "/raid/g.bisicchia/cut_and_inc/main_new_new.py", line 2414, in _run_one_mode
    payload = _dispatch_mode(mode, spec, args, ideal_backend, noisy_backend, perf_exp_val)
  File "/raid/g.bisicchia/cut_and_inc/main_new_new.py", line 2310, in _dispatch_mode
    return run_cutting_incremental(
  File "/raid/g.bisicchia/cut_and_inc/main_new_new.py", line 1578, in run_cutting_incremental
    result_value = sew(expvals, sew_data)
  File "/raid/g.bisicchia/cut_and_inc/main_new_new.py", line 606, in sew
    value = qml.qcut.qcut_processing_fn(
  File "/raid/g.bisicchia/cut_and_inc/env/lib/python3.10/site-packages/pennylane/qcut/processing.py", line 78, in qcut_processing_fn
    result = contract_tensors(
  File "/raid/g.bisicchia/cut_and_inc/env/lib/python3.10/site-packages/pennylane/qcut/processing.py", line 311, in contract_tensors
    raise ImportError(
ImportError: The opt_einsum package is required when use_opt_einsum is set to True in the contract_tensors function. This package can be installed using:
pip install opt_einsum

[9/10] 15q / 8_Clifford+T_024  observable: ZIIIIIIIIIIIIII
    » [20:16:14]  15q / 8_Clifford+T_024  observable=ZIIIIIIIIIIIIII  computing ground truth (PennyLane default.qubit)...
    · [   0.3s]  ground_truth = 0.000000
    » [20:16:14]  (#9) 15q / 8_Clifford+T_024 / noisy_vanilla  starting...
    ✓ [   5.6s]  (#9) 15q / 8_Clifford+T_024 / noisy_vanilla
    » [20:16:20]  (#9) 15q / 8_Clifford+T_024 / cut_divided_budget  starting...
/raid/g.bisicchia/cut_and_inc/env/lib/python3.10/site-packages/pennylane/qcut/cutstrategy.py:367: UserWarning: The numer of partition attempts seems high (40).
  warnings.warn(f"The numer of partition attempts seems high ({len(ks)}).")
    ✗ [  29.2s]  (#9) 15q / 8_Clifford+T_024 / cut_divided_budget  --  The opt_einsum package is required when use_opt_einsum is set to True in the contract_tensors function. This package can be installed using:
pip install opt_einsum
ERROR:cuttable-circuit-benchmark:8_Clifford+T_024 / cut_divided_budget failed: The opt_einsum package is required when use_opt_einsum is set to True in the contract_tensors function. This package can be installed using:
pip install opt_einsum
Traceback (most recent call last):
  File "/raid/g.bisicchia/cut_and_inc/env/lib/python3.10/site-packages/pennylane/qcut/processing.py", line 309, in contract_tensors
    from opt_einsum import contract, get_symbol
ModuleNotFoundError: No module named 'opt_einsum'

The above exception was the direct cause of the following exception:

Traceback (most recent call last):
  File "/raid/g.bisicchia/cut_and_inc/main_new_new.py", line 2501, in _run_circuit
    _run_one_mode_sandboxed(
  File "/raid/g.bisicchia/cut_and_inc/main_new_new.py", line 2379, in _run_one_mode_sandboxed
    _run_one_mode(mode, spec, args, ib, nb, circuit_dir, perf_exp_val, noisy_value)
  File "/raid/g.bisicchia/cut_and_inc/main_new_new.py", line 2414, in _run_one_mode
    payload = _dispatch_mode(mode, spec, args, ideal_backend, noisy_backend, perf_exp_val)
  File "/raid/g.bisicchia/cut_and_inc/main_new_new.py", line 2303, in _dispatch_mode
    return run_cutting(
  File "/raid/g.bisicchia/cut_and_inc/main_new_new.py", line 1396, in run_cutting
    result_value = sew(expvals, sew_data)
  File "/raid/g.bisicchia/cut_and_inc/main_new_new.py", line 606, in sew
    value = qml.qcut.qcut_processing_fn(
  File "/raid/g.bisicchia/cut_and_inc/env/lib/python3.10/site-packages/pennylane/qcut/processing.py", line 78, in qcut_processing_fn
    result = contract_tensors(
  File "/raid/g.bisicchia/cut_and_inc/env/lib/python3.10/site-packages/pennylane/qcut/processing.py", line 311, in contract_tensors
    raise ImportError(
ImportError: The opt_einsum package is required when use_opt_einsum is set to True in the contract_tensors function. This package can be installed using:
pip install opt_einsum
    » [20:16:49]  (#9) 15q / 8_Clifford+T_024 / cut_qubit_prop  starting...
    ✗ [  21.8s]  (#9) 15q / 8_Clifford+T_024 / cut_qubit_prop  --  The opt_einsum package is required when use_opt_einsum is set to True in the contract_tensors function. This package can be installed using:
pip install opt_einsum
ERROR:cuttable-circuit-benchmark:8_Clifford+T_024 / cut_qubit_prop failed: The opt_einsum package is required when use_opt_einsum is set to True in the contract_tensors function. This package can be installed using:
pip install opt_einsum
Traceback (most recent call last):
  File "/raid/g.bisicchia/cut_and_inc/env/lib/python3.10/site-packages/pennylane/qcut/processing.py", line 309, in contract_tensors
    from opt_einsum import contract, get_symbol
ModuleNotFoundError: No module named 'opt_einsum'

The above exception was the direct cause of the following exception:

Traceback (most recent call last):
  File "/raid/g.bisicchia/cut_and_inc/main_new_new.py", line 2501, in _run_circuit
    _run_one_mode_sandboxed(
  File "/raid/g.bisicchia/cut_and_inc/main_new_new.py", line 2379, in _run_one_mode_sandboxed
    _run_one_mode(mode, spec, args, ib, nb, circuit_dir, perf_exp_val, noisy_value)
  File "/raid/g.bisicchia/cut_and_inc/main_new_new.py", line 2414, in _run_one_mode
    payload = _dispatch_mode(mode, spec, args, ideal_backend, noisy_backend, perf_exp_val)
  File "/raid/g.bisicchia/cut_and_inc/main_new_new.py", line 2303, in _dispatch_mode
    return run_cutting(
  File "/raid/g.bisicchia/cut_and_inc/main_new_new.py", line 1396, in run_cutting
    result_value = sew(expvals, sew_data)
  File "/raid/g.bisicchia/cut_and_inc/main_new_new.py", line 606, in sew
    value = qml.qcut.qcut_processing_fn(
  File "/raid/g.bisicchia/cut_and_inc/env/lib/python3.10/site-packages/pennylane/qcut/processing.py", line 78, in qcut_processing_fn
    result = contract_tensors(
  File "/raid/g.bisicchia/cut_and_inc/env/lib/python3.10/site-packages/pennylane/qcut/processing.py", line 311, in contract_tensors
    raise ImportError(
ImportError: The opt_einsum package is required when use_opt_einsum is set to True in the contract_tensors function. This package can be installed using:
pip install opt_einsum
    » [20:17:11]  (#9) 15q / 8_Clifford+T_024 / cut_incremental_budget  starting...
    ✗ [ 313.2s]  (#9) 15q / 8_Clifford+T_024 / cut_incremental_budget  --  The opt_einsum package is required when use_opt_einsum is set to True in the contract_tensors function. This package can be installed using:
pip install opt_einsum
ERROR:cuttable-circuit-benchmark:8_Clifford+T_024 / cut_incremental_budget failed: The opt_einsum package is required when use_opt_einsum is set to True in the contract_tensors function. This package can be installed using:
pip install opt_einsum
Traceback (most recent call last):
  File "/raid/g.bisicchia/cut_and_inc/env/lib/python3.10/site-packages/pennylane/qcut/processing.py", line 309, in contract_tensors
    from opt_einsum import contract, get_symbol
ModuleNotFoundError: No module named 'opt_einsum'

The above exception was the direct cause of the following exception:

Traceback (most recent call last):
  File "/raid/g.bisicchia/cut_and_inc/main_new_new.py", line 2501, in _run_circuit
    _run_one_mode_sandboxed(
  File "/raid/g.bisicchia/cut_and_inc/main_new_new.py", line 2379, in _run_one_mode_sandboxed
    _run_one_mode(mode, spec, args, ib, nb, circuit_dir, perf_exp_val, noisy_value)
  File "/raid/g.bisicchia/cut_and_inc/main_new_new.py", line 2414, in _run_one_mode
    payload = _dispatch_mode(mode, spec, args, ideal_backend, noisy_backend, perf_exp_val)
  File "/raid/g.bisicchia/cut_and_inc/main_new_new.py", line 2310, in _dispatch_mode
    return run_cutting_incremental(
  File "/raid/g.bisicchia/cut_and_inc/main_new_new.py", line 1578, in run_cutting_incremental
    result_value = sew(expvals, sew_data)
  File "/raid/g.bisicchia/cut_and_inc/main_new_new.py", line 606, in sew
    value = qml.qcut.qcut_processing_fn(
  File "/raid/g.bisicchia/cut_and_inc/env/lib/python3.10/site-packages/pennylane/qcut/processing.py", line 78, in qcut_processing_fn
    result = contract_tensors(
  File "/raid/g.bisicchia/cut_and_inc/env/lib/python3.10/site-packages/pennylane/qcut/processing.py", line 311, in contract_tensors
    raise ImportError(
ImportError: The opt_einsum package is required when use_opt_einsum is set to True in the contract_tensors function. This package can be installed using:
pip install opt_einsum
    » [20:22:24]  (#9) 15q / 8_Clifford+T_024 / cut_incremental_qubit_prop  starting...
    ✗ [ 279.1s]  (#9) 15q / 8_Clifford+T_024 / cut_incremental_qubit_prop  --  The opt_einsum package is required when use_opt_einsum is set to True in the contract_tensors function. This package can be installed using:
pip install opt_einsum
ERROR:cuttable-circuit-benchmark:8_Clifford+T_024 / cut_incremental_qubit_prop failed: The opt_einsum package is required when use_opt_einsum is set to True in the contract_tensors function. This package can be installed using:
pip install opt_einsum
Traceback (most recent call last):
  File "/raid/g.bisicchia/cut_and_inc/env/lib/python3.10/site-packages/pennylane/qcut/processing.py", line 309, in contract_tensors
    from opt_einsum import contract, get_symbol
ModuleNotFoundError: No module named 'opt_einsum'

The above exception was the direct cause of the following exception:

Traceback (most recent call last):
  File "/raid/g.bisicchia/cut_and_inc/main_new_new.py", line 2501, in _run_circuit
    _run_one_mode_sandboxed(
  File "/raid/g.bisicchia/cut_and_inc/main_new_new.py", line 2379, in _run_one_mode_sandboxed
    _run_one_mode(mode, spec, args, ib, nb, circuit_dir, perf_exp_val, noisy_value)
  File "/raid/g.bisicchia/cut_and_inc/main_new_new.py", line 2414, in _run_one_mode
    payload = _dispatch_mode(mode, spec, args, ideal_backend, noisy_backend, perf_exp_val)
  File "/raid/g.bisicchia/cut_and_inc/main_new_new.py", line 2310, in _dispatch_mode
    return run_cutting_incremental(
  File "/raid/g.bisicchia/cut_and_inc/main_new_new.py", line 1578, in run_cutting_incremental
    result_value = sew(expvals, sew_data)
  File "/raid/g.bisicchia/cut_and_inc/main_new_new.py", line 606, in sew
    value = qml.qcut.qcut_processing_fn(
  File "/raid/g.bisicchia/cut_and_inc/env/lib/python3.10/site-packages/pennylane/qcut/processing.py", line 78, in qcut_processing_fn
    result = contract_tensors(
  File "/raid/g.bisicchia/cut_and_inc/env/lib/python3.10/site-packages/pennylane/qcut/processing.py", line 311, in contract_tensors
    raise ImportError(
ImportError: The opt_einsum package is required when use_opt_einsum is set to True in the contract_tensors function. This package can be installed using:
pip install opt_einsum

[10/10] 15q / 9_Clifford+T_026  observable: ZIIIIIIIIIIIIII
    » [20:27:03]  15q / 9_Clifford+T_026  observable=ZIIIIIIIIIIIIII  computing ground truth (PennyLane default.qubit)...
    · [   0.7s]  ground_truth = 1.000000
    » [20:27:03]  (#10) 15q / 9_Clifford+T_026 / noisy_vanilla  starting...
    ✓ [   5.8s]  (#10) 15q / 9_Clifford+T_026 / noisy_vanilla
    » [20:27:09]  (#10) 15q / 9_Clifford+T_026 / cut_divided_budget  starting...
/raid/g.bisicchia/cut_and_inc/env/lib/python3.10/site-packages/pennylane/qcut/cutstrategy.py:367: UserWarning: The numer of partition attempts seems high (40).
  warnings.warn(f"The numer of partition attempts seems high ({len(ks)}).")
    ✗ [  32.2s]  (#10) 15q / 9_Clifford+T_026 / cut_divided_budget  --  The opt_einsum package is required when use_opt_einsum is set to True in the contract_tensors function. This package can be installed using:
pip install opt_einsum
ERROR:cuttable-circuit-benchmark:9_Clifford+T_026 / cut_divided_budget failed: The opt_einsum package is required when use_opt_einsum is set to True in the contract_tensors function. This package can be installed using:
pip install opt_einsum
Traceback (most recent call last):
  File "/raid/g.bisicchia/cut_and_inc/env/lib/python3.10/site-packages/pennylane/qcut/processing.py", line 309, in contract_tensors
    from opt_einsum import contract, get_symbol
ModuleNotFoundError: No module named 'opt_einsum'

The above exception was the direct cause of the following exception:

Traceback (most recent call last):
  File "/raid/g.bisicchia/cut_and_inc/main_new_new.py", line 2501, in _run_circuit
    _run_one_mode_sandboxed(
  File "/raid/g.bisicchia/cut_and_inc/main_new_new.py", line 2379, in _run_one_mode_sandboxed
    _run_one_mode(mode, spec, args, ib, nb, circuit_dir, perf_exp_val, noisy_value)
  File "/raid/g.bisicchia/cut_and_inc/main_new_new.py", line 2414, in _run_one_mode
    payload = _dispatch_mode(mode, spec, args, ideal_backend, noisy_backend, perf_exp_val)
  File "/raid/g.bisicchia/cut_and_inc/main_new_new.py", line 2303, in _dispatch_mode
    return run_cutting(
  File "/raid/g.bisicchia/cut_and_inc/main_new_new.py", line 1396, in run_cutting
    result_value = sew(expvals, sew_data)
  File "/raid/g.bisicchia/cut_and_inc/main_new_new.py", line 606, in sew
    value = qml.qcut.qcut_processing_fn(
  File "/raid/g.bisicchia/cut_and_inc/env/lib/python3.10/site-packages/pennylane/qcut/processing.py", line 78, in qcut_processing_fn
    result = contract_tensors(
  File "/raid/g.bisicchia/cut_and_inc/env/lib/python3.10/site-packages/pennylane/qcut/processing.py", line 311, in contract_tensors
    raise ImportError(
ImportError: The opt_einsum package is required when use_opt_einsum is set to True in the contract_tensors function. This package can be installed using:
pip install opt_einsum
    » [20:27:41]  (#10) 15q / 9_Clifford+T_026 / cut_qubit_prop  starting...
    ✗ [  25.4s]  (#10) 15q / 9_Clifford+T_026 / cut_qubit_prop  --  The opt_einsum package is required when use_opt_einsum is set to True in the contract_tensors function. This package can be installed using:
pip install opt_einsum
ERROR:cuttable-circuit-benchmark:9_Clifford+T_026 / cut_qubit_prop failed: The opt_einsum package is required when use_opt_einsum is set to True in the contract_tensors function. This package can be installed using:
pip install opt_einsum
Traceback (most recent call last):
  File "/raid/g.bisicchia/cut_and_inc/env/lib/python3.10/site-packages/pennylane/qcut/processing.py", line 309, in contract_tensors
    from opt_einsum import contract, get_symbol
ModuleNotFoundError: No module named 'opt_einsum'

The above exception was the direct cause of the following exception:

Traceback (most recent call last):
  File "/raid/g.bisicchia/cut_and_inc/main_new_new.py", line 2501, in _run_circuit
    _run_one_mode_sandboxed(
  File "/raid/g.bisicchia/cut_and_inc/main_new_new.py", line 2379, in _run_one_mode_sandboxed
    _run_one_mode(mode, spec, args, ib, nb, circuit_dir, perf_exp_val, noisy_value)
  File "/raid/g.bisicchia/cut_and_inc/main_new_new.py", line 2414, in _run_one_mode
    payload = _dispatch_mode(mode, spec, args, ideal_backend, noisy_backend, perf_exp_val)
  File "/raid/g.bisicchia/cut_and_inc/main_new_new.py", line 2303, in _dispatch_mode
    return run_cutting(
  File "/raid/g.bisicchia/cut_and_inc/main_new_new.py", line 1396, in run_cutting
    result_value = sew(expvals, sew_data)
  File "/raid/g.bisicchia/cut_and_inc/main_new_new.py", line 606, in sew
    value = qml.qcut.qcut_processing_fn(
  File "/raid/g.bisicchia/cut_and_inc/env/lib/python3.10/site-packages/pennylane/qcut/processing.py", line 78, in qcut_processing_fn
    result = contract_tensors(
  File "/raid/g.bisicchia/cut_and_inc/env/lib/python3.10/site-packages/pennylane/qcut/processing.py", line 311, in contract_tensors
    raise ImportError(
ImportError: The opt_einsum package is required when use_opt_einsum is set to True in the contract_tensors function. This package can be installed using:
pip install opt_einsum
    » [20:28:07]  (#10) 15q / 9_Clifford+T_026 / cut_incremental_budget  starting...
    ✗ [ 334.1s]  (#10) 15q / 9_Clifford+T_026 / cut_incremental_budget  --  The opt_einsum package is required when use_opt_einsum is set to True in the contract_tensors function. This package can be installed using:
pip install opt_einsum
ERROR:cuttable-circuit-benchmark:9_Clifford+T_026 / cut_incremental_budget failed: The opt_einsum package is required when use_opt_einsum is set to True in the contract_tensors function. This package can be installed using:
pip install opt_einsum
Traceback (most recent call last):
  File "/raid/g.bisicchia/cut_and_inc/env/lib/python3.10/site-packages/pennylane/qcut/processing.py", line 309, in contract_tensors
    from opt_einsum import contract, get_symbol
ModuleNotFoundError: No module named 'opt_einsum'

The above exception was the direct cause of the following exception:

Traceback (most recent call last):
  File "/raid/g.bisicchia/cut_and_inc/main_new_new.py", line 2501, in _run_circuit
    _run_one_mode_sandboxed(
  File "/raid/g.bisicchia/cut_and_inc/main_new_new.py", line 2379, in _run_one_mode_sandboxed
    _run_one_mode(mode, spec, args, ib, nb, circuit_dir, perf_exp_val, noisy_value)
  File "/raid/g.bisicchia/cut_and_inc/main_new_new.py", line 2414, in _run_one_mode
    payload = _dispatch_mode(mode, spec, args, ideal_backend, noisy_backend, perf_exp_val)
  File "/raid/g.bisicchia/cut_and_inc/main_new_new.py", line 2310, in _dispatch_mode
    return run_cutting_incremental(
  File "/raid/g.bisicchia/cut_and_inc/main_new_new.py", line 1578, in run_cutting_incremental
    result_value = sew(expvals, sew_data)
  File "/raid/g.bisicchia/cut_and_inc/main_new_new.py", line 606, in sew
    value = qml.qcut.qcut_processing_fn(
  File "/raid/g.bisicchia/cut_and_inc/env/lib/python3.10/site-packages/pennylane/qcut/processing.py", line 78, in qcut_processing_fn
    result = contract_tensors(
  File "/raid/g.bisicchia/cut_and_inc/env/lib/python3.10/site-packages/pennylane/qcut/processing.py", line 311, in contract_tensors
    raise ImportError(
ImportError: The opt_einsum package is required when use_opt_einsum is set to True in the contract_tensors function. This package can be installed using:
pip install opt_einsum
    » [20:33:41]  (#10) 15q / 9_Clifford+T_026 / cut_incremental_qubit_prop  starting...
    ✗ [ 311.2s]  (#10) 15q / 9_Clifford+T_026 / cut_incremental_qubit_prop  --  The opt_einsum package is required when use_opt_einsum is set to True in the contract_tensors function. This package can be installed using:
pip install opt_einsum
ERROR:cuttable-circuit-benchmark:9_Clifford+T_026 / cut_incremental_qubit_prop failed: The opt_einsum package is required when use_opt_einsum is set to True in the contract_tensors function. This package can be installed using:
pip install opt_einsum
Traceback (most recent call last):
  File "/raid/g.bisicchia/cut_and_inc/env/lib/python3.10/site-packages/pennylane/qcut/processing.py", line 309, in contract_tensors
    from opt_einsum import contract, get_symbol
ModuleNotFoundError: No module named 'opt_einsum'

The above exception was the direct cause of the following exception:

Traceback (most recent call last):
  File "/raid/g.bisicchia/cut_and_inc/main_new_new.py", line 2501, in _run_circuit
    _run_one_mode_sandboxed(
  File "/raid/g.bisicchia/cut_and_inc/main_new_new.py", line 2379, in _run_one_mode_sandboxed
    _run_one_mode(mode, spec, args, ib, nb, circuit_dir, perf_exp_val, noisy_value)
  File "/raid/g.bisicchia/cut_and_inc/main_new_new.py", line 2414, in _run_one_mode
    payload = _dispatch_mode(mode, spec, args, ideal_backend, noisy_backend, perf_exp_val)
  File "/raid/g.bisicchia/cut_and_inc/main_new_new.py", line 2310, in _dispatch_mode
    return run_cutting_incremental(
  File "/raid/g.bisicchia/cut_and_inc/main_new_new.py", line 1578, in run_cutting_incremental
    result_value = sew(expvals, sew_data)
  File "/raid/g.bisicchia/cut_and_inc/main_new_new.py", line 606, in sew
    value = qml.qcut.qcut_processing_fn(
  File "/raid/g.bisicchia/cut_and_inc/env/lib/python3.10/site-packages/pennylane/qcut/processing.py", line 78, in qcut_processing_fn
    result = contract_tensors(
  File "/raid/g.bisicchia/cut_and_inc/env/lib/python3.10/site-packages/pennylane/qcut/processing.py", line 311, in contract_tensors
    raise ImportError(
ImportError: The opt_einsum package is required when use_opt_einsum is set to True in the contract_tensors function. This package can be installed using:
pip install opt_einsum

============================================================
  Finished :   10  mode runs
  Failed   :   40  mode runs
============================================================

Merged CSV -> results/new/stable_shots_runs/5000_shots/kawasaki/15_qubits/summary.csv
Run log    -> results/new/stable_shots_runs/5000_shots/kawasaki/15_qubits/run.log
Per-mode JSON -> results/new/stable_shots_runs/5000_shots/kawasaki/15_qubits/<qubits>q/<circuit>/<mode>.json
[mar 9 giu 2026, 20:38:55, CEST] Finished 15 qubits | shots=5000 | backend=aer.fake_kawasaki
