[Mon Jun 15 09:47:56 PM UTC 2026] Starting 11 qubits | shots=10000 | backend=aer.fake_kawasaki
[Mon Jun 15 09:47:56 PM UTC 2026] Per-job memory limit: 6GB virtual memory

[1/10] 11q / 0_Clifford+T_001  observable: ZIIIIIIIIII
/home/local/ADUNIPI/a044855/cutandinc/newcut/lib/python3.12/site-packages/qiskit_ibm_runtime/fake_provider/backends/nighthawk/fake_nighthawk.py:76: UserWarning: Properties of fake_nighthawk are not intended to represent typical nighthawk error values.
  warnings.warn(
    » [21:48:02]  11q / 0_Clifford+T_001  observable=ZIIIIIIIIII  computing ground truth (PennyLane default.qubit)...
    · [   0.4s]  ground_truth = 0.000000
    » [21:48:03]  (#1) 11q / 0_Clifford+T_001 / noisy_vanilla  starting...
    » [21:48:06]  (#1) 11q / 0_Clifford+T_001 / cut_divided_budget  starting...
/home/local/ADUNIPI/a044855/cutandinc/newcut/lib/python3.12/site-packages/pennylane/qcut/cutstrategy.py:367: UserWarning: The number of partition attempts seems high (40).
  warnings.warn(f"The number of partition attempts seems high ({len(ks)}).")
    ✓ [  47.3s]  (#1) 11q / 0_Clifford+T_001 / cut_divided_budget
    » [21:48:53]  (#1) 11q / 0_Clifford+T_001 / cut_qubit_prop  starting...
    ✓ [  43.2s]  (#1) 11q / 0_Clifford+T_001 / cut_qubit_prop
    » [21:49:37]  (#1) 11q / 0_Clifford+T_001 / cut_incremental_budget  starting...
    ✓ [ 296.3s]  (#1) 11q / 0_Clifford+T_001 / cut_incremental_budget
    » [21:54:33]  (#1) 11q / 0_Clifford+T_001 / cut_incremental_qubit_prop  starting...
    ✓ [ 266.2s]  (#1) 11q / 0_Clifford+T_001 / cut_incremental_qubit_prop

[2/10] 11q / 1_Clifford+T_002  observable: ZIIIIIIIIII
    » [21:58:59]  11q / 1_Clifford+T_002  observable=ZIIIIIIIIII  computing ground truth (PennyLane default.qubit)...
    · [   0.0s]  ground_truth = -1.000000
    » [21:58:59]  (#2) 11q / 1_Clifford+T_002 / noisy_vanilla  starting...
    » [21:59:02]  (#2) 11q / 1_Clifford+T_002 / cut_divided_budget  starting...
/home/local/ADUNIPI/a044855/cutandinc/newcut/lib/python3.12/site-packages/pennylane/qcut/cutstrategy.py:367: UserWarning: The number of partition attempts seems high (40).
  warnings.warn(f"The number of partition attempts seems high ({len(ks)}).")
    ✓ [  47.9s]  (#2) 11q / 1_Clifford+T_002 / cut_divided_budget
    » [21:59:50]  (#2) 11q / 1_Clifford+T_002 / cut_qubit_prop  starting...
    ✓ [  39.8s]  (#2) 11q / 1_Clifford+T_002 / cut_qubit_prop
    » [22:00:30]  (#2) 11q / 1_Clifford+T_002 / cut_incremental_budget  starting...
    ✓ [ 282.8s]  (#2) 11q / 1_Clifford+T_002 / cut_incremental_budget
    » [22:05:13]  (#2) 11q / 1_Clifford+T_002 / cut_incremental_qubit_prop  starting...
    ✓ [ 262.4s]  (#2) 11q / 1_Clifford+T_002 / cut_incremental_qubit_prop

[3/10] 11q / 2_Clifford+T_011  observable: ZIIIIIIIIII
    » [22:09:35]  11q / 2_Clifford+T_011  observable=ZIIIIIIIIII  computing ground truth (PennyLane default.qubit)...
    · [   0.0s]  ground_truth = 0.000000
    » [22:09:35]  (#3) 11q / 2_Clifford+T_011 / noisy_vanilla  starting...
    » [22:09:38]  (#3) 11q / 2_Clifford+T_011 / cut_divided_budget  starting...
/home/local/ADUNIPI/a044855/cutandinc/newcut/lib/python3.12/site-packages/pennylane/qcut/cutstrategy.py:367: UserWarning: The number of partition attempts seems high (40).
  warnings.warn(f"The number of partition attempts seems high ({len(ks)}).")
    ✓ [  17.0s]  (#3) 11q / 2_Clifford+T_011 / cut_divided_budget
    » [22:09:55]  (#3) 11q / 2_Clifford+T_011 / cut_qubit_prop  starting...
    ✓ [  10.2s]  (#3) 11q / 2_Clifford+T_011 / cut_qubit_prop
    » [22:10:05]  (#3) 11q / 2_Clifford+T_011 / cut_incremental_budget  starting...
    ✓ [ 251.1s]  (#3) 11q / 2_Clifford+T_011 / cut_incremental_budget
    » [22:14:16]  (#3) 11q / 2_Clifford+T_011 / cut_incremental_qubit_prop  starting...
    ✓ [ 259.9s]  (#3) 11q / 2_Clifford+T_011 / cut_incremental_qubit_prop

[4/10] 11q / 3_Clifford+T_015  observable: ZIIIIIIIIII
    » [22:18:36]  11q / 3_Clifford+T_015  observable=ZIIIIIIIIII  computing ground truth (PennyLane default.qubit)...
    · [   0.0s]  ground_truth = 0.000000
    » [22:18:36]  (#4) 11q / 3_Clifford+T_015 / noisy_vanilla  starting...
    » [22:18:39]  (#4) 11q / 3_Clifford+T_015 / cut_divided_budget  starting...
/home/local/ADUNIPI/a044855/cutandinc/newcut/lib/python3.12/site-packages/pennylane/qcut/cutstrategy.py:367: UserWarning: The number of partition attempts seems high (40).
  warnings.warn(f"The number of partition attempts seems high ({len(ks)}).")
    ✓ [  17.1s]  (#4) 11q / 3_Clifford+T_015 / cut_divided_budget
    » [22:18:56]  (#4) 11q / 3_Clifford+T_015 / cut_qubit_prop  starting...
    ✓ [   9.9s]  (#4) 11q / 3_Clifford+T_015 / cut_qubit_prop
    » [22:19:06]  (#4) 11q / 3_Clifford+T_015 / cut_incremental_budget  starting...
    ✓ [ 252.6s]  (#4) 11q / 3_Clifford+T_015 / cut_incremental_budget
    » [22:23:19]  (#4) 11q / 3_Clifford+T_015 / cut_incremental_qubit_prop  starting...
    ✓ [ 260.6s]  (#4) 11q / 3_Clifford+T_015 / cut_incremental_qubit_prop

[5/10] 11q / 4_Clifford+T_017  observable: ZIIIIIIIIII
    » [22:27:39]  11q / 4_Clifford+T_017  observable=ZIIIIIIIIII  computing ground truth (PennyLane default.qubit)...
    · [   0.0s]  ground_truth = -1.000000
    » [22:27:39]  (#5) 11q / 4_Clifford+T_017 / noisy_vanilla  starting...
    » [22:27:42]  (#5) 11q / 4_Clifford+T_017 / cut_divided_budget  starting...
/home/local/ADUNIPI/a044855/cutandinc/newcut/lib/python3.12/site-packages/pennylane/qcut/cutstrategy.py:367: UserWarning: The number of partition attempts seems high (40).
  warnings.warn(f"The number of partition attempts seems high ({len(ks)}).")
    ✓ [  16.4s]  (#5) 11q / 4_Clifford+T_017 / cut_divided_budget
    » [22:27:58]  (#5) 11q / 4_Clifford+T_017 / cut_qubit_prop  starting...
    ✓ [  10.1s]  (#5) 11q / 4_Clifford+T_017 / cut_qubit_prop
    » [22:28:09]  (#5) 11q / 4_Clifford+T_017 / cut_incremental_budget  starting...
    ✓ [ 237.3s]  (#5) 11q / 4_Clifford+T_017 / cut_incremental_budget
    » [22:32:06]  (#5) 11q / 4_Clifford+T_017 / cut_incremental_qubit_prop  starting...
    ✓ [ 262.0s]  (#5) 11q / 4_Clifford+T_017 / cut_incremental_qubit_prop

[6/10] 11q / 5_Clifford+T_025  observable: ZIIIIIIIIII
    » [22:36:28]  11q / 5_Clifford+T_025  observable=ZIIIIIIIIII  computing ground truth (PennyLane default.qubit)...
    · [   0.0s]  ground_truth = 0.000000
    » [22:36:28]  (#6) 11q / 5_Clifford+T_025 / noisy_vanilla  starting...
    » [22:36:31]  (#6) 11q / 5_Clifford+T_025 / cut_divided_budget  starting...
/home/local/ADUNIPI/a044855/cutandinc/newcut/lib/python3.12/site-packages/pennylane/qcut/cutstrategy.py:367: UserWarning: The number of partition attempts seems high (40).
  warnings.warn(f"The number of partition attempts seems high ({len(ks)}).")
    ✓ [  16.6s]  (#6) 11q / 5_Clifford+T_025 / cut_divided_budget
    » [22:36:47]  (#6) 11q / 5_Clifford+T_025 / cut_qubit_prop  starting...
    ✓ [   9.8s]  (#6) 11q / 5_Clifford+T_025 / cut_qubit_prop
    » [22:36:57]  (#6) 11q / 5_Clifford+T_025 / cut_incremental_budget  starting...
    ✓ [ 252.4s]  (#6) 11q / 5_Clifford+T_025 / cut_incremental_budget
    » [22:41:10]  (#6) 11q / 5_Clifford+T_025 / cut_incremental_qubit_prop  starting...
    ✓ [ 260.4s]  (#6) 11q / 5_Clifford+T_025 / cut_incremental_qubit_prop

[7/10] 11q / 6_Clifford+T_026  observable: ZIIIIIIIIII
    » [22:45:30]  11q / 6_Clifford+T_026  observable=ZIIIIIIIIII  computing ground truth (PennyLane default.qubit)...
    · [   0.0s]  ground_truth = 1.000000
    » [22:45:30]  (#7) 11q / 6_Clifford+T_026 / noisy_vanilla  starting...
    » [22:45:33]  (#7) 11q / 6_Clifford+T_026 / cut_divided_budget  starting...
/home/local/ADUNIPI/a044855/cutandinc/newcut/lib/python3.12/site-packages/pennylane/qcut/cutstrategy.py:367: UserWarning: The number of partition attempts seems high (40).
  warnings.warn(f"The number of partition attempts seems high ({len(ks)}).")
    ✓ [  18.4s]  (#7) 11q / 6_Clifford+T_026 / cut_divided_budget
    » [22:45:52]  (#7) 11q / 6_Clifford+T_026 / cut_qubit_prop  starting...
    ✓ [  11.4s]  (#7) 11q / 6_Clifford+T_026 / cut_qubit_prop
    » [22:46:03]  (#7) 11q / 6_Clifford+T_026 / cut_incremental_budget  starting...
    ✓ [ 226.1s]  (#7) 11q / 6_Clifford+T_026 / cut_incremental_budget
    » [22:49:49]  (#7) 11q / 6_Clifford+T_026 / cut_incremental_qubit_prop  starting...
    ✓ [ 267.6s]  (#7) 11q / 6_Clifford+T_026 / cut_incremental_qubit_prop

[8/10] 11q / 7_Clifford+T_029  observable: ZIIIIIIIIII
    » [22:54:17]  11q / 7_Clifford+T_029  observable=ZIIIIIIIIII  computing ground truth (PennyLane default.qubit)...
    · [   0.0s]  ground_truth = 0.000000
    » [22:54:17]  (#8) 11q / 7_Clifford+T_029 / noisy_vanilla  starting...
    » [22:54:20]  (#8) 11q / 7_Clifford+T_029 / cut_divided_budget  starting...
/home/local/ADUNIPI/a044855/cutandinc/newcut/lib/python3.12/site-packages/pennylane/qcut/cutstrategy.py:367: UserWarning: The number of partition attempts seems high (40).
  warnings.warn(f"The number of partition attempts seems high ({len(ks)}).")
    ✓ [  16.2s]  (#8) 11q / 7_Clifford+T_029 / cut_divided_budget
    » [22:54:36]  (#8) 11q / 7_Clifford+T_029 / cut_qubit_prop  starting...
    ✓ [   9.9s]  (#8) 11q / 7_Clifford+T_029 / cut_qubit_prop
    » [22:54:46]  (#8) 11q / 7_Clifford+T_029 / cut_incremental_budget  starting...
    ✓ [ 252.1s]  (#8) 11q / 7_Clifford+T_029 / cut_incremental_budget
    » [22:58:58]  (#8) 11q / 7_Clifford+T_029 / cut_incremental_qubit_prop  starting...
    ✓ [ 260.7s]  (#8) 11q / 7_Clifford+T_029 / cut_incremental_qubit_prop

[9/10] 11q / 8_Clifford+T_030  observable: ZIIIIIIIIII
    » [23:03:19]  11q / 8_Clifford+T_030  observable=ZIIIIIIIIII  computing ground truth (PennyLane default.qubit)...
    · [   0.0s]  ground_truth = 1.000000
    » [23:03:19]  (#9) 11q / 8_Clifford+T_030 / noisy_vanilla  starting...
    » [23:03:22]  (#9) 11q / 8_Clifford+T_030 / cut_divided_budget  starting...
/home/local/ADUNIPI/a044855/cutandinc/newcut/lib/python3.12/site-packages/pennylane/qcut/cutstrategy.py:367: UserWarning: The number of partition attempts seems high (40).
  warnings.warn(f"The number of partition attempts seems high ({len(ks)}).")
    ✓ [  16.7s]  (#9) 11q / 8_Clifford+T_030 / cut_divided_budget
    » [23:03:39]  (#9) 11q / 8_Clifford+T_030 / cut_qubit_prop  starting...
    ✓ [   9.9s]  (#9) 11q / 8_Clifford+T_030 / cut_qubit_prop
    » [23:03:49]  (#9) 11q / 8_Clifford+T_030 / cut_incremental_budget  starting...
    ✓ [ 241.4s]  (#9) 11q / 8_Clifford+T_030 / cut_incremental_budget
    » [23:07:50]  (#9) 11q / 8_Clifford+T_030 / cut_incremental_qubit_prop  starting...
    ✓ [ 262.5s]  (#9) 11q / 8_Clifford+T_030 / cut_incremental_qubit_prop

[10/10] 11q / 9_Clifford+T_033  observable: ZIIIIIIIIII
    » [23:12:13]  11q / 9_Clifford+T_033  observable=ZIIIIIIIIII  computing ground truth (PennyLane default.qubit)...
    · [   0.0s]  ground_truth = 1.000000
    » [23:12:13]  (#10) 11q / 9_Clifford+T_033 / noisy_vanilla  starting...
    » [23:12:15]  (#10) 11q / 9_Clifford+T_033 / cut_divided_budget  starting...
/home/local/ADUNIPI/a044855/cutandinc/newcut/lib/python3.12/site-packages/pennylane/qcut/cutstrategy.py:367: UserWarning: The number of partition attempts seems high (40).
  warnings.warn(f"The number of partition attempts seems high ({len(ks)}).")
    ✓ [  16.7s]  (#10) 11q / 9_Clifford+T_033 / cut_divided_budget
    » [23:12:32]  (#10) 11q / 9_Clifford+T_033 / cut_qubit_prop  starting...
    ✓ [  10.0s]  (#10) 11q / 9_Clifford+T_033 / cut_qubit_prop
    » [23:12:42]  (#10) 11q / 9_Clifford+T_033 / cut_incremental_budget  starting...
    ✓ [ 251.6s]  (#10) 11q / 9_Clifford+T_033 / cut_incremental_budget
    » [23:16:54]  (#10) 11q / 9_Clifford+T_033 / cut_incremental_qubit_prop  starting...
    ✓ [ 264.4s]  (#10) 11q / 9_Clifford+T_033 / cut_incremental_qubit_prop

============================================================
  Finished :   40  mode runs
  Failed   :    0  mode runs
============================================================

Merged CSV -> results/new/stable_shots_runs02_10-14q_no_vanilla/10000_shots/kawasaki/11_qubits/summary.csv
Run log    -> results/new/stable_shots_runs02_10-14q_no_vanilla/10000_shots/kawasaki/11_qubits/run.log
Per-mode JSON -> results/new/stable_shots_runs02_10-14q_no_vanilla/10000_shots/kawasaki/11_qubits/<qubits>q/<circuit>/<mode>.json
	Command being timed: "python main_new_new.py --circuits-pkl only_cliffordt/clif11.pkl --shots 10000 --noisy-backend aer.fake_kawasaki --seed-simulator 42 --modes cut_divided_budget cut_qubit_prop cut_incremental_budget cut_incremental_qubit_prop --incremental-config configs/stable_shots.json --parallel-circuits 1 --output-dir results/new/stable_shots_runs02_10-14q_no_vanilla/10000_shots/kawasaki/11_qubits"
	User time (seconds): 5595.55
	System time (seconds): 7.47
	Percent of CPU this job got: 99%
	Elapsed (wall clock) time (h:mm:ss or m:ss): 1:33:23
	Average shared text size (kbytes): 0
	Average unshared data size (kbytes): 0
	Average stack size (kbytes): 0
	Average total size (kbytes): 0
	Maximum resident set size (kbytes): 545288
	Average resident set size (kbytes): 0
	Major (requiring I/O) page faults: 0
	Minor (reclaiming a frame) page faults: 2536465
	Voluntary context switches: 43537
	Involuntary context switches: 8207
	Swaps: 0
	File system inputs: 0
	File system outputs: 2856
	Socket messages sent: 0
	Socket messages received: 0
	Signals delivered: 0
	Page size (bytes): 4096
	Exit status: 0
[Mon Jun 15 11:21:19 PM UTC 2026] Finished 11 qubits | shots=10000 | backend=aer.fake_kawasaki
