[Tue Jun 16 07:33:53 AM UTC 2026] Starting 10 qubits | shots=20000 | backend=aer.fake_sherbrooke
[Tue Jun 16 07:33:53 AM UTC 2026] Per-job memory limit: 6GB virtual memory

[1/10] 10q / 0_Clifford+T_001  observable: ZIIIIIIIII
/home/local/ADUNIPI/a044855/cutandinc/newcut/lib/python3.12/site-packages/qiskit_ibm_runtime/fake_provider/backends/nighthawk/fake_nighthawk.py:76: UserWarning: Properties of fake_nighthawk are not intended to represent typical nighthawk error values.
  warnings.warn(
    » [07:34:03]  10q / 0_Clifford+T_001  observable=ZIIIIIIIII  computing ground truth (PennyLane default.qubit)...
    · [   0.7s]  ground_truth = -1.000000
    » [07:34:04]  (#1) 10q / 0_Clifford+T_001 / noisy_vanilla  starting...
    » [07:34:06]  (#1) 10q / 0_Clifford+T_001 / cut_divided_budget  starting...
/home/local/ADUNIPI/a044855/cutandinc/newcut/lib/python3.12/site-packages/pennylane/qcut/cutstrategy.py:367: UserWarning: The number of partition attempts seems high (40).
  warnings.warn(f"The number of partition attempts seems high ({len(ks)}).")
    ✓ [  53.6s]  (#1) 10q / 0_Clifford+T_001 / cut_divided_budget
    » [07:34:59]  (#1) 10q / 0_Clifford+T_001 / cut_qubit_prop  starting...
    ✓ [  40.8s]  (#1) 10q / 0_Clifford+T_001 / cut_qubit_prop
    » [07:35:40]  (#1) 10q / 0_Clifford+T_001 / cut_incremental_budget  starting...
    ✓ [ 528.2s]  (#1) 10q / 0_Clifford+T_001 / cut_incremental_budget
    » [07:44:28]  (#1) 10q / 0_Clifford+T_001 / cut_incremental_qubit_prop  starting...
    ✓ [ 535.5s]  (#1) 10q / 0_Clifford+T_001 / cut_incremental_qubit_prop

[2/10] 10q / 1_Clifford+T_004  observable: ZIIIIIIIII
    » [07:53:24]  10q / 1_Clifford+T_004  observable=ZIIIIIIIII  computing ground truth (PennyLane default.qubit)...
    · [   0.3s]  ground_truth = 0.000000
    » [07:53:24]  (#2) 10q / 1_Clifford+T_004 / noisy_vanilla  starting...
    » [07:53:26]  (#2) 10q / 1_Clifford+T_004 / cut_divided_budget  starting...
/home/local/ADUNIPI/a044855/cutandinc/newcut/lib/python3.12/site-packages/pennylane/qcut/cutstrategy.py:367: UserWarning: The number of partition attempts seems high (40).
  warnings.warn(f"The number of partition attempts seems high ({len(ks)}).")
    ✓ [  22.5s]  (#2) 10q / 1_Clifford+T_004 / cut_divided_budget
    » [07:53:48]  (#2) 10q / 1_Clifford+T_004 / cut_qubit_prop  starting...
    ✓ [  10.5s]  (#2) 10q / 1_Clifford+T_004 / cut_qubit_prop
    » [07:53:59]  (#2) 10q / 1_Clifford+T_004 / cut_incremental_budget  starting...
    ✓ [ 388.3s]  (#2) 10q / 1_Clifford+T_004 / cut_incremental_budget
    » [08:00:27]  (#2) 10q / 1_Clifford+T_004 / cut_incremental_qubit_prop  starting...
    ✓ [ 524.4s]  (#2) 10q / 1_Clifford+T_004 / cut_incremental_qubit_prop

[3/10] 10q / 2_Clifford+T_008  observable: ZIIIIIIIII
    » [08:09:11]  10q / 2_Clifford+T_008  observable=ZIIIIIIIII  computing ground truth (PennyLane default.qubit)...
    · [   0.0s]  ground_truth = 1.000000
    » [08:09:11]  (#3) 10q / 2_Clifford+T_008 / noisy_vanilla  starting...
    » [08:09:13]  (#3) 10q / 2_Clifford+T_008 / cut_divided_budget  starting...
/home/local/ADUNIPI/a044855/cutandinc/newcut/lib/python3.12/site-packages/pennylane/qcut/cutstrategy.py:367: UserWarning: The number of partition attempts seems high (40).
  warnings.warn(f"The number of partition attempts seems high ({len(ks)}).")
    ✓ [  47.8s]  (#3) 10q / 2_Clifford+T_008 / cut_divided_budget
    » [08:10:01]  (#3) 10q / 2_Clifford+T_008 / cut_qubit_prop  starting...
    ✓ [  41.2s]  (#3) 10q / 2_Clifford+T_008 / cut_qubit_prop
    » [08:10:42]  (#3) 10q / 2_Clifford+T_008 / cut_incremental_budget  starting...
    ✓ [ 534.2s]  (#3) 10q / 2_Clifford+T_008 / cut_incremental_budget
    » [08:19:36]  (#3) 10q / 2_Clifford+T_008 / cut_incremental_qubit_prop  starting...
    ✓ [ 537.5s]  (#3) 10q / 2_Clifford+T_008 / cut_incremental_qubit_prop

[4/10] 10q / 3_Clifford+T_015  observable: ZIIIIIIIII
    » [08:28:34]  10q / 3_Clifford+T_015  observable=ZIIIIIIIII  computing ground truth (PennyLane default.qubit)...
    · [   0.0s]  ground_truth = 1.000000
    » [08:28:34]  (#4) 10q / 3_Clifford+T_015 / noisy_vanilla  starting...
    » [08:28:36]  (#4) 10q / 3_Clifford+T_015 / cut_divided_budget  starting...
/home/local/ADUNIPI/a044855/cutandinc/newcut/lib/python3.12/site-packages/pennylane/qcut/cutstrategy.py:367: UserWarning: The number of partition attempts seems high (40).
  warnings.warn(f"The number of partition attempts seems high ({len(ks)}).")
    ✓ [  16.8s]  (#4) 10q / 3_Clifford+T_015 / cut_divided_budget
    » [08:28:52]  (#4) 10q / 3_Clifford+T_015 / cut_qubit_prop  starting...
    ✓ [  10.0s]  (#4) 10q / 3_Clifford+T_015 / cut_qubit_prop
    » [08:29:02]  (#4) 10q / 3_Clifford+T_015 / cut_incremental_budget  starting...
    ✓ [ 504.6s]  (#4) 10q / 3_Clifford+T_015 / cut_incremental_budget
    » [08:37:27]  (#4) 10q / 3_Clifford+T_015 / cut_incremental_qubit_prop  starting...
    ✓ [ 521.8s]  (#4) 10q / 3_Clifford+T_015 / cut_incremental_qubit_prop

[5/10] 10q / 4_Clifford+T_024  observable: ZIIIIIIIII
    » [08:46:09]  10q / 4_Clifford+T_024  observable=ZIIIIIIIII  computing ground truth (PennyLane default.qubit)...
    · [   0.0s]  ground_truth = 0.000000
    » [08:46:09]  (#5) 10q / 4_Clifford+T_024 / noisy_vanilla  starting...
    » [08:46:11]  (#5) 10q / 4_Clifford+T_024 / cut_divided_budget  starting...
/home/local/ADUNIPI/a044855/cutandinc/newcut/lib/python3.12/site-packages/pennylane/qcut/cutstrategy.py:367: UserWarning: The number of partition attempts seems high (40).
  warnings.warn(f"The number of partition attempts seems high ({len(ks)}).")
    ✓ [  48.1s]  (#5) 10q / 4_Clifford+T_024 / cut_divided_budget
    » [08:46:59]  (#5) 10q / 4_Clifford+T_024 / cut_qubit_prop  starting...
    ✓ [  40.9s]  (#5) 10q / 4_Clifford+T_024 / cut_qubit_prop
    » [08:47:40]  (#5) 10q / 4_Clifford+T_024 / cut_incremental_budget  starting...
    ✓ [ 529.7s]  (#5) 10q / 4_Clifford+T_024 / cut_incremental_budget
    » [08:56:29]  (#5) 10q / 4_Clifford+T_024 / cut_incremental_qubit_prop  starting...
    ✓ [ 536.6s]  (#5) 10q / 4_Clifford+T_024 / cut_incremental_qubit_prop

[6/10] 10q / 5_Clifford+T_026  observable: ZIIIIIIIII
    » [09:05:26]  10q / 5_Clifford+T_026  observable=ZIIIIIIIII  computing ground truth (PennyLane default.qubit)...
    · [   0.0s]  ground_truth = 1.000000
    » [09:05:26]  (#6) 10q / 5_Clifford+T_026 / noisy_vanilla  starting...
    » [09:05:28]  (#6) 10q / 5_Clifford+T_026 / cut_divided_budget  starting...
/home/local/ADUNIPI/a044855/cutandinc/newcut/lib/python3.12/site-packages/pennylane/qcut/cutstrategy.py:367: UserWarning: The number of partition attempts seems high (40).
  warnings.warn(f"The number of partition attempts seems high ({len(ks)}).")
    ✓ [  45.1s]  (#6) 10q / 5_Clifford+T_026 / cut_divided_budget
    » [09:06:13]  (#6) 10q / 5_Clifford+T_026 / cut_qubit_prop  starting...
    ✓ [  39.3s]  (#6) 10q / 5_Clifford+T_026 / cut_qubit_prop
    » [09:06:52]  (#6) 10q / 5_Clifford+T_026 / cut_incremental_budget  starting...
    ✓ [ 554.3s]  (#6) 10q / 5_Clifford+T_026 / cut_incremental_budget
    » [09:16:06]  (#6) 10q / 5_Clifford+T_026 / cut_incremental_qubit_prop  starting...
    ✓ [ 544.0s]  (#6) 10q / 5_Clifford+T_026 / cut_incremental_qubit_prop

[7/10] 10q / 6_Clifford+T_032  observable: ZIIIIIIIII
    » [09:25:10]  10q / 6_Clifford+T_032  observable=ZIIIIIIIII  computing ground truth (PennyLane default.qubit)...
    · [   0.0s]  ground_truth = 1.000000
    » [09:25:10]  (#7) 10q / 6_Clifford+T_032 / noisy_vanilla  starting...
    » [09:25:12]  (#7) 10q / 6_Clifford+T_032 / cut_divided_budget  starting...
/home/local/ADUNIPI/a044855/cutandinc/newcut/lib/python3.12/site-packages/pennylane/qcut/cutstrategy.py:367: UserWarning: The number of partition attempts seems high (40).
  warnings.warn(f"The number of partition attempts seems high ({len(ks)}).")
    ✓ [  21.4s]  (#7) 10q / 6_Clifford+T_032 / cut_divided_budget
    » [09:25:34]  (#7) 10q / 6_Clifford+T_032 / cut_qubit_prop  starting...
    ✓ [  10.1s]  (#7) 10q / 6_Clifford+T_032 / cut_qubit_prop
    » [09:25:44]  (#7) 10q / 6_Clifford+T_032 / cut_incremental_budget  starting...
    ✓ [ 388.0s]  (#7) 10q / 6_Clifford+T_032 / cut_incremental_budget
    » [09:32:12]  (#7) 10q / 6_Clifford+T_032 / cut_incremental_qubit_prop  starting...
    ✓ [ 528.8s]  (#7) 10q / 6_Clifford+T_032 / cut_incremental_qubit_prop

[8/10] 10q / 7_Clifford+T_033  observable: ZIIIIIIIII
    » [09:41:00]  10q / 7_Clifford+T_033  observable=ZIIIIIIIII  computing ground truth (PennyLane default.qubit)...
    · [   0.0s]  ground_truth = 1.000000
    » [09:41:00]  (#8) 10q / 7_Clifford+T_033 / noisy_vanilla  starting...
    » [09:41:02]  (#8) 10q / 7_Clifford+T_033 / cut_divided_budget  starting...
/home/local/ADUNIPI/a044855/cutandinc/newcut/lib/python3.12/site-packages/pennylane/qcut/cutstrategy.py:367: UserWarning: The number of partition attempts seems high (40).
  warnings.warn(f"The number of partition attempts seems high ({len(ks)}).")
    ✓ [  17.7s]  (#8) 10q / 7_Clifford+T_033 / cut_divided_budget
    » [09:41:20]  (#8) 10q / 7_Clifford+T_033 / cut_qubit_prop  starting...
    ✓ [  10.1s]  (#8) 10q / 7_Clifford+T_033 / cut_qubit_prop
    » [09:41:30]  (#8) 10q / 7_Clifford+T_033 / cut_incremental_budget  starting...
    ✓ [ 387.3s]  (#8) 10q / 7_Clifford+T_033 / cut_incremental_budget
    » [09:47:58]  (#8) 10q / 7_Clifford+T_033 / cut_incremental_qubit_prop  starting...
    ✓ [ 531.0s]  (#8) 10q / 7_Clifford+T_033 / cut_incremental_qubit_prop

[9/10] 10q / 8_Clifford+T_039  observable: ZIIIIIIIII
    » [09:56:49]  10q / 8_Clifford+T_039  observable=ZIIIIIIIII  computing ground truth (PennyLane default.qubit)...
    · [   0.0s]  ground_truth = 0.000000
    » [09:56:49]  (#9) 10q / 8_Clifford+T_039 / noisy_vanilla  starting...
    » [09:56:50]  (#9) 10q / 8_Clifford+T_039 / cut_divided_budget  starting...
/home/local/ADUNIPI/a044855/cutandinc/newcut/lib/python3.12/site-packages/pennylane/qcut/cutstrategy.py:367: UserWarning: The number of partition attempts seems high (40).
  warnings.warn(f"The number of partition attempts seems high ({len(ks)}).")
    ✓ [  46.8s]  (#9) 10q / 8_Clifford+T_039 / cut_divided_budget
    » [09:57:37]  (#9) 10q / 8_Clifford+T_039 / cut_qubit_prop  starting...
    ✓ [  40.2s]  (#9) 10q / 8_Clifford+T_039 / cut_qubit_prop
    » [09:58:17]  (#9) 10q / 8_Clifford+T_039 / cut_incremental_budget  starting...
    ✓ [ 521.0s]  (#9) 10q / 8_Clifford+T_039 / cut_incremental_budget
    » [10:06:58]  (#9) 10q / 8_Clifford+T_039 / cut_incremental_qubit_prop  starting...
    ✓ [ 527.4s]  (#9) 10q / 8_Clifford+T_039 / cut_incremental_qubit_prop

[10/10] 10q / 9_Clifford+T_041  observable: ZIIIIIIIII
    » [10:15:46]  10q / 9_Clifford+T_041  observable=ZIIIIIIIII  computing ground truth (PennyLane default.qubit)...
    · [   0.0s]  ground_truth = 1.000000
    » [10:15:46]  (#10) 10q / 9_Clifford+T_041 / noisy_vanilla  starting...
    » [10:15:47]  (#10) 10q / 9_Clifford+T_041 / cut_divided_budget  starting...
/home/local/ADUNIPI/a044855/cutandinc/newcut/lib/python3.12/site-packages/pennylane/qcut/cutstrategy.py:367: UserWarning: The number of partition attempts seems high (40).
  warnings.warn(f"The number of partition attempts seems high ({len(ks)}).")
    ✓ [  20.1s]  (#10) 10q / 9_Clifford+T_041 / cut_divided_budget
    » [10:16:07]  (#10) 10q / 9_Clifford+T_041 / cut_qubit_prop  starting...
    ✓ [   9.6s]  (#10) 10q / 9_Clifford+T_041 / cut_qubit_prop
    » [10:16:17]  (#10) 10q / 9_Clifford+T_041 / cut_incremental_budget  starting...
    ✓ [ 514.7s]  (#10) 10q / 9_Clifford+T_041 / cut_incremental_budget
    » [10:24:52]  (#10) 10q / 9_Clifford+T_041 / cut_incremental_qubit_prop  starting...
    ✓ [ 513.7s]  (#10) 10q / 9_Clifford+T_041 / cut_incremental_qubit_prop

============================================================
  Finished :   40  mode runs
  Failed   :    0  mode runs
============================================================

Merged CSV -> results/new/stable_shots_runs02_10-14q_no_vanilla/20000_shots/sherbrooke/10_qubits/summary.csv
Run log    -> results/new/stable_shots_runs02_10-14q_no_vanilla/20000_shots/sherbrooke/10_qubits/run.log
Per-mode JSON -> results/new/stable_shots_runs02_10-14q_no_vanilla/20000_shots/sherbrooke/10_qubits/<qubits>q/<circuit>/<mode>.json
	Command being timed: "python main_new_new.py --circuits-pkl only_cliffordt/clif10.pkl --shots 20000 --noisy-backend aer.fake_sherbrooke --seed-simulator 42 --modes cut_divided_budget cut_qubit_prop cut_incremental_budget cut_incremental_qubit_prop --incremental-config configs/stable_shots.json --parallel-circuits 1 --output-dir results/new/stable_shots_runs02_10-14q_no_vanilla/20000_shots/sherbrooke/10_qubits"
	User time (seconds): 10767.29
	System time (seconds): 5.94
	Percent of CPU this job got: 100%
	Elapsed (wall clock) time (h:mm:ss or m:ss): 2:59:33
	Average shared text size (kbytes): 0
	Average unshared data size (kbytes): 0
	Average stack size (kbytes): 0
	Average total size (kbytes): 0
	Maximum resident set size (kbytes): 476328
	Average resident set size (kbytes): 0
	Major (requiring I/O) page faults: 0
	Minor (reclaiming a frame) page faults: 1369723
	Voluntary context switches: 85630
	Involuntary context switches: 3837
	Swaps: 0
	File system inputs: 8
	File system outputs: 4224
	Socket messages sent: 0
	Socket messages received: 0
	Signals delivered: 0
	Page size (bytes): 4096
	Exit status: 0
[Tue Jun 16 10:33:26 AM UTC 2026] Finished 10 qubits | shots=20000 | backend=aer.fake_sherbrooke
