[Wed Jun 17 07:39:24 PM UTC 2026] Starting 13 qubits | shots=5000 | backend=aer.fake_kawasaki
[Wed Jun 17 07:39:24 PM UTC 2026] Per-job memory limit: 7GB virtual memory

[1/10] 13q / 0_Clifford+T_002  observable: ZIIIIIIIIIIII
/home/local/ADUNIPI/a044855/cutandinc/newcut/lib/python3.12/site-packages/qiskit_ibm_runtime/fake_provider/backends/nighthawk/fake_nighthawk.py:76: UserWarning: Properties of fake_nighthawk are not intended to represent typical nighthawk error values.
  warnings.warn(
    » [19:39:34]  13q / 0_Clifford+T_002  observable=ZIIIIIIIIIIII  computing ground truth (PennyLane default.qubit)...
    · [   0.7s]  ground_truth = -1.000000
    » [19:39:35]  (#1) 13q / 0_Clifford+T_002 / noisy_vanilla  starting...
    ✓ [  19.9s]  (#1) 13q / 0_Clifford+T_002 / noisy_vanilla
    » [19:39:55]  (#1) 13q / 0_Clifford+T_002 / cut_divided_budget  starting...
/home/local/ADUNIPI/a044855/cutandinc/newcut/lib/python3.12/site-packages/pennylane/qcut/cutstrategy.py:367: UserWarning: The number of partition attempts seems high (40).
  warnings.warn(f"The number of partition attempts seems high ({len(ks)}).")
    ✓ [  26.0s]  (#1) 13q / 0_Clifford+T_002 / cut_divided_budget
    » [19:40:21]  (#1) 13q / 0_Clifford+T_002 / cut_qubit_prop  starting...
    ✓ [  17.7s]  (#1) 13q / 0_Clifford+T_002 / cut_qubit_prop
    » [19:40:39]  (#1) 13q / 0_Clifford+T_002 / cut_incremental_budget  starting...
    ✓ [ 112.3s]  (#1) 13q / 0_Clifford+T_002 / cut_incremental_budget
    » [19:42:31]  (#1) 13q / 0_Clifford+T_002 / cut_incremental_qubit_prop  starting...
    ✓ [ 105.4s]  (#1) 13q / 0_Clifford+T_002 / cut_incremental_qubit_prop

[2/10] 13q / 1_Clifford+T_004  observable: ZIIIIIIIIIIII
    » [19:44:16]  13q / 1_Clifford+T_004  observable=ZIIIIIIIIIIII  computing ground truth (PennyLane default.qubit)...
    · [   0.0s]  ground_truth = 0.000000
    » [19:44:16]  (#2) 13q / 1_Clifford+T_004 / noisy_vanilla  starting...
    ✓ [  25.4s]  (#2) 13q / 1_Clifford+T_004 / noisy_vanilla
    » [19:44:42]  (#2) 13q / 1_Clifford+T_004 / cut_divided_budget  starting...
/home/local/ADUNIPI/a044855/cutandinc/newcut/lib/python3.12/site-packages/pennylane/qcut/cutstrategy.py:367: UserWarning: The number of partition attempts seems high (40).
  warnings.warn(f"The number of partition attempts seems high ({len(ks)}).")
    ✓ [  17.5s]  (#2) 13q / 1_Clifford+T_004 / cut_divided_budget
    » [19:44:59]  (#2) 13q / 1_Clifford+T_004 / cut_qubit_prop  starting...
    ✓ [  10.1s]  (#2) 13q / 1_Clifford+T_004 / cut_qubit_prop
    » [19:45:09]  (#2) 13q / 1_Clifford+T_004 / cut_incremental_budget  starting...
    ✓ [ 182.6s]  (#2) 13q / 1_Clifford+T_004 / cut_incremental_budget
    » [19:48:12]  (#2) 13q / 1_Clifford+T_004 / cut_incremental_qubit_prop  starting...
    ✓ [ 222.2s]  (#2) 13q / 1_Clifford+T_004 / cut_incremental_qubit_prop

[3/10] 13q / 2_Clifford+T_007  observable: ZIIIIIIIIIIII
    » [19:51:54]  13q / 2_Clifford+T_007  observable=ZIIIIIIIIIIII  computing ground truth (PennyLane default.qubit)...
    · [   0.0s]  ground_truth = -1.000000
    » [19:51:54]  (#3) 13q / 2_Clifford+T_007 / noisy_vanilla  starting...
    ✓ [  38.2s]  (#3) 13q / 2_Clifford+T_007 / noisy_vanilla
    » [19:52:32]  (#3) 13q / 2_Clifford+T_007 / cut_divided_budget  starting...
/home/local/ADUNIPI/a044855/cutandinc/newcut/lib/python3.12/site-packages/pennylane/qcut/cutstrategy.py:367: UserWarning: The number of partition attempts seems high (40).
  warnings.warn(f"The number of partition attempts seems high ({len(ks)}).")
    ✓ [  21.9s]  (#3) 13q / 2_Clifford+T_007 / cut_divided_budget
    » [19:52:54]  (#3) 13q / 2_Clifford+T_007 / cut_qubit_prop  starting...
    ✓ [  10.2s]  (#3) 13q / 2_Clifford+T_007 / cut_qubit_prop
    » [19:53:05]  (#3) 13q / 2_Clifford+T_007 / cut_incremental_budget  starting...
    ✓ [ 131.7s]  (#3) 13q / 2_Clifford+T_007 / cut_incremental_budget
    » [19:55:16]  (#3) 13q / 2_Clifford+T_007 / cut_incremental_qubit_prop  starting...
    ✓ [ 196.0s]  (#3) 13q / 2_Clifford+T_007 / cut_incremental_qubit_prop

[4/10] 13q / 3_Clifford+T_010  observable: ZIIIIIIIIIIII
    » [19:58:32]  13q / 3_Clifford+T_010  observable=ZIIIIIIIIIIII  computing ground truth (PennyLane default.qubit)...
    · [   0.0s]  ground_truth = 1.000000
    » [19:58:32]  (#4) 13q / 3_Clifford+T_010 / noisy_vanilla  starting...
    ✓ [  37.0s]  (#4) 13q / 3_Clifford+T_010 / noisy_vanilla
    » [19:59:09]  (#4) 13q / 3_Clifford+T_010 / cut_divided_budget  starting...
/home/local/ADUNIPI/a044855/cutandinc/newcut/lib/python3.12/site-packages/pennylane/qcut/cutstrategy.py:367: UserWarning: The number of partition attempts seems high (40).
  warnings.warn(f"The number of partition attempts seems high ({len(ks)}).")
    ✓ [  32.1s]  (#4) 13q / 3_Clifford+T_010 / cut_divided_budget
    » [19:59:41]  (#4) 13q / 3_Clifford+T_010 / cut_qubit_prop  starting...
    ✓ [  23.1s]  (#4) 13q / 3_Clifford+T_010 / cut_qubit_prop
    » [20:00:04]  (#4) 13q / 3_Clifford+T_010 / cut_incremental_budget  starting...
    ✓ [ 191.8s]  (#4) 13q / 3_Clifford+T_010 / cut_incremental_budget
    » [20:03:16]  (#4) 13q / 3_Clifford+T_010 / cut_incremental_qubit_prop  starting...
    ✓ [ 173.7s]  (#4) 13q / 3_Clifford+T_010 / cut_incremental_qubit_prop

[5/10] 13q / 4_Clifford+T_012  observable: ZIIIIIIIIIIII
    » [20:06:10]  13q / 4_Clifford+T_012  observable=ZIIIIIIIIIIII  computing ground truth (PennyLane default.qubit)...
    · [   0.0s]  ground_truth = -1.000000
    » [20:06:10]  (#5) 13q / 4_Clifford+T_012 / noisy_vanilla  starting...
    ✓ [  20.8s]  (#5) 13q / 4_Clifford+T_012 / noisy_vanilla
    » [20:06:31]  (#5) 13q / 4_Clifford+T_012 / cut_divided_budget  starting...
/home/local/ADUNIPI/a044855/cutandinc/newcut/lib/python3.12/site-packages/pennylane/qcut/cutstrategy.py:367: UserWarning: The number of partition attempts seems high (40).
  warnings.warn(f"The number of partition attempts seems high ({len(ks)}).")
    ✓ [  24.3s]  (#5) 13q / 4_Clifford+T_012 / cut_divided_budget
    » [20:06:55]  (#5) 13q / 4_Clifford+T_012 / cut_qubit_prop  starting...
    ✓ [  13.7s]  (#5) 13q / 4_Clifford+T_012 / cut_qubit_prop
    » [20:07:09]  (#5) 13q / 4_Clifford+T_012 / cut_incremental_budget  starting...
    ✓ [ 124.9s]  (#5) 13q / 4_Clifford+T_012 / cut_incremental_budget
    » [20:09:14]  (#5) 13q / 4_Clifford+T_012 / cut_incremental_qubit_prop  starting...
    ✓ [ 139.9s]  (#5) 13q / 4_Clifford+T_012 / cut_incremental_qubit_prop

[6/10] 13q / 5_Clifford+T_014  observable: ZIIIIIIIIIIII
    » [20:11:34]  13q / 5_Clifford+T_014  observable=ZIIIIIIIIIIII  computing ground truth (PennyLane default.qubit)...
    · [   0.0s]  ground_truth = -1.000000
    » [20:11:34]  (#6) 13q / 5_Clifford+T_014 / noisy_vanilla  starting...
    ✓ [  37.1s]  (#6) 13q / 5_Clifford+T_014 / noisy_vanilla
    » [20:12:11]  (#6) 13q / 5_Clifford+T_014 / cut_divided_budget  starting...
/home/local/ADUNIPI/a044855/cutandinc/newcut/lib/python3.12/site-packages/pennylane/qcut/cutstrategy.py:367: UserWarning: The number of partition attempts seems high (40).
  warnings.warn(f"The number of partition attempts seems high ({len(ks)}).")
    ✓ [  77.0s]  (#6) 13q / 5_Clifford+T_014 / cut_divided_budget
    » [20:13:28]  (#6) 13q / 5_Clifford+T_014 / cut_qubit_prop  starting...
    ✓ [  42.1s]  (#6) 13q / 5_Clifford+T_014 / cut_qubit_prop
    » [20:14:10]  (#6) 13q / 5_Clifford+T_014 / cut_incremental_budget  starting...
    ✓ [ 180.0s]  (#6) 13q / 5_Clifford+T_014 / cut_incremental_budget
    » [20:17:10]  (#6) 13q / 5_Clifford+T_014 / cut_incremental_qubit_prop  starting...
    ✓ [ 159.0s]  (#6) 13q / 5_Clifford+T_014 / cut_incremental_qubit_prop

[7/10] 13q / 6_Clifford+T_015  observable: ZIIIIIIIIIIII
    » [20:19:49]  13q / 6_Clifford+T_015  observable=ZIIIIIIIIIIII  computing ground truth (PennyLane default.qubit)...
    · [   0.0s]  ground_truth = 0.000000
    » [20:19:49]  (#7) 13q / 6_Clifford+T_015 / noisy_vanilla  starting...
    ✓ [  20.9s]  (#7) 13q / 6_Clifford+T_015 / noisy_vanilla
    » [20:20:10]  (#7) 13q / 6_Clifford+T_015 / cut_divided_budget  starting...
/home/local/ADUNIPI/a044855/cutandinc/newcut/lib/python3.12/site-packages/pennylane/qcut/cutstrategy.py:367: UserWarning: The number of partition attempts seems high (40).
  warnings.warn(f"The number of partition attempts seems high ({len(ks)}).")
    ✓ [  18.1s]  (#7) 13q / 6_Clifford+T_015 / cut_divided_budget
    » [20:20:28]  (#7) 13q / 6_Clifford+T_015 / cut_qubit_prop  starting...
    ✓ [  10.4s]  (#7) 13q / 6_Clifford+T_015 / cut_qubit_prop
    » [20:20:38]  (#7) 13q / 6_Clifford+T_015 / cut_incremental_budget  starting...
    ✓ [ 135.0s]  (#7) 13q / 6_Clifford+T_015 / cut_incremental_budget
    » [20:22:53]  (#7) 13q / 6_Clifford+T_015 / cut_incremental_qubit_prop  starting...
    ✓ [ 134.9s]  (#7) 13q / 6_Clifford+T_015 / cut_incremental_qubit_prop

[8/10] 13q / 7_Clifford+T_016  observable: ZIIIIIIIIIIII
    » [20:25:08]  13q / 7_Clifford+T_016  observable=ZIIIIIIIIIIII  computing ground truth (PennyLane default.qubit)...
    · [   0.0s]  ground_truth = 1.000000
    » [20:25:08]  (#8) 13q / 7_Clifford+T_016 / noisy_vanilla  starting...
    ✓ [  23.4s]  (#8) 13q / 7_Clifford+T_016 / noisy_vanilla
    » [20:25:32]  (#8) 13q / 7_Clifford+T_016 / cut_divided_budget  starting...
/home/local/ADUNIPI/a044855/cutandinc/newcut/lib/python3.12/site-packages/pennylane/qcut/cutstrategy.py:367: UserWarning: The number of partition attempts seems high (41).
  warnings.warn(f"The number of partition attempts seems high ({len(ks)}).")
    ✓ [  17.4s]  (#8) 13q / 7_Clifford+T_016 / cut_divided_budget
    » [20:25:49]  (#8) 13q / 7_Clifford+T_016 / cut_qubit_prop  starting...
    ✓ [  10.1s]  (#8) 13q / 7_Clifford+T_016 / cut_qubit_prop
    » [20:25:59]  (#8) 13q / 7_Clifford+T_016 / cut_incremental_budget  starting...
    ✓ [ 115.2s]  (#8) 13q / 7_Clifford+T_016 / cut_incremental_budget
    » [20:27:54]  (#8) 13q / 7_Clifford+T_016 / cut_incremental_qubit_prop  starting...
    ✓ [ 120.4s]  (#8) 13q / 7_Clifford+T_016 / cut_incremental_qubit_prop

[9/10] 13q / 8_Clifford+T_017  observable: ZIIIIIIIIIIII
    » [20:29:55]  13q / 8_Clifford+T_017  observable=ZIIIIIIIIIIII  computing ground truth (PennyLane default.qubit)...
    · [   0.0s]  ground_truth = 0.000000
    » [20:29:55]  (#9) 13q / 8_Clifford+T_017 / noisy_vanilla  starting...
    ✓ [  18.8s]  (#9) 13q / 8_Clifford+T_017 / noisy_vanilla
    » [20:30:13]  (#9) 13q / 8_Clifford+T_017 / cut_divided_budget  starting...
/home/local/ADUNIPI/a044855/cutandinc/newcut/lib/python3.12/site-packages/pennylane/qcut/cutstrategy.py:367: UserWarning: The number of partition attempts seems high (40).
  warnings.warn(f"The number of partition attempts seems high ({len(ks)}).")
    ✓ [  20.9s]  (#9) 13q / 8_Clifford+T_017 / cut_divided_budget
    » [20:30:34]  (#9) 13q / 8_Clifford+T_017 / cut_qubit_prop  starting...
    ✓ [  10.4s]  (#9) 13q / 8_Clifford+T_017 / cut_qubit_prop
    » [20:30:45]  (#9) 13q / 8_Clifford+T_017 / cut_incremental_budget  starting...
    ✓ [ 115.3s]  (#9) 13q / 8_Clifford+T_017 / cut_incremental_budget
    » [20:32:40]  (#9) 13q / 8_Clifford+T_017 / cut_incremental_qubit_prop  starting...
    ✓ [ 161.6s]  (#9) 13q / 8_Clifford+T_017 / cut_incremental_qubit_prop

[10/10] 13q / 9_Clifford+T_020  observable: ZIIIIIIIIIIII
    » [20:35:22]  13q / 9_Clifford+T_020  observable=ZIIIIIIIIIIII  computing ground truth (PennyLane default.qubit)...
    · [   0.0s]  ground_truth = 0.000000
    » [20:35:22]  (#10) 13q / 9_Clifford+T_020 / noisy_vanilla  starting...
    ✓ [  36.5s]  (#10) 13q / 9_Clifford+T_020 / noisy_vanilla
    » [20:35:58]  (#10) 13q / 9_Clifford+T_020 / cut_divided_budget  starting...
/home/local/ADUNIPI/a044855/cutandinc/newcut/lib/python3.12/site-packages/pennylane/qcut/cutstrategy.py:367: UserWarning: The number of partition attempts seems high (41).
  warnings.warn(f"The number of partition attempts seems high ({len(ks)}).")
    ✓ [  34.4s]  (#10) 13q / 9_Clifford+T_020 / cut_divided_budget
    » [20:36:33]  (#10) 13q / 9_Clifford+T_020 / cut_qubit_prop  starting...
    ✓ [  32.3s]  (#10) 13q / 9_Clifford+T_020 / cut_qubit_prop
    » [20:37:05]  (#10) 13q / 9_Clifford+T_020 / cut_incremental_budget  starting...
    ✓ [ 186.7s]  (#10) 13q / 9_Clifford+T_020 / cut_incremental_budget
    » [20:40:12]  (#10) 13q / 9_Clifford+T_020 / cut_incremental_qubit_prop  starting...
    ✓ [ 161.6s]  (#10) 13q / 9_Clifford+T_020 / cut_incremental_qubit_prop

============================================================
  Finished :   50  mode runs
  Failed   :    0  mode runs
============================================================

Merged CSV -> results/new/stable_shots3/5000_shots/kawasaki/13_qubits/summary.csv
Run log    -> results/new/stable_shots3/5000_shots/kawasaki/13_qubits/run.log
Per-mode JSON -> results/new/stable_shots3/5000_shots/kawasaki/13_qubits/<qubits>q/<circuit>/<mode>.json
	Command being timed: "python main_new_new.py --circuits-pkl only_cliffordt/clif13.pkl --shots 5000 --noisy-backend aer.fake_kawasaki --seed-simulator 42 --modes noisy_vanilla cut_divided_budget cut_qubit_prop cut_incremental_budget cut_incremental_qubit_prop --incremental-config configs/stable_shots3.json --parallel-circuits 1 --output-dir results/new/stable_shots3/5000_shots/kawasaki/13_qubits"
	User time (seconds): 3774.46
	System time (seconds): 5.85
	Percent of CPU this job got: 99%
	Elapsed (wall clock) time (h:mm:ss or m:ss): 1:03:30
	Average shared text size (kbytes): 0
	Average unshared data size (kbytes): 0
	Average stack size (kbytes): 0
	Average total size (kbytes): 0
	Maximum resident set size (kbytes): 468168
	Average resident set size (kbytes): 0
	Major (requiring I/O) page faults: 0
	Minor (reclaiming a frame) page faults: 1412061
	Voluntary context switches: 73199
	Involuntary context switches: 6065
	Swaps: 0
	File system inputs: 0
	File system outputs: 2576
	Socket messages sent: 0
	Socket messages received: 0
	Signals delivered: 0
	Page size (bytes): 4096
	Exit status: 0
[Wed Jun 17 08:42:55 PM UTC 2026] Finished 13 qubits | shots=5000 | backend=aer.fake_kawasaki
kawasaki
