[mar 9 giu 2026, 19:01:45, CEST] Starting 14 qubits | shots=20000 | backend=aer.fake_kyoto

[1/10] 14q / 0_Clifford+T_001  observable: ZIIIIIIIIIIIII
    » [19:01:52]  14q / 0_Clifford+T_001  observable=ZIIIIIIIIIIIII  computing ground truth (PennyLane default.qubit)...
    · [   0.4s]  ground_truth = 1.000000
    » [19:01:52]  (#1) 14q / 0_Clifford+T_001 / noisy_vanilla  starting...
    ✓ [  71.8s]  (#1) 14q / 0_Clifford+T_001 / noisy_vanilla
    » [19:03:04]  (#1) 14q / 0_Clifford+T_001 / cut_divided_budget  starting...
/raid/g.bisicchia/cut_and_inc/env/lib/python3.10/site-packages/pennylane/qcut/cutstrategy.py:367: UserWarning: The numer of partition attempts seems high (40).
  warnings.warn(f"The numer of partition attempts seems high ({len(ks)}).")
    ✗ [ 188.6s]  (#1) 14q / 0_Clifford+T_001 / cut_divided_budget  --  The opt_einsum package is required when use_opt_einsum is set to True in the contract_tensors function. This package can be installed using:
pip install opt_einsum
ERROR:cuttable-circuit-benchmark:0_Clifford+T_001 / cut_divided_budget failed: The opt_einsum package is required when use_opt_einsum is set to True in the contract_tensors function. This package can be installed using:
pip install opt_einsum
Traceback (most recent call last):
  File "/raid/g.bisicchia/cut_and_inc/env/lib/python3.10/site-packages/pennylane/qcut/processing.py", line 309, in contract_tensors
    from opt_einsum import contract, get_symbol
ModuleNotFoundError: No module named 'opt_einsum'

The above exception was the direct cause of the following exception:

Traceback (most recent call last):
  File "/raid/g.bisicchia/cut_and_inc/main_new_new.py", line 2501, in _run_circuit
    _run_one_mode_sandboxed(
  File "/raid/g.bisicchia/cut_and_inc/main_new_new.py", line 2379, in _run_one_mode_sandboxed
    _run_one_mode(mode, spec, args, ib, nb, circuit_dir, perf_exp_val, noisy_value)
  File "/raid/g.bisicchia/cut_and_inc/main_new_new.py", line 2414, in _run_one_mode
    payload = _dispatch_mode(mode, spec, args, ideal_backend, noisy_backend, perf_exp_val)
  File "/raid/g.bisicchia/cut_and_inc/main_new_new.py", line 2303, in _dispatch_mode
    return run_cutting(
  File "/raid/g.bisicchia/cut_and_inc/main_new_new.py", line 1396, in run_cutting
    result_value = sew(expvals, sew_data)
  File "/raid/g.bisicchia/cut_and_inc/main_new_new.py", line 606, in sew
    value = qml.qcut.qcut_processing_fn(
  File "/raid/g.bisicchia/cut_and_inc/env/lib/python3.10/site-packages/pennylane/qcut/processing.py", line 78, in qcut_processing_fn
    result = contract_tensors(
  File "/raid/g.bisicchia/cut_and_inc/env/lib/python3.10/site-packages/pennylane/qcut/processing.py", line 311, in contract_tensors
    raise ImportError(
ImportError: The opt_einsum package is required when use_opt_einsum is set to True in the contract_tensors function. This package can be installed using:
pip install opt_einsum
    » [19:06:12]  (#1) 14q / 0_Clifford+T_001 / cut_qubit_prop  starting...
    ✗ [  97.4s]  (#1) 14q / 0_Clifford+T_001 / cut_qubit_prop  --  The opt_einsum package is required when use_opt_einsum is set to True in the contract_tensors function. This package can be installed using:
pip install opt_einsum
ERROR:cuttable-circuit-benchmark:0_Clifford+T_001 / cut_qubit_prop failed: The opt_einsum package is required when use_opt_einsum is set to True in the contract_tensors function. This package can be installed using:
pip install opt_einsum
Traceback (most recent call last):
  File "/raid/g.bisicchia/cut_and_inc/env/lib/python3.10/site-packages/pennylane/qcut/processing.py", line 309, in contract_tensors
    from opt_einsum import contract, get_symbol
ModuleNotFoundError: No module named 'opt_einsum'

The above exception was the direct cause of the following exception:

Traceback (most recent call last):
  File "/raid/g.bisicchia/cut_and_inc/main_new_new.py", line 2501, in _run_circuit
    _run_one_mode_sandboxed(
  File "/raid/g.bisicchia/cut_and_inc/main_new_new.py", line 2379, in _run_one_mode_sandboxed
    _run_one_mode(mode, spec, args, ib, nb, circuit_dir, perf_exp_val, noisy_value)
  File "/raid/g.bisicchia/cut_and_inc/main_new_new.py", line 2414, in _run_one_mode
    payload = _dispatch_mode(mode, spec, args, ideal_backend, noisy_backend, perf_exp_val)
  File "/raid/g.bisicchia/cut_and_inc/main_new_new.py", line 2303, in _dispatch_mode
    return run_cutting(
  File "/raid/g.bisicchia/cut_and_inc/main_new_new.py", line 1396, in run_cutting
    result_value = sew(expvals, sew_data)
  File "/raid/g.bisicchia/cut_and_inc/main_new_new.py", line 606, in sew
    value = qml.qcut.qcut_processing_fn(
  File "/raid/g.bisicchia/cut_and_inc/env/lib/python3.10/site-packages/pennylane/qcut/processing.py", line 78, in qcut_processing_fn
    result = contract_tensors(
  File "/raid/g.bisicchia/cut_and_inc/env/lib/python3.10/site-packages/pennylane/qcut/processing.py", line 311, in contract_tensors
    raise ImportError(
ImportError: The opt_einsum package is required when use_opt_einsum is set to True in the contract_tensors function. This package can be installed using:
pip install opt_einsum
    » [19:07:50]  (#1) 14q / 0_Clifford+T_001 / cut_incremental_budget  starting...
    ✗ [1363.1s]  (#1) 14q / 0_Clifford+T_001 / cut_incremental_budget  --  The opt_einsum package is required when use_opt_einsum is set to True in the contract_tensors function. This package can be installed using:
pip install opt_einsum
ERROR:cuttable-circuit-benchmark:0_Clifford+T_001 / cut_incremental_budget failed: The opt_einsum package is required when use_opt_einsum is set to True in the contract_tensors function. This package can be installed using:
pip install opt_einsum
Traceback (most recent call last):
  File "/raid/g.bisicchia/cut_and_inc/env/lib/python3.10/site-packages/pennylane/qcut/processing.py", line 309, in contract_tensors
    from opt_einsum import contract, get_symbol
ModuleNotFoundError: No module named 'opt_einsum'

The above exception was the direct cause of the following exception:

Traceback (most recent call last):
  File "/raid/g.bisicchia/cut_and_inc/main_new_new.py", line 2501, in _run_circuit
    _run_one_mode_sandboxed(
  File "/raid/g.bisicchia/cut_and_inc/main_new_new.py", line 2379, in _run_one_mode_sandboxed
    _run_one_mode(mode, spec, args, ib, nb, circuit_dir, perf_exp_val, noisy_value)
  File "/raid/g.bisicchia/cut_and_inc/main_new_new.py", line 2414, in _run_one_mode
    payload = _dispatch_mode(mode, spec, args, ideal_backend, noisy_backend, perf_exp_val)
  File "/raid/g.bisicchia/cut_and_inc/main_new_new.py", line 2310, in _dispatch_mode
    return run_cutting_incremental(
  File "/raid/g.bisicchia/cut_and_inc/main_new_new.py", line 1578, in run_cutting_incremental
    result_value = sew(expvals, sew_data)
  File "/raid/g.bisicchia/cut_and_inc/main_new_new.py", line 606, in sew
    value = qml.qcut.qcut_processing_fn(
  File "/raid/g.bisicchia/cut_and_inc/env/lib/python3.10/site-packages/pennylane/qcut/processing.py", line 78, in qcut_processing_fn
    result = contract_tensors(
  File "/raid/g.bisicchia/cut_and_inc/env/lib/python3.10/site-packages/pennylane/qcut/processing.py", line 311, in contract_tensors
    raise ImportError(
ImportError: The opt_einsum package is required when use_opt_einsum is set to True in the contract_tensors function. This package can be installed using:
pip install opt_einsum
    » [19:30:33]  (#1) 14q / 0_Clifford+T_001 / cut_incremental_qubit_prop  starting...
    ✗ [1443.0s]  (#1) 14q / 0_Clifford+T_001 / cut_incremental_qubit_prop  --  The opt_einsum package is required when use_opt_einsum is set to True in the contract_tensors function. This package can be installed using:
pip install opt_einsum
ERROR:cuttable-circuit-benchmark:0_Clifford+T_001 / cut_incremental_qubit_prop failed: The opt_einsum package is required when use_opt_einsum is set to True in the contract_tensors function. This package can be installed using:
pip install opt_einsum
Traceback (most recent call last):
  File "/raid/g.bisicchia/cut_and_inc/env/lib/python3.10/site-packages/pennylane/qcut/processing.py", line 309, in contract_tensors
    from opt_einsum import contract, get_symbol
ModuleNotFoundError: No module named 'opt_einsum'

The above exception was the direct cause of the following exception:

Traceback (most recent call last):
  File "/raid/g.bisicchia/cut_and_inc/main_new_new.py", line 2501, in _run_circuit
    _run_one_mode_sandboxed(
  File "/raid/g.bisicchia/cut_and_inc/main_new_new.py", line 2379, in _run_one_mode_sandboxed
    _run_one_mode(mode, spec, args, ib, nb, circuit_dir, perf_exp_val, noisy_value)
  File "/raid/g.bisicchia/cut_and_inc/main_new_new.py", line 2414, in _run_one_mode
    payload = _dispatch_mode(mode, spec, args, ideal_backend, noisy_backend, perf_exp_val)
  File "/raid/g.bisicchia/cut_and_inc/main_new_new.py", line 2310, in _dispatch_mode
    return run_cutting_incremental(
  File "/raid/g.bisicchia/cut_and_inc/main_new_new.py", line 1578, in run_cutting_incremental
    result_value = sew(expvals, sew_data)
  File "/raid/g.bisicchia/cut_and_inc/main_new_new.py", line 606, in sew
    value = qml.qcut.qcut_processing_fn(
  File "/raid/g.bisicchia/cut_and_inc/env/lib/python3.10/site-packages/pennylane/qcut/processing.py", line 78, in qcut_processing_fn
    result = contract_tensors(
  File "/raid/g.bisicchia/cut_and_inc/env/lib/python3.10/site-packages/pennylane/qcut/processing.py", line 311, in contract_tensors
    raise ImportError(
ImportError: The opt_einsum package is required when use_opt_einsum is set to True in the contract_tensors function. This package can be installed using:
pip install opt_einsum

[2/10] 14q / 1_Clifford+T_011  observable: ZIIIIIIIIIIIII
    » [19:54:36]  14q / 1_Clifford+T_011  observable=ZIIIIIIIIIIIII  computing ground truth (PennyLane default.qubit)...
    · [   0.0s]  ground_truth = 1.000000
    » [19:54:36]  (#2) 14q / 1_Clifford+T_011 / noisy_vanilla  starting...
    ✓ [  15.2s]  (#2) 14q / 1_Clifford+T_011 / noisy_vanilla
    » [19:54:51]  (#2) 14q / 1_Clifford+T_011 / cut_divided_budget  starting...
/raid/g.bisicchia/cut_and_inc/env/lib/python3.10/site-packages/pennylane/qcut/cutstrategy.py:367: UserWarning: The numer of partition attempts seems high (40).
  warnings.warn(f"The numer of partition attempts seems high ({len(ks)}).")
    ✗ [ 124.4s]  (#2) 14q / 1_Clifford+T_011 / cut_divided_budget  --  The opt_einsum package is required when use_opt_einsum is set to True in the contract_tensors function. This package can be installed using:
pip install opt_einsum
ERROR:cuttable-circuit-benchmark:1_Clifford+T_011 / cut_divided_budget failed: The opt_einsum package is required when use_opt_einsum is set to True in the contract_tensors function. This package can be installed using:
pip install opt_einsum
Traceback (most recent call last):
  File "/raid/g.bisicchia/cut_and_inc/env/lib/python3.10/site-packages/pennylane/qcut/processing.py", line 309, in contract_tensors
    from opt_einsum import contract, get_symbol
ModuleNotFoundError: No module named 'opt_einsum'

The above exception was the direct cause of the following exception:

Traceback (most recent call last):
  File "/raid/g.bisicchia/cut_and_inc/main_new_new.py", line 2501, in _run_circuit
    _run_one_mode_sandboxed(
  File "/raid/g.bisicchia/cut_and_inc/main_new_new.py", line 2379, in _run_one_mode_sandboxed
    _run_one_mode(mode, spec, args, ib, nb, circuit_dir, perf_exp_val, noisy_value)
  File "/raid/g.bisicchia/cut_and_inc/main_new_new.py", line 2414, in _run_one_mode
    payload = _dispatch_mode(mode, spec, args, ideal_backend, noisy_backend, perf_exp_val)
  File "/raid/g.bisicchia/cut_and_inc/main_new_new.py", line 2303, in _dispatch_mode
    return run_cutting(
  File "/raid/g.bisicchia/cut_and_inc/main_new_new.py", line 1396, in run_cutting
    result_value = sew(expvals, sew_data)
  File "/raid/g.bisicchia/cut_and_inc/main_new_new.py", line 606, in sew
    value = qml.qcut.qcut_processing_fn(
  File "/raid/g.bisicchia/cut_and_inc/env/lib/python3.10/site-packages/pennylane/qcut/processing.py", line 78, in qcut_processing_fn
    result = contract_tensors(
  File "/raid/g.bisicchia/cut_and_inc/env/lib/python3.10/site-packages/pennylane/qcut/processing.py", line 311, in contract_tensors
    raise ImportError(
ImportError: The opt_einsum package is required when use_opt_einsum is set to True in the contract_tensors function. This package can be installed using:
pip install opt_einsum
    » [19:56:56]  (#2) 14q / 1_Clifford+T_011 / cut_qubit_prop  starting...
    ✗ [ 101.1s]  (#2) 14q / 1_Clifford+T_011 / cut_qubit_prop  --  The opt_einsum package is required when use_opt_einsum is set to True in the contract_tensors function. This package can be installed using:
pip install opt_einsum
ERROR:cuttable-circuit-benchmark:1_Clifford+T_011 / cut_qubit_prop failed: The opt_einsum package is required when use_opt_einsum is set to True in the contract_tensors function. This package can be installed using:
pip install opt_einsum
Traceback (most recent call last):
  File "/raid/g.bisicchia/cut_and_inc/env/lib/python3.10/site-packages/pennylane/qcut/processing.py", line 309, in contract_tensors
    from opt_einsum import contract, get_symbol
ModuleNotFoundError: No module named 'opt_einsum'

The above exception was the direct cause of the following exception:

Traceback (most recent call last):
  File "/raid/g.bisicchia/cut_and_inc/main_new_new.py", line 2501, in _run_circuit
    _run_one_mode_sandboxed(
  File "/raid/g.bisicchia/cut_and_inc/main_new_new.py", line 2379, in _run_one_mode_sandboxed
    _run_one_mode(mode, spec, args, ib, nb, circuit_dir, perf_exp_val, noisy_value)
  File "/raid/g.bisicchia/cut_and_inc/main_new_new.py", line 2414, in _run_one_mode
    payload = _dispatch_mode(mode, spec, args, ideal_backend, noisy_backend, perf_exp_val)
  File "/raid/g.bisicchia/cut_and_inc/main_new_new.py", line 2303, in _dispatch_mode
    return run_cutting(
  File "/raid/g.bisicchia/cut_and_inc/main_new_new.py", line 1396, in run_cutting
    result_value = sew(expvals, sew_data)
  File "/raid/g.bisicchia/cut_and_inc/main_new_new.py", line 606, in sew
    value = qml.qcut.qcut_processing_fn(
  File "/raid/g.bisicchia/cut_and_inc/env/lib/python3.10/site-packages/pennylane/qcut/processing.py", line 78, in qcut_processing_fn
    result = contract_tensors(
  File "/raid/g.bisicchia/cut_and_inc/env/lib/python3.10/site-packages/pennylane/qcut/processing.py", line 311, in contract_tensors
    raise ImportError(
ImportError: The opt_einsum package is required when use_opt_einsum is set to True in the contract_tensors function. This package can be installed using:
pip install opt_einsum
    » [19:58:37]  (#2) 14q / 1_Clifford+T_011 / cut_incremental_budget  starting...
    ✗ [1613.3s]  (#2) 14q / 1_Clifford+T_011 / cut_incremental_budget  --  The opt_einsum package is required when use_opt_einsum is set to True in the contract_tensors function. This package can be installed using:
pip install opt_einsum
ERROR:cuttable-circuit-benchmark:1_Clifford+T_011 / cut_incremental_budget failed: The opt_einsum package is required when use_opt_einsum is set to True in the contract_tensors function. This package can be installed using:
pip install opt_einsum
Traceback (most recent call last):
  File "/raid/g.bisicchia/cut_and_inc/env/lib/python3.10/site-packages/pennylane/qcut/processing.py", line 309, in contract_tensors
    from opt_einsum import contract, get_symbol
ModuleNotFoundError: No module named 'opt_einsum'

The above exception was the direct cause of the following exception:

Traceback (most recent call last):
  File "/raid/g.bisicchia/cut_and_inc/main_new_new.py", line 2501, in _run_circuit
    _run_one_mode_sandboxed(
  File "/raid/g.bisicchia/cut_and_inc/main_new_new.py", line 2379, in _run_one_mode_sandboxed
    _run_one_mode(mode, spec, args, ib, nb, circuit_dir, perf_exp_val, noisy_value)
  File "/raid/g.bisicchia/cut_and_inc/main_new_new.py", line 2414, in _run_one_mode
    payload = _dispatch_mode(mode, spec, args, ideal_backend, noisy_backend, perf_exp_val)
  File "/raid/g.bisicchia/cut_and_inc/main_new_new.py", line 2310, in _dispatch_mode
    return run_cutting_incremental(
  File "/raid/g.bisicchia/cut_and_inc/main_new_new.py", line 1578, in run_cutting_incremental
    result_value = sew(expvals, sew_data)
  File "/raid/g.bisicchia/cut_and_inc/main_new_new.py", line 606, in sew
    value = qml.qcut.qcut_processing_fn(
  File "/raid/g.bisicchia/cut_and_inc/env/lib/python3.10/site-packages/pennylane/qcut/processing.py", line 78, in qcut_processing_fn
    result = contract_tensors(
  File "/raid/g.bisicchia/cut_and_inc/env/lib/python3.10/site-packages/pennylane/qcut/processing.py", line 311, in contract_tensors
    raise ImportError(
ImportError: The opt_einsum package is required when use_opt_einsum is set to True in the contract_tensors function. This package can be installed using:
pip install opt_einsum
    » [20:25:30]  (#2) 14q / 1_Clifford+T_011 / cut_incremental_qubit_prop  starting...
    ✗ [1649.5s]  (#2) 14q / 1_Clifford+T_011 / cut_incremental_qubit_prop  --  The opt_einsum package is required when use_opt_einsum is set to True in the contract_tensors function. This package can be installed using:
pip install opt_einsum
ERROR:cuttable-circuit-benchmark:1_Clifford+T_011 / cut_incremental_qubit_prop failed: The opt_einsum package is required when use_opt_einsum is set to True in the contract_tensors function. This package can be installed using:
pip install opt_einsum
Traceback (most recent call last):
  File "/raid/g.bisicchia/cut_and_inc/env/lib/python3.10/site-packages/pennylane/qcut/processing.py", line 309, in contract_tensors
    from opt_einsum import contract, get_symbol
ModuleNotFoundError: No module named 'opt_einsum'

The above exception was the direct cause of the following exception:

Traceback (most recent call last):
  File "/raid/g.bisicchia/cut_and_inc/main_new_new.py", line 2501, in _run_circuit
    _run_one_mode_sandboxed(
  File "/raid/g.bisicchia/cut_and_inc/main_new_new.py", line 2379, in _run_one_mode_sandboxed
    _run_one_mode(mode, spec, args, ib, nb, circuit_dir, perf_exp_val, noisy_value)
  File "/raid/g.bisicchia/cut_and_inc/main_new_new.py", line 2414, in _run_one_mode
    payload = _dispatch_mode(mode, spec, args, ideal_backend, noisy_backend, perf_exp_val)
  File "/raid/g.bisicchia/cut_and_inc/main_new_new.py", line 2310, in _dispatch_mode
    return run_cutting_incremental(
  File "/raid/g.bisicchia/cut_and_inc/main_new_new.py", line 1578, in run_cutting_incremental
    result_value = sew(expvals, sew_data)
  File "/raid/g.bisicchia/cut_and_inc/main_new_new.py", line 606, in sew
    value = qml.qcut.qcut_processing_fn(
  File "/raid/g.bisicchia/cut_and_inc/env/lib/python3.10/site-packages/pennylane/qcut/processing.py", line 78, in qcut_processing_fn
    result = contract_tensors(
  File "/raid/g.bisicchia/cut_and_inc/env/lib/python3.10/site-packages/pennylane/qcut/processing.py", line 311, in contract_tensors
    raise ImportError(
ImportError: The opt_einsum package is required when use_opt_einsum is set to True in the contract_tensors function. This package can be installed using:
pip install opt_einsum

[3/10] 14q / 2_Clifford+T_012  observable: ZIIIIIIIIIIIII
    » [20:52:59]  14q / 2_Clifford+T_012  observable=ZIIIIIIIIIIIII  computing ground truth (PennyLane default.qubit)...
    · [   0.0s]  ground_truth = 1.000000
    » [20:52:59]  (#3) 14q / 2_Clifford+T_012 / noisy_vanilla  starting...
    ✓ [  14.6s]  (#3) 14q / 2_Clifford+T_012 / noisy_vanilla
    » [20:53:14]  (#3) 14q / 2_Clifford+T_012 / cut_divided_budget  starting...
/raid/g.bisicchia/cut_and_inc/env/lib/python3.10/site-packages/pennylane/qcut/cutstrategy.py:367: UserWarning: The numer of partition attempts seems high (40).
  warnings.warn(f"The numer of partition attempts seems high ({len(ks)}).")
    ✗ [  38.2s]  (#3) 14q / 2_Clifford+T_012 / cut_divided_budget  --  The opt_einsum package is required when use_opt_einsum is set to True in the contract_tensors function. This package can be installed using:
pip install opt_einsum
ERROR:cuttable-circuit-benchmark:2_Clifford+T_012 / cut_divided_budget failed: The opt_einsum package is required when use_opt_einsum is set to True in the contract_tensors function. This package can be installed using:
pip install opt_einsum
Traceback (most recent call last):
  File "/raid/g.bisicchia/cut_and_inc/env/lib/python3.10/site-packages/pennylane/qcut/processing.py", line 309, in contract_tensors
    from opt_einsum import contract, get_symbol
ModuleNotFoundError: No module named 'opt_einsum'

The above exception was the direct cause of the following exception:

Traceback (most recent call last):
  File "/raid/g.bisicchia/cut_and_inc/main_new_new.py", line 2501, in _run_circuit
    _run_one_mode_sandboxed(
  File "/raid/g.bisicchia/cut_and_inc/main_new_new.py", line 2379, in _run_one_mode_sandboxed
    _run_one_mode(mode, spec, args, ib, nb, circuit_dir, perf_exp_val, noisy_value)
  File "/raid/g.bisicchia/cut_and_inc/main_new_new.py", line 2414, in _run_one_mode
    payload = _dispatch_mode(mode, spec, args, ideal_backend, noisy_backend, perf_exp_val)
  File "/raid/g.bisicchia/cut_and_inc/main_new_new.py", line 2303, in _dispatch_mode
    return run_cutting(
  File "/raid/g.bisicchia/cut_and_inc/main_new_new.py", line 1396, in run_cutting
    result_value = sew(expvals, sew_data)
  File "/raid/g.bisicchia/cut_and_inc/main_new_new.py", line 606, in sew
    value = qml.qcut.qcut_processing_fn(
  File "/raid/g.bisicchia/cut_and_inc/env/lib/python3.10/site-packages/pennylane/qcut/processing.py", line 78, in qcut_processing_fn
    result = contract_tensors(
  File "/raid/g.bisicchia/cut_and_inc/env/lib/python3.10/site-packages/pennylane/qcut/processing.py", line 311, in contract_tensors
    raise ImportError(
ImportError: The opt_einsum package is required when use_opt_einsum is set to True in the contract_tensors function. This package can be installed using:
pip install opt_einsum
    » [20:53:52]  (#3) 14q / 2_Clifford+T_012 / cut_qubit_prop  starting...
    ✗ [  40.2s]  (#3) 14q / 2_Clifford+T_012 / cut_qubit_prop  --  The opt_einsum package is required when use_opt_einsum is set to True in the contract_tensors function. This package can be installed using:
pip install opt_einsum
ERROR:cuttable-circuit-benchmark:2_Clifford+T_012 / cut_qubit_prop failed: The opt_einsum package is required when use_opt_einsum is set to True in the contract_tensors function. This package can be installed using:
pip install opt_einsum
Traceback (most recent call last):
  File "/raid/g.bisicchia/cut_and_inc/env/lib/python3.10/site-packages/pennylane/qcut/processing.py", line 309, in contract_tensors
    from opt_einsum import contract, get_symbol
ModuleNotFoundError: No module named 'opt_einsum'

The above exception was the direct cause of the following exception:

Traceback (most recent call last):
  File "/raid/g.bisicchia/cut_and_inc/main_new_new.py", line 2501, in _run_circuit
    _run_one_mode_sandboxed(
  File "/raid/g.bisicchia/cut_and_inc/main_new_new.py", line 2379, in _run_one_mode_sandboxed
    _run_one_mode(mode, spec, args, ib, nb, circuit_dir, perf_exp_val, noisy_value)
  File "/raid/g.bisicchia/cut_and_inc/main_new_new.py", line 2414, in _run_one_mode
    payload = _dispatch_mode(mode, spec, args, ideal_backend, noisy_backend, perf_exp_val)
  File "/raid/g.bisicchia/cut_and_inc/main_new_new.py", line 2303, in _dispatch_mode
    return run_cutting(
  File "/raid/g.bisicchia/cut_and_inc/main_new_new.py", line 1396, in run_cutting
    result_value = sew(expvals, sew_data)
  File "/raid/g.bisicchia/cut_and_inc/main_new_new.py", line 606, in sew
    value = qml.qcut.qcut_processing_fn(
  File "/raid/g.bisicchia/cut_and_inc/env/lib/python3.10/site-packages/pennylane/qcut/processing.py", line 78, in qcut_processing_fn
    result = contract_tensors(
  File "/raid/g.bisicchia/cut_and_inc/env/lib/python3.10/site-packages/pennylane/qcut/processing.py", line 311, in contract_tensors
    raise ImportError(
ImportError: The opt_einsum package is required when use_opt_einsum is set to True in the contract_tensors function. This package can be installed using:
pip install opt_einsum
    » [20:54:32]  (#3) 14q / 2_Clifford+T_012 / cut_incremental_budget  starting...
    ✗ [1247.9s]  (#3) 14q / 2_Clifford+T_012 / cut_incremental_budget  --  The opt_einsum package is required when use_opt_einsum is set to True in the contract_tensors function. This package can be installed using:
pip install opt_einsum
ERROR:cuttable-circuit-benchmark:2_Clifford+T_012 / cut_incremental_budget failed: The opt_einsum package is required when use_opt_einsum is set to True in the contract_tensors function. This package can be installed using:
pip install opt_einsum
Traceback (most recent call last):
  File "/raid/g.bisicchia/cut_and_inc/env/lib/python3.10/site-packages/pennylane/qcut/processing.py", line 309, in contract_tensors
    from opt_einsum import contract, get_symbol
ModuleNotFoundError: No module named 'opt_einsum'

The above exception was the direct cause of the following exception:

Traceback (most recent call last):
  File "/raid/g.bisicchia/cut_and_inc/main_new_new.py", line 2501, in _run_circuit
    _run_one_mode_sandboxed(
  File "/raid/g.bisicchia/cut_and_inc/main_new_new.py", line 2379, in _run_one_mode_sandboxed
    _run_one_mode(mode, spec, args, ib, nb, circuit_dir, perf_exp_val, noisy_value)
  File "/raid/g.bisicchia/cut_and_inc/main_new_new.py", line 2414, in _run_one_mode
    payload = _dispatch_mode(mode, spec, args, ideal_backend, noisy_backend, perf_exp_val)
  File "/raid/g.bisicchia/cut_and_inc/main_new_new.py", line 2310, in _dispatch_mode
    return run_cutting_incremental(
  File "/raid/g.bisicchia/cut_and_inc/main_new_new.py", line 1578, in run_cutting_incremental
    result_value = sew(expvals, sew_data)
  File "/raid/g.bisicchia/cut_and_inc/main_new_new.py", line 606, in sew
    value = qml.qcut.qcut_processing_fn(
  File "/raid/g.bisicchia/cut_and_inc/env/lib/python3.10/site-packages/pennylane/qcut/processing.py", line 78, in qcut_processing_fn
    result = contract_tensors(
  File "/raid/g.bisicchia/cut_and_inc/env/lib/python3.10/site-packages/pennylane/qcut/processing.py", line 311, in contract_tensors
    raise ImportError(
ImportError: The opt_einsum package is required when use_opt_einsum is set to True in the contract_tensors function. This package can be installed using:
pip install opt_einsum
    » [21:15:20]  (#3) 14q / 2_Clifford+T_012 / cut_incremental_qubit_prop  starting...
    ✗ [1822.1s]  (#3) 14q / 2_Clifford+T_012 / cut_incremental_qubit_prop  --  The opt_einsum package is required when use_opt_einsum is set to True in the contract_tensors function. This package can be installed using:
pip install opt_einsum
ERROR:cuttable-circuit-benchmark:2_Clifford+T_012 / cut_incremental_qubit_prop failed: The opt_einsum package is required when use_opt_einsum is set to True in the contract_tensors function. This package can be installed using:
pip install opt_einsum
Traceback (most recent call last):
  File "/raid/g.bisicchia/cut_and_inc/env/lib/python3.10/site-packages/pennylane/qcut/processing.py", line 309, in contract_tensors
    from opt_einsum import contract, get_symbol
ModuleNotFoundError: No module named 'opt_einsum'

The above exception was the direct cause of the following exception:

Traceback (most recent call last):
  File "/raid/g.bisicchia/cut_and_inc/main_new_new.py", line 2501, in _run_circuit
    _run_one_mode_sandboxed(
  File "/raid/g.bisicchia/cut_and_inc/main_new_new.py", line 2379, in _run_one_mode_sandboxed
    _run_one_mode(mode, spec, args, ib, nb, circuit_dir, perf_exp_val, noisy_value)
  File "/raid/g.bisicchia/cut_and_inc/main_new_new.py", line 2414, in _run_one_mode
    payload = _dispatch_mode(mode, spec, args, ideal_backend, noisy_backend, perf_exp_val)
  File "/raid/g.bisicchia/cut_and_inc/main_new_new.py", line 2310, in _dispatch_mode
    return run_cutting_incremental(
  File "/raid/g.bisicchia/cut_and_inc/main_new_new.py", line 1578, in run_cutting_incremental
    result_value = sew(expvals, sew_data)
  File "/raid/g.bisicchia/cut_and_inc/main_new_new.py", line 606, in sew
    value = qml.qcut.qcut_processing_fn(
  File "/raid/g.bisicchia/cut_and_inc/env/lib/python3.10/site-packages/pennylane/qcut/processing.py", line 78, in qcut_processing_fn
    result = contract_tensors(
  File "/raid/g.bisicchia/cut_and_inc/env/lib/python3.10/site-packages/pennylane/qcut/processing.py", line 311, in contract_tensors
    raise ImportError(
ImportError: The opt_einsum package is required when use_opt_einsum is set to True in the contract_tensors function. This package can be installed using:
pip install opt_einsum

[4/10] 14q / 3_Clifford+T_014  observable: ZIIIIIIIIIIIII
    » [21:45:42]  14q / 3_Clifford+T_014  observable=ZIIIIIIIIIIIII  computing ground truth (PennyLane default.qubit)...
    · [   0.0s]  ground_truth = -1.000000
    » [21:45:42]  (#4) 14q / 3_Clifford+T_014 / noisy_vanilla  starting...
    ✓ [  13.3s]  (#4) 14q / 3_Clifford+T_014 / noisy_vanilla
    » [21:45:56]  (#4) 14q / 3_Clifford+T_014 / cut_divided_budget  starting...
/raid/g.bisicchia/cut_and_inc/env/lib/python3.10/site-packages/pennylane/qcut/cutstrategy.py:367: UserWarning: The numer of partition attempts seems high (40).
  warnings.warn(f"The numer of partition attempts seems high ({len(ks)}).")
    ✗ [  44.4s]  (#4) 14q / 3_Clifford+T_014 / cut_divided_budget  --  The opt_einsum package is required when use_opt_einsum is set to True in the contract_tensors function. This package can be installed using:
pip install opt_einsum
ERROR:cuttable-circuit-benchmark:3_Clifford+T_014 / cut_divided_budget failed: The opt_einsum package is required when use_opt_einsum is set to True in the contract_tensors function. This package can be installed using:
pip install opt_einsum
Traceback (most recent call last):
  File "/raid/g.bisicchia/cut_and_inc/env/lib/python3.10/site-packages/pennylane/qcut/processing.py", line 309, in contract_tensors
    from opt_einsum import contract, get_symbol
ModuleNotFoundError: No module named 'opt_einsum'

The above exception was the direct cause of the following exception:

Traceback (most recent call last):
  File "/raid/g.bisicchia/cut_and_inc/main_new_new.py", line 2501, in _run_circuit
    _run_one_mode_sandboxed(
  File "/raid/g.bisicchia/cut_and_inc/main_new_new.py", line 2379, in _run_one_mode_sandboxed
    _run_one_mode(mode, spec, args, ib, nb, circuit_dir, perf_exp_val, noisy_value)
  File "/raid/g.bisicchia/cut_and_inc/main_new_new.py", line 2414, in _run_one_mode
    payload = _dispatch_mode(mode, spec, args, ideal_backend, noisy_backend, perf_exp_val)
  File "/raid/g.bisicchia/cut_and_inc/main_new_new.py", line 2303, in _dispatch_mode
    return run_cutting(
  File "/raid/g.bisicchia/cut_and_inc/main_new_new.py", line 1396, in run_cutting
    result_value = sew(expvals, sew_data)
  File "/raid/g.bisicchia/cut_and_inc/main_new_new.py", line 606, in sew
    value = qml.qcut.qcut_processing_fn(
  File "/raid/g.bisicchia/cut_and_inc/env/lib/python3.10/site-packages/pennylane/qcut/processing.py", line 78, in qcut_processing_fn
    result = contract_tensors(
  File "/raid/g.bisicchia/cut_and_inc/env/lib/python3.10/site-packages/pennylane/qcut/processing.py", line 311, in contract_tensors
    raise ImportError(
ImportError: The opt_einsum package is required when use_opt_einsum is set to True in the contract_tensors function. This package can be installed using:
pip install opt_einsum
    » [21:46:40]  (#4) 14q / 3_Clifford+T_014 / cut_qubit_prop  starting...
    ✗ [  37.6s]  (#4) 14q / 3_Clifford+T_014 / cut_qubit_prop  --  The opt_einsum package is required when use_opt_einsum is set to True in the contract_tensors function. This package can be installed using:
pip install opt_einsum
ERROR:cuttable-circuit-benchmark:3_Clifford+T_014 / cut_qubit_prop failed: The opt_einsum package is required when use_opt_einsum is set to True in the contract_tensors function. This package can be installed using:
pip install opt_einsum
Traceback (most recent call last):
  File "/raid/g.bisicchia/cut_and_inc/env/lib/python3.10/site-packages/pennylane/qcut/processing.py", line 309, in contract_tensors
    from opt_einsum import contract, get_symbol
ModuleNotFoundError: No module named 'opt_einsum'

The above exception was the direct cause of the following exception:

Traceback (most recent call last):
  File "/raid/g.bisicchia/cut_and_inc/main_new_new.py", line 2501, in _run_circuit
    _run_one_mode_sandboxed(
  File "/raid/g.bisicchia/cut_and_inc/main_new_new.py", line 2379, in _run_one_mode_sandboxed
    _run_one_mode(mode, spec, args, ib, nb, circuit_dir, perf_exp_val, noisy_value)
  File "/raid/g.bisicchia/cut_and_inc/main_new_new.py", line 2414, in _run_one_mode
    payload = _dispatch_mode(mode, spec, args, ideal_backend, noisy_backend, perf_exp_val)
  File "/raid/g.bisicchia/cut_and_inc/main_new_new.py", line 2303, in _dispatch_mode
    return run_cutting(
  File "/raid/g.bisicchia/cut_and_inc/main_new_new.py", line 1396, in run_cutting
    result_value = sew(expvals, sew_data)
  File "/raid/g.bisicchia/cut_and_inc/main_new_new.py", line 606, in sew
    value = qml.qcut.qcut_processing_fn(
  File "/raid/g.bisicchia/cut_and_inc/env/lib/python3.10/site-packages/pennylane/qcut/processing.py", line 78, in qcut_processing_fn
    result = contract_tensors(
  File "/raid/g.bisicchia/cut_and_inc/env/lib/python3.10/site-packages/pennylane/qcut/processing.py", line 311, in contract_tensors
    raise ImportError(
ImportError: The opt_einsum package is required when use_opt_einsum is set to True in the contract_tensors function. This package can be installed using:
pip install opt_einsum
    » [21:47:18]  (#4) 14q / 3_Clifford+T_014 / cut_incremental_budget  starting...
    ✗ [ 958.5s]  (#4) 14q / 3_Clifford+T_014 / cut_incremental_budget  --  The opt_einsum package is required when use_opt_einsum is set to True in the contract_tensors function. This package can be installed using:
pip install opt_einsum
ERROR:cuttable-circuit-benchmark:3_Clifford+T_014 / cut_incremental_budget failed: The opt_einsum package is required when use_opt_einsum is set to True in the contract_tensors function. This package can be installed using:
pip install opt_einsum
Traceback (most recent call last):
  File "/raid/g.bisicchia/cut_and_inc/env/lib/python3.10/site-packages/pennylane/qcut/processing.py", line 309, in contract_tensors
    from opt_einsum import contract, get_symbol
ModuleNotFoundError: No module named 'opt_einsum'

The above exception was the direct cause of the following exception:

Traceback (most recent call last):
  File "/raid/g.bisicchia/cut_and_inc/main_new_new.py", line 2501, in _run_circuit
    _run_one_mode_sandboxed(
  File "/raid/g.bisicchia/cut_and_inc/main_new_new.py", line 2379, in _run_one_mode_sandboxed
    _run_one_mode(mode, spec, args, ib, nb, circuit_dir, perf_exp_val, noisy_value)
  File "/raid/g.bisicchia/cut_and_inc/main_new_new.py", line 2414, in _run_one_mode
    payload = _dispatch_mode(mode, spec, args, ideal_backend, noisy_backend, perf_exp_val)
  File "/raid/g.bisicchia/cut_and_inc/main_new_new.py", line 2310, in _dispatch_mode
    return run_cutting_incremental(
  File "/raid/g.bisicchia/cut_and_inc/main_new_new.py", line 1578, in run_cutting_incremental
    result_value = sew(expvals, sew_data)
  File "/raid/g.bisicchia/cut_and_inc/main_new_new.py", line 606, in sew
    value = qml.qcut.qcut_processing_fn(
  File "/raid/g.bisicchia/cut_and_inc/env/lib/python3.10/site-packages/pennylane/qcut/processing.py", line 78, in qcut_processing_fn
    result = contract_tensors(
  File "/raid/g.bisicchia/cut_and_inc/env/lib/python3.10/site-packages/pennylane/qcut/processing.py", line 311, in contract_tensors
    raise ImportError(
ImportError: The opt_einsum package is required when use_opt_einsum is set to True in the contract_tensors function. This package can be installed using:
pip install opt_einsum
    » [22:03:16]  (#4) 14q / 3_Clifford+T_014 / cut_incremental_qubit_prop  starting...
    ✗ [1015.2s]  (#4) 14q / 3_Clifford+T_014 / cut_incremental_qubit_prop  --  The opt_einsum package is required when use_opt_einsum is set to True in the contract_tensors function. This package can be installed using:
pip install opt_einsum
ERROR:cuttable-circuit-benchmark:3_Clifford+T_014 / cut_incremental_qubit_prop failed: The opt_einsum package is required when use_opt_einsum is set to True in the contract_tensors function. This package can be installed using:
pip install opt_einsum
Traceback (most recent call last):
  File "/raid/g.bisicchia/cut_and_inc/env/lib/python3.10/site-packages/pennylane/qcut/processing.py", line 309, in contract_tensors
    from opt_einsum import contract, get_symbol
ModuleNotFoundError: No module named 'opt_einsum'

The above exception was the direct cause of the following exception:

Traceback (most recent call last):
  File "/raid/g.bisicchia/cut_and_inc/main_new_new.py", line 2501, in _run_circuit
    _run_one_mode_sandboxed(
  File "/raid/g.bisicchia/cut_and_inc/main_new_new.py", line 2379, in _run_one_mode_sandboxed
    _run_one_mode(mode, spec, args, ib, nb, circuit_dir, perf_exp_val, noisy_value)
  File "/raid/g.bisicchia/cut_and_inc/main_new_new.py", line 2414, in _run_one_mode
    payload = _dispatch_mode(mode, spec, args, ideal_backend, noisy_backend, perf_exp_val)
  File "/raid/g.bisicchia/cut_and_inc/main_new_new.py", line 2310, in _dispatch_mode
    return run_cutting_incremental(
  File "/raid/g.bisicchia/cut_and_inc/main_new_new.py", line 1578, in run_cutting_incremental
    result_value = sew(expvals, sew_data)
  File "/raid/g.bisicchia/cut_and_inc/main_new_new.py", line 606, in sew
    value = qml.qcut.qcut_processing_fn(
  File "/raid/g.bisicchia/cut_and_inc/env/lib/python3.10/site-packages/pennylane/qcut/processing.py", line 78, in qcut_processing_fn
    result = contract_tensors(
  File "/raid/g.bisicchia/cut_and_inc/env/lib/python3.10/site-packages/pennylane/qcut/processing.py", line 311, in contract_tensors
    raise ImportError(
ImportError: The opt_einsum package is required when use_opt_einsum is set to True in the contract_tensors function. This package can be installed using:
pip install opt_einsum

[5/10] 14q / 4_Clifford+T_015  observable: ZIIIIIIIIIIIII
    » [22:20:11]  14q / 4_Clifford+T_015  observable=ZIIIIIIIIIIIII  computing ground truth (PennyLane default.qubit)...
    · [   0.0s]  ground_truth = 0.000000
    » [22:20:12]  (#5) 14q / 4_Clifford+T_015 / noisy_vanilla  starting...
    ✓ [   6.9s]  (#5) 14q / 4_Clifford+T_015 / noisy_vanilla
    » [22:20:18]  (#5) 14q / 4_Clifford+T_015 / cut_divided_budget  starting...
/raid/g.bisicchia/cut_and_inc/env/lib/python3.10/site-packages/pennylane/qcut/cutstrategy.py:367: UserWarning: The numer of partition attempts seems high (41).
  warnings.warn(f"The numer of partition attempts seems high ({len(ks)}).")
    ✗ [  11.6s]  (#5) 14q / 4_Clifford+T_015 / cut_divided_budget  --  The opt_einsum package is required when use_opt_einsum is set to True in the contract_tensors function. This package can be installed using:
pip install opt_einsum
ERROR:cuttable-circuit-benchmark:4_Clifford+T_015 / cut_divided_budget failed: The opt_einsum package is required when use_opt_einsum is set to True in the contract_tensors function. This package can be installed using:
pip install opt_einsum
Traceback (most recent call last):
  File "/raid/g.bisicchia/cut_and_inc/env/lib/python3.10/site-packages/pennylane/qcut/processing.py", line 309, in contract_tensors
    from opt_einsum import contract, get_symbol
ModuleNotFoundError: No module named 'opt_einsum'

The above exception was the direct cause of the following exception:

Traceback (most recent call last):
  File "/raid/g.bisicchia/cut_and_inc/main_new_new.py", line 2501, in _run_circuit
    _run_one_mode_sandboxed(
  File "/raid/g.bisicchia/cut_and_inc/main_new_new.py", line 2379, in _run_one_mode_sandboxed
    _run_one_mode(mode, spec, args, ib, nb, circuit_dir, perf_exp_val, noisy_value)
  File "/raid/g.bisicchia/cut_and_inc/main_new_new.py", line 2414, in _run_one_mode
    payload = _dispatch_mode(mode, spec, args, ideal_backend, noisy_backend, perf_exp_val)
  File "/raid/g.bisicchia/cut_and_inc/main_new_new.py", line 2303, in _dispatch_mode
    return run_cutting(
  File "/raid/g.bisicchia/cut_and_inc/main_new_new.py", line 1396, in run_cutting
    result_value = sew(expvals, sew_data)
  File "/raid/g.bisicchia/cut_and_inc/main_new_new.py", line 606, in sew
    value = qml.qcut.qcut_processing_fn(
  File "/raid/g.bisicchia/cut_and_inc/env/lib/python3.10/site-packages/pennylane/qcut/processing.py", line 78, in qcut_processing_fn
    result = contract_tensors(
  File "/raid/g.bisicchia/cut_and_inc/env/lib/python3.10/site-packages/pennylane/qcut/processing.py", line 311, in contract_tensors
    raise ImportError(
ImportError: The opt_einsum package is required when use_opt_einsum is set to True in the contract_tensors function. This package can be installed using:
pip install opt_einsum
    » [22:20:30]  (#5) 14q / 4_Clifford+T_015 / cut_qubit_prop  starting...
    ✗ [   4.2s]  (#5) 14q / 4_Clifford+T_015 / cut_qubit_prop  --  The opt_einsum package is required when use_opt_einsum is set to True in the contract_tensors function. This package can be installed using:
pip install opt_einsum
ERROR:cuttable-circuit-benchmark:4_Clifford+T_015 / cut_qubit_prop failed: The opt_einsum package is required when use_opt_einsum is set to True in the contract_tensors function. This package can be installed using:
pip install opt_einsum
Traceback (most recent call last):
  File "/raid/g.bisicchia/cut_and_inc/env/lib/python3.10/site-packages/pennylane/qcut/processing.py", line 309, in contract_tensors
    from opt_einsum import contract, get_symbol
ModuleNotFoundError: No module named 'opt_einsum'

The above exception was the direct cause of the following exception:

Traceback (most recent call last):
  File "/raid/g.bisicchia/cut_and_inc/main_new_new.py", line 2501, in _run_circuit
    _run_one_mode_sandboxed(
  File "/raid/g.bisicchia/cut_and_inc/main_new_new.py", line 2379, in _run_one_mode_sandboxed
    _run_one_mode(mode, spec, args, ib, nb, circuit_dir, perf_exp_val, noisy_value)
  File "/raid/g.bisicchia/cut_and_inc/main_new_new.py", line 2414, in _run_one_mode
    payload = _dispatch_mode(mode, spec, args, ideal_backend, noisy_backend, perf_exp_val)
  File "/raid/g.bisicchia/cut_and_inc/main_new_new.py", line 2303, in _dispatch_mode
    return run_cutting(
  File "/raid/g.bisicchia/cut_and_inc/main_new_new.py", line 1396, in run_cutting
    result_value = sew(expvals, sew_data)
  File "/raid/g.bisicchia/cut_and_inc/main_new_new.py", line 606, in sew
    value = qml.qcut.qcut_processing_fn(
  File "/raid/g.bisicchia/cut_and_inc/env/lib/python3.10/site-packages/pennylane/qcut/processing.py", line 78, in qcut_processing_fn
    result = contract_tensors(
  File "/raid/g.bisicchia/cut_and_inc/env/lib/python3.10/site-packages/pennylane/qcut/processing.py", line 311, in contract_tensors
    raise ImportError(
ImportError: The opt_einsum package is required when use_opt_einsum is set to True in the contract_tensors function. This package can be installed using:
pip install opt_einsum
    » [22:20:34]  (#5) 14q / 4_Clifford+T_015 / cut_incremental_budget  starting...
    ✗ [ 643.4s]  (#5) 14q / 4_Clifford+T_015 / cut_incremental_budget  --  The opt_einsum package is required when use_opt_einsum is set to True in the contract_tensors function. This package can be installed using:
pip install opt_einsum
ERROR:cuttable-circuit-benchmark:4_Clifford+T_015 / cut_incremental_budget failed: The opt_einsum package is required when use_opt_einsum is set to True in the contract_tensors function. This package can be installed using:
pip install opt_einsum
Traceback (most recent call last):
  File "/raid/g.bisicchia/cut_and_inc/env/lib/python3.10/site-packages/pennylane/qcut/processing.py", line 309, in contract_tensors
    from opt_einsum import contract, get_symbol
ModuleNotFoundError: No module named 'opt_einsum'

The above exception was the direct cause of the following exception:

Traceback (most recent call last):
  File "/raid/g.bisicchia/cut_and_inc/main_new_new.py", line 2501, in _run_circuit
    _run_one_mode_sandboxed(
  File "/raid/g.bisicchia/cut_and_inc/main_new_new.py", line 2379, in _run_one_mode_sandboxed
    _run_one_mode(mode, spec, args, ib, nb, circuit_dir, perf_exp_val, noisy_value)
  File "/raid/g.bisicchia/cut_and_inc/main_new_new.py", line 2414, in _run_one_mode
    payload = _dispatch_mode(mode, spec, args, ideal_backend, noisy_backend, perf_exp_val)
  File "/raid/g.bisicchia/cut_and_inc/main_new_new.py", line 2310, in _dispatch_mode
    return run_cutting_incremental(
  File "/raid/g.bisicchia/cut_and_inc/main_new_new.py", line 1578, in run_cutting_incremental
    result_value = sew(expvals, sew_data)
  File "/raid/g.bisicchia/cut_and_inc/main_new_new.py", line 606, in sew
    value = qml.qcut.qcut_processing_fn(
  File "/raid/g.bisicchia/cut_and_inc/env/lib/python3.10/site-packages/pennylane/qcut/processing.py", line 78, in qcut_processing_fn
    result = contract_tensors(
  File "/raid/g.bisicchia/cut_and_inc/env/lib/python3.10/site-packages/pennylane/qcut/processing.py", line 311, in contract_tensors
    raise ImportError(
ImportError: The opt_einsum package is required when use_opt_einsum is set to True in the contract_tensors function. This package can be installed using:
pip install opt_einsum
    » [22:31:18]  (#5) 14q / 4_Clifford+T_015 / cut_incremental_qubit_prop  starting...
    ✗ [ 652.4s]  (#5) 14q / 4_Clifford+T_015 / cut_incremental_qubit_prop  --  The opt_einsum package is required when use_opt_einsum is set to True in the contract_tensors function. This package can be installed using:
pip install opt_einsum
ERROR:cuttable-circuit-benchmark:4_Clifford+T_015 / cut_incremental_qubit_prop failed: The opt_einsum package is required when use_opt_einsum is set to True in the contract_tensors function. This package can be installed using:
pip install opt_einsum
Traceback (most recent call last):
  File "/raid/g.bisicchia/cut_and_inc/env/lib/python3.10/site-packages/pennylane/qcut/processing.py", line 309, in contract_tensors
    from opt_einsum import contract, get_symbol
ModuleNotFoundError: No module named 'opt_einsum'

The above exception was the direct cause of the following exception:

Traceback (most recent call last):
  File "/raid/g.bisicchia/cut_and_inc/main_new_new.py", line 2501, in _run_circuit
    _run_one_mode_sandboxed(
  File "/raid/g.bisicchia/cut_and_inc/main_new_new.py", line 2379, in _run_one_mode_sandboxed
    _run_one_mode(mode, spec, args, ib, nb, circuit_dir, perf_exp_val, noisy_value)
  File "/raid/g.bisicchia/cut_and_inc/main_new_new.py", line 2414, in _run_one_mode
    payload = _dispatch_mode(mode, spec, args, ideal_backend, noisy_backend, perf_exp_val)
  File "/raid/g.bisicchia/cut_and_inc/main_new_new.py", line 2310, in _dispatch_mode
    return run_cutting_incremental(
  File "/raid/g.bisicchia/cut_and_inc/main_new_new.py", line 1578, in run_cutting_incremental
    result_value = sew(expvals, sew_data)
  File "/raid/g.bisicchia/cut_and_inc/main_new_new.py", line 606, in sew
    value = qml.qcut.qcut_processing_fn(
  File "/raid/g.bisicchia/cut_and_inc/env/lib/python3.10/site-packages/pennylane/qcut/processing.py", line 78, in qcut_processing_fn
    result = contract_tensors(
  File "/raid/g.bisicchia/cut_and_inc/env/lib/python3.10/site-packages/pennylane/qcut/processing.py", line 311, in contract_tensors
    raise ImportError(
ImportError: The opt_einsum package is required when use_opt_einsum is set to True in the contract_tensors function. This package can be installed using:
pip install opt_einsum

[6/10] 14q / 5_Clifford+T_016  observable: ZIIIIIIIIIIIII
    » [22:42:10]  14q / 5_Clifford+T_016  observable=ZIIIIIIIIIIIII  computing ground truth (PennyLane default.qubit)...
    · [   0.0s]  ground_truth = 1.000000
    » [22:42:10]  (#6) 14q / 5_Clifford+T_016 / noisy_vanilla  starting...
    ✓ [   6.4s]  (#6) 14q / 5_Clifford+T_016 / noisy_vanilla
    » [22:42:16]  (#6) 14q / 5_Clifford+T_016 / cut_divided_budget  starting...
/raid/g.bisicchia/cut_and_inc/env/lib/python3.10/site-packages/pennylane/qcut/cutstrategy.py:367: UserWarning: The numer of partition attempts seems high (40).
  warnings.warn(f"The numer of partition attempts seems high ({len(ks)}).")
    ✗ [  27.8s]  (#6) 14q / 5_Clifford+T_016 / cut_divided_budget  --  The opt_einsum package is required when use_opt_einsum is set to True in the contract_tensors function. This package can be installed using:
pip install opt_einsum
ERROR:cuttable-circuit-benchmark:5_Clifford+T_016 / cut_divided_budget failed: The opt_einsum package is required when use_opt_einsum is set to True in the contract_tensors function. This package can be installed using:
pip install opt_einsum
Traceback (most recent call last):
  File "/raid/g.bisicchia/cut_and_inc/env/lib/python3.10/site-packages/pennylane/qcut/processing.py", line 309, in contract_tensors
    from opt_einsum import contract, get_symbol
ModuleNotFoundError: No module named 'opt_einsum'

The above exception was the direct cause of the following exception:

Traceback (most recent call last):
  File "/raid/g.bisicchia/cut_and_inc/main_new_new.py", line 2501, in _run_circuit
    _run_one_mode_sandboxed(
  File "/raid/g.bisicchia/cut_and_inc/main_new_new.py", line 2379, in _run_one_mode_sandboxed
    _run_one_mode(mode, spec, args, ib, nb, circuit_dir, perf_exp_val, noisy_value)
  File "/raid/g.bisicchia/cut_and_inc/main_new_new.py", line 2414, in _run_one_mode
    payload = _dispatch_mode(mode, spec, args, ideal_backend, noisy_backend, perf_exp_val)
  File "/raid/g.bisicchia/cut_and_inc/main_new_new.py", line 2303, in _dispatch_mode
    return run_cutting(
  File "/raid/g.bisicchia/cut_and_inc/main_new_new.py", line 1396, in run_cutting
    result_value = sew(expvals, sew_data)
  File "/raid/g.bisicchia/cut_and_inc/main_new_new.py", line 606, in sew
    value = qml.qcut.qcut_processing_fn(
  File "/raid/g.bisicchia/cut_and_inc/env/lib/python3.10/site-packages/pennylane/qcut/processing.py", line 78, in qcut_processing_fn
    result = contract_tensors(
  File "/raid/g.bisicchia/cut_and_inc/env/lib/python3.10/site-packages/pennylane/qcut/processing.py", line 311, in contract_tensors
    raise ImportError(
ImportError: The opt_einsum package is required when use_opt_einsum is set to True in the contract_tensors function. This package can be installed using:
pip install opt_einsum
    » [22:42:44]  (#6) 14q / 5_Clifford+T_016 / cut_qubit_prop  starting...
    ✗ [  19.7s]  (#6) 14q / 5_Clifford+T_016 / cut_qubit_prop  --  The opt_einsum package is required when use_opt_einsum is set to True in the contract_tensors function. This package can be installed using:
pip install opt_einsum
ERROR:cuttable-circuit-benchmark:5_Clifford+T_016 / cut_qubit_prop failed: The opt_einsum package is required when use_opt_einsum is set to True in the contract_tensors function. This package can be installed using:
pip install opt_einsum
Traceback (most recent call last):
  File "/raid/g.bisicchia/cut_and_inc/env/lib/python3.10/site-packages/pennylane/qcut/processing.py", line 309, in contract_tensors
    from opt_einsum import contract, get_symbol
ModuleNotFoundError: No module named 'opt_einsum'

The above exception was the direct cause of the following exception:

Traceback (most recent call last):
  File "/raid/g.bisicchia/cut_and_inc/main_new_new.py", line 2501, in _run_circuit
    _run_one_mode_sandboxed(
  File "/raid/g.bisicchia/cut_and_inc/main_new_new.py", line 2379, in _run_one_mode_sandboxed
    _run_one_mode(mode, spec, args, ib, nb, circuit_dir, perf_exp_val, noisy_value)
  File "/raid/g.bisicchia/cut_and_inc/main_new_new.py", line 2414, in _run_one_mode
    payload = _dispatch_mode(mode, spec, args, ideal_backend, noisy_backend, perf_exp_val)
  File "/raid/g.bisicchia/cut_and_inc/main_new_new.py", line 2303, in _dispatch_mode
    return run_cutting(
  File "/raid/g.bisicchia/cut_and_inc/main_new_new.py", line 1396, in run_cutting
    result_value = sew(expvals, sew_data)
  File "/raid/g.bisicchia/cut_and_inc/main_new_new.py", line 606, in sew
    value = qml.qcut.qcut_processing_fn(
  File "/raid/g.bisicchia/cut_and_inc/env/lib/python3.10/site-packages/pennylane/qcut/processing.py", line 78, in qcut_processing_fn
    result = contract_tensors(
  File "/raid/g.bisicchia/cut_and_inc/env/lib/python3.10/site-packages/pennylane/qcut/processing.py", line 311, in contract_tensors
    raise ImportError(
ImportError: The opt_einsum package is required when use_opt_einsum is set to True in the contract_tensors function. This package can be installed using:
pip install opt_einsum
    » [22:43:04]  (#6) 14q / 5_Clifford+T_016 / cut_incremental_budget  starting...
    ✗ [ 810.8s]  (#6) 14q / 5_Clifford+T_016 / cut_incremental_budget  --  The opt_einsum package is required when use_opt_einsum is set to True in the contract_tensors function. This package can be installed using:
pip install opt_einsum
ERROR:cuttable-circuit-benchmark:5_Clifford+T_016 / cut_incremental_budget failed: The opt_einsum package is required when use_opt_einsum is set to True in the contract_tensors function. This package can be installed using:
pip install opt_einsum
Traceback (most recent call last):
  File "/raid/g.bisicchia/cut_and_inc/env/lib/python3.10/site-packages/pennylane/qcut/processing.py", line 309, in contract_tensors
    from opt_einsum import contract, get_symbol
ModuleNotFoundError: No module named 'opt_einsum'

The above exception was the direct cause of the following exception:

Traceback (most recent call last):
  File "/raid/g.bisicchia/cut_and_inc/main_new_new.py", line 2501, in _run_circuit
    _run_one_mode_sandboxed(
  File "/raid/g.bisicchia/cut_and_inc/main_new_new.py", line 2379, in _run_one_mode_sandboxed
    _run_one_mode(mode, spec, args, ib, nb, circuit_dir, perf_exp_val, noisy_value)
  File "/raid/g.bisicchia/cut_and_inc/main_new_new.py", line 2414, in _run_one_mode
    payload = _dispatch_mode(mode, spec, args, ideal_backend, noisy_backend, perf_exp_val)
  File "/raid/g.bisicchia/cut_and_inc/main_new_new.py", line 2310, in _dispatch_mode
    return run_cutting_incremental(
  File "/raid/g.bisicchia/cut_and_inc/main_new_new.py", line 1578, in run_cutting_incremental
    result_value = sew(expvals, sew_data)
  File "/raid/g.bisicchia/cut_and_inc/main_new_new.py", line 606, in sew
    value = qml.qcut.qcut_processing_fn(
  File "/raid/g.bisicchia/cut_and_inc/env/lib/python3.10/site-packages/pennylane/qcut/processing.py", line 78, in qcut_processing_fn
    result = contract_tensors(
  File "/raid/g.bisicchia/cut_and_inc/env/lib/python3.10/site-packages/pennylane/qcut/processing.py", line 311, in contract_tensors
    raise ImportError(
ImportError: The opt_einsum package is required when use_opt_einsum is set to True in the contract_tensors function. This package can be installed using:
pip install opt_einsum
    » [22:56:35]  (#6) 14q / 5_Clifford+T_016 / cut_incremental_qubit_prop  starting...
    ✗ [ 790.6s]  (#6) 14q / 5_Clifford+T_016 / cut_incremental_qubit_prop  --  The opt_einsum package is required when use_opt_einsum is set to True in the contract_tensors function. This package can be installed using:
pip install opt_einsum
ERROR:cuttable-circuit-benchmark:5_Clifford+T_016 / cut_incremental_qubit_prop failed: The opt_einsum package is required when use_opt_einsum is set to True in the contract_tensors function. This package can be installed using:
pip install opt_einsum
Traceback (most recent call last):
  File "/raid/g.bisicchia/cut_and_inc/env/lib/python3.10/site-packages/pennylane/qcut/processing.py", line 309, in contract_tensors
    from opt_einsum import contract, get_symbol
ModuleNotFoundError: No module named 'opt_einsum'

The above exception was the direct cause of the following exception:

Traceback (most recent call last):
  File "/raid/g.bisicchia/cut_and_inc/main_new_new.py", line 2501, in _run_circuit
    _run_one_mode_sandboxed(
  File "/raid/g.bisicchia/cut_and_inc/main_new_new.py", line 2379, in _run_one_mode_sandboxed
    _run_one_mode(mode, spec, args, ib, nb, circuit_dir, perf_exp_val, noisy_value)
  File "/raid/g.bisicchia/cut_and_inc/main_new_new.py", line 2414, in _run_one_mode
    payload = _dispatch_mode(mode, spec, args, ideal_backend, noisy_backend, perf_exp_val)
  File "/raid/g.bisicchia/cut_and_inc/main_new_new.py", line 2310, in _dispatch_mode
    return run_cutting_incremental(
  File "/raid/g.bisicchia/cut_and_inc/main_new_new.py", line 1578, in run_cutting_incremental
    result_value = sew(expvals, sew_data)
  File "/raid/g.bisicchia/cut_and_inc/main_new_new.py", line 606, in sew
    value = qml.qcut.qcut_processing_fn(
  File "/raid/g.bisicchia/cut_and_inc/env/lib/python3.10/site-packages/pennylane/qcut/processing.py", line 78, in qcut_processing_fn
    result = contract_tensors(
  File "/raid/g.bisicchia/cut_and_inc/env/lib/python3.10/site-packages/pennylane/qcut/processing.py", line 311, in contract_tensors
    raise ImportError(
ImportError: The opt_einsum package is required when use_opt_einsum is set to True in the contract_tensors function. This package can be installed using:
pip install opt_einsum

[7/10] 14q / 6_Clifford+T_018  observable: ZIIIIIIIIIIIII
    » [23:09:45]  14q / 6_Clifford+T_018  observable=ZIIIIIIIIIIIII  computing ground truth (PennyLane default.qubit)...
    · [   0.0s]  ground_truth = 1.000000
    » [23:09:45]  (#7) 14q / 6_Clifford+T_018 / noisy_vanilla  starting...
    ✓ [   5.7s]  (#7) 14q / 6_Clifford+T_018 / noisy_vanilla
    » [23:09:51]  (#7) 14q / 6_Clifford+T_018 / cut_divided_budget  starting...
/raid/g.bisicchia/cut_and_inc/env/lib/python3.10/site-packages/pennylane/qcut/cutstrategy.py:367: UserWarning: The numer of partition attempts seems high (42).
  warnings.warn(f"The numer of partition attempts seems high ({len(ks)}).")
    ✗ [  25.2s]  (#7) 14q / 6_Clifford+T_018 / cut_divided_budget  --  The opt_einsum package is required when use_opt_einsum is set to True in the contract_tensors function. This package can be installed using:
pip install opt_einsum
ERROR:cuttable-circuit-benchmark:6_Clifford+T_018 / cut_divided_budget failed: The opt_einsum package is required when use_opt_einsum is set to True in the contract_tensors function. This package can be installed using:
pip install opt_einsum
Traceback (most recent call last):
  File "/raid/g.bisicchia/cut_and_inc/env/lib/python3.10/site-packages/pennylane/qcut/processing.py", line 309, in contract_tensors
    from opt_einsum import contract, get_symbol
ModuleNotFoundError: No module named 'opt_einsum'

The above exception was the direct cause of the following exception:

Traceback (most recent call last):
  File "/raid/g.bisicchia/cut_and_inc/main_new_new.py", line 2501, in _run_circuit
    _run_one_mode_sandboxed(
  File "/raid/g.bisicchia/cut_and_inc/main_new_new.py", line 2379, in _run_one_mode_sandboxed
    _run_one_mode(mode, spec, args, ib, nb, circuit_dir, perf_exp_val, noisy_value)
  File "/raid/g.bisicchia/cut_and_inc/main_new_new.py", line 2414, in _run_one_mode
    payload = _dispatch_mode(mode, spec, args, ideal_backend, noisy_backend, perf_exp_val)
  File "/raid/g.bisicchia/cut_and_inc/main_new_new.py", line 2303, in _dispatch_mode
    return run_cutting(
  File "/raid/g.bisicchia/cut_and_inc/main_new_new.py", line 1396, in run_cutting
    result_value = sew(expvals, sew_data)
  File "/raid/g.bisicchia/cut_and_inc/main_new_new.py", line 606, in sew
    value = qml.qcut.qcut_processing_fn(
  File "/raid/g.bisicchia/cut_and_inc/env/lib/python3.10/site-packages/pennylane/qcut/processing.py", line 78, in qcut_processing_fn
    result = contract_tensors(
  File "/raid/g.bisicchia/cut_and_inc/env/lib/python3.10/site-packages/pennylane/qcut/processing.py", line 311, in contract_tensors
    raise ImportError(
ImportError: The opt_einsum package is required when use_opt_einsum is set to True in the contract_tensors function. This package can be installed using:
pip install opt_einsum
    » [23:10:16]  (#7) 14q / 6_Clifford+T_018 / cut_qubit_prop  starting...
    ✗ [  17.3s]  (#7) 14q / 6_Clifford+T_018 / cut_qubit_prop  --  The opt_einsum package is required when use_opt_einsum is set to True in the contract_tensors function. This package can be installed using:
pip install opt_einsum
ERROR:cuttable-circuit-benchmark:6_Clifford+T_018 / cut_qubit_prop failed: The opt_einsum package is required when use_opt_einsum is set to True in the contract_tensors function. This package can be installed using:
pip install opt_einsum
Traceback (most recent call last):
  File "/raid/g.bisicchia/cut_and_inc/env/lib/python3.10/site-packages/pennylane/qcut/processing.py", line 309, in contract_tensors
    from opt_einsum import contract, get_symbol
ModuleNotFoundError: No module named 'opt_einsum'

The above exception was the direct cause of the following exception:

Traceback (most recent call last):
  File "/raid/g.bisicchia/cut_and_inc/main_new_new.py", line 2501, in _run_circuit
    _run_one_mode_sandboxed(
  File "/raid/g.bisicchia/cut_and_inc/main_new_new.py", line 2379, in _run_one_mode_sandboxed
    _run_one_mode(mode, spec, args, ib, nb, circuit_dir, perf_exp_val, noisy_value)
  File "/raid/g.bisicchia/cut_and_inc/main_new_new.py", line 2414, in _run_one_mode
    payload = _dispatch_mode(mode, spec, args, ideal_backend, noisy_backend, perf_exp_val)
  File "/raid/g.bisicchia/cut_and_inc/main_new_new.py", line 2303, in _dispatch_mode
    return run_cutting(
  File "/raid/g.bisicchia/cut_and_inc/main_new_new.py", line 1396, in run_cutting
    result_value = sew(expvals, sew_data)
  File "/raid/g.bisicchia/cut_and_inc/main_new_new.py", line 606, in sew
    value = qml.qcut.qcut_processing_fn(
  File "/raid/g.bisicchia/cut_and_inc/env/lib/python3.10/site-packages/pennylane/qcut/processing.py", line 78, in qcut_processing_fn
    result = contract_tensors(
  File "/raid/g.bisicchia/cut_and_inc/env/lib/python3.10/site-packages/pennylane/qcut/processing.py", line 311, in contract_tensors
    raise ImportError(
ImportError: The opt_einsum package is required when use_opt_einsum is set to True in the contract_tensors function. This package can be installed using:
pip install opt_einsum
    » [23:10:34]  (#7) 14q / 6_Clifford+T_018 / cut_incremental_budget  starting...
    ✗ [ 755.6s]  (#7) 14q / 6_Clifford+T_018 / cut_incremental_budget  --  The opt_einsum package is required when use_opt_einsum is set to True in the contract_tensors function. This package can be installed using:
pip install opt_einsum
ERROR:cuttable-circuit-benchmark:6_Clifford+T_018 / cut_incremental_budget failed: The opt_einsum package is required when use_opt_einsum is set to True in the contract_tensors function. This package can be installed using:
pip install opt_einsum
Traceback (most recent call last):
  File "/raid/g.bisicchia/cut_and_inc/env/lib/python3.10/site-packages/pennylane/qcut/processing.py", line 309, in contract_tensors
    from opt_einsum import contract, get_symbol
ModuleNotFoundError: No module named 'opt_einsum'

The above exception was the direct cause of the following exception:

Traceback (most recent call last):
  File "/raid/g.bisicchia/cut_and_inc/main_new_new.py", line 2501, in _run_circuit
    _run_one_mode_sandboxed(
  File "/raid/g.bisicchia/cut_and_inc/main_new_new.py", line 2379, in _run_one_mode_sandboxed
    _run_one_mode(mode, spec, args, ib, nb, circuit_dir, perf_exp_val, noisy_value)
  File "/raid/g.bisicchia/cut_and_inc/main_new_new.py", line 2414, in _run_one_mode
    payload = _dispatch_mode(mode, spec, args, ideal_backend, noisy_backend, perf_exp_val)
  File "/raid/g.bisicchia/cut_and_inc/main_new_new.py", line 2310, in _dispatch_mode
    return run_cutting_incremental(
  File "/raid/g.bisicchia/cut_and_inc/main_new_new.py", line 1578, in run_cutting_incremental
    result_value = sew(expvals, sew_data)
  File "/raid/g.bisicchia/cut_and_inc/main_new_new.py", line 606, in sew
    value = qml.qcut.qcut_processing_fn(
  File "/raid/g.bisicchia/cut_and_inc/env/lib/python3.10/site-packages/pennylane/qcut/processing.py", line 78, in qcut_processing_fn
    result = contract_tensors(
  File "/raid/g.bisicchia/cut_and_inc/env/lib/python3.10/site-packages/pennylane/qcut/processing.py", line 311, in contract_tensors
    raise ImportError(
ImportError: The opt_einsum package is required when use_opt_einsum is set to True in the contract_tensors function. This package can be installed using:
pip install opt_einsum
    » [23:23:09]  (#7) 14q / 6_Clifford+T_018 / cut_incremental_qubit_prop  starting...
    ✗ [ 664.9s]  (#7) 14q / 6_Clifford+T_018 / cut_incremental_qubit_prop  --  The opt_einsum package is required when use_opt_einsum is set to True in the contract_tensors function. This package can be installed using:
pip install opt_einsum
ERROR:cuttable-circuit-benchmark:6_Clifford+T_018 / cut_incremental_qubit_prop failed: The opt_einsum package is required when use_opt_einsum is set to True in the contract_tensors function. This package can be installed using:
pip install opt_einsum
Traceback (most recent call last):
  File "/raid/g.bisicchia/cut_and_inc/env/lib/python3.10/site-packages/pennylane/qcut/processing.py", line 309, in contract_tensors
    from opt_einsum import contract, get_symbol
ModuleNotFoundError: No module named 'opt_einsum'

The above exception was the direct cause of the following exception:

Traceback (most recent call last):
  File "/raid/g.bisicchia/cut_and_inc/main_new_new.py", line 2501, in _run_circuit
    _run_one_mode_sandboxed(
  File "/raid/g.bisicchia/cut_and_inc/main_new_new.py", line 2379, in _run_one_mode_sandboxed
    _run_one_mode(mode, spec, args, ib, nb, circuit_dir, perf_exp_val, noisy_value)
  File "/raid/g.bisicchia/cut_and_inc/main_new_new.py", line 2414, in _run_one_mode
    payload = _dispatch_mode(mode, spec, args, ideal_backend, noisy_backend, perf_exp_val)
  File "/raid/g.bisicchia/cut_and_inc/main_new_new.py", line 2310, in _dispatch_mode
    return run_cutting_incremental(
  File "/raid/g.bisicchia/cut_and_inc/main_new_new.py", line 1578, in run_cutting_incremental
    result_value = sew(expvals, sew_data)
  File "/raid/g.bisicchia/cut_and_inc/main_new_new.py", line 606, in sew
    value = qml.qcut.qcut_processing_fn(
  File "/raid/g.bisicchia/cut_and_inc/env/lib/python3.10/site-packages/pennylane/qcut/processing.py", line 78, in qcut_processing_fn
    result = contract_tensors(
  File "/raid/g.bisicchia/cut_and_inc/env/lib/python3.10/site-packages/pennylane/qcut/processing.py", line 311, in contract_tensors
    raise ImportError(
ImportError: The opt_einsum package is required when use_opt_einsum is set to True in the contract_tensors function. This package can be installed using:
pip install opt_einsum

[8/10] 14q / 7_Clifford+T_019  observable: ZIIIIIIIIIIIII
    » [23:34:14]  14q / 7_Clifford+T_019  observable=ZIIIIIIIIIIIII  computing ground truth (PennyLane default.qubit)...
    · [   0.0s]  ground_truth = -1.000000
    » [23:34:14]  (#8) 14q / 7_Clifford+T_019 / noisy_vanilla  starting...
    ✓ [   5.2s]  (#8) 14q / 7_Clifford+T_019 / noisy_vanilla
    » [23:34:19]  (#8) 14q / 7_Clifford+T_019 / cut_divided_budget  starting...
/raid/g.bisicchia/cut_and_inc/env/lib/python3.10/site-packages/pennylane/qcut/cutstrategy.py:367: UserWarning: The numer of partition attempts seems high (41).
  warnings.warn(f"The numer of partition attempts seems high ({len(ks)}).")
    ✗ [  19.4s]  (#8) 14q / 7_Clifford+T_019 / cut_divided_budget  --  The opt_einsum package is required when use_opt_einsum is set to True in the contract_tensors function. This package can be installed using:
pip install opt_einsum
ERROR:cuttable-circuit-benchmark:7_Clifford+T_019 / cut_divided_budget failed: The opt_einsum package is required when use_opt_einsum is set to True in the contract_tensors function. This package can be installed using:
pip install opt_einsum
Traceback (most recent call last):
  File "/raid/g.bisicchia/cut_and_inc/env/lib/python3.10/site-packages/pennylane/qcut/processing.py", line 309, in contract_tensors
    from opt_einsum import contract, get_symbol
ModuleNotFoundError: No module named 'opt_einsum'

The above exception was the direct cause of the following exception:

Traceback (most recent call last):
  File "/raid/g.bisicchia/cut_and_inc/main_new_new.py", line 2501, in _run_circuit
    _run_one_mode_sandboxed(
  File "/raid/g.bisicchia/cut_and_inc/main_new_new.py", line 2379, in _run_one_mode_sandboxed
    _run_one_mode(mode, spec, args, ib, nb, circuit_dir, perf_exp_val, noisy_value)
  File "/raid/g.bisicchia/cut_and_inc/main_new_new.py", line 2414, in _run_one_mode
    payload = _dispatch_mode(mode, spec, args, ideal_backend, noisy_backend, perf_exp_val)
  File "/raid/g.bisicchia/cut_and_inc/main_new_new.py", line 2303, in _dispatch_mode
    return run_cutting(
  File "/raid/g.bisicchia/cut_and_inc/main_new_new.py", line 1396, in run_cutting
    result_value = sew(expvals, sew_data)
  File "/raid/g.bisicchia/cut_and_inc/main_new_new.py", line 606, in sew
    value = qml.qcut.qcut_processing_fn(
  File "/raid/g.bisicchia/cut_and_inc/env/lib/python3.10/site-packages/pennylane/qcut/processing.py", line 78, in qcut_processing_fn
    result = contract_tensors(
  File "/raid/g.bisicchia/cut_and_inc/env/lib/python3.10/site-packages/pennylane/qcut/processing.py", line 311, in contract_tensors
    raise ImportError(
ImportError: The opt_einsum package is required when use_opt_einsum is set to True in the contract_tensors function. This package can be installed using:
pip install opt_einsum
    » [23:34:39]  (#8) 14q / 7_Clifford+T_019 / cut_qubit_prop  starting...
    ✗ [  18.0s]  (#8) 14q / 7_Clifford+T_019 / cut_qubit_prop  --  The opt_einsum package is required when use_opt_einsum is set to True in the contract_tensors function. This package can be installed using:
pip install opt_einsum
ERROR:cuttable-circuit-benchmark:7_Clifford+T_019 / cut_qubit_prop failed: The opt_einsum package is required when use_opt_einsum is set to True in the contract_tensors function. This package can be installed using:
pip install opt_einsum
Traceback (most recent call last):
  File "/raid/g.bisicchia/cut_and_inc/env/lib/python3.10/site-packages/pennylane/qcut/processing.py", line 309, in contract_tensors
    from opt_einsum import contract, get_symbol
ModuleNotFoundError: No module named 'opt_einsum'

The above exception was the direct cause of the following exception:

Traceback (most recent call last):
  File "/raid/g.bisicchia/cut_and_inc/main_new_new.py", line 2501, in _run_circuit
    _run_one_mode_sandboxed(
  File "/raid/g.bisicchia/cut_and_inc/main_new_new.py", line 2379, in _run_one_mode_sandboxed
    _run_one_mode(mode, spec, args, ib, nb, circuit_dir, perf_exp_val, noisy_value)
  File "/raid/g.bisicchia/cut_and_inc/main_new_new.py", line 2414, in _run_one_mode
    payload = _dispatch_mode(mode, spec, args, ideal_backend, noisy_backend, perf_exp_val)
  File "/raid/g.bisicchia/cut_and_inc/main_new_new.py", line 2303, in _dispatch_mode
    return run_cutting(
  File "/raid/g.bisicchia/cut_and_inc/main_new_new.py", line 1396, in run_cutting
    result_value = sew(expvals, sew_data)
  File "/raid/g.bisicchia/cut_and_inc/main_new_new.py", line 606, in sew
    value = qml.qcut.qcut_processing_fn(
  File "/raid/g.bisicchia/cut_and_inc/env/lib/python3.10/site-packages/pennylane/qcut/processing.py", line 78, in qcut_processing_fn
    result = contract_tensors(
  File "/raid/g.bisicchia/cut_and_inc/env/lib/python3.10/site-packages/pennylane/qcut/processing.py", line 311, in contract_tensors
    raise ImportError(
ImportError: The opt_einsum package is required when use_opt_einsum is set to True in the contract_tensors function. This package can be installed using:
pip install opt_einsum
    » [23:34:57]  (#8) 14q / 7_Clifford+T_019 / cut_incremental_budget  starting...
    ✗ [ 499.9s]  (#8) 14q / 7_Clifford+T_019 / cut_incremental_budget  --  The opt_einsum package is required when use_opt_einsum is set to True in the contract_tensors function. This package can be installed using:
pip install opt_einsum
ERROR:cuttable-circuit-benchmark:7_Clifford+T_019 / cut_incremental_budget failed: The opt_einsum package is required when use_opt_einsum is set to True in the contract_tensors function. This package can be installed using:
pip install opt_einsum
Traceback (most recent call last):
  File "/raid/g.bisicchia/cut_and_inc/env/lib/python3.10/site-packages/pennylane/qcut/processing.py", line 309, in contract_tensors
    from opt_einsum import contract, get_symbol
ModuleNotFoundError: No module named 'opt_einsum'

The above exception was the direct cause of the following exception:

Traceback (most recent call last):
  File "/raid/g.bisicchia/cut_and_inc/main_new_new.py", line 2501, in _run_circuit
    _run_one_mode_sandboxed(
  File "/raid/g.bisicchia/cut_and_inc/main_new_new.py", line 2379, in _run_one_mode_sandboxed
    _run_one_mode(mode, spec, args, ib, nb, circuit_dir, perf_exp_val, noisy_value)
  File "/raid/g.bisicchia/cut_and_inc/main_new_new.py", line 2414, in _run_one_mode
    payload = _dispatch_mode(mode, spec, args, ideal_backend, noisy_backend, perf_exp_val)
  File "/raid/g.bisicchia/cut_and_inc/main_new_new.py", line 2310, in _dispatch_mode
    return run_cutting_incremental(
  File "/raid/g.bisicchia/cut_and_inc/main_new_new.py", line 1578, in run_cutting_incremental
    result_value = sew(expvals, sew_data)
  File "/raid/g.bisicchia/cut_and_inc/main_new_new.py", line 606, in sew
    value = qml.qcut.qcut_processing_fn(
  File "/raid/g.bisicchia/cut_and_inc/env/lib/python3.10/site-packages/pennylane/qcut/processing.py", line 78, in qcut_processing_fn
    result = contract_tensors(
  File "/raid/g.bisicchia/cut_and_inc/env/lib/python3.10/site-packages/pennylane/qcut/processing.py", line 311, in contract_tensors
    raise ImportError(
ImportError: The opt_einsum package is required when use_opt_einsum is set to True in the contract_tensors function. This package can be installed using:
pip install opt_einsum
    » [23:43:17]  (#8) 14q / 7_Clifford+T_019 / cut_incremental_qubit_prop  starting...
    ✗ [ 653.7s]  (#8) 14q / 7_Clifford+T_019 / cut_incremental_qubit_prop  --  The opt_einsum package is required when use_opt_einsum is set to True in the contract_tensors function. This package can be installed using:
pip install opt_einsum
ERROR:cuttable-circuit-benchmark:7_Clifford+T_019 / cut_incremental_qubit_prop failed: The opt_einsum package is required when use_opt_einsum is set to True in the contract_tensors function. This package can be installed using:
pip install opt_einsum
Traceback (most recent call last):
  File "/raid/g.bisicchia/cut_and_inc/env/lib/python3.10/site-packages/pennylane/qcut/processing.py", line 309, in contract_tensors
    from opt_einsum import contract, get_symbol
ModuleNotFoundError: No module named 'opt_einsum'

The above exception was the direct cause of the following exception:

Traceback (most recent call last):
  File "/raid/g.bisicchia/cut_and_inc/main_new_new.py", line 2501, in _run_circuit
    _run_one_mode_sandboxed(
  File "/raid/g.bisicchia/cut_and_inc/main_new_new.py", line 2379, in _run_one_mode_sandboxed
    _run_one_mode(mode, spec, args, ib, nb, circuit_dir, perf_exp_val, noisy_value)
  File "/raid/g.bisicchia/cut_and_inc/main_new_new.py", line 2414, in _run_one_mode
    payload = _dispatch_mode(mode, spec, args, ideal_backend, noisy_backend, perf_exp_val)
  File "/raid/g.bisicchia/cut_and_inc/main_new_new.py", line 2310, in _dispatch_mode
    return run_cutting_incremental(
  File "/raid/g.bisicchia/cut_and_inc/main_new_new.py", line 1578, in run_cutting_incremental
    result_value = sew(expvals, sew_data)
  File "/raid/g.bisicchia/cut_and_inc/main_new_new.py", line 606, in sew
    value = qml.qcut.qcut_processing_fn(
  File "/raid/g.bisicchia/cut_and_inc/env/lib/python3.10/site-packages/pennylane/qcut/processing.py", line 78, in qcut_processing_fn
    result = contract_tensors(
  File "/raid/g.bisicchia/cut_and_inc/env/lib/python3.10/site-packages/pennylane/qcut/processing.py", line 311, in contract_tensors
    raise ImportError(
ImportError: The opt_einsum package is required when use_opt_einsum is set to True in the contract_tensors function. This package can be installed using:
pip install opt_einsum

[9/10] 14q / 8_Clifford+T_022  observable: ZIIIIIIIIIIIII
    » [23:54:10]  14q / 8_Clifford+T_022  observable=ZIIIIIIIIIIIII  computing ground truth (PennyLane default.qubit)...
    · [   0.0s]  ground_truth = 0.000000
    » [23:54:10]  (#9) 14q / 8_Clifford+T_022 / noisy_vanilla  starting...
    ✓ [   5.1s]  (#9) 14q / 8_Clifford+T_022 / noisy_vanilla
    » [23:54:16]  (#9) 14q / 8_Clifford+T_022 / cut_divided_budget  starting...
/raid/g.bisicchia/cut_and_inc/env/lib/python3.10/site-packages/pennylane/qcut/cutstrategy.py:367: UserWarning: The numer of partition attempts seems high (40).
  warnings.warn(f"The numer of partition attempts seems high ({len(ks)}).")
    ✗ [  17.3s]  (#9) 14q / 8_Clifford+T_022 / cut_divided_budget  --  The opt_einsum package is required when use_opt_einsum is set to True in the contract_tensors function. This package can be installed using:
pip install opt_einsum
ERROR:cuttable-circuit-benchmark:8_Clifford+T_022 / cut_divided_budget failed: The opt_einsum package is required when use_opt_einsum is set to True in the contract_tensors function. This package can be installed using:
pip install opt_einsum
Traceback (most recent call last):
  File "/raid/g.bisicchia/cut_and_inc/env/lib/python3.10/site-packages/pennylane/qcut/processing.py", line 309, in contract_tensors
    from opt_einsum import contract, get_symbol
ModuleNotFoundError: No module named 'opt_einsum'

The above exception was the direct cause of the following exception:

Traceback (most recent call last):
  File "/raid/g.bisicchia/cut_and_inc/main_new_new.py", line 2501, in _run_circuit
    _run_one_mode_sandboxed(
  File "/raid/g.bisicchia/cut_and_inc/main_new_new.py", line 2379, in _run_one_mode_sandboxed
    _run_one_mode(mode, spec, args, ib, nb, circuit_dir, perf_exp_val, noisy_value)
  File "/raid/g.bisicchia/cut_and_inc/main_new_new.py", line 2414, in _run_one_mode
    payload = _dispatch_mode(mode, spec, args, ideal_backend, noisy_backend, perf_exp_val)
  File "/raid/g.bisicchia/cut_and_inc/main_new_new.py", line 2303, in _dispatch_mode
    return run_cutting(
  File "/raid/g.bisicchia/cut_and_inc/main_new_new.py", line 1396, in run_cutting
    result_value = sew(expvals, sew_data)
  File "/raid/g.bisicchia/cut_and_inc/main_new_new.py", line 606, in sew
    value = qml.qcut.qcut_processing_fn(
  File "/raid/g.bisicchia/cut_and_inc/env/lib/python3.10/site-packages/pennylane/qcut/processing.py", line 78, in qcut_processing_fn
    result = contract_tensors(
  File "/raid/g.bisicchia/cut_and_inc/env/lib/python3.10/site-packages/pennylane/qcut/processing.py", line 311, in contract_tensors
    raise ImportError(
ImportError: The opt_einsum package is required when use_opt_einsum is set to True in the contract_tensors function. This package can be installed using:
pip install opt_einsum
    » [23:54:33]  (#9) 14q / 8_Clifford+T_022 / cut_qubit_prop  starting...
    ✗ [  15.9s]  (#9) 14q / 8_Clifford+T_022 / cut_qubit_prop  --  The opt_einsum package is required when use_opt_einsum is set to True in the contract_tensors function. This package can be installed using:
pip install opt_einsum
ERROR:cuttable-circuit-benchmark:8_Clifford+T_022 / cut_qubit_prop failed: The opt_einsum package is required when use_opt_einsum is set to True in the contract_tensors function. This package can be installed using:
pip install opt_einsum
Traceback (most recent call last):
  File "/raid/g.bisicchia/cut_and_inc/env/lib/python3.10/site-packages/pennylane/qcut/processing.py", line 309, in contract_tensors
    from opt_einsum import contract, get_symbol
ModuleNotFoundError: No module named 'opt_einsum'

The above exception was the direct cause of the following exception:

Traceback (most recent call last):
  File "/raid/g.bisicchia/cut_and_inc/main_new_new.py", line 2501, in _run_circuit
    _run_one_mode_sandboxed(
  File "/raid/g.bisicchia/cut_and_inc/main_new_new.py", line 2379, in _run_one_mode_sandboxed
    _run_one_mode(mode, spec, args, ib, nb, circuit_dir, perf_exp_val, noisy_value)
  File "/raid/g.bisicchia/cut_and_inc/main_new_new.py", line 2414, in _run_one_mode
    payload = _dispatch_mode(mode, spec, args, ideal_backend, noisy_backend, perf_exp_val)
  File "/raid/g.bisicchia/cut_and_inc/main_new_new.py", line 2303, in _dispatch_mode
    return run_cutting(
  File "/raid/g.bisicchia/cut_and_inc/main_new_new.py", line 1396, in run_cutting
    result_value = sew(expvals, sew_data)
  File "/raid/g.bisicchia/cut_and_inc/main_new_new.py", line 606, in sew
    value = qml.qcut.qcut_processing_fn(
  File "/raid/g.bisicchia/cut_and_inc/env/lib/python3.10/site-packages/pennylane/qcut/processing.py", line 78, in qcut_processing_fn
    result = contract_tensors(
  File "/raid/g.bisicchia/cut_and_inc/env/lib/python3.10/site-packages/pennylane/qcut/processing.py", line 311, in contract_tensors
    raise ImportError(
ImportError: The opt_einsum package is required when use_opt_einsum is set to True in the contract_tensors function. This package can be installed using:
pip install opt_einsum
    » [23:54:49]  (#9) 14q / 8_Clifford+T_022 / cut_incremental_budget  starting...
    ✗ [ 547.9s]  (#9) 14q / 8_Clifford+T_022 / cut_incremental_budget  --  The opt_einsum package is required when use_opt_einsum is set to True in the contract_tensors function. This package can be installed using:
pip install opt_einsum
ERROR:cuttable-circuit-benchmark:8_Clifford+T_022 / cut_incremental_budget failed: The opt_einsum package is required when use_opt_einsum is set to True in the contract_tensors function. This package can be installed using:
pip install opt_einsum
Traceback (most recent call last):
  File "/raid/g.bisicchia/cut_and_inc/env/lib/python3.10/site-packages/pennylane/qcut/processing.py", line 309, in contract_tensors
    from opt_einsum import contract, get_symbol
ModuleNotFoundError: No module named 'opt_einsum'

The above exception was the direct cause of the following exception:

Traceback (most recent call last):
  File "/raid/g.bisicchia/cut_and_inc/main_new_new.py", line 2501, in _run_circuit
    _run_one_mode_sandboxed(
  File "/raid/g.bisicchia/cut_and_inc/main_new_new.py", line 2379, in _run_one_mode_sandboxed
    _run_one_mode(mode, spec, args, ib, nb, circuit_dir, perf_exp_val, noisy_value)
  File "/raid/g.bisicchia/cut_and_inc/main_new_new.py", line 2414, in _run_one_mode
    payload = _dispatch_mode(mode, spec, args, ideal_backend, noisy_backend, perf_exp_val)
  File "/raid/g.bisicchia/cut_and_inc/main_new_new.py", line 2310, in _dispatch_mode
    return run_cutting_incremental(
  File "/raid/g.bisicchia/cut_and_inc/main_new_new.py", line 1578, in run_cutting_incremental
    result_value = sew(expvals, sew_data)
  File "/raid/g.bisicchia/cut_and_inc/main_new_new.py", line 606, in sew
    value = qml.qcut.qcut_processing_fn(
  File "/raid/g.bisicchia/cut_and_inc/env/lib/python3.10/site-packages/pennylane/qcut/processing.py", line 78, in qcut_processing_fn
    result = contract_tensors(
  File "/raid/g.bisicchia/cut_and_inc/env/lib/python3.10/site-packages/pennylane/qcut/processing.py", line 311, in contract_tensors
    raise ImportError(
ImportError: The opt_einsum package is required when use_opt_einsum is set to True in the contract_tensors function. This package can be installed using:
pip install opt_einsum
    » [00:03:57]  (#9) 14q / 8_Clifford+T_022 / cut_incremental_qubit_prop  starting...
    ✗ [ 612.8s]  (#9) 14q / 8_Clifford+T_022 / cut_incremental_qubit_prop  --  The opt_einsum package is required when use_opt_einsum is set to True in the contract_tensors function. This package can be installed using:
pip install opt_einsum
ERROR:cuttable-circuit-benchmark:8_Clifford+T_022 / cut_incremental_qubit_prop failed: The opt_einsum package is required when use_opt_einsum is set to True in the contract_tensors function. This package can be installed using:
pip install opt_einsum
Traceback (most recent call last):
  File "/raid/g.bisicchia/cut_and_inc/env/lib/python3.10/site-packages/pennylane/qcut/processing.py", line 309, in contract_tensors
    from opt_einsum import contract, get_symbol
ModuleNotFoundError: No module named 'opt_einsum'

The above exception was the direct cause of the following exception:

Traceback (most recent call last):
  File "/raid/g.bisicchia/cut_and_inc/main_new_new.py", line 2501, in _run_circuit
    _run_one_mode_sandboxed(
  File "/raid/g.bisicchia/cut_and_inc/main_new_new.py", line 2379, in _run_one_mode_sandboxed
    _run_one_mode(mode, spec, args, ib, nb, circuit_dir, perf_exp_val, noisy_value)
  File "/raid/g.bisicchia/cut_and_inc/main_new_new.py", line 2414, in _run_one_mode
    payload = _dispatch_mode(mode, spec, args, ideal_backend, noisy_backend, perf_exp_val)
  File "/raid/g.bisicchia/cut_and_inc/main_new_new.py", line 2310, in _dispatch_mode
    return run_cutting_incremental(
  File "/raid/g.bisicchia/cut_and_inc/main_new_new.py", line 1578, in run_cutting_incremental
    result_value = sew(expvals, sew_data)
  File "/raid/g.bisicchia/cut_and_inc/main_new_new.py", line 606, in sew
    value = qml.qcut.qcut_processing_fn(
  File "/raid/g.bisicchia/cut_and_inc/env/lib/python3.10/site-packages/pennylane/qcut/processing.py", line 78, in qcut_processing_fn
    result = contract_tensors(
  File "/raid/g.bisicchia/cut_and_inc/env/lib/python3.10/site-packages/pennylane/qcut/processing.py", line 311, in contract_tensors
    raise ImportError(
ImportError: The opt_einsum package is required when use_opt_einsum is set to True in the contract_tensors function. This package can be installed using:
pip install opt_einsum

[10/10] 14q / 9_Clifford+T_026  observable: ZIIIIIIIIIIIII
    » [00:14:09]  14q / 9_Clifford+T_026  observable=ZIIIIIIIIIIIII  computing ground truth (PennyLane default.qubit)...
    · [   0.0s]  ground_truth = 1.000000
    » [00:14:09]  (#10) 14q / 9_Clifford+T_026 / noisy_vanilla  starting...
    ✓ [   4.3s]  (#10) 14q / 9_Clifford+T_026 / noisy_vanilla
    » [00:14:14]  (#10) 14q / 9_Clifford+T_026 / cut_divided_budget  starting...
/raid/g.bisicchia/cut_and_inc/env/lib/python3.10/site-packages/pennylane/qcut/cutstrategy.py:367: UserWarning: The numer of partition attempts seems high (40).
  warnings.warn(f"The numer of partition attempts seems high ({len(ks)}).")
    ✗ [  17.6s]  (#10) 14q / 9_Clifford+T_026 / cut_divided_budget  --  The opt_einsum package is required when use_opt_einsum is set to True in the contract_tensors function. This package can be installed using:
pip install opt_einsum
ERROR:cuttable-circuit-benchmark:9_Clifford+T_026 / cut_divided_budget failed: The opt_einsum package is required when use_opt_einsum is set to True in the contract_tensors function. This package can be installed using:
pip install opt_einsum
Traceback (most recent call last):
  File "/raid/g.bisicchia/cut_and_inc/env/lib/python3.10/site-packages/pennylane/qcut/processing.py", line 309, in contract_tensors
    from opt_einsum import contract, get_symbol
ModuleNotFoundError: No module named 'opt_einsum'

The above exception was the direct cause of the following exception:

Traceback (most recent call last):
  File "/raid/g.bisicchia/cut_and_inc/main_new_new.py", line 2501, in _run_circuit
    _run_one_mode_sandboxed(
  File "/raid/g.bisicchia/cut_and_inc/main_new_new.py", line 2379, in _run_one_mode_sandboxed
    _run_one_mode(mode, spec, args, ib, nb, circuit_dir, perf_exp_val, noisy_value)
  File "/raid/g.bisicchia/cut_and_inc/main_new_new.py", line 2414, in _run_one_mode
    payload = _dispatch_mode(mode, spec, args, ideal_backend, noisy_backend, perf_exp_val)
  File "/raid/g.bisicchia/cut_and_inc/main_new_new.py", line 2303, in _dispatch_mode
    return run_cutting(
  File "/raid/g.bisicchia/cut_and_inc/main_new_new.py", line 1396, in run_cutting
    result_value = sew(expvals, sew_data)
  File "/raid/g.bisicchia/cut_and_inc/main_new_new.py", line 606, in sew
    value = qml.qcut.qcut_processing_fn(
  File "/raid/g.bisicchia/cut_and_inc/env/lib/python3.10/site-packages/pennylane/qcut/processing.py", line 78, in qcut_processing_fn
    result = contract_tensors(
  File "/raid/g.bisicchia/cut_and_inc/env/lib/python3.10/site-packages/pennylane/qcut/processing.py", line 311, in contract_tensors
    raise ImportError(
ImportError: The opt_einsum package is required when use_opt_einsum is set to True in the contract_tensors function. This package can be installed using:
pip install opt_einsum
    » [00:14:31]  (#10) 14q / 9_Clifford+T_026 / cut_qubit_prop  starting...
    ✗ [  13.5s]  (#10) 14q / 9_Clifford+T_026 / cut_qubit_prop  --  The opt_einsum package is required when use_opt_einsum is set to True in the contract_tensors function. This package can be installed using:
pip install opt_einsum
ERROR:cuttable-circuit-benchmark:9_Clifford+T_026 / cut_qubit_prop failed: The opt_einsum package is required when use_opt_einsum is set to True in the contract_tensors function. This package can be installed using:
pip install opt_einsum
Traceback (most recent call last):
  File "/raid/g.bisicchia/cut_and_inc/env/lib/python3.10/site-packages/pennylane/qcut/processing.py", line 309, in contract_tensors
    from opt_einsum import contract, get_symbol
ModuleNotFoundError: No module named 'opt_einsum'

The above exception was the direct cause of the following exception:

Traceback (most recent call last):
  File "/raid/g.bisicchia/cut_and_inc/main_new_new.py", line 2501, in _run_circuit
    _run_one_mode_sandboxed(
  File "/raid/g.bisicchia/cut_and_inc/main_new_new.py", line 2379, in _run_one_mode_sandboxed
    _run_one_mode(mode, spec, args, ib, nb, circuit_dir, perf_exp_val, noisy_value)
  File "/raid/g.bisicchia/cut_and_inc/main_new_new.py", line 2414, in _run_one_mode
    payload = _dispatch_mode(mode, spec, args, ideal_backend, noisy_backend, perf_exp_val)
  File "/raid/g.bisicchia/cut_and_inc/main_new_new.py", line 2303, in _dispatch_mode
    return run_cutting(
  File "/raid/g.bisicchia/cut_and_inc/main_new_new.py", line 1396, in run_cutting
    result_value = sew(expvals, sew_data)
  File "/raid/g.bisicchia/cut_and_inc/main_new_new.py", line 606, in sew
    value = qml.qcut.qcut_processing_fn(
  File "/raid/g.bisicchia/cut_and_inc/env/lib/python3.10/site-packages/pennylane/qcut/processing.py", line 78, in qcut_processing_fn
    result = contract_tensors(
  File "/raid/g.bisicchia/cut_and_inc/env/lib/python3.10/site-packages/pennylane/qcut/processing.py", line 311, in contract_tensors
    raise ImportError(
ImportError: The opt_einsum package is required when use_opt_einsum is set to True in the contract_tensors function. This package can be installed using:
pip install opt_einsum
    » [00:14:45]  (#10) 14q / 9_Clifford+T_026 / cut_incremental_budget  starting...
    ✗ [ 590.2s]  (#10) 14q / 9_Clifford+T_026 / cut_incremental_budget  --  The opt_einsum package is required when use_opt_einsum is set to True in the contract_tensors function. This package can be installed using:
pip install opt_einsum
ERROR:cuttable-circuit-benchmark:9_Clifford+T_026 / cut_incremental_budget failed: The opt_einsum package is required when use_opt_einsum is set to True in the contract_tensors function. This package can be installed using:
pip install opt_einsum
Traceback (most recent call last):
  File "/raid/g.bisicchia/cut_and_inc/env/lib/python3.10/site-packages/pennylane/qcut/processing.py", line 309, in contract_tensors
    from opt_einsum import contract, get_symbol
ModuleNotFoundError: No module named 'opt_einsum'

The above exception was the direct cause of the following exception:

Traceback (most recent call last):
  File "/raid/g.bisicchia/cut_and_inc/main_new_new.py", line 2501, in _run_circuit
    _run_one_mode_sandboxed(
  File "/raid/g.bisicchia/cut_and_inc/main_new_new.py", line 2379, in _run_one_mode_sandboxed
    _run_one_mode(mode, spec, args, ib, nb, circuit_dir, perf_exp_val, noisy_value)
  File "/raid/g.bisicchia/cut_and_inc/main_new_new.py", line 2414, in _run_one_mode
    payload = _dispatch_mode(mode, spec, args, ideal_backend, noisy_backend, perf_exp_val)
  File "/raid/g.bisicchia/cut_and_inc/main_new_new.py", line 2310, in _dispatch_mode
    return run_cutting_incremental(
  File "/raid/g.bisicchia/cut_and_inc/main_new_new.py", line 1578, in run_cutting_incremental
    result_value = sew(expvals, sew_data)
  File "/raid/g.bisicchia/cut_and_inc/main_new_new.py", line 606, in sew
    value = qml.qcut.qcut_processing_fn(
  File "/raid/g.bisicchia/cut_and_inc/env/lib/python3.10/site-packages/pennylane/qcut/processing.py", line 78, in qcut_processing_fn
    result = contract_tensors(
  File "/raid/g.bisicchia/cut_and_inc/env/lib/python3.10/site-packages/pennylane/qcut/processing.py", line 311, in contract_tensors
    raise ImportError(
ImportError: The opt_einsum package is required when use_opt_einsum is set to True in the contract_tensors function. This package can be installed using:
pip install opt_einsum
    » [00:24:35]  (#10) 14q / 9_Clifford+T_026 / cut_incremental_qubit_prop  starting...
    ✗ [ 598.8s]  (#10) 14q / 9_Clifford+T_026 / cut_incremental_qubit_prop  --  The opt_einsum package is required when use_opt_einsum is set to True in the contract_tensors function. This package can be installed using:
pip install opt_einsum
ERROR:cuttable-circuit-benchmark:9_Clifford+T_026 / cut_incremental_qubit_prop failed: The opt_einsum package is required when use_opt_einsum is set to True in the contract_tensors function. This package can be installed using:
pip install opt_einsum
Traceback (most recent call last):
  File "/raid/g.bisicchia/cut_and_inc/env/lib/python3.10/site-packages/pennylane/qcut/processing.py", line 309, in contract_tensors
    from opt_einsum import contract, get_symbol
ModuleNotFoundError: No module named 'opt_einsum'

The above exception was the direct cause of the following exception:

Traceback (most recent call last):
  File "/raid/g.bisicchia/cut_and_inc/main_new_new.py", line 2501, in _run_circuit
    _run_one_mode_sandboxed(
  File "/raid/g.bisicchia/cut_and_inc/main_new_new.py", line 2379, in _run_one_mode_sandboxed
    _run_one_mode(mode, spec, args, ib, nb, circuit_dir, perf_exp_val, noisy_value)
  File "/raid/g.bisicchia/cut_and_inc/main_new_new.py", line 2414, in _run_one_mode
    payload = _dispatch_mode(mode, spec, args, ideal_backend, noisy_backend, perf_exp_val)
  File "/raid/g.bisicchia/cut_and_inc/main_new_new.py", line 2310, in _dispatch_mode
    return run_cutting_incremental(
  File "/raid/g.bisicchia/cut_and_inc/main_new_new.py", line 1578, in run_cutting_incremental
    result_value = sew(expvals, sew_data)
  File "/raid/g.bisicchia/cut_and_inc/main_new_new.py", line 606, in sew
    value = qml.qcut.qcut_processing_fn(
  File "/raid/g.bisicchia/cut_and_inc/env/lib/python3.10/site-packages/pennylane/qcut/processing.py", line 78, in qcut_processing_fn
    result = contract_tensors(
  File "/raid/g.bisicchia/cut_and_inc/env/lib/python3.10/site-packages/pennylane/qcut/processing.py", line 311, in contract_tensors
    raise ImportError(
ImportError: The opt_einsum package is required when use_opt_einsum is set to True in the contract_tensors function. This package can be installed using:
pip install opt_einsum

============================================================
  Finished :   10  mode runs
  Failed   :   40  mode runs
============================================================

Merged CSV -> results/new/stable_shots_runs/20000_shots/kyoto/14_qubits/summary.csv
Run log    -> results/new/stable_shots_runs/20000_shots/kyoto/14_qubits/run.log
Per-mode JSON -> results/new/stable_shots_runs/20000_shots/kyoto/14_qubits/<qubits>q/<circuit>/<mode>.json
[mer 10 giu 2026, 00:34:35, CEST] Finished 14 qubits | shots=20000 | backend=aer.fake_kyoto
