[Thu Jun 18 07:52:33 AM UTC 2026] Starting 12 qubits | shots=20000 | backend=aer.fake_sherbrooke
[Thu Jun 18 07:52:33 AM UTC 2026] Per-job memory limit: 7GB virtual memory

[1/10] 12q / 0_Clifford+T_001  observable: ZIIIIIIIIIII
/home/local/ADUNIPI/a044855/cutandinc/newcut/lib/python3.12/site-packages/qiskit_ibm_runtime/fake_provider/backends/nighthawk/fake_nighthawk.py:76: UserWarning: Properties of fake_nighthawk are not intended to represent typical nighthawk error values.
  warnings.warn(
    » [07:52:40]  12q / 0_Clifford+T_001  observable=ZIIIIIIIIIII  computing ground truth (PennyLane default.qubit)...
    · [   0.7s]  ground_truth = 0.000000
    » [07:52:41]  (#1) 12q / 0_Clifford+T_001 / noisy_vanilla  starting...
    ✓ [   8.7s]  (#1) 12q / 0_Clifford+T_001 / noisy_vanilla
    » [07:52:50]  (#1) 12q / 0_Clifford+T_001 / cut_divided_budget  starting...
/home/local/ADUNIPI/a044855/cutandinc/newcut/lib/python3.12/site-packages/pennylane/qcut/cutstrategy.py:367: UserWarning: The number of partition attempts seems high (40).
  warnings.warn(f"The number of partition attempts seems high ({len(ks)}).")
    ✓ [  22.3s]  (#1) 12q / 0_Clifford+T_001 / cut_divided_budget
    » [07:53:12]  (#1) 12q / 0_Clifford+T_001 / cut_qubit_prop  starting...
    ✓ [  10.6s]  (#1) 12q / 0_Clifford+T_001 / cut_qubit_prop
    » [07:53:23]  (#1) 12q / 0_Clifford+T_001 / cut_incremental_budget  starting...
    ✓ [ 237.1s]  (#1) 12q / 0_Clifford+T_001 / cut_incremental_budget
    » [07:57:20]  (#1) 12q / 0_Clifford+T_001 / cut_incremental_qubit_prop  starting...
    ✓ [ 238.3s]  (#1) 12q / 0_Clifford+T_001 / cut_incremental_qubit_prop

[2/10] 12q / 1_Clifford+T_002  observable: ZIIIIIIIIIII
    » [08:01:18]  12q / 1_Clifford+T_002  observable=ZIIIIIIIIIII  computing ground truth (PennyLane default.qubit)...
    · [   0.2s]  ground_truth = 1.000000
    » [08:01:18]  (#2) 12q / 1_Clifford+T_002 / noisy_vanilla  starting...
    ✓ [   9.2s]  (#2) 12q / 1_Clifford+T_002 / noisy_vanilla
    » [08:01:27]  (#2) 12q / 1_Clifford+T_002 / cut_divided_budget  starting...
/home/local/ADUNIPI/a044855/cutandinc/newcut/lib/python3.12/site-packages/pennylane/qcut/cutstrategy.py:367: UserWarning: The number of partition attempts seems high (40).
  warnings.warn(f"The number of partition attempts seems high ({len(ks)}).")
    ✓ [  57.4s]  (#2) 12q / 1_Clifford+T_002 / cut_divided_budget
    » [08:02:25]  (#2) 12q / 1_Clifford+T_002 / cut_qubit_prop  starting...
    ✓ [  56.2s]  (#2) 12q / 1_Clifford+T_002 / cut_qubit_prop
    » [08:03:21]  (#2) 12q / 1_Clifford+T_002 / cut_incremental_budget  starting...
    ✓ [ 747.7s]  (#2) 12q / 1_Clifford+T_002 / cut_incremental_budget
    » [08:15:49]  (#2) 12q / 1_Clifford+T_002 / cut_incremental_qubit_prop  starting...
    ✓ [ 906.6s]  (#2) 12q / 1_Clifford+T_002 / cut_incremental_qubit_prop

[3/10] 12q / 2_Clifford+T_004  observable: ZIIIIIIIIIII
    » [08:30:55]  12q / 2_Clifford+T_004  observable=ZIIIIIIIIIII  computing ground truth (PennyLane default.qubit)...
    · [   0.0s]  ground_truth = 1.000000
    » [08:30:55]  (#3) 12q / 2_Clifford+T_004 / noisy_vanilla  starting...
    ✓ [  19.0s]  (#3) 12q / 2_Clifford+T_004 / noisy_vanilla
    » [08:31:14]  (#3) 12q / 2_Clifford+T_004 / cut_divided_budget  starting...
/home/local/ADUNIPI/a044855/cutandinc/newcut/lib/python3.12/site-packages/pennylane/qcut/cutstrategy.py:367: UserWarning: The number of partition attempts seems high (40).
  warnings.warn(f"The number of partition attempts seems high ({len(ks)}).")
    ✓ [  38.6s]  (#3) 12q / 2_Clifford+T_004 / cut_divided_budget
    » [08:31:53]  (#3) 12q / 2_Clifford+T_004 / cut_qubit_prop  starting...
    ✓ [  31.8s]  (#3) 12q / 2_Clifford+T_004 / cut_qubit_prop
    » [08:32:25]  (#3) 12q / 2_Clifford+T_004 / cut_incremental_budget  starting...
    ✓ [ 356.5s]  (#3) 12q / 2_Clifford+T_004 / cut_incremental_budget
    » [08:38:21]  (#3) 12q / 2_Clifford+T_004 / cut_incremental_qubit_prop  starting...
    ✓ [ 338.1s]  (#3) 12q / 2_Clifford+T_004 / cut_incremental_qubit_prop

[4/10] 12q / 3_Clifford+T_006  observable: ZIIIIIIIIIII
    » [08:43:59]  12q / 3_Clifford+T_006  observable=ZIIIIIIIIIII  computing ground truth (PennyLane default.qubit)...
    · [   0.0s]  ground_truth = 1.000000
    » [08:43:59]  (#4) 12q / 3_Clifford+T_006 / noisy_vanilla  starting...
    ✓ [  15.6s]  (#4) 12q / 3_Clifford+T_006 / noisy_vanilla
    » [08:44:15]  (#4) 12q / 3_Clifford+T_006 / cut_divided_budget  starting...
/home/local/ADUNIPI/a044855/cutandinc/newcut/lib/python3.12/site-packages/pennylane/qcut/cutstrategy.py:367: UserWarning: The number of partition attempts seems high (40).
  warnings.warn(f"The number of partition attempts seems high ({len(ks)}).")
    ✓ [  28.6s]  (#4) 12q / 3_Clifford+T_006 / cut_divided_budget
    » [08:44:43]  (#4) 12q / 3_Clifford+T_006 / cut_qubit_prop  starting...
    ✓ [  17.0s]  (#4) 12q / 3_Clifford+T_006 / cut_qubit_prop
    » [08:45:01]  (#4) 12q / 3_Clifford+T_006 / cut_incremental_budget  starting...
    ✓ [ 278.8s]  (#4) 12q / 3_Clifford+T_006 / cut_incremental_budget
    » [08:49:39]  (#4) 12q / 3_Clifford+T_006 / cut_incremental_qubit_prop  starting...
    ✓ [ 296.1s]  (#4) 12q / 3_Clifford+T_006 / cut_incremental_qubit_prop

[5/10] 12q / 4_Clifford+T_011  observable: ZIIIIIIIIIII
    » [08:54:35]  12q / 4_Clifford+T_011  observable=ZIIIIIIIIIII  computing ground truth (PennyLane default.qubit)...
    · [   0.0s]  ground_truth = 0.000000
    » [08:54:35]  (#5) 12q / 4_Clifford+T_011 / noisy_vanilla  starting...
    ✓ [  19.3s]  (#5) 12q / 4_Clifford+T_011 / noisy_vanilla
    » [08:54:55]  (#5) 12q / 4_Clifford+T_011 / cut_divided_budget  starting...
/home/local/ADUNIPI/a044855/cutandinc/newcut/lib/python3.12/site-packages/pennylane/qcut/cutstrategy.py:367: UserWarning: The number of partition attempts seems high (40).
  warnings.warn(f"The number of partition attempts seems high ({len(ks)}).")
    ✓ [  94.2s]  (#5) 12q / 4_Clifford+T_011 / cut_divided_budget
    » [08:56:29]  (#5) 12q / 4_Clifford+T_011 / cut_qubit_prop  starting...
    ✓ [ 102.4s]  (#5) 12q / 4_Clifford+T_011 / cut_qubit_prop
    » [08:58:11]  (#5) 12q / 4_Clifford+T_011 / cut_incremental_budget  starting...
    ✓ [ 774.7s]  (#5) 12q / 4_Clifford+T_011 / cut_incremental_budget
    » [09:11:06]  (#5) 12q / 4_Clifford+T_011 / cut_incremental_qubit_prop  starting...
    ✓ [ 928.7s]  (#5) 12q / 4_Clifford+T_011 / cut_incremental_qubit_prop

[6/10] 12q / 5_Clifford+T_013  observable: ZIIIIIIIIIII
    » [09:26:35]  12q / 5_Clifford+T_013  observable=ZIIIIIIIIIII  computing ground truth (PennyLane default.qubit)...
    · [   0.0s]  ground_truth = 1.000000
    » [09:26:35]  (#6) 12q / 5_Clifford+T_013 / noisy_vanilla  starting...
    ✓ [  23.1s]  (#6) 12q / 5_Clifford+T_013 / noisy_vanilla
    » [09:26:58]  (#6) 12q / 5_Clifford+T_013 / cut_divided_budget  starting...
/home/local/ADUNIPI/a044855/cutandinc/newcut/lib/python3.12/site-packages/pennylane/qcut/cutstrategy.py:367: UserWarning: The number of partition attempts seems high (40).
  warnings.warn(f"The number of partition attempts seems high ({len(ks)}).")
    ✓ [  78.0s]  (#6) 12q / 5_Clifford+T_013 / cut_divided_budget
    » [09:28:16]  (#6) 12q / 5_Clifford+T_013 / cut_qubit_prop  starting...
    ✓ [  67.0s]  (#6) 12q / 5_Clifford+T_013 / cut_qubit_prop
    » [09:29:23]  (#6) 12q / 5_Clifford+T_013 / cut_incremental_budget  starting...
    ✓ [ 896.0s]  (#6) 12q / 5_Clifford+T_013 / cut_incremental_budget
    » [09:44:19]  (#6) 12q / 5_Clifford+T_013 / cut_incremental_qubit_prop  starting...
    ✓ [ 806.3s]  (#6) 12q / 5_Clifford+T_013 / cut_incremental_qubit_prop

[7/10] 12q / 6_Clifford+T_015  observable: ZIIIIIIIIIII
    » [09:57:45]  12q / 6_Clifford+T_015  observable=ZIIIIIIIIIII  computing ground truth (PennyLane default.qubit)...
    · [   0.0s]  ground_truth = 0.000000
    » [09:57:45]  (#7) 12q / 6_Clifford+T_015 / noisy_vanilla  starting...
    ✓ [  17.7s]  (#7) 12q / 6_Clifford+T_015 / noisy_vanilla
    » [09:58:03]  (#7) 12q / 6_Clifford+T_015 / cut_divided_budget  starting...
/home/local/ADUNIPI/a044855/cutandinc/newcut/lib/python3.12/site-packages/pennylane/qcut/cutstrategy.py:367: UserWarning: The number of partition attempts seems high (40).
  warnings.warn(f"The number of partition attempts seems high ({len(ks)}).")
    ✓ [  27.9s]  (#7) 12q / 6_Clifford+T_015 / cut_divided_budget
    » [09:58:31]  (#7) 12q / 6_Clifford+T_015 / cut_qubit_prop  starting...
    ✓ [  16.4s]  (#7) 12q / 6_Clifford+T_015 / cut_qubit_prop
    » [09:58:47]  (#7) 12q / 6_Clifford+T_015 / cut_incremental_budget  starting...
    ✓ [ 315.6s]  (#7) 12q / 6_Clifford+T_015 / cut_incremental_budget
    » [10:04:03]  (#7) 12q / 6_Clifford+T_015 / cut_incremental_qubit_prop  starting...
    ✓ [ 293.6s]  (#7) 12q / 6_Clifford+T_015 / cut_incremental_qubit_prop

[8/10] 12q / 7_Clifford+T_019  observable: ZIIIIIIIIIII
    » [10:08:56]  12q / 7_Clifford+T_019  observable=ZIIIIIIIIIII  computing ground truth (PennyLane default.qubit)...
    · [   0.0s]  ground_truth = 0.000000
    » [10:08:56]  (#8) 12q / 7_Clifford+T_019 / noisy_vanilla  starting...
    ✓ [  18.4s]  (#8) 12q / 7_Clifford+T_019 / noisy_vanilla
    » [10:09:15]  (#8) 12q / 7_Clifford+T_019 / cut_divided_budget  starting...
/home/local/ADUNIPI/a044855/cutandinc/newcut/lib/python3.12/site-packages/pennylane/qcut/cutstrategy.py:367: UserWarning: The number of partition attempts seems high (41).
  warnings.warn(f"The number of partition attempts seems high ({len(ks)}).")
    ✓ [  19.6s]  (#8) 12q / 7_Clifford+T_019 / cut_divided_budget
    » [10:09:34]  (#8) 12q / 7_Clifford+T_019 / cut_qubit_prop  starting...
    ✓ [   5.5s]  (#8) 12q / 7_Clifford+T_019 / cut_qubit_prop
    » [10:09:40]  (#8) 12q / 7_Clifford+T_019 / cut_incremental_budget  starting...
    ✓ [  87.6s]  (#8) 12q / 7_Clifford+T_019 / cut_incremental_budget
    » [10:11:08]  (#8) 12q / 7_Clifford+T_019 / cut_incremental_qubit_prop  starting...
    ✓ [  83.3s]  (#8) 12q / 7_Clifford+T_019 / cut_incremental_qubit_prop

[9/10] 12q / 8_Clifford+T_021  observable: ZIIIIIIIIIII
    » [10:12:31]  12q / 8_Clifford+T_021  observable=ZIIIIIIIIIII  computing ground truth (PennyLane default.qubit)...
    · [   0.0s]  ground_truth = 0.000000
    » [10:12:31]  (#9) 12q / 8_Clifford+T_021 / noisy_vanilla  starting...
    ✓ [  14.0s]  (#9) 12q / 8_Clifford+T_021 / noisy_vanilla
    » [10:12:45]  (#9) 12q / 8_Clifford+T_021 / cut_divided_budget  starting...
/home/local/ADUNIPI/a044855/cutandinc/newcut/lib/python3.12/site-packages/pennylane/qcut/cutstrategy.py:367: UserWarning: The number of partition attempts seems high (40).
  warnings.warn(f"The number of partition attempts seems high ({len(ks)}).")
    ✓ [  23.8s]  (#9) 12q / 8_Clifford+T_021 / cut_divided_budget
    » [10:13:09]  (#9) 12q / 8_Clifford+T_021 / cut_qubit_prop  starting...
    ✓ [  17.1s]  (#9) 12q / 8_Clifford+T_021 / cut_qubit_prop
    » [10:13:26]  (#9) 12q / 8_Clifford+T_021 / cut_incremental_budget  starting...
    ✓ [ 286.9s]  (#9) 12q / 8_Clifford+T_021 / cut_incremental_budget
    » [10:18:13]  (#9) 12q / 8_Clifford+T_021 / cut_incremental_qubit_prop  starting...
    ✓ [ 187.9s]  (#9) 12q / 8_Clifford+T_021 / cut_incremental_qubit_prop

[10/10] 12q / 9_Clifford+T_025  observable: ZIIIIIIIIIII
    » [10:21:21]  12q / 9_Clifford+T_025  observable=ZIIIIIIIIIII  computing ground truth (PennyLane default.qubit)...
    · [   0.0s]  ground_truth = -1.000000
    » [10:21:21]  (#10) 12q / 9_Clifford+T_025 / noisy_vanilla  starting...
    ✓ [  14.2s]  (#10) 12q / 9_Clifford+T_025 / noisy_vanilla
    » [10:21:35]  (#10) 12q / 9_Clifford+T_025 / cut_divided_budget  starting...
/home/local/ADUNIPI/a044855/cutandinc/newcut/lib/python3.12/site-packages/pennylane/qcut/cutstrategy.py:367: UserWarning: The number of partition attempts seems high (40).
  warnings.warn(f"The number of partition attempts seems high ({len(ks)}).")
    ✓ [  51.7s]  (#10) 12q / 9_Clifford+T_025 / cut_divided_budget
    » [10:22:27]  (#10) 12q / 9_Clifford+T_025 / cut_qubit_prop  starting...
    ✓ [  42.5s]  (#10) 12q / 9_Clifford+T_025 / cut_qubit_prop
    » [10:23:09]  (#10) 12q / 9_Clifford+T_025 / cut_incremental_budget  starting...
    ✓ [ 768.9s]  (#10) 12q / 9_Clifford+T_025 / cut_incremental_budget
    » [10:35:58]  (#10) 12q / 9_Clifford+T_025 / cut_incremental_qubit_prop  starting...
    ✓ [ 890.9s]  (#10) 12q / 9_Clifford+T_025 / cut_incremental_qubit_prop

============================================================
  Finished :   50  mode runs
  Failed   :    0  mode runs
============================================================

Merged CSV -> results/new/stable_shots_02/20000_shots/sherbrooke/12_qubits/summary.csv
Run log    -> results/new/stable_shots_02/20000_shots/sherbrooke/12_qubits/run.log
Per-mode JSON -> results/new/stable_shots_02/20000_shots/sherbrooke/12_qubits/<qubits>q/<circuit>/<mode>.json
	Command being timed: "python main_new_new.py --circuits-pkl only_cliffordt/clif12.pkl --shots 20000 --noisy-backend aer.fake_sherbrooke --seed-simulator 42 --modes noisy_vanilla cut_divided_budget cut_qubit_prop cut_incremental_budget cut_incremental_qubit_prop --incremental-config configs/stable_shots2.json --parallel-circuits 1 --output-dir results/new/stable_shots_02/20000_shots/sherbrooke/12_qubits"
	User time (seconds): 10686.14
	System time (seconds): 12.22
	Percent of CPU this job got: 100%
	Elapsed (wall clock) time (h:mm:ss or m:ss): 2:58:17
	Average shared text size (kbytes): 0
	Average unshared data size (kbytes): 0
	Average stack size (kbytes): 0
	Average total size (kbytes): 0
	Maximum resident set size (kbytes): 721540
	Average resident set size (kbytes): 0
	Major (requiring I/O) page faults: 0
	Minor (reclaiming a frame) page faults: 2518886
	Voluntary context switches: 136471
	Involuntary context switches: 11142
	Swaps: 0
	File system inputs: 24
	File system outputs: 4640
	Socket messages sent: 0
	Socket messages received: 0
	Signals delivered: 0
	Page size (bytes): 4096
	Exit status: 0
[Thu Jun 18 10:50:50 AM UTC 2026] Finished 12 qubits | shots=20000 | backend=aer.fake_sherbrooke
