[Fri Jun 12 10:10:46 AM UTC 2026] Starting 10 qubits | shots=5000 | backend=aer.fake_sherbrooke
[Fri Jun 12 10:10:46 AM UTC 2026] Per-job memory limit: 6GB virtual memory

[1/10] 10q / 0_Clifford+T_001  observable: ZIIIIIIIII
    » [10:10:51]  10q / 0_Clifford+T_001  observable=ZIIIIIIIII  computing ground truth (PennyLane default.qubit)...
    · [   0.3s]  ground_truth = -1.000000
    » [10:10:52]  (#1) 10q / 0_Clifford+T_001 / noisy_vanilla  starting...
    » [10:10:54]  (#1) 10q / 0_Clifford+T_001 / cut_divided_budget  starting...
/home/a.brogi/cut_and_inc/env/lib/python3.10/site-packages/pennylane/qcut/cutstrategy.py:367: UserWarning: The numer of partition attempts seems high (40).
  warnings.warn(f"The numer of partition attempts seems high ({len(ks)}).")
    ✓ [  54.7s]  (#1) 10q / 0_Clifford+T_001 / cut_divided_budget
    » [10:11:48]  (#1) 10q / 0_Clifford+T_001 / cut_qubit_prop  starting...
    ✓ [  47.2s]  (#1) 10q / 0_Clifford+T_001 / cut_qubit_prop
    » [10:12:36]  (#1) 10q / 0_Clifford+T_001 / cut_incremental_budget  starting...
    ✓ [ 187.3s]  (#1) 10q / 0_Clifford+T_001 / cut_incremental_budget
    » [10:15:43]  (#1) 10q / 0_Clifford+T_001 / cut_incremental_qubit_prop  starting...
    ✓ [ 164.7s]  (#1) 10q / 0_Clifford+T_001 / cut_incremental_qubit_prop

[2/10] 10q / 1_Clifford+T_004  observable: ZIIIIIIIII
    » [10:18:28]  10q / 1_Clifford+T_004  observable=ZIIIIIIIII  computing ground truth (PennyLane default.qubit)...
    · [   0.0s]  ground_truth = 0.000000
    » [10:18:28]  (#2) 10q / 1_Clifford+T_004 / noisy_vanilla  starting...
    » [10:18:30]  (#2) 10q / 1_Clifford+T_004 / cut_divided_budget  starting...
/home/a.brogi/cut_and_inc/env/lib/python3.10/site-packages/pennylane/qcut/cutstrategy.py:367: UserWarning: The numer of partition attempts seems high (40).
  warnings.warn(f"The numer of partition attempts seems high ({len(ks)}).")
    ✓ [  18.8s]  (#2) 10q / 1_Clifford+T_004 / cut_divided_budget
    » [10:18:48]  (#2) 10q / 1_Clifford+T_004 / cut_qubit_prop  starting...
    ✓ [  11.6s]  (#2) 10q / 1_Clifford+T_004 / cut_qubit_prop
    » [10:19:00]  (#2) 10q / 1_Clifford+T_004 / cut_incremental_budget  starting...
    ✓ [ 151.9s]  (#2) 10q / 1_Clifford+T_004 / cut_incremental_budget
    » [10:21:32]  (#2) 10q / 1_Clifford+T_004 / cut_incremental_qubit_prop  starting...
    ✓ [ 154.0s]  (#2) 10q / 1_Clifford+T_004 / cut_incremental_qubit_prop

[3/10] 10q / 2_Clifford+T_008  observable: ZIIIIIIIII
    » [10:24:06]  10q / 2_Clifford+T_008  observable=ZIIIIIIIII  computing ground truth (PennyLane default.qubit)...
    · [   0.0s]  ground_truth = 1.000000
    » [10:24:06]  (#3) 10q / 2_Clifford+T_008 / noisy_vanilla  starting...
    » [10:24:08]  (#3) 10q / 2_Clifford+T_008 / cut_divided_budget  starting...
/home/a.brogi/cut_and_inc/env/lib/python3.10/site-packages/pennylane/qcut/cutstrategy.py:367: UserWarning: The numer of partition attempts seems high (40).
  warnings.warn(f"The numer of partition attempts seems high ({len(ks)}).")
    ✓ [  54.1s]  (#3) 10q / 2_Clifford+T_008 / cut_divided_budget
    » [10:25:02]  (#3) 10q / 2_Clifford+T_008 / cut_qubit_prop  starting...
    ✓ [  47.4s]  (#3) 10q / 2_Clifford+T_008 / cut_qubit_prop
    » [10:25:50]  (#3) 10q / 2_Clifford+T_008 / cut_incremental_budget  starting...
    ✓ [ 189.6s]  (#3) 10q / 2_Clifford+T_008 / cut_incremental_budget
    » [10:28:59]  (#3) 10q / 2_Clifford+T_008 / cut_incremental_qubit_prop  starting...
    ✓ [ 166.1s]  (#3) 10q / 2_Clifford+T_008 / cut_incremental_qubit_prop

[4/10] 10q / 3_Clifford+T_015  observable: ZIIIIIIIII
    » [10:31:45]  10q / 3_Clifford+T_015  observable=ZIIIIIIIII  computing ground truth (PennyLane default.qubit)...
    · [   0.0s]  ground_truth = 1.000000
    » [10:31:45]  (#4) 10q / 3_Clifford+T_015 / noisy_vanilla  starting...
    » [10:31:47]  (#4) 10q / 3_Clifford+T_015 / cut_divided_budget  starting...
/home/a.brogi/cut_and_inc/env/lib/python3.10/site-packages/pennylane/qcut/cutstrategy.py:367: UserWarning: The numer of partition attempts seems high (40).
  warnings.warn(f"The numer of partition attempts seems high ({len(ks)}).")
    ✓ [  18.0s]  (#4) 10q / 3_Clifford+T_015 / cut_divided_budget
    » [10:32:05]  (#4) 10q / 3_Clifford+T_015 / cut_qubit_prop  starting...
    ✓ [  11.5s]  (#4) 10q / 3_Clifford+T_015 / cut_qubit_prop
    » [10:32:17]  (#4) 10q / 3_Clifford+T_015 / cut_incremental_budget  starting...
    ✓ [ 153.0s]  (#4) 10q / 3_Clifford+T_015 / cut_incremental_budget
    » [10:34:50]  (#4) 10q / 3_Clifford+T_015 / cut_incremental_qubit_prop  starting...
    ✓ [ 154.5s]  (#4) 10q / 3_Clifford+T_015 / cut_incremental_qubit_prop

[5/10] 10q / 4_Clifford+T_024  observable: ZIIIIIIIII
    » [10:37:24]  10q / 4_Clifford+T_024  observable=ZIIIIIIIII  computing ground truth (PennyLane default.qubit)...
    · [   0.0s]  ground_truth = 0.000000
    » [10:37:24]  (#5) 10q / 4_Clifford+T_024 / noisy_vanilla  starting...
    » [10:37:26]  (#5) 10q / 4_Clifford+T_024 / cut_divided_budget  starting...
/home/a.brogi/cut_and_inc/env/lib/python3.10/site-packages/pennylane/qcut/cutstrategy.py:367: UserWarning: The numer of partition attempts seems high (40).
  warnings.warn(f"The numer of partition attempts seems high ({len(ks)}).")
    ✓ [  54.8s]  (#5) 10q / 4_Clifford+T_024 / cut_divided_budget
    » [10:38:21]  (#5) 10q / 4_Clifford+T_024 / cut_qubit_prop  starting...
    ✓ [  48.0s]  (#5) 10q / 4_Clifford+T_024 / cut_qubit_prop
    » [10:39:09]  (#5) 10q / 4_Clifford+T_024 / cut_incremental_budget  starting...
    ✓ [ 189.3s]  (#5) 10q / 4_Clifford+T_024 / cut_incremental_budget
    » [10:42:18]  (#5) 10q / 4_Clifford+T_024 / cut_incremental_qubit_prop  starting...
    ✓ [ 167.4s]  (#5) 10q / 4_Clifford+T_024 / cut_incremental_qubit_prop

[6/10] 10q / 5_Clifford+T_026  observable: ZIIIIIIIII
    » [10:45:06]  10q / 5_Clifford+T_026  observable=ZIIIIIIIII  computing ground truth (PennyLane default.qubit)...
    · [   0.0s]  ground_truth = 1.000000
    » [10:45:06]  (#6) 10q / 5_Clifford+T_026 / noisy_vanilla  starting...
    » [10:45:08]  (#6) 10q / 5_Clifford+T_026 / cut_divided_budget  starting...
/home/a.brogi/cut_and_inc/env/lib/python3.10/site-packages/pennylane/qcut/cutstrategy.py:367: UserWarning: The numer of partition attempts seems high (40).
  warnings.warn(f"The numer of partition attempts seems high ({len(ks)}).")
    ✓ [  52.9s]  (#6) 10q / 5_Clifford+T_026 / cut_divided_budget
    » [10:46:01]  (#6) 10q / 5_Clifford+T_026 / cut_qubit_prop  starting...
    ✓ [  46.3s]  (#6) 10q / 5_Clifford+T_026 / cut_qubit_prop
    » [10:46:47]  (#6) 10q / 5_Clifford+T_026 / cut_incremental_budget  starting...
    ✓ [ 190.2s]  (#6) 10q / 5_Clifford+T_026 / cut_incremental_budget
    » [10:49:57]  (#6) 10q / 5_Clifford+T_026 / cut_incremental_qubit_prop  starting...
    ✓ [ 167.3s]  (#6) 10q / 5_Clifford+T_026 / cut_incremental_qubit_prop

[7/10] 10q / 6_Clifford+T_032  observable: ZIIIIIIIII
    » [10:52:44]  10q / 6_Clifford+T_032  observable=ZIIIIIIIII  computing ground truth (PennyLane default.qubit)...
    · [   0.0s]  ground_truth = 1.000000
    » [10:52:44]  (#7) 10q / 6_Clifford+T_032 / noisy_vanilla  starting...
    » [10:52:46]  (#7) 10q / 6_Clifford+T_032 / cut_divided_budget  starting...
/home/a.brogi/cut_and_inc/env/lib/python3.10/site-packages/pennylane/qcut/cutstrategy.py:367: UserWarning: The numer of partition attempts seems high (40).
  warnings.warn(f"The numer of partition attempts seems high ({len(ks)}).")
    ✓ [  18.6s]  (#7) 10q / 6_Clifford+T_032 / cut_divided_budget
    » [10:53:05]  (#7) 10q / 6_Clifford+T_032 / cut_qubit_prop  starting...
    ✓ [  11.9s]  (#7) 10q / 6_Clifford+T_032 / cut_qubit_prop
    » [10:53:17]  (#7) 10q / 6_Clifford+T_032 / cut_incremental_budget  starting...
    ✓ [ 154.1s]  (#7) 10q / 6_Clifford+T_032 / cut_incremental_budget
    » [10:55:51]  (#7) 10q / 6_Clifford+T_032 / cut_incremental_qubit_prop  starting...
    ✓ [ 156.4s]  (#7) 10q / 6_Clifford+T_032 / cut_incremental_qubit_prop

[8/10] 10q / 7_Clifford+T_033  observable: ZIIIIIIIII
    » [10:58:27]  10q / 7_Clifford+T_033  observable=ZIIIIIIIII  computing ground truth (PennyLane default.qubit)...
    · [   0.0s]  ground_truth = 1.000000
    » [10:58:27]  (#8) 10q / 7_Clifford+T_033 / noisy_vanilla  starting...
    » [10:58:29]  (#8) 10q / 7_Clifford+T_033 / cut_divided_budget  starting...
/home/a.brogi/cut_and_inc/env/lib/python3.10/site-packages/pennylane/qcut/cutstrategy.py:367: UserWarning: The numer of partition attempts seems high (40).
  warnings.warn(f"The numer of partition attempts seems high ({len(ks)}).")
    ✓ [  18.9s]  (#8) 10q / 7_Clifford+T_033 / cut_divided_budget
    » [10:58:48]  (#8) 10q / 7_Clifford+T_033 / cut_qubit_prop  starting...
    ✓ [  12.0s]  (#8) 10q / 7_Clifford+T_033 / cut_qubit_prop
    » [10:59:00]  (#8) 10q / 7_Clifford+T_033 / cut_incremental_budget  starting...
    ✓ [ 154.1s]  (#8) 10q / 7_Clifford+T_033 / cut_incremental_budget
    » [11:01:34]  (#8) 10q / 7_Clifford+T_033 / cut_incremental_qubit_prop  starting...
    ✓ [ 156.5s]  (#8) 10q / 7_Clifford+T_033 / cut_incremental_qubit_prop

[9/10] 10q / 8_Clifford+T_039  observable: ZIIIIIIIII
    » [11:04:11]  10q / 8_Clifford+T_039  observable=ZIIIIIIIII  computing ground truth (PennyLane default.qubit)...
    · [   0.0s]  ground_truth = 0.000000
    » [11:04:11]  (#9) 10q / 8_Clifford+T_039 / noisy_vanilla  starting...
    » [11:04:13]  (#9) 10q / 8_Clifford+T_039 / cut_divided_budget  starting...
/home/a.brogi/cut_and_inc/env/lib/python3.10/site-packages/pennylane/qcut/cutstrategy.py:367: UserWarning: The numer of partition attempts seems high (40).
  warnings.warn(f"The numer of partition attempts seems high ({len(ks)}).")
    ✓ [  54.5s]  (#9) 10q / 8_Clifford+T_039 / cut_divided_budget
    » [11:05:07]  (#9) 10q / 8_Clifford+T_039 / cut_qubit_prop  starting...
    ✓ [  48.2s]  (#9) 10q / 8_Clifford+T_039 / cut_qubit_prop
    » [11:05:56]  (#9) 10q / 8_Clifford+T_039 / cut_incremental_budget  starting...
    ✓ [ 190.5s]  (#9) 10q / 8_Clifford+T_039 / cut_incremental_budget
    » [11:09:06]  (#9) 10q / 8_Clifford+T_039 / cut_incremental_qubit_prop  starting...
    ✓ [ 168.1s]  (#9) 10q / 8_Clifford+T_039 / cut_incremental_qubit_prop

[10/10] 10q / 9_Clifford+T_041  observable: ZIIIIIIIII
    » [11:11:54]  10q / 9_Clifford+T_041  observable=ZIIIIIIIII  computing ground truth (PennyLane default.qubit)...
    · [   0.0s]  ground_truth = 1.000000
    » [11:11:54]  (#10) 10q / 9_Clifford+T_041 / noisy_vanilla  starting...
    » [11:11:56]  (#10) 10q / 9_Clifford+T_041 / cut_divided_budget  starting...
/home/a.brogi/cut_and_inc/env/lib/python3.10/site-packages/pennylane/qcut/cutstrategy.py:367: UserWarning: The numer of partition attempts seems high (40).
  warnings.warn(f"The numer of partition attempts seems high ({len(ks)}).")
    ✓ [  18.5s]  (#10) 10q / 9_Clifford+T_041 / cut_divided_budget
    » [11:12:15]  (#10) 10q / 9_Clifford+T_041 / cut_qubit_prop  starting...
    ✓ [  11.6s]  (#10) 10q / 9_Clifford+T_041 / cut_qubit_prop
    » [11:12:26]  (#10) 10q / 9_Clifford+T_041 / cut_incremental_budget  starting...
    ✓ [ 154.4s]  (#10) 10q / 9_Clifford+T_041 / cut_incremental_budget
    » [11:15:01]  (#10) 10q / 9_Clifford+T_041 / cut_incremental_qubit_prop  starting...
    ✓ [ 154.6s]  (#10) 10q / 9_Clifford+T_041 / cut_incremental_qubit_prop

============================================================
  Finished :   40  mode runs
  Failed   :    0  mode runs
============================================================

Merged CSV -> results/new/stable_shots_runs_10-14q_no_vanilla/5000_shots/sherbrooke/10_qubits/summary.csv
Run log    -> results/new/stable_shots_runs_10-14q_no_vanilla/5000_shots/sherbrooke/10_qubits/run.log
Per-mode JSON -> results/new/stable_shots_runs_10-14q_no_vanilla/5000_shots/sherbrooke/10_qubits/<qubits>q/<circuit>/<mode>.json
	Command being timed: "python main_new_new.py --circuits-pkl only_cliffordt/clif10.pkl --shots 5000 --noisy-backend aer.fake_sherbrooke --seed-simulator 42 --modes cut_divided_budget cut_qubit_prop cut_incremental_budget cut_incremental_qubit_prop --incremental-config configs/stable_shots.json --parallel-circuits 1 --output-dir results/new/stable_shots_runs_10-14q_no_vanilla/5000_shots/sherbrooke/10_qubits"
	User time (seconds): 4005.43
	System time (seconds): 1.58
	Percent of CPU this job got: 99%
	Elapsed (wall clock) time (h:mm:ss or m:ss): 1:06:49
	Average shared text size (kbytes): 0
	Average unshared data size (kbytes): 0
	Average stack size (kbytes): 0
	Average total size (kbytes): 0
	Maximum resident set size (kbytes): 447228
	Average resident set size (kbytes): 0
	Major (requiring I/O) page faults: 0
	Minor (reclaiming a frame) page faults: 210497
	Voluntary context switches: 28695
	Involuntary context switches: 87337
	Swaps: 0
	File system inputs: 8
	File system outputs: 3336
	Socket messages sent: 0
	Socket messages received: 0
	Signals delivered: 0
	Page size (bytes): 4096
	Exit status: 0
[Fri Jun 12 11:17:36 AM UTC 2026] Finished 10 qubits | shots=5000 | backend=aer.fake_sherbrooke
