[Wed Jun 17 06:33:08 PM UTC 2026] Starting 15 qubits | shots=5000 | backend=aer.fake_sherbrooke
[Wed Jun 17 06:33:08 PM UTC 2026] Per-job memory limit: 7GB virtual memory

[1/10] 15q / 0_Clifford+T_003  observable: ZIIIIIIIIIIIIII
/home/local/ADUNIPI/a044855/cutandinc/newcut/lib/python3.12/site-packages/qiskit_ibm_runtime/fake_provider/backends/nighthawk/fake_nighthawk.py:76: UserWarning: Properties of fake_nighthawk are not intended to represent typical nighthawk error values.
  warnings.warn(
    » [18:33:19]  15q / 0_Clifford+T_003  observable=ZIIIIIIIIIIIIII  computing ground truth (PennyLane default.qubit)...
    · [   0.7s]  ground_truth = 0.000000
    » [18:33:20]  (#1) 15q / 0_Clifford+T_003 / noisy_vanilla  starting...
    ✓ [ 143.4s]  (#1) 15q / 0_Clifford+T_003 / noisy_vanilla
    » [18:35:43]  (#1) 15q / 0_Clifford+T_003 / cut_divided_budget  starting...
/home/local/ADUNIPI/a044855/cutandinc/newcut/lib/python3.12/site-packages/pennylane/qcut/cutstrategy.py:367: UserWarning: The number of partition attempts seems high (40).
  warnings.warn(f"The number of partition attempts seems high ({len(ks)}).")
    ✓ [  18.6s]  (#1) 15q / 0_Clifford+T_003 / cut_divided_budget
    » [18:36:02]  (#1) 15q / 0_Clifford+T_003 / cut_qubit_prop  starting...
    ✓ [  11.7s]  (#1) 15q / 0_Clifford+T_003 / cut_qubit_prop
    » [18:36:13]  (#1) 15q / 0_Clifford+T_003 / cut_incremental_budget  starting...
    ✓ [ 120.8s]  (#1) 15q / 0_Clifford+T_003 / cut_incremental_budget
    » [18:38:14]  (#1) 15q / 0_Clifford+T_003 / cut_incremental_qubit_prop  starting...
    ✓ [ 142.4s]  (#1) 15q / 0_Clifford+T_003 / cut_incremental_qubit_prop

[2/10] 15q / 1_Clifford+T_009  observable: ZIIIIIIIIIIIIII
    » [18:40:37]  15q / 1_Clifford+T_009  observable=ZIIIIIIIIIIIIII  computing ground truth (PennyLane default.qubit)...
    · [   0.3s]  ground_truth = 1.000000
    » [18:40:37]  (#2) 15q / 1_Clifford+T_009 / noisy_vanilla  starting...
    ✓ [  80.7s]  (#2) 15q / 1_Clifford+T_009 / noisy_vanilla
    » [18:41:57]  (#2) 15q / 1_Clifford+T_009 / cut_divided_budget  starting...
/home/local/ADUNIPI/a044855/cutandinc/newcut/lib/python3.12/site-packages/pennylane/qcut/cutstrategy.py:367: UserWarning: The number of partition attempts seems high (40).
  warnings.warn(f"The number of partition attempts seems high ({len(ks)}).")
    ✓ [  16.5s]  (#2) 15q / 1_Clifford+T_009 / cut_divided_budget
    » [18:42:14]  (#2) 15q / 1_Clifford+T_009 / cut_qubit_prop  starting...
    ✓ [  10.5s]  (#2) 15q / 1_Clifford+T_009 / cut_qubit_prop
    » [18:42:24]  (#2) 15q / 1_Clifford+T_009 / cut_incremental_budget  starting...
    ✓ [ 140.6s]  (#2) 15q / 1_Clifford+T_009 / cut_incremental_budget
    » [18:44:45]  (#2) 15q / 1_Clifford+T_009 / cut_incremental_qubit_prop  starting...
    ✓ [ 141.0s]  (#2) 15q / 1_Clifford+T_009 / cut_incremental_qubit_prop

[3/10] 15q / 2_Clifford+T_011  observable: ZIIIIIIIIIIIIII
    » [18:47:06]  15q / 2_Clifford+T_011  observable=ZIIIIIIIIIIIIII  computing ground truth (PennyLane default.qubit)...
    · [   0.0s]  ground_truth = 1.000000
    » [18:47:06]  (#3) 15q / 2_Clifford+T_011 / noisy_vanilla  starting...
    ✓ [  84.0s]  (#3) 15q / 2_Clifford+T_011 / noisy_vanilla
    » [18:48:30]  (#3) 15q / 2_Clifford+T_011 / cut_divided_budget  starting...
/home/local/ADUNIPI/a044855/cutandinc/newcut/lib/python3.12/site-packages/pennylane/qcut/cutstrategy.py:367: UserWarning: The number of partition attempts seems high (40).
  warnings.warn(f"The number of partition attempts seems high ({len(ks)}).")
    ✓ [  24.6s]  (#3) 15q / 2_Clifford+T_011 / cut_divided_budget
    » [18:48:55]  (#3) 15q / 2_Clifford+T_011 / cut_qubit_prop  starting...
    ✓ [  13.2s]  (#3) 15q / 2_Clifford+T_011 / cut_qubit_prop
    » [18:49:08]  (#3) 15q / 2_Clifford+T_011 / cut_incremental_budget  starting...
    ✓ [ 129.7s]  (#3) 15q / 2_Clifford+T_011 / cut_incremental_budget
    » [18:51:17]  (#3) 15q / 2_Clifford+T_011 / cut_incremental_qubit_prop  starting...
    ✓ [ 151.2s]  (#3) 15q / 2_Clifford+T_011 / cut_incremental_qubit_prop

[4/10] 15q / 3_Clifford+T_015  observable: ZIIIIIIIIIIIIII
    » [18:53:49]  15q / 3_Clifford+T_015  observable=ZIIIIIIIIIIIIII  computing ground truth (PennyLane default.qubit)...
    · [   0.0s]  ground_truth = 1.000000
    » [18:53:49]  (#4) 15q / 3_Clifford+T_015 / noisy_vanilla  starting...
    ✓ [ 111.9s]  (#4) 15q / 3_Clifford+T_015 / noisy_vanilla
    » [18:55:41]  (#4) 15q / 3_Clifford+T_015 / cut_divided_budget  starting...
/home/local/ADUNIPI/a044855/cutandinc/newcut/lib/python3.12/site-packages/pennylane/qcut/cutstrategy.py:367: UserWarning: The number of partition attempts seems high (41).
  warnings.warn(f"The number of partition attempts seems high ({len(ks)}).")
    ✓ [  80.6s]  (#4) 15q / 3_Clifford+T_015 / cut_divided_budget
    » [18:57:01]  (#4) 15q / 3_Clifford+T_015 / cut_qubit_prop  starting...
    ✓ [  70.6s]  (#4) 15q / 3_Clifford+T_015 / cut_qubit_prop
    » [18:58:12]  (#4) 15q / 3_Clifford+T_015 / cut_incremental_budget  starting...
    ✓ [ 281.4s]  (#4) 15q / 3_Clifford+T_015 / cut_incremental_budget
    » [19:02:53]  (#4) 15q / 3_Clifford+T_015 / cut_incremental_qubit_prop  starting...
    ✓ [ 257.3s]  (#4) 15q / 3_Clifford+T_015 / cut_incremental_qubit_prop

[5/10] 15q / 4_Clifford+T_016  observable: ZIIIIIIIIIIIIII
    » [19:07:10]  15q / 4_Clifford+T_016  observable=ZIIIIIIIIIIIIII  computing ground truth (PennyLane default.qubit)...
    · [   0.0s]  ground_truth = 1.000000
    » [19:07:11]  (#5) 15q / 4_Clifford+T_016 / noisy_vanilla  starting...
    ✓ [  86.9s]  (#5) 15q / 4_Clifford+T_016 / noisy_vanilla
    » [19:08:37]  (#5) 15q / 4_Clifford+T_016 / cut_divided_budget  starting...
/home/local/ADUNIPI/a044855/cutandinc/newcut/lib/python3.12/site-packages/pennylane/qcut/cutstrategy.py:367: UserWarning: The number of partition attempts seems high (41).
  warnings.warn(f"The number of partition attempts seems high ({len(ks)}).")
    ✓ [  17.1s]  (#5) 15q / 4_Clifford+T_016 / cut_divided_budget
    » [19:08:54]  (#5) 15q / 4_Clifford+T_016 / cut_qubit_prop  starting...
    ✓ [  10.5s]  (#5) 15q / 4_Clifford+T_016 / cut_qubit_prop
    » [19:09:05]  (#5) 15q / 4_Clifford+T_016 / cut_incremental_budget  starting...
    ✓ [ 122.8s]  (#5) 15q / 4_Clifford+T_016 / cut_incremental_budget
    » [19:11:08]  (#5) 15q / 4_Clifford+T_016 / cut_incremental_qubit_prop  starting...
    ✓ [ 136.9s]  (#5) 15q / 4_Clifford+T_016 / cut_incremental_qubit_prop

[6/10] 15q / 5_Clifford+T_018  observable: ZIIIIIIIIIIIIII
    » [19:13:25]  15q / 5_Clifford+T_018  observable=ZIIIIIIIIIIIIII  computing ground truth (PennyLane default.qubit)...
    · [   0.0s]  ground_truth = 1.000000
    » [19:13:25]  (#6) 15q / 5_Clifford+T_018 / noisy_vanilla  starting...
    ✓ [  86.5s]  (#6) 15q / 5_Clifford+T_018 / noisy_vanilla
    » [19:14:51]  (#6) 15q / 5_Clifford+T_018 / cut_divided_budget  starting...
/home/local/ADUNIPI/a044855/cutandinc/newcut/lib/python3.12/site-packages/pennylane/qcut/cutstrategy.py:367: UserWarning: The number of partition attempts seems high (42).
  warnings.warn(f"The number of partition attempts seems high ({len(ks)}).")
    ✓ [  17.5s]  (#6) 15q / 5_Clifford+T_018 / cut_divided_budget
    » [19:15:09]  (#6) 15q / 5_Clifford+T_018 / cut_qubit_prop  starting...
    ✓ [  10.5s]  (#6) 15q / 5_Clifford+T_018 / cut_qubit_prop
    » [19:15:19]  (#6) 15q / 5_Clifford+T_018 / cut_incremental_budget  starting...
    ✓ [ 131.9s]  (#6) 15q / 5_Clifford+T_018 / cut_incremental_budget
    » [19:17:31]  (#6) 15q / 5_Clifford+T_018 / cut_incremental_qubit_prop  starting...
    ✓ [ 138.3s]  (#6) 15q / 5_Clifford+T_018 / cut_incremental_qubit_prop

[7/10] 15q / 6_Clifford+T_022  observable: ZIIIIIIIIIIIIII
    » [19:19:49]  15q / 6_Clifford+T_022  observable=ZIIIIIIIIIIIIII  computing ground truth (PennyLane default.qubit)...
    · [   0.0s]  ground_truth = 0.000000
    » [19:19:49]  (#7) 15q / 6_Clifford+T_022 / noisy_vanilla  starting...
    ✓ [  88.5s]  (#7) 15q / 6_Clifford+T_022 / noisy_vanilla
    » [19:21:18]  (#7) 15q / 6_Clifford+T_022 / cut_divided_budget  starting...
/home/local/ADUNIPI/a044855/cutandinc/newcut/lib/python3.12/site-packages/pennylane/qcut/cutstrategy.py:367: UserWarning: The number of partition attempts seems high (40).
  warnings.warn(f"The number of partition attempts seems high ({len(ks)}).")
    ✓ [  17.6s]  (#7) 15q / 6_Clifford+T_022 / cut_divided_budget
    » [19:21:36]  (#7) 15q / 6_Clifford+T_022 / cut_qubit_prop  starting...
    ✓ [  10.5s]  (#7) 15q / 6_Clifford+T_022 / cut_qubit_prop
    » [19:21:46]  (#7) 15q / 6_Clifford+T_022 / cut_incremental_budget  starting...
    ✓ [ 128.9s]  (#7) 15q / 6_Clifford+T_022 / cut_incremental_budget
    » [19:23:55]  (#7) 15q / 6_Clifford+T_022 / cut_incremental_qubit_prop  starting...
    ✓ [ 139.5s]  (#7) 15q / 6_Clifford+T_022 / cut_incremental_qubit_prop

[8/10] 15q / 7_Clifford+T_023  observable: ZIIIIIIIIIIIIII
    » [19:26:14]  15q / 7_Clifford+T_023  observable=ZIIIIIIIIIIIIII  computing ground truth (PennyLane default.qubit)...
    · [   0.0s]  ground_truth = 1.000000
    » [19:26:14]  (#8) 15q / 7_Clifford+T_023 / noisy_vanilla  starting...
    ✓ [  88.0s]  (#8) 15q / 7_Clifford+T_023 / noisy_vanilla
    » [19:27:42]  (#8) 15q / 7_Clifford+T_023 / cut_divided_budget  starting...
/home/local/ADUNIPI/a044855/cutandinc/newcut/lib/python3.12/site-packages/pennylane/qcut/cutstrategy.py:367: UserWarning: The number of partition attempts seems high (40).
  warnings.warn(f"The number of partition attempts seems high ({len(ks)}).")
    ✓ [  31.2s]  (#8) 15q / 7_Clifford+T_023 / cut_divided_budget
    » [19:28:14]  (#8) 15q / 7_Clifford+T_023 / cut_qubit_prop  starting...
    ✓ [  22.5s]  (#8) 15q / 7_Clifford+T_023 / cut_qubit_prop
    » [19:28:36]  (#8) 15q / 7_Clifford+T_023 / cut_incremental_budget  starting...
    ✓ [ 144.1s]  (#8) 15q / 7_Clifford+T_023 / cut_incremental_budget
    » [19:31:00]  (#8) 15q / 7_Clifford+T_023 / cut_incremental_qubit_prop  starting...
    ✓ [ 165.4s]  (#8) 15q / 7_Clifford+T_023 / cut_incremental_qubit_prop

[9/10] 15q / 8_Clifford+T_024  observable: ZIIIIIIIIIIIIII
    » [19:33:46]  15q / 8_Clifford+T_024  observable=ZIIIIIIIIIIIIII  computing ground truth (PennyLane default.qubit)...
    · [   0.0s]  ground_truth = 0.000000
    » [19:33:46]  (#9) 15q / 8_Clifford+T_024 / noisy_vanilla  starting...
    ✓ [ 161.5s]  (#9) 15q / 8_Clifford+T_024 / noisy_vanilla
    » [19:36:27]  (#9) 15q / 8_Clifford+T_024 / cut_divided_budget  starting...
/home/local/ADUNIPI/a044855/cutandinc/newcut/lib/python3.12/site-packages/pennylane/qcut/cutstrategy.py:367: UserWarning: The number of partition attempts seems high (40).
  warnings.warn(f"The number of partition attempts seems high ({len(ks)}).")
    ✓ [  38.5s]  (#9) 15q / 8_Clifford+T_024 / cut_divided_budget
    » [19:37:06]  (#9) 15q / 8_Clifford+T_024 / cut_qubit_prop  starting...
    ✓ [  24.1s]  (#9) 15q / 8_Clifford+T_024 / cut_qubit_prop
    » [19:37:30]  (#9) 15q / 8_Clifford+T_024 / cut_incremental_budget  starting...
    ✓ [ 144.5s]  (#9) 15q / 8_Clifford+T_024 / cut_incremental_budget
    » [19:39:54]  (#9) 15q / 8_Clifford+T_024 / cut_incremental_qubit_prop  starting...
    ✓ [ 175.3s]  (#9) 15q / 8_Clifford+T_024 / cut_incremental_qubit_prop

[10/10] 15q / 9_Clifford+T_026  observable: ZIIIIIIIIIIIIII
    » [19:42:50]  15q / 9_Clifford+T_026  observable=ZIIIIIIIIIIIIII  computing ground truth (PennyLane default.qubit)...
    · [   0.0s]  ground_truth = 1.000000
    » [19:42:50]  (#10) 15q / 9_Clifford+T_026 / noisy_vanilla  starting...
    ✓ [  86.1s]  (#10) 15q / 9_Clifford+T_026 / noisy_vanilla
    » [19:44:16]  (#10) 15q / 9_Clifford+T_026 / cut_divided_budget  starting...
/home/local/ADUNIPI/a044855/cutandinc/newcut/lib/python3.12/site-packages/pennylane/qcut/cutstrategy.py:367: UserWarning: The number of partition attempts seems high (40).
  warnings.warn(f"The number of partition attempts seems high ({len(ks)}).")
    ✓ [  34.6s]  (#10) 15q / 9_Clifford+T_026 / cut_divided_budget
    » [19:44:50]  (#10) 15q / 9_Clifford+T_026 / cut_qubit_prop  starting...
    ✓ [  25.7s]  (#10) 15q / 9_Clifford+T_026 / cut_qubit_prop
    » [19:45:16]  (#10) 15q / 9_Clifford+T_026 / cut_incremental_budget  starting...
    ✓ [ 176.2s]  (#10) 15q / 9_Clifford+T_026 / cut_incremental_budget
    » [19:48:12]  (#10) 15q / 9_Clifford+T_026 / cut_incremental_qubit_prop  starting...
    ✓ [ 187.6s]  (#10) 15q / 9_Clifford+T_026 / cut_incremental_qubit_prop

============================================================
  Finished :   50  mode runs
  Failed   :    0  mode runs
============================================================

Merged CSV -> results/new/stable_shots3/5000_shots/sherbrooke/15_qubits/summary.csv
Run log    -> results/new/stable_shots3/5000_shots/sherbrooke/15_qubits/run.log
Per-mode JSON -> results/new/stable_shots3/5000_shots/sherbrooke/15_qubits/<qubits>q/<circuit>/<mode>.json
	Command being timed: "python main_new_new.py --circuits-pkl only_cliffordt/clif15.pkl --shots 5000 --noisy-backend aer.fake_sherbrooke --seed-simulator 42 --modes noisy_vanilla cut_divided_budget cut_qubit_prop cut_incremental_budget cut_incremental_qubit_prop --incremental-config configs/stable_shots3.json --parallel-circuits 1 --output-dir results/new/stable_shots3/5000_shots/sherbrooke/15_qubits"
	User time (seconds): 4632.87
	System time (seconds): 7.61
	Percent of CPU this job got: 98%
	Elapsed (wall clock) time (h:mm:ss or m:ss): 1:18:12
	Average shared text size (kbytes): 0
	Average unshared data size (kbytes): 0
	Average stack size (kbytes): 0
	Average total size (kbytes): 0
	Maximum resident set size (kbytes): 463884
	Average resident set size (kbytes): 0
	Major (requiring I/O) page faults: 0
	Minor (reclaiming a frame) page faults: 1710187
	Voluntary context switches: 194564
	Involuntary context switches: 6831
	Swaps: 0
	File system inputs: 0
	File system outputs: 3664
	Socket messages sent: 0
	Socket messages received: 0
	Signals delivered: 0
	Page size (bytes): 4096
	Exit status: 0
[Wed Jun 17 07:51:21 PM UTC 2026] Finished 15 qubits | shots=5000 | backend=aer.fake_sherbrooke
rbrooke
