[Mon Jun 15 03:17:39 PM UTC 2026] Starting 10 qubits | shots=10000 | backend=aer.fake_torino
[Mon Jun 15 03:17:39 PM UTC 2026] Per-job memory limit: 6GB virtual memory

[1/10] 10q / 0_Clifford+T_001  observable: ZIIIIIIIII
/home/local/ADUNIPI/a044855/cutandinc/newcut/lib/python3.12/site-packages/qiskit_ibm_runtime/fake_provider/backends/nighthawk/fake_nighthawk.py:76: UserWarning: Properties of fake_nighthawk are not intended to represent typical nighthawk error values.
  warnings.warn(
    » [15:17:48]  10q / 0_Clifford+T_001  observable=ZIIIIIIIII  computing ground truth (PennyLane default.qubit)...
    · [   0.5s]  ground_truth = -1.000000
    » [15:17:48]  (#1) 10q / 0_Clifford+T_001 / noisy_vanilla  starting...
    » [15:17:51]  (#1) 10q / 0_Clifford+T_001 / cut_divided_budget  starting...
/home/local/ADUNIPI/a044855/cutandinc/newcut/lib/python3.12/site-packages/pennylane/qcut/cutstrategy.py:367: UserWarning: The number of partition attempts seems high (40).
  warnings.warn(f"The number of partition attempts seems high ({len(ks)}).")
    ✓ [  86.2s]  (#1) 10q / 0_Clifford+T_001 / cut_divided_budget
    » [15:19:17]  (#1) 10q / 0_Clifford+T_001 / cut_qubit_prop  starting...
    ✓ [  77.9s]  (#1) 10q / 0_Clifford+T_001 / cut_qubit_prop
    » [15:20:35]  (#1) 10q / 0_Clifford+T_001 / cut_incremental_budget  starting...
    ✓ [ 536.0s]  (#1) 10q / 0_Clifford+T_001 / cut_incremental_budget
    » [15:29:31]  (#1) 10q / 0_Clifford+T_001 / cut_incremental_qubit_prop  starting...
    ✓ [ 557.0s]  (#1) 10q / 0_Clifford+T_001 / cut_incremental_qubit_prop

[2/10] 10q / 1_Clifford+T_004  observable: ZIIIIIIIII
    » [15:38:48]  10q / 1_Clifford+T_004  observable=ZIIIIIIIII  computing ground truth (PennyLane default.qubit)...
    · [   0.3s]  ground_truth = 0.000000
    » [15:38:49]  (#2) 10q / 1_Clifford+T_004 / noisy_vanilla  starting...
    » [15:38:51]  (#2) 10q / 1_Clifford+T_004 / cut_divided_budget  starting...
/home/local/ADUNIPI/a044855/cutandinc/newcut/lib/python3.12/site-packages/pennylane/qcut/cutstrategy.py:367: UserWarning: The number of partition attempts seems high (40).
  warnings.warn(f"The number of partition attempts seems high ({len(ks)}).")
    ✓ [  26.4s]  (#2) 10q / 1_Clifford+T_004 / cut_divided_budget
    » [15:39:18]  (#2) 10q / 1_Clifford+T_004 / cut_qubit_prop  starting...
    ✓ [  19.2s]  (#2) 10q / 1_Clifford+T_004 / cut_qubit_prop
    » [15:39:37]  (#2) 10q / 1_Clifford+T_004 / cut_incremental_budget  starting...
    ✓ [ 479.7s]  (#2) 10q / 1_Clifford+T_004 / cut_incremental_budget
    » [15:47:37]  (#2) 10q / 1_Clifford+T_004 / cut_incremental_qubit_prop  starting...
    ✓ [ 501.8s]  (#2) 10q / 1_Clifford+T_004 / cut_incremental_qubit_prop

[3/10] 10q / 2_Clifford+T_008  observable: ZIIIIIIIII
    » [15:55:58]  10q / 2_Clifford+T_008  observable=ZIIIIIIIII  computing ground truth (PennyLane default.qubit)...
    · [   0.0s]  ground_truth = 1.000000
    » [15:55:58]  (#3) 10q / 2_Clifford+T_008 / noisy_vanilla  starting...
    » [15:56:01]  (#3) 10q / 2_Clifford+T_008 / cut_divided_budget  starting...
/home/local/ADUNIPI/a044855/cutandinc/newcut/lib/python3.12/site-packages/pennylane/qcut/cutstrategy.py:367: UserWarning: The number of partition attempts seems high (40).
  warnings.warn(f"The number of partition attempts seems high ({len(ks)}).")
    ✓ [  84.6s]  (#3) 10q / 2_Clifford+T_008 / cut_divided_budget
    » [15:57:26]  (#3) 10q / 2_Clifford+T_008 / cut_qubit_prop  starting...
    ✓ [  77.5s]  (#3) 10q / 2_Clifford+T_008 / cut_qubit_prop
    » [15:58:44]  (#3) 10q / 2_Clifford+T_008 / cut_incremental_budget  starting...
    ✓ [ 532.3s]  (#3) 10q / 2_Clifford+T_008 / cut_incremental_budget
    » [16:07:36]  (#3) 10q / 2_Clifford+T_008 / cut_incremental_qubit_prop  starting...
    ✓ [ 544.6s]  (#3) 10q / 2_Clifford+T_008 / cut_incremental_qubit_prop

[4/10] 10q / 3_Clifford+T_015  observable: ZIIIIIIIII
    » [16:16:40]  10q / 3_Clifford+T_015  observable=ZIIIIIIIII  computing ground truth (PennyLane default.qubit)...
    · [   0.0s]  ground_truth = 1.000000
    » [16:16:40]  (#4) 10q / 3_Clifford+T_015 / noisy_vanilla  starting...
    » [16:16:43]  (#4) 10q / 3_Clifford+T_015 / cut_divided_budget  starting...
/home/local/ADUNIPI/a044855/cutandinc/newcut/lib/python3.12/site-packages/pennylane/qcut/cutstrategy.py:367: UserWarning: The number of partition attempts seems high (40).
  warnings.warn(f"The number of partition attempts seems high ({len(ks)}).")
    ✓ [  25.8s]  (#4) 10q / 3_Clifford+T_015 / cut_divided_budget
    » [16:17:09]  (#4) 10q / 3_Clifford+T_015 / cut_qubit_prop  starting...
    ✓ [  18.2s]  (#4) 10q / 3_Clifford+T_015 / cut_qubit_prop
    » [16:17:27]  (#4) 10q / 3_Clifford+T_015 / cut_incremental_budget  starting...
    ✓ [ 478.1s]  (#4) 10q / 3_Clifford+T_015 / cut_incremental_budget
    » [16:25:25]  (#4) 10q / 3_Clifford+T_015 / cut_incremental_qubit_prop  starting...
    ✓ [ 497.5s]  (#4) 10q / 3_Clifford+T_015 / cut_incremental_qubit_prop

[5/10] 10q / 4_Clifford+T_024  observable: ZIIIIIIIII
    » [16:33:43]  10q / 4_Clifford+T_024  observable=ZIIIIIIIII  computing ground truth (PennyLane default.qubit)...
    · [   0.0s]  ground_truth = 0.000000
    » [16:33:43]  (#5) 10q / 4_Clifford+T_024 / noisy_vanilla  starting...
    » [16:33:45]  (#5) 10q / 4_Clifford+T_024 / cut_divided_budget  starting...
/home/local/ADUNIPI/a044855/cutandinc/newcut/lib/python3.12/site-packages/pennylane/qcut/cutstrategy.py:367: UserWarning: The number of partition attempts seems high (40).
  warnings.warn(f"The number of partition attempts seems high ({len(ks)}).")
    ✓ [  86.6s]  (#5) 10q / 4_Clifford+T_024 / cut_divided_budget
    » [16:35:12]  (#5) 10q / 4_Clifford+T_024 / cut_qubit_prop  starting...
    ✓ [  77.8s]  (#5) 10q / 4_Clifford+T_024 / cut_qubit_prop
    » [16:36:30]  (#5) 10q / 4_Clifford+T_024 / cut_incremental_budget  starting...
    ✓ [ 543.9s]  (#5) 10q / 4_Clifford+T_024 / cut_incremental_budget
    » [16:45:34]  (#5) 10q / 4_Clifford+T_024 / cut_incremental_qubit_prop  starting...
    ✓ [ 564.1s]  (#5) 10q / 4_Clifford+T_024 / cut_incremental_qubit_prop

[6/10] 10q / 5_Clifford+T_026  observable: ZIIIIIIIII
    » [16:54:58]  10q / 5_Clifford+T_026  observable=ZIIIIIIIII  computing ground truth (PennyLane default.qubit)...
    · [   0.0s]  ground_truth = 1.000000
    » [16:54:58]  (#6) 10q / 5_Clifford+T_026 / noisy_vanilla  starting...
    » [16:55:01]  (#6) 10q / 5_Clifford+T_026 / cut_divided_budget  starting...
/home/local/ADUNIPI/a044855/cutandinc/newcut/lib/python3.12/site-packages/pennylane/qcut/cutstrategy.py:367: UserWarning: The number of partition attempts seems high (40).
  warnings.warn(f"The number of partition attempts seems high ({len(ks)}).")
    ✓ [  83.5s]  (#6) 10q / 5_Clifford+T_026 / cut_divided_budget
    » [16:56:24]  (#6) 10q / 5_Clifford+T_026 / cut_qubit_prop  starting...
    ✓ [  75.9s]  (#6) 10q / 5_Clifford+T_026 / cut_qubit_prop
    » [16:57:40]  (#6) 10q / 5_Clifford+T_026 / cut_incremental_budget  starting...
    ✓ [ 546.0s]  (#6) 10q / 5_Clifford+T_026 / cut_incremental_budget
    » [17:06:46]  (#6) 10q / 5_Clifford+T_026 / cut_incremental_qubit_prop  starting...
    ✓ [ 532.4s]  (#6) 10q / 5_Clifford+T_026 / cut_incremental_qubit_prop

[7/10] 10q / 6_Clifford+T_032  observable: ZIIIIIIIII
    » [17:15:39]  10q / 6_Clifford+T_032  observable=ZIIIIIIIII  computing ground truth (PennyLane default.qubit)...
    · [   0.0s]  ground_truth = 1.000000
    » [17:15:39]  (#7) 10q / 6_Clifford+T_032 / noisy_vanilla  starting...
    » [17:15:41]  (#7) 10q / 6_Clifford+T_032 / cut_divided_budget  starting...
/home/local/ADUNIPI/a044855/cutandinc/newcut/lib/python3.12/site-packages/pennylane/qcut/cutstrategy.py:367: UserWarning: The number of partition attempts seems high (40).
  warnings.warn(f"The number of partition attempts seems high ({len(ks)}).")
    ✓ [  26.0s]  (#7) 10q / 6_Clifford+T_032 / cut_divided_budget
    » [17:16:07]  (#7) 10q / 6_Clifford+T_032 / cut_qubit_prop  starting...
    ✓ [  18.8s]  (#7) 10q / 6_Clifford+T_032 / cut_qubit_prop
    » [17:16:26]  (#7) 10q / 6_Clifford+T_032 / cut_incremental_budget  starting...
    ✓ [ 472.3s]  (#7) 10q / 6_Clifford+T_032 / cut_incremental_budget
    » [17:24:18]  (#7) 10q / 6_Clifford+T_032 / cut_incremental_qubit_prop  starting...
    ✓ [ 494.5s]  (#7) 10q / 6_Clifford+T_032 / cut_incremental_qubit_prop

[8/10] 10q / 7_Clifford+T_033  observable: ZIIIIIIIII
    » [17:32:33]  10q / 7_Clifford+T_033  observable=ZIIIIIIIII  computing ground truth (PennyLane default.qubit)...
    · [   0.0s]  ground_truth = 1.000000
    » [17:32:33]  (#8) 10q / 7_Clifford+T_033 / noisy_vanilla  starting...
    » [17:32:36]  (#8) 10q / 7_Clifford+T_033 / cut_divided_budget  starting...
/home/local/ADUNIPI/a044855/cutandinc/newcut/lib/python3.12/site-packages/pennylane/qcut/cutstrategy.py:367: UserWarning: The number of partition attempts seems high (40).
  warnings.warn(f"The number of partition attempts seems high ({len(ks)}).")
    ✓ [  27.2s]  (#8) 10q / 7_Clifford+T_033 / cut_divided_budget
    » [17:33:03]  (#8) 10q / 7_Clifford+T_033 / cut_qubit_prop  starting...
    ✓ [  18.8s]  (#8) 10q / 7_Clifford+T_033 / cut_qubit_prop
    » [17:33:21]  (#8) 10q / 7_Clifford+T_033 / cut_incremental_budget  starting...
    ✓ [ 473.9s]  (#8) 10q / 7_Clifford+T_033 / cut_incremental_budget
    » [17:41:15]  (#8) 10q / 7_Clifford+T_033 / cut_incremental_qubit_prop  starting...
    ✓ [ 493.0s]  (#8) 10q / 7_Clifford+T_033 / cut_incremental_qubit_prop

[9/10] 10q / 8_Clifford+T_039  observable: ZIIIIIIIII
    » [17:49:28]  10q / 8_Clifford+T_039  observable=ZIIIIIIIII  computing ground truth (PennyLane default.qubit)...
    · [   0.0s]  ground_truth = 0.000000
    » [17:49:28]  (#9) 10q / 8_Clifford+T_039 / noisy_vanilla  starting...
    » [17:49:31]  (#9) 10q / 8_Clifford+T_039 / cut_divided_budget  starting...
/home/local/ADUNIPI/a044855/cutandinc/newcut/lib/python3.12/site-packages/pennylane/qcut/cutstrategy.py:367: UserWarning: The number of partition attempts seems high (40).
  warnings.warn(f"The number of partition attempts seems high ({len(ks)}).")
    ✓ [  84.1s]  (#9) 10q / 8_Clifford+T_039 / cut_divided_budget
    » [17:50:55]  (#9) 10q / 8_Clifford+T_039 / cut_qubit_prop  starting...
    ✓ [  77.5s]  (#9) 10q / 8_Clifford+T_039 / cut_qubit_prop
    » [17:52:13]  (#9) 10q / 8_Clifford+T_039 / cut_incremental_budget  starting...
    ✓ [ 532.4s]  (#9) 10q / 8_Clifford+T_039 / cut_incremental_budget
    » [18:01:05]  (#9) 10q / 8_Clifford+T_039 / cut_incremental_qubit_prop  starting...
    ✓ [ 542.5s]  (#9) 10q / 8_Clifford+T_039 / cut_incremental_qubit_prop

[10/10] 10q / 9_Clifford+T_041  observable: ZIIIIIIIII
    » [18:10:08]  10q / 9_Clifford+T_041  observable=ZIIIIIIIII  computing ground truth (PennyLane default.qubit)...
    · [   0.0s]  ground_truth = 1.000000
    » [18:10:08]  (#10) 10q / 9_Clifford+T_041 / noisy_vanilla  starting...
    » [18:10:10]  (#10) 10q / 9_Clifford+T_041 / cut_divided_budget  starting...
/home/local/ADUNIPI/a044855/cutandinc/newcut/lib/python3.12/site-packages/pennylane/qcut/cutstrategy.py:367: UserWarning: The number of partition attempts seems high (40).
  warnings.warn(f"The number of partition attempts seems high ({len(ks)}).")
    ✓ [  25.9s]  (#10) 10q / 9_Clifford+T_041 / cut_divided_budget
    » [18:10:36]  (#10) 10q / 9_Clifford+T_041 / cut_qubit_prop  starting...
    ✓ [  18.3s]  (#10) 10q / 9_Clifford+T_041 / cut_qubit_prop
    » [18:10:55]  (#10) 10q / 9_Clifford+T_041 / cut_incremental_budget  starting...
    ✓ [ 471.9s]  (#10) 10q / 9_Clifford+T_041 / cut_incremental_budget
    » [18:18:46]  (#10) 10q / 9_Clifford+T_041 / cut_incremental_qubit_prop  starting...
    ✓ [ 485.4s]  (#10) 10q / 9_Clifford+T_041 / cut_incremental_qubit_prop

============================================================
  Finished :   40  mode runs
  Failed   :    0  mode runs
============================================================

Merged CSV -> results/new/stable_shots_runs02_10-14q_no_vanilla/10000_shots/torino/10_qubits/summary.csv
Run log    -> results/new/stable_shots_runs02_10-14q_no_vanilla/10000_shots/torino/10_qubits/run.log
Per-mode JSON -> results/new/stable_shots_runs02_10-14q_no_vanilla/10000_shots/torino/10_qubits/<qubits>q/<circuit>/<mode>.json
	Command being timed: "python main_new_new.py --circuits-pkl only_cliffordt/clif10.pkl --shots 10000 --noisy-backend aer.fake_torino --seed-simulator 42 --modes cut_divided_budget cut_qubit_prop cut_incremental_budget cut_incremental_qubit_prop --incremental-config configs/stable_shots.json --parallel-circuits 1 --output-dir results/new/stable_shots_runs02_10-14q_no_vanilla/10000_shots/torino/10_qubits"
	User time (seconds): 11346.00
	System time (seconds): 8.11
	Percent of CPU this job got: 99%
	Elapsed (wall clock) time (h:mm:ss or m:ss): 3:09:14
	Average shared text size (kbytes): 0
	Average unshared data size (kbytes): 0
	Average stack size (kbytes): 0
	Average total size (kbytes): 0
	Maximum resident set size (kbytes): 629400
	Average resident set size (kbytes): 0
	Major (requiring I/O) page faults: 0
	Minor (reclaiming a frame) page faults: 2413744
	Voluntary context switches: 81119
	Involuntary context switches: 10047
	Swaps: 0
	File system inputs: 0
	File system outputs: 3744
	Socket messages sent: 0
	Socket messages received: 0
	Signals delivered: 0
	Page size (bytes): 4096
	Exit status: 0
[Mon Jun 15 06:26:53 PM UTC 2026] Finished 10 qubits | shots=10000 | backend=aer.fake_torino
