[Fri Jun 12 11:52:25 PM UTC 2026] Starting 12 qubits | shots=10000 | backend=aer.fake_sherbrooke
[Fri Jun 12 11:52:25 PM UTC 2026] Per-job memory limit: 6GB virtual memory

[1/10] 12q / 0_Clifford+T_001  observable: ZIIIIIIIIIII
    » [23:52:30]  12q / 0_Clifford+T_001  observable=ZIIIIIIIIIII  computing ground truth (PennyLane default.qubit)...
    · [   0.3s]  ground_truth = 0.000000
    » [23:52:30]  (#1) 12q / 0_Clifford+T_001 / noisy_vanilla  starting...
    » [23:52:38]  (#1) 12q / 0_Clifford+T_001 / cut_divided_budget  starting...
/home/a.brogi/cut_and_inc/env/lib/python3.10/site-packages/pennylane/qcut/cutstrategy.py:367: UserWarning: The numer of partition attempts seems high (40).
  warnings.warn(f"The numer of partition attempts seems high ({len(ks)}).")
    ✓ [  18.1s]  (#1) 12q / 0_Clifford+T_001 / cut_divided_budget
    » [23:52:56]  (#1) 12q / 0_Clifford+T_001 / cut_qubit_prop  starting...
    ✓ [  11.6s]  (#1) 12q / 0_Clifford+T_001 / cut_qubit_prop
    » [23:53:08]  (#1) 12q / 0_Clifford+T_001 / cut_incremental_budget  starting...
    ✓ [ 289.6s]  (#1) 12q / 0_Clifford+T_001 / cut_incremental_budget
    » [23:57:57]  (#1) 12q / 0_Clifford+T_001 / cut_incremental_qubit_prop  starting...
    ✓ [ 298.9s]  (#1) 12q / 0_Clifford+T_001 / cut_incremental_qubit_prop

[2/10] 12q / 1_Clifford+T_002  observable: ZIIIIIIIIIII
    » [00:02:56]  12q / 1_Clifford+T_002  observable=ZIIIIIIIIIII  computing ground truth (PennyLane default.qubit)...
    · [   0.0s]  ground_truth = 1.000000
    » [00:02:56]  (#2) 12q / 1_Clifford+T_002 / noisy_vanilla  starting...
    » [00:03:05]  (#2) 12q / 1_Clifford+T_002 / cut_divided_budget  starting...
/home/a.brogi/cut_and_inc/env/lib/python3.10/site-packages/pennylane/qcut/cutstrategy.py:367: UserWarning: The numer of partition attempts seems high (40).
  warnings.warn(f"The numer of partition attempts seems high ({len(ks)}).")
    ✓ [  56.7s]  (#2) 12q / 1_Clifford+T_002 / cut_divided_budget
    » [00:04:02]  (#2) 12q / 1_Clifford+T_002 / cut_qubit_prop  starting...
    ✓ [  52.5s]  (#2) 12q / 1_Clifford+T_002 / cut_qubit_prop
    » [00:04:54]  (#2) 12q / 1_Clifford+T_002 / cut_incremental_budget  starting...
    ✓ [ 329.3s]  (#2) 12q / 1_Clifford+T_002 / cut_incremental_budget
    » [00:10:24]  (#2) 12q / 1_Clifford+T_002 / cut_incremental_qubit_prop  starting...
    ✓ [ 311.8s]  (#2) 12q / 1_Clifford+T_002 / cut_incremental_qubit_prop

[3/10] 12q / 2_Clifford+T_004  observable: ZIIIIIIIIIII
    » [00:15:35]  12q / 2_Clifford+T_004  observable=ZIIIIIIIIIII  computing ground truth (PennyLane default.qubit)...
    · [   0.0s]  ground_truth = 1.000000
    » [00:15:35]  (#3) 12q / 2_Clifford+T_004 / noisy_vanilla  starting...
    » [00:15:44]  (#3) 12q / 2_Clifford+T_004 / cut_divided_budget  starting...
/home/a.brogi/cut_and_inc/env/lib/python3.10/site-packages/pennylane/qcut/cutstrategy.py:367: UserWarning: The numer of partition attempts seems high (40).
  warnings.warn(f"The numer of partition attempts seems high ({len(ks)}).")
    ✓ [  22.3s]  (#3) 12q / 2_Clifford+T_004 / cut_divided_budget
    » [00:16:06]  (#3) 12q / 2_Clifford+T_004 / cut_qubit_prop  starting...
    ✓ [  18.1s]  (#3) 12q / 2_Clifford+T_004 / cut_qubit_prop
    » [00:16:25]  (#3) 12q / 2_Clifford+T_004 / cut_incremental_budget  starting...
    ✓ [ 295.1s]  (#3) 12q / 2_Clifford+T_004 / cut_incremental_budget
    » [00:21:20]  (#3) 12q / 2_Clifford+T_004 / cut_incremental_qubit_prop  starting...
    ✓ [ 308.6s]  (#3) 12q / 2_Clifford+T_004 / cut_incremental_qubit_prop

[4/10] 12q / 3_Clifford+T_006  observable: ZIIIIIIIIIII
    » [00:26:28]  12q / 3_Clifford+T_006  observable=ZIIIIIIIIIII  computing ground truth (PennyLane default.qubit)...
    · [   0.0s]  ground_truth = 1.000000
    » [00:26:28]  (#4) 12q / 3_Clifford+T_006 / noisy_vanilla  starting...
    » [00:26:36]  (#4) 12q / 3_Clifford+T_006 / cut_divided_budget  starting...
/home/a.brogi/cut_and_inc/env/lib/python3.10/site-packages/pennylane/qcut/cutstrategy.py:367: UserWarning: The numer of partition attempts seems high (40).
  warnings.warn(f"The numer of partition attempts seems high ({len(ks)}).")
    ✓ [  18.3s]  (#4) 12q / 3_Clifford+T_006 / cut_divided_budget
    » [00:26:55]  (#4) 12q / 3_Clifford+T_006 / cut_qubit_prop  starting...
    ✓ [  11.9s]  (#4) 12q / 3_Clifford+T_006 / cut_qubit_prop
    » [00:27:07]  (#4) 12q / 3_Clifford+T_006 / cut_incremental_budget  starting...
    ✓ [ 293.6s]  (#4) 12q / 3_Clifford+T_006 / cut_incremental_budget
    » [00:32:00]  (#4) 12q / 3_Clifford+T_006 / cut_incremental_qubit_prop  starting...
    ✓ [ 301.6s]  (#4) 12q / 3_Clifford+T_006 / cut_incremental_qubit_prop

[5/10] 12q / 4_Clifford+T_011  observable: ZIIIIIIIIIII
    » [00:37:02]  12q / 4_Clifford+T_011  observable=ZIIIIIIIIIII  computing ground truth (PennyLane default.qubit)...
    · [   0.0s]  ground_truth = 0.000000
    » [00:37:02]  (#5) 12q / 4_Clifford+T_011 / noisy_vanilla  starting...
    » [00:37:11]  (#5) 12q / 4_Clifford+T_011 / cut_divided_budget  starting...
/home/a.brogi/cut_and_inc/env/lib/python3.10/site-packages/pennylane/qcut/cutstrategy.py:367: UserWarning: The numer of partition attempts seems high (40).
  warnings.warn(f"The numer of partition attempts seems high ({len(ks)}).")
    ✓ [  57.7s]  (#5) 12q / 4_Clifford+T_011 / cut_divided_budget
    » [00:38:09]  (#5) 12q / 4_Clifford+T_011 / cut_qubit_prop  starting...
    ✓ [  53.8s]  (#5) 12q / 4_Clifford+T_011 / cut_qubit_prop
    » [00:39:02]  (#5) 12q / 4_Clifford+T_011 / cut_incremental_budget  starting...
    ✓ [ 333.0s]  (#5) 12q / 4_Clifford+T_011 / cut_incremental_budget
    » [00:44:35]  (#5) 12q / 4_Clifford+T_011 / cut_incremental_qubit_prop  starting...
    ✓ [ 315.2s]  (#5) 12q / 4_Clifford+T_011 / cut_incremental_qubit_prop

[6/10] 12q / 5_Clifford+T_013  observable: ZIIIIIIIIIII
    » [00:49:51]  12q / 5_Clifford+T_013  observable=ZIIIIIIIIIII  computing ground truth (PennyLane default.qubit)...
    · [   0.0s]  ground_truth = 1.000000
    » [00:49:51]  (#6) 12q / 5_Clifford+T_013 / noisy_vanilla  starting...
    » [00:50:01]  (#6) 12q / 5_Clifford+T_013 / cut_divided_budget  starting...
/home/a.brogi/cut_and_inc/env/lib/python3.10/site-packages/pennylane/qcut/cutstrategy.py:367: UserWarning: The numer of partition attempts seems high (40).
  warnings.warn(f"The numer of partition attempts seems high ({len(ks)}).")
    ✓ [  53.1s]  (#6) 12q / 5_Clifford+T_013 / cut_divided_budget
    » [00:50:55]  (#6) 12q / 5_Clifford+T_013 / cut_qubit_prop  starting...
    ✓ [  46.3s]  (#6) 12q / 5_Clifford+T_013 / cut_qubit_prop
    » [00:51:41]  (#6) 12q / 5_Clifford+T_013 / cut_incremental_budget  starting...
    ✓ [ 335.7s]  (#6) 12q / 5_Clifford+T_013 / cut_incremental_budget
    » [00:57:17]  (#6) 12q / 5_Clifford+T_013 / cut_incremental_qubit_prop  starting...
    ✓ [ 335.2s]  (#6) 12q / 5_Clifford+T_013 / cut_incremental_qubit_prop

[7/10] 12q / 6_Clifford+T_015  observable: ZIIIIIIIIIII
    » [01:02:52]  12q / 6_Clifford+T_015  observable=ZIIIIIIIIIII  computing ground truth (PennyLane default.qubit)...
    · [   0.0s]  ground_truth = 0.000000
    » [01:02:52]  (#7) 12q / 6_Clifford+T_015 / noisy_vanilla  starting...
    » [01:03:00]  (#7) 12q / 6_Clifford+T_015 / cut_divided_budget  starting...
/home/a.brogi/cut_and_inc/env/lib/python3.10/site-packages/pennylane/qcut/cutstrategy.py:367: UserWarning: The numer of partition attempts seems high (40).
  warnings.warn(f"The numer of partition attempts seems high ({len(ks)}).")
    ✓ [  18.1s]  (#7) 12q / 6_Clifford+T_015 / cut_divided_budget
    » [01:03:18]  (#7) 12q / 6_Clifford+T_015 / cut_qubit_prop  starting...
    ✓ [  11.5s]  (#7) 12q / 6_Clifford+T_015 / cut_qubit_prop
    » [01:03:29]  (#7) 12q / 6_Clifford+T_015 / cut_incremental_budget  starting...
    ✓ [ 293.7s]  (#7) 12q / 6_Clifford+T_015 / cut_incremental_budget
    » [01:08:23]  (#7) 12q / 6_Clifford+T_015 / cut_incremental_qubit_prop  starting...
    ✓ [ 300.5s]  (#7) 12q / 6_Clifford+T_015 / cut_incremental_qubit_prop

[8/10] 12q / 7_Clifford+T_019  observable: ZIIIIIIIIIII
    » [01:13:24]  12q / 7_Clifford+T_019  observable=ZIIIIIIIIIII  computing ground truth (PennyLane default.qubit)...
    · [   0.0s]  ground_truth = 0.000000
    » [01:13:24]  (#8) 12q / 7_Clifford+T_019 / noisy_vanilla  starting...
    » [01:13:32]  (#8) 12q / 7_Clifford+T_019 / cut_divided_budget  starting...
/home/a.brogi/cut_and_inc/env/lib/python3.10/site-packages/pennylane/qcut/cutstrategy.py:367: UserWarning: The numer of partition attempts seems high (41).
  warnings.warn(f"The numer of partition attempts seems high ({len(ks)}).")
    ✓ [  10.9s]  (#8) 12q / 7_Clifford+T_019 / cut_divided_budget
    » [01:13:43]  (#8) 12q / 7_Clifford+T_019 / cut_qubit_prop  starting...
    ✓ [   2.9s]  (#8) 12q / 7_Clifford+T_019 / cut_qubit_prop
    » [01:13:46]  (#8) 12q / 7_Clifford+T_019 / cut_incremental_budget  starting...
    ✓ [ 307.6s]  (#8) 12q / 7_Clifford+T_019 / cut_incremental_budget
    » [01:18:54]  (#8) 12q / 7_Clifford+T_019 / cut_incremental_qubit_prop  starting...
    ✓ [ 307.5s]  (#8) 12q / 7_Clifford+T_019 / cut_incremental_qubit_prop

[9/10] 12q / 8_Clifford+T_021  observable: ZIIIIIIIIIII
    » [01:24:01]  12q / 8_Clifford+T_021  observable=ZIIIIIIIIIII  computing ground truth (PennyLane default.qubit)...
    · [   0.0s]  ground_truth = 0.000000
    » [01:24:01]  (#9) 12q / 8_Clifford+T_021 / noisy_vanilla  starting...
    » [01:24:08]  (#9) 12q / 8_Clifford+T_021 / cut_divided_budget  starting...
/home/a.brogi/cut_and_inc/env/lib/python3.10/site-packages/pennylane/qcut/cutstrategy.py:367: UserWarning: The numer of partition attempts seems high (40).
  warnings.warn(f"The numer of partition attempts seems high ({len(ks)}).")
    ✓ [  17.9s]  (#9) 12q / 8_Clifford+T_021 / cut_divided_budget
    » [01:24:26]  (#9) 12q / 8_Clifford+T_021 / cut_qubit_prop  starting...
    ✓ [  11.5s]  (#9) 12q / 8_Clifford+T_021 / cut_qubit_prop
    » [01:24:38]  (#9) 12q / 8_Clifford+T_021 / cut_incremental_budget  starting...
    ✓ [ 299.8s]  (#9) 12q / 8_Clifford+T_021 / cut_incremental_budget
    » [01:29:37]  (#9) 12q / 8_Clifford+T_021 / cut_incremental_qubit_prop  starting...
    ✓ [ 304.7s]  (#9) 12q / 8_Clifford+T_021 / cut_incremental_qubit_prop

[10/10] 12q / 9_Clifford+T_025  observable: ZIIIIIIIIIII
    » [01:34:42]  12q / 9_Clifford+T_025  observable=ZIIIIIIIIIII  computing ground truth (PennyLane default.qubit)...
    · [   0.0s]  ground_truth = -1.000000
    » [01:34:42]  (#10) 12q / 9_Clifford+T_025 / noisy_vanilla  starting...
    » [01:34:49]  (#10) 12q / 9_Clifford+T_025 / cut_divided_budget  starting...
/home/a.brogi/cut_and_inc/env/lib/python3.10/site-packages/pennylane/qcut/cutstrategy.py:367: UserWarning: The numer of partition attempts seems high (40).
  warnings.warn(f"The numer of partition attempts seems high ({len(ks)}).")
    ✓ [  55.4s]  (#10) 12q / 9_Clifford+T_025 / cut_divided_budget
    » [01:35:45]  (#10) 12q / 9_Clifford+T_025 / cut_qubit_prop  starting...
    ✓ [  48.4s]  (#10) 12q / 9_Clifford+T_025 / cut_qubit_prop
    » [01:36:33]  (#10) 12q / 9_Clifford+T_025 / cut_incremental_budget  starting...
    ✓ [ 331.4s]  (#10) 12q / 9_Clifford+T_025 / cut_incremental_budget
    » [01:42:04]  (#10) 12q / 9_Clifford+T_025 / cut_incremental_qubit_prop  starting...
    ✓ [ 333.3s]  (#10) 12q / 9_Clifford+T_025 / cut_incremental_qubit_prop

============================================================
  Finished :   40  mode runs
  Failed   :    0  mode runs
============================================================

Merged CSV -> results/new/stable_shots_runs_10-14q_no_vanilla/10000_shots/sherbrooke/12_qubits/summary.csv
Run log    -> results/new/stable_shots_runs_10-14q_no_vanilla/10000_shots/sherbrooke/12_qubits/run.log
Per-mode JSON -> results/new/stable_shots_runs_10-14q_no_vanilla/10000_shots/sherbrooke/12_qubits/<qubits>q/<circuit>/<mode>.json
	Command being timed: "python main_new_new.py --circuits-pkl only_cliffordt/clif12.pkl --shots 10000 --noisy-backend aer.fake_sherbrooke --seed-simulator 42 --modes cut_divided_budget cut_qubit_prop cut_incremental_budget cut_incremental_qubit_prop --incremental-config configs/stable_shots.json --parallel-circuits 1 --output-dir results/new/stable_shots_runs_10-14q_no_vanilla/10000_shots/sherbrooke/12_qubits"
	User time (seconds): 6906.47
	System time (seconds): 3.66
	Percent of CPU this job got: 99%
	Elapsed (wall clock) time (h:mm:ss or m:ss): 1:55:14
	Average shared text size (kbytes): 0
	Average unshared data size (kbytes): 0
	Average stack size (kbytes): 0
	Average total size (kbytes): 0
	Maximum resident set size (kbytes): 684600
	Average resident set size (kbytes): 0
	Major (requiring I/O) page faults: 0
	Minor (reclaiming a frame) page faults: 1008852
	Voluntary context switches: 62718
	Involuntary context switches: 141086
	Swaps: 0
	File system inputs: 0
	File system outputs: 3928
	Socket messages sent: 0
	Socket messages received: 0
	Signals delivered: 0
	Page size (bytes): 4096
	Exit status: 0
[Sat Jun 13 01:47:39 AM UTC 2026] Finished 12 qubits | shots=10000 | backend=aer.fake_sherbrooke
