[Mon Jun 15 12:29:08 PM UTC 2026] Starting 10 qubits | shots=5000 | backend=aer.fake_kawasaki
[Mon Jun 15 12:29:08 PM UTC 2026] Per-job memory limit: 6GB virtual memory

[1/10] 10q / 0_Clifford+T_001  observable: ZIIIIIIIII
/home/local/ADUNIPI/a044855/cutandinc/newcut/lib/python3.12/site-packages/qiskit_ibm_runtime/fake_provider/backends/nighthawk/fake_nighthawk.py:76: UserWarning: Properties of fake_nighthawk are not intended to represent typical nighthawk error values.
  warnings.warn(
    » [12:29:14]  10q / 0_Clifford+T_001  observable=ZIIIIIIIII  computing ground truth (PennyLane default.qubit)...
    · [   0.4s]  ground_truth = -1.000000
    » [12:29:15]  (#1) 10q / 0_Clifford+T_001 / noisy_vanilla  starting...
    » [12:29:17]  (#1) 10q / 0_Clifford+T_001 / cut_divided_budget  starting...
/home/local/ADUNIPI/a044855/cutandinc/newcut/lib/python3.12/site-packages/pennylane/qcut/cutstrategy.py:367: UserWarning: The number of partition attempts seems high (40).
  warnings.warn(f"The number of partition attempts seems high ({len(ks)}).")
    ✓ [  48.1s]  (#1) 10q / 0_Clifford+T_001 / cut_divided_budget
    » [12:30:05]  (#1) 10q / 0_Clifford+T_001 / cut_qubit_prop  starting...
    ✓ [  40.1s]  (#1) 10q / 0_Clifford+T_001 / cut_qubit_prop
    » [12:30:45]  (#1) 10q / 0_Clifford+T_001 / cut_incremental_budget  starting...
    ✓ [ 158.9s]  (#1) 10q / 0_Clifford+T_001 / cut_incremental_budget
    » [12:33:24]  (#1) 10q / 0_Clifford+T_001 / cut_incremental_qubit_prop  starting...
    ✓ [ 140.4s]  (#1) 10q / 0_Clifford+T_001 / cut_incremental_qubit_prop

[2/10] 10q / 1_Clifford+T_004  observable: ZIIIIIIIII
    » [12:35:44]  10q / 1_Clifford+T_004  observable=ZIIIIIIIII  computing ground truth (PennyLane default.qubit)...
    · [   0.0s]  ground_truth = 0.000000
    » [12:35:44]  (#2) 10q / 1_Clifford+T_004 / noisy_vanilla  starting...
    » [12:35:46]  (#2) 10q / 1_Clifford+T_004 / cut_divided_budget  starting...
/home/local/ADUNIPI/a044855/cutandinc/newcut/lib/python3.12/site-packages/pennylane/qcut/cutstrategy.py:367: UserWarning: The number of partition attempts seems high (40).
  warnings.warn(f"The number of partition attempts seems high ({len(ks)}).")
    ✓ [  17.3s]  (#2) 10q / 1_Clifford+T_004 / cut_divided_budget
    » [12:36:03]  (#2) 10q / 1_Clifford+T_004 / cut_qubit_prop  starting...
    ✓ [   9.8s]  (#2) 10q / 1_Clifford+T_004 / cut_qubit_prop
    » [12:36:13]  (#2) 10q / 1_Clifford+T_004 / cut_incremental_budget  starting...
    ✓ [ 127.2s]  (#2) 10q / 1_Clifford+T_004 / cut_incremental_budget
    » [12:38:20]  (#2) 10q / 1_Clifford+T_004 / cut_incremental_qubit_prop  starting...
    ✓ [ 131.8s]  (#2) 10q / 1_Clifford+T_004 / cut_incremental_qubit_prop

[3/10] 10q / 2_Clifford+T_008  observable: ZIIIIIIIII
    » [12:40:32]  10q / 2_Clifford+T_008  observable=ZIIIIIIIII  computing ground truth (PennyLane default.qubit)...
    · [   0.0s]  ground_truth = 1.000000
    » [12:40:32]  (#3) 10q / 2_Clifford+T_008 / noisy_vanilla  starting...
    » [12:40:34]  (#3) 10q / 2_Clifford+T_008 / cut_divided_budget  starting...
/home/local/ADUNIPI/a044855/cutandinc/newcut/lib/python3.12/site-packages/pennylane/qcut/cutstrategy.py:367: UserWarning: The number of partition attempts seems high (40).
  warnings.warn(f"The number of partition attempts seems high ({len(ks)}).")
    ✓ [  47.3s]  (#3) 10q / 2_Clifford+T_008 / cut_divided_budget
    » [12:41:21]  (#3) 10q / 2_Clifford+T_008 / cut_qubit_prop  starting...
    ✓ [  40.3s]  (#3) 10q / 2_Clifford+T_008 / cut_qubit_prop
    » [12:42:01]  (#3) 10q / 2_Clifford+T_008 / cut_incremental_budget  starting...
    ✓ [ 158.8s]  (#3) 10q / 2_Clifford+T_008 / cut_incremental_budget
    » [12:44:40]  (#3) 10q / 2_Clifford+T_008 / cut_incremental_qubit_prop  starting...
    ✓ [ 140.4s]  (#3) 10q / 2_Clifford+T_008 / cut_incremental_qubit_prop

[4/10] 10q / 3_Clifford+T_015  observable: ZIIIIIIIII
    » [12:47:00]  10q / 3_Clifford+T_015  observable=ZIIIIIIIII  computing ground truth (PennyLane default.qubit)...
    · [   0.0s]  ground_truth = 1.000000
    » [12:47:00]  (#4) 10q / 3_Clifford+T_015 / noisy_vanilla  starting...
    » [12:47:02]  (#4) 10q / 3_Clifford+T_015 / cut_divided_budget  starting...
/home/local/ADUNIPI/a044855/cutandinc/newcut/lib/python3.12/site-packages/pennylane/qcut/cutstrategy.py:367: UserWarning: The number of partition attempts seems high (40).
  warnings.warn(f"The number of partition attempts seems high ({len(ks)}).")
    ✓ [  16.4s]  (#4) 10q / 3_Clifford+T_015 / cut_divided_budget
    » [12:47:19]  (#4) 10q / 3_Clifford+T_015 / cut_qubit_prop  starting...
    ✓ [   9.7s]  (#4) 10q / 3_Clifford+T_015 / cut_qubit_prop
    » [12:47:28]  (#4) 10q / 3_Clifford+T_015 / cut_incremental_budget  starting...
    ✓ [ 128.5s]  (#4) 10q / 3_Clifford+T_015 / cut_incremental_budget
    » [12:49:37]  (#4) 10q / 3_Clifford+T_015 / cut_incremental_qubit_prop  starting...
    ✓ [ 130.0s]  (#4) 10q / 3_Clifford+T_015 / cut_incremental_qubit_prop

[5/10] 10q / 4_Clifford+T_024  observable: ZIIIIIIIII
    » [12:51:47]  10q / 4_Clifford+T_024  observable=ZIIIIIIIII  computing ground truth (PennyLane default.qubit)...
    · [   0.0s]  ground_truth = 0.000000
    » [12:51:47]  (#5) 10q / 4_Clifford+T_024 / noisy_vanilla  starting...
    » [12:51:48]  (#5) 10q / 4_Clifford+T_024 / cut_divided_budget  starting...
/home/local/ADUNIPI/a044855/cutandinc/newcut/lib/python3.12/site-packages/pennylane/qcut/cutstrategy.py:367: UserWarning: The number of partition attempts seems high (40).
  warnings.warn(f"The number of partition attempts seems high ({len(ks)}).")
    ✓ [  47.6s]  (#5) 10q / 4_Clifford+T_024 / cut_divided_budget
    » [12:52:36]  (#5) 10q / 4_Clifford+T_024 / cut_qubit_prop  starting...
    ✓ [  40.3s]  (#5) 10q / 4_Clifford+T_024 / cut_qubit_prop
    » [12:53:16]  (#5) 10q / 4_Clifford+T_024 / cut_incremental_budget  starting...
    ✓ [ 159.7s]  (#5) 10q / 4_Clifford+T_024 / cut_incremental_budget
    » [12:55:56]  (#5) 10q / 4_Clifford+T_024 / cut_incremental_qubit_prop  starting...
    ✓ [ 140.6s]  (#5) 10q / 4_Clifford+T_024 / cut_incremental_qubit_prop

[6/10] 10q / 5_Clifford+T_026  observable: ZIIIIIIIII
    » [12:58:17]  10q / 5_Clifford+T_026  observable=ZIIIIIIIII  computing ground truth (PennyLane default.qubit)...
    · [   0.0s]  ground_truth = 1.000000
    » [12:58:17]  (#6) 10q / 5_Clifford+T_026 / noisy_vanilla  starting...
    » [12:58:18]  (#6) 10q / 5_Clifford+T_026 / cut_divided_budget  starting...
/home/local/ADUNIPI/a044855/cutandinc/newcut/lib/python3.12/site-packages/pennylane/qcut/cutstrategy.py:367: UserWarning: The number of partition attempts seems high (40).
  warnings.warn(f"The number of partition attempts seems high ({len(ks)}).")
    ✓ [  45.8s]  (#6) 10q / 5_Clifford+T_026 / cut_divided_budget
    » [12:59:04]  (#6) 10q / 5_Clifford+T_026 / cut_qubit_prop  starting...
    ✓ [  38.4s]  (#6) 10q / 5_Clifford+T_026 / cut_qubit_prop
    » [12:59:43]  (#6) 10q / 5_Clifford+T_026 / cut_incremental_budget  starting...
    ✓ [ 160.1s]  (#6) 10q / 5_Clifford+T_026 / cut_incremental_budget
    » [13:02:23]  (#6) 10q / 5_Clifford+T_026 / cut_incremental_qubit_prop  starting...
    ✓ [ 139.4s]  (#6) 10q / 5_Clifford+T_026 / cut_incremental_qubit_prop

[7/10] 10q / 6_Clifford+T_032  observable: ZIIIIIIIII
    » [13:04:42]  10q / 6_Clifford+T_032  observable=ZIIIIIIIII  computing ground truth (PennyLane default.qubit)...
    · [   0.0s]  ground_truth = 1.000000
    » [13:04:42]  (#7) 10q / 6_Clifford+T_032 / noisy_vanilla  starting...
    » [13:04:44]  (#7) 10q / 6_Clifford+T_032 / cut_divided_budget  starting...
/home/local/ADUNIPI/a044855/cutandinc/newcut/lib/python3.12/site-packages/pennylane/qcut/cutstrategy.py:367: UserWarning: The number of partition attempts seems high (40).
  warnings.warn(f"The number of partition attempts seems high ({len(ks)}).")
    ✓ [  17.6s]  (#7) 10q / 6_Clifford+T_032 / cut_divided_budget
    » [13:05:01]  (#7) 10q / 6_Clifford+T_032 / cut_qubit_prop  starting...
    ✓ [  10.0s]  (#7) 10q / 6_Clifford+T_032 / cut_qubit_prop
    » [13:05:11]  (#7) 10q / 6_Clifford+T_032 / cut_incremental_budget  starting...
    ✓ [ 128.7s]  (#7) 10q / 6_Clifford+T_032 / cut_incremental_budget
    » [13:07:20]  (#7) 10q / 6_Clifford+T_032 / cut_incremental_qubit_prop  starting...
    ✓ [ 131.6s]  (#7) 10q / 6_Clifford+T_032 / cut_incremental_qubit_prop

[8/10] 10q / 7_Clifford+T_033  observable: ZIIIIIIIII
    » [13:09:32]  10q / 7_Clifford+T_033  observable=ZIIIIIIIII  computing ground truth (PennyLane default.qubit)...
    · [   0.0s]  ground_truth = 1.000000
    » [13:09:32]  (#8) 10q / 7_Clifford+T_033 / noisy_vanilla  starting...
    » [13:09:33]  (#8) 10q / 7_Clifford+T_033 / cut_divided_budget  starting...
/home/local/ADUNIPI/a044855/cutandinc/newcut/lib/python3.12/site-packages/pennylane/qcut/cutstrategy.py:367: UserWarning: The number of partition attempts seems high (40).
  warnings.warn(f"The number of partition attempts seems high ({len(ks)}).")
    ✓ [  17.4s]  (#8) 10q / 7_Clifford+T_033 / cut_divided_budget
    » [13:09:51]  (#8) 10q / 7_Clifford+T_033 / cut_qubit_prop  starting...
    ✓ [  10.2s]  (#8) 10q / 7_Clifford+T_033 / cut_qubit_prop
    » [13:10:01]  (#8) 10q / 7_Clifford+T_033 / cut_incremental_budget  starting...
    ✓ [ 129.9s]  (#8) 10q / 7_Clifford+T_033 / cut_incremental_budget
    » [13:12:11]  (#8) 10q / 7_Clifford+T_033 / cut_incremental_qubit_prop  starting...
    ✓ [ 133.8s]  (#8) 10q / 7_Clifford+T_033 / cut_incremental_qubit_prop

[9/10] 10q / 8_Clifford+T_039  observable: ZIIIIIIIII
    » [13:14:25]  10q / 8_Clifford+T_039  observable=ZIIIIIIIII  computing ground truth (PennyLane default.qubit)...
    · [   0.0s]  ground_truth = 0.000000
    » [13:14:25]  (#9) 10q / 8_Clifford+T_039 / noisy_vanilla  starting...
    » [13:14:26]  (#9) 10q / 8_Clifford+T_039 / cut_divided_budget  starting...
/home/local/ADUNIPI/a044855/cutandinc/newcut/lib/python3.12/site-packages/pennylane/qcut/cutstrategy.py:367: UserWarning: The number of partition attempts seems high (40).
  warnings.warn(f"The number of partition attempts seems high ({len(ks)}).")
    ✓ [  47.7s]  (#9) 10q / 8_Clifford+T_039 / cut_divided_budget
    » [13:15:14]  (#9) 10q / 8_Clifford+T_039 / cut_qubit_prop  starting...
    ✓ [  40.5s]  (#9) 10q / 8_Clifford+T_039 / cut_qubit_prop
    » [13:15:54]  (#9) 10q / 8_Clifford+T_039 / cut_incremental_budget  starting...
    ✓ [ 162.3s]  (#9) 10q / 8_Clifford+T_039 / cut_incremental_budget
    » [13:18:37]  (#9) 10q / 8_Clifford+T_039 / cut_incremental_qubit_prop  starting...
    ✓ [ 143.1s]  (#9) 10q / 8_Clifford+T_039 / cut_incremental_qubit_prop

[10/10] 10q / 9_Clifford+T_041  observable: ZIIIIIIIII
    » [13:21:00]  10q / 9_Clifford+T_041  observable=ZIIIIIIIII  computing ground truth (PennyLane default.qubit)...
    · [   0.0s]  ground_truth = 1.000000
    » [13:21:00]  (#10) 10q / 9_Clifford+T_041 / noisy_vanilla  starting...
    » [13:21:02]  (#10) 10q / 9_Clifford+T_041 / cut_divided_budget  starting...
/home/local/ADUNIPI/a044855/cutandinc/newcut/lib/python3.12/site-packages/pennylane/qcut/cutstrategy.py:367: UserWarning: The number of partition attempts seems high (40).
  warnings.warn(f"The number of partition attempts seems high ({len(ks)}).")
    ✓ [  16.8s]  (#10) 10q / 9_Clifford+T_041 / cut_divided_budget
    » [13:21:19]  (#10) 10q / 9_Clifford+T_041 / cut_qubit_prop  starting...
    ✓ [   9.9s]  (#10) 10q / 9_Clifford+T_041 / cut_qubit_prop
    » [13:21:28]  (#10) 10q / 9_Clifford+T_041 / cut_incremental_budget  starting...
    ✓ [ 130.9s]  (#10) 10q / 9_Clifford+T_041 / cut_incremental_budget
    » [13:23:39]  (#10) 10q / 9_Clifford+T_041 / cut_incremental_qubit_prop  starting...
    ✓ [ 130.6s]  (#10) 10q / 9_Clifford+T_041 / cut_incremental_qubit_prop

============================================================
  Finished :   40  mode runs
  Failed   :    0  mode runs
============================================================

Merged CSV -> results/new/stable_shots_runs02_10-14q_no_vanilla/5000_shots/kawasaki/10_qubits/summary.csv
Run log    -> results/new/stable_shots_runs02_10-14q_no_vanilla/5000_shots/kawasaki/10_qubits/run.log
Per-mode JSON -> results/new/stable_shots_runs02_10-14q_no_vanilla/5000_shots/kawasaki/10_qubits/<qubits>q/<circuit>/<mode>.json
	Command being timed: "python main_new_new.py --circuits-pkl only_cliffordt/clif10.pkl --shots 5000 --noisy-backend aer.fake_kawasaki --seed-simulator 42 --modes cut_divided_budget cut_qubit_prop cut_incremental_budget cut_incremental_qubit_prop --incremental-config configs/stable_shots.json --parallel-circuits 1 --output-dir results/new/stable_shots_runs02_10-14q_no_vanilla/5000_shots/kawasaki/10_qubits"
	User time (seconds): 3399.65
	System time (seconds): 2.68
	Percent of CPU this job got: 99%
	Elapsed (wall clock) time (h:mm:ss or m:ss): 56:43.04
	Average shared text size (kbytes): 0
	Average unshared data size (kbytes): 0
	Average stack size (kbytes): 0
	Average total size (kbytes): 0
	Maximum resident set size (kbytes): 483872
	Average resident set size (kbytes): 0
	Major (requiring I/O) page faults: 0
	Minor (reclaiming a frame) page faults: 616753
	Voluntary context switches: 22027
	Involuntary context switches: 6104
	Swaps: 0
	File system inputs: 712
	File system outputs: 3240
	Socket messages sent: 0
	Socket messages received: 0
	Signals delivered: 0
	Page size (bytes): 4096
	Exit status: 0
[Mon Jun 15 01:25:51 PM UTC 2026] Finished 10 qubits | shots=5000 | backend=aer.fake_kawasaki
