[Tue Jun 16 10:20:44 AM UTC 2026] Starting 15 qubits | shots=10000 | backend=aer.fake_torino
[Tue Jun 16 10:20:44 AM UTC 2026] Per-job memory limit: 6GB virtual memory

[1/10] 15q / 0_Clifford+T_003  observable: ZIIIIIIIIIIIIII
/home/local/ADUNIPI/a044855/cutandinc/newcut/lib/python3.12/site-packages/qiskit_ibm_runtime/fake_provider/backends/nighthawk/fake_nighthawk.py:76: UserWarning: Properties of fake_nighthawk are not intended to represent typical nighthawk error values.
  warnings.warn(
    » [10:20:53]  15q / 0_Clifford+T_003  observable=ZIIIIIIIIIIIIII  computing ground truth (PennyLane default.qubit)...
    · [   0.5s]  ground_truth = 0.000000
    » [10:20:54]  (#1) 15q / 0_Clifford+T_003 / noisy_vanilla  starting...
    » [10:26:32]  (#1) 15q / 0_Clifford+T_003 / cut_divided_budget  starting...
/home/local/ADUNIPI/a044855/cutandinc/newcut/lib/python3.12/site-packages/pennylane/qcut/cutstrategy.py:367: UserWarning: The number of partition attempts seems high (40).
  warnings.warn(f"The number of partition attempts seems high ({len(ks)}).")
    ✓ [  41.8s]  (#1) 15q / 0_Clifford+T_003 / cut_divided_budget
    » [10:27:14]  (#1) 15q / 0_Clifford+T_003 / cut_qubit_prop  starting...
    ✓ [  35.2s]  (#1) 15q / 0_Clifford+T_003 / cut_qubit_prop
    » [10:27:49]  (#1) 15q / 0_Clifford+T_003 / cut_incremental_budget  starting...
    ✓ [ 816.6s]  (#1) 15q / 0_Clifford+T_003 / cut_incremental_budget
    » [10:41:26]  (#1) 15q / 0_Clifford+T_003 / cut_incremental_qubit_prop  starting...
    ✓ [ 830.4s]  (#1) 15q / 0_Clifford+T_003 / cut_incremental_qubit_prop

[2/10] 15q / 1_Clifford+T_009  observable: ZIIIIIIIIIIIIII
    » [10:55:16]  15q / 1_Clifford+T_009  observable=ZIIIIIIIIIIIIII  computing ground truth (PennyLane default.qubit)...
    · [   0.0s]  ground_truth = 1.000000
    » [10:55:16]  (#2) 15q / 1_Clifford+T_009 / noisy_vanilla  starting...
    » [11:00:12]  (#2) 15q / 1_Clifford+T_009 / cut_divided_budget  starting...
/home/local/ADUNIPI/a044855/cutandinc/newcut/lib/python3.12/site-packages/pennylane/qcut/cutstrategy.py:367: UserWarning: The number of partition attempts seems high (40).
  warnings.warn(f"The number of partition attempts seems high ({len(ks)}).")
    ✓ [  29.2s]  (#2) 15q / 1_Clifford+T_009 / cut_divided_budget
    » [11:00:42]  (#2) 15q / 1_Clifford+T_009 / cut_qubit_prop  starting...
    ✓ [  18.9s]  (#2) 15q / 1_Clifford+T_009 / cut_qubit_prop
    » [11:01:01]  (#2) 15q / 1_Clifford+T_009 / cut_incremental_budget  starting...
    ✓ [ 498.7s]  (#2) 15q / 1_Clifford+T_009 / cut_incremental_budget
    » [11:09:19]  (#2) 15q / 1_Clifford+T_009 / cut_incremental_qubit_prop  starting...
    ✓ [ 506.2s]  (#2) 15q / 1_Clifford+T_009 / cut_incremental_qubit_prop

[3/10] 15q / 2_Clifford+T_011  observable: ZIIIIIIIIIIIIII
    » [11:17:46]  15q / 2_Clifford+T_011  observable=ZIIIIIIIIIIIIII  computing ground truth (PennyLane default.qubit)...
    · [   0.0s]  ground_truth = 1.000000
    » [11:17:46]  (#3) 15q / 2_Clifford+T_011 / noisy_vanilla  starting...
    » [11:20:33]  (#3) 15q / 2_Clifford+T_011 / cut_divided_budget  starting...
/home/local/ADUNIPI/a044855/cutandinc/newcut/lib/python3.12/site-packages/pennylane/qcut/cutstrategy.py:367: UserWarning: The number of partition attempts seems high (40).
  warnings.warn(f"The number of partition attempts seems high ({len(ks)}).")
    ✓ [  35.0s]  (#3) 15q / 2_Clifford+T_011 / cut_divided_budget
    » [11:21:08]  (#3) 15q / 2_Clifford+T_011 / cut_qubit_prop  starting...
    ✓ [  24.9s]  (#3) 15q / 2_Clifford+T_011 / cut_qubit_prop
    » [11:21:33]  (#3) 15q / 2_Clifford+T_011 / cut_incremental_budget  starting...
    ✓ [ 548.6s]  (#3) 15q / 2_Clifford+T_011 / cut_incremental_budget
    » [11:30:41]  (#3) 15q / 2_Clifford+T_011 / cut_incremental_qubit_prop  starting...
    ✓ [ 831.2s]  (#3) 15q / 2_Clifford+T_011 / cut_incremental_qubit_prop

[4/10] 15q / 3_Clifford+T_015  observable: ZIIIIIIIIIIIIII
    » [11:44:33]  15q / 3_Clifford+T_015  observable=ZIIIIIIIIIIIIII  computing ground truth (PennyLane default.qubit)...
    · [   0.0s]  ground_truth = 1.000000
    » [11:44:33]  (#4) 15q / 3_Clifford+T_015 / noisy_vanilla  starting...
    » [11:50:58]  (#4) 15q / 3_Clifford+T_015 / cut_divided_budget  starting...
/home/local/ADUNIPI/a044855/cutandinc/newcut/lib/python3.12/site-packages/pennylane/qcut/cutstrategy.py:367: UserWarning: The number of partition attempts seems high (41).
  warnings.warn(f"The number of partition attempts seems high ({len(ks)}).")
    ✓ [ 129.6s]  (#4) 15q / 3_Clifford+T_015 / cut_divided_budget
    » [11:53:08]  (#4) 15q / 3_Clifford+T_015 / cut_qubit_prop  starting...
    ✓ [  95.8s]  (#4) 15q / 3_Clifford+T_015 / cut_qubit_prop
    » [11:54:44]  (#4) 15q / 3_Clifford+T_015 / cut_incremental_budget  starting...
    ✓ [ 611.6s]  (#4) 15q / 3_Clifford+T_015 / cut_incremental_budget
    » [12:04:55]  (#4) 15q / 3_Clifford+T_015 / cut_incremental_qubit_prop  starting...
    ✓ [ 552.7s]  (#4) 15q / 3_Clifford+T_015 / cut_incremental_qubit_prop

[5/10] 15q / 4_Clifford+T_016  observable: ZIIIIIIIIIIIIII
    » [12:14:08]  15q / 4_Clifford+T_016  observable=ZIIIIIIIIIIIIII  computing ground truth (PennyLane default.qubit)...
    · [   0.0s]  ground_truth = 1.000000
    » [12:14:08]  (#5) 15q / 4_Clifford+T_016 / noisy_vanilla  starting...
    » [12:17:06]  (#5) 15q / 4_Clifford+T_016 / cut_divided_budget  starting...
/home/local/ADUNIPI/a044855/cutandinc/newcut/lib/python3.12/site-packages/pennylane/qcut/cutstrategy.py:367: UserWarning: The number of partition attempts seems high (41).
  warnings.warn(f"The number of partition attempts seems high ({len(ks)}).")
    ✓ [  29.6s]  (#5) 15q / 4_Clifford+T_016 / cut_divided_budget
    » [12:17:35]  (#5) 15q / 4_Clifford+T_016 / cut_qubit_prop  starting...
    ✓ [  19.3s]  (#5) 15q / 4_Clifford+T_016 / cut_qubit_prop
    » [12:17:55]  (#5) 15q / 4_Clifford+T_016 / cut_incremental_budget  starting...
    ✓ [ 492.6s]  (#5) 15q / 4_Clifford+T_016 / cut_incremental_budget
    » [12:26:07]  (#5) 15q / 4_Clifford+T_016 / cut_incremental_qubit_prop  starting...
    ✓ [ 492.4s]  (#5) 15q / 4_Clifford+T_016 / cut_incremental_qubit_prop

[6/10] 15q / 5_Clifford+T_018  observable: ZIIIIIIIIIIIIII
    » [12:34:20]  15q / 5_Clifford+T_018  observable=ZIIIIIIIIIIIIII  computing ground truth (PennyLane default.qubit)...
    · [   0.0s]  ground_truth = 1.000000
    » [12:34:20]  (#6) 15q / 5_Clifford+T_018 / noisy_vanilla  starting...
    » [12:37:15]  (#6) 15q / 5_Clifford+T_018 / cut_divided_budget  starting...
/home/local/ADUNIPI/a044855/cutandinc/newcut/lib/python3.12/site-packages/pennylane/qcut/cutstrategy.py:367: UserWarning: The number of partition attempts seems high (42).
  warnings.warn(f"The number of partition attempts seems high ({len(ks)}).")
    ✓ [  30.3s]  (#6) 15q / 5_Clifford+T_018 / cut_divided_budget
    » [12:37:46]  (#6) 15q / 5_Clifford+T_018 / cut_qubit_prop  starting...
    ✓ [  19.2s]  (#6) 15q / 5_Clifford+T_018 / cut_qubit_prop
    » [12:38:05]  (#6) 15q / 5_Clifford+T_018 / cut_incremental_budget  starting...
    ✓ [ 482.8s]  (#6) 15q / 5_Clifford+T_018 / cut_incremental_budget
    » [12:46:08]  (#6) 15q / 5_Clifford+T_018 / cut_incremental_qubit_prop  starting...
    ✓ [ 492.9s]  (#6) 15q / 5_Clifford+T_018 / cut_incremental_qubit_prop

[7/10] 15q / 6_Clifford+T_022  observable: ZIIIIIIIIIIIIII
    » [12:54:20]  15q / 6_Clifford+T_022  observable=ZIIIIIIIIIIIIII  computing ground truth (PennyLane default.qubit)...
    · [   0.0s]  ground_truth = 0.000000
    » [12:54:20]  (#7) 15q / 6_Clifford+T_022 / noisy_vanilla  starting...
    » [12:57:05]  (#7) 15q / 6_Clifford+T_022 / cut_divided_budget  starting...
/home/local/ADUNIPI/a044855/cutandinc/newcut/lib/python3.12/site-packages/pennylane/qcut/cutstrategy.py:367: UserWarning: The number of partition attempts seems high (40).
  warnings.warn(f"The number of partition attempts seems high ({len(ks)}).")
    ✓ [  29.9s]  (#7) 15q / 6_Clifford+T_022 / cut_divided_budget
    » [12:57:34]  (#7) 15q / 6_Clifford+T_022 / cut_qubit_prop  starting...
    ✓ [  18.7s]  (#7) 15q / 6_Clifford+T_022 / cut_qubit_prop
    » [12:57:53]  (#7) 15q / 6_Clifford+T_022 / cut_incremental_budget  starting...
    ✓ [ 484.2s]  (#7) 15q / 6_Clifford+T_022 / cut_incremental_budget
    » [13:05:57]  (#7) 15q / 6_Clifford+T_022 / cut_incremental_qubit_prop  starting...
    ✓ [ 492.9s]  (#7) 15q / 6_Clifford+T_022 / cut_incremental_qubit_prop

[8/10] 15q / 7_Clifford+T_023  observable: ZIIIIIIIIIIIIII
    » [13:14:10]  15q / 7_Clifford+T_023  observable=ZIIIIIIIIIIIIII  computing ground truth (PennyLane default.qubit)...
    · [   0.0s]  ground_truth = 1.000000
    » [13:14:10]  (#8) 15q / 7_Clifford+T_023 / noisy_vanilla  starting...
    » [13:16:53]  (#8) 15q / 7_Clifford+T_023 / cut_divided_budget  starting...
/home/local/ADUNIPI/a044855/cutandinc/newcut/lib/python3.12/site-packages/pennylane/qcut/cutstrategy.py:367: UserWarning: The number of partition attempts seems high (40).
  warnings.warn(f"The number of partition attempts seems high ({len(ks)}).")
    ✓ [  34.6s]  (#8) 15q / 7_Clifford+T_023 / cut_divided_budget
    » [13:17:27]  (#8) 15q / 7_Clifford+T_023 / cut_qubit_prop  starting...
    ✓ [  25.5s]  (#8) 15q / 7_Clifford+T_023 / cut_qubit_prop
    » [13:17:53]  (#8) 15q / 7_Clifford+T_023 / cut_incremental_budget  starting...
    ✓ [ 482.0s]  (#8) 15q / 7_Clifford+T_023 / cut_incremental_budget
    » [13:25:55]  (#8) 15q / 7_Clifford+T_023 / cut_incremental_qubit_prop  starting...
    ✓ [ 499.8s]  (#8) 15q / 7_Clifford+T_023 / cut_incremental_qubit_prop

[9/10] 15q / 8_Clifford+T_024  observable: ZIIIIIIIIIIIIII
    » [13:34:15]  15q / 8_Clifford+T_024  observable=ZIIIIIIIIIIIIII  computing ground truth (PennyLane default.qubit)...
    · [   0.0s]  ground_truth = 0.000000
    » [13:34:15]  (#9) 15q / 8_Clifford+T_024 / noisy_vanilla  starting...
    » [13:37:01]  (#9) 15q / 8_Clifford+T_024 / cut_divided_budget  starting...
/home/local/ADUNIPI/a044855/cutandinc/newcut/lib/python3.12/site-packages/pennylane/qcut/cutstrategy.py:367: UserWarning: The number of partition attempts seems high (40).
  warnings.warn(f"The number of partition attempts seems high ({len(ks)}).")
    ✓ [  44.4s]  (#9) 15q / 8_Clifford+T_024 / cut_divided_budget
    » [13:37:45]  (#9) 15q / 8_Clifford+T_024 / cut_qubit_prop  starting...
    ✓ [  47.1s]  (#9) 15q / 8_Clifford+T_024 / cut_qubit_prop
    » [13:38:32]  (#9) 15q / 8_Clifford+T_024 / cut_incremental_budget  starting...
    ✓ [ 577.3s]  (#9) 15q / 8_Clifford+T_024 / cut_incremental_budget
    » [13:48:10]  (#9) 15q / 8_Clifford+T_024 / cut_incremental_qubit_prop  starting...
    ✓ [ 872.8s]  (#9) 15q / 8_Clifford+T_024 / cut_incremental_qubit_prop

[10/10] 15q / 9_Clifford+T_026  observable: ZIIIIIIIIIIIIII
    » [14:02:43]  15q / 9_Clifford+T_026  observable=ZIIIIIIIIIIIIII  computing ground truth (PennyLane default.qubit)...
    · [   0.0s]  ground_truth = 1.000000
    » [14:02:43]  (#10) 15q / 9_Clifford+T_026 / noisy_vanilla  starting...
    » [14:08:11]  (#10) 15q / 9_Clifford+T_026 / cut_divided_budget  starting...
/home/local/ADUNIPI/a044855/cutandinc/newcut/lib/python3.12/site-packages/pennylane/qcut/cutstrategy.py:367: UserWarning: The number of partition attempts seems high (40).
  warnings.warn(f"The number of partition attempts seems high ({len(ks)}).")
    ✓ [  72.2s]  (#10) 15q / 9_Clifford+T_026 / cut_divided_budget
    » [14:09:23]  (#10) 15q / 9_Clifford+T_026 / cut_qubit_prop  starting...
    ✓ [  91.1s]  (#10) 15q / 9_Clifford+T_026 / cut_qubit_prop
    » [14:10:54]  (#10) 15q / 9_Clifford+T_026 / cut_incremental_budget  starting...
    ✓ [ 821.2s]  (#10) 15q / 9_Clifford+T_026 / cut_incremental_budget
    » [14:24:35]  (#10) 15q / 9_Clifford+T_026 / cut_incremental_qubit_prop  starting...
    ✓ [ 886.7s]  (#10) 15q / 9_Clifford+T_026 / cut_incremental_qubit_prop

============================================================
  Finished :   40  mode runs
  Failed   :    0  mode runs
============================================================

Merged CSV -> results/new/stable_shots_runs02_15-16q_no_vanilla/10000_shots/torino/15_qubits/summary.csv
Run log    -> results/new/stable_shots_runs02_15-16q_no_vanilla/10000_shots/torino/15_qubits/run.log
Per-mode JSON -> results/new/stable_shots_runs02_15-16q_no_vanilla/10000_shots/torino/15_qubits/<qubits>q/<circuit>/<mode>.json
	Command being timed: "python main_new_new.py --circuits-pkl only_cliffordt/clif15.pkl --shots 10000 --noisy-backend aer.fake_torino --seed-simulator 42 --modes cut_divided_budget cut_qubit_prop cut_incremental_budget cut_incremental_qubit_prop --incremental-config configs/stable_shots.json --parallel-circuits 1 --output-dir results/new/stable_shots_runs02_15-16q_no_vanilla/10000_shots/torino/15_qubits"
	User time (seconds): 15497.10
	System time (seconds): 27.53
	Percent of CPU this job got: 100%
	Elapsed (wall clock) time (h:mm:ss or m:ss): 4:18:39
	Average shared text size (kbytes): 0
	Average unshared data size (kbytes): 0
	Average stack size (kbytes): 0
	Average total size (kbytes): 0
	Maximum resident set size (kbytes): 628172
	Average resident set size (kbytes): 0
	Major (requiring I/O) page faults: 0
	Minor (reclaiming a frame) page faults: 6845149
	Voluntary context switches: 546812
	Involuntary context switches: 15523
	Swaps: 0
	File system inputs: 0
	File system outputs: 3704
	Socket messages sent: 0
	Socket messages received: 0
	Signals delivered: 0
	Page size (bytes): 4096
	Exit status: 0
[Tue Jun 16 02:39:24 PM UTC 2026] Finished 15 qubits | shots=10000 | backend=aer.fake_torino
