[mar 9 giu 2026, 19:01:45, CEST] Starting 12 qubits | shots=5000 | backend=aer.fake_kyoto

[1/10] 12q / 0_Clifford+T_001  observable: ZIIIIIIIIIII
    » [19:01:51]  12q / 0_Clifford+T_001  observable=ZIIIIIIIIIII  computing ground truth (PennyLane default.qubit)...
    · [   0.5s]  ground_truth = 0.000000
    » [19:01:51]  (#1) 12q / 0_Clifford+T_001 / noisy_vanilla  starting...
    ✓ [  43.3s]  (#1) 12q / 0_Clifford+T_001 / noisy_vanilla
    » [19:02:35]  (#1) 12q / 0_Clifford+T_001 / cut_divided_budget  starting...
/raid/g.bisicchia/cut_and_inc/env/lib/python3.10/site-packages/pennylane/qcut/cutstrategy.py:367: UserWarning: The numer of partition attempts seems high (40).
  warnings.warn(f"The numer of partition attempts seems high ({len(ks)}).")
    ✗ [ 107.2s]  (#1) 12q / 0_Clifford+T_001 / cut_divided_budget  --  The opt_einsum package is required when use_opt_einsum is set to True in the contract_tensors function. This package can be installed using:
pip install opt_einsum
ERROR:cuttable-circuit-benchmark:0_Clifford+T_001 / cut_divided_budget failed: The opt_einsum package is required when use_opt_einsum is set to True in the contract_tensors function. This package can be installed using:
pip install opt_einsum
Traceback (most recent call last):
  File "/raid/g.bisicchia/cut_and_inc/env/lib/python3.10/site-packages/pennylane/qcut/processing.py", line 309, in contract_tensors
    from opt_einsum import contract, get_symbol
ModuleNotFoundError: No module named 'opt_einsum'

The above exception was the direct cause of the following exception:

Traceback (most recent call last):
  File "/raid/g.bisicchia/cut_and_inc/main_new_new.py", line 2501, in _run_circuit
    _run_one_mode_sandboxed(
  File "/raid/g.bisicchia/cut_and_inc/main_new_new.py", line 2379, in _run_one_mode_sandboxed
    _run_one_mode(mode, spec, args, ib, nb, circuit_dir, perf_exp_val, noisy_value)
  File "/raid/g.bisicchia/cut_and_inc/main_new_new.py", line 2414, in _run_one_mode
    payload = _dispatch_mode(mode, spec, args, ideal_backend, noisy_backend, perf_exp_val)
  File "/raid/g.bisicchia/cut_and_inc/main_new_new.py", line 2303, in _dispatch_mode
    return run_cutting(
  File "/raid/g.bisicchia/cut_and_inc/main_new_new.py", line 1396, in run_cutting
    result_value = sew(expvals, sew_data)
  File "/raid/g.bisicchia/cut_and_inc/main_new_new.py", line 606, in sew
    value = qml.qcut.qcut_processing_fn(
  File "/raid/g.bisicchia/cut_and_inc/env/lib/python3.10/site-packages/pennylane/qcut/processing.py", line 78, in qcut_processing_fn
    result = contract_tensors(
  File "/raid/g.bisicchia/cut_and_inc/env/lib/python3.10/site-packages/pennylane/qcut/processing.py", line 311, in contract_tensors
    raise ImportError(
ImportError: The opt_einsum package is required when use_opt_einsum is set to True in the contract_tensors function. This package can be installed using:
pip install opt_einsum
    » [19:04:22]  (#1) 12q / 0_Clifford+T_001 / cut_qubit_prop  starting...
    ✗ [  67.3s]  (#1) 12q / 0_Clifford+T_001 / cut_qubit_prop  --  The opt_einsum package is required when use_opt_einsum is set to True in the contract_tensors function. This package can be installed using:
pip install opt_einsum
ERROR:cuttable-circuit-benchmark:0_Clifford+T_001 / cut_qubit_prop failed: The opt_einsum package is required when use_opt_einsum is set to True in the contract_tensors function. This package can be installed using:
pip install opt_einsum
Traceback (most recent call last):
  File "/raid/g.bisicchia/cut_and_inc/env/lib/python3.10/site-packages/pennylane/qcut/processing.py", line 309, in contract_tensors
    from opt_einsum import contract, get_symbol
ModuleNotFoundError: No module named 'opt_einsum'

The above exception was the direct cause of the following exception:

Traceback (most recent call last):
  File "/raid/g.bisicchia/cut_and_inc/main_new_new.py", line 2501, in _run_circuit
    _run_one_mode_sandboxed(
  File "/raid/g.bisicchia/cut_and_inc/main_new_new.py", line 2379, in _run_one_mode_sandboxed
    _run_one_mode(mode, spec, args, ib, nb, circuit_dir, perf_exp_val, noisy_value)
  File "/raid/g.bisicchia/cut_and_inc/main_new_new.py", line 2414, in _run_one_mode
    payload = _dispatch_mode(mode, spec, args, ideal_backend, noisy_backend, perf_exp_val)
  File "/raid/g.bisicchia/cut_and_inc/main_new_new.py", line 2303, in _dispatch_mode
    return run_cutting(
  File "/raid/g.bisicchia/cut_and_inc/main_new_new.py", line 1396, in run_cutting
    result_value = sew(expvals, sew_data)
  File "/raid/g.bisicchia/cut_and_inc/main_new_new.py", line 606, in sew
    value = qml.qcut.qcut_processing_fn(
  File "/raid/g.bisicchia/cut_and_inc/env/lib/python3.10/site-packages/pennylane/qcut/processing.py", line 78, in qcut_processing_fn
    result = contract_tensors(
  File "/raid/g.bisicchia/cut_and_inc/env/lib/python3.10/site-packages/pennylane/qcut/processing.py", line 311, in contract_tensors
    raise ImportError(
ImportError: The opt_einsum package is required when use_opt_einsum is set to True in the contract_tensors function. This package can be installed using:
pip install opt_einsum
    » [19:05:29]  (#1) 12q / 0_Clifford+T_001 / cut_incremental_budget  starting...
    ✗ [ 314.2s]  (#1) 12q / 0_Clifford+T_001 / cut_incremental_budget  --  The opt_einsum package is required when use_opt_einsum is set to True in the contract_tensors function. This package can be installed using:
pip install opt_einsum
ERROR:cuttable-circuit-benchmark:0_Clifford+T_001 / cut_incremental_budget failed: The opt_einsum package is required when use_opt_einsum is set to True in the contract_tensors function. This package can be installed using:
pip install opt_einsum
Traceback (most recent call last):
  File "/raid/g.bisicchia/cut_and_inc/env/lib/python3.10/site-packages/pennylane/qcut/processing.py", line 309, in contract_tensors
    from opt_einsum import contract, get_symbol
ModuleNotFoundError: No module named 'opt_einsum'

The above exception was the direct cause of the following exception:

Traceback (most recent call last):
  File "/raid/g.bisicchia/cut_and_inc/main_new_new.py", line 2501, in _run_circuit
    _run_one_mode_sandboxed(
  File "/raid/g.bisicchia/cut_and_inc/main_new_new.py", line 2379, in _run_one_mode_sandboxed
    _run_one_mode(mode, spec, args, ib, nb, circuit_dir, perf_exp_val, noisy_value)
  File "/raid/g.bisicchia/cut_and_inc/main_new_new.py", line 2414, in _run_one_mode
    payload = _dispatch_mode(mode, spec, args, ideal_backend, noisy_backend, perf_exp_val)
  File "/raid/g.bisicchia/cut_and_inc/main_new_new.py", line 2310, in _dispatch_mode
    return run_cutting_incremental(
  File "/raid/g.bisicchia/cut_and_inc/main_new_new.py", line 1578, in run_cutting_incremental
    result_value = sew(expvals, sew_data)
  File "/raid/g.bisicchia/cut_and_inc/main_new_new.py", line 606, in sew
    value = qml.qcut.qcut_processing_fn(
  File "/raid/g.bisicchia/cut_and_inc/env/lib/python3.10/site-packages/pennylane/qcut/processing.py", line 78, in qcut_processing_fn
    result = contract_tensors(
  File "/raid/g.bisicchia/cut_and_inc/env/lib/python3.10/site-packages/pennylane/qcut/processing.py", line 311, in contract_tensors
    raise ImportError(
ImportError: The opt_einsum package is required when use_opt_einsum is set to True in the contract_tensors function. This package can be installed using:
pip install opt_einsum
    » [19:10:43]  (#1) 12q / 0_Clifford+T_001 / cut_incremental_qubit_prop  starting...
    ✗ [ 329.2s]  (#1) 12q / 0_Clifford+T_001 / cut_incremental_qubit_prop  --  The opt_einsum package is required when use_opt_einsum is set to True in the contract_tensors function. This package can be installed using:
pip install opt_einsum
ERROR:cuttable-circuit-benchmark:0_Clifford+T_001 / cut_incremental_qubit_prop failed: The opt_einsum package is required when use_opt_einsum is set to True in the contract_tensors function. This package can be installed using:
pip install opt_einsum
Traceback (most recent call last):
  File "/raid/g.bisicchia/cut_and_inc/env/lib/python3.10/site-packages/pennylane/qcut/processing.py", line 309, in contract_tensors
    from opt_einsum import contract, get_symbol
ModuleNotFoundError: No module named 'opt_einsum'

The above exception was the direct cause of the following exception:

Traceback (most recent call last):
  File "/raid/g.bisicchia/cut_and_inc/main_new_new.py", line 2501, in _run_circuit
    _run_one_mode_sandboxed(
  File "/raid/g.bisicchia/cut_and_inc/main_new_new.py", line 2379, in _run_one_mode_sandboxed
    _run_one_mode(mode, spec, args, ib, nb, circuit_dir, perf_exp_val, noisy_value)
  File "/raid/g.bisicchia/cut_and_inc/main_new_new.py", line 2414, in _run_one_mode
    payload = _dispatch_mode(mode, spec, args, ideal_backend, noisy_backend, perf_exp_val)
  File "/raid/g.bisicchia/cut_and_inc/main_new_new.py", line 2310, in _dispatch_mode
    return run_cutting_incremental(
  File "/raid/g.bisicchia/cut_and_inc/main_new_new.py", line 1578, in run_cutting_incremental
    result_value = sew(expvals, sew_data)
  File "/raid/g.bisicchia/cut_and_inc/main_new_new.py", line 606, in sew
    value = qml.qcut.qcut_processing_fn(
  File "/raid/g.bisicchia/cut_and_inc/env/lib/python3.10/site-packages/pennylane/qcut/processing.py", line 78, in qcut_processing_fn
    result = contract_tensors(
  File "/raid/g.bisicchia/cut_and_inc/env/lib/python3.10/site-packages/pennylane/qcut/processing.py", line 311, in contract_tensors
    raise ImportError(
ImportError: The opt_einsum package is required when use_opt_einsum is set to True in the contract_tensors function. This package can be installed using:
pip install opt_einsum

[2/10] 12q / 1_Clifford+T_002  observable: ZIIIIIIIIIII
    » [19:16:13]  12q / 1_Clifford+T_002  observable=ZIIIIIIIIIII  computing ground truth (PennyLane default.qubit)...
    · [   0.0s]  ground_truth = 1.000000
    » [19:16:13]  (#2) 12q / 1_Clifford+T_002 / noisy_vanilla  starting...
    ✓ [   5.6s]  (#2) 12q / 1_Clifford+T_002 / noisy_vanilla
    » [19:16:18]  (#2) 12q / 1_Clifford+T_002 / cut_divided_budget  starting...
/raid/g.bisicchia/cut_and_inc/env/lib/python3.10/site-packages/pennylane/qcut/cutstrategy.py:367: UserWarning: The numer of partition attempts seems high (40).
  warnings.warn(f"The numer of partition attempts seems high ({len(ks)}).")
    ✗ [ 104.1s]  (#2) 12q / 1_Clifford+T_002 / cut_divided_budget  --  The opt_einsum package is required when use_opt_einsum is set to True in the contract_tensors function. This package can be installed using:
pip install opt_einsum
ERROR:cuttable-circuit-benchmark:1_Clifford+T_002 / cut_divided_budget failed: The opt_einsum package is required when use_opt_einsum is set to True in the contract_tensors function. This package can be installed using:
pip install opt_einsum
Traceback (most recent call last):
  File "/raid/g.bisicchia/cut_and_inc/env/lib/python3.10/site-packages/pennylane/qcut/processing.py", line 309, in contract_tensors
    from opt_einsum import contract, get_symbol
ModuleNotFoundError: No module named 'opt_einsum'

The above exception was the direct cause of the following exception:

Traceback (most recent call last):
  File "/raid/g.bisicchia/cut_and_inc/main_new_new.py", line 2501, in _run_circuit
    _run_one_mode_sandboxed(
  File "/raid/g.bisicchia/cut_and_inc/main_new_new.py", line 2379, in _run_one_mode_sandboxed
    _run_one_mode(mode, spec, args, ib, nb, circuit_dir, perf_exp_val, noisy_value)
  File "/raid/g.bisicchia/cut_and_inc/main_new_new.py", line 2414, in _run_one_mode
    payload = _dispatch_mode(mode, spec, args, ideal_backend, noisy_backend, perf_exp_val)
  File "/raid/g.bisicchia/cut_and_inc/main_new_new.py", line 2303, in _dispatch_mode
    return run_cutting(
  File "/raid/g.bisicchia/cut_and_inc/main_new_new.py", line 1396, in run_cutting
    result_value = sew(expvals, sew_data)
  File "/raid/g.bisicchia/cut_and_inc/main_new_new.py", line 606, in sew
    value = qml.qcut.qcut_processing_fn(
  File "/raid/g.bisicchia/cut_and_inc/env/lib/python3.10/site-packages/pennylane/qcut/processing.py", line 78, in qcut_processing_fn
    result = contract_tensors(
  File "/raid/g.bisicchia/cut_and_inc/env/lib/python3.10/site-packages/pennylane/qcut/processing.py", line 311, in contract_tensors
    raise ImportError(
ImportError: The opt_einsum package is required when use_opt_einsum is set to True in the contract_tensors function. This package can be installed using:
pip install opt_einsum
    » [19:18:02]  (#2) 12q / 1_Clifford+T_002 / cut_qubit_prop  starting...
    ✗ [  89.6s]  (#2) 12q / 1_Clifford+T_002 / cut_qubit_prop  --  The opt_einsum package is required when use_opt_einsum is set to True in the contract_tensors function. This package can be installed using:
pip install opt_einsum
ERROR:cuttable-circuit-benchmark:1_Clifford+T_002 / cut_qubit_prop failed: The opt_einsum package is required when use_opt_einsum is set to True in the contract_tensors function. This package can be installed using:
pip install opt_einsum
Traceback (most recent call last):
  File "/raid/g.bisicchia/cut_and_inc/env/lib/python3.10/site-packages/pennylane/qcut/processing.py", line 309, in contract_tensors
    from opt_einsum import contract, get_symbol
ModuleNotFoundError: No module named 'opt_einsum'

The above exception was the direct cause of the following exception:

Traceback (most recent call last):
  File "/raid/g.bisicchia/cut_and_inc/main_new_new.py", line 2501, in _run_circuit
    _run_one_mode_sandboxed(
  File "/raid/g.bisicchia/cut_and_inc/main_new_new.py", line 2379, in _run_one_mode_sandboxed
    _run_one_mode(mode, spec, args, ib, nb, circuit_dir, perf_exp_val, noisy_value)
  File "/raid/g.bisicchia/cut_and_inc/main_new_new.py", line 2414, in _run_one_mode
    payload = _dispatch_mode(mode, spec, args, ideal_backend, noisy_backend, perf_exp_val)
  File "/raid/g.bisicchia/cut_and_inc/main_new_new.py", line 2303, in _dispatch_mode
    return run_cutting(
  File "/raid/g.bisicchia/cut_and_inc/main_new_new.py", line 1396, in run_cutting
    result_value = sew(expvals, sew_data)
  File "/raid/g.bisicchia/cut_and_inc/main_new_new.py", line 606, in sew
    value = qml.qcut.qcut_processing_fn(
  File "/raid/g.bisicchia/cut_and_inc/env/lib/python3.10/site-packages/pennylane/qcut/processing.py", line 78, in qcut_processing_fn
    result = contract_tensors(
  File "/raid/g.bisicchia/cut_and_inc/env/lib/python3.10/site-packages/pennylane/qcut/processing.py", line 311, in contract_tensors
    raise ImportError(
ImportError: The opt_einsum package is required when use_opt_einsum is set to True in the contract_tensors function. This package can be installed using:
pip install opt_einsum
    » [19:19:32]  (#2) 12q / 1_Clifford+T_002 / cut_incremental_budget  starting...
    ✗ [ 419.1s]  (#2) 12q / 1_Clifford+T_002 / cut_incremental_budget  --  The opt_einsum package is required when use_opt_einsum is set to True in the contract_tensors function. This package can be installed using:
pip install opt_einsum
ERROR:cuttable-circuit-benchmark:1_Clifford+T_002 / cut_incremental_budget failed: The opt_einsum package is required when use_opt_einsum is set to True in the contract_tensors function. This package can be installed using:
pip install opt_einsum
Traceback (most recent call last):
  File "/raid/g.bisicchia/cut_and_inc/env/lib/python3.10/site-packages/pennylane/qcut/processing.py", line 309, in contract_tensors
    from opt_einsum import contract, get_symbol
ModuleNotFoundError: No module named 'opt_einsum'

The above exception was the direct cause of the following exception:

Traceback (most recent call last):
  File "/raid/g.bisicchia/cut_and_inc/main_new_new.py", line 2501, in _run_circuit
    _run_one_mode_sandboxed(
  File "/raid/g.bisicchia/cut_and_inc/main_new_new.py", line 2379, in _run_one_mode_sandboxed
    _run_one_mode(mode, spec, args, ib, nb, circuit_dir, perf_exp_val, noisy_value)
  File "/raid/g.bisicchia/cut_and_inc/main_new_new.py", line 2414, in _run_one_mode
    payload = _dispatch_mode(mode, spec, args, ideal_backend, noisy_backend, perf_exp_val)
  File "/raid/g.bisicchia/cut_and_inc/main_new_new.py", line 2310, in _dispatch_mode
    return run_cutting_incremental(
  File "/raid/g.bisicchia/cut_and_inc/main_new_new.py", line 1578, in run_cutting_incremental
    result_value = sew(expvals, sew_data)
  File "/raid/g.bisicchia/cut_and_inc/main_new_new.py", line 606, in sew
    value = qml.qcut.qcut_processing_fn(
  File "/raid/g.bisicchia/cut_and_inc/env/lib/python3.10/site-packages/pennylane/qcut/processing.py", line 78, in qcut_processing_fn
    result = contract_tensors(
  File "/raid/g.bisicchia/cut_and_inc/env/lib/python3.10/site-packages/pennylane/qcut/processing.py", line 311, in contract_tensors
    raise ImportError(
ImportError: The opt_einsum package is required when use_opt_einsum is set to True in the contract_tensors function. This package can be installed using:
pip install opt_einsum
    » [19:26:31]  (#2) 12q / 1_Clifford+T_002 / cut_incremental_qubit_prop  starting...
    ✗ [ 382.4s]  (#2) 12q / 1_Clifford+T_002 / cut_incremental_qubit_prop  --  The opt_einsum package is required when use_opt_einsum is set to True in the contract_tensors function. This package can be installed using:
pip install opt_einsum
ERROR:cuttable-circuit-benchmark:1_Clifford+T_002 / cut_incremental_qubit_prop failed: The opt_einsum package is required when use_opt_einsum is set to True in the contract_tensors function. This package can be installed using:
pip install opt_einsum
Traceback (most recent call last):
  File "/raid/g.bisicchia/cut_and_inc/env/lib/python3.10/site-packages/pennylane/qcut/processing.py", line 309, in contract_tensors
    from opt_einsum import contract, get_symbol
ModuleNotFoundError: No module named 'opt_einsum'

The above exception was the direct cause of the following exception:

Traceback (most recent call last):
  File "/raid/g.bisicchia/cut_and_inc/main_new_new.py", line 2501, in _run_circuit
    _run_one_mode_sandboxed(
  File "/raid/g.bisicchia/cut_and_inc/main_new_new.py", line 2379, in _run_one_mode_sandboxed
    _run_one_mode(mode, spec, args, ib, nb, circuit_dir, perf_exp_val, noisy_value)
  File "/raid/g.bisicchia/cut_and_inc/main_new_new.py", line 2414, in _run_one_mode
    payload = _dispatch_mode(mode, spec, args, ideal_backend, noisy_backend, perf_exp_val)
  File "/raid/g.bisicchia/cut_and_inc/main_new_new.py", line 2310, in _dispatch_mode
    return run_cutting_incremental(
  File "/raid/g.bisicchia/cut_and_inc/main_new_new.py", line 1578, in run_cutting_incremental
    result_value = sew(expvals, sew_data)
  File "/raid/g.bisicchia/cut_and_inc/main_new_new.py", line 606, in sew
    value = qml.qcut.qcut_processing_fn(
  File "/raid/g.bisicchia/cut_and_inc/env/lib/python3.10/site-packages/pennylane/qcut/processing.py", line 78, in qcut_processing_fn
    result = contract_tensors(
  File "/raid/g.bisicchia/cut_and_inc/env/lib/python3.10/site-packages/pennylane/qcut/processing.py", line 311, in contract_tensors
    raise ImportError(
ImportError: The opt_einsum package is required when use_opt_einsum is set to True in the contract_tensors function. This package can be installed using:
pip install opt_einsum

[3/10] 12q / 2_Clifford+T_004  observable: ZIIIIIIIIIII
    » [19:32:53]  12q / 2_Clifford+T_004  observable=ZIIIIIIIIIII  computing ground truth (PennyLane default.qubit)...
    · [   0.0s]  ground_truth = 1.000000
    » [19:32:53]  (#3) 12q / 2_Clifford+T_004 / noisy_vanilla  starting...
    ✓ [   7.1s]  (#3) 12q / 2_Clifford+T_004 / noisy_vanilla
    » [19:33:00]  (#3) 12q / 2_Clifford+T_004 / cut_divided_budget  starting...
/raid/g.bisicchia/cut_and_inc/env/lib/python3.10/site-packages/pennylane/qcut/cutstrategy.py:367: UserWarning: The numer of partition attempts seems high (40).
  warnings.warn(f"The numer of partition attempts seems high ({len(ks)}).")
    ✗ [  42.1s]  (#3) 12q / 2_Clifford+T_004 / cut_divided_budget  --  The opt_einsum package is required when use_opt_einsum is set to True in the contract_tensors function. This package can be installed using:
pip install opt_einsum
ERROR:cuttable-circuit-benchmark:2_Clifford+T_004 / cut_divided_budget failed: The opt_einsum package is required when use_opt_einsum is set to True in the contract_tensors function. This package can be installed using:
pip install opt_einsum
Traceback (most recent call last):
  File "/raid/g.bisicchia/cut_and_inc/env/lib/python3.10/site-packages/pennylane/qcut/processing.py", line 309, in contract_tensors
    from opt_einsum import contract, get_symbol
ModuleNotFoundError: No module named 'opt_einsum'

The above exception was the direct cause of the following exception:

Traceback (most recent call last):
  File "/raid/g.bisicchia/cut_and_inc/main_new_new.py", line 2501, in _run_circuit
    _run_one_mode_sandboxed(
  File "/raid/g.bisicchia/cut_and_inc/main_new_new.py", line 2379, in _run_one_mode_sandboxed
    _run_one_mode(mode, spec, args, ib, nb, circuit_dir, perf_exp_val, noisy_value)
  File "/raid/g.bisicchia/cut_and_inc/main_new_new.py", line 2414, in _run_one_mode
    payload = _dispatch_mode(mode, spec, args, ideal_backend, noisy_backend, perf_exp_val)
  File "/raid/g.bisicchia/cut_and_inc/main_new_new.py", line 2303, in _dispatch_mode
    return run_cutting(
  File "/raid/g.bisicchia/cut_and_inc/main_new_new.py", line 1396, in run_cutting
    result_value = sew(expvals, sew_data)
  File "/raid/g.bisicchia/cut_and_inc/main_new_new.py", line 606, in sew
    value = qml.qcut.qcut_processing_fn(
  File "/raid/g.bisicchia/cut_and_inc/env/lib/python3.10/site-packages/pennylane/qcut/processing.py", line 78, in qcut_processing_fn
    result = contract_tensors(
  File "/raid/g.bisicchia/cut_and_inc/env/lib/python3.10/site-packages/pennylane/qcut/processing.py", line 311, in contract_tensors
    raise ImportError(
ImportError: The opt_einsum package is required when use_opt_einsum is set to True in the contract_tensors function. This package can be installed using:
pip install opt_einsum
    » [19:33:43]  (#3) 12q / 2_Clifford+T_004 / cut_qubit_prop  starting...
    ✗ [  24.7s]  (#3) 12q / 2_Clifford+T_004 / cut_qubit_prop  --  The opt_einsum package is required when use_opt_einsum is set to True in the contract_tensors function. This package can be installed using:
pip install opt_einsum
ERROR:cuttable-circuit-benchmark:2_Clifford+T_004 / cut_qubit_prop failed: The opt_einsum package is required when use_opt_einsum is set to True in the contract_tensors function. This package can be installed using:
pip install opt_einsum
Traceback (most recent call last):
  File "/raid/g.bisicchia/cut_and_inc/env/lib/python3.10/site-packages/pennylane/qcut/processing.py", line 309, in contract_tensors
    from opt_einsum import contract, get_symbol
ModuleNotFoundError: No module named 'opt_einsum'

The above exception was the direct cause of the following exception:

Traceback (most recent call last):
  File "/raid/g.bisicchia/cut_and_inc/main_new_new.py", line 2501, in _run_circuit
    _run_one_mode_sandboxed(
  File "/raid/g.bisicchia/cut_and_inc/main_new_new.py", line 2379, in _run_one_mode_sandboxed
    _run_one_mode(mode, spec, args, ib, nb, circuit_dir, perf_exp_val, noisy_value)
  File "/raid/g.bisicchia/cut_and_inc/main_new_new.py", line 2414, in _run_one_mode
    payload = _dispatch_mode(mode, spec, args, ideal_backend, noisy_backend, perf_exp_val)
  File "/raid/g.bisicchia/cut_and_inc/main_new_new.py", line 2303, in _dispatch_mode
    return run_cutting(
  File "/raid/g.bisicchia/cut_and_inc/main_new_new.py", line 1396, in run_cutting
    result_value = sew(expvals, sew_data)
  File "/raid/g.bisicchia/cut_and_inc/main_new_new.py", line 606, in sew
    value = qml.qcut.qcut_processing_fn(
  File "/raid/g.bisicchia/cut_and_inc/env/lib/python3.10/site-packages/pennylane/qcut/processing.py", line 78, in qcut_processing_fn
    result = contract_tensors(
  File "/raid/g.bisicchia/cut_and_inc/env/lib/python3.10/site-packages/pennylane/qcut/processing.py", line 311, in contract_tensors
    raise ImportError(
ImportError: The opt_einsum package is required when use_opt_einsum is set to True in the contract_tensors function. This package can be installed using:
pip install opt_einsum
    » [19:34:07]  (#3) 12q / 2_Clifford+T_004 / cut_incremental_budget  starting...
    ✗ [ 337.5s]  (#3) 12q / 2_Clifford+T_004 / cut_incremental_budget  --  The opt_einsum package is required when use_opt_einsum is set to True in the contract_tensors function. This package can be installed using:
pip install opt_einsum
ERROR:cuttable-circuit-benchmark:2_Clifford+T_004 / cut_incremental_budget failed: The opt_einsum package is required when use_opt_einsum is set to True in the contract_tensors function. This package can be installed using:
pip install opt_einsum
Traceback (most recent call last):
  File "/raid/g.bisicchia/cut_and_inc/env/lib/python3.10/site-packages/pennylane/qcut/processing.py", line 309, in contract_tensors
    from opt_einsum import contract, get_symbol
ModuleNotFoundError: No module named 'opt_einsum'

The above exception was the direct cause of the following exception:

Traceback (most recent call last):
  File "/raid/g.bisicchia/cut_and_inc/main_new_new.py", line 2501, in _run_circuit
    _run_one_mode_sandboxed(
  File "/raid/g.bisicchia/cut_and_inc/main_new_new.py", line 2379, in _run_one_mode_sandboxed
    _run_one_mode(mode, spec, args, ib, nb, circuit_dir, perf_exp_val, noisy_value)
  File "/raid/g.bisicchia/cut_and_inc/main_new_new.py", line 2414, in _run_one_mode
    payload = _dispatch_mode(mode, spec, args, ideal_backend, noisy_backend, perf_exp_val)
  File "/raid/g.bisicchia/cut_and_inc/main_new_new.py", line 2310, in _dispatch_mode
    return run_cutting_incremental(
  File "/raid/g.bisicchia/cut_and_inc/main_new_new.py", line 1578, in run_cutting_incremental
    result_value = sew(expvals, sew_data)
  File "/raid/g.bisicchia/cut_and_inc/main_new_new.py", line 606, in sew
    value = qml.qcut.qcut_processing_fn(
  File "/raid/g.bisicchia/cut_and_inc/env/lib/python3.10/site-packages/pennylane/qcut/processing.py", line 78, in qcut_processing_fn
    result = contract_tensors(
  File "/raid/g.bisicchia/cut_and_inc/env/lib/python3.10/site-packages/pennylane/qcut/processing.py", line 311, in contract_tensors
    raise ImportError(
ImportError: The opt_einsum package is required when use_opt_einsum is set to True in the contract_tensors function. This package can be installed using:
pip install opt_einsum
    » [19:39:45]  (#3) 12q / 2_Clifford+T_004 / cut_incremental_qubit_prop  starting...
    ✗ [ 389.8s]  (#3) 12q / 2_Clifford+T_004 / cut_incremental_qubit_prop  --  The opt_einsum package is required when use_opt_einsum is set to True in the contract_tensors function. This package can be installed using:
pip install opt_einsum
ERROR:cuttable-circuit-benchmark:2_Clifford+T_004 / cut_incremental_qubit_prop failed: The opt_einsum package is required when use_opt_einsum is set to True in the contract_tensors function. This package can be installed using:
pip install opt_einsum
Traceback (most recent call last):
  File "/raid/g.bisicchia/cut_and_inc/env/lib/python3.10/site-packages/pennylane/qcut/processing.py", line 309, in contract_tensors
    from opt_einsum import contract, get_symbol
ModuleNotFoundError: No module named 'opt_einsum'

The above exception was the direct cause of the following exception:

Traceback (most recent call last):
  File "/raid/g.bisicchia/cut_and_inc/main_new_new.py", line 2501, in _run_circuit
    _run_one_mode_sandboxed(
  File "/raid/g.bisicchia/cut_and_inc/main_new_new.py", line 2379, in _run_one_mode_sandboxed
    _run_one_mode(mode, spec, args, ib, nb, circuit_dir, perf_exp_val, noisy_value)
  File "/raid/g.bisicchia/cut_and_inc/main_new_new.py", line 2414, in _run_one_mode
    payload = _dispatch_mode(mode, spec, args, ideal_backend, noisy_backend, perf_exp_val)
  File "/raid/g.bisicchia/cut_and_inc/main_new_new.py", line 2310, in _dispatch_mode
    return run_cutting_incremental(
  File "/raid/g.bisicchia/cut_and_inc/main_new_new.py", line 1578, in run_cutting_incremental
    result_value = sew(expvals, sew_data)
  File "/raid/g.bisicchia/cut_and_inc/main_new_new.py", line 606, in sew
    value = qml.qcut.qcut_processing_fn(
  File "/raid/g.bisicchia/cut_and_inc/env/lib/python3.10/site-packages/pennylane/qcut/processing.py", line 78, in qcut_processing_fn
    result = contract_tensors(
  File "/raid/g.bisicchia/cut_and_inc/env/lib/python3.10/site-packages/pennylane/qcut/processing.py", line 311, in contract_tensors
    raise ImportError(
ImportError: The opt_einsum package is required when use_opt_einsum is set to True in the contract_tensors function. This package can be installed using:
pip install opt_einsum

[4/10] 12q / 3_Clifford+T_006  observable: ZIIIIIIIIIII
    » [19:46:15]  12q / 3_Clifford+T_006  observable=ZIIIIIIIIIII  computing ground truth (PennyLane default.qubit)...
    · [   0.0s]  ground_truth = 1.000000
    » [19:46:15]  (#4) 12q / 3_Clifford+T_006 / noisy_vanilla  starting...
    ✓ [   8.8s]  (#4) 12q / 3_Clifford+T_006 / noisy_vanilla
    » [19:46:23]  (#4) 12q / 3_Clifford+T_006 / cut_divided_budget  starting...
/raid/g.bisicchia/cut_and_inc/env/lib/python3.10/site-packages/pennylane/qcut/cutstrategy.py:367: UserWarning: The numer of partition attempts seems high (40).
  warnings.warn(f"The numer of partition attempts seems high ({len(ks)}).")
    ✗ [  46.8s]  (#4) 12q / 3_Clifford+T_006 / cut_divided_budget  --  The opt_einsum package is required when use_opt_einsum is set to True in the contract_tensors function. This package can be installed using:
pip install opt_einsum
ERROR:cuttable-circuit-benchmark:3_Clifford+T_006 / cut_divided_budget failed: The opt_einsum package is required when use_opt_einsum is set to True in the contract_tensors function. This package can be installed using:
pip install opt_einsum
Traceback (most recent call last):
  File "/raid/g.bisicchia/cut_and_inc/env/lib/python3.10/site-packages/pennylane/qcut/processing.py", line 309, in contract_tensors
    from opt_einsum import contract, get_symbol
ModuleNotFoundError: No module named 'opt_einsum'

The above exception was the direct cause of the following exception:

Traceback (most recent call last):
  File "/raid/g.bisicchia/cut_and_inc/main_new_new.py", line 2501, in _run_circuit
    _run_one_mode_sandboxed(
  File "/raid/g.bisicchia/cut_and_inc/main_new_new.py", line 2379, in _run_one_mode_sandboxed
    _run_one_mode(mode, spec, args, ib, nb, circuit_dir, perf_exp_val, noisy_value)
  File "/raid/g.bisicchia/cut_and_inc/main_new_new.py", line 2414, in _run_one_mode
    payload = _dispatch_mode(mode, spec, args, ideal_backend, noisy_backend, perf_exp_val)
  File "/raid/g.bisicchia/cut_and_inc/main_new_new.py", line 2303, in _dispatch_mode
    return run_cutting(
  File "/raid/g.bisicchia/cut_and_inc/main_new_new.py", line 1396, in run_cutting
    result_value = sew(expvals, sew_data)
  File "/raid/g.bisicchia/cut_and_inc/main_new_new.py", line 606, in sew
    value = qml.qcut.qcut_processing_fn(
  File "/raid/g.bisicchia/cut_and_inc/env/lib/python3.10/site-packages/pennylane/qcut/processing.py", line 78, in qcut_processing_fn
    result = contract_tensors(
  File "/raid/g.bisicchia/cut_and_inc/env/lib/python3.10/site-packages/pennylane/qcut/processing.py", line 311, in contract_tensors
    raise ImportError(
ImportError: The opt_einsum package is required when use_opt_einsum is set to True in the contract_tensors function. This package can be installed using:
pip install opt_einsum
    » [19:47:10]  (#4) 12q / 3_Clifford+T_006 / cut_qubit_prop  starting...
    ✗ [  37.0s]  (#4) 12q / 3_Clifford+T_006 / cut_qubit_prop  --  The opt_einsum package is required when use_opt_einsum is set to True in the contract_tensors function. This package can be installed using:
pip install opt_einsum
ERROR:cuttable-circuit-benchmark:3_Clifford+T_006 / cut_qubit_prop failed: The opt_einsum package is required when use_opt_einsum is set to True in the contract_tensors function. This package can be installed using:
pip install opt_einsum
Traceback (most recent call last):
  File "/raid/g.bisicchia/cut_and_inc/env/lib/python3.10/site-packages/pennylane/qcut/processing.py", line 309, in contract_tensors
    from opt_einsum import contract, get_symbol
ModuleNotFoundError: No module named 'opt_einsum'

The above exception was the direct cause of the following exception:

Traceback (most recent call last):
  File "/raid/g.bisicchia/cut_and_inc/main_new_new.py", line 2501, in _run_circuit
    _run_one_mode_sandboxed(
  File "/raid/g.bisicchia/cut_and_inc/main_new_new.py", line 2379, in _run_one_mode_sandboxed
    _run_one_mode(mode, spec, args, ib, nb, circuit_dir, perf_exp_val, noisy_value)
  File "/raid/g.bisicchia/cut_and_inc/main_new_new.py", line 2414, in _run_one_mode
    payload = _dispatch_mode(mode, spec, args, ideal_backend, noisy_backend, perf_exp_val)
  File "/raid/g.bisicchia/cut_and_inc/main_new_new.py", line 2303, in _dispatch_mode
    return run_cutting(
  File "/raid/g.bisicchia/cut_and_inc/main_new_new.py", line 1396, in run_cutting
    result_value = sew(expvals, sew_data)
  File "/raid/g.bisicchia/cut_and_inc/main_new_new.py", line 606, in sew
    value = qml.qcut.qcut_processing_fn(
  File "/raid/g.bisicchia/cut_and_inc/env/lib/python3.10/site-packages/pennylane/qcut/processing.py", line 78, in qcut_processing_fn
    result = contract_tensors(
  File "/raid/g.bisicchia/cut_and_inc/env/lib/python3.10/site-packages/pennylane/qcut/processing.py", line 311, in contract_tensors
    raise ImportError(
ImportError: The opt_einsum package is required when use_opt_einsum is set to True in the contract_tensors function. This package can be installed using:
pip install opt_einsum
    » [19:47:47]  (#4) 12q / 3_Clifford+T_006 / cut_incremental_budget  starting...
    ✗ [ 342.3s]  (#4) 12q / 3_Clifford+T_006 / cut_incremental_budget  --  The opt_einsum package is required when use_opt_einsum is set to True in the contract_tensors function. This package can be installed using:
pip install opt_einsum
ERROR:cuttable-circuit-benchmark:3_Clifford+T_006 / cut_incremental_budget failed: The opt_einsum package is required when use_opt_einsum is set to True in the contract_tensors function. This package can be installed using:
pip install opt_einsum
Traceback (most recent call last):
  File "/raid/g.bisicchia/cut_and_inc/env/lib/python3.10/site-packages/pennylane/qcut/processing.py", line 309, in contract_tensors
    from opt_einsum import contract, get_symbol
ModuleNotFoundError: No module named 'opt_einsum'

The above exception was the direct cause of the following exception:

Traceback (most recent call last):
  File "/raid/g.bisicchia/cut_and_inc/main_new_new.py", line 2501, in _run_circuit
    _run_one_mode_sandboxed(
  File "/raid/g.bisicchia/cut_and_inc/main_new_new.py", line 2379, in _run_one_mode_sandboxed
    _run_one_mode(mode, spec, args, ib, nb, circuit_dir, perf_exp_val, noisy_value)
  File "/raid/g.bisicchia/cut_and_inc/main_new_new.py", line 2414, in _run_one_mode
    payload = _dispatch_mode(mode, spec, args, ideal_backend, noisy_backend, perf_exp_val)
  File "/raid/g.bisicchia/cut_and_inc/main_new_new.py", line 2310, in _dispatch_mode
    return run_cutting_incremental(
  File "/raid/g.bisicchia/cut_and_inc/main_new_new.py", line 1578, in run_cutting_incremental
    result_value = sew(expvals, sew_data)
  File "/raid/g.bisicchia/cut_and_inc/main_new_new.py", line 606, in sew
    value = qml.qcut.qcut_processing_fn(
  File "/raid/g.bisicchia/cut_and_inc/env/lib/python3.10/site-packages/pennylane/qcut/processing.py", line 78, in qcut_processing_fn
    result = contract_tensors(
  File "/raid/g.bisicchia/cut_and_inc/env/lib/python3.10/site-packages/pennylane/qcut/processing.py", line 311, in contract_tensors
    raise ImportError(
ImportError: The opt_einsum package is required when use_opt_einsum is set to True in the contract_tensors function. This package can be installed using:
pip install opt_einsum
    » [19:53:29]  (#4) 12q / 3_Clifford+T_006 / cut_incremental_qubit_prop  starting...
    ✗ [ 368.1s]  (#4) 12q / 3_Clifford+T_006 / cut_incremental_qubit_prop  --  The opt_einsum package is required when use_opt_einsum is set to True in the contract_tensors function. This package can be installed using:
pip install opt_einsum
ERROR:cuttable-circuit-benchmark:3_Clifford+T_006 / cut_incremental_qubit_prop failed: The opt_einsum package is required when use_opt_einsum is set to True in the contract_tensors function. This package can be installed using:
pip install opt_einsum
Traceback (most recent call last):
  File "/raid/g.bisicchia/cut_and_inc/env/lib/python3.10/site-packages/pennylane/qcut/processing.py", line 309, in contract_tensors
    from opt_einsum import contract, get_symbol
ModuleNotFoundError: No module named 'opt_einsum'

The above exception was the direct cause of the following exception:

Traceback (most recent call last):
  File "/raid/g.bisicchia/cut_and_inc/main_new_new.py", line 2501, in _run_circuit
    _run_one_mode_sandboxed(
  File "/raid/g.bisicchia/cut_and_inc/main_new_new.py", line 2379, in _run_one_mode_sandboxed
    _run_one_mode(mode, spec, args, ib, nb, circuit_dir, perf_exp_val, noisy_value)
  File "/raid/g.bisicchia/cut_and_inc/main_new_new.py", line 2414, in _run_one_mode
    payload = _dispatch_mode(mode, spec, args, ideal_backend, noisy_backend, perf_exp_val)
  File "/raid/g.bisicchia/cut_and_inc/main_new_new.py", line 2310, in _dispatch_mode
    return run_cutting_incremental(
  File "/raid/g.bisicchia/cut_and_inc/main_new_new.py", line 1578, in run_cutting_incremental
    result_value = sew(expvals, sew_data)
  File "/raid/g.bisicchia/cut_and_inc/main_new_new.py", line 606, in sew
    value = qml.qcut.qcut_processing_fn(
  File "/raid/g.bisicchia/cut_and_inc/env/lib/python3.10/site-packages/pennylane/qcut/processing.py", line 78, in qcut_processing_fn
    result = contract_tensors(
  File "/raid/g.bisicchia/cut_and_inc/env/lib/python3.10/site-packages/pennylane/qcut/processing.py", line 311, in contract_tensors
    raise ImportError(
ImportError: The opt_einsum package is required when use_opt_einsum is set to True in the contract_tensors function. This package can be installed using:
pip install opt_einsum

[5/10] 12q / 4_Clifford+T_011  observable: ZIIIIIIIIIII
    » [19:59:38]  12q / 4_Clifford+T_011  observable=ZIIIIIIIIIII  computing ground truth (PennyLane default.qubit)...
    · [   0.2s]  ground_truth = 0.000000
    » [19:59:38]  (#5) 12q / 4_Clifford+T_011 / noisy_vanilla  starting...
    ✓ [   8.6s]  (#5) 12q / 4_Clifford+T_011 / noisy_vanilla
    » [19:59:46]  (#5) 12q / 4_Clifford+T_011 / cut_divided_budget  starting...
/raid/g.bisicchia/cut_and_inc/env/lib/python3.10/site-packages/pennylane/qcut/cutstrategy.py:367: UserWarning: The numer of partition attempts seems high (40).
  warnings.warn(f"The numer of partition attempts seems high ({len(ks)}).")
    ✗ [ 128.4s]  (#5) 12q / 4_Clifford+T_011 / cut_divided_budget  --  The opt_einsum package is required when use_opt_einsum is set to True in the contract_tensors function. This package can be installed using:
pip install opt_einsum
ERROR:cuttable-circuit-benchmark:4_Clifford+T_011 / cut_divided_budget failed: The opt_einsum package is required when use_opt_einsum is set to True in the contract_tensors function. This package can be installed using:
pip install opt_einsum
Traceback (most recent call last):
  File "/raid/g.bisicchia/cut_and_inc/env/lib/python3.10/site-packages/pennylane/qcut/processing.py", line 309, in contract_tensors
    from opt_einsum import contract, get_symbol
ModuleNotFoundError: No module named 'opt_einsum'

The above exception was the direct cause of the following exception:

Traceback (most recent call last):
  File "/raid/g.bisicchia/cut_and_inc/main_new_new.py", line 2501, in _run_circuit
    _run_one_mode_sandboxed(
  File "/raid/g.bisicchia/cut_and_inc/main_new_new.py", line 2379, in _run_one_mode_sandboxed
    _run_one_mode(mode, spec, args, ib, nb, circuit_dir, perf_exp_val, noisy_value)
  File "/raid/g.bisicchia/cut_and_inc/main_new_new.py", line 2414, in _run_one_mode
    payload = _dispatch_mode(mode, spec, args, ideal_backend, noisy_backend, perf_exp_val)
  File "/raid/g.bisicchia/cut_and_inc/main_new_new.py", line 2303, in _dispatch_mode
    return run_cutting(
  File "/raid/g.bisicchia/cut_and_inc/main_new_new.py", line 1396, in run_cutting
    result_value = sew(expvals, sew_data)
  File "/raid/g.bisicchia/cut_and_inc/main_new_new.py", line 606, in sew
    value = qml.qcut.qcut_processing_fn(
  File "/raid/g.bisicchia/cut_and_inc/env/lib/python3.10/site-packages/pennylane/qcut/processing.py", line 78, in qcut_processing_fn
    result = contract_tensors(
  File "/raid/g.bisicchia/cut_and_inc/env/lib/python3.10/site-packages/pennylane/qcut/processing.py", line 311, in contract_tensors
    raise ImportError(
ImportError: The opt_einsum package is required when use_opt_einsum is set to True in the contract_tensors function. This package can be installed using:
pip install opt_einsum
    » [20:01:55]  (#5) 12q / 4_Clifford+T_011 / cut_qubit_prop  starting...
    ✗ [ 102.2s]  (#5) 12q / 4_Clifford+T_011 / cut_qubit_prop  --  The opt_einsum package is required when use_opt_einsum is set to True in the contract_tensors function. This package can be installed using:
pip install opt_einsum
ERROR:cuttable-circuit-benchmark:4_Clifford+T_011 / cut_qubit_prop failed: The opt_einsum package is required when use_opt_einsum is set to True in the contract_tensors function. This package can be installed using:
pip install opt_einsum
Traceback (most recent call last):
  File "/raid/g.bisicchia/cut_and_inc/env/lib/python3.10/site-packages/pennylane/qcut/processing.py", line 309, in contract_tensors
    from opt_einsum import contract, get_symbol
ModuleNotFoundError: No module named 'opt_einsum'

The above exception was the direct cause of the following exception:

Traceback (most recent call last):
  File "/raid/g.bisicchia/cut_and_inc/main_new_new.py", line 2501, in _run_circuit
    _run_one_mode_sandboxed(
  File "/raid/g.bisicchia/cut_and_inc/main_new_new.py", line 2379, in _run_one_mode_sandboxed
    _run_one_mode(mode, spec, args, ib, nb, circuit_dir, perf_exp_val, noisy_value)
  File "/raid/g.bisicchia/cut_and_inc/main_new_new.py", line 2414, in _run_one_mode
    payload = _dispatch_mode(mode, spec, args, ideal_backend, noisy_backend, perf_exp_val)
  File "/raid/g.bisicchia/cut_and_inc/main_new_new.py", line 2303, in _dispatch_mode
    return run_cutting(
  File "/raid/g.bisicchia/cut_and_inc/main_new_new.py", line 1396, in run_cutting
    result_value = sew(expvals, sew_data)
  File "/raid/g.bisicchia/cut_and_inc/main_new_new.py", line 606, in sew
    value = qml.qcut.qcut_processing_fn(
  File "/raid/g.bisicchia/cut_and_inc/env/lib/python3.10/site-packages/pennylane/qcut/processing.py", line 78, in qcut_processing_fn
    result = contract_tensors(
  File "/raid/g.bisicchia/cut_and_inc/env/lib/python3.10/site-packages/pennylane/qcut/processing.py", line 311, in contract_tensors
    raise ImportError(
ImportError: The opt_einsum package is required when use_opt_einsum is set to True in the contract_tensors function. This package can be installed using:
pip install opt_einsum
    » [20:03:37]  (#5) 12q / 4_Clifford+T_011 / cut_incremental_budget  starting...
    ✗ [ 438.2s]  (#5) 12q / 4_Clifford+T_011 / cut_incremental_budget  --  The opt_einsum package is required when use_opt_einsum is set to True in the contract_tensors function. This package can be installed using:
pip install opt_einsum
ERROR:cuttable-circuit-benchmark:4_Clifford+T_011 / cut_incremental_budget failed: The opt_einsum package is required when use_opt_einsum is set to True in the contract_tensors function. This package can be installed using:
pip install opt_einsum
Traceback (most recent call last):
  File "/raid/g.bisicchia/cut_and_inc/env/lib/python3.10/site-packages/pennylane/qcut/processing.py", line 309, in contract_tensors
    from opt_einsum import contract, get_symbol
ModuleNotFoundError: No module named 'opt_einsum'

The above exception was the direct cause of the following exception:

Traceback (most recent call last):
  File "/raid/g.bisicchia/cut_and_inc/main_new_new.py", line 2501, in _run_circuit
    _run_one_mode_sandboxed(
  File "/raid/g.bisicchia/cut_and_inc/main_new_new.py", line 2379, in _run_one_mode_sandboxed
    _run_one_mode(mode, spec, args, ib, nb, circuit_dir, perf_exp_val, noisy_value)
  File "/raid/g.bisicchia/cut_and_inc/main_new_new.py", line 2414, in _run_one_mode
    payload = _dispatch_mode(mode, spec, args, ideal_backend, noisy_backend, perf_exp_val)
  File "/raid/g.bisicchia/cut_and_inc/main_new_new.py", line 2310, in _dispatch_mode
    return run_cutting_incremental(
  File "/raid/g.bisicchia/cut_and_inc/main_new_new.py", line 1578, in run_cutting_incremental
    result_value = sew(expvals, sew_data)
  File "/raid/g.bisicchia/cut_and_inc/main_new_new.py", line 606, in sew
    value = qml.qcut.qcut_processing_fn(
  File "/raid/g.bisicchia/cut_and_inc/env/lib/python3.10/site-packages/pennylane/qcut/processing.py", line 78, in qcut_processing_fn
    result = contract_tensors(
  File "/raid/g.bisicchia/cut_and_inc/env/lib/python3.10/site-packages/pennylane/qcut/processing.py", line 311, in contract_tensors
    raise ImportError(
ImportError: The opt_einsum package is required when use_opt_einsum is set to True in the contract_tensors function. This package can be installed using:
pip install opt_einsum
    » [20:10:55]  (#5) 12q / 4_Clifford+T_011 / cut_incremental_qubit_prop  starting...
    ✗ [ 426.7s]  (#5) 12q / 4_Clifford+T_011 / cut_incremental_qubit_prop  --  The opt_einsum package is required when use_opt_einsum is set to True in the contract_tensors function. This package can be installed using:
pip install opt_einsum
ERROR:cuttable-circuit-benchmark:4_Clifford+T_011 / cut_incremental_qubit_prop failed: The opt_einsum package is required when use_opt_einsum is set to True in the contract_tensors function. This package can be installed using:
pip install opt_einsum
Traceback (most recent call last):
  File "/raid/g.bisicchia/cut_and_inc/env/lib/python3.10/site-packages/pennylane/qcut/processing.py", line 309, in contract_tensors
    from opt_einsum import contract, get_symbol
ModuleNotFoundError: No module named 'opt_einsum'

The above exception was the direct cause of the following exception:

Traceback (most recent call last):
  File "/raid/g.bisicchia/cut_and_inc/main_new_new.py", line 2501, in _run_circuit
    _run_one_mode_sandboxed(
  File "/raid/g.bisicchia/cut_and_inc/main_new_new.py", line 2379, in _run_one_mode_sandboxed
    _run_one_mode(mode, spec, args, ib, nb, circuit_dir, perf_exp_val, noisy_value)
  File "/raid/g.bisicchia/cut_and_inc/main_new_new.py", line 2414, in _run_one_mode
    payload = _dispatch_mode(mode, spec, args, ideal_backend, noisy_backend, perf_exp_val)
  File "/raid/g.bisicchia/cut_and_inc/main_new_new.py", line 2310, in _dispatch_mode
    return run_cutting_incremental(
  File "/raid/g.bisicchia/cut_and_inc/main_new_new.py", line 1578, in run_cutting_incremental
    result_value = sew(expvals, sew_data)
  File "/raid/g.bisicchia/cut_and_inc/main_new_new.py", line 606, in sew
    value = qml.qcut.qcut_processing_fn(
  File "/raid/g.bisicchia/cut_and_inc/env/lib/python3.10/site-packages/pennylane/qcut/processing.py", line 78, in qcut_processing_fn
    result = contract_tensors(
  File "/raid/g.bisicchia/cut_and_inc/env/lib/python3.10/site-packages/pennylane/qcut/processing.py", line 311, in contract_tensors
    raise ImportError(
ImportError: The opt_einsum package is required when use_opt_einsum is set to True in the contract_tensors function. This package can be installed using:
pip install opt_einsum

[6/10] 12q / 5_Clifford+T_013  observable: ZIIIIIIIIIII
    » [20:18:02]  12q / 5_Clifford+T_013  observable=ZIIIIIIIIIII  computing ground truth (PennyLane default.qubit)...
    · [   0.0s]  ground_truth = 1.000000
    » [20:18:02]  (#6) 12q / 5_Clifford+T_013 / noisy_vanilla  starting...
    ✓ [   7.1s]  (#6) 12q / 5_Clifford+T_013 / noisy_vanilla
    » [20:18:09]  (#6) 12q / 5_Clifford+T_013 / cut_divided_budget  starting...
/raid/g.bisicchia/cut_and_inc/env/lib/python3.10/site-packages/pennylane/qcut/cutstrategy.py:367: UserWarning: The numer of partition attempts seems high (40).
  warnings.warn(f"The numer of partition attempts seems high ({len(ks)}).")
    ✗ [ 129.1s]  (#6) 12q / 5_Clifford+T_013 / cut_divided_budget  --  The opt_einsum package is required when use_opt_einsum is set to True in the contract_tensors function. This package can be installed using:
pip install opt_einsum
ERROR:cuttable-circuit-benchmark:5_Clifford+T_013 / cut_divided_budget failed: The opt_einsum package is required when use_opt_einsum is set to True in the contract_tensors function. This package can be installed using:
pip install opt_einsum
Traceback (most recent call last):
  File "/raid/g.bisicchia/cut_and_inc/env/lib/python3.10/site-packages/pennylane/qcut/processing.py", line 309, in contract_tensors
    from opt_einsum import contract, get_symbol
ModuleNotFoundError: No module named 'opt_einsum'

The above exception was the direct cause of the following exception:

Traceback (most recent call last):
  File "/raid/g.bisicchia/cut_and_inc/main_new_new.py", line 2501, in _run_circuit
    _run_one_mode_sandboxed(
  File "/raid/g.bisicchia/cut_and_inc/main_new_new.py", line 2379, in _run_one_mode_sandboxed
    _run_one_mode(mode, spec, args, ib, nb, circuit_dir, perf_exp_val, noisy_value)
  File "/raid/g.bisicchia/cut_and_inc/main_new_new.py", line 2414, in _run_one_mode
    payload = _dispatch_mode(mode, spec, args, ideal_backend, noisy_backend, perf_exp_val)
  File "/raid/g.bisicchia/cut_and_inc/main_new_new.py", line 2303, in _dispatch_mode
    return run_cutting(
  File "/raid/g.bisicchia/cut_and_inc/main_new_new.py", line 1396, in run_cutting
    result_value = sew(expvals, sew_data)
  File "/raid/g.bisicchia/cut_and_inc/main_new_new.py", line 606, in sew
    value = qml.qcut.qcut_processing_fn(
  File "/raid/g.bisicchia/cut_and_inc/env/lib/python3.10/site-packages/pennylane/qcut/processing.py", line 78, in qcut_processing_fn
    result = contract_tensors(
  File "/raid/g.bisicchia/cut_and_inc/env/lib/python3.10/site-packages/pennylane/qcut/processing.py", line 311, in contract_tensors
    raise ImportError(
ImportError: The opt_einsum package is required when use_opt_einsum is set to True in the contract_tensors function. This package can be installed using:
pip install opt_einsum
    » [20:20:18]  (#6) 12q / 5_Clifford+T_013 / cut_qubit_prop  starting...
    ✗ [ 120.7s]  (#6) 12q / 5_Clifford+T_013 / cut_qubit_prop  --  The opt_einsum package is required when use_opt_einsum is set to True in the contract_tensors function. This package can be installed using:
pip install opt_einsum
ERROR:cuttable-circuit-benchmark:5_Clifford+T_013 / cut_qubit_prop failed: The opt_einsum package is required when use_opt_einsum is set to True in the contract_tensors function. This package can be installed using:
pip install opt_einsum
Traceback (most recent call last):
  File "/raid/g.bisicchia/cut_and_inc/env/lib/python3.10/site-packages/pennylane/qcut/processing.py", line 309, in contract_tensors
    from opt_einsum import contract, get_symbol
ModuleNotFoundError: No module named 'opt_einsum'

The above exception was the direct cause of the following exception:

Traceback (most recent call last):
  File "/raid/g.bisicchia/cut_and_inc/main_new_new.py", line 2501, in _run_circuit
    _run_one_mode_sandboxed(
  File "/raid/g.bisicchia/cut_and_inc/main_new_new.py", line 2379, in _run_one_mode_sandboxed
    _run_one_mode(mode, spec, args, ib, nb, circuit_dir, perf_exp_val, noisy_value)
  File "/raid/g.bisicchia/cut_and_inc/main_new_new.py", line 2414, in _run_one_mode
    payload = _dispatch_mode(mode, spec, args, ideal_backend, noisy_backend, perf_exp_val)
  File "/raid/g.bisicchia/cut_and_inc/main_new_new.py", line 2303, in _dispatch_mode
    return run_cutting(
  File "/raid/g.bisicchia/cut_and_inc/main_new_new.py", line 1396, in run_cutting
    result_value = sew(expvals, sew_data)
  File "/raid/g.bisicchia/cut_and_inc/main_new_new.py", line 606, in sew
    value = qml.qcut.qcut_processing_fn(
  File "/raid/g.bisicchia/cut_and_inc/env/lib/python3.10/site-packages/pennylane/qcut/processing.py", line 78, in qcut_processing_fn
    result = contract_tensors(
  File "/raid/g.bisicchia/cut_and_inc/env/lib/python3.10/site-packages/pennylane/qcut/processing.py", line 311, in contract_tensors
    raise ImportError(
ImportError: The opt_einsum package is required when use_opt_einsum is set to True in the contract_tensors function. This package can be installed using:
pip install opt_einsum
    » [20:22:19]  (#6) 12q / 5_Clifford+T_013 / cut_incremental_budget  starting...
    ✗ [ 578.7s]  (#6) 12q / 5_Clifford+T_013 / cut_incremental_budget  --  The opt_einsum package is required when use_opt_einsum is set to True in the contract_tensors function. This package can be installed using:
pip install opt_einsum
ERROR:cuttable-circuit-benchmark:5_Clifford+T_013 / cut_incremental_budget failed: The opt_einsum package is required when use_opt_einsum is set to True in the contract_tensors function. This package can be installed using:
pip install opt_einsum
Traceback (most recent call last):
  File "/raid/g.bisicchia/cut_and_inc/env/lib/python3.10/site-packages/pennylane/qcut/processing.py", line 309, in contract_tensors
    from opt_einsum import contract, get_symbol
ModuleNotFoundError: No module named 'opt_einsum'

The above exception was the direct cause of the following exception:

Traceback (most recent call last):
  File "/raid/g.bisicchia/cut_and_inc/main_new_new.py", line 2501, in _run_circuit
    _run_one_mode_sandboxed(
  File "/raid/g.bisicchia/cut_and_inc/main_new_new.py", line 2379, in _run_one_mode_sandboxed
    _run_one_mode(mode, spec, args, ib, nb, circuit_dir, perf_exp_val, noisy_value)
  File "/raid/g.bisicchia/cut_and_inc/main_new_new.py", line 2414, in _run_one_mode
    payload = _dispatch_mode(mode, spec, args, ideal_backend, noisy_backend, perf_exp_val)
  File "/raid/g.bisicchia/cut_and_inc/main_new_new.py", line 2310, in _dispatch_mode
    return run_cutting_incremental(
  File "/raid/g.bisicchia/cut_and_inc/main_new_new.py", line 1578, in run_cutting_incremental
    result_value = sew(expvals, sew_data)
  File "/raid/g.bisicchia/cut_and_inc/main_new_new.py", line 606, in sew
    value = qml.qcut.qcut_processing_fn(
  File "/raid/g.bisicchia/cut_and_inc/env/lib/python3.10/site-packages/pennylane/qcut/processing.py", line 78, in qcut_processing_fn
    result = contract_tensors(
  File "/raid/g.bisicchia/cut_and_inc/env/lib/python3.10/site-packages/pennylane/qcut/processing.py", line 311, in contract_tensors
    raise ImportError(
ImportError: The opt_einsum package is required when use_opt_einsum is set to True in the contract_tensors function. This package can be installed using:
pip install opt_einsum
    » [20:31:57]  (#6) 12q / 5_Clifford+T_013 / cut_incremental_qubit_prop  starting...
    ✗ [ 495.0s]  (#6) 12q / 5_Clifford+T_013 / cut_incremental_qubit_prop  --  The opt_einsum package is required when use_opt_einsum is set to True in the contract_tensors function. This package can be installed using:
pip install opt_einsum
ERROR:cuttable-circuit-benchmark:5_Clifford+T_013 / cut_incremental_qubit_prop failed: The opt_einsum package is required when use_opt_einsum is set to True in the contract_tensors function. This package can be installed using:
pip install opt_einsum
Traceback (most recent call last):
  File "/raid/g.bisicchia/cut_and_inc/env/lib/python3.10/site-packages/pennylane/qcut/processing.py", line 309, in contract_tensors
    from opt_einsum import contract, get_symbol
ModuleNotFoundError: No module named 'opt_einsum'

The above exception was the direct cause of the following exception:

Traceback (most recent call last):
  File "/raid/g.bisicchia/cut_and_inc/main_new_new.py", line 2501, in _run_circuit
    _run_one_mode_sandboxed(
  File "/raid/g.bisicchia/cut_and_inc/main_new_new.py", line 2379, in _run_one_mode_sandboxed
    _run_one_mode(mode, spec, args, ib, nb, circuit_dir, perf_exp_val, noisy_value)
  File "/raid/g.bisicchia/cut_and_inc/main_new_new.py", line 2414, in _run_one_mode
    payload = _dispatch_mode(mode, spec, args, ideal_backend, noisy_backend, perf_exp_val)
  File "/raid/g.bisicchia/cut_and_inc/main_new_new.py", line 2310, in _dispatch_mode
    return run_cutting_incremental(
  File "/raid/g.bisicchia/cut_and_inc/main_new_new.py", line 1578, in run_cutting_incremental
    result_value = sew(expvals, sew_data)
  File "/raid/g.bisicchia/cut_and_inc/main_new_new.py", line 606, in sew
    value = qml.qcut.qcut_processing_fn(
  File "/raid/g.bisicchia/cut_and_inc/env/lib/python3.10/site-packages/pennylane/qcut/processing.py", line 78, in qcut_processing_fn
    result = contract_tensors(
  File "/raid/g.bisicchia/cut_and_inc/env/lib/python3.10/site-packages/pennylane/qcut/processing.py", line 311, in contract_tensors
    raise ImportError(
ImportError: The opt_einsum package is required when use_opt_einsum is set to True in the contract_tensors function. This package can be installed using:
pip install opt_einsum

[7/10] 12q / 6_Clifford+T_015  observable: ZIIIIIIIIIII
    » [20:40:12]  12q / 6_Clifford+T_015  observable=ZIIIIIIIIIII  computing ground truth (PennyLane default.qubit)...
    · [   0.0s]  ground_truth = 0.000000
    » [20:40:12]  (#7) 12q / 6_Clifford+T_015 / noisy_vanilla  starting...
    ✓ [   7.7s]  (#7) 12q / 6_Clifford+T_015 / noisy_vanilla
    » [20:40:20]  (#7) 12q / 6_Clifford+T_015 / cut_divided_budget  starting...
/raid/g.bisicchia/cut_and_inc/env/lib/python3.10/site-packages/pennylane/qcut/cutstrategy.py:367: UserWarning: The numer of partition attempts seems high (40).
  warnings.warn(f"The numer of partition attempts seems high ({len(ks)}).")
    ✗ [  44.8s]  (#7) 12q / 6_Clifford+T_015 / cut_divided_budget  --  The opt_einsum package is required when use_opt_einsum is set to True in the contract_tensors function. This package can be installed using:
pip install opt_einsum
ERROR:cuttable-circuit-benchmark:6_Clifford+T_015 / cut_divided_budget failed: The opt_einsum package is required when use_opt_einsum is set to True in the contract_tensors function. This package can be installed using:
pip install opt_einsum
Traceback (most recent call last):
  File "/raid/g.bisicchia/cut_and_inc/env/lib/python3.10/site-packages/pennylane/qcut/processing.py", line 309, in contract_tensors
    from opt_einsum import contract, get_symbol
ModuleNotFoundError: No module named 'opt_einsum'

The above exception was the direct cause of the following exception:

Traceback (most recent call last):
  File "/raid/g.bisicchia/cut_and_inc/main_new_new.py", line 2501, in _run_circuit
    _run_one_mode_sandboxed(
  File "/raid/g.bisicchia/cut_and_inc/main_new_new.py", line 2379, in _run_one_mode_sandboxed
    _run_one_mode(mode, spec, args, ib, nb, circuit_dir, perf_exp_val, noisy_value)
  File "/raid/g.bisicchia/cut_and_inc/main_new_new.py", line 2414, in _run_one_mode
    payload = _dispatch_mode(mode, spec, args, ideal_backend, noisy_backend, perf_exp_val)
  File "/raid/g.bisicchia/cut_and_inc/main_new_new.py", line 2303, in _dispatch_mode
    return run_cutting(
  File "/raid/g.bisicchia/cut_and_inc/main_new_new.py", line 1396, in run_cutting
    result_value = sew(expvals, sew_data)
  File "/raid/g.bisicchia/cut_and_inc/main_new_new.py", line 606, in sew
    value = qml.qcut.qcut_processing_fn(
  File "/raid/g.bisicchia/cut_and_inc/env/lib/python3.10/site-packages/pennylane/qcut/processing.py", line 78, in qcut_processing_fn
    result = contract_tensors(
  File "/raid/g.bisicchia/cut_and_inc/env/lib/python3.10/site-packages/pennylane/qcut/processing.py", line 311, in contract_tensors
    raise ImportError(
ImportError: The opt_einsum package is required when use_opt_einsum is set to True in the contract_tensors function. This package can be installed using:
pip install opt_einsum
    » [20:41:05]  (#7) 12q / 6_Clifford+T_015 / cut_qubit_prop  starting...
    ✗ [  35.0s]  (#7) 12q / 6_Clifford+T_015 / cut_qubit_prop  --  The opt_einsum package is required when use_opt_einsum is set to True in the contract_tensors function. This package can be installed using:
pip install opt_einsum
ERROR:cuttable-circuit-benchmark:6_Clifford+T_015 / cut_qubit_prop failed: The opt_einsum package is required when use_opt_einsum is set to True in the contract_tensors function. This package can be installed using:
pip install opt_einsum
Traceback (most recent call last):
  File "/raid/g.bisicchia/cut_and_inc/env/lib/python3.10/site-packages/pennylane/qcut/processing.py", line 309, in contract_tensors
    from opt_einsum import contract, get_symbol
ModuleNotFoundError: No module named 'opt_einsum'

The above exception was the direct cause of the following exception:

Traceback (most recent call last):
  File "/raid/g.bisicchia/cut_and_inc/main_new_new.py", line 2501, in _run_circuit
    _run_one_mode_sandboxed(
  File "/raid/g.bisicchia/cut_and_inc/main_new_new.py", line 2379, in _run_one_mode_sandboxed
    _run_one_mode(mode, spec, args, ib, nb, circuit_dir, perf_exp_val, noisy_value)
  File "/raid/g.bisicchia/cut_and_inc/main_new_new.py", line 2414, in _run_one_mode
    payload = _dispatch_mode(mode, spec, args, ideal_backend, noisy_backend, perf_exp_val)
  File "/raid/g.bisicchia/cut_and_inc/main_new_new.py", line 2303, in _dispatch_mode
    return run_cutting(
  File "/raid/g.bisicchia/cut_and_inc/main_new_new.py", line 1396, in run_cutting
    result_value = sew(expvals, sew_data)
  File "/raid/g.bisicchia/cut_and_inc/main_new_new.py", line 606, in sew
    value = qml.qcut.qcut_processing_fn(
  File "/raid/g.bisicchia/cut_and_inc/env/lib/python3.10/site-packages/pennylane/qcut/processing.py", line 78, in qcut_processing_fn
    result = contract_tensors(
  File "/raid/g.bisicchia/cut_and_inc/env/lib/python3.10/site-packages/pennylane/qcut/processing.py", line 311, in contract_tensors
    raise ImportError(
ImportError: The opt_einsum package is required when use_opt_einsum is set to True in the contract_tensors function. This package can be installed using:
pip install opt_einsum
    » [20:41:40]  (#7) 12q / 6_Clifford+T_015 / cut_incremental_budget  starting...
    ✗ [ 434.6s]  (#7) 12q / 6_Clifford+T_015 / cut_incremental_budget  --  The opt_einsum package is required when use_opt_einsum is set to True in the contract_tensors function. This package can be installed using:
pip install opt_einsum
ERROR:cuttable-circuit-benchmark:6_Clifford+T_015 / cut_incremental_budget failed: The opt_einsum package is required when use_opt_einsum is set to True in the contract_tensors function. This package can be installed using:
pip install opt_einsum
Traceback (most recent call last):
  File "/raid/g.bisicchia/cut_and_inc/env/lib/python3.10/site-packages/pennylane/qcut/processing.py", line 309, in contract_tensors
    from opt_einsum import contract, get_symbol
ModuleNotFoundError: No module named 'opt_einsum'

The above exception was the direct cause of the following exception:

Traceback (most recent call last):
  File "/raid/g.bisicchia/cut_and_inc/main_new_new.py", line 2501, in _run_circuit
    _run_one_mode_sandboxed(
  File "/raid/g.bisicchia/cut_and_inc/main_new_new.py", line 2379, in _run_one_mode_sandboxed
    _run_one_mode(mode, spec, args, ib, nb, circuit_dir, perf_exp_val, noisy_value)
  File "/raid/g.bisicchia/cut_and_inc/main_new_new.py", line 2414, in _run_one_mode
    payload = _dispatch_mode(mode, spec, args, ideal_backend, noisy_backend, perf_exp_val)
  File "/raid/g.bisicchia/cut_and_inc/main_new_new.py", line 2310, in _dispatch_mode
    return run_cutting_incremental(
  File "/raid/g.bisicchia/cut_and_inc/main_new_new.py", line 1578, in run_cutting_incremental
    result_value = sew(expvals, sew_data)
  File "/raid/g.bisicchia/cut_and_inc/main_new_new.py", line 606, in sew
    value = qml.qcut.qcut_processing_fn(
  File "/raid/g.bisicchia/cut_and_inc/env/lib/python3.10/site-packages/pennylane/qcut/processing.py", line 78, in qcut_processing_fn
    result = contract_tensors(
  File "/raid/g.bisicchia/cut_and_inc/env/lib/python3.10/site-packages/pennylane/qcut/processing.py", line 311, in contract_tensors
    raise ImportError(
ImportError: The opt_einsum package is required when use_opt_einsum is set to True in the contract_tensors function. This package can be installed using:
pip install opt_einsum
    » [20:48:55]  (#7) 12q / 6_Clifford+T_015 / cut_incremental_qubit_prop  starting...
    ✗ [ 380.9s]  (#7) 12q / 6_Clifford+T_015 / cut_incremental_qubit_prop  --  The opt_einsum package is required when use_opt_einsum is set to True in the contract_tensors function. This package can be installed using:
pip install opt_einsum
ERROR:cuttable-circuit-benchmark:6_Clifford+T_015 / cut_incremental_qubit_prop failed: The opt_einsum package is required when use_opt_einsum is set to True in the contract_tensors function. This package can be installed using:
pip install opt_einsum
Traceback (most recent call last):
  File "/raid/g.bisicchia/cut_and_inc/env/lib/python3.10/site-packages/pennylane/qcut/processing.py", line 309, in contract_tensors
    from opt_einsum import contract, get_symbol
ModuleNotFoundError: No module named 'opt_einsum'

The above exception was the direct cause of the following exception:

Traceback (most recent call last):
  File "/raid/g.bisicchia/cut_and_inc/main_new_new.py", line 2501, in _run_circuit
    _run_one_mode_sandboxed(
  File "/raid/g.bisicchia/cut_and_inc/main_new_new.py", line 2379, in _run_one_mode_sandboxed
    _run_one_mode(mode, spec, args, ib, nb, circuit_dir, perf_exp_val, noisy_value)
  File "/raid/g.bisicchia/cut_and_inc/main_new_new.py", line 2414, in _run_one_mode
    payload = _dispatch_mode(mode, spec, args, ideal_backend, noisy_backend, perf_exp_val)
  File "/raid/g.bisicchia/cut_and_inc/main_new_new.py", line 2310, in _dispatch_mode
    return run_cutting_incremental(
  File "/raid/g.bisicchia/cut_and_inc/main_new_new.py", line 1578, in run_cutting_incremental
    result_value = sew(expvals, sew_data)
  File "/raid/g.bisicchia/cut_and_inc/main_new_new.py", line 606, in sew
    value = qml.qcut.qcut_processing_fn(
  File "/raid/g.bisicchia/cut_and_inc/env/lib/python3.10/site-packages/pennylane/qcut/processing.py", line 78, in qcut_processing_fn
    result = contract_tensors(
  File "/raid/g.bisicchia/cut_and_inc/env/lib/python3.10/site-packages/pennylane/qcut/processing.py", line 311, in contract_tensors
    raise ImportError(
ImportError: The opt_einsum package is required when use_opt_einsum is set to True in the contract_tensors function. This package can be installed using:
pip install opt_einsum

[8/10] 12q / 7_Clifford+T_019  observable: ZIIIIIIIIIII
    » [20:55:15]  12q / 7_Clifford+T_019  observable=ZIIIIIIIIIII  computing ground truth (PennyLane default.qubit)...
    · [   0.0s]  ground_truth = 0.000000
    » [20:55:15]  (#8) 12q / 7_Clifford+T_019 / noisy_vanilla  starting...
    ✓ [   5.3s]  (#8) 12q / 7_Clifford+T_019 / noisy_vanilla
    » [20:55:21]  (#8) 12q / 7_Clifford+T_019 / cut_divided_budget  starting...
/raid/g.bisicchia/cut_and_inc/env/lib/python3.10/site-packages/pennylane/qcut/cutstrategy.py:367: UserWarning: The numer of partition attempts seems high (41).
  warnings.warn(f"The numer of partition attempts seems high ({len(ks)}).")
    ✗ [  15.8s]  (#8) 12q / 7_Clifford+T_019 / cut_divided_budget  --  The opt_einsum package is required when use_opt_einsum is set to True in the contract_tensors function. This package can be installed using:
pip install opt_einsum
ERROR:cuttable-circuit-benchmark:7_Clifford+T_019 / cut_divided_budget failed: The opt_einsum package is required when use_opt_einsum is set to True in the contract_tensors function. This package can be installed using:
pip install opt_einsum
Traceback (most recent call last):
  File "/raid/g.bisicchia/cut_and_inc/env/lib/python3.10/site-packages/pennylane/qcut/processing.py", line 309, in contract_tensors
    from opt_einsum import contract, get_symbol
ModuleNotFoundError: No module named 'opt_einsum'

The above exception was the direct cause of the following exception:

Traceback (most recent call last):
  File "/raid/g.bisicchia/cut_and_inc/main_new_new.py", line 2501, in _run_circuit
    _run_one_mode_sandboxed(
  File "/raid/g.bisicchia/cut_and_inc/main_new_new.py", line 2379, in _run_one_mode_sandboxed
    _run_one_mode(mode, spec, args, ib, nb, circuit_dir, perf_exp_val, noisy_value)
  File "/raid/g.bisicchia/cut_and_inc/main_new_new.py", line 2414, in _run_one_mode
    payload = _dispatch_mode(mode, spec, args, ideal_backend, noisy_backend, perf_exp_val)
  File "/raid/g.bisicchia/cut_and_inc/main_new_new.py", line 2303, in _dispatch_mode
    return run_cutting(
  File "/raid/g.bisicchia/cut_and_inc/main_new_new.py", line 1396, in run_cutting
    result_value = sew(expvals, sew_data)
  File "/raid/g.bisicchia/cut_and_inc/main_new_new.py", line 606, in sew
    value = qml.qcut.qcut_processing_fn(
  File "/raid/g.bisicchia/cut_and_inc/env/lib/python3.10/site-packages/pennylane/qcut/processing.py", line 78, in qcut_processing_fn
    result = contract_tensors(
  File "/raid/g.bisicchia/cut_and_inc/env/lib/python3.10/site-packages/pennylane/qcut/processing.py", line 311, in contract_tensors
    raise ImportError(
ImportError: The opt_einsum package is required when use_opt_einsum is set to True in the contract_tensors function. This package can be installed using:
pip install opt_einsum
    » [20:55:37]  (#8) 12q / 7_Clifford+T_019 / cut_qubit_prop  starting...
    ✗ [   5.8s]  (#8) 12q / 7_Clifford+T_019 / cut_qubit_prop  --  The opt_einsum package is required when use_opt_einsum is set to True in the contract_tensors function. This package can be installed using:
pip install opt_einsum
ERROR:cuttable-circuit-benchmark:7_Clifford+T_019 / cut_qubit_prop failed: The opt_einsum package is required when use_opt_einsum is set to True in the contract_tensors function. This package can be installed using:
pip install opt_einsum
Traceback (most recent call last):
  File "/raid/g.bisicchia/cut_and_inc/env/lib/python3.10/site-packages/pennylane/qcut/processing.py", line 309, in contract_tensors
    from opt_einsum import contract, get_symbol
ModuleNotFoundError: No module named 'opt_einsum'

The above exception was the direct cause of the following exception:

Traceback (most recent call last):
  File "/raid/g.bisicchia/cut_and_inc/main_new_new.py", line 2501, in _run_circuit
    _run_one_mode_sandboxed(
  File "/raid/g.bisicchia/cut_and_inc/main_new_new.py", line 2379, in _run_one_mode_sandboxed
    _run_one_mode(mode, spec, args, ib, nb, circuit_dir, perf_exp_val, noisy_value)
  File "/raid/g.bisicchia/cut_and_inc/main_new_new.py", line 2414, in _run_one_mode
    payload = _dispatch_mode(mode, spec, args, ideal_backend, noisy_backend, perf_exp_val)
  File "/raid/g.bisicchia/cut_and_inc/main_new_new.py", line 2303, in _dispatch_mode
    return run_cutting(
  File "/raid/g.bisicchia/cut_and_inc/main_new_new.py", line 1396, in run_cutting
    result_value = sew(expvals, sew_data)
  File "/raid/g.bisicchia/cut_and_inc/main_new_new.py", line 606, in sew
    value = qml.qcut.qcut_processing_fn(
  File "/raid/g.bisicchia/cut_and_inc/env/lib/python3.10/site-packages/pennylane/qcut/processing.py", line 78, in qcut_processing_fn
    result = contract_tensors(
  File "/raid/g.bisicchia/cut_and_inc/env/lib/python3.10/site-packages/pennylane/qcut/processing.py", line 311, in contract_tensors
    raise ImportError(
ImportError: The opt_einsum package is required when use_opt_einsum is set to True in the contract_tensors function. This package can be installed using:
pip install opt_einsum
    » [20:55:42]  (#8) 12q / 7_Clifford+T_019 / cut_incremental_budget  starting...
    ✗ [ 404.1s]  (#8) 12q / 7_Clifford+T_019 / cut_incremental_budget  --  The opt_einsum package is required when use_opt_einsum is set to True in the contract_tensors function. This package can be installed using:
pip install opt_einsum
ERROR:cuttable-circuit-benchmark:7_Clifford+T_019 / cut_incremental_budget failed: The opt_einsum package is required when use_opt_einsum is set to True in the contract_tensors function. This package can be installed using:
pip install opt_einsum
Traceback (most recent call last):
  File "/raid/g.bisicchia/cut_and_inc/env/lib/python3.10/site-packages/pennylane/qcut/processing.py", line 309, in contract_tensors
    from opt_einsum import contract, get_symbol
ModuleNotFoundError: No module named 'opt_einsum'

The above exception was the direct cause of the following exception:

Traceback (most recent call last):
  File "/raid/g.bisicchia/cut_and_inc/main_new_new.py", line 2501, in _run_circuit
    _run_one_mode_sandboxed(
  File "/raid/g.bisicchia/cut_and_inc/main_new_new.py", line 2379, in _run_one_mode_sandboxed
    _run_one_mode(mode, spec, args, ib, nb, circuit_dir, perf_exp_val, noisy_value)
  File "/raid/g.bisicchia/cut_and_inc/main_new_new.py", line 2414, in _run_one_mode
    payload = _dispatch_mode(mode, spec, args, ideal_backend, noisy_backend, perf_exp_val)
  File "/raid/g.bisicchia/cut_and_inc/main_new_new.py", line 2310, in _dispatch_mode
    return run_cutting_incremental(
  File "/raid/g.bisicchia/cut_and_inc/main_new_new.py", line 1578, in run_cutting_incremental
    result_value = sew(expvals, sew_data)
  File "/raid/g.bisicchia/cut_and_inc/main_new_new.py", line 606, in sew
    value = qml.qcut.qcut_processing_fn(
  File "/raid/g.bisicchia/cut_and_inc/env/lib/python3.10/site-packages/pennylane/qcut/processing.py", line 78, in qcut_processing_fn
    result = contract_tensors(
  File "/raid/g.bisicchia/cut_and_inc/env/lib/python3.10/site-packages/pennylane/qcut/processing.py", line 311, in contract_tensors
    raise ImportError(
ImportError: The opt_einsum package is required when use_opt_einsum is set to True in the contract_tensors function. This package can be installed using:
pip install opt_einsum
    » [21:02:26]  (#8) 12q / 7_Clifford+T_019 / cut_incremental_qubit_prop  starting...
    ✗ [ 377.7s]  (#8) 12q / 7_Clifford+T_019 / cut_incremental_qubit_prop  --  The opt_einsum package is required when use_opt_einsum is set to True in the contract_tensors function. This package can be installed using:
pip install opt_einsum
ERROR:cuttable-circuit-benchmark:7_Clifford+T_019 / cut_incremental_qubit_prop failed: The opt_einsum package is required when use_opt_einsum is set to True in the contract_tensors function. This package can be installed using:
pip install opt_einsum
Traceback (most recent call last):
  File "/raid/g.bisicchia/cut_and_inc/env/lib/python3.10/site-packages/pennylane/qcut/processing.py", line 309, in contract_tensors
    from opt_einsum import contract, get_symbol
ModuleNotFoundError: No module named 'opt_einsum'

The above exception was the direct cause of the following exception:

Traceback (most recent call last):
  File "/raid/g.bisicchia/cut_and_inc/main_new_new.py", line 2501, in _run_circuit
    _run_one_mode_sandboxed(
  File "/raid/g.bisicchia/cut_and_inc/main_new_new.py", line 2379, in _run_one_mode_sandboxed
    _run_one_mode(mode, spec, args, ib, nb, circuit_dir, perf_exp_val, noisy_value)
  File "/raid/g.bisicchia/cut_and_inc/main_new_new.py", line 2414, in _run_one_mode
    payload = _dispatch_mode(mode, spec, args, ideal_backend, noisy_backend, perf_exp_val)
  File "/raid/g.bisicchia/cut_and_inc/main_new_new.py", line 2310, in _dispatch_mode
    return run_cutting_incremental(
  File "/raid/g.bisicchia/cut_and_inc/main_new_new.py", line 1578, in run_cutting_incremental
    result_value = sew(expvals, sew_data)
  File "/raid/g.bisicchia/cut_and_inc/main_new_new.py", line 606, in sew
    value = qml.qcut.qcut_processing_fn(
  File "/raid/g.bisicchia/cut_and_inc/env/lib/python3.10/site-packages/pennylane/qcut/processing.py", line 78, in qcut_processing_fn
    result = contract_tensors(
  File "/raid/g.bisicchia/cut_and_inc/env/lib/python3.10/site-packages/pennylane/qcut/processing.py", line 311, in contract_tensors
    raise ImportError(
ImportError: The opt_einsum package is required when use_opt_einsum is set to True in the contract_tensors function. This package can be installed using:
pip install opt_einsum

[9/10] 12q / 8_Clifford+T_021  observable: ZIIIIIIIIIII
    » [21:08:44]  12q / 8_Clifford+T_021  observable=ZIIIIIIIIIII  computing ground truth (PennyLane default.qubit)...
    · [   0.0s]  ground_truth = 0.000000
    » [21:08:44]  (#9) 12q / 8_Clifford+T_021 / noisy_vanilla  starting...
    ✓ [   5.4s]  (#9) 12q / 8_Clifford+T_021 / noisy_vanilla
    » [21:08:50]  (#9) 12q / 8_Clifford+T_021 / cut_divided_budget  starting...
/raid/g.bisicchia/cut_and_inc/env/lib/python3.10/site-packages/pennylane/qcut/cutstrategy.py:367: UserWarning: The numer of partition attempts seems high (40).
  warnings.warn(f"The numer of partition attempts seems high ({len(ks)}).")
    ✗ [  36.5s]  (#9) 12q / 8_Clifford+T_021 / cut_divided_budget  --  The opt_einsum package is required when use_opt_einsum is set to True in the contract_tensors function. This package can be installed using:
pip install opt_einsum
ERROR:cuttable-circuit-benchmark:8_Clifford+T_021 / cut_divided_budget failed: The opt_einsum package is required when use_opt_einsum is set to True in the contract_tensors function. This package can be installed using:
pip install opt_einsum
Traceback (most recent call last):
  File "/raid/g.bisicchia/cut_and_inc/env/lib/python3.10/site-packages/pennylane/qcut/processing.py", line 309, in contract_tensors
    from opt_einsum import contract, get_symbol
ModuleNotFoundError: No module named 'opt_einsum'

The above exception was the direct cause of the following exception:

Traceback (most recent call last):
  File "/raid/g.bisicchia/cut_and_inc/main_new_new.py", line 2501, in _run_circuit
    _run_one_mode_sandboxed(
  File "/raid/g.bisicchia/cut_and_inc/main_new_new.py", line 2379, in _run_one_mode_sandboxed
    _run_one_mode(mode, spec, args, ib, nb, circuit_dir, perf_exp_val, noisy_value)
  File "/raid/g.bisicchia/cut_and_inc/main_new_new.py", line 2414, in _run_one_mode
    payload = _dispatch_mode(mode, spec, args, ideal_backend, noisy_backend, perf_exp_val)
  File "/raid/g.bisicchia/cut_and_inc/main_new_new.py", line 2303, in _dispatch_mode
    return run_cutting(
  File "/raid/g.bisicchia/cut_and_inc/main_new_new.py", line 1396, in run_cutting
    result_value = sew(expvals, sew_data)
  File "/raid/g.bisicchia/cut_and_inc/main_new_new.py", line 606, in sew
    value = qml.qcut.qcut_processing_fn(
  File "/raid/g.bisicchia/cut_and_inc/env/lib/python3.10/site-packages/pennylane/qcut/processing.py", line 78, in qcut_processing_fn
    result = contract_tensors(
  File "/raid/g.bisicchia/cut_and_inc/env/lib/python3.10/site-packages/pennylane/qcut/processing.py", line 311, in contract_tensors
    raise ImportError(
ImportError: The opt_einsum package is required when use_opt_einsum is set to True in the contract_tensors function. This package can be installed using:
pip install opt_einsum
    » [21:09:26]  (#9) 12q / 8_Clifford+T_021 / cut_qubit_prop  starting...
    ✗ [  27.3s]  (#9) 12q / 8_Clifford+T_021 / cut_qubit_prop  --  The opt_einsum package is required when use_opt_einsum is set to True in the contract_tensors function. This package can be installed using:
pip install opt_einsum
ERROR:cuttable-circuit-benchmark:8_Clifford+T_021 / cut_qubit_prop failed: The opt_einsum package is required when use_opt_einsum is set to True in the contract_tensors function. This package can be installed using:
pip install opt_einsum
Traceback (most recent call last):
  File "/raid/g.bisicchia/cut_and_inc/env/lib/python3.10/site-packages/pennylane/qcut/processing.py", line 309, in contract_tensors
    from opt_einsum import contract, get_symbol
ModuleNotFoundError: No module named 'opt_einsum'

The above exception was the direct cause of the following exception:

Traceback (most recent call last):
  File "/raid/g.bisicchia/cut_and_inc/main_new_new.py", line 2501, in _run_circuit
    _run_one_mode_sandboxed(
  File "/raid/g.bisicchia/cut_and_inc/main_new_new.py", line 2379, in _run_one_mode_sandboxed
    _run_one_mode(mode, spec, args, ib, nb, circuit_dir, perf_exp_val, noisy_value)
  File "/raid/g.bisicchia/cut_and_inc/main_new_new.py", line 2414, in _run_one_mode
    payload = _dispatch_mode(mode, spec, args, ideal_backend, noisy_backend, perf_exp_val)
  File "/raid/g.bisicchia/cut_and_inc/main_new_new.py", line 2303, in _dispatch_mode
    return run_cutting(
  File "/raid/g.bisicchia/cut_and_inc/main_new_new.py", line 1396, in run_cutting
    result_value = sew(expvals, sew_data)
  File "/raid/g.bisicchia/cut_and_inc/main_new_new.py", line 606, in sew
    value = qml.qcut.qcut_processing_fn(
  File "/raid/g.bisicchia/cut_and_inc/env/lib/python3.10/site-packages/pennylane/qcut/processing.py", line 78, in qcut_processing_fn
    result = contract_tensors(
  File "/raid/g.bisicchia/cut_and_inc/env/lib/python3.10/site-packages/pennylane/qcut/processing.py", line 311, in contract_tensors
    raise ImportError(
ImportError: The opt_einsum package is required when use_opt_einsum is set to True in the contract_tensors function. This package can be installed using:
pip install opt_einsum
    » [21:09:53]  (#9) 12q / 8_Clifford+T_021 / cut_incremental_budget  starting...
    ✗ [ 390.2s]  (#9) 12q / 8_Clifford+T_021 / cut_incremental_budget  --  The opt_einsum package is required when use_opt_einsum is set to True in the contract_tensors function. This package can be installed using:
pip install opt_einsum
ERROR:cuttable-circuit-benchmark:8_Clifford+T_021 / cut_incremental_budget failed: The opt_einsum package is required when use_opt_einsum is set to True in the contract_tensors function. This package can be installed using:
pip install opt_einsum
Traceback (most recent call last):
  File "/raid/g.bisicchia/cut_and_inc/env/lib/python3.10/site-packages/pennylane/qcut/processing.py", line 309, in contract_tensors
    from opt_einsum import contract, get_symbol
ModuleNotFoundError: No module named 'opt_einsum'

The above exception was the direct cause of the following exception:

Traceback (most recent call last):
  File "/raid/g.bisicchia/cut_and_inc/main_new_new.py", line 2501, in _run_circuit
    _run_one_mode_sandboxed(
  File "/raid/g.bisicchia/cut_and_inc/main_new_new.py", line 2379, in _run_one_mode_sandboxed
    _run_one_mode(mode, spec, args, ib, nb, circuit_dir, perf_exp_val, noisy_value)
  File "/raid/g.bisicchia/cut_and_inc/main_new_new.py", line 2414, in _run_one_mode
    payload = _dispatch_mode(mode, spec, args, ideal_backend, noisy_backend, perf_exp_val)
  File "/raid/g.bisicchia/cut_and_inc/main_new_new.py", line 2310, in _dispatch_mode
    return run_cutting_incremental(
  File "/raid/g.bisicchia/cut_and_inc/main_new_new.py", line 1578, in run_cutting_incremental
    result_value = sew(expvals, sew_data)
  File "/raid/g.bisicchia/cut_and_inc/main_new_new.py", line 606, in sew
    value = qml.qcut.qcut_processing_fn(
  File "/raid/g.bisicchia/cut_and_inc/env/lib/python3.10/site-packages/pennylane/qcut/processing.py", line 78, in qcut_processing_fn
    result = contract_tensors(
  File "/raid/g.bisicchia/cut_and_inc/env/lib/python3.10/site-packages/pennylane/qcut/processing.py", line 311, in contract_tensors
    raise ImportError(
ImportError: The opt_einsum package is required when use_opt_einsum is set to True in the contract_tensors function. This package can be installed using:
pip install opt_einsum
    » [21:16:23]  (#9) 12q / 8_Clifford+T_021 / cut_incremental_qubit_prop  starting...
    ✗ [ 373.8s]  (#9) 12q / 8_Clifford+T_021 / cut_incremental_qubit_prop  --  The opt_einsum package is required when use_opt_einsum is set to True in the contract_tensors function. This package can be installed using:
pip install opt_einsum
ERROR:cuttable-circuit-benchmark:8_Clifford+T_021 / cut_incremental_qubit_prop failed: The opt_einsum package is required when use_opt_einsum is set to True in the contract_tensors function. This package can be installed using:
pip install opt_einsum
Traceback (most recent call last):
  File "/raid/g.bisicchia/cut_and_inc/env/lib/python3.10/site-packages/pennylane/qcut/processing.py", line 309, in contract_tensors
    from opt_einsum import contract, get_symbol
ModuleNotFoundError: No module named 'opt_einsum'

The above exception was the direct cause of the following exception:

Traceback (most recent call last):
  File "/raid/g.bisicchia/cut_and_inc/main_new_new.py", line 2501, in _run_circuit
    _run_one_mode_sandboxed(
  File "/raid/g.bisicchia/cut_and_inc/main_new_new.py", line 2379, in _run_one_mode_sandboxed
    _run_one_mode(mode, spec, args, ib, nb, circuit_dir, perf_exp_val, noisy_value)
  File "/raid/g.bisicchia/cut_and_inc/main_new_new.py", line 2414, in _run_one_mode
    payload = _dispatch_mode(mode, spec, args, ideal_backend, noisy_backend, perf_exp_val)
  File "/raid/g.bisicchia/cut_and_inc/main_new_new.py", line 2310, in _dispatch_mode
    return run_cutting_incremental(
  File "/raid/g.bisicchia/cut_and_inc/main_new_new.py", line 1578, in run_cutting_incremental
    result_value = sew(expvals, sew_data)
  File "/raid/g.bisicchia/cut_and_inc/main_new_new.py", line 606, in sew
    value = qml.qcut.qcut_processing_fn(
  File "/raid/g.bisicchia/cut_and_inc/env/lib/python3.10/site-packages/pennylane/qcut/processing.py", line 78, in qcut_processing_fn
    result = contract_tensors(
  File "/raid/g.bisicchia/cut_and_inc/env/lib/python3.10/site-packages/pennylane/qcut/processing.py", line 311, in contract_tensors
    raise ImportError(
ImportError: The opt_einsum package is required when use_opt_einsum is set to True in the contract_tensors function. This package can be installed using:
pip install opt_einsum

[10/10] 12q / 9_Clifford+T_025  observable: ZIIIIIIIIIII
    » [21:22:37]  12q / 9_Clifford+T_025  observable=ZIIIIIIIIIII  computing ground truth (PennyLane default.qubit)...
    · [   0.0s]  ground_truth = -1.000000
    » [21:22:37]  (#10) 12q / 9_Clifford+T_025 / noisy_vanilla  starting...
    ✓ [   6.3s]  (#10) 12q / 9_Clifford+T_025 / noisy_vanilla
    » [21:22:44]  (#10) 12q / 9_Clifford+T_025 / cut_divided_budget  starting...
/raid/g.bisicchia/cut_and_inc/env/lib/python3.10/site-packages/pennylane/qcut/cutstrategy.py:367: UserWarning: The numer of partition attempts seems high (40).
  warnings.warn(f"The numer of partition attempts seems high ({len(ks)}).")
    ✗ [ 131.7s]  (#10) 12q / 9_Clifford+T_025 / cut_divided_budget  --  The opt_einsum package is required when use_opt_einsum is set to True in the contract_tensors function. This package can be installed using:
pip install opt_einsum
ERROR:cuttable-circuit-benchmark:9_Clifford+T_025 / cut_divided_budget failed: The opt_einsum package is required when use_opt_einsum is set to True in the contract_tensors function. This package can be installed using:
pip install opt_einsum
Traceback (most recent call last):
  File "/raid/g.bisicchia/cut_and_inc/env/lib/python3.10/site-packages/pennylane/qcut/processing.py", line 309, in contract_tensors
    from opt_einsum import contract, get_symbol
ModuleNotFoundError: No module named 'opt_einsum'

The above exception was the direct cause of the following exception:

Traceback (most recent call last):
  File "/raid/g.bisicchia/cut_and_inc/main_new_new.py", line 2501, in _run_circuit
    _run_one_mode_sandboxed(
  File "/raid/g.bisicchia/cut_and_inc/main_new_new.py", line 2379, in _run_one_mode_sandboxed
    _run_one_mode(mode, spec, args, ib, nb, circuit_dir, perf_exp_val, noisy_value)
  File "/raid/g.bisicchia/cut_and_inc/main_new_new.py", line 2414, in _run_one_mode
    payload = _dispatch_mode(mode, spec, args, ideal_backend, noisy_backend, perf_exp_val)
  File "/raid/g.bisicchia/cut_and_inc/main_new_new.py", line 2303, in _dispatch_mode
    return run_cutting(
  File "/raid/g.bisicchia/cut_and_inc/main_new_new.py", line 1396, in run_cutting
    result_value = sew(expvals, sew_data)
  File "/raid/g.bisicchia/cut_and_inc/main_new_new.py", line 606, in sew
    value = qml.qcut.qcut_processing_fn(
  File "/raid/g.bisicchia/cut_and_inc/env/lib/python3.10/site-packages/pennylane/qcut/processing.py", line 78, in qcut_processing_fn
    result = contract_tensors(
  File "/raid/g.bisicchia/cut_and_inc/env/lib/python3.10/site-packages/pennylane/qcut/processing.py", line 311, in contract_tensors
    raise ImportError(
ImportError: The opt_einsum package is required when use_opt_einsum is set to True in the contract_tensors function. This package can be installed using:
pip install opt_einsum
    » [21:24:55]  (#10) 12q / 9_Clifford+T_025 / cut_qubit_prop  starting...
    ✗ [ 113.1s]  (#10) 12q / 9_Clifford+T_025 / cut_qubit_prop  --  The opt_einsum package is required when use_opt_einsum is set to True in the contract_tensors function. This package can be installed using:
pip install opt_einsum
ERROR:cuttable-circuit-benchmark:9_Clifford+T_025 / cut_qubit_prop failed: The opt_einsum package is required when use_opt_einsum is set to True in the contract_tensors function. This package can be installed using:
pip install opt_einsum
Traceback (most recent call last):
  File "/raid/g.bisicchia/cut_and_inc/env/lib/python3.10/site-packages/pennylane/qcut/processing.py", line 309, in contract_tensors
    from opt_einsum import contract, get_symbol
ModuleNotFoundError: No module named 'opt_einsum'

The above exception was the direct cause of the following exception:

Traceback (most recent call last):
  File "/raid/g.bisicchia/cut_and_inc/main_new_new.py", line 2501, in _run_circuit
    _run_one_mode_sandboxed(
  File "/raid/g.bisicchia/cut_and_inc/main_new_new.py", line 2379, in _run_one_mode_sandboxed
    _run_one_mode(mode, spec, args, ib, nb, circuit_dir, perf_exp_val, noisy_value)
  File "/raid/g.bisicchia/cut_and_inc/main_new_new.py", line 2414, in _run_one_mode
    payload = _dispatch_mode(mode, spec, args, ideal_backend, noisy_backend, perf_exp_val)
  File "/raid/g.bisicchia/cut_and_inc/main_new_new.py", line 2303, in _dispatch_mode
    return run_cutting(
  File "/raid/g.bisicchia/cut_and_inc/main_new_new.py", line 1396, in run_cutting
    result_value = sew(expvals, sew_data)
  File "/raid/g.bisicchia/cut_and_inc/main_new_new.py", line 606, in sew
    value = qml.qcut.qcut_processing_fn(
  File "/raid/g.bisicchia/cut_and_inc/env/lib/python3.10/site-packages/pennylane/qcut/processing.py", line 78, in qcut_processing_fn
    result = contract_tensors(
  File "/raid/g.bisicchia/cut_and_inc/env/lib/python3.10/site-packages/pennylane/qcut/processing.py", line 311, in contract_tensors
    raise ImportError(
ImportError: The opt_einsum package is required when use_opt_einsum is set to True in the contract_tensors function. This package can be installed using:
pip install opt_einsum
    » [21:26:48]  (#10) 12q / 9_Clifford+T_025 / cut_incremental_budget  starting...
    ✗ [ 569.0s]  (#10) 12q / 9_Clifford+T_025 / cut_incremental_budget  --  The opt_einsum package is required when use_opt_einsum is set to True in the contract_tensors function. This package can be installed using:
pip install opt_einsum
ERROR:cuttable-circuit-benchmark:9_Clifford+T_025 / cut_incremental_budget failed: The opt_einsum package is required when use_opt_einsum is set to True in the contract_tensors function. This package can be installed using:
pip install opt_einsum
Traceback (most recent call last):
  File "/raid/g.bisicchia/cut_and_inc/env/lib/python3.10/site-packages/pennylane/qcut/processing.py", line 309, in contract_tensors
    from opt_einsum import contract, get_symbol
ModuleNotFoundError: No module named 'opt_einsum'

The above exception was the direct cause of the following exception:

Traceback (most recent call last):
  File "/raid/g.bisicchia/cut_and_inc/main_new_new.py", line 2501, in _run_circuit
    _run_one_mode_sandboxed(
  File "/raid/g.bisicchia/cut_and_inc/main_new_new.py", line 2379, in _run_one_mode_sandboxed
    _run_one_mode(mode, spec, args, ib, nb, circuit_dir, perf_exp_val, noisy_value)
  File "/raid/g.bisicchia/cut_and_inc/main_new_new.py", line 2414, in _run_one_mode
    payload = _dispatch_mode(mode, spec, args, ideal_backend, noisy_backend, perf_exp_val)
  File "/raid/g.bisicchia/cut_and_inc/main_new_new.py", line 2310, in _dispatch_mode
    return run_cutting_incremental(
  File "/raid/g.bisicchia/cut_and_inc/main_new_new.py", line 1578, in run_cutting_incremental
    result_value = sew(expvals, sew_data)
  File "/raid/g.bisicchia/cut_and_inc/main_new_new.py", line 606, in sew
    value = qml.qcut.qcut_processing_fn(
  File "/raid/g.bisicchia/cut_and_inc/env/lib/python3.10/site-packages/pennylane/qcut/processing.py", line 78, in qcut_processing_fn
    result = contract_tensors(
  File "/raid/g.bisicchia/cut_and_inc/env/lib/python3.10/site-packages/pennylane/qcut/processing.py", line 311, in contract_tensors
    raise ImportError(
ImportError: The opt_einsum package is required when use_opt_einsum is set to True in the contract_tensors function. This package can be installed using:
pip install opt_einsum
    » [21:36:17]  (#10) 12q / 9_Clifford+T_025 / cut_incremental_qubit_prop  starting...
    ✗ [ 687.9s]  (#10) 12q / 9_Clifford+T_025 / cut_incremental_qubit_prop  --  The opt_einsum package is required when use_opt_einsum is set to True in the contract_tensors function. This package can be installed using:
pip install opt_einsum
ERROR:cuttable-circuit-benchmark:9_Clifford+T_025 / cut_incremental_qubit_prop failed: The opt_einsum package is required when use_opt_einsum is set to True in the contract_tensors function. This package can be installed using:
pip install opt_einsum
Traceback (most recent call last):
  File "/raid/g.bisicchia/cut_and_inc/env/lib/python3.10/site-packages/pennylane/qcut/processing.py", line 309, in contract_tensors
    from opt_einsum import contract, get_symbol
ModuleNotFoundError: No module named 'opt_einsum'

The above exception was the direct cause of the following exception:

Traceback (most recent call last):
  File "/raid/g.bisicchia/cut_and_inc/main_new_new.py", line 2501, in _run_circuit
    _run_one_mode_sandboxed(
  File "/raid/g.bisicchia/cut_and_inc/main_new_new.py", line 2379, in _run_one_mode_sandboxed
    _run_one_mode(mode, spec, args, ib, nb, circuit_dir, perf_exp_val, noisy_value)
  File "/raid/g.bisicchia/cut_and_inc/main_new_new.py", line 2414, in _run_one_mode
    payload = _dispatch_mode(mode, spec, args, ideal_backend, noisy_backend, perf_exp_val)
  File "/raid/g.bisicchia/cut_and_inc/main_new_new.py", line 2310, in _dispatch_mode
    return run_cutting_incremental(
  File "/raid/g.bisicchia/cut_and_inc/main_new_new.py", line 1578, in run_cutting_incremental
    result_value = sew(expvals, sew_data)
  File "/raid/g.bisicchia/cut_and_inc/main_new_new.py", line 606, in sew
    value = qml.qcut.qcut_processing_fn(
  File "/raid/g.bisicchia/cut_and_inc/env/lib/python3.10/site-packages/pennylane/qcut/processing.py", line 78, in qcut_processing_fn
    result = contract_tensors(
  File "/raid/g.bisicchia/cut_and_inc/env/lib/python3.10/site-packages/pennylane/qcut/processing.py", line 311, in contract_tensors
    raise ImportError(
ImportError: The opt_einsum package is required when use_opt_einsum is set to True in the contract_tensors function. This package can be installed using:
pip install opt_einsum

============================================================
  Finished :   10  mode runs
  Failed   :   40  mode runs
============================================================

Merged CSV -> results/new/stable_shots_runs/5000_shots/kyoto/12_qubits/summary.csv
Run log    -> results/new/stable_shots_runs/5000_shots/kyoto/12_qubits/run.log
Per-mode JSON -> results/new/stable_shots_runs/5000_shots/kyoto/12_qubits/<qubits>q/<circuit>/<mode>.json
[mar 9 giu 2026, 21:47:48, CEST] Finished 12 qubits | shots=5000 | backend=aer.fake_kyoto
