[Tue Jun 16 08:46:49 PM UTC 2026] Starting 13 qubits | shots=20000 | backend=aer.fake_kyoto
[Tue Jun 16 08:46:49 PM UTC 2026] Per-job memory limit: 6GB virtual memory

[1/10] 13q / 0_Clifford+T_002  observable: ZIIIIIIIIIIII
/home/local/ADUNIPI/a044855/cutandinc/newcut/lib/python3.12/site-packages/qiskit_ibm_runtime/fake_provider/backends/nighthawk/fake_nighthawk.py:76: UserWarning: Properties of fake_nighthawk are not intended to represent typical nighthawk error values.
  warnings.warn(
    » [20:46:56]  13q / 0_Clifford+T_002  observable=ZIIIIIIIIIIII  computing ground truth (PennyLane default.qubit)...
    · [   0.4s]  ground_truth = -1.000000
    » [20:46:56]  (#1) 13q / 0_Clifford+T_002 / noisy_vanilla  starting...
    » [20:47:27]  (#1) 13q / 0_Clifford+T_002 / cut_divided_budget  starting...
/home/local/ADUNIPI/a044855/cutandinc/newcut/lib/python3.12/site-packages/pennylane/qcut/cutstrategy.py:367: UserWarning: The number of partition attempts seems high (40).
  warnings.warn(f"The number of partition attempts seems high ({len(ks)}).")
    ✓ [  36.5s]  (#1) 13q / 0_Clifford+T_002 / cut_divided_budget
    » [20:48:03]  (#1) 13q / 0_Clifford+T_002 / cut_qubit_prop  starting...
    ✓ [  35.7s]  (#1) 13q / 0_Clifford+T_002 / cut_qubit_prop
    » [20:48:39]  (#1) 13q / 0_Clifford+T_002 / cut_incremental_budget  starting...
    ✓ [ 540.8s]  (#1) 13q / 0_Clifford+T_002 / cut_incremental_budget
    » [20:57:40]  (#1) 13q / 0_Clifford+T_002 / cut_incremental_qubit_prop  starting...
    ✓ [ 657.8s]  (#1) 13q / 0_Clifford+T_002 / cut_incremental_qubit_prop

[2/10] 13q / 1_Clifford+T_004  observable: ZIIIIIIIIIIII
    » [21:08:38]  13q / 1_Clifford+T_004  observable=ZIIIIIIIIIIII  computing ground truth (PennyLane default.qubit)...
    · [   0.0s]  ground_truth = 0.000000
    » [21:08:38]  (#2) 13q / 1_Clifford+T_004 / noisy_vanilla  starting...
    » [21:09:07]  (#2) 13q / 1_Clifford+T_004 / cut_divided_budget  starting...
/home/local/ADUNIPI/a044855/cutandinc/newcut/lib/python3.12/site-packages/pennylane/qcut/cutstrategy.py:367: UserWarning: The number of partition attempts seems high (40).
  warnings.warn(f"The number of partition attempts seems high ({len(ks)}).")
    ✓ [  19.3s]  (#2) 13q / 1_Clifford+T_004 / cut_divided_budget
    » [21:09:27]  (#2) 13q / 1_Clifford+T_004 / cut_qubit_prop  starting...
    ✓ [  12.1s]  (#2) 13q / 1_Clifford+T_004 / cut_qubit_prop
    » [21:09:39]  (#2) 13q / 1_Clifford+T_004 / cut_incremental_budget  starting...
    ✓ [ 609.8s]  (#2) 13q / 1_Clifford+T_004 / cut_incremental_budget
    » [21:19:49]  (#2) 13q / 1_Clifford+T_004 / cut_incremental_qubit_prop  starting...
    ✓ [ 623.7s]  (#2) 13q / 1_Clifford+T_004 / cut_incremental_qubit_prop

[3/10] 13q / 2_Clifford+T_007  observable: ZIIIIIIIIIIII
    » [21:30:12]  13q / 2_Clifford+T_007  observable=ZIIIIIIIIIIII  computing ground truth (PennyLane default.qubit)...
    · [   0.0s]  ground_truth = -1.000000
    » [21:30:12]  (#3) 13q / 2_Clifford+T_007 / noisy_vanilla  starting...
    » [21:30:52]  (#3) 13q / 2_Clifford+T_007 / cut_divided_budget  starting...
/home/local/ADUNIPI/a044855/cutandinc/newcut/lib/python3.12/site-packages/pennylane/qcut/cutstrategy.py:367: UserWarning: The number of partition attempts seems high (40).
  warnings.warn(f"The number of partition attempts seems high ({len(ks)}).")
    ✓ [  19.1s]  (#3) 13q / 2_Clifford+T_007 / cut_divided_budget
    » [21:31:11]  (#3) 13q / 2_Clifford+T_007 / cut_qubit_prop  starting...
    ✓ [  11.8s]  (#3) 13q / 2_Clifford+T_007 / cut_qubit_prop
    » [21:31:23]  (#3) 13q / 2_Clifford+T_007 / cut_incremental_budget  starting...
    ✓ [ 625.1s]  (#3) 13q / 2_Clifford+T_007 / cut_incremental_budget
    » [21:41:48]  (#3) 13q / 2_Clifford+T_007 / cut_incremental_qubit_prop  starting...
    ✓ [ 635.0s]  (#3) 13q / 2_Clifford+T_007 / cut_incremental_qubit_prop

[4/10] 13q / 3_Clifford+T_010  observable: ZIIIIIIIIIIII
    » [21:52:23]  13q / 3_Clifford+T_010  observable=ZIIIIIIIIIIII  computing ground truth (PennyLane default.qubit)...
    · [   0.0s]  ground_truth = 1.000000
    » [21:52:23]  (#4) 13q / 3_Clifford+T_010 / noisy_vanilla  starting...
    » [21:52:59]  (#4) 13q / 3_Clifford+T_010 / cut_divided_budget  starting...
/home/local/ADUNIPI/a044855/cutandinc/newcut/lib/python3.12/site-packages/pennylane/qcut/cutstrategy.py:367: UserWarning: The number of partition attempts seems high (40).
  warnings.warn(f"The number of partition attempts seems high ({len(ks)}).")
    ✓ [  26.6s]  (#4) 13q / 3_Clifford+T_010 / cut_divided_budget
    » [21:53:26]  (#4) 13q / 3_Clifford+T_010 / cut_qubit_prop  starting...
    ✓ [  19.4s]  (#4) 13q / 3_Clifford+T_010 / cut_qubit_prop
    » [21:53:45]  (#4) 13q / 3_Clifford+T_010 / cut_incremental_budget  starting...
    ✓ [ 576.6s]  (#4) 13q / 3_Clifford+T_010 / cut_incremental_budget
    » [22:03:22]  (#4) 13q / 3_Clifford+T_010 / cut_incremental_qubit_prop  starting...
    ✓ [ 631.1s]  (#4) 13q / 3_Clifford+T_010 / cut_incremental_qubit_prop

[5/10] 13q / 4_Clifford+T_012  observable: ZIIIIIIIIIIII
    » [22:13:53]  13q / 4_Clifford+T_012  observable=ZIIIIIIIIIIII  computing ground truth (PennyLane default.qubit)...
    · [   0.0s]  ground_truth = -1.000000
    » [22:13:53]  (#5) 13q / 4_Clifford+T_012 / noisy_vanilla  starting...
    » [22:14:17]  (#5) 13q / 4_Clifford+T_012 / cut_divided_budget  starting...
/home/local/ADUNIPI/a044855/cutandinc/newcut/lib/python3.12/site-packages/pennylane/qcut/cutstrategy.py:367: UserWarning: The number of partition attempts seems high (40).
  warnings.warn(f"The number of partition attempts seems high ({len(ks)}).")
    ✓ [  23.3s]  (#5) 13q / 4_Clifford+T_012 / cut_divided_budget
    » [22:14:40]  (#5) 13q / 4_Clifford+T_012 / cut_qubit_prop  starting...
    ✓ [  16.5s]  (#5) 13q / 4_Clifford+T_012 / cut_qubit_prop
    » [22:14:57]  (#5) 13q / 4_Clifford+T_012 / cut_incremental_budget  starting...
    ✓ [ 565.9s]  (#5) 13q / 4_Clifford+T_012 / cut_incremental_budget
    » [22:24:23]  (#5) 13q / 4_Clifford+T_012 / cut_incremental_qubit_prop  starting...
    ✓ [ 635.2s]  (#5) 13q / 4_Clifford+T_012 / cut_incremental_qubit_prop

[6/10] 13q / 5_Clifford+T_014  observable: ZIIIIIIIIIIII
    » [22:34:58]  13q / 5_Clifford+T_014  observable=ZIIIIIIIIIIII  computing ground truth (PennyLane default.qubit)...
    · [   0.0s]  ground_truth = -1.000000
    » [22:34:58]  (#6) 13q / 5_Clifford+T_014 / noisy_vanilla  starting...
    » [22:35:35]  (#6) 13q / 5_Clifford+T_014 / cut_divided_budget  starting...
/home/local/ADUNIPI/a044855/cutandinc/newcut/lib/python3.12/site-packages/pennylane/qcut/cutstrategy.py:367: UserWarning: The number of partition attempts seems high (40).
  warnings.warn(f"The number of partition attempts seems high ({len(ks)}).")
    ✓ [  55.3s]  (#6) 13q / 5_Clifford+T_014 / cut_divided_budget
    » [22:36:30]  (#6) 13q / 5_Clifford+T_014 / cut_qubit_prop  starting...
    ✓ [  47.6s]  (#6) 13q / 5_Clifford+T_014 / cut_qubit_prop
    » [22:37:17]  (#6) 13q / 5_Clifford+T_014 / cut_incremental_budget  starting...
    ✓ [ 642.8s]  (#6) 13q / 5_Clifford+T_014 / cut_incremental_budget
    » [22:48:00]  (#6) 13q / 5_Clifford+T_014 / cut_incremental_qubit_prop  starting...
    ✓ [ 626.2s]  (#6) 13q / 5_Clifford+T_014 / cut_incremental_qubit_prop

[7/10] 13q / 6_Clifford+T_015  observable: ZIIIIIIIIIIII
    » [22:58:26]  13q / 6_Clifford+T_015  observable=ZIIIIIIIIIIII  computing ground truth (PennyLane default.qubit)...
    · [   0.0s]  ground_truth = 0.000000
    » [22:58:26]  (#7) 13q / 6_Clifford+T_015 / noisy_vanilla  starting...
    » [22:58:57]  (#7) 13q / 6_Clifford+T_015 / cut_divided_budget  starting...
/home/local/ADUNIPI/a044855/cutandinc/newcut/lib/python3.12/site-packages/pennylane/qcut/cutstrategy.py:367: UserWarning: The number of partition attempts seems high (40).
  warnings.warn(f"The number of partition attempts seems high ({len(ks)}).")
    ✓ [  19.5s]  (#7) 13q / 6_Clifford+T_015 / cut_divided_budget
    » [22:59:17]  (#7) 13q / 6_Clifford+T_015 / cut_qubit_prop  starting...
    ✓ [  12.1s]  (#7) 13q / 6_Clifford+T_015 / cut_qubit_prop
    » [22:59:29]  (#7) 13q / 6_Clifford+T_015 / cut_incremental_budget  starting...
