[mar 9 giu 2026, 19:01:45, CEST] Starting 13 qubits | shots=5000 | backend=aer.fake_torino

[1/10] 13q / 0_Clifford+T_002  observable: ZIIIIIIIIIIII
    » [19:01:54]  13q / 0_Clifford+T_002  observable=ZIIIIIIIIIIII  computing ground truth (PennyLane default.qubit)...
    · [   1.2s]  ground_truth = -1.000000
    » [19:01:56]  (#1) 13q / 0_Clifford+T_002 / noisy_vanilla  starting...
    ✓ [  36.5s]  (#1) 13q / 0_Clifford+T_002 / noisy_vanilla
    » [19:02:32]  (#1) 13q / 0_Clifford+T_002 / cut_divided_budget  starting...
/raid/g.bisicchia/cut_and_inc/env/lib/python3.10/site-packages/pennylane/qcut/cutstrategy.py:367: UserWarning: The numer of partition attempts seems high (40).
  warnings.warn(f"The numer of partition attempts seems high ({len(ks)}).")
    ✗ [  90.7s]  (#1) 13q / 0_Clifford+T_002 / cut_divided_budget  --  The opt_einsum package is required when use_opt_einsum is set to True in the contract_tensors function. This package can be installed using:
pip install opt_einsum
ERROR:cuttable-circuit-benchmark:0_Clifford+T_002 / cut_divided_budget failed: The opt_einsum package is required when use_opt_einsum is set to True in the contract_tensors function. This package can be installed using:
pip install opt_einsum
Traceback (most recent call last):
  File "/raid/g.bisicchia/cut_and_inc/env/lib/python3.10/site-packages/pennylane/qcut/processing.py", line 309, in contract_tensors
    from opt_einsum import contract, get_symbol
ModuleNotFoundError: No module named 'opt_einsum'

The above exception was the direct cause of the following exception:

Traceback (most recent call last):
  File "/raid/g.bisicchia/cut_and_inc/main_new_new.py", line 2501, in _run_circuit
    _run_one_mode_sandboxed(
  File "/raid/g.bisicchia/cut_and_inc/main_new_new.py", line 2379, in _run_one_mode_sandboxed
    _run_one_mode(mode, spec, args, ib, nb, circuit_dir, perf_exp_val, noisy_value)
  File "/raid/g.bisicchia/cut_and_inc/main_new_new.py", line 2414, in _run_one_mode
    payload = _dispatch_mode(mode, spec, args, ideal_backend, noisy_backend, perf_exp_val)
  File "/raid/g.bisicchia/cut_and_inc/main_new_new.py", line 2303, in _dispatch_mode
    return run_cutting(
  File "/raid/g.bisicchia/cut_and_inc/main_new_new.py", line 1396, in run_cutting
    result_value = sew(expvals, sew_data)
  File "/raid/g.bisicchia/cut_and_inc/main_new_new.py", line 606, in sew
    value = qml.qcut.qcut_processing_fn(
  File "/raid/g.bisicchia/cut_and_inc/env/lib/python3.10/site-packages/pennylane/qcut/processing.py", line 78, in qcut_processing_fn
    result = contract_tensors(
  File "/raid/g.bisicchia/cut_and_inc/env/lib/python3.10/site-packages/pennylane/qcut/processing.py", line 311, in contract_tensors
    raise ImportError(
ImportError: The opt_einsum package is required when use_opt_einsum is set to True in the contract_tensors function. This package can be installed using:
pip install opt_einsum
    » [19:04:03]  (#1) 13q / 0_Clifford+T_002 / cut_qubit_prop  starting...
    ✗ [  67.4s]  (#1) 13q / 0_Clifford+T_002 / cut_qubit_prop  --  The opt_einsum package is required when use_opt_einsum is set to True in the contract_tensors function. This package can be installed using:
pip install opt_einsum
ERROR:cuttable-circuit-benchmark:0_Clifford+T_002 / cut_qubit_prop failed: The opt_einsum package is required when use_opt_einsum is set to True in the contract_tensors function. This package can be installed using:
pip install opt_einsum
Traceback (most recent call last):
  File "/raid/g.bisicchia/cut_and_inc/env/lib/python3.10/site-packages/pennylane/qcut/processing.py", line 309, in contract_tensors
    from opt_einsum import contract, get_symbol
ModuleNotFoundError: No module named 'opt_einsum'

The above exception was the direct cause of the following exception:

Traceback (most recent call last):
  File "/raid/g.bisicchia/cut_and_inc/main_new_new.py", line 2501, in _run_circuit
    _run_one_mode_sandboxed(
  File "/raid/g.bisicchia/cut_and_inc/main_new_new.py", line 2379, in _run_one_mode_sandboxed
    _run_one_mode(mode, spec, args, ib, nb, circuit_dir, perf_exp_val, noisy_value)
  File "/raid/g.bisicchia/cut_and_inc/main_new_new.py", line 2414, in _run_one_mode
    payload = _dispatch_mode(mode, spec, args, ideal_backend, noisy_backend, perf_exp_val)
  File "/raid/g.bisicchia/cut_and_inc/main_new_new.py", line 2303, in _dispatch_mode
    return run_cutting(
  File "/raid/g.bisicchia/cut_and_inc/main_new_new.py", line 1396, in run_cutting
    result_value = sew(expvals, sew_data)
  File "/raid/g.bisicchia/cut_and_inc/main_new_new.py", line 606, in sew
    value = qml.qcut.qcut_processing_fn(
  File "/raid/g.bisicchia/cut_and_inc/env/lib/python3.10/site-packages/pennylane/qcut/processing.py", line 78, in qcut_processing_fn
    result = contract_tensors(
  File "/raid/g.bisicchia/cut_and_inc/env/lib/python3.10/site-packages/pennylane/qcut/processing.py", line 311, in contract_tensors
    raise ImportError(
ImportError: The opt_einsum package is required when use_opt_einsum is set to True in the contract_tensors function. This package can be installed using:
pip install opt_einsum
    » [19:05:10]  (#1) 13q / 0_Clifford+T_002 / cut_incremental_budget  starting...
    ✗ [ 508.5s]  (#1) 13q / 0_Clifford+T_002 / cut_incremental_budget  --  The opt_einsum package is required when use_opt_einsum is set to True in the contract_tensors function. This package can be installed using:
pip install opt_einsum
ERROR:cuttable-circuit-benchmark:0_Clifford+T_002 / cut_incremental_budget failed: The opt_einsum package is required when use_opt_einsum is set to True in the contract_tensors function. This package can be installed using:
pip install opt_einsum
Traceback (most recent call last):
  File "/raid/g.bisicchia/cut_and_inc/env/lib/python3.10/site-packages/pennylane/qcut/processing.py", line 309, in contract_tensors
    from opt_einsum import contract, get_symbol
ModuleNotFoundError: No module named 'opt_einsum'

The above exception was the direct cause of the following exception:

Traceback (most recent call last):
  File "/raid/g.bisicchia/cut_and_inc/main_new_new.py", line 2501, in _run_circuit
    _run_one_mode_sandboxed(
  File "/raid/g.bisicchia/cut_and_inc/main_new_new.py", line 2379, in _run_one_mode_sandboxed
    _run_one_mode(mode, spec, args, ib, nb, circuit_dir, perf_exp_val, noisy_value)
  File "/raid/g.bisicchia/cut_and_inc/main_new_new.py", line 2414, in _run_one_mode
    payload = _dispatch_mode(mode, spec, args, ideal_backend, noisy_backend, perf_exp_val)
  File "/raid/g.bisicchia/cut_and_inc/main_new_new.py", line 2310, in _dispatch_mode
    return run_cutting_incremental(
  File "/raid/g.bisicchia/cut_and_inc/main_new_new.py", line 1578, in run_cutting_incremental
    result_value = sew(expvals, sew_data)
  File "/raid/g.bisicchia/cut_and_inc/main_new_new.py", line 606, in sew
    value = qml.qcut.qcut_processing_fn(
  File "/raid/g.bisicchia/cut_and_inc/env/lib/python3.10/site-packages/pennylane/qcut/processing.py", line 78, in qcut_processing_fn
    result = contract_tensors(
  File "/raid/g.bisicchia/cut_and_inc/env/lib/python3.10/site-packages/pennylane/qcut/processing.py", line 311, in contract_tensors
    raise ImportError(
ImportError: The opt_einsum package is required when use_opt_einsum is set to True in the contract_tensors function. This package can be installed using:
pip install opt_einsum
    » [19:13:39]  (#1) 13q / 0_Clifford+T_002 / cut_incremental_qubit_prop  starting...
    ✗ [ 499.6s]  (#1) 13q / 0_Clifford+T_002 / cut_incremental_qubit_prop  --  The opt_einsum package is required when use_opt_einsum is set to True in the contract_tensors function. This package can be installed using:
pip install opt_einsum
ERROR:cuttable-circuit-benchmark:0_Clifford+T_002 / cut_incremental_qubit_prop failed: The opt_einsum package is required when use_opt_einsum is set to True in the contract_tensors function. This package can be installed using:
pip install opt_einsum
Traceback (most recent call last):
  File "/raid/g.bisicchia/cut_and_inc/env/lib/python3.10/site-packages/pennylane/qcut/processing.py", line 309, in contract_tensors
    from opt_einsum import contract, get_symbol
ModuleNotFoundError: No module named 'opt_einsum'

The above exception was the direct cause of the following exception:

Traceback (most recent call last):
  File "/raid/g.bisicchia/cut_and_inc/main_new_new.py", line 2501, in _run_circuit
    _run_one_mode_sandboxed(
  File "/raid/g.bisicchia/cut_and_inc/main_new_new.py", line 2379, in _run_one_mode_sandboxed
    _run_one_mode(mode, spec, args, ib, nb, circuit_dir, perf_exp_val, noisy_value)
  File "/raid/g.bisicchia/cut_and_inc/main_new_new.py", line 2414, in _run_one_mode
    payload = _dispatch_mode(mode, spec, args, ideal_backend, noisy_backend, perf_exp_val)
  File "/raid/g.bisicchia/cut_and_inc/main_new_new.py", line 2310, in _dispatch_mode
    return run_cutting_incremental(
  File "/raid/g.bisicchia/cut_and_inc/main_new_new.py", line 1578, in run_cutting_incremental
    result_value = sew(expvals, sew_data)
  File "/raid/g.bisicchia/cut_and_inc/main_new_new.py", line 606, in sew
    value = qml.qcut.qcut_processing_fn(
  File "/raid/g.bisicchia/cut_and_inc/env/lib/python3.10/site-packages/pennylane/qcut/processing.py", line 78, in qcut_processing_fn
    result = contract_tensors(
  File "/raid/g.bisicchia/cut_and_inc/env/lib/python3.10/site-packages/pennylane/qcut/processing.py", line 311, in contract_tensors
    raise ImportError(
ImportError: The opt_einsum package is required when use_opt_einsum is set to True in the contract_tensors function. This package can be installed using:
pip install opt_einsum

[2/10] 13q / 1_Clifford+T_004  observable: ZIIIIIIIIIIII
    » [19:21:58]  13q / 1_Clifford+T_004  observable=ZIIIIIIIIIIII  computing ground truth (PennyLane default.qubit)...
    · [   0.0s]  ground_truth = 0.000000
    » [19:21:58]  (#2) 13q / 1_Clifford+T_004 / noisy_vanilla  starting...
    ✓ [   5.7s]  (#2) 13q / 1_Clifford+T_004 / noisy_vanilla
    » [19:22:04]  (#2) 13q / 1_Clifford+T_004 / cut_divided_budget  starting...
/raid/g.bisicchia/cut_and_inc/env/lib/python3.10/site-packages/pennylane/qcut/cutstrategy.py:367: UserWarning: The numer of partition attempts seems high (40).
  warnings.warn(f"The numer of partition attempts seems high ({len(ks)}).")
    ✗ [  47.6s]  (#2) 13q / 1_Clifford+T_004 / cut_divided_budget  --  The opt_einsum package is required when use_opt_einsum is set to True in the contract_tensors function. This package can be installed using:
pip install opt_einsum
ERROR:cuttable-circuit-benchmark:1_Clifford+T_004 / cut_divided_budget failed: The opt_einsum package is required when use_opt_einsum is set to True in the contract_tensors function. This package can be installed using:
pip install opt_einsum
Traceback (most recent call last):
  File "/raid/g.bisicchia/cut_and_inc/env/lib/python3.10/site-packages/pennylane/qcut/processing.py", line 309, in contract_tensors
    from opt_einsum import contract, get_symbol
ModuleNotFoundError: No module named 'opt_einsum'

The above exception was the direct cause of the following exception:

Traceback (most recent call last):
  File "/raid/g.bisicchia/cut_and_inc/main_new_new.py", line 2501, in _run_circuit
    _run_one_mode_sandboxed(
  File "/raid/g.bisicchia/cut_and_inc/main_new_new.py", line 2379, in _run_one_mode_sandboxed
    _run_one_mode(mode, spec, args, ib, nb, circuit_dir, perf_exp_val, noisy_value)
  File "/raid/g.bisicchia/cut_and_inc/main_new_new.py", line 2414, in _run_one_mode
    payload = _dispatch_mode(mode, spec, args, ideal_backend, noisy_backend, perf_exp_val)
  File "/raid/g.bisicchia/cut_and_inc/main_new_new.py", line 2303, in _dispatch_mode
    return run_cutting(
  File "/raid/g.bisicchia/cut_and_inc/main_new_new.py", line 1396, in run_cutting
    result_value = sew(expvals, sew_data)
  File "/raid/g.bisicchia/cut_and_inc/main_new_new.py", line 606, in sew
    value = qml.qcut.qcut_processing_fn(
  File "/raid/g.bisicchia/cut_and_inc/env/lib/python3.10/site-packages/pennylane/qcut/processing.py", line 78, in qcut_processing_fn
    result = contract_tensors(
  File "/raid/g.bisicchia/cut_and_inc/env/lib/python3.10/site-packages/pennylane/qcut/processing.py", line 311, in contract_tensors
    raise ImportError(
ImportError: The opt_einsum package is required when use_opt_einsum is set to True in the contract_tensors function. This package can be installed using:
pip install opt_einsum
    » [19:22:52]  (#2) 13q / 1_Clifford+T_004 / cut_qubit_prop  starting...
    ✗ [  47.8s]  (#2) 13q / 1_Clifford+T_004 / cut_qubit_prop  --  The opt_einsum package is required when use_opt_einsum is set to True in the contract_tensors function. This package can be installed using:
pip install opt_einsum
ERROR:cuttable-circuit-benchmark:1_Clifford+T_004 / cut_qubit_prop failed: The opt_einsum package is required when use_opt_einsum is set to True in the contract_tensors function. This package can be installed using:
pip install opt_einsum
Traceback (most recent call last):
  File "/raid/g.bisicchia/cut_and_inc/env/lib/python3.10/site-packages/pennylane/qcut/processing.py", line 309, in contract_tensors
    from opt_einsum import contract, get_symbol
ModuleNotFoundError: No module named 'opt_einsum'

The above exception was the direct cause of the following exception:

Traceback (most recent call last):
  File "/raid/g.bisicchia/cut_and_inc/main_new_new.py", line 2501, in _run_circuit
    _run_one_mode_sandboxed(
  File "/raid/g.bisicchia/cut_and_inc/main_new_new.py", line 2379, in _run_one_mode_sandboxed
    _run_one_mode(mode, spec, args, ib, nb, circuit_dir, perf_exp_val, noisy_value)
  File "/raid/g.bisicchia/cut_and_inc/main_new_new.py", line 2414, in _run_one_mode
    payload = _dispatch_mode(mode, spec, args, ideal_backend, noisy_backend, perf_exp_val)
  File "/raid/g.bisicchia/cut_and_inc/main_new_new.py", line 2303, in _dispatch_mode
    return run_cutting(
  File "/raid/g.bisicchia/cut_and_inc/main_new_new.py", line 1396, in run_cutting
    result_value = sew(expvals, sew_data)
  File "/raid/g.bisicchia/cut_and_inc/main_new_new.py", line 606, in sew
    value = qml.qcut.qcut_processing_fn(
  File "/raid/g.bisicchia/cut_and_inc/env/lib/python3.10/site-packages/pennylane/qcut/processing.py", line 78, in qcut_processing_fn
    result = contract_tensors(
  File "/raid/g.bisicchia/cut_and_inc/env/lib/python3.10/site-packages/pennylane/qcut/processing.py", line 311, in contract_tensors
    raise ImportError(
ImportError: The opt_einsum package is required when use_opt_einsum is set to True in the contract_tensors function. This package can be installed using:
pip install opt_einsum
    » [19:23:39]  (#2) 13q / 1_Clifford+T_004 / cut_incremental_budget  starting...
    ✗ [ 503.1s]  (#2) 13q / 1_Clifford+T_004 / cut_incremental_budget  --  The opt_einsum package is required when use_opt_einsum is set to True in the contract_tensors function. This package can be installed using:
pip install opt_einsum
ERROR:cuttable-circuit-benchmark:1_Clifford+T_004 / cut_incremental_budget failed: The opt_einsum package is required when use_opt_einsum is set to True in the contract_tensors function. This package can be installed using:
pip install opt_einsum
Traceback (most recent call last):
  File "/raid/g.bisicchia/cut_and_inc/env/lib/python3.10/site-packages/pennylane/qcut/processing.py", line 309, in contract_tensors
    from opt_einsum import contract, get_symbol
ModuleNotFoundError: No module named 'opt_einsum'

The above exception was the direct cause of the following exception:

Traceback (most recent call last):
  File "/raid/g.bisicchia/cut_and_inc/main_new_new.py", line 2501, in _run_circuit
    _run_one_mode_sandboxed(
  File "/raid/g.bisicchia/cut_and_inc/main_new_new.py", line 2379, in _run_one_mode_sandboxed
    _run_one_mode(mode, spec, args, ib, nb, circuit_dir, perf_exp_val, noisy_value)
  File "/raid/g.bisicchia/cut_and_inc/main_new_new.py", line 2414, in _run_one_mode
    payload = _dispatch_mode(mode, spec, args, ideal_backend, noisy_backend, perf_exp_val)
  File "/raid/g.bisicchia/cut_and_inc/main_new_new.py", line 2310, in _dispatch_mode
    return run_cutting_incremental(
  File "/raid/g.bisicchia/cut_and_inc/main_new_new.py", line 1578, in run_cutting_incremental
    result_value = sew(expvals, sew_data)
  File "/raid/g.bisicchia/cut_and_inc/main_new_new.py", line 606, in sew
    value = qml.qcut.qcut_processing_fn(
  File "/raid/g.bisicchia/cut_and_inc/env/lib/python3.10/site-packages/pennylane/qcut/processing.py", line 78, in qcut_processing_fn
    result = contract_tensors(
  File "/raid/g.bisicchia/cut_and_inc/env/lib/python3.10/site-packages/pennylane/qcut/processing.py", line 311, in contract_tensors
    raise ImportError(
ImportError: The opt_einsum package is required when use_opt_einsum is set to True in the contract_tensors function. This package can be installed using:
pip install opt_einsum
    » [19:32:02]  (#2) 13q / 1_Clifford+T_004 / cut_incremental_qubit_prop  starting...
    ✗ [ 490.4s]  (#2) 13q / 1_Clifford+T_004 / cut_incremental_qubit_prop  --  The opt_einsum package is required when use_opt_einsum is set to True in the contract_tensors function. This package can be installed using:
pip install opt_einsum
ERROR:cuttable-circuit-benchmark:1_Clifford+T_004 / cut_incremental_qubit_prop failed: The opt_einsum package is required when use_opt_einsum is set to True in the contract_tensors function. This package can be installed using:
pip install opt_einsum
Traceback (most recent call last):
  File "/raid/g.bisicchia/cut_and_inc/env/lib/python3.10/site-packages/pennylane/qcut/processing.py", line 309, in contract_tensors
    from opt_einsum import contract, get_symbol
ModuleNotFoundError: No module named 'opt_einsum'

The above exception was the direct cause of the following exception:

Traceback (most recent call last):
  File "/raid/g.bisicchia/cut_and_inc/main_new_new.py", line 2501, in _run_circuit
    _run_one_mode_sandboxed(
  File "/raid/g.bisicchia/cut_and_inc/main_new_new.py", line 2379, in _run_one_mode_sandboxed
    _run_one_mode(mode, spec, args, ib, nb, circuit_dir, perf_exp_val, noisy_value)
  File "/raid/g.bisicchia/cut_and_inc/main_new_new.py", line 2414, in _run_one_mode
    payload = _dispatch_mode(mode, spec, args, ideal_backend, noisy_backend, perf_exp_val)
  File "/raid/g.bisicchia/cut_and_inc/main_new_new.py", line 2310, in _dispatch_mode
    return run_cutting_incremental(
  File "/raid/g.bisicchia/cut_and_inc/main_new_new.py", line 1578, in run_cutting_incremental
    result_value = sew(expvals, sew_data)
  File "/raid/g.bisicchia/cut_and_inc/main_new_new.py", line 606, in sew
    value = qml.qcut.qcut_processing_fn(
  File "/raid/g.bisicchia/cut_and_inc/env/lib/python3.10/site-packages/pennylane/qcut/processing.py", line 78, in qcut_processing_fn
    result = contract_tensors(
  File "/raid/g.bisicchia/cut_and_inc/env/lib/python3.10/site-packages/pennylane/qcut/processing.py", line 311, in contract_tensors
    raise ImportError(
ImportError: The opt_einsum package is required when use_opt_einsum is set to True in the contract_tensors function. This package can be installed using:
pip install opt_einsum

[3/10] 13q / 2_Clifford+T_007  observable: ZIIIIIIIIIIII
    » [19:40:13]  13q / 2_Clifford+T_007  observable=ZIIIIIIIIIIII  computing ground truth (PennyLane default.qubit)...
    · [   0.0s]  ground_truth = -1.000000
    » [19:40:13]  (#3) 13q / 2_Clifford+T_007 / noisy_vanilla  starting...
    ✓ [   6.0s]  (#3) 13q / 2_Clifford+T_007 / noisy_vanilla
    » [19:40:19]  (#3) 13q / 2_Clifford+T_007 / cut_divided_budget  starting...
/raid/g.bisicchia/cut_and_inc/env/lib/python3.10/site-packages/pennylane/qcut/cutstrategy.py:367: UserWarning: The numer of partition attempts seems high (40).
  warnings.warn(f"The numer of partition attempts seems high ({len(ks)}).")
    ✗ [  51.1s]  (#3) 13q / 2_Clifford+T_007 / cut_divided_budget  --  The opt_einsum package is required when use_opt_einsum is set to True in the contract_tensors function. This package can be installed using:
pip install opt_einsum
ERROR:cuttable-circuit-benchmark:2_Clifford+T_007 / cut_divided_budget failed: The opt_einsum package is required when use_opt_einsum is set to True in the contract_tensors function. This package can be installed using:
pip install opt_einsum
Traceback (most recent call last):
  File "/raid/g.bisicchia/cut_and_inc/env/lib/python3.10/site-packages/pennylane/qcut/processing.py", line 309, in contract_tensors
    from opt_einsum import contract, get_symbol
ModuleNotFoundError: No module named 'opt_einsum'

The above exception was the direct cause of the following exception:

Traceback (most recent call last):
  File "/raid/g.bisicchia/cut_and_inc/main_new_new.py", line 2501, in _run_circuit
    _run_one_mode_sandboxed(
  File "/raid/g.bisicchia/cut_and_inc/main_new_new.py", line 2379, in _run_one_mode_sandboxed
    _run_one_mode(mode, spec, args, ib, nb, circuit_dir, perf_exp_val, noisy_value)
  File "/raid/g.bisicchia/cut_and_inc/main_new_new.py", line 2414, in _run_one_mode
    payload = _dispatch_mode(mode, spec, args, ideal_backend, noisy_backend, perf_exp_val)
  File "/raid/g.bisicchia/cut_and_inc/main_new_new.py", line 2303, in _dispatch_mode
    return run_cutting(
  File "/raid/g.bisicchia/cut_and_inc/main_new_new.py", line 1396, in run_cutting
    result_value = sew(expvals, sew_data)
  File "/raid/g.bisicchia/cut_and_inc/main_new_new.py", line 606, in sew
    value = qml.qcut.qcut_processing_fn(
  File "/raid/g.bisicchia/cut_and_inc/env/lib/python3.10/site-packages/pennylane/qcut/processing.py", line 78, in qcut_processing_fn
    result = contract_tensors(
  File "/raid/g.bisicchia/cut_and_inc/env/lib/python3.10/site-packages/pennylane/qcut/processing.py", line 311, in contract_tensors
    raise ImportError(
ImportError: The opt_einsum package is required when use_opt_einsum is set to True in the contract_tensors function. This package can be installed using:
pip install opt_einsum
    » [19:41:10]  (#3) 13q / 2_Clifford+T_007 / cut_qubit_prop  starting...
    ✗ [  41.9s]  (#3) 13q / 2_Clifford+T_007 / cut_qubit_prop  --  The opt_einsum package is required when use_opt_einsum is set to True in the contract_tensors function. This package can be installed using:
pip install opt_einsum
ERROR:cuttable-circuit-benchmark:2_Clifford+T_007 / cut_qubit_prop failed: The opt_einsum package is required when use_opt_einsum is set to True in the contract_tensors function. This package can be installed using:
pip install opt_einsum
Traceback (most recent call last):
  File "/raid/g.bisicchia/cut_and_inc/env/lib/python3.10/site-packages/pennylane/qcut/processing.py", line 309, in contract_tensors
    from opt_einsum import contract, get_symbol
ModuleNotFoundError: No module named 'opt_einsum'

The above exception was the direct cause of the following exception:

Traceback (most recent call last):
  File "/raid/g.bisicchia/cut_and_inc/main_new_new.py", line 2501, in _run_circuit
    _run_one_mode_sandboxed(
  File "/raid/g.bisicchia/cut_and_inc/main_new_new.py", line 2379, in _run_one_mode_sandboxed
    _run_one_mode(mode, spec, args, ib, nb, circuit_dir, perf_exp_val, noisy_value)
  File "/raid/g.bisicchia/cut_and_inc/main_new_new.py", line 2414, in _run_one_mode
    payload = _dispatch_mode(mode, spec, args, ideal_backend, noisy_backend, perf_exp_val)
  File "/raid/g.bisicchia/cut_and_inc/main_new_new.py", line 2303, in _dispatch_mode
    return run_cutting(
  File "/raid/g.bisicchia/cut_and_inc/main_new_new.py", line 1396, in run_cutting
    result_value = sew(expvals, sew_data)
  File "/raid/g.bisicchia/cut_and_inc/main_new_new.py", line 606, in sew
    value = qml.qcut.qcut_processing_fn(
  File "/raid/g.bisicchia/cut_and_inc/env/lib/python3.10/site-packages/pennylane/qcut/processing.py", line 78, in qcut_processing_fn
    result = contract_tensors(
  File "/raid/g.bisicchia/cut_and_inc/env/lib/python3.10/site-packages/pennylane/qcut/processing.py", line 311, in contract_tensors
    raise ImportError(
ImportError: The opt_einsum package is required when use_opt_einsum is set to True in the contract_tensors function. This package can be installed using:
pip install opt_einsum
    » [19:41:52]  (#3) 13q / 2_Clifford+T_007 / cut_incremental_budget  starting...
    ✗ [ 511.0s]  (#3) 13q / 2_Clifford+T_007 / cut_incremental_budget  --  The opt_einsum package is required when use_opt_einsum is set to True in the contract_tensors function. This package can be installed using:
pip install opt_einsum
ERROR:cuttable-circuit-benchmark:2_Clifford+T_007 / cut_incremental_budget failed: The opt_einsum package is required when use_opt_einsum is set to True in the contract_tensors function. This package can be installed using:
pip install opt_einsum
Traceback (most recent call last):
  File "/raid/g.bisicchia/cut_and_inc/env/lib/python3.10/site-packages/pennylane/qcut/processing.py", line 309, in contract_tensors
    from opt_einsum import contract, get_symbol
ModuleNotFoundError: No module named 'opt_einsum'

The above exception was the direct cause of the following exception:

Traceback (most recent call last):
  File "/raid/g.bisicchia/cut_and_inc/main_new_new.py", line 2501, in _run_circuit
    _run_one_mode_sandboxed(
  File "/raid/g.bisicchia/cut_and_inc/main_new_new.py", line 2379, in _run_one_mode_sandboxed
    _run_one_mode(mode, spec, args, ib, nb, circuit_dir, perf_exp_val, noisy_value)
  File "/raid/g.bisicchia/cut_and_inc/main_new_new.py", line 2414, in _run_one_mode
    payload = _dispatch_mode(mode, spec, args, ideal_backend, noisy_backend, perf_exp_val)
  File "/raid/g.bisicchia/cut_and_inc/main_new_new.py", line 2310, in _dispatch_mode
    return run_cutting_incremental(
  File "/raid/g.bisicchia/cut_and_inc/main_new_new.py", line 1578, in run_cutting_incremental
    result_value = sew(expvals, sew_data)
  File "/raid/g.bisicchia/cut_and_inc/main_new_new.py", line 606, in sew
    value = qml.qcut.qcut_processing_fn(
  File "/raid/g.bisicchia/cut_and_inc/env/lib/python3.10/site-packages/pennylane/qcut/processing.py", line 78, in qcut_processing_fn
    result = contract_tensors(
  File "/raid/g.bisicchia/cut_and_inc/env/lib/python3.10/site-packages/pennylane/qcut/processing.py", line 311, in contract_tensors
    raise ImportError(
ImportError: The opt_einsum package is required when use_opt_einsum is set to True in the contract_tensors function. This package can be installed using:
pip install opt_einsum
    » [19:50:23]  (#3) 13q / 2_Clifford+T_007 / cut_incremental_qubit_prop  starting...
    ✗ [ 502.2s]  (#3) 13q / 2_Clifford+T_007 / cut_incremental_qubit_prop  --  The opt_einsum package is required when use_opt_einsum is set to True in the contract_tensors function. This package can be installed using:
pip install opt_einsum
ERROR:cuttable-circuit-benchmark:2_Clifford+T_007 / cut_incremental_qubit_prop failed: The opt_einsum package is required when use_opt_einsum is set to True in the contract_tensors function. This package can be installed using:
pip install opt_einsum
Traceback (most recent call last):
  File "/raid/g.bisicchia/cut_and_inc/env/lib/python3.10/site-packages/pennylane/qcut/processing.py", line 309, in contract_tensors
    from opt_einsum import contract, get_symbol
ModuleNotFoundError: No module named 'opt_einsum'

The above exception was the direct cause of the following exception:

Traceback (most recent call last):
  File "/raid/g.bisicchia/cut_and_inc/main_new_new.py", line 2501, in _run_circuit
    _run_one_mode_sandboxed(
  File "/raid/g.bisicchia/cut_and_inc/main_new_new.py", line 2379, in _run_one_mode_sandboxed
    _run_one_mode(mode, spec, args, ib, nb, circuit_dir, perf_exp_val, noisy_value)
  File "/raid/g.bisicchia/cut_and_inc/main_new_new.py", line 2414, in _run_one_mode
    payload = _dispatch_mode(mode, spec, args, ideal_backend, noisy_backend, perf_exp_val)
  File "/raid/g.bisicchia/cut_and_inc/main_new_new.py", line 2310, in _dispatch_mode
    return run_cutting_incremental(
  File "/raid/g.bisicchia/cut_and_inc/main_new_new.py", line 1578, in run_cutting_incremental
    result_value = sew(expvals, sew_data)
  File "/raid/g.bisicchia/cut_and_inc/main_new_new.py", line 606, in sew
    value = qml.qcut.qcut_processing_fn(
  File "/raid/g.bisicchia/cut_and_inc/env/lib/python3.10/site-packages/pennylane/qcut/processing.py", line 78, in qcut_processing_fn
    result = contract_tensors(
  File "/raid/g.bisicchia/cut_and_inc/env/lib/python3.10/site-packages/pennylane/qcut/processing.py", line 311, in contract_tensors
    raise ImportError(
ImportError: The opt_einsum package is required when use_opt_einsum is set to True in the contract_tensors function. This package can be installed using:
pip install opt_einsum

[4/10] 13q / 3_Clifford+T_010  observable: ZIIIIIIIIIIII
    » [19:58:45]  13q / 3_Clifford+T_010  observable=ZIIIIIIIIIIII  computing ground truth (PennyLane default.qubit)...
    · [   0.0s]  ground_truth = 1.000000
    » [19:58:45]  (#4) 13q / 3_Clifford+T_010 / noisy_vanilla  starting...
    ✓ [   4.8s]  (#4) 13q / 3_Clifford+T_010 / noisy_vanilla
    » [19:58:50]  (#4) 13q / 3_Clifford+T_010 / cut_divided_budget  starting...
/raid/g.bisicchia/cut_and_inc/env/lib/python3.10/site-packages/pennylane/qcut/cutstrategy.py:367: UserWarning: The numer of partition attempts seems high (40).
  warnings.warn(f"The numer of partition attempts seems high ({len(ks)}).")
    ✗ [  57.0s]  (#4) 13q / 3_Clifford+T_010 / cut_divided_budget  --  The opt_einsum package is required when use_opt_einsum is set to True in the contract_tensors function. This package can be installed using:
pip install opt_einsum
ERROR:cuttable-circuit-benchmark:3_Clifford+T_010 / cut_divided_budget failed: The opt_einsum package is required when use_opt_einsum is set to True in the contract_tensors function. This package can be installed using:
pip install opt_einsum
Traceback (most recent call last):
  File "/raid/g.bisicchia/cut_and_inc/env/lib/python3.10/site-packages/pennylane/qcut/processing.py", line 309, in contract_tensors
    from opt_einsum import contract, get_symbol
ModuleNotFoundError: No module named 'opt_einsum'

The above exception was the direct cause of the following exception:

Traceback (most recent call last):
  File "/raid/g.bisicchia/cut_and_inc/main_new_new.py", line 2501, in _run_circuit
    _run_one_mode_sandboxed(
  File "/raid/g.bisicchia/cut_and_inc/main_new_new.py", line 2379, in _run_one_mode_sandboxed
    _run_one_mode(mode, spec, args, ib, nb, circuit_dir, perf_exp_val, noisy_value)
  File "/raid/g.bisicchia/cut_and_inc/main_new_new.py", line 2414, in _run_one_mode
    payload = _dispatch_mode(mode, spec, args, ideal_backend, noisy_backend, perf_exp_val)
  File "/raid/g.bisicchia/cut_and_inc/main_new_new.py", line 2303, in _dispatch_mode
    return run_cutting(
  File "/raid/g.bisicchia/cut_and_inc/main_new_new.py", line 1396, in run_cutting
    result_value = sew(expvals, sew_data)
  File "/raid/g.bisicchia/cut_and_inc/main_new_new.py", line 606, in sew
    value = qml.qcut.qcut_processing_fn(
  File "/raid/g.bisicchia/cut_and_inc/env/lib/python3.10/site-packages/pennylane/qcut/processing.py", line 78, in qcut_processing_fn
    result = contract_tensors(
  File "/raid/g.bisicchia/cut_and_inc/env/lib/python3.10/site-packages/pennylane/qcut/processing.py", line 311, in contract_tensors
    raise ImportError(
ImportError: The opt_einsum package is required when use_opt_einsum is set to True in the contract_tensors function. This package can be installed using:
pip install opt_einsum
    » [19:59:47]  (#4) 13q / 3_Clifford+T_010 / cut_qubit_prop  starting...
    ✗ [  52.4s]  (#4) 13q / 3_Clifford+T_010 / cut_qubit_prop  --  The opt_einsum package is required when use_opt_einsum is set to True in the contract_tensors function. This package can be installed using:
pip install opt_einsum
ERROR:cuttable-circuit-benchmark:3_Clifford+T_010 / cut_qubit_prop failed: The opt_einsum package is required when use_opt_einsum is set to True in the contract_tensors function. This package can be installed using:
pip install opt_einsum
Traceback (most recent call last):
  File "/raid/g.bisicchia/cut_and_inc/env/lib/python3.10/site-packages/pennylane/qcut/processing.py", line 309, in contract_tensors
    from opt_einsum import contract, get_symbol
ModuleNotFoundError: No module named 'opt_einsum'

The above exception was the direct cause of the following exception:

Traceback (most recent call last):
  File "/raid/g.bisicchia/cut_and_inc/main_new_new.py", line 2501, in _run_circuit
    _run_one_mode_sandboxed(
  File "/raid/g.bisicchia/cut_and_inc/main_new_new.py", line 2379, in _run_one_mode_sandboxed
    _run_one_mode(mode, spec, args, ib, nb, circuit_dir, perf_exp_val, noisy_value)
  File "/raid/g.bisicchia/cut_and_inc/main_new_new.py", line 2414, in _run_one_mode
    payload = _dispatch_mode(mode, spec, args, ideal_backend, noisy_backend, perf_exp_val)
  File "/raid/g.bisicchia/cut_and_inc/main_new_new.py", line 2303, in _dispatch_mode
    return run_cutting(
  File "/raid/g.bisicchia/cut_and_inc/main_new_new.py", line 1396, in run_cutting
    result_value = sew(expvals, sew_data)
  File "/raid/g.bisicchia/cut_and_inc/main_new_new.py", line 606, in sew
    value = qml.qcut.qcut_processing_fn(
  File "/raid/g.bisicchia/cut_and_inc/env/lib/python3.10/site-packages/pennylane/qcut/processing.py", line 78, in qcut_processing_fn
    result = contract_tensors(
  File "/raid/g.bisicchia/cut_and_inc/env/lib/python3.10/site-packages/pennylane/qcut/processing.py", line 311, in contract_tensors
    raise ImportError(
ImportError: The opt_einsum package is required when use_opt_einsum is set to True in the contract_tensors function. This package can be installed using:
pip install opt_einsum
    » [20:00:39]  (#4) 13q / 3_Clifford+T_010 / cut_incremental_budget  starting...
    ✗ [ 474.0s]  (#4) 13q / 3_Clifford+T_010 / cut_incremental_budget  --  The opt_einsum package is required when use_opt_einsum is set to True in the contract_tensors function. This package can be installed using:
pip install opt_einsum
ERROR:cuttable-circuit-benchmark:3_Clifford+T_010 / cut_incremental_budget failed: The opt_einsum package is required when use_opt_einsum is set to True in the contract_tensors function. This package can be installed using:
pip install opt_einsum
Traceback (most recent call last):
  File "/raid/g.bisicchia/cut_and_inc/env/lib/python3.10/site-packages/pennylane/qcut/processing.py", line 309, in contract_tensors
    from opt_einsum import contract, get_symbol
ModuleNotFoundError: No module named 'opt_einsum'

The above exception was the direct cause of the following exception:

Traceback (most recent call last):
  File "/raid/g.bisicchia/cut_and_inc/main_new_new.py", line 2501, in _run_circuit
    _run_one_mode_sandboxed(
  File "/raid/g.bisicchia/cut_and_inc/main_new_new.py", line 2379, in _run_one_mode_sandboxed
    _run_one_mode(mode, spec, args, ib, nb, circuit_dir, perf_exp_val, noisy_value)
  File "/raid/g.bisicchia/cut_and_inc/main_new_new.py", line 2414, in _run_one_mode
    payload = _dispatch_mode(mode, spec, args, ideal_backend, noisy_backend, perf_exp_val)
  File "/raid/g.bisicchia/cut_and_inc/main_new_new.py", line 2310, in _dispatch_mode
    return run_cutting_incremental(
  File "/raid/g.bisicchia/cut_and_inc/main_new_new.py", line 1578, in run_cutting_incremental
    result_value = sew(expvals, sew_data)
  File "/raid/g.bisicchia/cut_and_inc/main_new_new.py", line 606, in sew
    value = qml.qcut.qcut_processing_fn(
  File "/raid/g.bisicchia/cut_and_inc/env/lib/python3.10/site-packages/pennylane/qcut/processing.py", line 78, in qcut_processing_fn
    result = contract_tensors(
  File "/raid/g.bisicchia/cut_and_inc/env/lib/python3.10/site-packages/pennylane/qcut/processing.py", line 311, in contract_tensors
    raise ImportError(
ImportError: The opt_einsum package is required when use_opt_einsum is set to True in the contract_tensors function. This package can be installed using:
pip install opt_einsum
    » [20:08:33]  (#4) 13q / 3_Clifford+T_010 / cut_incremental_qubit_prop  starting...
    ✗ [ 501.1s]  (#4) 13q / 3_Clifford+T_010 / cut_incremental_qubit_prop  --  The opt_einsum package is required when use_opt_einsum is set to True in the contract_tensors function. This package can be installed using:
pip install opt_einsum
ERROR:cuttable-circuit-benchmark:3_Clifford+T_010 / cut_incremental_qubit_prop failed: The opt_einsum package is required when use_opt_einsum is set to True in the contract_tensors function. This package can be installed using:
pip install opt_einsum
Traceback (most recent call last):
  File "/raid/g.bisicchia/cut_and_inc/env/lib/python3.10/site-packages/pennylane/qcut/processing.py", line 309, in contract_tensors
    from opt_einsum import contract, get_symbol
ModuleNotFoundError: No module named 'opt_einsum'

The above exception was the direct cause of the following exception:

Traceback (most recent call last):
  File "/raid/g.bisicchia/cut_and_inc/main_new_new.py", line 2501, in _run_circuit
    _run_one_mode_sandboxed(
  File "/raid/g.bisicchia/cut_and_inc/main_new_new.py", line 2379, in _run_one_mode_sandboxed
    _run_one_mode(mode, spec, args, ib, nb, circuit_dir, perf_exp_val, noisy_value)
  File "/raid/g.bisicchia/cut_and_inc/main_new_new.py", line 2414, in _run_one_mode
    payload = _dispatch_mode(mode, spec, args, ideal_backend, noisy_backend, perf_exp_val)
  File "/raid/g.bisicchia/cut_and_inc/main_new_new.py", line 2310, in _dispatch_mode
    return run_cutting_incremental(
  File "/raid/g.bisicchia/cut_and_inc/main_new_new.py", line 1578, in run_cutting_incremental
    result_value = sew(expvals, sew_data)
  File "/raid/g.bisicchia/cut_and_inc/main_new_new.py", line 606, in sew
    value = qml.qcut.qcut_processing_fn(
  File "/raid/g.bisicchia/cut_and_inc/env/lib/python3.10/site-packages/pennylane/qcut/processing.py", line 78, in qcut_processing_fn
    result = contract_tensors(
  File "/raid/g.bisicchia/cut_and_inc/env/lib/python3.10/site-packages/pennylane/qcut/processing.py", line 311, in contract_tensors
    raise ImportError(
ImportError: The opt_einsum package is required when use_opt_einsum is set to True in the contract_tensors function. This package can be installed using:
pip install opt_einsum

[5/10] 13q / 4_Clifford+T_012  observable: ZIIIIIIIIIIII
    » [20:16:54]  13q / 4_Clifford+T_012  observable=ZIIIIIIIIIIII  computing ground truth (PennyLane default.qubit)...
    · [   0.0s]  ground_truth = -1.000000
    » [20:16:54]  (#5) 13q / 4_Clifford+T_012 / noisy_vanilla  starting...
    ✓ [   7.0s]  (#5) 13q / 4_Clifford+T_012 / noisy_vanilla
    » [20:17:01]  (#5) 13q / 4_Clifford+T_012 / cut_divided_budget  starting...
/raid/g.bisicchia/cut_and_inc/env/lib/python3.10/site-packages/pennylane/qcut/cutstrategy.py:367: UserWarning: The numer of partition attempts seems high (40).
  warnings.warn(f"The numer of partition attempts seems high ({len(ks)}).")
    ✗ [  50.3s]  (#5) 13q / 4_Clifford+T_012 / cut_divided_budget  --  The opt_einsum package is required when use_opt_einsum is set to True in the contract_tensors function. This package can be installed using:
pip install opt_einsum
ERROR:cuttable-circuit-benchmark:4_Clifford+T_012 / cut_divided_budget failed: The opt_einsum package is required when use_opt_einsum is set to True in the contract_tensors function. This package can be installed using:
pip install opt_einsum
Traceback (most recent call last):
  File "/raid/g.bisicchia/cut_and_inc/env/lib/python3.10/site-packages/pennylane/qcut/processing.py", line 309, in contract_tensors
    from opt_einsum import contract, get_symbol
ModuleNotFoundError: No module named 'opt_einsum'

The above exception was the direct cause of the following exception:

Traceback (most recent call last):
  File "/raid/g.bisicchia/cut_and_inc/main_new_new.py", line 2501, in _run_circuit
    _run_one_mode_sandboxed(
  File "/raid/g.bisicchia/cut_and_inc/main_new_new.py", line 2379, in _run_one_mode_sandboxed
    _run_one_mode(mode, spec, args, ib, nb, circuit_dir, perf_exp_val, noisy_value)
  File "/raid/g.bisicchia/cut_and_inc/main_new_new.py", line 2414, in _run_one_mode
    payload = _dispatch_mode(mode, spec, args, ideal_backend, noisy_backend, perf_exp_val)
  File "/raid/g.bisicchia/cut_and_inc/main_new_new.py", line 2303, in _dispatch_mode
    return run_cutting(
  File "/raid/g.bisicchia/cut_and_inc/main_new_new.py", line 1396, in run_cutting
    result_value = sew(expvals, sew_data)
  File "/raid/g.bisicchia/cut_and_inc/main_new_new.py", line 606, in sew
    value = qml.qcut.qcut_processing_fn(
  File "/raid/g.bisicchia/cut_and_inc/env/lib/python3.10/site-packages/pennylane/qcut/processing.py", line 78, in qcut_processing_fn
    result = contract_tensors(
  File "/raid/g.bisicchia/cut_and_inc/env/lib/python3.10/site-packages/pennylane/qcut/processing.py", line 311, in contract_tensors
    raise ImportError(
ImportError: The opt_einsum package is required when use_opt_einsum is set to True in the contract_tensors function. This package can be installed using:
pip install opt_einsum
    » [20:17:52]  (#5) 13q / 4_Clifford+T_012 / cut_qubit_prop  starting...
    ✗ [  45.1s]  (#5) 13q / 4_Clifford+T_012 / cut_qubit_prop  --  The opt_einsum package is required when use_opt_einsum is set to True in the contract_tensors function. This package can be installed using:
pip install opt_einsum
ERROR:cuttable-circuit-benchmark:4_Clifford+T_012 / cut_qubit_prop failed: The opt_einsum package is required when use_opt_einsum is set to True in the contract_tensors function. This package can be installed using:
pip install opt_einsum
Traceback (most recent call last):
  File "/raid/g.bisicchia/cut_and_inc/env/lib/python3.10/site-packages/pennylane/qcut/processing.py", line 309, in contract_tensors
    from opt_einsum import contract, get_symbol
ModuleNotFoundError: No module named 'opt_einsum'

The above exception was the direct cause of the following exception:

Traceback (most recent call last):
  File "/raid/g.bisicchia/cut_and_inc/main_new_new.py", line 2501, in _run_circuit
    _run_one_mode_sandboxed(
  File "/raid/g.bisicchia/cut_and_inc/main_new_new.py", line 2379, in _run_one_mode_sandboxed
    _run_one_mode(mode, spec, args, ib, nb, circuit_dir, perf_exp_val, noisy_value)
  File "/raid/g.bisicchia/cut_and_inc/main_new_new.py", line 2414, in _run_one_mode
    payload = _dispatch_mode(mode, spec, args, ideal_backend, noisy_backend, perf_exp_val)
  File "/raid/g.bisicchia/cut_and_inc/main_new_new.py", line 2303, in _dispatch_mode
    return run_cutting(
  File "/raid/g.bisicchia/cut_and_inc/main_new_new.py", line 1396, in run_cutting
    result_value = sew(expvals, sew_data)
  File "/raid/g.bisicchia/cut_and_inc/main_new_new.py", line 606, in sew
    value = qml.qcut.qcut_processing_fn(
  File "/raid/g.bisicchia/cut_and_inc/env/lib/python3.10/site-packages/pennylane/qcut/processing.py", line 78, in qcut_processing_fn
    result = contract_tensors(
  File "/raid/g.bisicchia/cut_and_inc/env/lib/python3.10/site-packages/pennylane/qcut/processing.py", line 311, in contract_tensors
    raise ImportError(
ImportError: The opt_einsum package is required when use_opt_einsum is set to True in the contract_tensors function. This package can be installed using:
pip install opt_einsum
    » [20:18:37]  (#5) 13q / 4_Clifford+T_012 / cut_incremental_budget  starting...
    ✗ [ 772.1s]  (#5) 13q / 4_Clifford+T_012 / cut_incremental_budget  --  The opt_einsum package is required when use_opt_einsum is set to True in the contract_tensors function. This package can be installed using:
pip install opt_einsum
ERROR:cuttable-circuit-benchmark:4_Clifford+T_012 / cut_incremental_budget failed: The opt_einsum package is required when use_opt_einsum is set to True in the contract_tensors function. This package can be installed using:
pip install opt_einsum
Traceback (most recent call last):
  File "/raid/g.bisicchia/cut_and_inc/env/lib/python3.10/site-packages/pennylane/qcut/processing.py", line 309, in contract_tensors
    from opt_einsum import contract, get_symbol
ModuleNotFoundError: No module named 'opt_einsum'

The above exception was the direct cause of the following exception:

Traceback (most recent call last):
  File "/raid/g.bisicchia/cut_and_inc/main_new_new.py", line 2501, in _run_circuit
    _run_one_mode_sandboxed(
  File "/raid/g.bisicchia/cut_and_inc/main_new_new.py", line 2379, in _run_one_mode_sandboxed
    _run_one_mode(mode, spec, args, ib, nb, circuit_dir, perf_exp_val, noisy_value)
  File "/raid/g.bisicchia/cut_and_inc/main_new_new.py", line 2414, in _run_one_mode
    payload = _dispatch_mode(mode, spec, args, ideal_backend, noisy_backend, perf_exp_val)
  File "/raid/g.bisicchia/cut_and_inc/main_new_new.py", line 2310, in _dispatch_mode
    return run_cutting_incremental(
  File "/raid/g.bisicchia/cut_and_inc/main_new_new.py", line 1578, in run_cutting_incremental
    result_value = sew(expvals, sew_data)
  File "/raid/g.bisicchia/cut_and_inc/main_new_new.py", line 606, in sew
    value = qml.qcut.qcut_processing_fn(
  File "/raid/g.bisicchia/cut_and_inc/env/lib/python3.10/site-packages/pennylane/qcut/processing.py", line 78, in qcut_processing_fn
    result = contract_tensors(
  File "/raid/g.bisicchia/cut_and_inc/env/lib/python3.10/site-packages/pennylane/qcut/processing.py", line 311, in contract_tensors
    raise ImportError(
ImportError: The opt_einsum package is required when use_opt_einsum is set to True in the contract_tensors function. This package can be installed using:
pip install opt_einsum
    » [20:31:29]  (#5) 13q / 4_Clifford+T_012 / cut_incremental_qubit_prop  starting...
    ✗ [ 796.0s]  (#5) 13q / 4_Clifford+T_012 / cut_incremental_qubit_prop  --  The opt_einsum package is required when use_opt_einsum is set to True in the contract_tensors function. This package can be installed using:
pip install opt_einsum
ERROR:cuttable-circuit-benchmark:4_Clifford+T_012 / cut_incremental_qubit_prop failed: The opt_einsum package is required when use_opt_einsum is set to True in the contract_tensors function. This package can be installed using:
pip install opt_einsum
Traceback (most recent call last):
  File "/raid/g.bisicchia/cut_and_inc/env/lib/python3.10/site-packages/pennylane/qcut/processing.py", line 309, in contract_tensors
    from opt_einsum import contract, get_symbol
ModuleNotFoundError: No module named 'opt_einsum'

The above exception was the direct cause of the following exception:

Traceback (most recent call last):
  File "/raid/g.bisicchia/cut_and_inc/main_new_new.py", line 2501, in _run_circuit
    _run_one_mode_sandboxed(
  File "/raid/g.bisicchia/cut_and_inc/main_new_new.py", line 2379, in _run_one_mode_sandboxed
    _run_one_mode(mode, spec, args, ib, nb, circuit_dir, perf_exp_val, noisy_value)
  File "/raid/g.bisicchia/cut_and_inc/main_new_new.py", line 2414, in _run_one_mode
    payload = _dispatch_mode(mode, spec, args, ideal_backend, noisy_backend, perf_exp_val)
  File "/raid/g.bisicchia/cut_and_inc/main_new_new.py", line 2310, in _dispatch_mode
    return run_cutting_incremental(
  File "/raid/g.bisicchia/cut_and_inc/main_new_new.py", line 1578, in run_cutting_incremental
    result_value = sew(expvals, sew_data)
  File "/raid/g.bisicchia/cut_and_inc/main_new_new.py", line 606, in sew
    value = qml.qcut.qcut_processing_fn(
  File "/raid/g.bisicchia/cut_and_inc/env/lib/python3.10/site-packages/pennylane/qcut/processing.py", line 78, in qcut_processing_fn
    result = contract_tensors(
  File "/raid/g.bisicchia/cut_and_inc/env/lib/python3.10/site-packages/pennylane/qcut/processing.py", line 311, in contract_tensors
    raise ImportError(
ImportError: The opt_einsum package is required when use_opt_einsum is set to True in the contract_tensors function. This package can be installed using:
pip install opt_einsum

[6/10] 13q / 5_Clifford+T_014  observable: ZIIIIIIIIIIII
    » [20:44:45]  13q / 5_Clifford+T_014  observable=ZIIIIIIIIIIII  computing ground truth (PennyLane default.qubit)...
    · [   0.0s]  ground_truth = -1.000000
    » [20:44:45]  (#6) 13q / 5_Clifford+T_014 / noisy_vanilla  starting...
    ✓ [   9.1s]  (#6) 13q / 5_Clifford+T_014 / noisy_vanilla
    » [20:44:54]  (#6) 13q / 5_Clifford+T_014 / cut_divided_budget  starting...
/raid/g.bisicchia/cut_and_inc/env/lib/python3.10/site-packages/pennylane/qcut/cutstrategy.py:367: UserWarning: The numer of partition attempts seems high (40).
  warnings.warn(f"The numer of partition attempts seems high ({len(ks)}).")
    ✗ [ 264.6s]  (#6) 13q / 5_Clifford+T_014 / cut_divided_budget  --  The opt_einsum package is required when use_opt_einsum is set to True in the contract_tensors function. This package can be installed using:
pip install opt_einsum
ERROR:cuttable-circuit-benchmark:5_Clifford+T_014 / cut_divided_budget failed: The opt_einsum package is required when use_opt_einsum is set to True in the contract_tensors function. This package can be installed using:
pip install opt_einsum
Traceback (most recent call last):
  File "/raid/g.bisicchia/cut_and_inc/env/lib/python3.10/site-packages/pennylane/qcut/processing.py", line 309, in contract_tensors
    from opt_einsum import contract, get_symbol
ModuleNotFoundError: No module named 'opt_einsum'

The above exception was the direct cause of the following exception:

Traceback (most recent call last):
  File "/raid/g.bisicchia/cut_and_inc/main_new_new.py", line 2501, in _run_circuit
    _run_one_mode_sandboxed(
  File "/raid/g.bisicchia/cut_and_inc/main_new_new.py", line 2379, in _run_one_mode_sandboxed
    _run_one_mode(mode, spec, args, ib, nb, circuit_dir, perf_exp_val, noisy_value)
  File "/raid/g.bisicchia/cut_and_inc/main_new_new.py", line 2414, in _run_one_mode
    payload = _dispatch_mode(mode, spec, args, ideal_backend, noisy_backend, perf_exp_val)
  File "/raid/g.bisicchia/cut_and_inc/main_new_new.py", line 2303, in _dispatch_mode
    return run_cutting(
  File "/raid/g.bisicchia/cut_and_inc/main_new_new.py", line 1396, in run_cutting
    result_value = sew(expvals, sew_data)
  File "/raid/g.bisicchia/cut_and_inc/main_new_new.py", line 606, in sew
    value = qml.qcut.qcut_processing_fn(
  File "/raid/g.bisicchia/cut_and_inc/env/lib/python3.10/site-packages/pennylane/qcut/processing.py", line 78, in qcut_processing_fn
    result = contract_tensors(
  File "/raid/g.bisicchia/cut_and_inc/env/lib/python3.10/site-packages/pennylane/qcut/processing.py", line 311, in contract_tensors
    raise ImportError(
ImportError: The opt_einsum package is required when use_opt_einsum is set to True in the contract_tensors function. This package can be installed using:
pip install opt_einsum
    » [20:49:19]  (#6) 13q / 5_Clifford+T_014 / cut_qubit_prop  starting...
    ✗ [ 246.1s]  (#6) 13q / 5_Clifford+T_014 / cut_qubit_prop  --  The opt_einsum package is required when use_opt_einsum is set to True in the contract_tensors function. This package can be installed using:
pip install opt_einsum
ERROR:cuttable-circuit-benchmark:5_Clifford+T_014 / cut_qubit_prop failed: The opt_einsum package is required when use_opt_einsum is set to True in the contract_tensors function. This package can be installed using:
pip install opt_einsum
Traceback (most recent call last):
  File "/raid/g.bisicchia/cut_and_inc/env/lib/python3.10/site-packages/pennylane/qcut/processing.py", line 309, in contract_tensors
    from opt_einsum import contract, get_symbol
ModuleNotFoundError: No module named 'opt_einsum'

The above exception was the direct cause of the following exception:

Traceback (most recent call last):
  File "/raid/g.bisicchia/cut_and_inc/main_new_new.py", line 2501, in _run_circuit
    _run_one_mode_sandboxed(
  File "/raid/g.bisicchia/cut_and_inc/main_new_new.py", line 2379, in _run_one_mode_sandboxed
    _run_one_mode(mode, spec, args, ib, nb, circuit_dir, perf_exp_val, noisy_value)
  File "/raid/g.bisicchia/cut_and_inc/main_new_new.py", line 2414, in _run_one_mode
    payload = _dispatch_mode(mode, spec, args, ideal_backend, noisy_backend, perf_exp_val)
  File "/raid/g.bisicchia/cut_and_inc/main_new_new.py", line 2303, in _dispatch_mode
    return run_cutting(
  File "/raid/g.bisicchia/cut_and_inc/main_new_new.py", line 1396, in run_cutting
    result_value = sew(expvals, sew_data)
  File "/raid/g.bisicchia/cut_and_inc/main_new_new.py", line 606, in sew
    value = qml.qcut.qcut_processing_fn(
  File "/raid/g.bisicchia/cut_and_inc/env/lib/python3.10/site-packages/pennylane/qcut/processing.py", line 78, in qcut_processing_fn
    result = contract_tensors(
  File "/raid/g.bisicchia/cut_and_inc/env/lib/python3.10/site-packages/pennylane/qcut/processing.py", line 311, in contract_tensors
    raise ImportError(
ImportError: The opt_einsum package is required when use_opt_einsum is set to True in the contract_tensors function. This package can be installed using:
pip install opt_einsum
    » [20:53:25]  (#6) 13q / 5_Clifford+T_014 / cut_incremental_budget  starting...
    ✗ [1033.9s]  (#6) 13q / 5_Clifford+T_014 / cut_incremental_budget  --  The opt_einsum package is required when use_opt_einsum is set to True in the contract_tensors function. This package can be installed using:
pip install opt_einsum
ERROR:cuttable-circuit-benchmark:5_Clifford+T_014 / cut_incremental_budget failed: The opt_einsum package is required when use_opt_einsum is set to True in the contract_tensors function. This package can be installed using:
pip install opt_einsum
Traceback (most recent call last):
  File "/raid/g.bisicchia/cut_and_inc/env/lib/python3.10/site-packages/pennylane/qcut/processing.py", line 309, in contract_tensors
    from opt_einsum import contract, get_symbol
ModuleNotFoundError: No module named 'opt_einsum'

The above exception was the direct cause of the following exception:

Traceback (most recent call last):
  File "/raid/g.bisicchia/cut_and_inc/main_new_new.py", line 2501, in _run_circuit
    _run_one_mode_sandboxed(
  File "/raid/g.bisicchia/cut_and_inc/main_new_new.py", line 2379, in _run_one_mode_sandboxed
    _run_one_mode(mode, spec, args, ib, nb, circuit_dir, perf_exp_val, noisy_value)
  File "/raid/g.bisicchia/cut_and_inc/main_new_new.py", line 2414, in _run_one_mode
    payload = _dispatch_mode(mode, spec, args, ideal_backend, noisy_backend, perf_exp_val)
  File "/raid/g.bisicchia/cut_and_inc/main_new_new.py", line 2310, in _dispatch_mode
    return run_cutting_incremental(
  File "/raid/g.bisicchia/cut_and_inc/main_new_new.py", line 1578, in run_cutting_incremental
    result_value = sew(expvals, sew_data)
  File "/raid/g.bisicchia/cut_and_inc/main_new_new.py", line 606, in sew
    value = qml.qcut.qcut_processing_fn(
  File "/raid/g.bisicchia/cut_and_inc/env/lib/python3.10/site-packages/pennylane/qcut/processing.py", line 78, in qcut_processing_fn
    result = contract_tensors(
  File "/raid/g.bisicchia/cut_and_inc/env/lib/python3.10/site-packages/pennylane/qcut/processing.py", line 311, in contract_tensors
    raise ImportError(
ImportError: The opt_einsum package is required when use_opt_einsum is set to True in the contract_tensors function. This package can be installed using:
pip install opt_einsum
    » [21:10:39]  (#6) 13q / 5_Clifford+T_014 / cut_incremental_qubit_prop  starting...
    ✗ [ 907.0s]  (#6) 13q / 5_Clifford+T_014 / cut_incremental_qubit_prop  --  The opt_einsum package is required when use_opt_einsum is set to True in the contract_tensors function. This package can be installed using:
pip install opt_einsum
ERROR:cuttable-circuit-benchmark:5_Clifford+T_014 / cut_incremental_qubit_prop failed: The opt_einsum package is required when use_opt_einsum is set to True in the contract_tensors function. This package can be installed using:
pip install opt_einsum
Traceback (most recent call last):
  File "/raid/g.bisicchia/cut_and_inc/env/lib/python3.10/site-packages/pennylane/qcut/processing.py", line 309, in contract_tensors
    from opt_einsum import contract, get_symbol
ModuleNotFoundError: No module named 'opt_einsum'

The above exception was the direct cause of the following exception:

Traceback (most recent call last):
  File "/raid/g.bisicchia/cut_and_inc/main_new_new.py", line 2501, in _run_circuit
    _run_one_mode_sandboxed(
  File "/raid/g.bisicchia/cut_and_inc/main_new_new.py", line 2379, in _run_one_mode_sandboxed
    _run_one_mode(mode, spec, args, ib, nb, circuit_dir, perf_exp_val, noisy_value)
  File "/raid/g.bisicchia/cut_and_inc/main_new_new.py", line 2414, in _run_one_mode
    payload = _dispatch_mode(mode, spec, args, ideal_backend, noisy_backend, perf_exp_val)
  File "/raid/g.bisicchia/cut_and_inc/main_new_new.py", line 2310, in _dispatch_mode
    return run_cutting_incremental(
  File "/raid/g.bisicchia/cut_and_inc/main_new_new.py", line 1578, in run_cutting_incremental
    result_value = sew(expvals, sew_data)
  File "/raid/g.bisicchia/cut_and_inc/main_new_new.py", line 606, in sew
    value = qml.qcut.qcut_processing_fn(
  File "/raid/g.bisicchia/cut_and_inc/env/lib/python3.10/site-packages/pennylane/qcut/processing.py", line 78, in qcut_processing_fn
    result = contract_tensors(
  File "/raid/g.bisicchia/cut_and_inc/env/lib/python3.10/site-packages/pennylane/qcut/processing.py", line 311, in contract_tensors
    raise ImportError(
ImportError: The opt_einsum package is required when use_opt_einsum is set to True in the contract_tensors function. This package can be installed using:
pip install opt_einsum

[7/10] 13q / 6_Clifford+T_015  observable: ZIIIIIIIIIIII
    » [21:25:46]  13q / 6_Clifford+T_015  observable=ZIIIIIIIIIIII  computing ground truth (PennyLane default.qubit)...
    · [   0.1s]  ground_truth = 0.000000
    » [21:25:46]  (#7) 13q / 6_Clifford+T_015 / noisy_vanilla  starting...
    ✓ [  10.1s]  (#7) 13q / 6_Clifford+T_015 / noisy_vanilla
    » [21:25:56]  (#7) 13q / 6_Clifford+T_015 / cut_divided_budget  starting...
/raid/g.bisicchia/cut_and_inc/env/lib/python3.10/site-packages/pennylane/qcut/cutstrategy.py:367: UserWarning: The numer of partition attempts seems high (40).
  warnings.warn(f"The numer of partition attempts seems high ({len(ks)}).")
    ✗ [  83.3s]  (#7) 13q / 6_Clifford+T_015 / cut_divided_budget  --  The opt_einsum package is required when use_opt_einsum is set to True in the contract_tensors function. This package can be installed using:
pip install opt_einsum
ERROR:cuttable-circuit-benchmark:6_Clifford+T_015 / cut_divided_budget failed: The opt_einsum package is required when use_opt_einsum is set to True in the contract_tensors function. This package can be installed using:
pip install opt_einsum
Traceback (most recent call last):
  File "/raid/g.bisicchia/cut_and_inc/env/lib/python3.10/site-packages/pennylane/qcut/processing.py", line 309, in contract_tensors
    from opt_einsum import contract, get_symbol
ModuleNotFoundError: No module named 'opt_einsum'

The above exception was the direct cause of the following exception:

Traceback (most recent call last):
  File "/raid/g.bisicchia/cut_and_inc/main_new_new.py", line 2501, in _run_circuit
    _run_one_mode_sandboxed(
  File "/raid/g.bisicchia/cut_and_inc/main_new_new.py", line 2379, in _run_one_mode_sandboxed
    _run_one_mode(mode, spec, args, ib, nb, circuit_dir, perf_exp_val, noisy_value)
  File "/raid/g.bisicchia/cut_and_inc/main_new_new.py", line 2414, in _run_one_mode
    payload = _dispatch_mode(mode, spec, args, ideal_backend, noisy_backend, perf_exp_val)
  File "/raid/g.bisicchia/cut_and_inc/main_new_new.py", line 2303, in _dispatch_mode
    return run_cutting(
  File "/raid/g.bisicchia/cut_and_inc/main_new_new.py", line 1396, in run_cutting
    result_value = sew(expvals, sew_data)
  File "/raid/g.bisicchia/cut_and_inc/main_new_new.py", line 606, in sew
    value = qml.qcut.qcut_processing_fn(
  File "/raid/g.bisicchia/cut_and_inc/env/lib/python3.10/site-packages/pennylane/qcut/processing.py", line 78, in qcut_processing_fn
    result = contract_tensors(
  File "/raid/g.bisicchia/cut_and_inc/env/lib/python3.10/site-packages/pennylane/qcut/processing.py", line 311, in contract_tensors
    raise ImportError(
ImportError: The opt_einsum package is required when use_opt_einsum is set to True in the contract_tensors function. This package can be installed using:
pip install opt_einsum
    » [21:27:19]  (#7) 13q / 6_Clifford+T_015 / cut_qubit_prop  starting...
    ✗ [  80.6s]  (#7) 13q / 6_Clifford+T_015 / cut_qubit_prop  --  The opt_einsum package is required when use_opt_einsum is set to True in the contract_tensors function. This package can be installed using:
pip install opt_einsum
ERROR:cuttable-circuit-benchmark:6_Clifford+T_015 / cut_qubit_prop failed: The opt_einsum package is required when use_opt_einsum is set to True in the contract_tensors function. This package can be installed using:
pip install opt_einsum
Traceback (most recent call last):
  File "/raid/g.bisicchia/cut_and_inc/env/lib/python3.10/site-packages/pennylane/qcut/processing.py", line 309, in contract_tensors
    from opt_einsum import contract, get_symbol
ModuleNotFoundError: No module named 'opt_einsum'

The above exception was the direct cause of the following exception:

Traceback (most recent call last):
  File "/raid/g.bisicchia/cut_and_inc/main_new_new.py", line 2501, in _run_circuit
    _run_one_mode_sandboxed(
  File "/raid/g.bisicchia/cut_and_inc/main_new_new.py", line 2379, in _run_one_mode_sandboxed
    _run_one_mode(mode, spec, args, ib, nb, circuit_dir, perf_exp_val, noisy_value)
  File "/raid/g.bisicchia/cut_and_inc/main_new_new.py", line 2414, in _run_one_mode
    payload = _dispatch_mode(mode, spec, args, ideal_backend, noisy_backend, perf_exp_val)
  File "/raid/g.bisicchia/cut_and_inc/main_new_new.py", line 2303, in _dispatch_mode
    return run_cutting(
  File "/raid/g.bisicchia/cut_and_inc/main_new_new.py", line 1396, in run_cutting
    result_value = sew(expvals, sew_data)
  File "/raid/g.bisicchia/cut_and_inc/main_new_new.py", line 606, in sew
    value = qml.qcut.qcut_processing_fn(
  File "/raid/g.bisicchia/cut_and_inc/env/lib/python3.10/site-packages/pennylane/qcut/processing.py", line 78, in qcut_processing_fn
    result = contract_tensors(
  File "/raid/g.bisicchia/cut_and_inc/env/lib/python3.10/site-packages/pennylane/qcut/processing.py", line 311, in contract_tensors
    raise ImportError(
ImportError: The opt_einsum package is required when use_opt_einsum is set to True in the contract_tensors function. This package can be installed using:
pip install opt_einsum
    » [21:28:40]  (#7) 13q / 6_Clifford+T_015 / cut_incremental_budget  starting...
    ✗ [ 843.4s]  (#7) 13q / 6_Clifford+T_015 / cut_incremental_budget  --  The opt_einsum package is required when use_opt_einsum is set to True in the contract_tensors function. This package can be installed using:
pip install opt_einsum
ERROR:cuttable-circuit-benchmark:6_Clifford+T_015 / cut_incremental_budget failed: The opt_einsum package is required when use_opt_einsum is set to True in the contract_tensors function. This package can be installed using:
pip install opt_einsum
Traceback (most recent call last):
  File "/raid/g.bisicchia/cut_and_inc/env/lib/python3.10/site-packages/pennylane/qcut/processing.py", line 309, in contract_tensors
    from opt_einsum import contract, get_symbol
ModuleNotFoundError: No module named 'opt_einsum'

The above exception was the direct cause of the following exception:

Traceback (most recent call last):
  File "/raid/g.bisicchia/cut_and_inc/main_new_new.py", line 2501, in _run_circuit
    _run_one_mode_sandboxed(
  File "/raid/g.bisicchia/cut_and_inc/main_new_new.py", line 2379, in _run_one_mode_sandboxed
    _run_one_mode(mode, spec, args, ib, nb, circuit_dir, perf_exp_val, noisy_value)
  File "/raid/g.bisicchia/cut_and_inc/main_new_new.py", line 2414, in _run_one_mode
    payload = _dispatch_mode(mode, spec, args, ideal_backend, noisy_backend, perf_exp_val)
  File "/raid/g.bisicchia/cut_and_inc/main_new_new.py", line 2310, in _dispatch_mode
    return run_cutting_incremental(
  File "/raid/g.bisicchia/cut_and_inc/main_new_new.py", line 1578, in run_cutting_incremental
    result_value = sew(expvals, sew_data)
  File "/raid/g.bisicchia/cut_and_inc/main_new_new.py", line 606, in sew
    value = qml.qcut.qcut_processing_fn(
  File "/raid/g.bisicchia/cut_and_inc/env/lib/python3.10/site-packages/pennylane/qcut/processing.py", line 78, in qcut_processing_fn
    result = contract_tensors(
  File "/raid/g.bisicchia/cut_and_inc/env/lib/python3.10/site-packages/pennylane/qcut/processing.py", line 311, in contract_tensors
    raise ImportError(
ImportError: The opt_einsum package is required when use_opt_einsum is set to True in the contract_tensors function. This package can be installed using:
pip install opt_einsum
    » [21:42:43]  (#7) 13q / 6_Clifford+T_015 / cut_incremental_qubit_prop  starting...
    ✗ [ 586.6s]  (#7) 13q / 6_Clifford+T_015 / cut_incremental_qubit_prop  --  The opt_einsum package is required when use_opt_einsum is set to True in the contract_tensors function. This package can be installed using:
pip install opt_einsum
ERROR:cuttable-circuit-benchmark:6_Clifford+T_015 / cut_incremental_qubit_prop failed: The opt_einsum package is required when use_opt_einsum is set to True in the contract_tensors function. This package can be installed using:
pip install opt_einsum
Traceback (most recent call last):
  File "/raid/g.bisicchia/cut_and_inc/env/lib/python3.10/site-packages/pennylane/qcut/processing.py", line 309, in contract_tensors
    from opt_einsum import contract, get_symbol
ModuleNotFoundError: No module named 'opt_einsum'

The above exception was the direct cause of the following exception:

Traceback (most recent call last):
  File "/raid/g.bisicchia/cut_and_inc/main_new_new.py", line 2501, in _run_circuit
    _run_one_mode_sandboxed(
  File "/raid/g.bisicchia/cut_and_inc/main_new_new.py", line 2379, in _run_one_mode_sandboxed
    _run_one_mode(mode, spec, args, ib, nb, circuit_dir, perf_exp_val, noisy_value)
  File "/raid/g.bisicchia/cut_and_inc/main_new_new.py", line 2414, in _run_one_mode
    payload = _dispatch_mode(mode, spec, args, ideal_backend, noisy_backend, perf_exp_val)
  File "/raid/g.bisicchia/cut_and_inc/main_new_new.py", line 2310, in _dispatch_mode
    return run_cutting_incremental(
  File "/raid/g.bisicchia/cut_and_inc/main_new_new.py", line 1578, in run_cutting_incremental
    result_value = sew(expvals, sew_data)
  File "/raid/g.bisicchia/cut_and_inc/main_new_new.py", line 606, in sew
    value = qml.qcut.qcut_processing_fn(
  File "/raid/g.bisicchia/cut_and_inc/env/lib/python3.10/site-packages/pennylane/qcut/processing.py", line 78, in qcut_processing_fn
    result = contract_tensors(
  File "/raid/g.bisicchia/cut_and_inc/env/lib/python3.10/site-packages/pennylane/qcut/processing.py", line 311, in contract_tensors
    raise ImportError(
ImportError: The opt_einsum package is required when use_opt_einsum is set to True in the contract_tensors function. This package can be installed using:
pip install opt_einsum

[8/10] 13q / 7_Clifford+T_016  observable: ZIIIIIIIIIIII
    » [21:52:30]  13q / 7_Clifford+T_016  observable=ZIIIIIIIIIIII  computing ground truth (PennyLane default.qubit)...
    · [   0.0s]  ground_truth = 1.000000
    » [21:52:30]  (#8) 13q / 7_Clifford+T_016 / noisy_vanilla  starting...
    ✓ [   4.6s]  (#8) 13q / 7_Clifford+T_016 / noisy_vanilla
    » [21:52:34]  (#8) 13q / 7_Clifford+T_016 / cut_divided_budget  starting...
/raid/g.bisicchia/cut_and_inc/env/lib/python3.10/site-packages/pennylane/qcut/cutstrategy.py:367: UserWarning: The numer of partition attempts seems high (41).
  warnings.warn(f"The numer of partition attempts seems high ({len(ks)}).")
    ✗ [  40.9s]  (#8) 13q / 7_Clifford+T_016 / cut_divided_budget  --  The opt_einsum package is required when use_opt_einsum is set to True in the contract_tensors function. This package can be installed using:
pip install opt_einsum
ERROR:cuttable-circuit-benchmark:7_Clifford+T_016 / cut_divided_budget failed: The opt_einsum package is required when use_opt_einsum is set to True in the contract_tensors function. This package can be installed using:
pip install opt_einsum
Traceback (most recent call last):
  File "/raid/g.bisicchia/cut_and_inc/env/lib/python3.10/site-packages/pennylane/qcut/processing.py", line 309, in contract_tensors
    from opt_einsum import contract, get_symbol
ModuleNotFoundError: No module named 'opt_einsum'

The above exception was the direct cause of the following exception:

Traceback (most recent call last):
  File "/raid/g.bisicchia/cut_and_inc/main_new_new.py", line 2501, in _run_circuit
    _run_one_mode_sandboxed(
  File "/raid/g.bisicchia/cut_and_inc/main_new_new.py", line 2379, in _run_one_mode_sandboxed
    _run_one_mode(mode, spec, args, ib, nb, circuit_dir, perf_exp_val, noisy_value)
  File "/raid/g.bisicchia/cut_and_inc/main_new_new.py", line 2414, in _run_one_mode
    payload = _dispatch_mode(mode, spec, args, ideal_backend, noisy_backend, perf_exp_val)
  File "/raid/g.bisicchia/cut_and_inc/main_new_new.py", line 2303, in _dispatch_mode
    return run_cutting(
  File "/raid/g.bisicchia/cut_and_inc/main_new_new.py", line 1396, in run_cutting
    result_value = sew(expvals, sew_data)
  File "/raid/g.bisicchia/cut_and_inc/main_new_new.py", line 606, in sew
    value = qml.qcut.qcut_processing_fn(
  File "/raid/g.bisicchia/cut_and_inc/env/lib/python3.10/site-packages/pennylane/qcut/processing.py", line 78, in qcut_processing_fn
    result = contract_tensors(
  File "/raid/g.bisicchia/cut_and_inc/env/lib/python3.10/site-packages/pennylane/qcut/processing.py", line 311, in contract_tensors
    raise ImportError(
ImportError: The opt_einsum package is required when use_opt_einsum is set to True in the contract_tensors function. This package can be installed using:
pip install opt_einsum
    » [21:53:15]  (#8) 13q / 7_Clifford+T_016 / cut_qubit_prop  starting...
    ✗ [  34.5s]  (#8) 13q / 7_Clifford+T_016 / cut_qubit_prop  --  The opt_einsum package is required when use_opt_einsum is set to True in the contract_tensors function. This package can be installed using:
pip install opt_einsum
ERROR:cuttable-circuit-benchmark:7_Clifford+T_016 / cut_qubit_prop failed: The opt_einsum package is required when use_opt_einsum is set to True in the contract_tensors function. This package can be installed using:
pip install opt_einsum
Traceback (most recent call last):
  File "/raid/g.bisicchia/cut_and_inc/env/lib/python3.10/site-packages/pennylane/qcut/processing.py", line 309, in contract_tensors
    from opt_einsum import contract, get_symbol
ModuleNotFoundError: No module named 'opt_einsum'

The above exception was the direct cause of the following exception:

Traceback (most recent call last):
  File "/raid/g.bisicchia/cut_and_inc/main_new_new.py", line 2501, in _run_circuit
    _run_one_mode_sandboxed(
  File "/raid/g.bisicchia/cut_and_inc/main_new_new.py", line 2379, in _run_one_mode_sandboxed
    _run_one_mode(mode, spec, args, ib, nb, circuit_dir, perf_exp_val, noisy_value)
  File "/raid/g.bisicchia/cut_and_inc/main_new_new.py", line 2414, in _run_one_mode
    payload = _dispatch_mode(mode, spec, args, ideal_backend, noisy_backend, perf_exp_val)
  File "/raid/g.bisicchia/cut_and_inc/main_new_new.py", line 2303, in _dispatch_mode
    return run_cutting(
  File "/raid/g.bisicchia/cut_and_inc/main_new_new.py", line 1396, in run_cutting
    result_value = sew(expvals, sew_data)
  File "/raid/g.bisicchia/cut_and_inc/main_new_new.py", line 606, in sew
    value = qml.qcut.qcut_processing_fn(
  File "/raid/g.bisicchia/cut_and_inc/env/lib/python3.10/site-packages/pennylane/qcut/processing.py", line 78, in qcut_processing_fn
    result = contract_tensors(
  File "/raid/g.bisicchia/cut_and_inc/env/lib/python3.10/site-packages/pennylane/qcut/processing.py", line 311, in contract_tensors
    raise ImportError(
ImportError: The opt_einsum package is required when use_opt_einsum is set to True in the contract_tensors function. This package can be installed using:
pip install opt_einsum
    » [21:53:50]  (#8) 13q / 7_Clifford+T_016 / cut_incremental_budget  starting...
    ✗ [ 376.4s]  (#8) 13q / 7_Clifford+T_016 / cut_incremental_budget  --  The opt_einsum package is required when use_opt_einsum is set to True in the contract_tensors function. This package can be installed using:
pip install opt_einsum
ERROR:cuttable-circuit-benchmark:7_Clifford+T_016 / cut_incremental_budget failed: The opt_einsum package is required when use_opt_einsum is set to True in the contract_tensors function. This package can be installed using:
pip install opt_einsum
Traceback (most recent call last):
  File "/raid/g.bisicchia/cut_and_inc/env/lib/python3.10/site-packages/pennylane/qcut/processing.py", line 309, in contract_tensors
    from opt_einsum import contract, get_symbol
ModuleNotFoundError: No module named 'opt_einsum'

The above exception was the direct cause of the following exception:

Traceback (most recent call last):
  File "/raid/g.bisicchia/cut_and_inc/main_new_new.py", line 2501, in _run_circuit
    _run_one_mode_sandboxed(
  File "/raid/g.bisicchia/cut_and_inc/main_new_new.py", line 2379, in _run_one_mode_sandboxed
    _run_one_mode(mode, spec, args, ib, nb, circuit_dir, perf_exp_val, noisy_value)
  File "/raid/g.bisicchia/cut_and_inc/main_new_new.py", line 2414, in _run_one_mode
    payload = _dispatch_mode(mode, spec, args, ideal_backend, noisy_backend, perf_exp_val)
  File "/raid/g.bisicchia/cut_and_inc/main_new_new.py", line 2310, in _dispatch_mode
    return run_cutting_incremental(
  File "/raid/g.bisicchia/cut_and_inc/main_new_new.py", line 1578, in run_cutting_incremental
    result_value = sew(expvals, sew_data)
  File "/raid/g.bisicchia/cut_and_inc/main_new_new.py", line 606, in sew
    value = qml.qcut.qcut_processing_fn(
  File "/raid/g.bisicchia/cut_and_inc/env/lib/python3.10/site-packages/pennylane/qcut/processing.py", line 78, in qcut_processing_fn
    result = contract_tensors(
  File "/raid/g.bisicchia/cut_and_inc/env/lib/python3.10/site-packages/pennylane/qcut/processing.py", line 311, in contract_tensors
    raise ImportError(
ImportError: The opt_einsum package is required when use_opt_einsum is set to True in the contract_tensors function. This package can be installed using:
pip install opt_einsum
    » [22:00:06]  (#8) 13q / 7_Clifford+T_016 / cut_incremental_qubit_prop  starting...
    ✗ [ 400.7s]  (#8) 13q / 7_Clifford+T_016 / cut_incremental_qubit_prop  --  The opt_einsum package is required when use_opt_einsum is set to True in the contract_tensors function. This package can be installed using:
pip install opt_einsum
ERROR:cuttable-circuit-benchmark:7_Clifford+T_016 / cut_incremental_qubit_prop failed: The opt_einsum package is required when use_opt_einsum is set to True in the contract_tensors function. This package can be installed using:
pip install opt_einsum
Traceback (most recent call last):
  File "/raid/g.bisicchia/cut_and_inc/env/lib/python3.10/site-packages/pennylane/qcut/processing.py", line 309, in contract_tensors
    from opt_einsum import contract, get_symbol
ModuleNotFoundError: No module named 'opt_einsum'

The above exception was the direct cause of the following exception:

Traceback (most recent call last):
  File "/raid/g.bisicchia/cut_and_inc/main_new_new.py", line 2501, in _run_circuit
    _run_one_mode_sandboxed(
  File "/raid/g.bisicchia/cut_and_inc/main_new_new.py", line 2379, in _run_one_mode_sandboxed
    _run_one_mode(mode, spec, args, ib, nb, circuit_dir, perf_exp_val, noisy_value)
  File "/raid/g.bisicchia/cut_and_inc/main_new_new.py", line 2414, in _run_one_mode
    payload = _dispatch_mode(mode, spec, args, ideal_backend, noisy_backend, perf_exp_val)
  File "/raid/g.bisicchia/cut_and_inc/main_new_new.py", line 2310, in _dispatch_mode
    return run_cutting_incremental(
  File "/raid/g.bisicchia/cut_and_inc/main_new_new.py", line 1578, in run_cutting_incremental
    result_value = sew(expvals, sew_data)
  File "/raid/g.bisicchia/cut_and_inc/main_new_new.py", line 606, in sew
    value = qml.qcut.qcut_processing_fn(
  File "/raid/g.bisicchia/cut_and_inc/env/lib/python3.10/site-packages/pennylane/qcut/processing.py", line 78, in qcut_processing_fn
    result = contract_tensors(
  File "/raid/g.bisicchia/cut_and_inc/env/lib/python3.10/site-packages/pennylane/qcut/processing.py", line 311, in contract_tensors
    raise ImportError(
ImportError: The opt_einsum package is required when use_opt_einsum is set to True in the contract_tensors function. This package can be installed using:
pip install opt_einsum

[9/10] 13q / 8_Clifford+T_017  observable: ZIIIIIIIIIIII
    » [22:06:47]  13q / 8_Clifford+T_017  observable=ZIIIIIIIIIIII  computing ground truth (PennyLane default.qubit)...
    · [   0.0s]  ground_truth = 0.000000
    » [22:06:47]  (#9) 13q / 8_Clifford+T_017 / noisy_vanilla  starting...
    ✓ [   3.9s]  (#9) 13q / 8_Clifford+T_017 / noisy_vanilla
    » [22:06:51]  (#9) 13q / 8_Clifford+T_017 / cut_divided_budget  starting...
/raid/g.bisicchia/cut_and_inc/env/lib/python3.10/site-packages/pennylane/qcut/cutstrategy.py:367: UserWarning: The numer of partition attempts seems high (40).
  warnings.warn(f"The numer of partition attempts seems high ({len(ks)}).")
    ✗ [  43.5s]  (#9) 13q / 8_Clifford+T_017 / cut_divided_budget  --  The opt_einsum package is required when use_opt_einsum is set to True in the contract_tensors function. This package can be installed using:
pip install opt_einsum
ERROR:cuttable-circuit-benchmark:8_Clifford+T_017 / cut_divided_budget failed: The opt_einsum package is required when use_opt_einsum is set to True in the contract_tensors function. This package can be installed using:
pip install opt_einsum
Traceback (most recent call last):
  File "/raid/g.bisicchia/cut_and_inc/env/lib/python3.10/site-packages/pennylane/qcut/processing.py", line 309, in contract_tensors
    from opt_einsum import contract, get_symbol
ModuleNotFoundError: No module named 'opt_einsum'

The above exception was the direct cause of the following exception:

Traceback (most recent call last):
  File "/raid/g.bisicchia/cut_and_inc/main_new_new.py", line 2501, in _run_circuit
    _run_one_mode_sandboxed(
  File "/raid/g.bisicchia/cut_and_inc/main_new_new.py", line 2379, in _run_one_mode_sandboxed
    _run_one_mode(mode, spec, args, ib, nb, circuit_dir, perf_exp_val, noisy_value)
  File "/raid/g.bisicchia/cut_and_inc/main_new_new.py", line 2414, in _run_one_mode
    payload = _dispatch_mode(mode, spec, args, ideal_backend, noisy_backend, perf_exp_val)
  File "/raid/g.bisicchia/cut_and_inc/main_new_new.py", line 2303, in _dispatch_mode
    return run_cutting(
  File "/raid/g.bisicchia/cut_and_inc/main_new_new.py", line 1396, in run_cutting
    result_value = sew(expvals, sew_data)
  File "/raid/g.bisicchia/cut_and_inc/main_new_new.py", line 606, in sew
    value = qml.qcut.qcut_processing_fn(
  File "/raid/g.bisicchia/cut_and_inc/env/lib/python3.10/site-packages/pennylane/qcut/processing.py", line 78, in qcut_processing_fn
    result = contract_tensors(
  File "/raid/g.bisicchia/cut_and_inc/env/lib/python3.10/site-packages/pennylane/qcut/processing.py", line 311, in contract_tensors
    raise ImportError(
ImportError: The opt_einsum package is required when use_opt_einsum is set to True in the contract_tensors function. This package can be installed using:
pip install opt_einsum
    » [22:07:34]  (#9) 13q / 8_Clifford+T_017 / cut_qubit_prop  starting...
    ✗ [  32.8s]  (#9) 13q / 8_Clifford+T_017 / cut_qubit_prop  --  The opt_einsum package is required when use_opt_einsum is set to True in the contract_tensors function. This package can be installed using:
pip install opt_einsum
ERROR:cuttable-circuit-benchmark:8_Clifford+T_017 / cut_qubit_prop failed: The opt_einsum package is required when use_opt_einsum is set to True in the contract_tensors function. This package can be installed using:
pip install opt_einsum
Traceback (most recent call last):
  File "/raid/g.bisicchia/cut_and_inc/env/lib/python3.10/site-packages/pennylane/qcut/processing.py", line 309, in contract_tensors
    from opt_einsum import contract, get_symbol
ModuleNotFoundError: No module named 'opt_einsum'

The above exception was the direct cause of the following exception:

Traceback (most recent call last):
  File "/raid/g.bisicchia/cut_and_inc/main_new_new.py", line 2501, in _run_circuit
    _run_one_mode_sandboxed(
  File "/raid/g.bisicchia/cut_and_inc/main_new_new.py", line 2379, in _run_one_mode_sandboxed
    _run_one_mode(mode, spec, args, ib, nb, circuit_dir, perf_exp_val, noisy_value)
  File "/raid/g.bisicchia/cut_and_inc/main_new_new.py", line 2414, in _run_one_mode
    payload = _dispatch_mode(mode, spec, args, ideal_backend, noisy_backend, perf_exp_val)
  File "/raid/g.bisicchia/cut_and_inc/main_new_new.py", line 2303, in _dispatch_mode
    return run_cutting(
  File "/raid/g.bisicchia/cut_and_inc/main_new_new.py", line 1396, in run_cutting
    result_value = sew(expvals, sew_data)
  File "/raid/g.bisicchia/cut_and_inc/main_new_new.py", line 606, in sew
    value = qml.qcut.qcut_processing_fn(
  File "/raid/g.bisicchia/cut_and_inc/env/lib/python3.10/site-packages/pennylane/qcut/processing.py", line 78, in qcut_processing_fn
    result = contract_tensors(
  File "/raid/g.bisicchia/cut_and_inc/env/lib/python3.10/site-packages/pennylane/qcut/processing.py", line 311, in contract_tensors
    raise ImportError(
ImportError: The opt_einsum package is required when use_opt_einsum is set to True in the contract_tensors function. This package can be installed using:
pip install opt_einsum
    » [22:08:07]  (#9) 13q / 8_Clifford+T_017 / cut_incremental_budget  starting...
    ✗ [ 380.8s]  (#9) 13q / 8_Clifford+T_017 / cut_incremental_budget  --  The opt_einsum package is required when use_opt_einsum is set to True in the contract_tensors function. This package can be installed using:
pip install opt_einsum
ERROR:cuttable-circuit-benchmark:8_Clifford+T_017 / cut_incremental_budget failed: The opt_einsum package is required when use_opt_einsum is set to True in the contract_tensors function. This package can be installed using:
pip install opt_einsum
Traceback (most recent call last):
  File "/raid/g.bisicchia/cut_and_inc/env/lib/python3.10/site-packages/pennylane/qcut/processing.py", line 309, in contract_tensors
    from opt_einsum import contract, get_symbol
ModuleNotFoundError: No module named 'opt_einsum'

The above exception was the direct cause of the following exception:

Traceback (most recent call last):
  File "/raid/g.bisicchia/cut_and_inc/main_new_new.py", line 2501, in _run_circuit
    _run_one_mode_sandboxed(
  File "/raid/g.bisicchia/cut_and_inc/main_new_new.py", line 2379, in _run_one_mode_sandboxed
    _run_one_mode(mode, spec, args, ib, nb, circuit_dir, perf_exp_val, noisy_value)
  File "/raid/g.bisicchia/cut_and_inc/main_new_new.py", line 2414, in _run_one_mode
    payload = _dispatch_mode(mode, spec, args, ideal_backend, noisy_backend, perf_exp_val)
  File "/raid/g.bisicchia/cut_and_inc/main_new_new.py", line 2310, in _dispatch_mode
    return run_cutting_incremental(
  File "/raid/g.bisicchia/cut_and_inc/main_new_new.py", line 1578, in run_cutting_incremental
    result_value = sew(expvals, sew_data)
  File "/raid/g.bisicchia/cut_and_inc/main_new_new.py", line 606, in sew
    value = qml.qcut.qcut_processing_fn(
  File "/raid/g.bisicchia/cut_and_inc/env/lib/python3.10/site-packages/pennylane/qcut/processing.py", line 78, in qcut_processing_fn
    result = contract_tensors(
  File "/raid/g.bisicchia/cut_and_inc/env/lib/python3.10/site-packages/pennylane/qcut/processing.py", line 311, in contract_tensors
    raise ImportError(
ImportError: The opt_einsum package is required when use_opt_einsum is set to True in the contract_tensors function. This package can be installed using:
pip install opt_einsum
    » [22:14:28]  (#9) 13q / 8_Clifford+T_017 / cut_incremental_qubit_prop  starting...
    ✗ [ 374.3s]  (#9) 13q / 8_Clifford+T_017 / cut_incremental_qubit_prop  --  The opt_einsum package is required when use_opt_einsum is set to True in the contract_tensors function. This package can be installed using:
pip install opt_einsum
ERROR:cuttable-circuit-benchmark:8_Clifford+T_017 / cut_incremental_qubit_prop failed: The opt_einsum package is required when use_opt_einsum is set to True in the contract_tensors function. This package can be installed using:
pip install opt_einsum
Traceback (most recent call last):
  File "/raid/g.bisicchia/cut_and_inc/env/lib/python3.10/site-packages/pennylane/qcut/processing.py", line 309, in contract_tensors
    from opt_einsum import contract, get_symbol
ModuleNotFoundError: No module named 'opt_einsum'

The above exception was the direct cause of the following exception:

Traceback (most recent call last):
  File "/raid/g.bisicchia/cut_and_inc/main_new_new.py", line 2501, in _run_circuit
    _run_one_mode_sandboxed(
  File "/raid/g.bisicchia/cut_and_inc/main_new_new.py", line 2379, in _run_one_mode_sandboxed
    _run_one_mode(mode, spec, args, ib, nb, circuit_dir, perf_exp_val, noisy_value)
  File "/raid/g.bisicchia/cut_and_inc/main_new_new.py", line 2414, in _run_one_mode
    payload = _dispatch_mode(mode, spec, args, ideal_backend, noisy_backend, perf_exp_val)
  File "/raid/g.bisicchia/cut_and_inc/main_new_new.py", line 2310, in _dispatch_mode
    return run_cutting_incremental(
  File "/raid/g.bisicchia/cut_and_inc/main_new_new.py", line 1578, in run_cutting_incremental
    result_value = sew(expvals, sew_data)
  File "/raid/g.bisicchia/cut_and_inc/main_new_new.py", line 606, in sew
    value = qml.qcut.qcut_processing_fn(
  File "/raid/g.bisicchia/cut_and_inc/env/lib/python3.10/site-packages/pennylane/qcut/processing.py", line 78, in qcut_processing_fn
    result = contract_tensors(
  File "/raid/g.bisicchia/cut_and_inc/env/lib/python3.10/site-packages/pennylane/qcut/processing.py", line 311, in contract_tensors
    raise ImportError(
ImportError: The opt_einsum package is required when use_opt_einsum is set to True in the contract_tensors function. This package can be installed using:
pip install opt_einsum

[10/10] 13q / 9_Clifford+T_020  observable: ZIIIIIIIIIIII
    » [22:20:42]  13q / 9_Clifford+T_020  observable=ZIIIIIIIIIIII  computing ground truth (PennyLane default.qubit)...
    · [   0.0s]  ground_truth = 0.000000
    » [22:20:42]  (#10) 13q / 9_Clifford+T_020 / noisy_vanilla  starting...
    ✓ [   4.0s]  (#10) 13q / 9_Clifford+T_020 / noisy_vanilla
    » [22:20:46]  (#10) 13q / 9_Clifford+T_020 / cut_divided_budget  starting...
/raid/g.bisicchia/cut_and_inc/env/lib/python3.10/site-packages/pennylane/qcut/cutstrategy.py:367: UserWarning: The numer of partition attempts seems high (41).
  warnings.warn(f"The numer of partition attempts seems high ({len(ks)}).")
    ✗ [  32.8s]  (#10) 13q / 9_Clifford+T_020 / cut_divided_budget  --  The opt_einsum package is required when use_opt_einsum is set to True in the contract_tensors function. This package can be installed using:
pip install opt_einsum
ERROR:cuttable-circuit-benchmark:9_Clifford+T_020 / cut_divided_budget failed: The opt_einsum package is required when use_opt_einsum is set to True in the contract_tensors function. This package can be installed using:
pip install opt_einsum
Traceback (most recent call last):
  File "/raid/g.bisicchia/cut_and_inc/env/lib/python3.10/site-packages/pennylane/qcut/processing.py", line 309, in contract_tensors
    from opt_einsum import contract, get_symbol
ModuleNotFoundError: No module named 'opt_einsum'

The above exception was the direct cause of the following exception:

Traceback (most recent call last):
  File "/raid/g.bisicchia/cut_and_inc/main_new_new.py", line 2501, in _run_circuit
    _run_one_mode_sandboxed(
  File "/raid/g.bisicchia/cut_and_inc/main_new_new.py", line 2379, in _run_one_mode_sandboxed
    _run_one_mode(mode, spec, args, ib, nb, circuit_dir, perf_exp_val, noisy_value)
  File "/raid/g.bisicchia/cut_and_inc/main_new_new.py", line 2414, in _run_one_mode
    payload = _dispatch_mode(mode, spec, args, ideal_backend, noisy_backend, perf_exp_val)
  File "/raid/g.bisicchia/cut_and_inc/main_new_new.py", line 2303, in _dispatch_mode
    return run_cutting(
  File "/raid/g.bisicchia/cut_and_inc/main_new_new.py", line 1396, in run_cutting
    result_value = sew(expvals, sew_data)
  File "/raid/g.bisicchia/cut_and_inc/main_new_new.py", line 606, in sew
    value = qml.qcut.qcut_processing_fn(
  File "/raid/g.bisicchia/cut_and_inc/env/lib/python3.10/site-packages/pennylane/qcut/processing.py", line 78, in qcut_processing_fn
    result = contract_tensors(
  File "/raid/g.bisicchia/cut_and_inc/env/lib/python3.10/site-packages/pennylane/qcut/processing.py", line 311, in contract_tensors
    raise ImportError(
ImportError: The opt_einsum package is required when use_opt_einsum is set to True in the contract_tensors function. This package can be installed using:
pip install opt_einsum
    » [22:21:19]  (#10) 13q / 9_Clifford+T_020 / cut_qubit_prop  starting...
    ✗ [  25.7s]  (#10) 13q / 9_Clifford+T_020 / cut_qubit_prop  --  The opt_einsum package is required when use_opt_einsum is set to True in the contract_tensors function. This package can be installed using:
pip install opt_einsum
ERROR:cuttable-circuit-benchmark:9_Clifford+T_020 / cut_qubit_prop failed: The opt_einsum package is required when use_opt_einsum is set to True in the contract_tensors function. This package can be installed using:
pip install opt_einsum
Traceback (most recent call last):
  File "/raid/g.bisicchia/cut_and_inc/env/lib/python3.10/site-packages/pennylane/qcut/processing.py", line 309, in contract_tensors
    from opt_einsum import contract, get_symbol
ModuleNotFoundError: No module named 'opt_einsum'

The above exception was the direct cause of the following exception:

Traceback (most recent call last):
  File "/raid/g.bisicchia/cut_and_inc/main_new_new.py", line 2501, in _run_circuit
    _run_one_mode_sandboxed(
  File "/raid/g.bisicchia/cut_and_inc/main_new_new.py", line 2379, in _run_one_mode_sandboxed
    _run_one_mode(mode, spec, args, ib, nb, circuit_dir, perf_exp_val, noisy_value)
  File "/raid/g.bisicchia/cut_and_inc/main_new_new.py", line 2414, in _run_one_mode
    payload = _dispatch_mode(mode, spec, args, ideal_backend, noisy_backend, perf_exp_val)
  File "/raid/g.bisicchia/cut_and_inc/main_new_new.py", line 2303, in _dispatch_mode
    return run_cutting(
  File "/raid/g.bisicchia/cut_and_inc/main_new_new.py", line 1396, in run_cutting
    result_value = sew(expvals, sew_data)
  File "/raid/g.bisicchia/cut_and_inc/main_new_new.py", line 606, in sew
    value = qml.qcut.qcut_processing_fn(
  File "/raid/g.bisicchia/cut_and_inc/env/lib/python3.10/site-packages/pennylane/qcut/processing.py", line 78, in qcut_processing_fn
    result = contract_tensors(
  File "/raid/g.bisicchia/cut_and_inc/env/lib/python3.10/site-packages/pennylane/qcut/processing.py", line 311, in contract_tensors
    raise ImportError(
ImportError: The opt_einsum package is required when use_opt_einsum is set to True in the contract_tensors function. This package can be installed using:
pip install opt_einsum
    » [22:21:45]  (#10) 13q / 9_Clifford+T_020 / cut_incremental_budget  starting...
    ✗ [ 341.6s]  (#10) 13q / 9_Clifford+T_020 / cut_incremental_budget  --  The opt_einsum package is required when use_opt_einsum is set to True in the contract_tensors function. This package can be installed using:
pip install opt_einsum
ERROR:cuttable-circuit-benchmark:9_Clifford+T_020 / cut_incremental_budget failed: The opt_einsum package is required when use_opt_einsum is set to True in the contract_tensors function. This package can be installed using:
pip install opt_einsum
Traceback (most recent call last):
  File "/raid/g.bisicchia/cut_and_inc/env/lib/python3.10/site-packages/pennylane/qcut/processing.py", line 309, in contract_tensors
    from opt_einsum import contract, get_symbol
ModuleNotFoundError: No module named 'opt_einsum'

The above exception was the direct cause of the following exception:

Traceback (most recent call last):
  File "/raid/g.bisicchia/cut_and_inc/main_new_new.py", line 2501, in _run_circuit
    _run_one_mode_sandboxed(
  File "/raid/g.bisicchia/cut_and_inc/main_new_new.py", line 2379, in _run_one_mode_sandboxed
    _run_one_mode(mode, spec, args, ib, nb, circuit_dir, perf_exp_val, noisy_value)
  File "/raid/g.bisicchia/cut_and_inc/main_new_new.py", line 2414, in _run_one_mode
    payload = _dispatch_mode(mode, spec, args, ideal_backend, noisy_backend, perf_exp_val)
  File "/raid/g.bisicchia/cut_and_inc/main_new_new.py", line 2310, in _dispatch_mode
    return run_cutting_incremental(
  File "/raid/g.bisicchia/cut_and_inc/main_new_new.py", line 1578, in run_cutting_incremental
    result_value = sew(expvals, sew_data)
  File "/raid/g.bisicchia/cut_and_inc/main_new_new.py", line 606, in sew
    value = qml.qcut.qcut_processing_fn(
  File "/raid/g.bisicchia/cut_and_inc/env/lib/python3.10/site-packages/pennylane/qcut/processing.py", line 78, in qcut_processing_fn
    result = contract_tensors(
  File "/raid/g.bisicchia/cut_and_inc/env/lib/python3.10/site-packages/pennylane/qcut/processing.py", line 311, in contract_tensors
    raise ImportError(
ImportError: The opt_einsum package is required when use_opt_einsum is set to True in the contract_tensors function. This package can be installed using:
pip install opt_einsum
    » [22:27:26]  (#10) 13q / 9_Clifford+T_020 / cut_incremental_qubit_prop  starting...
    ✗ [ 376.7s]  (#10) 13q / 9_Clifford+T_020 / cut_incremental_qubit_prop  --  The opt_einsum package is required when use_opt_einsum is set to True in the contract_tensors function. This package can be installed using:
pip install opt_einsum
ERROR:cuttable-circuit-benchmark:9_Clifford+T_020 / cut_incremental_qubit_prop failed: The opt_einsum package is required when use_opt_einsum is set to True in the contract_tensors function. This package can be installed using:
pip install opt_einsum
Traceback (most recent call last):
  File "/raid/g.bisicchia/cut_and_inc/env/lib/python3.10/site-packages/pennylane/qcut/processing.py", line 309, in contract_tensors
    from opt_einsum import contract, get_symbol
ModuleNotFoundError: No module named 'opt_einsum'

The above exception was the direct cause of the following exception:

Traceback (most recent call last):
  File "/raid/g.bisicchia/cut_and_inc/main_new_new.py", line 2501, in _run_circuit
    _run_one_mode_sandboxed(
  File "/raid/g.bisicchia/cut_and_inc/main_new_new.py", line 2379, in _run_one_mode_sandboxed
    _run_one_mode(mode, spec, args, ib, nb, circuit_dir, perf_exp_val, noisy_value)
  File "/raid/g.bisicchia/cut_and_inc/main_new_new.py", line 2414, in _run_one_mode
    payload = _dispatch_mode(mode, spec, args, ideal_backend, noisy_backend, perf_exp_val)
  File "/raid/g.bisicchia/cut_and_inc/main_new_new.py", line 2310, in _dispatch_mode
    return run_cutting_incremental(
  File "/raid/g.bisicchia/cut_and_inc/main_new_new.py", line 1578, in run_cutting_incremental
    result_value = sew(expvals, sew_data)
  File "/raid/g.bisicchia/cut_and_inc/main_new_new.py", line 606, in sew
    value = qml.qcut.qcut_processing_fn(
  File "/raid/g.bisicchia/cut_and_inc/env/lib/python3.10/site-packages/pennylane/qcut/processing.py", line 78, in qcut_processing_fn
    result = contract_tensors(
  File "/raid/g.bisicchia/cut_and_inc/env/lib/python3.10/site-packages/pennylane/qcut/processing.py", line 311, in contract_tensors
    raise ImportError(
ImportError: The opt_einsum package is required when use_opt_einsum is set to True in the contract_tensors function. This package can be installed using:
pip install opt_einsum

============================================================
  Finished :   10  mode runs
  Failed   :   40  mode runs
============================================================

Merged CSV -> results/new/stable_shots_runs/5000_shots/torino/13_qubits/summary.csv
Run log    -> results/new/stable_shots_runs/5000_shots/torino/13_qubits/run.log
Per-mode JSON -> results/new/stable_shots_runs/5000_shots/torino/13_qubits/<qubits>q/<circuit>/<mode>.json
[mar 9 giu 2026, 22:33:45, CEST] Finished 13 qubits | shots=5000 | backend=aer.fake_torino
