[Fri Jun 12 08:26:17 PM UTC 2026] Starting 14 qubits | shots=10000 | backend=aer.fake_torino
[Fri Jun 12 08:26:17 PM UTC 2026] Per-job memory limit: 6GB virtual memory

[1/10] 14q / 0_Clifford+T_001  observable: ZIIIIIIIIIIIII
    » [20:26:25]  14q / 0_Clifford+T_001  observable=ZIIIIIIIIIIIII  computing ground truth (PennyLane default.qubit)...
    · [   0.3s]  ground_truth = 1.000000
    » [20:26:25]  (#1) 14q / 0_Clifford+T_001 / noisy_vanilla  starting...
    » [20:27:37]  (#1) 14q / 0_Clifford+T_001 / cut_divided_budget  starting...
/home/a.brogi/cut_and_inc/env/lib/python3.10/site-packages/pennylane/qcut/cutstrategy.py:367: UserWarning: The numer of partition attempts seems high (40).
  warnings.warn(f"The numer of partition attempts seems high ({len(ks)}).")
    ✓ [ 111.3s]  (#1) 14q / 0_Clifford+T_001 / cut_divided_budget
    » [20:29:29]  (#1) 14q / 0_Clifford+T_001 / cut_qubit_prop  starting...
    ✓ [ 108.4s]  (#1) 14q / 0_Clifford+T_001 / cut_qubit_prop
    » [20:31:17]  (#1) 14q / 0_Clifford+T_001 / cut_incremental_budget  starting...
    ✓ [ 668.3s]  (#1) 14q / 0_Clifford+T_001 / cut_incremental_budget
    » [20:42:25]  (#1) 14q / 0_Clifford+T_001 / cut_incremental_qubit_prop  starting...
    ✓ [ 633.2s]  (#1) 14q / 0_Clifford+T_001 / cut_incremental_qubit_prop

[2/10] 14q / 1_Clifford+T_011  observable: ZIIIIIIIIIIIII
    » [20:52:59]  14q / 1_Clifford+T_011  observable=ZIIIIIIIIIIIII  computing ground truth (PennyLane default.qubit)...
    · [   0.0s]  ground_truth = 1.000000
    » [20:52:59]  (#2) 14q / 1_Clifford+T_011 / noisy_vanilla  starting...
    » [20:54:10]  (#2) 14q / 1_Clifford+T_011 / cut_divided_budget  starting...
/home/a.brogi/cut_and_inc/env/lib/python3.10/site-packages/pennylane/qcut/cutstrategy.py:367: UserWarning: The numer of partition attempts seems high (40).
  warnings.warn(f"The numer of partition attempts seems high ({len(ks)}).")
    ✓ [ 104.7s]  (#2) 14q / 1_Clifford+T_011 / cut_divided_budget
    » [20:55:55]  (#2) 14q / 1_Clifford+T_011 / cut_qubit_prop  starting...
    ✓ [  97.2s]  (#2) 14q / 1_Clifford+T_011 / cut_qubit_prop
    » [20:57:32]  (#2) 14q / 1_Clifford+T_011 / cut_incremental_budget  starting...
    ✓ [ 679.9s]  (#2) 14q / 1_Clifford+T_011 / cut_incremental_budget
    » [21:08:52]  (#2) 14q / 1_Clifford+T_011 / cut_incremental_qubit_prop  starting...
    ✓ [ 631.4s]  (#2) 14q / 1_Clifford+T_011 / cut_incremental_qubit_prop

[3/10] 14q / 2_Clifford+T_012  observable: ZIIIIIIIIIIIII
    » [21:19:24]  14q / 2_Clifford+T_012  observable=ZIIIIIIIIIIIII  computing ground truth (PennyLane default.qubit)...
    · [   0.0s]  ground_truth = 1.000000
    » [21:19:24]  (#3) 14q / 2_Clifford+T_012 / noisy_vanilla  starting...
    » [21:20:36]  (#3) 14q / 2_Clifford+T_012 / cut_divided_budget  starting...
/home/a.brogi/cut_and_inc/env/lib/python3.10/site-packages/pennylane/qcut/cutstrategy.py:367: UserWarning: The numer of partition attempts seems high (40).
  warnings.warn(f"The numer of partition attempts seems high ({len(ks)}).")
    ✓ [  38.7s]  (#3) 14q / 2_Clifford+T_012 / cut_divided_budget
    » [21:21:15]  (#3) 14q / 2_Clifford+T_012 / cut_qubit_prop  starting...
    ✓ [  37.7s]  (#3) 14q / 2_Clifford+T_012 / cut_qubit_prop
    » [21:21:52]  (#3) 14q / 2_Clifford+T_012 / cut_incremental_budget  starting...
    ✓ [ 601.7s]  (#3) 14q / 2_Clifford+T_012 / cut_incremental_budget
    » [21:31:54]  (#3) 14q / 2_Clifford+T_012 / cut_incremental_qubit_prop  starting...
    ✓ [ 628.4s]  (#3) 14q / 2_Clifford+T_012 / cut_incremental_qubit_prop

[4/10] 14q / 3_Clifford+T_014  observable: ZIIIIIIIIIIIII
    » [21:42:22]  14q / 3_Clifford+T_014  observable=ZIIIIIIIIIIIII  computing ground truth (PennyLane default.qubit)...
    · [   0.0s]  ground_truth = -1.000000
    » [21:42:22]  (#4) 14q / 3_Clifford+T_014 / noisy_vanilla  starting...
    » [21:43:35]  (#4) 14q / 3_Clifford+T_014 / cut_divided_budget  starting...
/home/a.brogi/cut_and_inc/env/lib/python3.10/site-packages/pennylane/qcut/cutstrategy.py:367: UserWarning: The numer of partition attempts seems high (40).
  warnings.warn(f"The numer of partition attempts seems high ({len(ks)}).")
    ✓ [  47.0s]  (#4) 14q / 3_Clifford+T_014 / cut_divided_budget
    » [21:44:22]  (#4) 14q / 3_Clifford+T_014 / cut_qubit_prop  starting...
    ✓ [  52.3s]  (#4) 14q / 3_Clifford+T_014 / cut_qubit_prop
    » [21:45:14]  (#4) 14q / 3_Clifford+T_014 / cut_incremental_budget  starting...
    ✓ [ 621.5s]  (#4) 14q / 3_Clifford+T_014 / cut_incremental_budget
    » [21:55:36]  (#4) 14q / 3_Clifford+T_014 / cut_incremental_qubit_prop  starting...
    ✓ [ 655.9s]  (#4) 14q / 3_Clifford+T_014 / cut_incremental_qubit_prop

[5/10] 14q / 4_Clifford+T_015  observable: ZIIIIIIIIIIIII
    » [22:06:32]  14q / 4_Clifford+T_015  observable=ZIIIIIIIIIIIII  computing ground truth (PennyLane default.qubit)...
    · [   0.0s]  ground_truth = 0.000000
    » [22:06:32]  (#5) 14q / 4_Clifford+T_015 / noisy_vanilla  starting...
    » [22:07:49]  (#5) 14q / 4_Clifford+T_015 / cut_divided_budget  starting...
/home/a.brogi/cut_and_inc/env/lib/python3.10/site-packages/pennylane/qcut/cutstrategy.py:367: UserWarning: The numer of partition attempts seems high (41).
  warnings.warn(f"The numer of partition attempts seems high ({len(ks)}).")
    ✓ [  37.2s]  (#5) 14q / 4_Clifford+T_015 / cut_divided_budget
    » [22:08:26]  (#5) 14q / 4_Clifford+T_015 / cut_qubit_prop  starting...
    ✓ [  30.4s]  (#5) 14q / 4_Clifford+T_015 / cut_qubit_prop
    » [22:08:56]  (#5) 14q / 4_Clifford+T_015 / cut_incremental_budget  starting...
    ✓ [ 646.5s]  (#5) 14q / 4_Clifford+T_015 / cut_incremental_budget
    » [22:19:43]  (#5) 14q / 4_Clifford+T_015 / cut_incremental_qubit_prop  starting...
    ✓ [ 645.3s]  (#5) 14q / 4_Clifford+T_015 / cut_incremental_qubit_prop

[6/10] 14q / 5_Clifford+T_016  observable: ZIIIIIIIIIIIII
    » [22:30:28]  14q / 5_Clifford+T_016  observable=ZIIIIIIIIIIIII  computing ground truth (PennyLane default.qubit)...
    · [   0.0s]  ground_truth = 1.000000
    » [22:30:28]  (#6) 14q / 5_Clifford+T_016 / noisy_vanilla  starting...
    » [22:31:45]  (#6) 14q / 5_Clifford+T_016 / cut_divided_budget  starting...
/home/a.brogi/cut_and_inc/env/lib/python3.10/site-packages/pennylane/qcut/cutstrategy.py:367: UserWarning: The numer of partition attempts seems high (40).
  warnings.warn(f"The numer of partition attempts seems high ({len(ks)}).")
    ✓ [  30.2s]  (#6) 14q / 5_Clifford+T_016 / cut_divided_budget
    » [22:32:16]  (#6) 14q / 5_Clifford+T_016 / cut_qubit_prop  starting...
    ✓ [  23.9s]  (#6) 14q / 5_Clifford+T_016 / cut_qubit_prop
    » [22:32:40]  (#6) 14q / 5_Clifford+T_016 / cut_incremental_budget  starting...
    ✓ [ 597.5s]  (#6) 14q / 5_Clifford+T_016 / cut_incremental_budget
    » [22:42:37]  (#6) 14q / 5_Clifford+T_016 / cut_incremental_qubit_prop  starting...
    ✓ [ 614.2s]  (#6) 14q / 5_Clifford+T_016 / cut_incremental_qubit_prop

[7/10] 14q / 6_Clifford+T_018  observable: ZIIIIIIIIIIIII
    » [22:52:51]  14q / 6_Clifford+T_018  observable=ZIIIIIIIIIIIII  computing ground truth (PennyLane default.qubit)...
    · [   0.0s]  ground_truth = 1.000000
    » [22:52:51]  (#7) 14q / 6_Clifford+T_018 / noisy_vanilla  starting...
    » [22:54:07]  (#7) 14q / 6_Clifford+T_018 / cut_divided_budget  starting...
/home/a.brogi/cut_and_inc/env/lib/python3.10/site-packages/pennylane/qcut/cutstrategy.py:367: UserWarning: The numer of partition attempts seems high (42).
  warnings.warn(f"The numer of partition attempts seems high ({len(ks)}).")
    ✓ [  31.0s]  (#7) 14q / 6_Clifford+T_018 / cut_divided_budget
    » [22:54:38]  (#7) 14q / 6_Clifford+T_018 / cut_qubit_prop  starting...
    ✓ [  23.6s]  (#7) 14q / 6_Clifford+T_018 / cut_qubit_prop
    » [22:55:01]  (#7) 14q / 6_Clifford+T_018 / cut_incremental_budget  starting...
    ✓ [ 597.0s]  (#7) 14q / 6_Clifford+T_018 / cut_incremental_budget
    » [23:04:58]  (#7) 14q / 6_Clifford+T_018 / cut_incremental_qubit_prop  starting...
    ✓ [ 612.4s]  (#7) 14q / 6_Clifford+T_018 / cut_incremental_qubit_prop

[8/10] 14q / 7_Clifford+T_019  observable: ZIIIIIIIIIIIII
    » [23:15:10]  14q / 7_Clifford+T_019  observable=ZIIIIIIIIIIIII  computing ground truth (PennyLane default.qubit)...
    · [   0.0s]  ground_truth = -1.000000
    » [23:15:10]  (#8) 14q / 7_Clifford+T_019 / noisy_vanilla  starting...
    » [23:16:34]  (#8) 14q / 7_Clifford+T_019 / cut_divided_budget  starting...
/home/a.brogi/cut_and_inc/env/lib/python3.10/site-packages/pennylane/qcut/cutstrategy.py:367: UserWarning: The numer of partition attempts seems high (41).
  warnings.warn(f"The numer of partition attempts seems high ({len(ks)}).")
    ✓ [  40.5s]  (#8) 14q / 7_Clifford+T_019 / cut_divided_budget
    » [23:17:15]  (#8) 14q / 7_Clifford+T_019 / cut_qubit_prop  starting...
    ✓ [  40.6s]  (#8) 14q / 7_Clifford+T_019 / cut_qubit_prop
    » [23:17:56]  (#8) 14q / 7_Clifford+T_019 / cut_incremental_budget  starting...
    ✓ [ 607.4s]  (#8) 14q / 7_Clifford+T_019 / cut_incremental_budget
    » [23:28:03]  (#8) 14q / 7_Clifford+T_019 / cut_incremental_qubit_prop  starting...
    ✓ [ 633.9s]  (#8) 14q / 7_Clifford+T_019 / cut_incremental_qubit_prop

[9/10] 14q / 8_Clifford+T_022  observable: ZIIIIIIIIIIIII
    » [23:38:37]  14q / 8_Clifford+T_022  observable=ZIIIIIIIIIIIII  computing ground truth (PennyLane default.qubit)...
    · [   0.0s]  ground_truth = 0.000000
    » [23:38:37]  (#9) 14q / 8_Clifford+T_022 / noisy_vanilla  starting...
    » [23:39:48]  (#9) 14q / 8_Clifford+T_022 / cut_divided_budget  starting...
/home/a.brogi/cut_and_inc/env/lib/python3.10/site-packages/pennylane/qcut/cutstrategy.py:367: UserWarning: The numer of partition attempts seems high (40).
  warnings.warn(f"The numer of partition attempts seems high ({len(ks)}).")
    ✓ [  46.6s]  (#9) 14q / 8_Clifford+T_022 / cut_divided_budget
    » [23:40:35]  (#9) 14q / 8_Clifford+T_022 / cut_qubit_prop  starting...
    ✓ [  54.1s]  (#9) 14q / 8_Clifford+T_022 / cut_qubit_prop
    » [23:41:29]  (#9) 14q / 8_Clifford+T_022 / cut_incremental_budget  starting...
    ✓ [ 615.3s]  (#9) 14q / 8_Clifford+T_022 / cut_incremental_budget
    » [23:51:44]  (#9) 14q / 8_Clifford+T_022 / cut_incremental_qubit_prop  starting...
    ✓ [ 650.9s]  (#9) 14q / 8_Clifford+T_022 / cut_incremental_qubit_prop

[10/10] 14q / 9_Clifford+T_026  observable: ZIIIIIIIIIIIII
    » [00:02:35]  14q / 9_Clifford+T_026  observable=ZIIIIIIIIIIIII  computing ground truth (PennyLane default.qubit)...
    · [   0.0s]  ground_truth = 1.000000
    » [00:02:35]  (#10) 14q / 9_Clifford+T_026 / noisy_vanilla  starting...
    » [00:03:51]  (#10) 14q / 9_Clifford+T_026 / cut_divided_budget  starting...
/home/a.brogi/cut_and_inc/env/lib/python3.10/site-packages/pennylane/qcut/cutstrategy.py:367: UserWarning: The numer of partition attempts seems high (40).
  warnings.warn(f"The numer of partition attempts seems high ({len(ks)}).")
    ✓ [  30.1s]  (#10) 14q / 9_Clifford+T_026 / cut_divided_budget
    » [00:04:21]  (#10) 14q / 9_Clifford+T_026 / cut_qubit_prop  starting...
    ✓ [  23.9s]  (#10) 14q / 9_Clifford+T_026 / cut_qubit_prop
    » [00:04:45]  (#10) 14q / 9_Clifford+T_026 / cut_incremental_budget  starting...
    ✓ [ 613.8s]  (#10) 14q / 9_Clifford+T_026 / cut_incremental_budget
    » [00:14:59]  (#10) 14q / 9_Clifford+T_026 / cut_incremental_qubit_prop  starting...
    ✓ [ 611.9s]  (#10) 14q / 9_Clifford+T_026 / cut_incremental_qubit_prop

============================================================
  Finished :   40  mode runs
  Failed   :    0  mode runs
============================================================

Merged CSV -> results/new/stable_shots_runs_10-14q_no_vanilla/10000_shots/torino/14_qubits/summary.csv
Run log    -> results/new/stable_shots_runs_10-14q_no_vanilla/10000_shots/torino/14_qubits/run.log
Per-mode JSON -> results/new/stable_shots_runs_10-14q_no_vanilla/10000_shots/torino/14_qubits/<qubits>q/<circuit>/<mode>.json
	Command being timed: "python main_new_new.py --circuits-pkl only_cliffordt/clif14.pkl --shots 10000 --noisy-backend aer.fake_torino --seed-simulator 42 --modes cut_divided_budget cut_qubit_prop cut_incremental_budget cut_incremental_qubit_prop --incremental-config configs/stable_shots.json --parallel-circuits 1 --output-dir results/new/stable_shots_runs_10-14q_no_vanilla/10000_shots/torino/14_qubits"
	User time (seconds): 14325.41
	System time (seconds): 6.87
	Percent of CPU this job got: 99%
	Elapsed (wall clock) time (h:mm:ss or m:ss): 3:58:55
	Average shared text size (kbytes): 0
	Average unshared data size (kbytes): 0
	Average stack size (kbytes): 0
	Average total size (kbytes): 0
	Maximum resident set size (kbytes): 1615744
	Average resident set size (kbytes): 0
	Major (requiring I/O) page faults: 6
	Minor (reclaiming a frame) page faults: 1456153
	Voluntary context switches: 260317
	Involuntary context switches: 238105
	Swaps: 0
	File system inputs: 224
	File system outputs: 3704
	Socket messages sent: 0
	Socket messages received: 0
	Signals delivered: 0
	Page size (bytes): 4096
	Exit status: 0
[Sat Jun 13 12:25:12 AM UTC 2026] Finished 14 qubits | shots=10000 | backend=aer.fake_torino
