[Tue Jun 16 09:13:30 AM UTC 2026] Starting 16 qubits | shots=5000 | backend=aer.fake_kyoto
[Tue Jun 16 09:13:30 AM UTC 2026] Per-job memory limit: 6GB virtual memory

[1/10] 16q / 0_Clifford+T_002  observable: ZIIIIIIIIIIIIIII
/home/local/ADUNIPI/a044855/cutandinc/newcut/lib/python3.12/site-packages/qiskit_ibm_runtime/fake_provider/backends/nighthawk/fake_nighthawk.py:76: UserWarning: Properties of fake_nighthawk are not intended to represent typical nighthawk error values.
  warnings.warn(
    » [09:13:37]  16q / 0_Clifford+T_002  observable=ZIIIIIIIIIIIIIII  computing ground truth (PennyLane default.qubit)...
    · [   0.5s]  ground_truth = 1.000000
    » [09:13:37]  (#1) 16q / 0_Clifford+T_002 / noisy_vanilla  starting...
    » [09:16:33]  (#1) 16q / 0_Clifford+T_002 / cut_divided_budget  starting...
/home/local/ADUNIPI/a044855/cutandinc/newcut/lib/python3.12/site-packages/pennylane/qcut/cutstrategy.py:367: UserWarning: The number of partition attempts seems high (40).
  warnings.warn(f"The number of partition attempts seems high ({len(ks)}).")
    ✓ [  19.5s]  (#1) 16q / 0_Clifford+T_002 / cut_divided_budget
    » [09:16:52]  (#1) 16q / 0_Clifford+T_002 / cut_qubit_prop  starting...
    ✓ [  12.2s]  (#1) 16q / 0_Clifford+T_002 / cut_qubit_prop
    » [09:17:04]  (#1) 16q / 0_Clifford+T_002 / cut_incremental_budget  starting...
    ✓ [ 164.5s]  (#1) 16q / 0_Clifford+T_002 / cut_incremental_budget
    » [09:19:49]  (#1) 16q / 0_Clifford+T_002 / cut_incremental_qubit_prop  starting...
    ✓ [ 163.4s]  (#1) 16q / 0_Clifford+T_002 / cut_incremental_qubit_prop

[2/10] 16q / 1_Clifford+T_008  observable: ZIIIIIIIIIIIIIII
    » [09:22:32]  16q / 1_Clifford+T_008  observable=ZIIIIIIIIIIIIIII  computing ground truth (PennyLane default.qubit)...
    · [   0.0s]  ground_truth = -1.000000
    » [09:22:32]  (#2) 16q / 1_Clifford+T_008 / noisy_vanilla  starting...
    » [09:25:26]  (#2) 16q / 1_Clifford+T_008 / cut_divided_budget  starting...
/home/local/ADUNIPI/a044855/cutandinc/newcut/lib/python3.12/site-packages/pennylane/qcut/cutstrategy.py:367: UserWarning: The number of partition attempts seems high (40).
  warnings.warn(f"The number of partition attempts seems high ({len(ks)}).")
    ✓ [  19.7s]  (#2) 16q / 1_Clifford+T_008 / cut_divided_budget
    » [09:25:46]  (#2) 16q / 1_Clifford+T_008 / cut_qubit_prop  starting...
    ✓ [  13.6s]  (#2) 16q / 1_Clifford+T_008 / cut_qubit_prop
    » [09:25:59]  (#2) 16q / 1_Clifford+T_008 / cut_incremental_budget  starting...
    ✓ [ 164.4s]  (#2) 16q / 1_Clifford+T_008 / cut_incremental_budget
    » [09:28:44]  (#2) 16q / 1_Clifford+T_008 / cut_incremental_qubit_prop  starting...
    ✓ [ 166.6s]  (#2) 16q / 1_Clifford+T_008 / cut_incremental_qubit_prop

[3/10] 16q / 2_Clifford+T_015  observable: ZIIIIIIIIIIIIIII
    » [09:31:30]  16q / 2_Clifford+T_015  observable=ZIIIIIIIIIIIIIII  computing ground truth (PennyLane default.qubit)...
    · [   0.0s]  ground_truth = -1.000000
    » [09:31:30]  (#3) 16q / 2_Clifford+T_015 / noisy_vanilla  starting...
    » [09:34:32]  (#3) 16q / 2_Clifford+T_015 / cut_divided_budget  starting...
/home/local/ADUNIPI/a044855/cutandinc/newcut/lib/python3.12/site-packages/pennylane/qcut/cutstrategy.py:367: UserWarning: The number of partition attempts seems high (41).
  warnings.warn(f"The number of partition attempts seems high ({len(ks)}).")
    ✓ [  28.5s]  (#3) 16q / 2_Clifford+T_015 / cut_divided_budget
    » [09:35:00]  (#3) 16q / 2_Clifford+T_015 / cut_qubit_prop  starting...
    ✓ [  28.4s]  (#3) 16q / 2_Clifford+T_015 / cut_qubit_prop
    » [09:35:28]  (#3) 16q / 2_Clifford+T_015 / cut_incremental_budget  starting...
    ✓ [ 168.1s]  (#3) 16q / 2_Clifford+T_015 / cut_incremental_budget
    » [09:38:17]  (#3) 16q / 2_Clifford+T_015 / cut_incremental_qubit_prop  starting...
    ✓ [ 178.4s]  (#3) 16q / 2_Clifford+T_015 / cut_incremental_qubit_prop

[4/10] 16q / 3_Clifford+T_016  observable: ZIIIIIIIIIIIIIII
    » [09:41:15]  16q / 3_Clifford+T_016  observable=ZIIIIIIIIIIIIIII  computing ground truth (PennyLane default.qubit)...
    · [   0.0s]  ground_truth = 1.000000
    » [09:41:15]  (#4) 16q / 3_Clifford+T_016 / noisy_vanilla  starting...
    » [09:44:11]  (#4) 16q / 3_Clifford+T_016 / cut_divided_budget  starting...
/home/local/ADUNIPI/a044855/cutandinc/newcut/lib/python3.12/site-packages/pennylane/qcut/cutstrategy.py:367: UserWarning: The number of partition attempts seems high (40).
  warnings.warn(f"The number of partition attempts seems high ({len(ks)}).")
    ✓ [  18.1s]  (#4) 16q / 3_Clifford+T_016 / cut_divided_budget
    » [09:44:29]  (#4) 16q / 3_Clifford+T_016 / cut_qubit_prop  starting...
    ✓ [  12.4s]  (#4) 16q / 3_Clifford+T_016 / cut_qubit_prop
    » [09:44:42]  (#4) 16q / 3_Clifford+T_016 / cut_incremental_budget  starting...
    ✓ [ 166.2s]  (#4) 16q / 3_Clifford+T_016 / cut_incremental_budget
    » [09:47:28]  (#4) 16q / 3_Clifford+T_016 / cut_incremental_qubit_prop  starting...
    ✓ [ 167.0s]  (#4) 16q / 3_Clifford+T_016 / cut_incremental_qubit_prop

[5/10] 16q / 4_Clifford+T_018  observable: ZIIIIIIIIIIIIIII
    » [09:50:15]  16q / 4_Clifford+T_018  observable=ZIIIIIIIIIIIIIII  computing ground truth (PennyLane default.qubit)...
    · [   0.0s]  ground_truth = 0.000000
    » [09:50:15]  (#5) 16q / 4_Clifford+T_018 / noisy_vanilla  starting...
    » [09:53:16]  (#5) 16q / 4_Clifford+T_018 / cut_divided_budget  starting...
/home/local/ADUNIPI/a044855/cutandinc/newcut/lib/python3.12/site-packages/pennylane/qcut/cutstrategy.py:367: UserWarning: The number of partition attempts seems high (42).
  warnings.warn(f"The number of partition attempts seems high ({len(ks)}).")
    ✓ [  18.9s]  (#5) 16q / 4_Clifford+T_018 / cut_divided_budget
    » [09:53:35]  (#5) 16q / 4_Clifford+T_018 / cut_qubit_prop  starting...
    ✓ [  12.1s]  (#5) 16q / 4_Clifford+T_018 / cut_qubit_prop
    » [09:53:47]  (#5) 16q / 4_Clifford+T_018 / cut_incremental_budget  starting...
    ✓ [ 160.3s]  (#5) 16q / 4_Clifford+T_018 / cut_incremental_budget
    » [09:56:27]  (#5) 16q / 4_Clifford+T_018 / cut_incremental_qubit_prop  starting...
    ✓ [ 161.1s]  (#5) 16q / 4_Clifford+T_018 / cut_incremental_qubit_prop

[6/10] 16q / 5_Clifford+T_019  observable: ZIIIIIIIIIIIIIII
    » [09:59:09]  16q / 5_Clifford+T_019  observable=ZIIIIIIIIIIIIIII  computing ground truth (PennyLane default.qubit)...
    · [   0.0s]  ground_truth = -1.000000
    » [09:59:09]  (#6) 16q / 5_Clifford+T_019 / noisy_vanilla  starting...
    » [10:02:21]  (#6) 16q / 5_Clifford+T_019 / cut_divided_budget  starting...
/home/local/ADUNIPI/a044855/cutandinc/newcut/lib/python3.12/site-packages/pennylane/qcut/cutstrategy.py:367: UserWarning: The number of partition attempts seems high (41).
  warnings.warn(f"The number of partition attempts seems high ({len(ks)}).")
    ✓ [  40.8s]  (#6) 16q / 5_Clifford+T_019 / cut_divided_budget
    » [10:03:02]  (#6) 16q / 5_Clifford+T_019 / cut_qubit_prop  starting...
    ✓ [  48.7s]  (#6) 16q / 5_Clifford+T_019 / cut_qubit_prop
    » [10:03:51]  (#6) 16q / 5_Clifford+T_019 / cut_incremental_budget  starting...
    ✓ [ 180.4s]  (#6) 16q / 5_Clifford+T_019 / cut_incremental_budget
    » [10:06:51]  (#6) 16q / 5_Clifford+T_019 / cut_incremental_qubit_prop  starting...
    ✓ [ 198.9s]  (#6) 16q / 5_Clifford+T_019 / cut_incremental_qubit_prop

[7/10] 16q / 6_Clifford+T_021  observable: ZIIIIIIIIIIIIIII
    » [10:10:10]  16q / 6_Clifford+T_021  observable=ZIIIIIIIIIIIIIII  computing ground truth (PennyLane default.qubit)...
    · [   0.3s]  ground_truth = 1.000000
    » [10:10:11]  (#7) 16q / 6_Clifford+T_021 / noisy_vanilla  starting...
    » [10:13:05]  (#7) 16q / 6_Clifford+T_021 / cut_divided_budget  starting...
/home/local/ADUNIPI/a044855/cutandinc/newcut/lib/python3.12/site-packages/pennylane/qcut/cutstrategy.py:367: UserWarning: The number of partition attempts seems high (40).
  warnings.warn(f"The number of partition attempts seems high ({len(ks)}).")
    ✓ [  20.5s]  (#7) 16q / 6_Clifford+T_021 / cut_divided_budget
    » [10:13:25]  (#7) 16q / 6_Clifford+T_021 / cut_qubit_prop  starting...
    ✓ [  14.8s]  (#7) 16q / 6_Clifford+T_021 / cut_qubit_prop
    » [10:13:40]  (#7) 16q / 6_Clifford+T_021 / cut_incremental_budget  starting...
    ✓ [ 165.8s]  (#7) 16q / 6_Clifford+T_021 / cut_incremental_budget
    » [10:16:26]  (#7) 16q / 6_Clifford+T_021 / cut_incremental_qubit_prop  starting...
    ✓ [ 166.1s]  (#7) 16q / 6_Clifford+T_021 / cut_incremental_qubit_prop

[8/10] 16q / 7_Clifford+T_026  observable: ZIIIIIIIIIIIIIII
    » [10:19:12]  16q / 7_Clifford+T_026  observable=ZIIIIIIIIIIIIIII  computing ground truth (PennyLane default.qubit)...
    · [   0.0s]  ground_truth = -1.000000
    » [10:19:12]  (#8) 16q / 7_Clifford+T_026 / noisy_vanilla  starting...
    » [10:22:16]  (#8) 16q / 7_Clifford+T_026 / cut_divided_budget  starting...
/home/local/ADUNIPI/a044855/cutandinc/newcut/lib/python3.12/site-packages/pennylane/qcut/cutstrategy.py:367: UserWarning: The number of partition attempts seems high (41).
  warnings.warn(f"The number of partition attempts seems high ({len(ks)}).")
    ✓ [  24.1s]  (#8) 16q / 7_Clifford+T_026 / cut_divided_budget
    » [10:22:40]  (#8) 16q / 7_Clifford+T_026 / cut_qubit_prop  starting...
    ✓ [  19.1s]  (#8) 16q / 7_Clifford+T_026 / cut_qubit_prop
    » [10:22:59]  (#8) 16q / 7_Clifford+T_026 / cut_incremental_budget  starting...
    ✓ [ 162.1s]  (#8) 16q / 7_Clifford+T_026 / cut_incremental_budget
    » [10:25:41]  (#8) 16q / 7_Clifford+T_026 / cut_incremental_qubit_prop  starting...
    ✓ [ 187.7s]  (#8) 16q / 7_Clifford+T_026 / cut_incremental_qubit_prop

[9/10] 16q / 8_Clifford+T_032  observable: ZIIIIIIIIIIIIIII
    » [10:28:49]  16q / 8_Clifford+T_032  observable=ZIIIIIIIIIIIIIII  computing ground truth (PennyLane default.qubit)...
    · [   0.0s]  ground_truth = 1.000000
    » [10:28:49]  (#9) 16q / 8_Clifford+T_032 / noisy_vanilla  starting...
    » [10:31:53]  (#9) 16q / 8_Clifford+T_032 / cut_divided_budget  starting...
/home/local/ADUNIPI/a044855/cutandinc/newcut/lib/python3.12/site-packages/pennylane/qcut/cutstrategy.py:367: UserWarning: The number of partition attempts seems high (40).
  warnings.warn(f"The number of partition attempts seems high ({len(ks)}).")
    ✓ [  23.4s]  (#9) 16q / 8_Clifford+T_032 / cut_divided_budget
    » [10:32:16]  (#9) 16q / 8_Clifford+T_032 / cut_qubit_prop  starting...
    ✓ [  19.1s]  (#9) 16q / 8_Clifford+T_032 / cut_qubit_prop
    » [10:32:35]  (#9) 16q / 8_Clifford+T_032 / cut_incremental_budget  starting...
    ✓ [ 173.8s]  (#9) 16q / 8_Clifford+T_032 / cut_incremental_budget
    » [10:35:29]  (#9) 16q / 8_Clifford+T_032 / cut_incremental_qubit_prop  starting...
    ✓ [ 271.6s]  (#9) 16q / 8_Clifford+T_032 / cut_incremental_qubit_prop

[10/10] 16q / 9_Clifford+T_040  observable: ZIIIIIIIIIIIIIII
    » [10:40:01]  16q / 9_Clifford+T_040  observable=ZIIIIIIIIIIIIIII  computing ground truth (PennyLane default.qubit)...
    · [   0.0s]  ground_truth = 0.000000
    » [10:40:01]  (#10) 16q / 9_Clifford+T_040 / noisy_vanilla  starting...
    » [10:44:30]  (#10) 16q / 9_Clifford+T_040 / cut_divided_budget  starting...
/home/local/ADUNIPI/a044855/cutandinc/newcut/lib/python3.12/site-packages/pennylane/qcut/cutstrategy.py:367: UserWarning: The number of partition attempts seems high (40).
  warnings.warn(f"The number of partition attempts seems high ({len(ks)}).")
    ✓ [  28.1s]  (#10) 16q / 9_Clifford+T_040 / cut_divided_budget
    » [10:44:58]  (#10) 16q / 9_Clifford+T_040 / cut_qubit_prop  starting...
    ✓ [  27.7s]  (#10) 16q / 9_Clifford+T_040 / cut_qubit_prop
    » [10:45:26]  (#10) 16q / 9_Clifford+T_040 / cut_incremental_budget  starting...
    ✓ [ 169.0s]  (#10) 16q / 9_Clifford+T_040 / cut_incremental_budget
    » [10:48:15]  (#10) 16q / 9_Clifford+T_040 / cut_incremental_qubit_prop  starting...
    ✓ [ 177.7s]  (#10) 16q / 9_Clifford+T_040 / cut_incremental_qubit_prop

============================================================
  Finished :   40  mode runs
  Failed   :    0  mode runs
============================================================

Merged CSV -> results/new/stable_shots_runs02_15-16q_no_vanilla/5000_shots/kyoto/16_qubits/summary.csv
Run log    -> results/new/stable_shots_runs02_15-16q_no_vanilla/5000_shots/kyoto/16_qubits/run.log
Per-mode JSON -> results/new/stable_shots_runs02_15-16q_no_vanilla/5000_shots/kyoto/16_qubits/<qubits>q/<circuit>/<mode>.json
	Command being timed: "python main_new_new.py --circuits-pkl only_cliffordt/clif16.pkl --shots 5000 --noisy-backend aer.fake_kyoto --seed-simulator 42 --modes cut_divided_budget cut_qubit_prop cut_incremental_budget cut_incremental_qubit_prop --incremental-config configs/stable_shots.json --parallel-circuits 1 --output-dir results/new/stable_shots_runs02_15-16q_no_vanilla/5000_shots/kyoto/16_qubits"
	User time (seconds): 5837.67
	System time (seconds): 7.65
	Percent of CPU this job got: 99%
	Elapsed (wall clock) time (h:mm:ss or m:ss): 1:37:44
	Average shared text size (kbytes): 0
	Average unshared data size (kbytes): 0
	Average stack size (kbytes): 0
	Average total size (kbytes): 0
	Maximum resident set size (kbytes): 517148
	Average resident set size (kbytes): 0
	Major (requiring I/O) page faults: 0
	Minor (reclaiming a frame) page faults: 1198809
	Voluntary context switches: 362728
	Involuntary context switches: 2390
	Swaps: 0
	File system inputs: 0
	File system outputs: 3128
	Socket messages sent: 0
	Socket messages received: 0
	Signals delivered: 0
	Page size (bytes): 4096
	Exit status: 0
[Tue Jun 16 10:51:14 AM UTC 2026] Finished 16 qubits | shots=5000 | backend=aer.fake_kyoto
