[Wed Jun 17 05:15:19 PM UTC 2026] Starting 14 qubits | shots=5000 | backend=aer.fake_torino
[Wed Jun 17 05:15:19 PM UTC 2026] Per-job memory limit: 7GB virtual memory

[1/10] 14q / 0_Clifford+T_001  observable: ZIIIIIIIIIIIII
/home/local/ADUNIPI/a044855/cutandinc/newcut/lib/python3.12/site-packages/qiskit_ibm_runtime/fake_provider/backends/nighthawk/fake_nighthawk.py:76: UserWarning: Properties of fake_nighthawk are not intended to represent typical nighthawk error values.
  warnings.warn(
    » [17:15:33]  14q / 0_Clifford+T_001  observable=ZIIIIIIIIIIIII  computing ground truth (PennyLane default.qubit)...
    · [   0.7s]  ground_truth = 1.000000
    » [17:15:34]  (#1) 14q / 0_Clifford+T_001 / noisy_vanilla  starting...
    ✓ [  41.7s]  (#1) 14q / 0_Clifford+T_001 / noisy_vanilla
    » [17:16:16]  (#1) 14q / 0_Clifford+T_001 / cut_divided_budget  starting...
/home/local/ADUNIPI/a044855/cutandinc/newcut/lib/python3.12/site-packages/pennylane/qcut/cutstrategy.py:367: UserWarning: The number of partition attempts seems high (40).
  warnings.warn(f"The number of partition attempts seems high ({len(ks)}).")
    ✓ [ 141.2s]  (#1) 14q / 0_Clifford+T_001 / cut_divided_budget
    » [17:18:37]  (#1) 14q / 0_Clifford+T_001 / cut_qubit_prop  starting...
    ✓ [ 139.6s]  (#1) 14q / 0_Clifford+T_001 / cut_qubit_prop
    » [17:20:56]  (#1) 14q / 0_Clifford+T_001 / cut_incremental_budget  starting...
    ✓ [ 346.7s]  (#1) 14q / 0_Clifford+T_001 / cut_incremental_budget
    » [17:26:43]  (#1) 14q / 0_Clifford+T_001 / cut_incremental_qubit_prop  starting...
    ✓ [ 285.0s]  (#1) 14q / 0_Clifford+T_001 / cut_incremental_qubit_prop

[2/10] 14q / 1_Clifford+T_011  observable: ZIIIIIIIIIIIII
    » [17:31:28]  14q / 1_Clifford+T_011  observable=ZIIIIIIIIIIIII  computing ground truth (PennyLane default.qubit)...
    · [   0.0s]  ground_truth = 1.000000
    » [17:31:28]  (#2) 14q / 1_Clifford+T_011 / noisy_vanilla  starting...
    ✓ [  40.9s]  (#2) 14q / 1_Clifford+T_011 / noisy_vanilla
    » [17:32:09]  (#2) 14q / 1_Clifford+T_011 / cut_divided_budget  starting...
/home/local/ADUNIPI/a044855/cutandinc/newcut/lib/python3.12/site-packages/pennylane/qcut/cutstrategy.py:367: UserWarning: The number of partition attempts seems high (40).
  warnings.warn(f"The number of partition attempts seems high ({len(ks)}).")
    ✓ [ 122.6s]  (#2) 14q / 1_Clifford+T_011 / cut_divided_budget
    » [17:34:12]  (#2) 14q / 1_Clifford+T_011 / cut_qubit_prop  starting...
    ✓ [  79.7s]  (#2) 14q / 1_Clifford+T_011 / cut_qubit_prop
    » [17:35:31]  (#2) 14q / 1_Clifford+T_011 / cut_incremental_budget  starting...
    ✓ [ 439.7s]  (#2) 14q / 1_Clifford+T_011 / cut_incremental_budget
    » [17:42:51]  (#2) 14q / 1_Clifford+T_011 / cut_incremental_qubit_prop  starting...
    ✓ [ 453.6s]  (#2) 14q / 1_Clifford+T_011 / cut_incremental_qubit_prop

[3/10] 14q / 2_Clifford+T_012  observable: ZIIIIIIIIIIIII
    » [17:50:25]  14q / 2_Clifford+T_012  observable=ZIIIIIIIIIIIII  computing ground truth (PennyLane default.qubit)...
    · [   0.0s]  ground_truth = 1.000000
    » [17:50:25]  (#3) 14q / 2_Clifford+T_012 / noisy_vanilla  starting...
    ✓ [  53.3s]  (#3) 14q / 2_Clifford+T_012 / noisy_vanilla
    » [17:51:18]  (#3) 14q / 2_Clifford+T_012 / cut_divided_budget  starting...
/home/local/ADUNIPI/a044855/cutandinc/newcut/lib/python3.12/site-packages/pennylane/qcut/cutstrategy.py:367: UserWarning: The number of partition attempts seems high (40).
  warnings.warn(f"The number of partition attempts seems high ({len(ks)}).")
    ✓ [  51.0s]  (#3) 14q / 2_Clifford+T_012 / cut_divided_budget
    » [17:52:09]  (#3) 14q / 2_Clifford+T_012 / cut_qubit_prop  starting...
    ✓ [  45.5s]  (#3) 14q / 2_Clifford+T_012 / cut_qubit_prop
    » [17:52:55]  (#3) 14q / 2_Clifford+T_012 / cut_incremental_budget  starting...
    ✓ [ 251.8s]  (#3) 14q / 2_Clifford+T_012 / cut_incremental_budget
    » [17:57:06]  (#3) 14q / 2_Clifford+T_012 / cut_incremental_qubit_prop  starting...
    ✓ [ 259.7s]  (#3) 14q / 2_Clifford+T_012 / cut_incremental_qubit_prop

[4/10] 14q / 3_Clifford+T_014  observable: ZIIIIIIIIIIIII
    » [18:01:26]  14q / 3_Clifford+T_014  observable=ZIIIIIIIIIIIII  computing ground truth (PennyLane default.qubit)...
    · [   0.0s]  ground_truth = -1.000000
    » [18:01:26]  (#4) 14q / 3_Clifford+T_014 / noisy_vanilla  starting...
    ✓ [  43.1s]  (#4) 14q / 3_Clifford+T_014 / noisy_vanilla
    » [18:02:09]  (#4) 14q / 3_Clifford+T_014 / cut_divided_budget  starting...
/home/local/ADUNIPI/a044855/cutandinc/newcut/lib/python3.12/site-packages/pennylane/qcut/cutstrategy.py:367: UserWarning: The number of partition attempts seems high (40).
  warnings.warn(f"The number of partition attempts seems high ({len(ks)}).")
    ✓ [  58.4s]  (#4) 14q / 3_Clifford+T_014 / cut_divided_budget
    » [18:03:07]  (#4) 14q / 3_Clifford+T_014 / cut_qubit_prop  starting...
    ✓ [  60.2s]  (#4) 14q / 3_Clifford+T_014 / cut_qubit_prop
    » [18:04:08]  (#4) 14q / 3_Clifford+T_014 / cut_incremental_budget  starting...
    ✓ [ 328.7s]  (#4) 14q / 3_Clifford+T_014 / cut_incremental_budget
    » [18:09:36]  (#4) 14q / 3_Clifford+T_014 / cut_incremental_qubit_prop  starting...
    ✓ [ 296.2s]  (#4) 14q / 3_Clifford+T_014 / cut_incremental_qubit_prop

[5/10] 14q / 4_Clifford+T_015  observable: ZIIIIIIIIIIIII
    » [18:14:33]  14q / 4_Clifford+T_015  observable=ZIIIIIIIIIIIII  computing ground truth (PennyLane default.qubit)...
    · [   0.0s]  ground_truth = 0.000000
    » [18:14:33]  (#5) 14q / 4_Clifford+T_015 / noisy_vanilla  starting...
    ✓ [  80.8s]  (#5) 14q / 4_Clifford+T_015 / noisy_vanilla
    » [18:15:53]  (#5) 14q / 4_Clifford+T_015 / cut_divided_budget  starting...
/home/local/ADUNIPI/a044855/cutandinc/newcut/lib/python3.12/site-packages/pennylane/qcut/cutstrategy.py:367: UserWarning: The number of partition attempts seems high (41).
  warnings.warn(f"The number of partition attempts seems high ({len(ks)}).")
    ✓ [  46.1s]  (#5) 14q / 4_Clifford+T_015 / cut_divided_budget
    » [18:16:40]  (#5) 14q / 4_Clifford+T_015 / cut_qubit_prop  starting...
    ✓ [  40.5s]  (#5) 14q / 4_Clifford+T_015 / cut_qubit_prop
    » [18:17:20]  (#5) 14q / 4_Clifford+T_015 / cut_incremental_budget  starting...
    ✓ [ 129.1s]  (#5) 14q / 4_Clifford+T_015 / cut_incremental_budget
    » [18:19:29]  (#5) 14q / 4_Clifford+T_015 / cut_incremental_qubit_prop  starting...
    ✓ [  95.4s]  (#5) 14q / 4_Clifford+T_015 / cut_incremental_qubit_prop

[6/10] 14q / 5_Clifford+T_016  observable: ZIIIIIIIIIIIII
    » [18:21:05]  14q / 5_Clifford+T_016  observable=ZIIIIIIIIIIIII  computing ground truth (PennyLane default.qubit)...
    · [   0.0s]  ground_truth = 1.000000
    » [18:21:05]  (#6) 14q / 5_Clifford+T_016 / noisy_vanilla  starting...
    ✓ [  78.9s]  (#6) 14q / 5_Clifford+T_016 / noisy_vanilla
    » [18:22:23]  (#6) 14q / 5_Clifford+T_016 / cut_divided_budget  starting...
/home/local/ADUNIPI/a044855/cutandinc/newcut/lib/python3.12/site-packages/pennylane/qcut/cutstrategy.py:367: UserWarning: The number of partition attempts seems high (40).
  warnings.warn(f"The number of partition attempts seems high ({len(ks)}).")
    ✓ [  70.9s]  (#6) 14q / 5_Clifford+T_016 / cut_divided_budget
    » [18:23:34]  (#6) 14q / 5_Clifford+T_016 / cut_qubit_prop  starting...
    ✓ [  32.3s]  (#6) 14q / 5_Clifford+T_016 / cut_qubit_prop
    » [18:24:07]  (#6) 14q / 5_Clifford+T_016 / cut_incremental_budget  starting...
    ✓ [ 221.6s]  (#6) 14q / 5_Clifford+T_016 / cut_incremental_budget
    » [18:27:48]  (#6) 14q / 5_Clifford+T_016 / cut_incremental_qubit_prop  starting...
    ✓ [ 206.0s]  (#6) 14q / 5_Clifford+T_016 / cut_incremental_qubit_prop

[7/10] 14q / 6_Clifford+T_018  observable: ZIIIIIIIIIIIII
    » [18:31:14]  14q / 6_Clifford+T_018  observable=ZIIIIIIIIIIIII  computing ground truth (PennyLane default.qubit)...
    · [   0.0s]  ground_truth = 1.000000
    » [18:31:14]  (#7) 14q / 6_Clifford+T_018 / noisy_vanilla  starting...
    ✓ [  69.9s]  (#7) 14q / 6_Clifford+T_018 / noisy_vanilla
    » [18:32:24]  (#7) 14q / 6_Clifford+T_018 / cut_divided_budget  starting...
/home/local/ADUNIPI/a044855/cutandinc/newcut/lib/python3.12/site-packages/pennylane/qcut/cutstrategy.py:367: UserWarning: The number of partition attempts seems high (42).
  warnings.warn(f"The number of partition attempts seems high ({len(ks)}).")
    ✓ [  26.7s]  (#7) 14q / 6_Clifford+T_018 / cut_divided_budget
    » [18:32:51]  (#7) 14q / 6_Clifford+T_018 / cut_qubit_prop  starting...
    ✓ [  19.1s]  (#7) 14q / 6_Clifford+T_018 / cut_qubit_prop
    » [18:33:10]  (#7) 14q / 6_Clifford+T_018 / cut_incremental_budget  starting...
    ✓ [ 344.9s]  (#7) 14q / 6_Clifford+T_018 / cut_incremental_budget
    » [18:38:55]  (#7) 14q / 6_Clifford+T_018 / cut_incremental_qubit_prop  starting...
    ✓ [ 260.0s]  (#7) 14q / 6_Clifford+T_018 / cut_incremental_qubit_prop

[8/10] 14q / 7_Clifford+T_019  observable: ZIIIIIIIIIIIII
    » [18:43:15]  14q / 7_Clifford+T_019  observable=ZIIIIIIIIIIIII  computing ground truth (PennyLane default.qubit)...
    · [   0.0s]  ground_truth = -1.000000
    » [18:43:15]  (#8) 14q / 7_Clifford+T_019 / noisy_vanilla  starting...
    ✓ [  45.5s]  (#8) 14q / 7_Clifford+T_019 / noisy_vanilla
    » [18:44:01]  (#8) 14q / 7_Clifford+T_019 / cut_divided_budget  starting...
/home/local/ADUNIPI/a044855/cutandinc/newcut/lib/python3.12/site-packages/pennylane/qcut/cutstrategy.py:367: UserWarning: The number of partition attempts seems high (41).
  warnings.warn(f"The number of partition attempts seems high ({len(ks)}).")
    ✓ [  32.2s]  (#8) 14q / 7_Clifford+T_019 / cut_divided_budget
    » [18:44:33]  (#8) 14q / 7_Clifford+T_019 / cut_qubit_prop  starting...
    ✓ [  28.3s]  (#8) 14q / 7_Clifford+T_019 / cut_qubit_prop
    » [18:45:01]  (#8) 14q / 7_Clifford+T_019 / cut_incremental_budget  starting...
    ✓ [ 216.1s]  (#8) 14q / 7_Clifford+T_019 / cut_incremental_budget
    » [18:48:37]  (#8) 14q / 7_Clifford+T_019 / cut_incremental_qubit_prop  starting...
    ✓ [ 273.0s]  (#8) 14q / 7_Clifford+T_019 / cut_incremental_qubit_prop

[9/10] 14q / 8_Clifford+T_022  observable: ZIIIIIIIIIIIII
    » [18:53:10]  14q / 8_Clifford+T_022  observable=ZIIIIIIIIIIIII  computing ground truth (PennyLane default.qubit)...
    · [   0.0s]  ground_truth = 0.000000
    » [18:53:10]  (#9) 14q / 8_Clifford+T_022 / noisy_vanilla  starting...
    ✓ [  41.5s]  (#9) 14q / 8_Clifford+T_022 / noisy_vanilla
    » [18:53:52]  (#9) 14q / 8_Clifford+T_022 / cut_divided_budget  starting...
/home/local/ADUNIPI/a044855/cutandinc/newcut/lib/python3.12/site-packages/pennylane/qcut/cutstrategy.py:367: UserWarning: The number of partition attempts seems high (40).
  warnings.warn(f"The number of partition attempts seems high ({len(ks)}).")
    ✓ [  33.6s]  (#9) 14q / 8_Clifford+T_022 / cut_divided_budget
    » [18:54:25]  (#9) 14q / 8_Clifford+T_022 / cut_qubit_prop  starting...
    ✓ [  27.1s]  (#9) 14q / 8_Clifford+T_022 / cut_qubit_prop
    » [18:54:52]  (#9) 14q / 8_Clifford+T_022 / cut_incremental_budget  starting...
    ✓ [ 238.3s]  (#9) 14q / 8_Clifford+T_022 / cut_incremental_budget
    » [18:58:51]  (#9) 14q / 8_Clifford+T_022 / cut_incremental_qubit_prop  starting...
    ✓ [ 299.5s]  (#9) 14q / 8_Clifford+T_022 / cut_incremental_qubit_prop

[10/10] 14q / 9_Clifford+T_026  observable: ZIIIIIIIIIIIII
    » [19:03:50]  14q / 9_Clifford+T_026  observable=ZIIIIIIIIIIIII  computing ground truth (PennyLane default.qubit)...
    · [   0.0s]  ground_truth = 1.000000
    » [19:03:50]  (#10) 14q / 9_Clifford+T_026 / noisy_vanilla  starting...
    ✓ [  77.7s]  (#10) 14q / 9_Clifford+T_026 / noisy_vanilla
    » [19:05:08]  (#10) 14q / 9_Clifford+T_026 / cut_divided_budget  starting...
/home/local/ADUNIPI/a044855/cutandinc/newcut/lib/python3.12/site-packages/pennylane/qcut/cutstrategy.py:367: UserWarning: The number of partition attempts seems high (40).
  warnings.warn(f"The number of partition attempts seems high ({len(ks)}).")
    ✓ [  41.9s]  (#10) 14q / 9_Clifford+T_026 / cut_divided_budget
    » [19:05:50]  (#10) 14q / 9_Clifford+T_026 / cut_qubit_prop  starting...
    ✓ [  31.6s]  (#10) 14q / 9_Clifford+T_026 / cut_qubit_prop
    » [19:06:21]  (#10) 14q / 9_Clifford+T_026 / cut_incremental_budget  starting...
    ✓ [ 355.5s]  (#10) 14q / 9_Clifford+T_026 / cut_incremental_budget
    » [19:12:17]  (#10) 14q / 9_Clifford+T_026 / cut_incremental_qubit_prop  starting...
    ✓ [ 395.6s]  (#10) 14q / 9_Clifford+T_026 / cut_incremental_qubit_prop

============================================================
  Finished :   50  mode runs
  Failed   :    0  mode runs
============================================================

Merged CSV -> results/new/stable_shots3/5000_shots/torino/14_qubits/summary.csv
Run log    -> results/new/stable_shots3/5000_shots/torino/14_qubits/run.log
Per-mode JSON -> results/new/stable_shots3/5000_shots/torino/14_qubits/<qubits>q/<circuit>/<mode>.json
	Command being timed: "python main_new_new.py --circuits-pkl only_cliffordt/clif14.pkl --shots 5000 --noisy-backend aer.fake_torino --seed-simulator 42 --modes noisy_vanilla cut_divided_budget cut_qubit_prop cut_incremental_budget cut_incremental_qubit_prop --incremental-config configs/stable_shots3.json --parallel-circuits 1 --output-dir results/new/stable_shots3/5000_shots/torino/14_qubits"
	User time (seconds): 7369.75
	System time (seconds): 9.19
	Percent of CPU this job got: 99%
	Elapsed (wall clock) time (h:mm:ss or m:ss): 2:03:35
	Average shared text size (kbytes): 0
	Average unshared data size (kbytes): 0
	Average stack size (kbytes): 0
	Average total size (kbytes): 0
	Maximum resident set size (kbytes): 617148
	Average resident set size (kbytes): 0
	Major (requiring I/O) page faults: 1
	Minor (reclaiming a frame) page faults: 2166599
	Voluntary context switches: 177688
	Involuntary context switches: 12818
	Swaps: 0
	File system inputs: 0
	File system outputs: 3376
	Socket messages sent: 0
	Socket messages received: 0
	Signals delivered: 0
	Page size (bytes): 4096
	Exit status: 0
[Wed Jun 17 07:18:55 PM UTC 2026] Finished 14 qubits | shots=5000 | backend=aer.fake_torino
e_torino
