[Mon Jun 15 02:14:07 PM UTC 2026] Starting 11 qubits | shots=5000 | backend=aer.fake_kyoto
[Mon Jun 15 02:14:07 PM UTC 2026] Per-job memory limit: 6GB virtual memory

[1/10] 11q / 0_Clifford+T_001  observable: ZIIIIIIIIII
/home/local/ADUNIPI/a044855/cutandinc/newcut/lib/python3.12/site-packages/qiskit_ibm_runtime/fake_provider/backends/nighthawk/fake_nighthawk.py:76: UserWarning: Properties of fake_nighthawk are not intended to represent typical nighthawk error values.
  warnings.warn(
    » [14:14:13]  11q / 0_Clifford+T_001  observable=ZIIIIIIIIII  computing ground truth (PennyLane default.qubit)...
    · [   0.4s]  ground_truth = 0.000000
    » [14:14:14]  (#1) 11q / 0_Clifford+T_001 / noisy_vanilla  starting...
    » [14:14:17]  (#1) 11q / 0_Clifford+T_001 / cut_divided_budget  starting...
/home/local/ADUNIPI/a044855/cutandinc/newcut/lib/python3.12/site-packages/pennylane/qcut/cutstrategy.py:367: UserWarning: The number of partition attempts seems high (40).
  warnings.warn(f"The number of partition attempts seems high ({len(ks)}).")
    ✓ [  55.0s]  (#1) 11q / 0_Clifford+T_001 / cut_divided_budget
    » [14:15:12]  (#1) 11q / 0_Clifford+T_001 / cut_qubit_prop  starting...
    ✓ [  47.4s]  (#1) 11q / 0_Clifford+T_001 / cut_qubit_prop
    » [14:16:00]  (#1) 11q / 0_Clifford+T_001 / cut_incremental_budget  starting...
    ✓ [ 200.3s]  (#1) 11q / 0_Clifford+T_001 / cut_incremental_budget
    » [14:19:20]  (#1) 11q / 0_Clifford+T_001 / cut_incremental_qubit_prop  starting...
    ✓ [ 175.6s]  (#1) 11q / 0_Clifford+T_001 / cut_incremental_qubit_prop

[2/10] 11q / 1_Clifford+T_002  observable: ZIIIIIIIIII
    » [14:22:16]  11q / 1_Clifford+T_002  observable=ZIIIIIIIIII  computing ground truth (PennyLane default.qubit)...
    · [   0.0s]  ground_truth = -1.000000
    » [14:22:16]  (#2) 11q / 1_Clifford+T_002 / noisy_vanilla  starting...
    » [14:22:19]  (#2) 11q / 1_Clifford+T_002 / cut_divided_budget  starting...
/home/local/ADUNIPI/a044855/cutandinc/newcut/lib/python3.12/site-packages/pennylane/qcut/cutstrategy.py:367: UserWarning: The number of partition attempts seems high (40).
  warnings.warn(f"The number of partition attempts seems high ({len(ks)}).")
    ✓ [  56.5s]  (#2) 11q / 1_Clifford+T_002 / cut_divided_budget
    » [14:23:16]  (#2) 11q / 1_Clifford+T_002 / cut_qubit_prop  starting...
    ✓ [  49.1s]  (#2) 11q / 1_Clifford+T_002 / cut_qubit_prop
    » [14:24:05]  (#2) 11q / 1_Clifford+T_002 / cut_incremental_budget  starting...
    ✓ [ 196.9s]  (#2) 11q / 1_Clifford+T_002 / cut_incremental_budget
    » [14:27:22]  (#2) 11q / 1_Clifford+T_002 / cut_incremental_qubit_prop  starting...
    ✓ [ 173.3s]  (#2) 11q / 1_Clifford+T_002 / cut_incremental_qubit_prop

[3/10] 11q / 2_Clifford+T_011  observable: ZIIIIIIIIII
    » [14:30:15]  11q / 2_Clifford+T_011  observable=ZIIIIIIIIII  computing ground truth (PennyLane default.qubit)...
    · [   0.0s]  ground_truth = 0.000000
    » [14:30:15]  (#3) 11q / 2_Clifford+T_011 / noisy_vanilla  starting...
    » [14:30:18]  (#3) 11q / 2_Clifford+T_011 / cut_divided_budget  starting...
/home/local/ADUNIPI/a044855/cutandinc/newcut/lib/python3.12/site-packages/pennylane/qcut/cutstrategy.py:367: UserWarning: The number of partition attempts seems high (40).
  warnings.warn(f"The number of partition attempts seems high ({len(ks)}).")
    ✓ [  19.2s]  (#3) 11q / 2_Clifford+T_011 / cut_divided_budget
    » [14:30:38]  (#3) 11q / 2_Clifford+T_011 / cut_qubit_prop  starting...
    ✓ [  12.3s]  (#3) 11q / 2_Clifford+T_011 / cut_qubit_prop
    » [14:30:50]  (#3) 11q / 2_Clifford+T_011 / cut_incremental_budget  starting...
    ✓ [ 158.5s]  (#3) 11q / 2_Clifford+T_011 / cut_incremental_budget
    » [14:33:28]  (#3) 11q / 2_Clifford+T_011 / cut_incremental_qubit_prop  starting...
    ✓ [ 160.8s]  (#3) 11q / 2_Clifford+T_011 / cut_incremental_qubit_prop

[4/10] 11q / 3_Clifford+T_015  observable: ZIIIIIIIIII
    » [14:36:09]  11q / 3_Clifford+T_015  observable=ZIIIIIIIIII  computing ground truth (PennyLane default.qubit)...
    · [   0.0s]  ground_truth = 0.000000
    » [14:36:09]  (#4) 11q / 3_Clifford+T_015 / noisy_vanilla  starting...
    » [14:36:12]  (#4) 11q / 3_Clifford+T_015 / cut_divided_budget  starting...
/home/local/ADUNIPI/a044855/cutandinc/newcut/lib/python3.12/site-packages/pennylane/qcut/cutstrategy.py:367: UserWarning: The number of partition attempts seems high (40).
  warnings.warn(f"The number of partition attempts seems high ({len(ks)}).")
    ✓ [  19.1s]  (#4) 11q / 3_Clifford+T_015 / cut_divided_budget
    » [14:36:31]  (#4) 11q / 3_Clifford+T_015 / cut_qubit_prop  starting...
    ✓ [  12.0s]  (#4) 11q / 3_Clifford+T_015 / cut_qubit_prop
    » [14:36:43]  (#4) 11q / 3_Clifford+T_015 / cut_incremental_budget  starting...
    ✓ [ 158.4s]  (#4) 11q / 3_Clifford+T_015 / cut_incremental_budget
    » [14:39:22]  (#4) 11q / 3_Clifford+T_015 / cut_incremental_qubit_prop  starting...
    ✓ [ 160.3s]  (#4) 11q / 3_Clifford+T_015 / cut_incremental_qubit_prop

[5/10] 11q / 4_Clifford+T_017  observable: ZIIIIIIIIII
    » [14:42:02]  11q / 4_Clifford+T_017  observable=ZIIIIIIIIII  computing ground truth (PennyLane default.qubit)...
    · [   0.0s]  ground_truth = -1.000000
    » [14:42:02]  (#5) 11q / 4_Clifford+T_017 / noisy_vanilla  starting...
    » [14:42:05]  (#5) 11q / 4_Clifford+T_017 / cut_divided_budget  starting...
/home/local/ADUNIPI/a044855/cutandinc/newcut/lib/python3.12/site-packages/pennylane/qcut/cutstrategy.py:367: UserWarning: The number of partition attempts seems high (40).
  warnings.warn(f"The number of partition attempts seems high ({len(ks)}).")
    ✓ [  19.1s]  (#5) 11q / 4_Clifford+T_017 / cut_divided_budget
    » [14:42:24]  (#5) 11q / 4_Clifford+T_017 / cut_qubit_prop  starting...
    ✓ [  12.1s]  (#5) 11q / 4_Clifford+T_017 / cut_qubit_prop
    » [14:42:36]  (#5) 11q / 4_Clifford+T_017 / cut_incremental_budget  starting...
    ✓ [ 158.6s]  (#5) 11q / 4_Clifford+T_017 / cut_incremental_budget
    » [14:45:15]  (#5) 11q / 4_Clifford+T_017 / cut_incremental_qubit_prop  starting...
    ✓ [ 161.8s]  (#5) 11q / 4_Clifford+T_017 / cut_incremental_qubit_prop

[6/10] 11q / 5_Clifford+T_025  observable: ZIIIIIIIIII
    » [14:47:57]  11q / 5_Clifford+T_025  observable=ZIIIIIIIIII  computing ground truth (PennyLane default.qubit)...
    · [   0.0s]  ground_truth = 0.000000
    » [14:47:57]  (#6) 11q / 5_Clifford+T_025 / noisy_vanilla  starting...
    » [14:48:00]  (#6) 11q / 5_Clifford+T_025 / cut_divided_budget  starting...
/home/local/ADUNIPI/a044855/cutandinc/newcut/lib/python3.12/site-packages/pennylane/qcut/cutstrategy.py:367: UserWarning: The number of partition attempts seems high (40).
  warnings.warn(f"The number of partition attempts seems high ({len(ks)}).")
    ✓ [  18.7s]  (#6) 11q / 5_Clifford+T_025 / cut_divided_budget
    » [14:48:19]  (#6) 11q / 5_Clifford+T_025 / cut_qubit_prop  starting...
    ✓ [  11.7s]  (#6) 11q / 5_Clifford+T_025 / cut_qubit_prop
    » [14:48:30]  (#6) 11q / 5_Clifford+T_025 / cut_incremental_budget  starting...
    ✓ [ 158.5s]  (#6) 11q / 5_Clifford+T_025 / cut_incremental_budget
    » [14:51:09]  (#6) 11q / 5_Clifford+T_025 / cut_incremental_qubit_prop  starting...
    ✓ [ 160.9s]  (#6) 11q / 5_Clifford+T_025 / cut_incremental_qubit_prop

[7/10] 11q / 6_Clifford+T_026  observable: ZIIIIIIIIII
    » [14:53:50]  11q / 6_Clifford+T_026  observable=ZIIIIIIIIII  computing ground truth (PennyLane default.qubit)...
    · [   0.0s]  ground_truth = 1.000000
    » [14:53:50]  (#7) 11q / 6_Clifford+T_026 / noisy_vanilla  starting...
    » [14:53:53]  (#7) 11q / 6_Clifford+T_026 / cut_divided_budget  starting...
/home/local/ADUNIPI/a044855/cutandinc/newcut/lib/python3.12/site-packages/pennylane/qcut/cutstrategy.py:367: UserWarning: The number of partition attempts seems high (40).
  warnings.warn(f"The number of partition attempts seems high ({len(ks)}).")
    ✓ [  20.5s]  (#7) 11q / 6_Clifford+T_026 / cut_divided_budget
    » [14:54:14]  (#7) 11q / 6_Clifford+T_026 / cut_qubit_prop  starting...
    ✓ [  13.5s]  (#7) 11q / 6_Clifford+T_026 / cut_qubit_prop
    » [14:54:27]  (#7) 11q / 6_Clifford+T_026 / cut_incremental_budget  starting...
    ✓ [ 159.4s]  (#7) 11q / 6_Clifford+T_026 / cut_incremental_budget
    » [14:57:07]  (#7) 11q / 6_Clifford+T_026 / cut_incremental_qubit_prop  starting...
    ✓ [ 163.2s]  (#7) 11q / 6_Clifford+T_026 / cut_incremental_qubit_prop

[8/10] 11q / 7_Clifford+T_029  observable: ZIIIIIIIIII
    » [14:59:50]  11q / 7_Clifford+T_029  observable=ZIIIIIIIIII  computing ground truth (PennyLane default.qubit)...
    · [   0.0s]  ground_truth = 0.000000
    » [14:59:50]  (#8) 11q / 7_Clifford+T_029 / noisy_vanilla  starting...
    » [14:59:53]  (#8) 11q / 7_Clifford+T_029 / cut_divided_budget  starting...
/home/local/ADUNIPI/a044855/cutandinc/newcut/lib/python3.12/site-packages/pennylane/qcut/cutstrategy.py:367: UserWarning: The number of partition attempts seems high (40).
  warnings.warn(f"The number of partition attempts seems high ({len(ks)}).")
    ✓ [  18.6s]  (#8) 11q / 7_Clifford+T_029 / cut_divided_budget
    » [15:00:12]  (#8) 11q / 7_Clifford+T_029 / cut_qubit_prop  starting...
    ✓ [  12.0s]  (#8) 11q / 7_Clifford+T_029 / cut_qubit_prop
    » [15:00:24]  (#8) 11q / 7_Clifford+T_029 / cut_incremental_budget  starting...
    ✓ [ 159.4s]  (#8) 11q / 7_Clifford+T_029 / cut_incremental_budget
    » [15:03:03]  (#8) 11q / 7_Clifford+T_029 / cut_incremental_qubit_prop  starting...
    ✓ [ 163.9s]  (#8) 11q / 7_Clifford+T_029 / cut_incremental_qubit_prop

[9/10] 11q / 8_Clifford+T_030  observable: ZIIIIIIIIII
    » [15:05:47]  11q / 8_Clifford+T_030  observable=ZIIIIIIIIII  computing ground truth (PennyLane default.qubit)...
    · [   0.0s]  ground_truth = 1.000000
    » [15:05:47]  (#9) 11q / 8_Clifford+T_030 / noisy_vanilla  starting...
    » [15:05:50]  (#9) 11q / 8_Clifford+T_030 / cut_divided_budget  starting...
/home/local/ADUNIPI/a044855/cutandinc/newcut/lib/python3.12/site-packages/pennylane/qcut/cutstrategy.py:367: UserWarning: The number of partition attempts seems high (40).
  warnings.warn(f"The number of partition attempts seems high ({len(ks)}).")
    ✓ [  18.5s]  (#9) 11q / 8_Clifford+T_030 / cut_divided_budget
    » [15:06:09]  (#9) 11q / 8_Clifford+T_030 / cut_qubit_prop  starting...
    ✓ [  12.1s]  (#9) 11q / 8_Clifford+T_030 / cut_qubit_prop
    » [15:06:21]  (#9) 11q / 8_Clifford+T_030 / cut_incremental_budget  starting...
    ✓ [ 159.2s]  (#9) 11q / 8_Clifford+T_030 / cut_incremental_budget
    » [15:09:00]  (#9) 11q / 8_Clifford+T_030 / cut_incremental_qubit_prop  starting...
    ✓ [ 162.5s]  (#9) 11q / 8_Clifford+T_030 / cut_incremental_qubit_prop

[10/10] 11q / 9_Clifford+T_033  observable: ZIIIIIIIIII
    » [15:11:43]  11q / 9_Clifford+T_033  observable=ZIIIIIIIIII  computing ground truth (PennyLane default.qubit)...
    · [   0.0s]  ground_truth = 1.000000
    » [15:11:43]  (#10) 11q / 9_Clifford+T_033 / noisy_vanilla  starting...
    » [15:11:46]  (#10) 11q / 9_Clifford+T_033 / cut_divided_budget  starting...
/home/local/ADUNIPI/a044855/cutandinc/newcut/lib/python3.12/site-packages/pennylane/qcut/cutstrategy.py:367: UserWarning: The number of partition attempts seems high (40).
  warnings.warn(f"The number of partition attempts seems high ({len(ks)}).")
    ✓ [  18.7s]  (#10) 11q / 9_Clifford+T_033 / cut_divided_budget
    » [15:12:04]  (#10) 11q / 9_Clifford+T_033 / cut_qubit_prop  starting...
    ✓ [  12.2s]  (#10) 11q / 9_Clifford+T_033 / cut_qubit_prop
    » [15:12:17]  (#10) 11q / 9_Clifford+T_033 / cut_incremental_budget  starting...
    ✓ [ 158.8s]  (#10) 11q / 9_Clifford+T_033 / cut_incremental_budget
    » [15:14:55]  (#10) 11q / 9_Clifford+T_033 / cut_incremental_qubit_prop  starting...
    ✓ [ 162.1s]  (#10) 11q / 9_Clifford+T_033 / cut_incremental_qubit_prop

============================================================
  Finished :   40  mode runs
  Failed   :    0  mode runs
============================================================

Merged CSV -> results/new/stable_shots_runs02_10-14q_no_vanilla/5000_shots/kyoto/11_qubits/summary.csv
Run log    -> results/new/stable_shots_runs02_10-14q_no_vanilla/5000_shots/kyoto/11_qubits/run.log
Per-mode JSON -> results/new/stable_shots_runs02_10-14q_no_vanilla/5000_shots/kyoto/11_qubits/<qubits>q/<circuit>/<mode>.json
	Command being timed: "python main_new_new.py --circuits-pkl only_cliffordt/clif11.pkl --shots 5000 --noisy-backend aer.fake_kyoto --seed-simulator 42 --modes cut_divided_budget cut_qubit_prop cut_incremental_budget cut_incremental_qubit_prop --incremental-config configs/stable_shots.json --parallel-circuits 1 --output-dir results/new/stable_shots_runs02_10-14q_no_vanilla/5000_shots/kyoto/11_qubits"
	User time (seconds): 3797.43
	System time (seconds): 13.82
	Percent of CPU this job got: 99%
	Elapsed (wall clock) time (h:mm:ss or m:ss): 1:03:31
	Average shared text size (kbytes): 0
	Average unshared data size (kbytes): 0
	Average stack size (kbytes): 0
	Average total size (kbytes): 0
	Maximum resident set size (kbytes): 580148
	Average resident set size (kbytes): 0
	Major (requiring I/O) page faults: 0
	Minor (reclaiming a frame) page faults: 4550823
	Voluntary context switches: 32400
	Involuntary context switches: 10733
	Swaps: 0
	File system inputs: 0
	File system outputs: 3096
	Socket messages sent: 0
	Socket messages received: 0
	Signals delivered: 0
	Page size (bytes): 4096
	Exit status: 0
[Mon Jun 15 03:17:39 PM UTC 2026] Finished 11 qubits | shots=5000 | backend=aer.fake_kyoto
