[Thu Jun 18 04:54:36 AM UTC 2026] Starting 14 qubits | shots=20000 | backend=aer.fake_torino
[Thu Jun 18 04:54:36 AM UTC 2026] Per-job memory limit: 7GB virtual memory

[1/10] 14q / 0_Clifford+T_001  observable: ZIIIIIIIIIIIII
/home/local/ADUNIPI/a044855/cutandinc/newcut/lib/python3.12/site-packages/qiskit_ibm_runtime/fake_provider/backends/nighthawk/fake_nighthawk.py:76: UserWarning: Properties of fake_nighthawk are not intended to represent typical nighthawk error values.
  warnings.warn(
    » [04:54:50]  14q / 0_Clifford+T_001  observable=ZIIIIIIIIIIIII  computing ground truth (PennyLane default.qubit)...
    · [   1.0s]  ground_truth = 1.000000
    » [04:54:51]  (#1) 14q / 0_Clifford+T_001 / noisy_vanilla  starting...
    ✓ [ 242.7s]  (#1) 14q / 0_Clifford+T_001 / noisy_vanilla
    » [04:58:53]  (#1) 14q / 0_Clifford+T_001 / cut_divided_budget  starting...
/home/local/ADUNIPI/a044855/cutandinc/newcut/lib/python3.12/site-packages/pennylane/qcut/cutstrategy.py:367: UserWarning: The number of partition attempts seems high (40).
  warnings.warn(f"The number of partition attempts seems high ({len(ks)}).")
    ✓ [ 171.9s]  (#1) 14q / 0_Clifford+T_001 / cut_divided_budget
    » [05:01:45]  (#1) 14q / 0_Clifford+T_001 / cut_qubit_prop  starting...
    ✓ [ 176.6s]  (#1) 14q / 0_Clifford+T_001 / cut_qubit_prop
    » [05:04:42]  (#1) 14q / 0_Clifford+T_001 / cut_incremental_budget  starting...
    ✓ [1421.6s]  (#1) 14q / 0_Clifford+T_001 / cut_incremental_budget
    » [05:28:24]  (#1) 14q / 0_Clifford+T_001 / cut_incremental_qubit_prop  starting...
    ✓ [1332.6s]  (#1) 14q / 0_Clifford+T_001 / cut_incremental_qubit_prop

[2/10] 14q / 1_Clifford+T_011  observable: ZIIIIIIIIIIIII
    » [05:50:36]  14q / 1_Clifford+T_011  observable=ZIIIIIIIIIIIII  computing ground truth (PennyLane default.qubit)...
    · [   0.0s]  ground_truth = 1.000000
    » [05:50:36]  (#2) 14q / 1_Clifford+T_011 / noisy_vanilla  starting...
    ✓ [ 151.7s]  (#2) 14q / 1_Clifford+T_011 / noisy_vanilla
    » [05:53:08]  (#2) 14q / 1_Clifford+T_011 / cut_divided_budget  starting...
/home/local/ADUNIPI/a044855/cutandinc/newcut/lib/python3.12/site-packages/pennylane/qcut/cutstrategy.py:367: UserWarning: The number of partition attempts seems high (40).
  warnings.warn(f"The number of partition attempts seems high ({len(ks)}).")
    ✓ [  90.2s]  (#2) 14q / 1_Clifford+T_011 / cut_divided_budget
    » [05:54:38]  (#2) 14q / 1_Clifford+T_011 / cut_qubit_prop  starting...
    ✓ [  83.2s]  (#2) 14q / 1_Clifford+T_011 / cut_qubit_prop
    » [05:56:01]  (#2) 14q / 1_Clifford+T_011 / cut_incremental_budget  starting...
    ✓ [1227.1s]  (#2) 14q / 1_Clifford+T_011 / cut_incremental_budget
    » [06:16:28]  (#2) 14q / 1_Clifford+T_011 / cut_incremental_qubit_prop  starting...
    ✓ [1651.2s]  (#2) 14q / 1_Clifford+T_011 / cut_incremental_qubit_prop

[3/10] 14q / 2_Clifford+T_012  observable: ZIIIIIIIIIIIII
    » [06:44:00]  14q / 2_Clifford+T_012  observable=ZIIIIIIIIIIIII  computing ground truth (PennyLane default.qubit)...
    · [   0.0s]  ground_truth = 1.000000
    » [06:44:00]  (#3) 14q / 2_Clifford+T_012 / noisy_vanilla  starting...
    ✓ [ 255.1s]  (#3) 14q / 2_Clifford+T_012 / noisy_vanilla
    » [06:48:15]  (#3) 14q / 2_Clifford+T_012 / cut_divided_budget  starting...
/home/local/ADUNIPI/a044855/cutandinc/newcut/lib/python3.12/site-packages/pennylane/qcut/cutstrategy.py:367: UserWarning: The number of partition attempts seems high (40).
  warnings.warn(f"The number of partition attempts seems high ({len(ks)}).")
    ✓ [  84.4s]  (#3) 14q / 2_Clifford+T_012 / cut_divided_budget
    » [06:49:39]  (#3) 14q / 2_Clifford+T_012 / cut_qubit_prop  starting...
    ✓ [  92.1s]  (#3) 14q / 2_Clifford+T_012 / cut_qubit_prop
    » [06:51:11]  (#3) 14q / 2_Clifford+T_012 / cut_incremental_budget  starting...
    ✓ [ 664.1s]  (#3) 14q / 2_Clifford+T_012 / cut_incremental_budget
    » [07:02:15]  (#3) 14q / 2_Clifford+T_012 / cut_incremental_qubit_prop  starting...
    ✓ [ 744.4s]  (#3) 14q / 2_Clifford+T_012 / cut_incremental_qubit_prop

[4/10] 14q / 3_Clifford+T_014  observable: ZIIIIIIIIIIIII
    » [07:14:40]  14q / 3_Clifford+T_014  observable=ZIIIIIIIIIIIII  computing ground truth (PennyLane default.qubit)...
    · [   0.0s]  ground_truth = -1.000000
    » [07:14:40]  (#4) 14q / 3_Clifford+T_014 / noisy_vanilla  starting...
    ✓ [ 287.0s]  (#4) 14q / 3_Clifford+T_014 / noisy_vanilla
    » [07:19:27]  (#4) 14q / 3_Clifford+T_014 / cut_divided_budget  starting...
/home/local/ADUNIPI/a044855/cutandinc/newcut/lib/python3.12/site-packages/pennylane/qcut/cutstrategy.py:367: UserWarning: The number of partition attempts seems high (40).
  warnings.warn(f"The number of partition attempts seems high ({len(ks)}).")
    ✓ [ 109.2s]  (#4) 14q / 3_Clifford+T_014 / cut_divided_budget
    » [07:21:16]  (#4) 14q / 3_Clifford+T_014 / cut_qubit_prop  starting...
    ✓ [ 149.5s]  (#4) 14q / 3_Clifford+T_014 / cut_qubit_prop
    » [07:23:45]  (#4) 14q / 3_Clifford+T_014 / cut_incremental_budget  starting...
    ✓ [ 680.3s]  (#4) 14q / 3_Clifford+T_014 / cut_incremental_budget
    » [07:35:06]  (#4) 14q / 3_Clifford+T_014 / cut_incremental_qubit_prop  starting...
    ✓ [ 656.3s]  (#4) 14q / 3_Clifford+T_014 / cut_incremental_qubit_prop

[5/10] 14q / 4_Clifford+T_015  observable: ZIIIIIIIIIIIII
    » [07:46:02]  14q / 4_Clifford+T_015  observable=ZIIIIIIIIIIIII  computing ground truth (PennyLane default.qubit)...
    · [   0.0s]  ground_truth = 0.000000
    » [07:46:02]  (#5) 14q / 4_Clifford+T_015 / noisy_vanilla  starting...
    ✓ [ 136.6s]  (#5) 14q / 4_Clifford+T_015 / noisy_vanilla
    » [07:48:19]  (#5) 14q / 4_Clifford+T_015 / cut_divided_budget  starting...
/home/local/ADUNIPI/a044855/cutandinc/newcut/lib/python3.12/site-packages/pennylane/qcut/cutstrategy.py:367: UserWarning: The number of partition attempts seems high (41).
  warnings.warn(f"The number of partition attempts seems high ({len(ks)}).")
    ✓ [  42.9s]  (#5) 14q / 4_Clifford+T_015 / cut_divided_budget
    » [07:49:01]  (#5) 14q / 4_Clifford+T_015 / cut_qubit_prop  starting...
    ✓ [  33.6s]  (#5) 14q / 4_Clifford+T_015 / cut_qubit_prop
    » [07:49:35]  (#5) 14q / 4_Clifford+T_015 / cut_incremental_budget  starting...
    ✓ [ 152.3s]  (#5) 14q / 4_Clifford+T_015 / cut_incremental_budget
    » [07:52:07]  (#5) 14q / 4_Clifford+T_015 / cut_incremental_qubit_prop  starting...
    ✓ [ 184.1s]  (#5) 14q / 4_Clifford+T_015 / cut_incremental_qubit_prop

[6/10] 14q / 5_Clifford+T_016  observable: ZIIIIIIIIIIIII
    » [07:55:11]  14q / 5_Clifford+T_016  observable=ZIIIIIIIIIIIII  computing ground truth (PennyLane default.qubit)...
    · [   0.0s]  ground_truth = 1.000000
    » [07:55:11]  (#6) 14q / 5_Clifford+T_016 / noisy_vanilla  starting...
    ✓ [ 158.2s]  (#6) 14q / 5_Clifford+T_016 / noisy_vanilla
    » [07:57:50]  (#6) 14q / 5_Clifford+T_016 / cut_divided_budget  starting...
/home/local/ADUNIPI/a044855/cutandinc/newcut/lib/python3.12/site-packages/pennylane/qcut/cutstrategy.py:367: UserWarning: The number of partition attempts seems high (40).
  warnings.warn(f"The number of partition attempts seems high ({len(ks)}).")
    ✓ [  26.2s]  (#6) 14q / 5_Clifford+T_016 / cut_divided_budget
    » [07:58:16]  (#6) 14q / 5_Clifford+T_016 / cut_qubit_prop  starting...
    ✓ [  19.1s]  (#6) 14q / 5_Clifford+T_016 / cut_qubit_prop
    » [07:58:35]  (#6) 14q / 5_Clifford+T_016 / cut_incremental_budget  starting...
    ✓ [ 431.1s]  (#6) 14q / 5_Clifford+T_016 / cut_incremental_budget
    » [08:05:46]  (#6) 14q / 5_Clifford+T_016 / cut_incremental_qubit_prop  starting...
    ✓ [ 386.0s]  (#6) 14q / 5_Clifford+T_016 / cut_incremental_qubit_prop

[7/10] 14q / 6_Clifford+T_018  observable: ZIIIIIIIIIIIII
    » [08:12:12]  14q / 6_Clifford+T_018  observable=ZIIIIIIIIIIIII  computing ground truth (PennyLane default.qubit)...
    · [   0.0s]  ground_truth = 1.000000
    » [08:12:12]  (#7) 14q / 6_Clifford+T_018 / noisy_vanilla  starting...
    ✓ [ 270.4s]  (#7) 14q / 6_Clifford+T_018 / noisy_vanilla
    » [08:16:42]  (#7) 14q / 6_Clifford+T_018 / cut_divided_budget  starting...
/home/local/ADUNIPI/a044855/cutandinc/newcut/lib/python3.12/site-packages/pennylane/qcut/cutstrategy.py:367: UserWarning: The number of partition attempts seems high (42).
  warnings.warn(f"The number of partition attempts seems high ({len(ks)}).")
    ✓ [  39.3s]  (#7) 14q / 6_Clifford+T_018 / cut_divided_budget
    » [08:17:22]  (#7) 14q / 6_Clifford+T_018 / cut_qubit_prop  starting...
    ✓ [  30.8s]  (#7) 14q / 6_Clifford+T_018 / cut_qubit_prop
    » [08:17:53]  (#7) 14q / 6_Clifford+T_018 / cut_incremental_budget  starting...
    ✓ [ 654.5s]  (#7) 14q / 6_Clifford+T_018 / cut_incremental_budget
    » [08:28:47]  (#7) 14q / 6_Clifford+T_018 / cut_incremental_qubit_prop  starting...
    ✓ [ 541.6s]  (#7) 14q / 6_Clifford+T_018 / cut_incremental_qubit_prop

[8/10] 14q / 7_Clifford+T_019  observable: ZIIIIIIIIIIIII
    » [08:37:49]  14q / 7_Clifford+T_019  observable=ZIIIIIIIIIIIII  computing ground truth (PennyLane default.qubit)...
    · [   0.0s]  ground_truth = -1.000000
    » [08:37:49]  (#8) 14q / 7_Clifford+T_019 / noisy_vanilla  starting...
    ✓ [ 306.1s]  (#8) 14q / 7_Clifford+T_019 / noisy_vanilla
    » [08:42:55]  (#8) 14q / 7_Clifford+T_019 / cut_divided_budget  starting...
/home/local/ADUNIPI/a044855/cutandinc/newcut/lib/python3.12/site-packages/pennylane/qcut/cutstrategy.py:367: UserWarning: The number of partition attempts seems high (41).
  warnings.warn(f"The number of partition attempts seems high ({len(ks)}).")
    ✓ [  74.8s]  (#8) 14q / 7_Clifford+T_019 / cut_divided_budget
    » [08:44:10]  (#8) 14q / 7_Clifford+T_019 / cut_qubit_prop  starting...
    ✓ [  73.2s]  (#8) 14q / 7_Clifford+T_019 / cut_qubit_prop
    » [08:45:23]  (#8) 14q / 7_Clifford+T_019 / cut_incremental_budget  starting...
    ✓ [ 675.5s]  (#8) 14q / 7_Clifford+T_019 / cut_incremental_budget
    » [08:56:38]  (#8) 14q / 7_Clifford+T_019 / cut_incremental_qubit_prop  starting...
    ✓ [ 772.5s]  (#8) 14q / 7_Clifford+T_019 / cut_incremental_qubit_prop

[9/10] 14q / 8_Clifford+T_022  observable: ZIIIIIIIIIIIII
    » [09:09:31]  14q / 8_Clifford+T_022  observable=ZIIIIIIIIIIIII  computing ground truth (PennyLane default.qubit)...
    · [   0.0s]  ground_truth = 0.000000
    » [09:09:31]  (#9) 14q / 8_Clifford+T_022 / noisy_vanilla  starting...
    ✓ [ 283.6s]  (#9) 14q / 8_Clifford+T_022 / noisy_vanilla
    » [09:14:14]  (#9) 14q / 8_Clifford+T_022 / cut_divided_budget  starting...
/home/local/ADUNIPI/a044855/cutandinc/newcut/lib/python3.12/site-packages/pennylane/qcut/cutstrategy.py:367: UserWarning: The number of partition attempts seems high (40).
  warnings.warn(f"The number of partition attempts seems high ({len(ks)}).")
    ✓ [ 106.8s]  (#9) 14q / 8_Clifford+T_022 / cut_divided_budget
    » [09:16:01]  (#9) 14q / 8_Clifford+T_022 / cut_qubit_prop  starting...
    ✓ [ 151.3s]  (#9) 14q / 8_Clifford+T_022 / cut_qubit_prop
    » [09:18:33]  (#9) 14q / 8_Clifford+T_022 / cut_incremental_budget  starting...
    ✓ [ 586.2s]  (#9) 14q / 8_Clifford+T_022 / cut_incremental_budget
    » [09:28:19]  (#9) 14q / 8_Clifford+T_022 / cut_incremental_qubit_prop  starting...
    ✓ [ 544.1s]  (#9) 14q / 8_Clifford+T_022 / cut_incremental_qubit_prop

[10/10] 14q / 9_Clifford+T_026  observable: ZIIIIIIIIIIIII
    » [09:37:23]  14q / 9_Clifford+T_026  observable=ZIIIIIIIIIIIII  computing ground truth (PennyLane default.qubit)...
    · [   0.0s]  ground_truth = 1.000000
    » [09:37:23]  (#10) 14q / 9_Clifford+T_026 / noisy_vanilla  starting...
    ✓ [ 149.2s]  (#10) 14q / 9_Clifford+T_026 / noisy_vanilla
    » [09:39:52]  (#10) 14q / 9_Clifford+T_026 / cut_divided_budget  starting...
/home/local/ADUNIPI/a044855/cutandinc/newcut/lib/python3.12/site-packages/pennylane/qcut/cutstrategy.py:367: UserWarning: The number of partition attempts seems high (40).
  warnings.warn(f"The number of partition attempts seems high ({len(ks)}).")
    ✓ [  25.4s]  (#10) 14q / 9_Clifford+T_026 / cut_divided_budget
    » [09:40:18]  (#10) 14q / 9_Clifford+T_026 / cut_qubit_prop  starting...
    ✓ [  19.3s]  (#10) 14q / 9_Clifford+T_026 / cut_qubit_prop
    » [09:40:37]  (#10) 14q / 9_Clifford+T_026 / cut_incremental_budget  starting...
    ✓ [ 402.9s]  (#10) 14q / 9_Clifford+T_026 / cut_incremental_budget
    » [09:47:20]  (#10) 14q / 9_Clifford+T_026 / cut_incremental_qubit_prop  starting...
    ✓ [ 344.1s]  (#10) 14q / 9_Clifford+T_026 / cut_incremental_qubit_prop

============================================================
  Finished :   50  mode runs
  Failed   :    0  mode runs
============================================================

Merged CSV -> results/new/stable_shots_02/20000_shots/torino/14_qubits/summary.csv
Run log    -> results/new/stable_shots_02/20000_shots/torino/14_qubits/run.log
Per-mode JSON -> results/new/stable_shots_02/20000_shots/torino/14_qubits/<qubits>q/<circuit>/<mode>.json
	Command being timed: "python main_new_new.py --circuits-pkl only_cliffordt/clif14.pkl --shots 20000 --noisy-backend aer.fake_torino --seed-simulator 42 --modes noisy_vanilla cut_divided_budget cut_qubit_prop cut_incremental_budget cut_incremental_qubit_prop --incremental-config configs/stable_shots2.json --parallel-circuits 1 --output-dir results/new/stable_shots_02/20000_shots/torino/14_qubits"
	User time (seconds): 17856.63
	System time (seconds): 62.50
	Percent of CPU this job got: 100%
	Elapsed (wall clock) time (h:mm:ss or m:ss): 4:58:29
	Average shared text size (kbytes): 0
	Average unshared data size (kbytes): 0
	Average stack size (kbytes): 0
	Average total size (kbytes): 0
	Maximum resident set size (kbytes): 4808196
	Average resident set size (kbytes): 0
	Major (requiring I/O) page faults: 0
	Minor (reclaiming a frame) page faults: 18895514
	Voluntary context switches: 665771
	Involuntary context switches: 16120
	Swaps: 0
	File system inputs: 560
	File system outputs: 4464
	Socket messages sent: 0
	Socket messages received: 0
	Signals delivered: 0
	Page size (bytes): 4096
	Exit status: 0
[Thu Jun 18 09:53:06 AM UTC 2026] Finished 14 qubits | shots=20000 | backend=aer.fake_torino
