[Mon Jun  8 08:46:34 PM UTC 2026] Starting 12 qubits

[1/10] 12q / 0_Clifford+T_001  observable: ZIIIIIIIIIII
/home/local/ADUNIPI/a044855/cutandinc/newcut/lib/python3.12/site-packages/qiskit_ibm_runtime/fake_provider/backends/nighthawk/fake_nighthawk.py:76: UserWarning: Properties of fake_nighthawk are not intended to represent typical nighthawk error values.
  warnings.warn(
    » [20:46:45]  12q / 0_Clifford+T_001  observable=ZIIIIIIIIIII  computing ground truth (PennyLane default.qubit)...
    · [   1.8s]  ground_truth = 0.000000
    » [20:46:46]  (#1) 12q / 0_Clifford+T_001 / noisy_vanilla  starting...
    ✓ [   9.1s]  (#1) 12q / 0_Clifford+T_001 / noisy_vanilla
    » [20:46:55]  (#1) 12q / 0_Clifford+T_001 / cut_divided_budget  starting...
/home/local/ADUNIPI/a044855/cutandinc/newcut/lib/python3.12/site-packages/pennylane/qcut/cutstrategy.py:367: UserWarning: The number of partition attempts seems high (40).
  warnings.warn(f"The number of partition attempts seems high ({len(ks)}).")
    ✓ [  44.4s]  (#1) 12q / 0_Clifford+T_001 / cut_divided_budget
    » [20:47:40]  (#1) 12q / 0_Clifford+T_001 / cut_qubit_prop  starting...
    ✓ [  11.8s]  (#1) 12q / 0_Clifford+T_001 / cut_qubit_prop
    » [20:47:52]  (#1) 12q / 0_Clifford+T_001 / cut_incremental_budget  starting...
    ✓ [ 187.8s]  (#1) 12q / 0_Clifford+T_001 / cut_incremental_budget
    » [20:50:59]  (#1) 12q / 0_Clifford+T_001 / cut_incremental_qubit_prop  starting...
    ✓ [ 254.4s]  (#1) 12q / 0_Clifford+T_001 / cut_incremental_qubit_prop

[2/10] 12q / 1_Clifford+T_002  observable: ZIIIIIIIIIII
    » [20:55:14]  12q / 1_Clifford+T_002  observable=ZIIIIIIIIIII  computing ground truth (PennyLane default.qubit)...
    · [   0.2s]  ground_truth = 1.000000
    » [20:55:14]  (#2) 12q / 1_Clifford+T_002 / noisy_vanilla  starting...
    ✓ [   2.3s]  (#2) 12q / 1_Clifford+T_002 / noisy_vanilla
    » [20:55:16]  (#2) 12q / 1_Clifford+T_002 / cut_divided_budget  starting...
/home/local/ADUNIPI/a044855/cutandinc/newcut/lib/python3.12/site-packages/pennylane/qcut/cutstrategy.py:367: UserWarning: The number of partition attempts seems high (40).
  warnings.warn(f"The number of partition attempts seems high ({len(ks)}).")
    ✓ [  55.7s]  (#2) 12q / 1_Clifford+T_002 / cut_divided_budget
    » [20:56:12]  (#2) 12q / 1_Clifford+T_002 / cut_qubit_prop  starting...
    ✓ [  47.8s]  (#2) 12q / 1_Clifford+T_002 / cut_qubit_prop
    » [20:57:00]  (#2) 12q / 1_Clifford+T_002 / cut_incremental_budget  starting...
    ✓ [ 291.2s]  (#2) 12q / 1_Clifford+T_002 / cut_incremental_budget
    » [21:01:51]  (#2) 12q / 1_Clifford+T_002 / cut_incremental_qubit_prop  starting...
    ✓ [ 291.8s]  (#2) 12q / 1_Clifford+T_002 / cut_incremental_qubit_prop

[3/10] 12q / 2_Clifford+T_004  observable: ZIIIIIIIIIII
    » [21:06:43]  12q / 2_Clifford+T_004  observable=ZIIIIIIIIIII  computing ground truth (PennyLane default.qubit)...
    · [   0.0s]  ground_truth = 1.000000
    » [21:06:43]  (#3) 12q / 2_Clifford+T_004 / noisy_vanilla  starting...
    ✓ [   2.5s]  (#3) 12q / 2_Clifford+T_004 / noisy_vanilla
    » [21:06:45]  (#3) 12q / 2_Clifford+T_004 / cut_divided_budget  starting...
/home/local/ADUNIPI/a044855/cutandinc/newcut/lib/python3.12/site-packages/pennylane/qcut/cutstrategy.py:367: UserWarning: The number of partition attempts seems high (40).
  warnings.warn(f"The number of partition attempts seems high ({len(ks)}).")
    ✓ [  18.9s]  (#3) 12q / 2_Clifford+T_004 / cut_divided_budget
    » [21:07:04]  (#3) 12q / 2_Clifford+T_004 / cut_qubit_prop  starting...
    ✓ [  12.2s]  (#3) 12q / 2_Clifford+T_004 / cut_qubit_prop
    » [21:07:16]  (#3) 12q / 2_Clifford+T_004 / cut_incremental_budget  starting...
    ✓ [ 173.1s]  (#3) 12q / 2_Clifford+T_004 / cut_incremental_budget
    » [21:10:09]  (#3) 12q / 2_Clifford+T_004 / cut_incremental_qubit_prop  starting...
    ✓ [ 267.3s]  (#3) 12q / 2_Clifford+T_004 / cut_incremental_qubit_prop

[4/10] 12q / 3_Clifford+T_006  observable: ZIIIIIIIIIII
    » [21:14:37]  12q / 3_Clifford+T_006  observable=ZIIIIIIIIIII  computing ground truth (PennyLane default.qubit)...
    · [   0.0s]  ground_truth = 1.000000
    » [21:14:37]  (#4) 12q / 3_Clifford+T_006 / noisy_vanilla  starting...
    ✓ [   2.4s]  (#4) 12q / 3_Clifford+T_006 / noisy_vanilla
    » [21:14:39]  (#4) 12q / 3_Clifford+T_006 / cut_divided_budget  starting...
/home/local/ADUNIPI/a044855/cutandinc/newcut/lib/python3.12/site-packages/pennylane/qcut/cutstrategy.py:367: UserWarning: The number of partition attempts seems high (40).
  warnings.warn(f"The number of partition attempts seems high ({len(ks)}).")
    ✓ [  22.4s]  (#4) 12q / 3_Clifford+T_006 / cut_divided_budget
    » [21:15:02]  (#4) 12q / 3_Clifford+T_006 / cut_qubit_prop  starting...
    ✓ [  10.9s]  (#4) 12q / 3_Clifford+T_006 / cut_qubit_prop
    » [21:15:12]  (#4) 12q / 3_Clifford+T_006 / cut_incremental_budget  starting...
    ✓ [ 182.8s]  (#4) 12q / 3_Clifford+T_006 / cut_incremental_budget
    » [21:18:15]  (#4) 12q / 3_Clifford+T_006 / cut_incremental_qubit_prop  starting...
    ✓ [ 193.2s]  (#4) 12q / 3_Clifford+T_006 / cut_incremental_qubit_prop

[5/10] 12q / 4_Clifford+T_011  observable: ZIIIIIIIIIII
    » [21:21:28]  12q / 4_Clifford+T_011  observable=ZIIIIIIIIIII  computing ground truth (PennyLane default.qubit)...
    · [   0.0s]  ground_truth = 0.000000
    » [21:21:28]  (#5) 12q / 4_Clifford+T_011 / noisy_vanilla  starting...
    ✓ [   2.5s]  (#5) 12q / 4_Clifford+T_011 / noisy_vanilla
    » [21:21:31]  (#5) 12q / 4_Clifford+T_011 / cut_divided_budget  starting...
/home/local/ADUNIPI/a044855/cutandinc/newcut/lib/python3.12/site-packages/pennylane/qcut/cutstrategy.py:367: UserWarning: The number of partition attempts seems high (40).
  warnings.warn(f"The number of partition attempts seems high ({len(ks)}).")
    ✓ [  46.0s]  (#5) 12q / 4_Clifford+T_011 / cut_divided_budget
    » [21:22:17]  (#5) 12q / 4_Clifford+T_011 / cut_qubit_prop  starting...
    ✓ [  52.6s]  (#5) 12q / 4_Clifford+T_011 / cut_qubit_prop
    » [21:23:10]  (#5) 12q / 4_Clifford+T_011 / cut_incremental_budget  starting...
    ✓ [ 291.1s]  (#5) 12q / 4_Clifford+T_011 / cut_incremental_budget
    » [21:28:01]  (#5) 12q / 4_Clifford+T_011 / cut_incremental_qubit_prop  starting...
    ✓ [ 322.4s]  (#5) 12q / 4_Clifford+T_011 / cut_incremental_qubit_prop

[6/10] 12q / 5_Clifford+T_013  observable: ZIIIIIIIIIII
    » [21:33:23]  12q / 5_Clifford+T_013  observable=ZIIIIIIIIIII  computing ground truth (PennyLane default.qubit)...
    · [   0.0s]  ground_truth = 1.000000
    » [21:33:23]  (#6) 12q / 5_Clifford+T_013 / noisy_vanilla  starting...
    ✓ [   3.5s]  (#6) 12q / 5_Clifford+T_013 / noisy_vanilla
    » [21:33:27]  (#6) 12q / 5_Clifford+T_013 / cut_divided_budget  starting...
/home/local/ADUNIPI/a044855/cutandinc/newcut/lib/python3.12/site-packages/pennylane/qcut/cutstrategy.py:367: UserWarning: The number of partition attempts seems high (40).
  warnings.warn(f"The number of partition attempts seems high ({len(ks)}).")
    ✓ [  50.5s]  (#6) 12q / 5_Clifford+T_013 / cut_divided_budget
    » [21:34:17]  (#6) 12q / 5_Clifford+T_013 / cut_qubit_prop  starting...
    ✓ [  40.8s]  (#6) 12q / 5_Clifford+T_013 / cut_qubit_prop
    » [21:34:58]  (#6) 12q / 5_Clifford+T_013 / cut_incremental_budget  starting...
    ✓ [ 307.9s]  (#6) 12q / 5_Clifford+T_013 / cut_incremental_budget
    » [21:40:06]  (#6) 12q / 5_Clifford+T_013 / cut_incremental_qubit_prop  starting...
    ✓ [ 292.5s]  (#6) 12q / 5_Clifford+T_013 / cut_incremental_qubit_prop

[7/10] 12q / 6_Clifford+T_015  observable: ZIIIIIIIIIII
    » [21:44:58]  12q / 6_Clifford+T_015  observable=ZIIIIIIIIIII  computing ground truth (PennyLane default.qubit)...
    · [   0.0s]  ground_truth = 0.000000
    » [21:44:58]  (#7) 12q / 6_Clifford+T_015 / noisy_vanilla  starting...
    ✓ [   2.3s]  (#7) 12q / 6_Clifford+T_015 / noisy_vanilla
    » [21:45:01]  (#7) 12q / 6_Clifford+T_015 / cut_divided_budget  starting...
/home/local/ADUNIPI/a044855/cutandinc/newcut/lib/python3.12/site-packages/pennylane/qcut/cutstrategy.py:367: UserWarning: The number of partition attempts seems high (40).
  warnings.warn(f"The number of partition attempts seems high ({len(ks)}).")
    ✓ [  19.0s]  (#7) 12q / 6_Clifford+T_015 / cut_divided_budget
    » [21:45:20]  (#7) 12q / 6_Clifford+T_015 / cut_qubit_prop  starting...
    ✓ [  13.0s]  (#7) 12q / 6_Clifford+T_015 / cut_qubit_prop
    » [21:45:33]  (#7) 12q / 6_Clifford+T_015 / cut_incremental_budget  starting...
    ✓ [ 223.5s]  (#7) 12q / 6_Clifford+T_015 / cut_incremental_budget
    » [21:49:16]  (#7) 12q / 6_Clifford+T_015 / cut_incremental_qubit_prop  starting...
    ✓ [ 202.8s]  (#7) 12q / 6_Clifford+T_015 / cut_incremental_qubit_prop

[8/10] 12q / 7_Clifford+T_019  observable: ZIIIIIIIIIII
    » [21:52:39]  12q / 7_Clifford+T_019  observable=ZIIIIIIIIIII  computing ground truth (PennyLane default.qubit)...
    · [   0.0s]  ground_truth = 0.000000
    » [21:52:39]  (#8) 12q / 7_Clifford+T_019 / noisy_vanilla  starting...
    ✓ [   2.5s]  (#8) 12q / 7_Clifford+T_019 / noisy_vanilla
    » [21:52:41]  (#8) 12q / 7_Clifford+T_019 / cut_divided_budget  starting...
/home/local/ADUNIPI/a044855/cutandinc/newcut/lib/python3.12/site-packages/pennylane/qcut/cutstrategy.py:367: UserWarning: The number of partition attempts seems high (41).
  warnings.warn(f"The number of partition attempts seems high ({len(ks)}).")
    ✓ [  10.7s]  (#8) 12q / 7_Clifford+T_019 / cut_divided_budget
    » [21:52:52]  (#8) 12q / 7_Clifford+T_019 / cut_qubit_prop  starting...
    ✓ [   2.5s]  (#8) 12q / 7_Clifford+T_019 / cut_qubit_prop
    » [21:52:55]  (#8) 12q / 7_Clifford+T_019 / cut_incremental_budget  starting...
    ✓ [  50.3s]  (#8) 12q / 7_Clifford+T_019 / cut_incremental_budget
    » [21:53:45]  (#8) 12q / 7_Clifford+T_019 / cut_incremental_qubit_prop  starting...
    ✓ [  66.4s]  (#8) 12q / 7_Clifford+T_019 / cut_incremental_qubit_prop

[9/10] 12q / 8_Clifford+T_021  observable: ZIIIIIIIIIII
    » [21:54:51]  12q / 8_Clifford+T_021  observable=ZIIIIIIIIIII  computing ground truth (PennyLane default.qubit)...
    · [   0.0s]  ground_truth = 0.000000
    » [21:54:51]  (#9) 12q / 8_Clifford+T_021 / noisy_vanilla  starting...
    ✓ [   3.9s]  (#9) 12q / 8_Clifford+T_021 / noisy_vanilla
    » [21:54:55]  (#9) 12q / 8_Clifford+T_021 / cut_divided_budget  starting...
/home/local/ADUNIPI/a044855/cutandinc/newcut/lib/python3.12/site-packages/pennylane/qcut/cutstrategy.py:367: UserWarning: The number of partition attempts seems high (40).
  warnings.warn(f"The number of partition attempts seems high ({len(ks)}).")
    ✓ [  23.3s]  (#9) 12q / 8_Clifford+T_021 / cut_divided_budget
    » [21:55:19]  (#9) 12q / 8_Clifford+T_021 / cut_qubit_prop  starting...
    ✓ [  12.0s]  (#9) 12q / 8_Clifford+T_021 / cut_qubit_prop
    » [21:55:31]  (#9) 12q / 8_Clifford+T_021 / cut_incremental_budget  starting...
    ✓ [ 220.7s]  (#9) 12q / 8_Clifford+T_021 / cut_incremental_budget
    » [21:59:11]  (#9) 12q / 8_Clifford+T_021 / cut_incremental_qubit_prop  starting...
    ✓ [ 214.3s]  (#9) 12q / 8_Clifford+T_021 / cut_incremental_qubit_prop

[10/10] 12q / 9_Clifford+T_025  observable: ZIIIIIIIIIII
    » [22:02:46]  12q / 9_Clifford+T_025  observable=ZIIIIIIIIIII  computing ground truth (PennyLane default.qubit)...
    · [   0.0s]  ground_truth = -1.000000
    » [22:02:46]  (#10) 12q / 9_Clifford+T_025 / noisy_vanilla  starting...
    ✓ [   2.3s]  (#10) 12q / 9_Clifford+T_025 / noisy_vanilla
    » [22:02:48]  (#10) 12q / 9_Clifford+T_025 / cut_divided_budget  starting...
/home/local/ADUNIPI/a044855/cutandinc/newcut/lib/python3.12/site-packages/pennylane/qcut/cutstrategy.py:367: UserWarning: The number of partition attempts seems high (40).
  warnings.warn(f"The number of partition attempts seems high ({len(ks)}).")
    ✓ [  63.0s]  (#10) 12q / 9_Clifford+T_025 / cut_divided_budget
    » [22:03:51]  (#10) 12q / 9_Clifford+T_025 / cut_qubit_prop  starting...
    ✓ [  51.7s]  (#10) 12q / 9_Clifford+T_025 / cut_qubit_prop
    » [22:04:43]  (#10) 12q / 9_Clifford+T_025 / cut_incremental_budget  starting...
    ✓ [ 290.3s]  (#10) 12q / 9_Clifford+T_025 / cut_incremental_budget
    » [22:09:33]  (#10) 12q / 9_Clifford+T_025 / cut_incremental_qubit_prop  starting...
    ✓ [ 295.3s]  (#10) 12q / 9_Clifford+T_025 / cut_incremental_qubit_prop

============================================================
  Finished :   50  mode runs
  Failed   :    0  mode runs
============================================================

Merged CSV -> results/new/ewma_10k_sherbrooke_01/12_qubits/summary.csv
Run log    -> results/new/ewma_10k_sherbrooke_01/12_qubits/run.log
Per-mode JSON -> results/new/ewma_10k_sherbrooke_01/12_qubits/<qubits>q/<circuit>/<mode>.json
[Mon Jun  8 10:14:29 PM UTC 2026] Finished 12 qubits
