[Thu Jun 18 02:59:19 AM UTC 2026] Starting 14 qubits | shots=10000 | backend=aer.fake_kyoto
[Thu Jun 18 02:59:19 AM UTC 2026] Per-job memory limit: 7GB virtual memory

[1/10] 14q / 0_Clifford+T_001  observable: ZIIIIIIIIIIIII
/home/local/ADUNIPI/a044855/cutandinc/newcut/lib/python3.12/site-packages/qiskit_ibm_runtime/fake_provider/backends/nighthawk/fake_nighthawk.py:76: UserWarning: Properties of fake_nighthawk are not intended to represent typical nighthawk error values.
  warnings.warn(
    » [02:59:26]  14q / 0_Clifford+T_001  observable=ZIIIIIIIIIIIII  computing ground truth (PennyLane default.qubit)...
    · [   0.5s]  ground_truth = 1.000000
    » [02:59:26]  (#1) 14q / 0_Clifford+T_001 / noisy_vanilla  starting...
    ✓ [  80.4s]  (#1) 14q / 0_Clifford+T_001 / noisy_vanilla
    » [03:00:46]  (#1) 14q / 0_Clifford+T_001 / cut_divided_budget  starting...
/home/local/ADUNIPI/a044855/cutandinc/newcut/lib/python3.12/site-packages/pennylane/qcut/cutstrategy.py:367: UserWarning: The number of partition attempts seems high (40).
  warnings.warn(f"The number of partition attempts seems high ({len(ks)}).")
    ✓ [  66.9s]  (#1) 14q / 0_Clifford+T_001 / cut_divided_budget
    » [03:01:53]  (#1) 14q / 0_Clifford+T_001 / cut_qubit_prop  starting...
    ✓ [  64.2s]  (#1) 14q / 0_Clifford+T_001 / cut_qubit_prop
    » [03:02:58]  (#1) 14q / 0_Clifford+T_001 / cut_incremental_budget  starting...
    ✓ [ 357.5s]  (#1) 14q / 0_Clifford+T_001 / cut_incremental_budget
    » [03:08:55]  (#1) 14q / 0_Clifford+T_001 / cut_incremental_qubit_prop  starting...
    ✓ [ 344.2s]  (#1) 14q / 0_Clifford+T_001 / cut_incremental_qubit_prop

[2/10] 14q / 1_Clifford+T_011  observable: ZIIIIIIIIIIIII
    » [03:14:39]  14q / 1_Clifford+T_011  observable=ZIIIIIIIIIIIII  computing ground truth (PennyLane default.qubit)...
    · [   0.0s]  ground_truth = 1.000000
    » [03:14:39]  (#2) 14q / 1_Clifford+T_011 / noisy_vanilla  starting...
    ✓ [  78.4s]  (#2) 14q / 1_Clifford+T_011 / noisy_vanilla
    » [03:15:58]  (#2) 14q / 1_Clifford+T_011 / cut_divided_budget  starting...
/home/local/ADUNIPI/a044855/cutandinc/newcut/lib/python3.12/site-packages/pennylane/qcut/cutstrategy.py:367: UserWarning: The number of partition attempts seems high (40).
  warnings.warn(f"The number of partition attempts seems high ({len(ks)}).")
    ✓ [  59.8s]  (#2) 14q / 1_Clifford+T_011 / cut_divided_budget
    » [03:16:57]  (#2) 14q / 1_Clifford+T_011 / cut_qubit_prop  starting...
    ✓ [  52.2s]  (#2) 14q / 1_Clifford+T_011 / cut_qubit_prop
    » [03:17:50]  (#2) 14q / 1_Clifford+T_011 / cut_incremental_budget  starting...
    ✓ [ 514.7s]  (#2) 14q / 1_Clifford+T_011 / cut_incremental_budget
    » [03:26:24]  (#2) 14q / 1_Clifford+T_011 / cut_incremental_qubit_prop  starting...
    ✓ [ 486.1s]  (#2) 14q / 1_Clifford+T_011 / cut_incremental_qubit_prop

[3/10] 14q / 2_Clifford+T_012  observable: ZIIIIIIIIIIIII
    » [03:34:16]  14q / 2_Clifford+T_012  observable=ZIIIIIIIIIIIII  computing ground truth (PennyLane default.qubit)...
    · [   0.0s]  ground_truth = 1.000000
    » [03:34:16]  (#3) 14q / 2_Clifford+T_012 / noisy_vanilla  starting...
    ✓ [ 148.1s]  (#3) 14q / 2_Clifford+T_012 / noisy_vanilla
    » [03:36:44]  (#3) 14q / 2_Clifford+T_012 / cut_divided_budget  starting...
/home/local/ADUNIPI/a044855/cutandinc/newcut/lib/python3.12/site-packages/pennylane/qcut/cutstrategy.py:367: UserWarning: The number of partition attempts seems high (40).
  warnings.warn(f"The number of partition attempts seems high ({len(ks)}).")
    ✓ [  48.6s]  (#3) 14q / 2_Clifford+T_012 / cut_divided_budget
    » [03:37:33]  (#3) 14q / 2_Clifford+T_012 / cut_qubit_prop  starting...
    ✓ [  48.1s]  (#3) 14q / 2_Clifford+T_012 / cut_qubit_prop
    » [03:38:21]  (#3) 14q / 2_Clifford+T_012 / cut_incremental_budget  starting...
    ✓ [ 245.0s]  (#3) 14q / 2_Clifford+T_012 / cut_incremental_budget
    » [03:42:26]  (#3) 14q / 2_Clifford+T_012 / cut_incremental_qubit_prop  starting...
    ✓ [ 429.3s]  (#3) 14q / 2_Clifford+T_012 / cut_incremental_qubit_prop

[4/10] 14q / 3_Clifford+T_014  observable: ZIIIIIIIIIIIII
    » [03:47:58]  14q / 3_Clifford+T_014  observable=ZIIIIIIIIIIIII  computing ground truth (PennyLane default.qubit)...
    · [   0.0s]  ground_truth = -1.000000
    » [03:47:58]  (#4) 14q / 3_Clifford+T_014 / noisy_vanilla  starting...
    ✓ [ 183.3s]  (#4) 14q / 3_Clifford+T_014 / noisy_vanilla
    » [03:51:01]  (#4) 14q / 3_Clifford+T_014 / cut_divided_budget  starting...
/home/local/ADUNIPI/a044855/cutandinc/newcut/lib/python3.12/site-packages/pennylane/qcut/cutstrategy.py:367: UserWarning: The number of partition attempts seems high (40).
  warnings.warn(f"The number of partition attempts seems high ({len(ks)}).")
    ✓ [  70.9s]  (#4) 14q / 3_Clifford+T_014 / cut_divided_budget
    » [03:52:12]  (#4) 14q / 3_Clifford+T_014 / cut_qubit_prop  starting...
    ✓ [  79.9s]  (#4) 14q / 3_Clifford+T_014 / cut_qubit_prop
    » [03:53:32]  (#4) 14q / 3_Clifford+T_014 / cut_incremental_budget  starting...
    ✓ [ 383.1s]  (#4) 14q / 3_Clifford+T_014 / cut_incremental_budget
    » [03:59:55]  (#4) 14q / 3_Clifford+T_014 / cut_incremental_qubit_prop  starting...
    ✓ [ 444.6s]  (#4) 14q / 3_Clifford+T_014 / cut_incremental_qubit_prop

[5/10] 14q / 4_Clifford+T_015  observable: ZIIIIIIIIIIIII
    » [04:07:20]  14q / 4_Clifford+T_015  observable=ZIIIIIIIIIIIII  computing ground truth (PennyLane default.qubit)...
    · [   0.0s]  ground_truth = 0.000000
    » [04:07:20]  (#5) 14q / 4_Clifford+T_015 / noisy_vanilla  starting...
    ✓ [  91.7s]  (#5) 14q / 4_Clifford+T_015 / noisy_vanilla
    » [04:08:51]  (#5) 14q / 4_Clifford+T_015 / cut_divided_budget  starting...
/home/local/ADUNIPI/a044855/cutandinc/newcut/lib/python3.12/site-packages/pennylane/qcut/cutstrategy.py:367: UserWarning: The number of partition attempts seems high (41).
  warnings.warn(f"The number of partition attempts seems high ({len(ks)}).")
    ✓ [  43.0s]  (#5) 14q / 4_Clifford+T_015 / cut_divided_budget
    » [04:09:34]  (#5) 14q / 4_Clifford+T_015 / cut_qubit_prop  starting...
    ✓ [  31.5s]  (#5) 14q / 4_Clifford+T_015 / cut_qubit_prop
    » [04:10:06]  (#5) 14q / 4_Clifford+T_015 / cut_incremental_budget  starting...
    ✓ [ 100.3s]  (#5) 14q / 4_Clifford+T_015 / cut_incremental_budget
    » [04:11:46]  (#5) 14q / 4_Clifford+T_015 / cut_incremental_qubit_prop  starting...
    ✓ [ 158.1s]  (#5) 14q / 4_Clifford+T_015 / cut_incremental_qubit_prop

[6/10] 14q / 5_Clifford+T_016  observable: ZIIIIIIIIIIIII
    » [04:14:24]  14q / 5_Clifford+T_016  observable=ZIIIIIIIIIIIII  computing ground truth (PennyLane default.qubit)...
    · [   0.0s]  ground_truth = 1.000000
    » [04:14:24]  (#6) 14q / 5_Clifford+T_016 / noisy_vanilla  starting...
    ✓ [ 198.6s]  (#6) 14q / 5_Clifford+T_016 / noisy_vanilla
    » [04:17:43]  (#6) 14q / 5_Clifford+T_016 / cut_divided_budget  starting...
/home/local/ADUNIPI/a044855/cutandinc/newcut/lib/python3.12/site-packages/pennylane/qcut/cutstrategy.py:367: UserWarning: The number of partition attempts seems high (40).
  warnings.warn(f"The number of partition attempts seems high ({len(ks)}).")
    ✓ [  28.0s]  (#6) 14q / 5_Clifford+T_016 / cut_divided_budget
    » [04:18:11]  (#6) 14q / 5_Clifford+T_016 / cut_qubit_prop  starting...
    ✓ [  20.8s]  (#6) 14q / 5_Clifford+T_016 / cut_qubit_prop
    » [04:18:32]  (#6) 14q / 5_Clifford+T_016 / cut_incremental_budget  starting...
    ✓ [ 340.7s]  (#6) 14q / 5_Clifford+T_016 / cut_incremental_budget
    » [04:24:12]  (#6) 14q / 5_Clifford+T_016 / cut_incremental_qubit_prop  starting...
    ✓ [ 251.9s]  (#6) 14q / 5_Clifford+T_016 / cut_incremental_qubit_prop

[7/10] 14q / 6_Clifford+T_018  observable: ZIIIIIIIIIIIII
    » [04:28:24]  14q / 6_Clifford+T_018  observable=ZIIIIIIIIIIIII  computing ground truth (PennyLane default.qubit)...
    · [   0.0s]  ground_truth = 1.000000
    » [04:28:24]  (#7) 14q / 6_Clifford+T_018 / noisy_vanilla  starting...
    ✓ [  90.4s]  (#7) 14q / 6_Clifford+T_018 / noisy_vanilla
    » [04:29:55]  (#7) 14q / 6_Clifford+T_018 / cut_divided_budget  starting...
/home/local/ADUNIPI/a044855/cutandinc/newcut/lib/python3.12/site-packages/pennylane/qcut/cutstrategy.py:367: UserWarning: The number of partition attempts seems high (42).
  warnings.warn(f"The number of partition attempts seems high ({len(ks)}).")
    ✓ [  20.8s]  (#7) 14q / 6_Clifford+T_018 / cut_divided_budget
    » [04:30:15]  (#7) 14q / 6_Clifford+T_018 / cut_qubit_prop  starting...
    ✓ [  12.0s]  (#7) 14q / 6_Clifford+T_018 / cut_qubit_prop
    » [04:30:28]  (#7) 14q / 6_Clifford+T_018 / cut_incremental_budget  starting...
    ✓ [ 331.2s]  (#7) 14q / 6_Clifford+T_018 / cut_incremental_budget
    » [04:35:59]  (#7) 14q / 6_Clifford+T_018 / cut_incremental_qubit_prop  starting...
    ✓ [ 308.5s]  (#7) 14q / 6_Clifford+T_018 / cut_incremental_qubit_prop

[8/10] 14q / 7_Clifford+T_019  observable: ZIIIIIIIIIIIII
    » [04:41:07]  14q / 7_Clifford+T_019  observable=ZIIIIIIIIIIIII  computing ground truth (PennyLane default.qubit)...
    · [   0.0s]  ground_truth = -1.000000
    » [04:41:07]  (#8) 14q / 7_Clifford+T_019 / noisy_vanilla  starting...
    ✓ [  90.1s]  (#8) 14q / 7_Clifford+T_019 / noisy_vanilla
    » [04:42:37]  (#8) 14q / 7_Clifford+T_019 / cut_divided_budget  starting...
/home/local/ADUNIPI/a044855/cutandinc/newcut/lib/python3.12/site-packages/pennylane/qcut/cutstrategy.py:367: UserWarning: The number of partition attempts seems high (41).
  warnings.warn(f"The number of partition attempts seems high ({len(ks)}).")
    ✓ [  30.9s]  (#8) 14q / 7_Clifford+T_019 / cut_divided_budget
    » [04:43:08]  (#8) 14q / 7_Clifford+T_019 / cut_qubit_prop  starting...
    ✓ [  30.5s]  (#8) 14q / 7_Clifford+T_019 / cut_qubit_prop
    » [04:43:39]  (#8) 14q / 7_Clifford+T_019 / cut_incremental_budget  starting...
    ✓ [ 230.5s]  (#8) 14q / 7_Clifford+T_019 / cut_incremental_budget
    » [04:47:29]  (#8) 14q / 7_Clifford+T_019 / cut_incremental_qubit_prop  starting...
    ✓ [ 511.2s]  (#8) 14q / 7_Clifford+T_019 / cut_incremental_qubit_prop

[9/10] 14q / 8_Clifford+T_022  observable: ZIIIIIIIIIIIII
    » [04:56:00]  14q / 8_Clifford+T_022  observable=ZIIIIIIIIIIIII  computing ground truth (PennyLane default.qubit)...
    · [   0.0s]  ground_truth = 0.000000
    » [04:56:00]  (#9) 14q / 8_Clifford+T_022 / noisy_vanilla  starting...
    ✓ [ 105.0s]  (#9) 14q / 8_Clifford+T_022 / noisy_vanilla
    » [04:57:45]  (#9) 14q / 8_Clifford+T_022 / cut_divided_budget  starting...
/home/local/ADUNIPI/a044855/cutandinc/newcut/lib/python3.12/site-packages/pennylane/qcut/cutstrategy.py:367: UserWarning: The number of partition attempts seems high (40).
  warnings.warn(f"The number of partition attempts seems high ({len(ks)}).")
    ✓ [  38.0s]  (#9) 14q / 8_Clifford+T_022 / cut_divided_budget
    » [04:58:23]  (#9) 14q / 8_Clifford+T_022 / cut_qubit_prop  starting...
    ✓ [  56.9s]  (#9) 14q / 8_Clifford+T_022 / cut_qubit_prop
    » [04:59:20]  (#9) 14q / 8_Clifford+T_022 / cut_incremental_budget  starting...
    ✓ [ 372.1s]  (#9) 14q / 8_Clifford+T_022 / cut_incremental_budget
    » [05:05:32]  (#9) 14q / 8_Clifford+T_022 / cut_incremental_qubit_prop  starting...
    ✓ [ 433.1s]  (#9) 14q / 8_Clifford+T_022 / cut_incremental_qubit_prop

[10/10] 14q / 9_Clifford+T_026  observable: ZIIIIIIIIIIIII
    » [05:12:45]  14q / 9_Clifford+T_026  observable=ZIIIIIIIIIIIII  computing ground truth (PennyLane default.qubit)...
    · [   0.0s]  ground_truth = 1.000000
    » [05:12:45]  (#10) 14q / 9_Clifford+T_026 / noisy_vanilla  starting...
    ✓ [ 151.6s]  (#10) 14q / 9_Clifford+T_026 / noisy_vanilla
    » [05:15:17]  (#10) 14q / 9_Clifford+T_026 / cut_divided_budget  starting...
/home/local/ADUNIPI/a044855/cutandinc/newcut/lib/python3.12/site-packages/pennylane/qcut/cutstrategy.py:367: UserWarning: The number of partition attempts seems high (40).
  warnings.warn(f"The number of partition attempts seems high ({len(ks)}).")
    ✓ [  30.7s]  (#10) 14q / 9_Clifford+T_026 / cut_divided_budget
    » [05:15:48]  (#10) 14q / 9_Clifford+T_026 / cut_qubit_prop  starting...
    ✓ [  20.5s]  (#10) 14q / 9_Clifford+T_026 / cut_qubit_prop
    » [05:16:08]  (#10) 14q / 9_Clifford+T_026 / cut_incremental_budget  starting...
    ✓ [ 334.7s]  (#10) 14q / 9_Clifford+T_026 / cut_incremental_budget
    » [05:21:43]  (#10) 14q / 9_Clifford+T_026 / cut_incremental_qubit_prop  starting...
    ✓ [ 333.7s]  (#10) 14q / 9_Clifford+T_026 / cut_incremental_qubit_prop

============================================================
  Finished :   50  mode runs
  Failed   :    0  mode runs
============================================================

Merged CSV -> results/new/stable_shots_02/10000_shots/kyoto/14_qubits/summary.csv
Run log    -> results/new/stable_shots_02/10000_shots/kyoto/14_qubits/run.log
Per-mode JSON -> results/new/stable_shots_02/10000_shots/kyoto/14_qubits/<qubits>q/<circuit>/<mode>.json
	Command being timed: "python main_new_new.py --circuits-pkl only_cliffordt/clif14.pkl --shots 10000 --noisy-backend aer.fake_kyoto --seed-simulator 42 --modes noisy_vanilla cut_divided_budget cut_qubit_prop cut_incremental_budget cut_incremental_qubit_prop --incremental-config configs/stable_shots2.json --parallel-circuits 1 --output-dir results/new/stable_shots_02/10000_shots/kyoto/14_qubits"
	User time (seconds): 8859.02
	System time (seconds): 24.69
	Percent of CPU this job got: 100%
	Elapsed (wall clock) time (h:mm:ss or m:ss): 2:27:59
	Average shared text size (kbytes): 0
	Average unshared data size (kbytes): 0
	Average stack size (kbytes): 0
	Average total size (kbytes): 0
	Maximum resident set size (kbytes): 1555220
	Average resident set size (kbytes): 0
	Major (requiring I/O) page faults: 0
	Minor (reclaiming a frame) page faults: 6176849
	Voluntary context switches: 304668
	Involuntary context switches: 15835
	Swaps: 0
	File system inputs: 0
	File system outputs: 3968
	Socket messages sent: 0
	Socket messages received: 0
	Signals delivered: 0
	Page size (bytes): 4096
	Exit status: 0
[Thu Jun 18 05:27:18 AM UTC 2026] Finished 14 qubits | shots=10000 | backend=aer.fake_kyoto
