[Wed Jun 17 10:52:13 PM UTC 2026] Starting 11 qubits | shots=10000 | backend=aer.fake_sherbrooke
[Wed Jun 17 10:52:13 PM UTC 2026] Per-job memory limit: 7GB virtual memory

[1/10] 11q / 0_Clifford+T_001  observable: ZIIIIIIIIII
/home/local/ADUNIPI/a044855/cutandinc/newcut/lib/python3.12/site-packages/qiskit_ibm_runtime/fake_provider/backends/nighthawk/fake_nighthawk.py:76: UserWarning: Properties of fake_nighthawk are not intended to represent typical nighthawk error values.
  warnings.warn(
    » [22:52:24]  11q / 0_Clifford+T_001  observable=ZIIIIIIIIII  computing ground truth (PennyLane default.qubit)...
    · [   0.7s]  ground_truth = 0.000000
    » [22:52:24]  (#1) 11q / 0_Clifford+T_001 / noisy_vanilla  starting...
    ✓ [   3.3s]  (#1) 11q / 0_Clifford+T_001 / noisy_vanilla
    » [22:52:28]  (#1) 11q / 0_Clifford+T_001 / cut_divided_budget  starting...
/home/local/ADUNIPI/a044855/cutandinc/newcut/lib/python3.12/site-packages/pennylane/qcut/cutstrategy.py:367: UserWarning: The number of partition attempts seems high (40).
  warnings.warn(f"The number of partition attempts seems high ({len(ks)}).")
    ✓ [  51.4s]  (#1) 11q / 0_Clifford+T_001 / cut_divided_budget
    » [22:53:19]  (#1) 11q / 0_Clifford+T_001 / cut_qubit_prop  starting...
    ✓ [  39.6s]  (#1) 11q / 0_Clifford+T_001 / cut_qubit_prop
    » [22:53:58]  (#1) 11q / 0_Clifford+T_001 / cut_incremental_budget  starting...
    ✓ [ 304.9s]  (#1) 11q / 0_Clifford+T_001 / cut_incremental_budget
    » [22:59:03]  (#1) 11q / 0_Clifford+T_001 / cut_incremental_qubit_prop  starting...
    ✓ [ 285.7s]  (#1) 11q / 0_Clifford+T_001 / cut_incremental_qubit_prop

[2/10] 11q / 1_Clifford+T_002  observable: ZIIIIIIIIII
    » [23:03:49]  11q / 1_Clifford+T_002  observable=ZIIIIIIIIII  computing ground truth (PennyLane default.qubit)...
    · [   0.3s]  ground_truth = -1.000000
    » [23:03:49]  (#2) 11q / 1_Clifford+T_002 / noisy_vanilla  starting...
    ✓ [   2.9s]  (#2) 11q / 1_Clifford+T_002 / noisy_vanilla
    » [23:03:52]  (#2) 11q / 1_Clifford+T_002 / cut_divided_budget  starting...
/home/local/ADUNIPI/a044855/cutandinc/newcut/lib/python3.12/site-packages/pennylane/qcut/cutstrategy.py:367: UserWarning: The number of partition attempts seems high (40).
  warnings.warn(f"The number of partition attempts seems high ({len(ks)}).")
    ✓ [  51.7s]  (#2) 11q / 1_Clifford+T_002 / cut_divided_budget
    » [23:04:44]  (#2) 11q / 1_Clifford+T_002 / cut_qubit_prop  starting...
    ✓ [  41.2s]  (#2) 11q / 1_Clifford+T_002 / cut_qubit_prop
    » [23:05:25]  (#2) 11q / 1_Clifford+T_002 / cut_incremental_budget  starting...
    ✓ [ 297.5s]  (#2) 11q / 1_Clifford+T_002 / cut_incremental_budget
    » [23:10:23]  (#2) 11q / 1_Clifford+T_002 / cut_incremental_qubit_prop  starting...
    ✓ [ 281.3s]  (#2) 11q / 1_Clifford+T_002 / cut_incremental_qubit_prop

[3/10] 11q / 2_Clifford+T_011  observable: ZIIIIIIIIII
    » [23:15:04]  11q / 2_Clifford+T_011  observable=ZIIIIIIIIII  computing ground truth (PennyLane default.qubit)...
    · [   0.0s]  ground_truth = 0.000000
    » [23:15:04]  (#3) 11q / 2_Clifford+T_011 / noisy_vanilla  starting...
    ✓ [   3.3s]  (#3) 11q / 2_Clifford+T_011 / noisy_vanilla
    » [23:15:07]  (#3) 11q / 2_Clifford+T_011 / cut_divided_budget  starting...
/home/local/ADUNIPI/a044855/cutandinc/newcut/lib/python3.12/site-packages/pennylane/qcut/cutstrategy.py:367: UserWarning: The number of partition attempts seems high (40).
  warnings.warn(f"The number of partition attempts seems high ({len(ks)}).")
    ✓ [  24.3s]  (#3) 11q / 2_Clifford+T_011 / cut_divided_budget
    » [23:15:32]  (#3) 11q / 2_Clifford+T_011 / cut_qubit_prop  starting...
    ✓ [  17.4s]  (#3) 11q / 2_Clifford+T_011 / cut_qubit_prop
    » [23:15:49]  (#3) 11q / 2_Clifford+T_011 / cut_incremental_budget  starting...
    ✓ [ 318.6s]  (#3) 11q / 2_Clifford+T_011 / cut_incremental_budget
    » [23:21:08]  (#3) 11q / 2_Clifford+T_011 / cut_incremental_qubit_prop  starting...
    ✓ [ 289.0s]  (#3) 11q / 2_Clifford+T_011 / cut_incremental_qubit_prop

[4/10] 11q / 3_Clifford+T_015  observable: ZIIIIIIIIII
    » [23:25:57]  11q / 3_Clifford+T_015  observable=ZIIIIIIIIII  computing ground truth (PennyLane default.qubit)...
    · [   0.0s]  ground_truth = 0.000000
    » [23:25:57]  (#4) 11q / 3_Clifford+T_015 / noisy_vanilla  starting...
    ✓ [   2.9s]  (#4) 11q / 3_Clifford+T_015 / noisy_vanilla
    » [23:26:00]  (#4) 11q / 3_Clifford+T_015 / cut_divided_budget  starting...
/home/local/ADUNIPI/a044855/cutandinc/newcut/lib/python3.12/site-packages/pennylane/qcut/cutstrategy.py:367: UserWarning: The number of partition attempts seems high (40).
  warnings.warn(f"The number of partition attempts seems high ({len(ks)}).")
    ✓ [  17.1s]  (#4) 11q / 3_Clifford+T_015 / cut_divided_budget
    » [23:26:17]  (#4) 11q / 3_Clifford+T_015 / cut_qubit_prop  starting...
    ✓ [  10.1s]  (#4) 11q / 3_Clifford+T_015 / cut_qubit_prop
    » [23:26:27]  (#4) 11q / 3_Clifford+T_015 / cut_incremental_budget  starting...
    ✓ [ 173.5s]  (#4) 11q / 3_Clifford+T_015 / cut_incremental_budget
    » [23:29:20]  (#4) 11q / 3_Clifford+T_015 / cut_incremental_qubit_prop  starting...
    ✓ [ 225.2s]  (#4) 11q / 3_Clifford+T_015 / cut_incremental_qubit_prop

[5/10] 11q / 4_Clifford+T_017  observable: ZIIIIIIIIII
    » [23:33:06]  11q / 4_Clifford+T_017  observable=ZIIIIIIIIII  computing ground truth (PennyLane default.qubit)...
    · [   0.0s]  ground_truth = -1.000000
    » [23:33:06]  (#5) 11q / 4_Clifford+T_017 / noisy_vanilla  starting...
    ✓ [   5.5s]  (#5) 11q / 4_Clifford+T_017 / noisy_vanilla
    » [23:33:11]  (#5) 11q / 4_Clifford+T_017 / cut_divided_budget  starting...
/home/local/ADUNIPI/a044855/cutandinc/newcut/lib/python3.12/site-packages/pennylane/qcut/cutstrategy.py:367: UserWarning: The number of partition attempts seems high (40).
  warnings.warn(f"The number of partition attempts seems high ({len(ks)}).")
    ✓ [  23.4s]  (#5) 11q / 4_Clifford+T_017 / cut_divided_budget
    » [23:33:34]  (#5) 11q / 4_Clifford+T_017 / cut_qubit_prop  starting...
    ✓ [  17.3s]  (#5) 11q / 4_Clifford+T_017 / cut_qubit_prop
    » [23:33:52]  (#5) 11q / 4_Clifford+T_017 / cut_incremental_budget  starting...
    ✓ [ 207.1s]  (#5) 11q / 4_Clifford+T_017 / cut_incremental_budget
    » [23:37:19]  (#5) 11q / 4_Clifford+T_017 / cut_incremental_qubit_prop  starting...
    ✓ [ 199.6s]  (#5) 11q / 4_Clifford+T_017 / cut_incremental_qubit_prop

[6/10] 11q / 5_Clifford+T_025  observable: ZIIIIIIIIII
    » [23:40:38]  11q / 5_Clifford+T_025  observable=ZIIIIIIIIII  computing ground truth (PennyLane default.qubit)...
    · [   0.0s]  ground_truth = 0.000000
    » [23:40:38]  (#6) 11q / 5_Clifford+T_025 / noisy_vanilla  starting...
    ✓ [   5.0s]  (#6) 11q / 5_Clifford+T_025 / noisy_vanilla
    » [23:40:43]  (#6) 11q / 5_Clifford+T_025 / cut_divided_budget  starting...
/home/local/ADUNIPI/a044855/cutandinc/newcut/lib/python3.12/site-packages/pennylane/qcut/cutstrategy.py:367: UserWarning: The number of partition attempts seems high (40).
  warnings.warn(f"The number of partition attempts seems high ({len(ks)}).")
    ✓ [  23.0s]  (#6) 11q / 5_Clifford+T_025 / cut_divided_budget
    » [23:41:06]  (#6) 11q / 5_Clifford+T_025 / cut_qubit_prop  starting...
    ✓ [  16.9s]  (#6) 11q / 5_Clifford+T_025 / cut_qubit_prop
    » [23:41:23]  (#6) 11q / 5_Clifford+T_025 / cut_incremental_budget  starting...
    ✓ [ 216.4s]  (#6) 11q / 5_Clifford+T_025 / cut_incremental_budget
    » [23:45:00]  (#6) 11q / 5_Clifford+T_025 / cut_incremental_qubit_prop  starting...
    ✓ [ 226.7s]  (#6) 11q / 5_Clifford+T_025 / cut_incremental_qubit_prop

[7/10] 11q / 6_Clifford+T_026  observable: ZIIIIIIIIII
    » [23:48:46]  11q / 6_Clifford+T_026  observable=ZIIIIIIIIII  computing ground truth (PennyLane default.qubit)...
    · [   0.0s]  ground_truth = 1.000000
    » [23:48:46]  (#7) 11q / 6_Clifford+T_026 / noisy_vanilla  starting...
    ✓ [   6.1s]  (#7) 11q / 6_Clifford+T_026 / noisy_vanilla
    » [23:48:53]  (#7) 11q / 6_Clifford+T_026 / cut_divided_budget  starting...
/home/local/ADUNIPI/a044855/cutandinc/newcut/lib/python3.12/site-packages/pennylane/qcut/cutstrategy.py:367: UserWarning: The number of partition attempts seems high (40).
  warnings.warn(f"The number of partition attempts seems high ({len(ks)}).")
    ✓ [  27.5s]  (#7) 11q / 6_Clifford+T_026 / cut_divided_budget
    » [23:49:20]  (#7) 11q / 6_Clifford+T_026 / cut_qubit_prop  starting...
    ✓ [  20.0s]  (#7) 11q / 6_Clifford+T_026 / cut_qubit_prop
    » [23:49:40]  (#7) 11q / 6_Clifford+T_026 / cut_incremental_budget  starting...
    ✓ [ 303.5s]  (#7) 11q / 6_Clifford+T_026 / cut_incremental_budget
    » [23:54:44]  (#7) 11q / 6_Clifford+T_026 / cut_incremental_qubit_prop  starting...
    ✓ [ 372.5s]  (#7) 11q / 6_Clifford+T_026 / cut_incremental_qubit_prop

[8/10] 11q / 7_Clifford+T_029  observable: ZIIIIIIIIII
    » [00:00:56]  11q / 7_Clifford+T_029  observable=ZIIIIIIIIII  computing ground truth (PennyLane default.qubit)...
    · [   0.0s]  ground_truth = 0.000000
    » [00:00:56]  (#8) 11q / 7_Clifford+T_029 / noisy_vanilla  starting...
    ✓ [   3.4s]  (#8) 11q / 7_Clifford+T_029 / noisy_vanilla
    » [00:00:59]  (#8) 11q / 7_Clifford+T_029 / cut_divided_budget  starting...
/home/local/ADUNIPI/a044855/cutandinc/newcut/lib/python3.12/site-packages/pennylane/qcut/cutstrategy.py:367: UserWarning: The number of partition attempts seems high (40).
  warnings.warn(f"The number of partition attempts seems high ({len(ks)}).")
    ✓ [  17.0s]  (#8) 11q / 7_Clifford+T_029 / cut_divided_budget
    » [00:01:16]  (#8) 11q / 7_Clifford+T_029 / cut_qubit_prop  starting...
    ✓ [  10.0s]  (#8) 11q / 7_Clifford+T_029 / cut_qubit_prop
    » [00:01:27]  (#8) 11q / 7_Clifford+T_029 / cut_incremental_budget  starting...
    ✓ [ 140.4s]  (#8) 11q / 7_Clifford+T_029 / cut_incremental_budget
    » [00:03:47]  (#8) 11q / 7_Clifford+T_029 / cut_incremental_qubit_prop  starting...
    ✓ [ 174.7s]  (#8) 11q / 7_Clifford+T_029 / cut_incremental_qubit_prop

[9/10] 11q / 8_Clifford+T_030  observable: ZIIIIIIIIII
    » [00:06:42]  11q / 8_Clifford+T_030  observable=ZIIIIIIIIII  computing ground truth (PennyLane default.qubit)...
    · [   0.0s]  ground_truth = 1.000000
    » [00:06:42]  (#9) 11q / 8_Clifford+T_030 / noisy_vanilla  starting...
    ✓ [   5.6s]  (#9) 11q / 8_Clifford+T_030 / noisy_vanilla
    » [00:06:47]  (#9) 11q / 8_Clifford+T_030 / cut_divided_budget  starting...
/home/local/ADUNIPI/a044855/cutandinc/newcut/lib/python3.12/site-packages/pennylane/qcut/cutstrategy.py:367: UserWarning: The number of partition attempts seems high (40).
  warnings.warn(f"The number of partition attempts seems high ({len(ks)}).")
    ✓ [  27.4s]  (#9) 11q / 8_Clifford+T_030 / cut_divided_budget
    » [00:07:15]  (#9) 11q / 8_Clifford+T_030 / cut_qubit_prop  starting...
    ✓ [  16.4s]  (#9) 11q / 8_Clifford+T_030 / cut_qubit_prop
    » [00:07:31]  (#9) 11q / 8_Clifford+T_030 / cut_incremental_budget  starting...
    ✓ [ 185.0s]  (#9) 11q / 8_Clifford+T_030 / cut_incremental_budget
    » [00:10:36]  (#9) 11q / 8_Clifford+T_030 / cut_incremental_qubit_prop  starting...
    ✓ [ 184.4s]  (#9) 11q / 8_Clifford+T_030 / cut_incremental_qubit_prop

[10/10] 11q / 9_Clifford+T_033  observable: ZIIIIIIIIII
    » [00:13:41]  11q / 9_Clifford+T_033  observable=ZIIIIIIIIII  computing ground truth (PennyLane default.qubit)...
    · [   0.0s]  ground_truth = 1.000000
    » [00:13:41]  (#10) 11q / 9_Clifford+T_033 / noisy_vanilla  starting...
    ✓ [   5.3s]  (#10) 11q / 9_Clifford+T_033 / noisy_vanilla
    » [00:13:46]  (#10) 11q / 9_Clifford+T_033 / cut_divided_budget  starting...
/home/local/ADUNIPI/a044855/cutandinc/newcut/lib/python3.12/site-packages/pennylane/qcut/cutstrategy.py:367: UserWarning: The number of partition attempts seems high (40).
  warnings.warn(f"The number of partition attempts seems high ({len(ks)}).")
    ✓ [  27.9s]  (#10) 11q / 9_Clifford+T_033 / cut_divided_budget
    » [00:14:14]  (#10) 11q / 9_Clifford+T_033 / cut_qubit_prop  starting...
    ✓ [  16.7s]  (#10) 11q / 9_Clifford+T_033 / cut_qubit_prop
    » [00:14:30]  (#10) 11q / 9_Clifford+T_033 / cut_incremental_budget  starting...
    ✓ [ 211.9s]  (#10) 11q / 9_Clifford+T_033 / cut_incremental_budget
    » [00:18:02]  (#10) 11q / 9_Clifford+T_033 / cut_incremental_qubit_prop  starting...
    ✓ [ 210.1s]  (#10) 11q / 9_Clifford+T_033 / cut_incremental_qubit_prop

============================================================
  Finished :   50  mode runs
  Failed   :    0  mode runs
============================================================

Merged CSV -> results/new/stable_shots3/10000_shots/sherbrooke/11_qubits/summary.csv
Run log    -> results/new/stable_shots3/10000_shots/sherbrooke/11_qubits/run.log
Per-mode JSON -> results/new/stable_shots3/10000_shots/sherbrooke/11_qubits/<qubits>q/<circuit>/<mode>.json
	Command being timed: "python main_new_new.py --circuits-pkl only_cliffordt/clif11.pkl --shots 10000 --noisy-backend aer.fake_sherbrooke --seed-simulator 42 --modes noisy_vanilla cut_divided_budget cut_qubit_prop cut_incremental_budget cut_incremental_qubit_prop --incremental-config configs/stable_shots3.json --parallel-circuits 1 --output-dir results/new/stable_shots3/10000_shots/sherbrooke/11_qubits"
	User time (seconds): 5354.67
	System time (seconds): 4.64
	Percent of CPU this job got: 99%
	Elapsed (wall clock) time (h:mm:ss or m:ss): 1:29:20
	Average shared text size (kbytes): 0
	Average unshared data size (kbytes): 0
	Average stack size (kbytes): 0
	Average total size (kbytes): 0
	Maximum resident set size (kbytes): 539760
	Average resident set size (kbytes): 0
	Major (requiring I/O) page faults: 0
	Minor (reclaiming a frame) page faults: 1300099
	Voluntary context switches: 58996
	Involuntary context switches: 4130
	Swaps: 0
	File system inputs: 0
	File system outputs: 3216
	Socket messages sent: 0
	Socket messages received: 0
	Signals delivered: 0
	Page size (bytes): 4096
	Exit status: 0
[Thu Jun 18 12:21:34 AM UTC 2026] Finished 11 qubits | shots=10000 | backend=aer.fake_sherbrooke
herbrooke
