[Wed Jun 17 06:31:46 PM UTC 2026] Starting 14 qubits | shots=5000 | backend=aer.fake_sherbrooke
[Wed Jun 17 06:31:46 PM UTC 2026] Per-job memory limit: 7GB virtual memory

[1/10] 14q / 0_Clifford+T_001  observable: ZIIIIIIIIIIIII
/home/local/ADUNIPI/a044855/cutandinc/newcut/lib/python3.12/site-packages/qiskit_ibm_runtime/fake_provider/backends/nighthawk/fake_nighthawk.py:76: UserWarning: Properties of fake_nighthawk are not intended to represent typical nighthawk error values.
  warnings.warn(
    » [18:31:53]  14q / 0_Clifford+T_001  observable=ZIIIIIIIIIIIII  computing ground truth (PennyLane default.qubit)...
    · [   0.5s]  ground_truth = 1.000000
    » [18:31:54]  (#1) 14q / 0_Clifford+T_001 / noisy_vanilla  starting...
    ✓ [  72.4s]  (#1) 14q / 0_Clifford+T_001 / noisy_vanilla
    » [18:33:06]  (#1) 14q / 0_Clifford+T_001 / cut_divided_budget  starting...
/home/local/ADUNIPI/a044855/cutandinc/newcut/lib/python3.12/site-packages/pennylane/qcut/cutstrategy.py:367: UserWarning: The number of partition attempts seems high (40).
  warnings.warn(f"The number of partition attempts seems high ({len(ks)}).")
    ✓ [  53.5s]  (#1) 14q / 0_Clifford+T_001 / cut_divided_budget
    » [18:34:00]  (#1) 14q / 0_Clifford+T_001 / cut_qubit_prop  starting...
    ✓ [  49.0s]  (#1) 14q / 0_Clifford+T_001 / cut_qubit_prop
    » [18:34:49]  (#1) 14q / 0_Clifford+T_001 / cut_incremental_budget  starting...
    ✓ [ 274.4s]  (#1) 14q / 0_Clifford+T_001 / cut_incremental_budget
    » [18:39:23]  (#1) 14q / 0_Clifford+T_001 / cut_incremental_qubit_prop  starting...
    ✓ [ 231.1s]  (#1) 14q / 0_Clifford+T_001 / cut_incremental_qubit_prop

[2/10] 14q / 1_Clifford+T_011  observable: ZIIIIIIIIIIIII
    » [18:43:14]  14q / 1_Clifford+T_011  observable=ZIIIIIIIIIIIII  computing ground truth (PennyLane default.qubit)...
    · [   0.3s]  ground_truth = 1.000000
    » [18:43:14]  (#2) 14q / 1_Clifford+T_011 / noisy_vanilla  starting...
    ✓ [  70.6s]  (#2) 14q / 1_Clifford+T_011 / noisy_vanilla
    » [18:44:25]  (#2) 14q / 1_Clifford+T_011 / cut_divided_budget  starting...
/home/local/ADUNIPI/a044855/cutandinc/newcut/lib/python3.12/site-packages/pennylane/qcut/cutstrategy.py:367: UserWarning: The number of partition attempts seems high (40).
  warnings.warn(f"The number of partition attempts seems high ({len(ks)}).")
    ✓ [  81.6s]  (#2) 14q / 1_Clifford+T_011 / cut_divided_budget
    » [18:45:47]  (#2) 14q / 1_Clifford+T_011 / cut_qubit_prop  starting...
    ✓ [  70.1s]  (#2) 14q / 1_Clifford+T_011 / cut_qubit_prop
    » [18:46:57]  (#2) 14q / 1_Clifford+T_011 / cut_incremental_budget  starting...
    ✓ [ 282.0s]  (#2) 14q / 1_Clifford+T_011 / cut_incremental_budget
    » [18:51:39]  (#2) 14q / 1_Clifford+T_011 / cut_incremental_qubit_prop  starting...
    ✓ [ 239.3s]  (#2) 14q / 1_Clifford+T_011 / cut_incremental_qubit_prop

[3/10] 14q / 2_Clifford+T_012  observable: ZIIIIIIIIIIIII
    » [18:55:38]  14q / 2_Clifford+T_012  observable=ZIIIIIIIIIIIII  computing ground truth (PennyLane default.qubit)...
    · [   0.0s]  ground_truth = 1.000000
    » [18:55:38]  (#3) 14q / 2_Clifford+T_012 / noisy_vanilla  starting...
    ✓ [  72.8s]  (#3) 14q / 2_Clifford+T_012 / noisy_vanilla
    » [18:56:51]  (#3) 14q / 2_Clifford+T_012 / cut_divided_budget  starting...
/home/local/ADUNIPI/a044855/cutandinc/newcut/lib/python3.12/site-packages/pennylane/qcut/cutstrategy.py:367: UserWarning: The number of partition attempts seems high (40).
  warnings.warn(f"The number of partition attempts seems high ({len(ks)}).")
    ✓ [  36.2s]  (#3) 14q / 2_Clifford+T_012 / cut_divided_budget
    » [18:57:27]  (#3) 14q / 2_Clifford+T_012 / cut_qubit_prop  starting...
    ✓ [  30.2s]  (#3) 14q / 2_Clifford+T_012 / cut_qubit_prop
    » [18:57:57]  (#3) 14q / 2_Clifford+T_012 / cut_incremental_budget  starting...
    ✓ [ 195.4s]  (#3) 14q / 2_Clifford+T_012 / cut_incremental_budget
    » [19:01:13]  (#3) 14q / 2_Clifford+T_012 / cut_incremental_qubit_prop  starting...
    ✓ [ 236.7s]  (#3) 14q / 2_Clifford+T_012 / cut_incremental_qubit_prop

[4/10] 14q / 3_Clifford+T_014  observable: ZIIIIIIIIIIIII
    » [19:05:09]  14q / 3_Clifford+T_014  observable=ZIIIIIIIIIIIII  computing ground truth (PennyLane default.qubit)...
    · [   0.0s]  ground_truth = -1.000000
    » [19:05:09]  (#4) 14q / 3_Clifford+T_014 / noisy_vanilla  starting...
    ✓ [  74.7s]  (#4) 14q / 3_Clifford+T_014 / noisy_vanilla
    » [19:06:24]  (#4) 14q / 3_Clifford+T_014 / cut_divided_budget  starting...
/home/local/ADUNIPI/a044855/cutandinc/newcut/lib/python3.12/site-packages/pennylane/qcut/cutstrategy.py:367: UserWarning: The number of partition attempts seems high (40).
  warnings.warn(f"The number of partition attempts seems high ({len(ks)}).")
    ✓ [  31.9s]  (#4) 14q / 3_Clifford+T_014 / cut_divided_budget
    » [19:06:56]  (#4) 14q / 3_Clifford+T_014 / cut_qubit_prop  starting...
    ✓ [  38.0s]  (#4) 14q / 3_Clifford+T_014 / cut_qubit_prop
    » [19:07:34]  (#4) 14q / 3_Clifford+T_014 / cut_incremental_budget  starting...
    ✓ [ 200.4s]  (#4) 14q / 3_Clifford+T_014 / cut_incremental_budget
    » [19:10:54]  (#4) 14q / 3_Clifford+T_014 / cut_incremental_qubit_prop  starting...
    ✓ [ 254.6s]  (#4) 14q / 3_Clifford+T_014 / cut_incremental_qubit_prop

[5/10] 14q / 4_Clifford+T_015  observable: ZIIIIIIIIIIIII
    » [19:15:09]  14q / 4_Clifford+T_015  observable=ZIIIIIIIIIIIII  computing ground truth (PennyLane default.qubit)...
    · [   0.0s]  ground_truth = 0.000000
    » [19:15:09]  (#5) 14q / 4_Clifford+T_015 / noisy_vanilla  starting...
    ✓ [  96.1s]  (#5) 14q / 4_Clifford+T_015 / noisy_vanilla
    » [19:16:45]  (#5) 14q / 4_Clifford+T_015 / cut_divided_budget  starting...
/home/local/ADUNIPI/a044855/cutandinc/newcut/lib/python3.12/site-packages/pennylane/qcut/cutstrategy.py:367: UserWarning: The number of partition attempts seems high (41).
  warnings.warn(f"The number of partition attempts seems high ({len(ks)}).")
    ✓ [  56.1s]  (#5) 14q / 4_Clifford+T_015 / cut_divided_budget
    » [19:17:41]  (#5) 14q / 4_Clifford+T_015 / cut_qubit_prop  starting...
    ✓ [  46.0s]  (#5) 14q / 4_Clifford+T_015 / cut_qubit_prop
    » [19:18:27]  (#5) 14q / 4_Clifford+T_015 / cut_incremental_budget  starting...
    ✓ [  72.9s]  (#5) 14q / 4_Clifford+T_015 / cut_incremental_budget
    » [19:19:40]  (#5) 14q / 4_Clifford+T_015 / cut_incremental_qubit_prop  starting...
    ✓ [  50.4s]  (#5) 14q / 4_Clifford+T_015 / cut_incremental_qubit_prop

[6/10] 14q / 5_Clifford+T_016  observable: ZIIIIIIIIIIIII
    » [19:20:31]  14q / 5_Clifford+T_016  observable=ZIIIIIIIIIIIII  computing ground truth (PennyLane default.qubit)...
    · [   0.0s]  ground_truth = 1.000000
    » [19:20:31]  (#6) 14q / 5_Clifford+T_016 / noisy_vanilla  starting...
    ✓ [  43.2s]  (#6) 14q / 5_Clifford+T_016 / noisy_vanilla
    » [19:21:14]  (#6) 14q / 5_Clifford+T_016 / cut_divided_budget  starting...
/home/local/ADUNIPI/a044855/cutandinc/newcut/lib/python3.12/site-packages/pennylane/qcut/cutstrategy.py:367: UserWarning: The number of partition attempts seems high (40).
  warnings.warn(f"The number of partition attempts seems high ({len(ks)}).")
    ✓ [  21.3s]  (#6) 14q / 5_Clifford+T_016 / cut_divided_budget
    » [19:21:35]  (#6) 14q / 5_Clifford+T_016 / cut_qubit_prop  starting...
    ✓ [  16.9s]  (#6) 14q / 5_Clifford+T_016 / cut_qubit_prop
    » [19:21:52]  (#6) 14q / 5_Clifford+T_016 / cut_incremental_budget  starting...
    ✓ [ 178.3s]  (#6) 14q / 5_Clifford+T_016 / cut_incremental_budget
    » [19:24:50]  (#6) 14q / 5_Clifford+T_016 / cut_incremental_qubit_prop  starting...
    ✓ [ 114.5s]  (#6) 14q / 5_Clifford+T_016 / cut_incremental_qubit_prop

[7/10] 14q / 6_Clifford+T_018  observable: ZIIIIIIIIIIIII
    » [19:26:45]  14q / 6_Clifford+T_018  observable=ZIIIIIIIIIIIII  computing ground truth (PennyLane default.qubit)...
    · [   0.0s]  ground_truth = 1.000000
    » [19:26:45]  (#7) 14q / 6_Clifford+T_018 / noisy_vanilla  starting...
    ✓ [  41.9s]  (#7) 14q / 6_Clifford+T_018 / noisy_vanilla
    » [19:27:27]  (#7) 14q / 6_Clifford+T_018 / cut_divided_budget  starting...
/home/local/ADUNIPI/a044855/cutandinc/newcut/lib/python3.12/site-packages/pennylane/qcut/cutstrategy.py:367: UserWarning: The number of partition attempts seems high (42).
  warnings.warn(f"The number of partition attempts seems high ({len(ks)}).")
    ✓ [  22.5s]  (#7) 14q / 6_Clifford+T_018 / cut_divided_budget
    » [19:27:49]  (#7) 14q / 6_Clifford+T_018 / cut_qubit_prop  starting...
    ✓ [  15.4s]  (#7) 14q / 6_Clifford+T_018 / cut_qubit_prop
    » [19:28:04]  (#7) 14q / 6_Clifford+T_018 / cut_incremental_budget  starting...
    ✓ [ 202.4s]  (#7) 14q / 6_Clifford+T_018 / cut_incremental_budget
    » [19:31:27]  (#7) 14q / 6_Clifford+T_018 / cut_incremental_qubit_prop  starting...
    ✓ [ 186.2s]  (#7) 14q / 6_Clifford+T_018 / cut_incremental_qubit_prop

[8/10] 14q / 7_Clifford+T_019  observable: ZIIIIIIIIIIIII
    » [19:34:33]  14q / 7_Clifford+T_019  observable=ZIIIIIIIIIIIII  computing ground truth (PennyLane default.qubit)...
    · [   0.0s]  ground_truth = -1.000000
    » [19:34:33]  (#8) 14q / 7_Clifford+T_019 / noisy_vanilla  starting...
    ✓ [  45.9s]  (#8) 14q / 7_Clifford+T_019 / noisy_vanilla
    » [19:35:19]  (#8) 14q / 7_Clifford+T_019 / cut_divided_budget  starting...
/home/local/ADUNIPI/a044855/cutandinc/newcut/lib/python3.12/site-packages/pennylane/qcut/cutstrategy.py:367: UserWarning: The number of partition attempts seems high (41).
  warnings.warn(f"The number of partition attempts seems high ({len(ks)}).")
    ✓ [  27.7s]  (#8) 14q / 7_Clifford+T_019 / cut_divided_budget
    » [19:35:47]  (#8) 14q / 7_Clifford+T_019 / cut_qubit_prop  starting...
    ✓ [  18.9s]  (#8) 14q / 7_Clifford+T_019 / cut_qubit_prop
    » [19:36:05]  (#8) 14q / 7_Clifford+T_019 / cut_incremental_budget  starting...
    ✓ [ 119.4s]  (#8) 14q / 7_Clifford+T_019 / cut_incremental_budget
    » [19:38:05]  (#8) 14q / 7_Clifford+T_019 / cut_incremental_qubit_prop  starting...
    ✓ [ 153.3s]  (#8) 14q / 7_Clifford+T_019 / cut_incremental_qubit_prop

[9/10] 14q / 8_Clifford+T_022  observable: ZIIIIIIIIIIIII
    » [19:40:38]  14q / 8_Clifford+T_022  observable=ZIIIIIIIIIIIII  computing ground truth (PennyLane default.qubit)...
    · [   0.0s]  ground_truth = 0.000000
    » [19:40:38]  (#9) 14q / 8_Clifford+T_022 / noisy_vanilla  starting...
    ✓ [  40.2s]  (#9) 14q / 8_Clifford+T_022 / noisy_vanilla
    » [19:41:18]  (#9) 14q / 8_Clifford+T_022 / cut_divided_budget  starting...
/home/local/ADUNIPI/a044855/cutandinc/newcut/lib/python3.12/site-packages/pennylane/qcut/cutstrategy.py:367: UserWarning: The number of partition attempts seems high (40).
  warnings.warn(f"The number of partition attempts seems high ({len(ks)}).")
    ✓ [  25.8s]  (#9) 14q / 8_Clifford+T_022 / cut_divided_budget
    » [19:41:44]  (#9) 14q / 8_Clifford+T_022 / cut_qubit_prop  starting...
    ✓ [  18.2s]  (#9) 14q / 8_Clifford+T_022 / cut_qubit_prop
    » [19:42:02]  (#9) 14q / 8_Clifford+T_022 / cut_incremental_budget  starting...
    ✓ [ 184.5s]  (#9) 14q / 8_Clifford+T_022 / cut_incremental_budget
    » [19:45:07]  (#9) 14q / 8_Clifford+T_022 / cut_incremental_qubit_prop  starting...
    ✓ [ 192.7s]  (#9) 14q / 8_Clifford+T_022 / cut_incremental_qubit_prop

[10/10] 14q / 9_Clifford+T_026  observable: ZIIIIIIIIIIIII
    » [19:48:20]  14q / 9_Clifford+T_026  observable=ZIIIIIIIIIIIII  computing ground truth (PennyLane default.qubit)...
    · [   0.0s]  ground_truth = 1.000000
    » [19:48:20]  (#10) 14q / 9_Clifford+T_026 / noisy_vanilla  starting...
    ✓ [  67.4s]  (#10) 14q / 9_Clifford+T_026 / noisy_vanilla
    » [19:49:27]  (#10) 14q / 9_Clifford+T_026 / cut_divided_budget  starting...
/home/local/ADUNIPI/a044855/cutandinc/newcut/lib/python3.12/site-packages/pennylane/qcut/cutstrategy.py:367: UserWarning: The number of partition attempts seems high (40).
  warnings.warn(f"The number of partition attempts seems high ({len(ks)}).")
    ✓ [  16.6s]  (#10) 14q / 9_Clifford+T_026 / cut_divided_budget
    » [19:49:44]  (#10) 14q / 9_Clifford+T_026 / cut_qubit_prop  starting...
    ✓ [  10.1s]  (#10) 14q / 9_Clifford+T_026 / cut_qubit_prop
    » [19:49:54]  (#10) 14q / 9_Clifford+T_026 / cut_incremental_budget  starting...
    ✓ [ 126.9s]  (#10) 14q / 9_Clifford+T_026 / cut_incremental_budget
    » [19:52:01]  (#10) 14q / 9_Clifford+T_026 / cut_incremental_qubit_prop  starting...
    ✓ [ 123.2s]  (#10) 14q / 9_Clifford+T_026 / cut_incremental_qubit_prop

============================================================
  Finished :   50  mode runs
  Failed   :    0  mode runs
============================================================

Merged CSV -> results/new/stable_shots3/5000_shots/sherbrooke/14_qubits/summary.csv
Run log    -> results/new/stable_shots3/5000_shots/sherbrooke/14_qubits/run.log
Per-mode JSON -> results/new/stable_shots3/5000_shots/sherbrooke/14_qubits/<qubits>q/<circuit>/<mode>.json
	Command being timed: "python main_new_new.py --circuits-pkl only_cliffordt/clif14.pkl --shots 5000 --noisy-backend aer.fake_sherbrooke --seed-simulator 42 --modes noisy_vanilla cut_divided_budget cut_qubit_prop cut_incremental_budget cut_incremental_qubit_prop --incremental-config configs/stable_shots3.json --parallel-circuits 1 --output-dir results/new/stable_shots3/5000_shots/sherbrooke/14_qubits"
	User time (seconds): 4933.10
	System time (seconds): 7.37
	Percent of CPU this job got: 100%
	Elapsed (wall clock) time (h:mm:ss or m:ss): 1:22:18
	Average shared text size (kbytes): 0
	Average unshared data size (kbytes): 0
	Average stack size (kbytes): 0
	Average total size (kbytes): 0
	Maximum resident set size (kbytes): 464760
	Average resident set size (kbytes): 0
	Major (requiring I/O) page faults: 0
	Minor (reclaiming a frame) page faults: 1505769
	Voluntary context switches: 153516
	Involuntary context switches: 7112
	Swaps: 0
	File system inputs: 0
	File system outputs: 3592
	Socket messages sent: 0
	Socket messages received: 0
	Signals delivered: 0
	Page size (bytes): 4096
	Exit status: 0
[Wed Jun 17 07:54:05 PM UTC 2026] Finished 14 qubits | shots=5000 | backend=aer.fake_sherbrooke
brooke
