[Tue Jun  9 02:34:21 PM UTC 2026] Starting 13 qubits

[1/10] 13q / 0_Clifford+T_002  observable: ZIIIIIIIIIIII
/home/local/ADUNIPI/a044855/cutandinc/newcut/lib/python3.12/site-packages/qiskit_ibm_runtime/fake_provider/backends/nighthawk/fake_nighthawk.py:76: UserWarning: Properties of fake_nighthawk are not intended to represent typical nighthawk error values.
  warnings.warn(
    » [14:34:29]  13q / 0_Clifford+T_002  observable=ZIIIIIIIIIIII  computing ground truth (PennyLane default.qubit)...
    · [   0.5s]  ground_truth = -1.000000
    » [14:34:30]  (#1) 13q / 0_Clifford+T_002 / noisy_vanilla  starting...
    ✓ [   6.9s]  (#1) 13q / 0_Clifford+T_002 / noisy_vanilla
    » [14:34:36]  (#1) 13q / 0_Clifford+T_002 / cut_divided_budget  starting...
/home/local/ADUNIPI/a044855/cutandinc/newcut/lib/python3.12/site-packages/pennylane/qcut/cutstrategy.py:367: UserWarning: The number of partition attempts seems high (40).
  warnings.warn(f"The number of partition attempts seems high ({len(ks)}).")
    ✓ [  27.4s]  (#1) 13q / 0_Clifford+T_002 / cut_divided_budget
    » [14:35:04]  (#1) 13q / 0_Clifford+T_002 / cut_qubit_prop  starting...
    ✓ [  11.9s]  (#1) 13q / 0_Clifford+T_002 / cut_qubit_prop
    » [14:35:16]  (#1) 13q / 0_Clifford+T_002 / cut_incremental_budget  starting...
    ✓ [ 119.0s]  (#1) 13q / 0_Clifford+T_002 / cut_incremental_budget
    » [14:37:15]  (#1) 13q / 0_Clifford+T_002 / cut_incremental_qubit_prop  starting...
    ✓ [ 145.3s]  (#1) 13q / 0_Clifford+T_002 / cut_incremental_qubit_prop

[2/10] 13q / 1_Clifford+T_004  observable: ZIIIIIIIIIIII
    » [14:39:40]  13q / 1_Clifford+T_004  observable=ZIIIIIIIIIIII  computing ground truth (PennyLane default.qubit)...
    · [   0.3s]  ground_truth = 0.000000
    » [14:39:40]  (#2) 13q / 1_Clifford+T_004 / noisy_vanilla  starting...
    ✓ [   2.7s]  (#2) 13q / 1_Clifford+T_004 / noisy_vanilla
    » [14:39:43]  (#2) 13q / 1_Clifford+T_004 / cut_divided_budget  starting...
/home/local/ADUNIPI/a044855/cutandinc/newcut/lib/python3.12/site-packages/pennylane/qcut/cutstrategy.py:367: UserWarning: The number of partition attempts seems high (40).
  warnings.warn(f"The number of partition attempts seems high ({len(ks)}).")
    ✓ [  32.9s]  (#2) 13q / 1_Clifford+T_004 / cut_divided_budget
    » [14:40:16]  (#2) 13q / 1_Clifford+T_004 / cut_qubit_prop  starting...
    ✓ [  11.5s]  (#2) 13q / 1_Clifford+T_004 / cut_qubit_prop
    » [14:40:27]  (#2) 13q / 1_Clifford+T_004 / cut_incremental_budget  starting...
    ✓ [ 137.8s]  (#2) 13q / 1_Clifford+T_004 / cut_incremental_budget
    » [14:42:45]  (#2) 13q / 1_Clifford+T_004 / cut_incremental_qubit_prop  starting...
    ✓ [ 161.0s]  (#2) 13q / 1_Clifford+T_004 / cut_incremental_qubit_prop

[3/10] 13q / 2_Clifford+T_007  observable: ZIIIIIIIIIIII
    » [14:45:26]  13q / 2_Clifford+T_007  observable=ZIIIIIIIIIIII  computing ground truth (PennyLane default.qubit)...
    · [   0.0s]  ground_truth = -1.000000
    » [14:45:26]  (#3) 13q / 2_Clifford+T_007 / noisy_vanilla  starting...
    ✓ [   7.0s]  (#3) 13q / 2_Clifford+T_007 / noisy_vanilla
    » [14:45:33]  (#3) 13q / 2_Clifford+T_007 / cut_divided_budget  starting...
/home/local/ADUNIPI/a044855/cutandinc/newcut/lib/python3.12/site-packages/pennylane/qcut/cutstrategy.py:367: UserWarning: The number of partition attempts seems high (40).
  warnings.warn(f"The number of partition attempts seems high ({len(ks)}).")
    ✓ [  25.8s]  (#3) 13q / 2_Clifford+T_007 / cut_divided_budget
    » [14:45:59]  (#3) 13q / 2_Clifford+T_007 / cut_qubit_prop  starting...
    ✓ [  13.0s]  (#3) 13q / 2_Clifford+T_007 / cut_qubit_prop
    » [14:46:12]  (#3) 13q / 2_Clifford+T_007 / cut_incremental_budget  starting...
    ✓ [ 146.6s]  (#3) 13q / 2_Clifford+T_007 / cut_incremental_budget
    » [14:48:39]  (#3) 13q / 2_Clifford+T_007 / cut_incremental_qubit_prop  starting...
    ✓ [ 158.7s]  (#3) 13q / 2_Clifford+T_007 / cut_incremental_qubit_prop

[4/10] 13q / 3_Clifford+T_010  observable: ZIIIIIIIIIIII
    » [14:51:17]  13q / 3_Clifford+T_010  observable=ZIIIIIIIIIIII  computing ground truth (PennyLane default.qubit)...
    · [   0.0s]  ground_truth = 1.000000
    » [14:51:17]  (#4) 13q / 3_Clifford+T_010 / noisy_vanilla  starting...
    ✓ [   3.8s]  (#4) 13q / 3_Clifford+T_010 / noisy_vanilla
    » [14:51:21]  (#4) 13q / 3_Clifford+T_010 / cut_divided_budget  starting...
/home/local/ADUNIPI/a044855/cutandinc/newcut/lib/python3.12/site-packages/pennylane/qcut/cutstrategy.py:367: UserWarning: The number of partition attempts seems high (40).
  warnings.warn(f"The number of partition attempts seems high ({len(ks)}).")
    ✓ [  24.3s]  (#4) 13q / 3_Clifford+T_010 / cut_divided_budget
    » [14:51:46]  (#4) 13q / 3_Clifford+T_010 / cut_qubit_prop  starting...
    ✓ [  10.5s]  (#4) 13q / 3_Clifford+T_010 / cut_qubit_prop
    » [14:51:56]  (#4) 13q / 3_Clifford+T_010 / cut_incremental_budget  starting...
    ✓ [ 128.4s]  (#4) 13q / 3_Clifford+T_010 / cut_incremental_budget
    » [14:54:05]  (#4) 13q / 3_Clifford+T_010 / cut_incremental_qubit_prop  starting...
    ✓ [ 163.8s]  (#4) 13q / 3_Clifford+T_010 / cut_incremental_qubit_prop

[5/10] 13q / 4_Clifford+T_012  observable: ZIIIIIIIIIIII
    » [14:56:48]  13q / 4_Clifford+T_012  observable=ZIIIIIIIIIIII  computing ground truth (PennyLane default.qubit)...
    · [   0.0s]  ground_truth = -1.000000
    » [14:56:48]  (#5) 13q / 4_Clifford+T_012 / noisy_vanilla  starting...
    ✓ [   3.2s]  (#5) 13q / 4_Clifford+T_012 / noisy_vanilla
    » [14:56:52]  (#5) 13q / 4_Clifford+T_012 / cut_divided_budget  starting...
/home/local/ADUNIPI/a044855/cutandinc/newcut/lib/python3.12/site-packages/pennylane/qcut/cutstrategy.py:367: UserWarning: The number of partition attempts seems high (40).
  warnings.warn(f"The number of partition attempts seems high ({len(ks)}).")
    ✓ [  18.7s]  (#5) 13q / 4_Clifford+T_012 / cut_divided_budget
    » [14:57:10]  (#5) 13q / 4_Clifford+T_012 / cut_qubit_prop  starting...
    ✓ [  10.6s]  (#5) 13q / 4_Clifford+T_012 / cut_qubit_prop
    » [14:57:21]  (#5) 13q / 4_Clifford+T_012 / cut_incremental_budget  starting...
    ✓ [ 152.4s]  (#5) 13q / 4_Clifford+T_012 / cut_incremental_budget
    » [14:59:53]  (#5) 13q / 4_Clifford+T_012 / cut_incremental_qubit_prop  starting...
    ✓ [ 161.2s]  (#5) 13q / 4_Clifford+T_012 / cut_incremental_qubit_prop

[6/10] 13q / 5_Clifford+T_014  observable: ZIIIIIIIIIIII
    » [15:02:35]  13q / 5_Clifford+T_014  observable=ZIIIIIIIIIIII  computing ground truth (PennyLane default.qubit)...
    · [   0.0s]  ground_truth = -1.000000
    » [15:02:35]  (#6) 13q / 5_Clifford+T_014 / noisy_vanilla  starting...
    ✓ [   5.9s]  (#6) 13q / 5_Clifford+T_014 / noisy_vanilla
    » [15:02:40]  (#6) 13q / 5_Clifford+T_014 / cut_divided_budget  starting...
/home/local/ADUNIPI/a044855/cutandinc/newcut/lib/python3.12/site-packages/pennylane/qcut/cutstrategy.py:367: UserWarning: The number of partition attempts seems high (40).
  warnings.warn(f"The number of partition attempts seems high ({len(ks)}).")
    ✓ [  51.5s]  (#6) 13q / 5_Clifford+T_014 / cut_divided_budget
    » [15:03:32]  (#6) 13q / 5_Clifford+T_014 / cut_qubit_prop  starting...
    ✓ [  43.8s]  (#6) 13q / 5_Clifford+T_014 / cut_qubit_prop
    » [15:04:16]  (#6) 13q / 5_Clifford+T_014 / cut_incremental_budget  starting...
    ✓ [ 193.9s]  (#6) 13q / 5_Clifford+T_014 / cut_incremental_budget
    » [15:07:30]  (#6) 13q / 5_Clifford+T_014 / cut_incremental_qubit_prop  starting...
    ✓ [ 159.2s]  (#6) 13q / 5_Clifford+T_014 / cut_incremental_qubit_prop

[7/10] 13q / 6_Clifford+T_015  observable: ZIIIIIIIIIIII
    » [15:10:09]  13q / 6_Clifford+T_015  observable=ZIIIIIIIIIIII  computing ground truth (PennyLane default.qubit)...
    · [   0.0s]  ground_truth = 0.000000
    » [15:10:09]  (#7) 13q / 6_Clifford+T_015 / noisy_vanilla  starting...
    ✓ [   2.9s]  (#7) 13q / 6_Clifford+T_015 / noisy_vanilla
    » [15:10:12]  (#7) 13q / 6_Clifford+T_015 / cut_divided_budget  starting...
/home/local/ADUNIPI/a044855/cutandinc/newcut/lib/python3.12/site-packages/pennylane/qcut/cutstrategy.py:367: UserWarning: The number of partition attempts seems high (40).
  warnings.warn(f"The number of partition attempts seems high ({len(ks)}).")
    ✓ [  22.4s]  (#7) 13q / 6_Clifford+T_015 / cut_divided_budget
    » [15:10:34]  (#7) 13q / 6_Clifford+T_015 / cut_qubit_prop  starting...
    ✓ [  12.4s]  (#7) 13q / 6_Clifford+T_015 / cut_qubit_prop
    » [15:10:47]  (#7) 13q / 6_Clifford+T_015 / cut_incremental_budget  starting...
    ✓ [ 165.2s]  (#7) 13q / 6_Clifford+T_015 / cut_incremental_budget
    » [15:13:32]  (#7) 13q / 6_Clifford+T_015 / cut_incremental_qubit_prop  starting...
    ✓ [ 166.1s]  (#7) 13q / 6_Clifford+T_015 / cut_incremental_qubit_prop

[8/10] 13q / 7_Clifford+T_016  observable: ZIIIIIIIIIIII
    » [15:16:18]  13q / 7_Clifford+T_016  observable=ZIIIIIIIIIIII  computing ground truth (PennyLane default.qubit)...
    · [   0.0s]  ground_truth = 1.000000
    » [15:16:18]  (#8) 13q / 7_Clifford+T_016 / noisy_vanilla  starting...
    ✓ [   3.1s]  (#8) 13q / 7_Clifford+T_016 / noisy_vanilla
    » [15:16:21]  (#8) 13q / 7_Clifford+T_016 / cut_divided_budget  starting...
/home/local/ADUNIPI/a044855/cutandinc/newcut/lib/python3.12/site-packages/pennylane/qcut/cutstrategy.py:367: UserWarning: The number of partition attempts seems high (41).
  warnings.warn(f"The number of partition attempts seems high ({len(ks)}).")
    ✓ [  21.0s]  (#8) 13q / 7_Clifford+T_016 / cut_divided_budget
    » [15:16:42]  (#8) 13q / 7_Clifford+T_016 / cut_qubit_prop  starting...
    ✓ [  13.5s]  (#8) 13q / 7_Clifford+T_016 / cut_qubit_prop
    » [15:16:55]  (#8) 13q / 7_Clifford+T_016 / cut_incremental_budget  starting...
    ✓ [ 150.7s]  (#8) 13q / 7_Clifford+T_016 / cut_incremental_budget
    » [15:19:26]  (#8) 13q / 7_Clifford+T_016 / cut_incremental_qubit_prop  starting...
    ✓ [ 146.8s]  (#8) 13q / 7_Clifford+T_016 / cut_incremental_qubit_prop

[9/10] 13q / 8_Clifford+T_017  observable: ZIIIIIIIIIIII
    » [15:21:53]  13q / 8_Clifford+T_017  observable=ZIIIIIIIIIIII  computing ground truth (PennyLane default.qubit)...
    · [   0.0s]  ground_truth = 0.000000
    » [15:21:53]  (#9) 13q / 8_Clifford+T_017 / noisy_vanilla  starting...
    ✓ [   2.9s]  (#9) 13q / 8_Clifford+T_017 / noisy_vanilla
    » [15:21:56]  (#9) 13q / 8_Clifford+T_017 / cut_divided_budget  starting...
/home/local/ADUNIPI/a044855/cutandinc/newcut/lib/python3.12/site-packages/pennylane/qcut/cutstrategy.py:367: UserWarning: The number of partition attempts seems high (40).
  warnings.warn(f"The number of partition attempts seems high ({len(ks)}).")
    ✓ [  23.8s]  (#9) 13q / 8_Clifford+T_017 / cut_divided_budget
    » [15:22:20]  (#9) 13q / 8_Clifford+T_017 / cut_qubit_prop  starting...
    ✓ [  12.1s]  (#9) 13q / 8_Clifford+T_017 / cut_qubit_prop
    » [15:22:32]  (#9) 13q / 8_Clifford+T_017 / cut_incremental_budget  starting...
    ✓ [ 135.2s]  (#9) 13q / 8_Clifford+T_017 / cut_incremental_budget
    » [15:24:47]  (#9) 13q / 8_Clifford+T_017 / cut_incremental_qubit_prop  starting...
    ✓ [ 149.9s]  (#9) 13q / 8_Clifford+T_017 / cut_incremental_qubit_prop

[10/10] 13q / 9_Clifford+T_020  observable: ZIIIIIIIIIIII
    » [15:27:17]  13q / 9_Clifford+T_020  observable=ZIIIIIIIIIIII  computing ground truth (PennyLane default.qubit)...
    · [   0.0s]  ground_truth = 0.000000
    » [15:27:17]  (#10) 13q / 9_Clifford+T_020 / noisy_vanilla  starting...
    ✓ [   3.0s]  (#10) 13q / 9_Clifford+T_020 / noisy_vanilla
    » [15:27:20]  (#10) 13q / 9_Clifford+T_020 / cut_divided_budget  starting...
/home/local/ADUNIPI/a044855/cutandinc/newcut/lib/python3.12/site-packages/pennylane/qcut/cutstrategy.py:367: UserWarning: The number of partition attempts seems high (41).
  warnings.warn(f"The number of partition attempts seems high ({len(ks)}).")
    ✓ [  19.6s]  (#10) 13q / 9_Clifford+T_020 / cut_divided_budget
    » [15:27:39]  (#10) 13q / 9_Clifford+T_020 / cut_qubit_prop  starting...
    ✓ [  10.6s]  (#10) 13q / 9_Clifford+T_020 / cut_qubit_prop
    » [15:27:50]  (#10) 13q / 9_Clifford+T_020 / cut_incremental_budget  starting...
    ✓ [ 113.7s]  (#10) 13q / 9_Clifford+T_020 / cut_incremental_budget
    » [15:29:44]  (#10) 13q / 9_Clifford+T_020 / cut_incremental_qubit_prop  starting...
    ✓ [ 133.5s]  (#10) 13q / 9_Clifford+T_020 / cut_incremental_qubit_prop

============================================================
  Finished :   50  mode runs
  Failed   :    0  mode runs
============================================================

Merged CSV -> results/new/ewma_5k_sherbroke_01/13_qubits/summary.csv
Run log    -> results/new/ewma_5k_sherbroke_01/13_qubits/run.log
Per-mode JSON -> results/new/ewma_5k_sherbroke_01/13_qubits/<qubits>q/<circuit>/<mode>.json
[Tue Jun  9 03:31:58 PM UTC 2026] Finished 13 qubits
