[Thu Jun 18 02:32:09 AM UTC 2026] Starting 12 qubits | shots=10000 | backend=aer.fake_kyoto
[Thu Jun 18 02:32:09 AM UTC 2026] Per-job memory limit: 7GB virtual memory

[1/10] 12q / 0_Clifford+T_001  observable: ZIIIIIIIIIII
/home/local/ADUNIPI/a044855/cutandinc/newcut/lib/python3.12/site-packages/qiskit_ibm_runtime/fake_provider/backends/nighthawk/fake_nighthawk.py:76: UserWarning: Properties of fake_nighthawk are not intended to represent typical nighthawk error values.
  warnings.warn(
    » [02:32:16]  12q / 0_Clifford+T_001  observable=ZIIIIIIIIIII  computing ground truth (PennyLane default.qubit)...
    · [   0.5s]  ground_truth = 0.000000
    » [02:32:16]  (#1) 12q / 0_Clifford+T_001 / noisy_vanilla  starting...
    ✓ [  18.3s]  (#1) 12q / 0_Clifford+T_001 / noisy_vanilla
    » [02:32:35]  (#1) 12q / 0_Clifford+T_001 / cut_divided_budget  starting...
/home/local/ADUNIPI/a044855/cutandinc/newcut/lib/python3.12/site-packages/pennylane/qcut/cutstrategy.py:367: UserWarning: The number of partition attempts seems high (40).
  warnings.warn(f"The number of partition attempts seems high ({len(ks)}).")
    ✓ [  27.6s]  (#1) 12q / 0_Clifford+T_001 / cut_divided_budget
    » [02:33:02]  (#1) 12q / 0_Clifford+T_001 / cut_qubit_prop  starting...
    ✓ [  20.5s]  (#1) 12q / 0_Clifford+T_001 / cut_qubit_prop
    » [02:33:23]  (#1) 12q / 0_Clifford+T_001 / cut_incremental_budget  starting...
    ✓ [ 378.5s]  (#1) 12q / 0_Clifford+T_001 / cut_incremental_budget
    » [02:39:41]  (#1) 12q / 0_Clifford+T_001 / cut_incremental_qubit_prop  starting...
    ✓ [ 440.3s]  (#1) 12q / 0_Clifford+T_001 / cut_incremental_qubit_prop

[2/10] 12q / 1_Clifford+T_002  observable: ZIIIIIIIIIII
    » [02:47:02]  12q / 1_Clifford+T_002  observable=ZIIIIIIIIIII  computing ground truth (PennyLane default.qubit)...
    · [   0.4s]  ground_truth = 1.000000
    » [02:47:02]  (#2) 12q / 1_Clifford+T_002 / noisy_vanilla  starting...
    ✓ [  19.5s]  (#2) 12q / 1_Clifford+T_002 / noisy_vanilla
    » [02:47:21]  (#2) 12q / 1_Clifford+T_002 / cut_divided_budget  starting...
/home/local/ADUNIPI/a044855/cutandinc/newcut/lib/python3.12/site-packages/pennylane/qcut/cutstrategy.py:367: UserWarning: The number of partition attempts seems high (40).
  warnings.warn(f"The number of partition attempts seems high ({len(ks)}).")
    ✓ [ 106.3s]  (#2) 12q / 1_Clifford+T_002 / cut_divided_budget
    » [02:49:08]  (#2) 12q / 1_Clifford+T_002 / cut_qubit_prop  starting...
    ✓ [  87.5s]  (#2) 12q / 1_Clifford+T_002 / cut_qubit_prop
    » [02:50:35]  (#2) 12q / 1_Clifford+T_002 / cut_incremental_budget  starting...
    ✓ [ 584.0s]  (#2) 12q / 1_Clifford+T_002 / cut_incremental_budget
    » [03:00:19]  (#2) 12q / 1_Clifford+T_002 / cut_incremental_qubit_prop  starting...
    ✓ [ 546.1s]  (#2) 12q / 1_Clifford+T_002 / cut_incremental_qubit_prop

[3/10] 12q / 2_Clifford+T_004  observable: ZIIIIIIIIIII
    » [03:09:25]  12q / 2_Clifford+T_004  observable=ZIIIIIIIIIII  computing ground truth (PennyLane default.qubit)...
    · [   0.0s]  ground_truth = 1.000000
    » [03:09:25]  (#3) 12q / 2_Clifford+T_004 / noisy_vanilla  starting...
    ✓ [  19.4s]  (#3) 12q / 2_Clifford+T_004 / noisy_vanilla
    » [03:09:45]  (#3) 12q / 2_Clifford+T_004 / cut_divided_budget  starting...
/home/local/ADUNIPI/a044855/cutandinc/newcut/lib/python3.12/site-packages/pennylane/qcut/cutstrategy.py:367: UserWarning: The number of partition attempts seems high (40).
  warnings.warn(f"The number of partition attempts seems high ({len(ks)}).")
    ✓ [  35.6s]  (#3) 12q / 2_Clifford+T_004 / cut_divided_budget
    » [03:10:20]  (#3) 12q / 2_Clifford+T_004 / cut_qubit_prop  starting...
    ✓ [  35.4s]  (#3) 12q / 2_Clifford+T_004 / cut_qubit_prop
    » [03:10:56]  (#3) 12q / 2_Clifford+T_004 / cut_incremental_budget  starting...
    ✓ [ 292.8s]  (#3) 12q / 2_Clifford+T_004 / cut_incremental_budget
    » [03:15:49]  (#3) 12q / 2_Clifford+T_004 / cut_incremental_qubit_prop  starting...
    ✓ [ 477.0s]  (#3) 12q / 2_Clifford+T_004 / cut_incremental_qubit_prop

[4/10] 12q / 3_Clifford+T_006  observable: ZIIIIIIIIIII
    » [03:23:46]  12q / 3_Clifford+T_006  observable=ZIIIIIIIIIII  computing ground truth (PennyLane default.qubit)...
    · [   0.3s]  ground_truth = 1.000000
    » [03:23:46]  (#4) 12q / 3_Clifford+T_006 / noisy_vanilla  starting...
    ✓ [  15.8s]  (#4) 12q / 3_Clifford+T_006 / noisy_vanilla
    » [03:24:02]  (#4) 12q / 3_Clifford+T_006 / cut_divided_budget  starting...
/home/local/ADUNIPI/a044855/cutandinc/newcut/lib/python3.12/site-packages/pennylane/qcut/cutstrategy.py:367: UserWarning: The number of partition attempts seems high (40).
  warnings.warn(f"The number of partition attempts seems high ({len(ks)}).")
    ✓ [  33.0s]  (#4) 12q / 3_Clifford+T_006 / cut_divided_budget
    » [03:24:35]  (#4) 12q / 3_Clifford+T_006 / cut_qubit_prop  starting...
    ✓ [  20.6s]  (#4) 12q / 3_Clifford+T_006 / cut_qubit_prop
    » [03:24:55]  (#4) 12q / 3_Clifford+T_006 / cut_incremental_budget  starting...
    ✓ [ 371.4s]  (#4) 12q / 3_Clifford+T_006 / cut_incremental_budget
    » [03:31:07]  (#4) 12q / 3_Clifford+T_006 / cut_incremental_qubit_prop  starting...
    ✓ [ 386.8s]  (#4) 12q / 3_Clifford+T_006 / cut_incremental_qubit_prop

[5/10] 12q / 4_Clifford+T_011  observable: ZIIIIIIIIIII
    » [03:37:33]  12q / 4_Clifford+T_011  observable=ZIIIIIIIIIII  computing ground truth (PennyLane default.qubit)...
    · [   0.0s]  ground_truth = 0.000000
    » [03:37:33]  (#5) 12q / 4_Clifford+T_011 / noisy_vanilla  starting...
    ✓ [  19.9s]  (#5) 12q / 4_Clifford+T_011 / noisy_vanilla
    » [03:37:53]  (#5) 12q / 4_Clifford+T_011 / cut_divided_budget  starting...
/home/local/ADUNIPI/a044855/cutandinc/newcut/lib/python3.12/site-packages/pennylane/qcut/cutstrategy.py:367: UserWarning: The number of partition attempts seems high (40).
  warnings.warn(f"The number of partition attempts seems high ({len(ks)}).")
    ✓ [  84.7s]  (#5) 12q / 4_Clifford+T_011 / cut_divided_budget
    » [03:39:18]  (#5) 12q / 4_Clifford+T_011 / cut_qubit_prop  starting...
    ✓ [  70.9s]  (#5) 12q / 4_Clifford+T_011 / cut_qubit_prop
    » [03:40:29]  (#5) 12q / 4_Clifford+T_011 / cut_incremental_budget  starting...
    ✓ [ 355.7s]  (#5) 12q / 4_Clifford+T_011 / cut_incremental_budget
    » [03:46:25]  (#5) 12q / 4_Clifford+T_011 / cut_incremental_qubit_prop  starting...
    ✓ [ 340.0s]  (#5) 12q / 4_Clifford+T_011 / cut_incremental_qubit_prop

[6/10] 12q / 5_Clifford+T_013  observable: ZIIIIIIIIIII
    » [03:52:05]  12q / 5_Clifford+T_013  observable=ZIIIIIIIIIII  computing ground truth (PennyLane default.qubit)...
    · [   0.0s]  ground_truth = 1.000000
    » [03:52:05]  (#6) 12q / 5_Clifford+T_013 / noisy_vanilla  starting...
    ✓ [  17.3s]  (#6) 12q / 5_Clifford+T_013 / noisy_vanilla
    » [03:52:22]  (#6) 12q / 5_Clifford+T_013 / cut_divided_budget  starting...
/home/local/ADUNIPI/a044855/cutandinc/newcut/lib/python3.12/site-packages/pennylane/qcut/cutstrategy.py:367: UserWarning: The number of partition attempts seems high (40).
  warnings.warn(f"The number of partition attempts seems high ({len(ks)}).")
    ✓ [  89.7s]  (#6) 12q / 5_Clifford+T_013 / cut_divided_budget
    » [03:53:52]  (#6) 12q / 5_Clifford+T_013 / cut_qubit_prop  starting...
    ✓ [  82.8s]  (#6) 12q / 5_Clifford+T_013 / cut_qubit_prop
    » [03:55:14]  (#6) 12q / 5_Clifford+T_013 / cut_incremental_budget  starting...
    ✓ [ 599.3s]  (#6) 12q / 5_Clifford+T_013 / cut_incremental_budget
    » [04:05:14]  (#6) 12q / 5_Clifford+T_013 / cut_incremental_qubit_prop  starting...
    ✓ [ 498.0s]  (#6) 12q / 5_Clifford+T_013 / cut_incremental_qubit_prop

[7/10] 12q / 6_Clifford+T_015  observable: ZIIIIIIIIIII
    » [04:13:32]  12q / 6_Clifford+T_015  observable=ZIIIIIIIIIII  computing ground truth (PennyLane default.qubit)...
    · [   0.0s]  ground_truth = 0.000000
    » [04:13:32]  (#7) 12q / 6_Clifford+T_015 / noisy_vanilla  starting...
    ✓ [   9.0s]  (#7) 12q / 6_Clifford+T_015 / noisy_vanilla
    » [04:13:41]  (#7) 12q / 6_Clifford+T_015 / cut_divided_budget  starting...
/home/local/ADUNIPI/a044855/cutandinc/newcut/lib/python3.12/site-packages/pennylane/qcut/cutstrategy.py:367: UserWarning: The number of partition attempts seems high (40).
  warnings.warn(f"The number of partition attempts seems high ({len(ks)}).")
    ✓ [  19.7s]  (#7) 12q / 6_Clifford+T_015 / cut_divided_budget
    » [04:14:00]  (#7) 12q / 6_Clifford+T_015 / cut_qubit_prop  starting...
    ✓ [  12.2s]  (#7) 12q / 6_Clifford+T_015 / cut_qubit_prop
    » [04:14:12]  (#7) 12q / 6_Clifford+T_015 / cut_incremental_budget  starting...
    ✓ [ 345.0s]  (#7) 12q / 6_Clifford+T_015 / cut_incremental_budget
    » [04:19:57]  (#7) 12q / 6_Clifford+T_015 / cut_incremental_qubit_prop  starting...
    ✓ [ 294.4s]  (#7) 12q / 6_Clifford+T_015 / cut_incremental_qubit_prop

[8/10] 12q / 7_Clifford+T_019  observable: ZIIIIIIIIIII
    » [04:24:52]  12q / 7_Clifford+T_019  observable=ZIIIIIIIIIII  computing ground truth (PennyLane default.qubit)...
    · [   0.0s]  ground_truth = 0.000000
    » [04:24:52]  (#8) 12q / 7_Clifford+T_019 / noisy_vanilla  starting...
    ✓ [   9.4s]  (#8) 12q / 7_Clifford+T_019 / noisy_vanilla
    » [04:25:01]  (#8) 12q / 7_Clifford+T_019 / cut_divided_budget  starting...
/home/local/ADUNIPI/a044855/cutandinc/newcut/lib/python3.12/site-packages/pennylane/qcut/cutstrategy.py:367: UserWarning: The number of partition attempts seems high (41).
  warnings.warn(f"The number of partition attempts seems high ({len(ks)}).")
    ✓ [  12.2s]  (#8) 12q / 7_Clifford+T_019 / cut_divided_budget
    » [04:25:13]  (#8) 12q / 7_Clifford+T_019 / cut_qubit_prop  starting...
    ✓ [   3.4s]  (#8) 12q / 7_Clifford+T_019 / cut_qubit_prop
    » [04:25:17]  (#8) 12q / 7_Clifford+T_019 / cut_incremental_budget  starting...
    ✓ [  63.0s]  (#8) 12q / 7_Clifford+T_019 / cut_incremental_budget
    » [04:26:20]  (#8) 12q / 7_Clifford+T_019 / cut_incremental_qubit_prop  starting...
    ✓ [  78.6s]  (#8) 12q / 7_Clifford+T_019 / cut_incremental_qubit_prop

[9/10] 12q / 8_Clifford+T_021  observable: ZIIIIIIIIIII
    » [04:27:38]  12q / 8_Clifford+T_021  observable=ZIIIIIIIIIII  computing ground truth (PennyLane default.qubit)...
    · [   0.0s]  ground_truth = 0.000000
    » [04:27:38]  (#9) 12q / 8_Clifford+T_021 / noisy_vanilla  starting...
    ✓ [  14.5s]  (#9) 12q / 8_Clifford+T_021 / noisy_vanilla
    » [04:27:53]  (#9) 12q / 8_Clifford+T_021 / cut_divided_budget  starting...
/home/local/ADUNIPI/a044855/cutandinc/newcut/lib/python3.12/site-packages/pennylane/qcut/cutstrategy.py:367: UserWarning: The number of partition attempts seems high (40).
  warnings.warn(f"The number of partition attempts seems high ({len(ks)}).")
    ✓ [  31.6s]  (#9) 12q / 8_Clifford+T_021 / cut_divided_budget
    » [04:28:25]  (#9) 12q / 8_Clifford+T_021 / cut_qubit_prop  starting...
    ✓ [  20.2s]  (#9) 12q / 8_Clifford+T_021 / cut_qubit_prop
    » [04:28:45]  (#9) 12q / 8_Clifford+T_021 / cut_incremental_budget  starting...
    ✓ [ 312.7s]  (#9) 12q / 8_Clifford+T_021 / cut_incremental_budget
    » [04:33:57]  (#9) 12q / 8_Clifford+T_021 / cut_incremental_qubit_prop  starting...
    ✓ [ 293.6s]  (#9) 12q / 8_Clifford+T_021 / cut_incremental_qubit_prop

[10/10] 12q / 9_Clifford+T_025  observable: ZIIIIIIIIIII
    » [04:38:51]  12q / 9_Clifford+T_025  observable=ZIIIIIIIIIII  computing ground truth (PennyLane default.qubit)...
    · [   0.0s]  ground_truth = -1.000000
    » [04:38:51]  (#10) 12q / 9_Clifford+T_025 / noisy_vanilla  starting...
    ✓ [   7.9s]  (#10) 12q / 9_Clifford+T_025 / noisy_vanilla
    » [04:38:59]  (#10) 12q / 9_Clifford+T_025 / cut_divided_budget  starting...
/home/local/ADUNIPI/a044855/cutandinc/newcut/lib/python3.12/site-packages/pennylane/qcut/cutstrategy.py:367: UserWarning: The number of partition attempts seems high (40).
  warnings.warn(f"The number of partition attempts seems high ({len(ks)}).")
    ✓ [  60.0s]  (#10) 12q / 9_Clifford+T_025 / cut_divided_budget
    » [04:39:59]  (#10) 12q / 9_Clifford+T_025 / cut_qubit_prop  starting...
    ✓ [  51.7s]  (#10) 12q / 9_Clifford+T_025 / cut_qubit_prop
    » [04:40:51]  (#10) 12q / 9_Clifford+T_025 / cut_incremental_budget  starting...
    ✓ [ 354.1s]  (#10) 12q / 9_Clifford+T_025 / cut_incremental_budget
    » [04:46:45]  (#10) 12q / 9_Clifford+T_025 / cut_incremental_qubit_prop  starting...
    ✓ [ 450.6s]  (#10) 12q / 9_Clifford+T_025 / cut_incremental_qubit_prop

============================================================
  Finished :   50  mode runs
  Failed   :    0  mode runs
============================================================

Merged CSV -> results/new/stable_shots_02/10000_shots/kyoto/12_qubits/summary.csv
Run log    -> results/new/stable_shots_02/10000_shots/kyoto/12_qubits/run.log
Per-mode JSON -> results/new/stable_shots_02/10000_shots/kyoto/12_qubits/<qubits>q/<circuit>/<mode>.json
	Command being timed: "python main_new_new.py --circuits-pkl only_cliffordt/clif12.pkl --shots 10000 --noisy-backend aer.fake_kyoto --seed-simulator 42 --modes noisy_vanilla cut_divided_budget cut_qubit_prop cut_incremental_budget cut_incremental_qubit_prop --incremental-config configs/stable_shots2.json --parallel-circuits 1 --output-dir results/new/stable_shots_02/10000_shots/kyoto/12_qubits"
	User time (seconds): 8488.77
	System time (seconds): 39.23
	Percent of CPU this job got: 100%
	Elapsed (wall clock) time (h:mm:ss or m:ss): 2:22:07
	Average shared text size (kbytes): 0
	Average unshared data size (kbytes): 0
	Average stack size (kbytes): 0
	Average total size (kbytes): 0
	Maximum resident set size (kbytes): 758628
	Average resident set size (kbytes): 0
	Major (requiring I/O) page faults: 0
	Minor (reclaiming a frame) page faults: 10583593
	Voluntary context switches: 102923
	Involuntary context switches: 20194
	Swaps: 0
	File system inputs: 0
	File system outputs: 4088
	Socket messages sent: 0
	Socket messages received: 0
	Signals delivered: 0
	Page size (bytes): 4096
	Exit status: 0
[Thu Jun 18 04:54:17 AM UTC 2026] Finished 12 qubits | shots=10000 | backend=aer.fake_kyoto
