[mar 9 giu 2026, 19:01:45, CEST] Starting 13 qubits | shots=10000 | backend=aer.fake_sherbrooke

[1/10] 13q / 0_Clifford+T_002  observable: ZIIIIIIIIIIII
    » [19:01:50]  13q / 0_Clifford+T_002  observable=ZIIIIIIIIIIII  computing ground truth (PennyLane default.qubit)...
    · [   0.4s]  ground_truth = -1.000000
    » [19:01:51]  (#1) 13q / 0_Clifford+T_002 / noisy_vanilla  starting...
    ✓ [  43.0s]  (#1) 13q / 0_Clifford+T_002 / noisy_vanilla
    » [19:02:34]  (#1) 13q / 0_Clifford+T_002 / cut_divided_budget  starting...
/raid/g.bisicchia/cut_and_inc/env/lib/python3.10/site-packages/pennylane/qcut/cutstrategy.py:367: UserWarning: The numer of partition attempts seems high (40).
  warnings.warn(f"The numer of partition attempts seems high ({len(ks)}).")
    ✗ [  80.6s]  (#1) 13q / 0_Clifford+T_002 / cut_divided_budget  --  The opt_einsum package is required when use_opt_einsum is set to True in the contract_tensors function. This package can be installed using:
pip install opt_einsum
ERROR:cuttable-circuit-benchmark:0_Clifford+T_002 / cut_divided_budget failed: The opt_einsum package is required when use_opt_einsum is set to True in the contract_tensors function. This package can be installed using:
pip install opt_einsum
Traceback (most recent call last):
  File "/raid/g.bisicchia/cut_and_inc/env/lib/python3.10/site-packages/pennylane/qcut/processing.py", line 309, in contract_tensors
    from opt_einsum import contract, get_symbol
ModuleNotFoundError: No module named 'opt_einsum'

The above exception was the direct cause of the following exception:

Traceback (most recent call last):
  File "/raid/g.bisicchia/cut_and_inc/main_new_new.py", line 2501, in _run_circuit
    _run_one_mode_sandboxed(
  File "/raid/g.bisicchia/cut_and_inc/main_new_new.py", line 2379, in _run_one_mode_sandboxed
    _run_one_mode(mode, spec, args, ib, nb, circuit_dir, perf_exp_val, noisy_value)
  File "/raid/g.bisicchia/cut_and_inc/main_new_new.py", line 2414, in _run_one_mode
    payload = _dispatch_mode(mode, spec, args, ideal_backend, noisy_backend, perf_exp_val)
  File "/raid/g.bisicchia/cut_and_inc/main_new_new.py", line 2303, in _dispatch_mode
    return run_cutting(
  File "/raid/g.bisicchia/cut_and_inc/main_new_new.py", line 1396, in run_cutting
    result_value = sew(expvals, sew_data)
  File "/raid/g.bisicchia/cut_and_inc/main_new_new.py", line 606, in sew
    value = qml.qcut.qcut_processing_fn(
  File "/raid/g.bisicchia/cut_and_inc/env/lib/python3.10/site-packages/pennylane/qcut/processing.py", line 78, in qcut_processing_fn
    result = contract_tensors(
  File "/raid/g.bisicchia/cut_and_inc/env/lib/python3.10/site-packages/pennylane/qcut/processing.py", line 311, in contract_tensors
    raise ImportError(
ImportError: The opt_einsum package is required when use_opt_einsum is set to True in the contract_tensors function. This package can be installed using:
pip install opt_einsum
    » [19:03:54]  (#1) 13q / 0_Clifford+T_002 / cut_qubit_prop  starting...
    ✗ [  59.8s]  (#1) 13q / 0_Clifford+T_002 / cut_qubit_prop  --  The opt_einsum package is required when use_opt_einsum is set to True in the contract_tensors function. This package can be installed using:
pip install opt_einsum
ERROR:cuttable-circuit-benchmark:0_Clifford+T_002 / cut_qubit_prop failed: The opt_einsum package is required when use_opt_einsum is set to True in the contract_tensors function. This package can be installed using:
pip install opt_einsum
Traceback (most recent call last):
  File "/raid/g.bisicchia/cut_and_inc/env/lib/python3.10/site-packages/pennylane/qcut/processing.py", line 309, in contract_tensors
    from opt_einsum import contract, get_symbol
ModuleNotFoundError: No module named 'opt_einsum'

The above exception was the direct cause of the following exception:

Traceback (most recent call last):
  File "/raid/g.bisicchia/cut_and_inc/main_new_new.py", line 2501, in _run_circuit
    _run_one_mode_sandboxed(
  File "/raid/g.bisicchia/cut_and_inc/main_new_new.py", line 2379, in _run_one_mode_sandboxed
    _run_one_mode(mode, spec, args, ib, nb, circuit_dir, perf_exp_val, noisy_value)
  File "/raid/g.bisicchia/cut_and_inc/main_new_new.py", line 2414, in _run_one_mode
    payload = _dispatch_mode(mode, spec, args, ideal_backend, noisy_backend, perf_exp_val)
  File "/raid/g.bisicchia/cut_and_inc/main_new_new.py", line 2303, in _dispatch_mode
    return run_cutting(
  File "/raid/g.bisicchia/cut_and_inc/main_new_new.py", line 1396, in run_cutting
    result_value = sew(expvals, sew_data)
  File "/raid/g.bisicchia/cut_and_inc/main_new_new.py", line 606, in sew
    value = qml.qcut.qcut_processing_fn(
  File "/raid/g.bisicchia/cut_and_inc/env/lib/python3.10/site-packages/pennylane/qcut/processing.py", line 78, in qcut_processing_fn
    result = contract_tensors(
  File "/raid/g.bisicchia/cut_and_inc/env/lib/python3.10/site-packages/pennylane/qcut/processing.py", line 311, in contract_tensors
    raise ImportError(
ImportError: The opt_einsum package is required when use_opt_einsum is set to True in the contract_tensors function. This package can be installed using:
pip install opt_einsum
    » [19:04:54]  (#1) 13q / 0_Clifford+T_002 / cut_incremental_budget  starting...
    ✗ [ 493.9s]  (#1) 13q / 0_Clifford+T_002 / cut_incremental_budget  --  The opt_einsum package is required when use_opt_einsum is set to True in the contract_tensors function. This package can be installed using:
pip install opt_einsum
ERROR:cuttable-circuit-benchmark:0_Clifford+T_002 / cut_incremental_budget failed: The opt_einsum package is required when use_opt_einsum is set to True in the contract_tensors function. This package can be installed using:
pip install opt_einsum
Traceback (most recent call last):
  File "/raid/g.bisicchia/cut_and_inc/env/lib/python3.10/site-packages/pennylane/qcut/processing.py", line 309, in contract_tensors
    from opt_einsum import contract, get_symbol
ModuleNotFoundError: No module named 'opt_einsum'

The above exception was the direct cause of the following exception:

Traceback (most recent call last):
  File "/raid/g.bisicchia/cut_and_inc/main_new_new.py", line 2501, in _run_circuit
    _run_one_mode_sandboxed(
  File "/raid/g.bisicchia/cut_and_inc/main_new_new.py", line 2379, in _run_one_mode_sandboxed
    _run_one_mode(mode, spec, args, ib, nb, circuit_dir, perf_exp_val, noisy_value)
  File "/raid/g.bisicchia/cut_and_inc/main_new_new.py", line 2414, in _run_one_mode
    payload = _dispatch_mode(mode, spec, args, ideal_backend, noisy_backend, perf_exp_val)
  File "/raid/g.bisicchia/cut_and_inc/main_new_new.py", line 2310, in _dispatch_mode
    return run_cutting_incremental(
  File "/raid/g.bisicchia/cut_and_inc/main_new_new.py", line 1578, in run_cutting_incremental
    result_value = sew(expvals, sew_data)
  File "/raid/g.bisicchia/cut_and_inc/main_new_new.py", line 606, in sew
    value = qml.qcut.qcut_processing_fn(
  File "/raid/g.bisicchia/cut_and_inc/env/lib/python3.10/site-packages/pennylane/qcut/processing.py", line 78, in qcut_processing_fn
    result = contract_tensors(
  File "/raid/g.bisicchia/cut_and_inc/env/lib/python3.10/site-packages/pennylane/qcut/processing.py", line 311, in contract_tensors
    raise ImportError(
ImportError: The opt_einsum package is required when use_opt_einsum is set to True in the contract_tensors function. This package can be installed using:
pip install opt_einsum
    » [19:13:08]  (#1) 13q / 0_Clifford+T_002 / cut_incremental_qubit_prop  starting...
    ✗ [ 493.8s]  (#1) 13q / 0_Clifford+T_002 / cut_incremental_qubit_prop  --  The opt_einsum package is required when use_opt_einsum is set to True in the contract_tensors function. This package can be installed using:
pip install opt_einsum
ERROR:cuttable-circuit-benchmark:0_Clifford+T_002 / cut_incremental_qubit_prop failed: The opt_einsum package is required when use_opt_einsum is set to True in the contract_tensors function. This package can be installed using:
pip install opt_einsum
Traceback (most recent call last):
  File "/raid/g.bisicchia/cut_and_inc/env/lib/python3.10/site-packages/pennylane/qcut/processing.py", line 309, in contract_tensors
    from opt_einsum import contract, get_symbol
ModuleNotFoundError: No module named 'opt_einsum'

The above exception was the direct cause of the following exception:

Traceback (most recent call last):
  File "/raid/g.bisicchia/cut_and_inc/main_new_new.py", line 2501, in _run_circuit
    _run_one_mode_sandboxed(
  File "/raid/g.bisicchia/cut_and_inc/main_new_new.py", line 2379, in _run_one_mode_sandboxed
    _run_one_mode(mode, spec, args, ib, nb, circuit_dir, perf_exp_val, noisy_value)
  File "/raid/g.bisicchia/cut_and_inc/main_new_new.py", line 2414, in _run_one_mode
    payload = _dispatch_mode(mode, spec, args, ideal_backend, noisy_backend, perf_exp_val)
  File "/raid/g.bisicchia/cut_and_inc/main_new_new.py", line 2310, in _dispatch_mode
    return run_cutting_incremental(
  File "/raid/g.bisicchia/cut_and_inc/main_new_new.py", line 1578, in run_cutting_incremental
    result_value = sew(expvals, sew_data)
  File "/raid/g.bisicchia/cut_and_inc/main_new_new.py", line 606, in sew
    value = qml.qcut.qcut_processing_fn(
  File "/raid/g.bisicchia/cut_and_inc/env/lib/python3.10/site-packages/pennylane/qcut/processing.py", line 78, in qcut_processing_fn
    result = contract_tensors(
  File "/raid/g.bisicchia/cut_and_inc/env/lib/python3.10/site-packages/pennylane/qcut/processing.py", line 311, in contract_tensors
    raise ImportError(
ImportError: The opt_einsum package is required when use_opt_einsum is set to True in the contract_tensors function. This package can be installed using:
pip install opt_einsum

[2/10] 13q / 1_Clifford+T_004  observable: ZIIIIIIIIIIII
    » [19:21:22]  13q / 1_Clifford+T_004  observable=ZIIIIIIIIIIII  computing ground truth (PennyLane default.qubit)...
    · [   0.0s]  ground_truth = 0.000000
    » [19:21:22]  (#2) 13q / 1_Clifford+T_004 / noisy_vanilla  starting...
    ✓ [   8.9s]  (#2) 13q / 1_Clifford+T_004 / noisy_vanilla
    » [19:21:31]  (#2) 13q / 1_Clifford+T_004 / cut_divided_budget  starting...
/raid/g.bisicchia/cut_and_inc/env/lib/python3.10/site-packages/pennylane/qcut/cutstrategy.py:367: UserWarning: The numer of partition attempts seems high (40).
  warnings.warn(f"The numer of partition attempts seems high ({len(ks)}).")
    ✗ [  45.8s]  (#2) 13q / 1_Clifford+T_004 / cut_divided_budget  --  The opt_einsum package is required when use_opt_einsum is set to True in the contract_tensors function. This package can be installed using:
pip install opt_einsum
ERROR:cuttable-circuit-benchmark:1_Clifford+T_004 / cut_divided_budget failed: The opt_einsum package is required when use_opt_einsum is set to True in the contract_tensors function. This package can be installed using:
pip install opt_einsum
Traceback (most recent call last):
  File "/raid/g.bisicchia/cut_and_inc/env/lib/python3.10/site-packages/pennylane/qcut/processing.py", line 309, in contract_tensors
    from opt_einsum import contract, get_symbol
ModuleNotFoundError: No module named 'opt_einsum'

The above exception was the direct cause of the following exception:

Traceback (most recent call last):
  File "/raid/g.bisicchia/cut_and_inc/main_new_new.py", line 2501, in _run_circuit
    _run_one_mode_sandboxed(
  File "/raid/g.bisicchia/cut_and_inc/main_new_new.py", line 2379, in _run_one_mode_sandboxed
    _run_one_mode(mode, spec, args, ib, nb, circuit_dir, perf_exp_val, noisy_value)
  File "/raid/g.bisicchia/cut_and_inc/main_new_new.py", line 2414, in _run_one_mode
    payload = _dispatch_mode(mode, spec, args, ideal_backend, noisy_backend, perf_exp_val)
  File "/raid/g.bisicchia/cut_and_inc/main_new_new.py", line 2303, in _dispatch_mode
    return run_cutting(
  File "/raid/g.bisicchia/cut_and_inc/main_new_new.py", line 1396, in run_cutting
    result_value = sew(expvals, sew_data)
  File "/raid/g.bisicchia/cut_and_inc/main_new_new.py", line 606, in sew
    value = qml.qcut.qcut_processing_fn(
  File "/raid/g.bisicchia/cut_and_inc/env/lib/python3.10/site-packages/pennylane/qcut/processing.py", line 78, in qcut_processing_fn
    result = contract_tensors(
  File "/raid/g.bisicchia/cut_and_inc/env/lib/python3.10/site-packages/pennylane/qcut/processing.py", line 311, in contract_tensors
    raise ImportError(
ImportError: The opt_einsum package is required when use_opt_einsum is set to True in the contract_tensors function. This package can be installed using:
pip install opt_einsum
    » [19:22:16]  (#2) 13q / 1_Clifford+T_004 / cut_qubit_prop  starting...
    ✗ [  30.2s]  (#2) 13q / 1_Clifford+T_004 / cut_qubit_prop  --  The opt_einsum package is required when use_opt_einsum is set to True in the contract_tensors function. This package can be installed using:
pip install opt_einsum
ERROR:cuttable-circuit-benchmark:1_Clifford+T_004 / cut_qubit_prop failed: The opt_einsum package is required when use_opt_einsum is set to True in the contract_tensors function. This package can be installed using:
pip install opt_einsum
Traceback (most recent call last):
  File "/raid/g.bisicchia/cut_and_inc/env/lib/python3.10/site-packages/pennylane/qcut/processing.py", line 309, in contract_tensors
    from opt_einsum import contract, get_symbol
ModuleNotFoundError: No module named 'opt_einsum'

The above exception was the direct cause of the following exception:

Traceback (most recent call last):
  File "/raid/g.bisicchia/cut_and_inc/main_new_new.py", line 2501, in _run_circuit
    _run_one_mode_sandboxed(
  File "/raid/g.bisicchia/cut_and_inc/main_new_new.py", line 2379, in _run_one_mode_sandboxed
    _run_one_mode(mode, spec, args, ib, nb, circuit_dir, perf_exp_val, noisy_value)
  File "/raid/g.bisicchia/cut_and_inc/main_new_new.py", line 2414, in _run_one_mode
    payload = _dispatch_mode(mode, spec, args, ideal_backend, noisy_backend, perf_exp_val)
  File "/raid/g.bisicchia/cut_and_inc/main_new_new.py", line 2303, in _dispatch_mode
    return run_cutting(
  File "/raid/g.bisicchia/cut_and_inc/main_new_new.py", line 1396, in run_cutting
    result_value = sew(expvals, sew_data)
  File "/raid/g.bisicchia/cut_and_inc/main_new_new.py", line 606, in sew
    value = qml.qcut.qcut_processing_fn(
  File "/raid/g.bisicchia/cut_and_inc/env/lib/python3.10/site-packages/pennylane/qcut/processing.py", line 78, in qcut_processing_fn
    result = contract_tensors(
  File "/raid/g.bisicchia/cut_and_inc/env/lib/python3.10/site-packages/pennylane/qcut/processing.py", line 311, in contract_tensors
    raise ImportError(
ImportError: The opt_einsum package is required when use_opt_einsum is set to True in the contract_tensors function. This package can be installed using:
pip install opt_einsum
    » [19:22:47]  (#2) 13q / 1_Clifford+T_004 / cut_incremental_budget  starting...
    ✗ [ 658.3s]  (#2) 13q / 1_Clifford+T_004 / cut_incremental_budget  --  The opt_einsum package is required when use_opt_einsum is set to True in the contract_tensors function. This package can be installed using:
pip install opt_einsum
ERROR:cuttable-circuit-benchmark:1_Clifford+T_004 / cut_incremental_budget failed: The opt_einsum package is required when use_opt_einsum is set to True in the contract_tensors function. This package can be installed using:
pip install opt_einsum
Traceback (most recent call last):
  File "/raid/g.bisicchia/cut_and_inc/env/lib/python3.10/site-packages/pennylane/qcut/processing.py", line 309, in contract_tensors
    from opt_einsum import contract, get_symbol
ModuleNotFoundError: No module named 'opt_einsum'

The above exception was the direct cause of the following exception:

Traceback (most recent call last):
  File "/raid/g.bisicchia/cut_and_inc/main_new_new.py", line 2501, in _run_circuit
    _run_one_mode_sandboxed(
  File "/raid/g.bisicchia/cut_and_inc/main_new_new.py", line 2379, in _run_one_mode_sandboxed
    _run_one_mode(mode, spec, args, ib, nb, circuit_dir, perf_exp_val, noisy_value)
  File "/raid/g.bisicchia/cut_and_inc/main_new_new.py", line 2414, in _run_one_mode
    payload = _dispatch_mode(mode, spec, args, ideal_backend, noisy_backend, perf_exp_val)
  File "/raid/g.bisicchia/cut_and_inc/main_new_new.py", line 2310, in _dispatch_mode
    return run_cutting_incremental(
  File "/raid/g.bisicchia/cut_and_inc/main_new_new.py", line 1578, in run_cutting_incremental
    result_value = sew(expvals, sew_data)
  File "/raid/g.bisicchia/cut_and_inc/main_new_new.py", line 606, in sew
    value = qml.qcut.qcut_processing_fn(
  File "/raid/g.bisicchia/cut_and_inc/env/lib/python3.10/site-packages/pennylane/qcut/processing.py", line 78, in qcut_processing_fn
    result = contract_tensors(
  File "/raid/g.bisicchia/cut_and_inc/env/lib/python3.10/site-packages/pennylane/qcut/processing.py", line 311, in contract_tensors
    raise ImportError(
ImportError: The opt_einsum package is required when use_opt_einsum is set to True in the contract_tensors function. This package can be installed using:
pip install opt_einsum
    » [19:33:45]  (#2) 13q / 1_Clifford+T_004 / cut_incremental_qubit_prop  starting...
    ✗ [ 662.5s]  (#2) 13q / 1_Clifford+T_004 / cut_incremental_qubit_prop  --  The opt_einsum package is required when use_opt_einsum is set to True in the contract_tensors function. This package can be installed using:
pip install opt_einsum
ERROR:cuttable-circuit-benchmark:1_Clifford+T_004 / cut_incremental_qubit_prop failed: The opt_einsum package is required when use_opt_einsum is set to True in the contract_tensors function. This package can be installed using:
pip install opt_einsum
Traceback (most recent call last):
  File "/raid/g.bisicchia/cut_and_inc/env/lib/python3.10/site-packages/pennylane/qcut/processing.py", line 309, in contract_tensors
    from opt_einsum import contract, get_symbol
ModuleNotFoundError: No module named 'opt_einsum'

The above exception was the direct cause of the following exception:

Traceback (most recent call last):
  File "/raid/g.bisicchia/cut_and_inc/main_new_new.py", line 2501, in _run_circuit
    _run_one_mode_sandboxed(
  File "/raid/g.bisicchia/cut_and_inc/main_new_new.py", line 2379, in _run_one_mode_sandboxed
    _run_one_mode(mode, spec, args, ib, nb, circuit_dir, perf_exp_val, noisy_value)
  File "/raid/g.bisicchia/cut_and_inc/main_new_new.py", line 2414, in _run_one_mode
    payload = _dispatch_mode(mode, spec, args, ideal_backend, noisy_backend, perf_exp_val)
  File "/raid/g.bisicchia/cut_and_inc/main_new_new.py", line 2310, in _dispatch_mode
    return run_cutting_incremental(
  File "/raid/g.bisicchia/cut_and_inc/main_new_new.py", line 1578, in run_cutting_incremental
    result_value = sew(expvals, sew_data)
  File "/raid/g.bisicchia/cut_and_inc/main_new_new.py", line 606, in sew
    value = qml.qcut.qcut_processing_fn(
  File "/raid/g.bisicchia/cut_and_inc/env/lib/python3.10/site-packages/pennylane/qcut/processing.py", line 78, in qcut_processing_fn
    result = contract_tensors(
  File "/raid/g.bisicchia/cut_and_inc/env/lib/python3.10/site-packages/pennylane/qcut/processing.py", line 311, in contract_tensors
    raise ImportError(
ImportError: The opt_einsum package is required when use_opt_einsum is set to True in the contract_tensors function. This package can be installed using:
pip install opt_einsum

[3/10] 13q / 2_Clifford+T_007  observable: ZIIIIIIIIIIII
    » [19:44:47]  13q / 2_Clifford+T_007  observable=ZIIIIIIIIIIII  computing ground truth (PennyLane default.qubit)...
    · [   0.2s]  ground_truth = -1.000000
    » [19:44:48]  (#3) 13q / 2_Clifford+T_007 / noisy_vanilla  starting...
    ✓ [  16.0s]  (#3) 13q / 2_Clifford+T_007 / noisy_vanilla
    » [19:45:04]  (#3) 13q / 2_Clifford+T_007 / cut_divided_budget  starting...
/raid/g.bisicchia/cut_and_inc/env/lib/python3.10/site-packages/pennylane/qcut/cutstrategy.py:367: UserWarning: The numer of partition attempts seems high (40).
  warnings.warn(f"The numer of partition attempts seems high ({len(ks)}).")
    ✗ [  56.9s]  (#3) 13q / 2_Clifford+T_007 / cut_divided_budget  --  The opt_einsum package is required when use_opt_einsum is set to True in the contract_tensors function. This package can be installed using:
pip install opt_einsum
ERROR:cuttable-circuit-benchmark:2_Clifford+T_007 / cut_divided_budget failed: The opt_einsum package is required when use_opt_einsum is set to True in the contract_tensors function. This package can be installed using:
pip install opt_einsum
Traceback (most recent call last):
  File "/raid/g.bisicchia/cut_and_inc/env/lib/python3.10/site-packages/pennylane/qcut/processing.py", line 309, in contract_tensors
    from opt_einsum import contract, get_symbol
ModuleNotFoundError: No module named 'opt_einsum'

The above exception was the direct cause of the following exception:

Traceback (most recent call last):
  File "/raid/g.bisicchia/cut_and_inc/main_new_new.py", line 2501, in _run_circuit
    _run_one_mode_sandboxed(
  File "/raid/g.bisicchia/cut_and_inc/main_new_new.py", line 2379, in _run_one_mode_sandboxed
    _run_one_mode(mode, spec, args, ib, nb, circuit_dir, perf_exp_val, noisy_value)
  File "/raid/g.bisicchia/cut_and_inc/main_new_new.py", line 2414, in _run_one_mode
    payload = _dispatch_mode(mode, spec, args, ideal_backend, noisy_backend, perf_exp_val)
  File "/raid/g.bisicchia/cut_and_inc/main_new_new.py", line 2303, in _dispatch_mode
    return run_cutting(
  File "/raid/g.bisicchia/cut_and_inc/main_new_new.py", line 1396, in run_cutting
    result_value = sew(expvals, sew_data)
  File "/raid/g.bisicchia/cut_and_inc/main_new_new.py", line 606, in sew
    value = qml.qcut.qcut_processing_fn(
  File "/raid/g.bisicchia/cut_and_inc/env/lib/python3.10/site-packages/pennylane/qcut/processing.py", line 78, in qcut_processing_fn
    result = contract_tensors(
  File "/raid/g.bisicchia/cut_and_inc/env/lib/python3.10/site-packages/pennylane/qcut/processing.py", line 311, in contract_tensors
    raise ImportError(
ImportError: The opt_einsum package is required when use_opt_einsum is set to True in the contract_tensors function. This package can be installed using:
pip install opt_einsum
    » [19:46:00]  (#3) 13q / 2_Clifford+T_007 / cut_qubit_prop  starting...
    ✗ [  37.2s]  (#3) 13q / 2_Clifford+T_007 / cut_qubit_prop  --  The opt_einsum package is required when use_opt_einsum is set to True in the contract_tensors function. This package can be installed using:
pip install opt_einsum
ERROR:cuttable-circuit-benchmark:2_Clifford+T_007 / cut_qubit_prop failed: The opt_einsum package is required when use_opt_einsum is set to True in the contract_tensors function. This package can be installed using:
pip install opt_einsum
Traceback (most recent call last):
  File "/raid/g.bisicchia/cut_and_inc/env/lib/python3.10/site-packages/pennylane/qcut/processing.py", line 309, in contract_tensors
    from opt_einsum import contract, get_symbol
ModuleNotFoundError: No module named 'opt_einsum'

The above exception was the direct cause of the following exception:

Traceback (most recent call last):
  File "/raid/g.bisicchia/cut_and_inc/main_new_new.py", line 2501, in _run_circuit
    _run_one_mode_sandboxed(
  File "/raid/g.bisicchia/cut_and_inc/main_new_new.py", line 2379, in _run_one_mode_sandboxed
    _run_one_mode(mode, spec, args, ib, nb, circuit_dir, perf_exp_val, noisy_value)
  File "/raid/g.bisicchia/cut_and_inc/main_new_new.py", line 2414, in _run_one_mode
    payload = _dispatch_mode(mode, spec, args, ideal_backend, noisy_backend, perf_exp_val)
  File "/raid/g.bisicchia/cut_and_inc/main_new_new.py", line 2303, in _dispatch_mode
    return run_cutting(
  File "/raid/g.bisicchia/cut_and_inc/main_new_new.py", line 1396, in run_cutting
    result_value = sew(expvals, sew_data)
  File "/raid/g.bisicchia/cut_and_inc/main_new_new.py", line 606, in sew
    value = qml.qcut.qcut_processing_fn(
  File "/raid/g.bisicchia/cut_and_inc/env/lib/python3.10/site-packages/pennylane/qcut/processing.py", line 78, in qcut_processing_fn
    result = contract_tensors(
  File "/raid/g.bisicchia/cut_and_inc/env/lib/python3.10/site-packages/pennylane/qcut/processing.py", line 311, in contract_tensors
    raise ImportError(
ImportError: The opt_einsum package is required when use_opt_einsum is set to True in the contract_tensors function. This package can be installed using:
pip install opt_einsum
    » [19:46:38]  (#3) 13q / 2_Clifford+T_007 / cut_incremental_budget  starting...
    ✗ [ 677.0s]  (#3) 13q / 2_Clifford+T_007 / cut_incremental_budget  --  The opt_einsum package is required when use_opt_einsum is set to True in the contract_tensors function. This package can be installed using:
pip install opt_einsum
ERROR:cuttable-circuit-benchmark:2_Clifford+T_007 / cut_incremental_budget failed: The opt_einsum package is required when use_opt_einsum is set to True in the contract_tensors function. This package can be installed using:
pip install opt_einsum
Traceback (most recent call last):
  File "/raid/g.bisicchia/cut_and_inc/env/lib/python3.10/site-packages/pennylane/qcut/processing.py", line 309, in contract_tensors
    from opt_einsum import contract, get_symbol
ModuleNotFoundError: No module named 'opt_einsum'

The above exception was the direct cause of the following exception:

Traceback (most recent call last):
  File "/raid/g.bisicchia/cut_and_inc/main_new_new.py", line 2501, in _run_circuit
    _run_one_mode_sandboxed(
  File "/raid/g.bisicchia/cut_and_inc/main_new_new.py", line 2379, in _run_one_mode_sandboxed
    _run_one_mode(mode, spec, args, ib, nb, circuit_dir, perf_exp_val, noisy_value)
  File "/raid/g.bisicchia/cut_and_inc/main_new_new.py", line 2414, in _run_one_mode
    payload = _dispatch_mode(mode, spec, args, ideal_backend, noisy_backend, perf_exp_val)
  File "/raid/g.bisicchia/cut_and_inc/main_new_new.py", line 2310, in _dispatch_mode
    return run_cutting_incremental(
  File "/raid/g.bisicchia/cut_and_inc/main_new_new.py", line 1578, in run_cutting_incremental
    result_value = sew(expvals, sew_data)
  File "/raid/g.bisicchia/cut_and_inc/main_new_new.py", line 606, in sew
    value = qml.qcut.qcut_processing_fn(
  File "/raid/g.bisicchia/cut_and_inc/env/lib/python3.10/site-packages/pennylane/qcut/processing.py", line 78, in qcut_processing_fn
    result = contract_tensors(
  File "/raid/g.bisicchia/cut_and_inc/env/lib/python3.10/site-packages/pennylane/qcut/processing.py", line 311, in contract_tensors
    raise ImportError(
ImportError: The opt_einsum package is required when use_opt_einsum is set to True in the contract_tensors function. This package can be installed using:
pip install opt_einsum
    » [19:57:55]  (#3) 13q / 2_Clifford+T_007 / cut_incremental_qubit_prop  starting...
    ✗ [ 681.1s]  (#3) 13q / 2_Clifford+T_007 / cut_incremental_qubit_prop  --  The opt_einsum package is required when use_opt_einsum is set to True in the contract_tensors function. This package can be installed using:
pip install opt_einsum
ERROR:cuttable-circuit-benchmark:2_Clifford+T_007 / cut_incremental_qubit_prop failed: The opt_einsum package is required when use_opt_einsum is set to True in the contract_tensors function. This package can be installed using:
pip install opt_einsum
Traceback (most recent call last):
  File "/raid/g.bisicchia/cut_and_inc/env/lib/python3.10/site-packages/pennylane/qcut/processing.py", line 309, in contract_tensors
    from opt_einsum import contract, get_symbol
ModuleNotFoundError: No module named 'opt_einsum'

The above exception was the direct cause of the following exception:

Traceback (most recent call last):
  File "/raid/g.bisicchia/cut_and_inc/main_new_new.py", line 2501, in _run_circuit
    _run_one_mode_sandboxed(
  File "/raid/g.bisicchia/cut_and_inc/main_new_new.py", line 2379, in _run_one_mode_sandboxed
    _run_one_mode(mode, spec, args, ib, nb, circuit_dir, perf_exp_val, noisy_value)
  File "/raid/g.bisicchia/cut_and_inc/main_new_new.py", line 2414, in _run_one_mode
    payload = _dispatch_mode(mode, spec, args, ideal_backend, noisy_backend, perf_exp_val)
  File "/raid/g.bisicchia/cut_and_inc/main_new_new.py", line 2310, in _dispatch_mode
    return run_cutting_incremental(
  File "/raid/g.bisicchia/cut_and_inc/main_new_new.py", line 1578, in run_cutting_incremental
    result_value = sew(expvals, sew_data)
  File "/raid/g.bisicchia/cut_and_inc/main_new_new.py", line 606, in sew
    value = qml.qcut.qcut_processing_fn(
  File "/raid/g.bisicchia/cut_and_inc/env/lib/python3.10/site-packages/pennylane/qcut/processing.py", line 78, in qcut_processing_fn
    result = contract_tensors(
  File "/raid/g.bisicchia/cut_and_inc/env/lib/python3.10/site-packages/pennylane/qcut/processing.py", line 311, in contract_tensors
    raise ImportError(
ImportError: The opt_einsum package is required when use_opt_einsum is set to True in the contract_tensors function. This package can be installed using:
pip install opt_einsum

[4/10] 13q / 3_Clifford+T_010  observable: ZIIIIIIIIIIII
    » [20:09:16]  13q / 3_Clifford+T_010  observable=ZIIIIIIIIIIII  computing ground truth (PennyLane default.qubit)...
    · [   0.0s]  ground_truth = 1.000000
    » [20:09:16]  (#4) 13q / 3_Clifford+T_010 / noisy_vanilla  starting...
    ✓ [   9.5s]  (#4) 13q / 3_Clifford+T_010 / noisy_vanilla
    » [20:09:25]  (#4) 13q / 3_Clifford+T_010 / cut_divided_budget  starting...
/raid/g.bisicchia/cut_and_inc/env/lib/python3.10/site-packages/pennylane/qcut/cutstrategy.py:367: UserWarning: The numer of partition attempts seems high (40).
  warnings.warn(f"The numer of partition attempts seems high ({len(ks)}).")
    ✗ [  42.6s]  (#4) 13q / 3_Clifford+T_010 / cut_divided_budget  --  The opt_einsum package is required when use_opt_einsum is set to True in the contract_tensors function. This package can be installed using:
pip install opt_einsum
ERROR:cuttable-circuit-benchmark:3_Clifford+T_010 / cut_divided_budget failed: The opt_einsum package is required when use_opt_einsum is set to True in the contract_tensors function. This package can be installed using:
pip install opt_einsum
Traceback (most recent call last):
  File "/raid/g.bisicchia/cut_and_inc/env/lib/python3.10/site-packages/pennylane/qcut/processing.py", line 309, in contract_tensors
    from opt_einsum import contract, get_symbol
ModuleNotFoundError: No module named 'opt_einsum'

The above exception was the direct cause of the following exception:

Traceback (most recent call last):
  File "/raid/g.bisicchia/cut_and_inc/main_new_new.py", line 2501, in _run_circuit
    _run_one_mode_sandboxed(
  File "/raid/g.bisicchia/cut_and_inc/main_new_new.py", line 2379, in _run_one_mode_sandboxed
    _run_one_mode(mode, spec, args, ib, nb, circuit_dir, perf_exp_val, noisy_value)
  File "/raid/g.bisicchia/cut_and_inc/main_new_new.py", line 2414, in _run_one_mode
    payload = _dispatch_mode(mode, spec, args, ideal_backend, noisy_backend, perf_exp_val)
  File "/raid/g.bisicchia/cut_and_inc/main_new_new.py", line 2303, in _dispatch_mode
    return run_cutting(
  File "/raid/g.bisicchia/cut_and_inc/main_new_new.py", line 1396, in run_cutting
    result_value = sew(expvals, sew_data)
  File "/raid/g.bisicchia/cut_and_inc/main_new_new.py", line 606, in sew
    value = qml.qcut.qcut_processing_fn(
  File "/raid/g.bisicchia/cut_and_inc/env/lib/python3.10/site-packages/pennylane/qcut/processing.py", line 78, in qcut_processing_fn
    result = contract_tensors(
  File "/raid/g.bisicchia/cut_and_inc/env/lib/python3.10/site-packages/pennylane/qcut/processing.py", line 311, in contract_tensors
    raise ImportError(
ImportError: The opt_einsum package is required when use_opt_einsum is set to True in the contract_tensors function. This package can be installed using:
pip install opt_einsum
    » [20:10:08]  (#4) 13q / 3_Clifford+T_010 / cut_qubit_prop  starting...
    ✗ [  24.7s]  (#4) 13q / 3_Clifford+T_010 / cut_qubit_prop  --  The opt_einsum package is required when use_opt_einsum is set to True in the contract_tensors function. This package can be installed using:
pip install opt_einsum
ERROR:cuttable-circuit-benchmark:3_Clifford+T_010 / cut_qubit_prop failed: The opt_einsum package is required when use_opt_einsum is set to True in the contract_tensors function. This package can be installed using:
pip install opt_einsum
Traceback (most recent call last):
  File "/raid/g.bisicchia/cut_and_inc/env/lib/python3.10/site-packages/pennylane/qcut/processing.py", line 309, in contract_tensors
    from opt_einsum import contract, get_symbol
ModuleNotFoundError: No module named 'opt_einsum'

The above exception was the direct cause of the following exception:

Traceback (most recent call last):
  File "/raid/g.bisicchia/cut_and_inc/main_new_new.py", line 2501, in _run_circuit
    _run_one_mode_sandboxed(
  File "/raid/g.bisicchia/cut_and_inc/main_new_new.py", line 2379, in _run_one_mode_sandboxed
    _run_one_mode(mode, spec, args, ib, nb, circuit_dir, perf_exp_val, noisy_value)
  File "/raid/g.bisicchia/cut_and_inc/main_new_new.py", line 2414, in _run_one_mode
    payload = _dispatch_mode(mode, spec, args, ideal_backend, noisy_backend, perf_exp_val)
  File "/raid/g.bisicchia/cut_and_inc/main_new_new.py", line 2303, in _dispatch_mode
    return run_cutting(
  File "/raid/g.bisicchia/cut_and_inc/main_new_new.py", line 1396, in run_cutting
    result_value = sew(expvals, sew_data)
  File "/raid/g.bisicchia/cut_and_inc/main_new_new.py", line 606, in sew
    value = qml.qcut.qcut_processing_fn(
  File "/raid/g.bisicchia/cut_and_inc/env/lib/python3.10/site-packages/pennylane/qcut/processing.py", line 78, in qcut_processing_fn
    result = contract_tensors(
  File "/raid/g.bisicchia/cut_and_inc/env/lib/python3.10/site-packages/pennylane/qcut/processing.py", line 311, in contract_tensors
    raise ImportError(
ImportError: The opt_einsum package is required when use_opt_einsum is set to True in the contract_tensors function. This package can be installed using:
pip install opt_einsum
    » [20:10:33]  (#4) 13q / 3_Clifford+T_010 / cut_incremental_budget  starting...
    ✗ [ 684.6s]  (#4) 13q / 3_Clifford+T_010 / cut_incremental_budget  --  The opt_einsum package is required when use_opt_einsum is set to True in the contract_tensors function. This package can be installed using:
pip install opt_einsum
ERROR:cuttable-circuit-benchmark:3_Clifford+T_010 / cut_incremental_budget failed: The opt_einsum package is required when use_opt_einsum is set to True in the contract_tensors function. This package can be installed using:
pip install opt_einsum
Traceback (most recent call last):
  File "/raid/g.bisicchia/cut_and_inc/env/lib/python3.10/site-packages/pennylane/qcut/processing.py", line 309, in contract_tensors
    from opt_einsum import contract, get_symbol
ModuleNotFoundError: No module named 'opt_einsum'

The above exception was the direct cause of the following exception:

Traceback (most recent call last):
  File "/raid/g.bisicchia/cut_and_inc/main_new_new.py", line 2501, in _run_circuit
    _run_one_mode_sandboxed(
  File "/raid/g.bisicchia/cut_and_inc/main_new_new.py", line 2379, in _run_one_mode_sandboxed
    _run_one_mode(mode, spec, args, ib, nb, circuit_dir, perf_exp_val, noisy_value)
  File "/raid/g.bisicchia/cut_and_inc/main_new_new.py", line 2414, in _run_one_mode
    payload = _dispatch_mode(mode, spec, args, ideal_backend, noisy_backend, perf_exp_val)
  File "/raid/g.bisicchia/cut_and_inc/main_new_new.py", line 2310, in _dispatch_mode
    return run_cutting_incremental(
  File "/raid/g.bisicchia/cut_and_inc/main_new_new.py", line 1578, in run_cutting_incremental
    result_value = sew(expvals, sew_data)
  File "/raid/g.bisicchia/cut_and_inc/main_new_new.py", line 606, in sew
    value = qml.qcut.qcut_processing_fn(
  File "/raid/g.bisicchia/cut_and_inc/env/lib/python3.10/site-packages/pennylane/qcut/processing.py", line 78, in qcut_processing_fn
    result = contract_tensors(
  File "/raid/g.bisicchia/cut_and_inc/env/lib/python3.10/site-packages/pennylane/qcut/processing.py", line 311, in contract_tensors
    raise ImportError(
ImportError: The opt_einsum package is required when use_opt_einsum is set to True in the contract_tensors function. This package can be installed using:
pip install opt_einsum
    » [20:21:57]  (#4) 13q / 3_Clifford+T_010 / cut_incremental_qubit_prop  starting...
    ✗ [ 727.1s]  (#4) 13q / 3_Clifford+T_010 / cut_incremental_qubit_prop  --  The opt_einsum package is required when use_opt_einsum is set to True in the contract_tensors function. This package can be installed using:
pip install opt_einsum
ERROR:cuttable-circuit-benchmark:3_Clifford+T_010 / cut_incremental_qubit_prop failed: The opt_einsum package is required when use_opt_einsum is set to True in the contract_tensors function. This package can be installed using:
pip install opt_einsum
Traceback (most recent call last):
  File "/raid/g.bisicchia/cut_and_inc/env/lib/python3.10/site-packages/pennylane/qcut/processing.py", line 309, in contract_tensors
    from opt_einsum import contract, get_symbol
ModuleNotFoundError: No module named 'opt_einsum'

The above exception was the direct cause of the following exception:

Traceback (most recent call last):
  File "/raid/g.bisicchia/cut_and_inc/main_new_new.py", line 2501, in _run_circuit
    _run_one_mode_sandboxed(
  File "/raid/g.bisicchia/cut_and_inc/main_new_new.py", line 2379, in _run_one_mode_sandboxed
    _run_one_mode(mode, spec, args, ib, nb, circuit_dir, perf_exp_val, noisy_value)
  File "/raid/g.bisicchia/cut_and_inc/main_new_new.py", line 2414, in _run_one_mode
    payload = _dispatch_mode(mode, spec, args, ideal_backend, noisy_backend, perf_exp_val)
  File "/raid/g.bisicchia/cut_and_inc/main_new_new.py", line 2310, in _dispatch_mode
    return run_cutting_incremental(
  File "/raid/g.bisicchia/cut_and_inc/main_new_new.py", line 1578, in run_cutting_incremental
    result_value = sew(expvals, sew_data)
  File "/raid/g.bisicchia/cut_and_inc/main_new_new.py", line 606, in sew
    value = qml.qcut.qcut_processing_fn(
  File "/raid/g.bisicchia/cut_and_inc/env/lib/python3.10/site-packages/pennylane/qcut/processing.py", line 78, in qcut_processing_fn
    result = contract_tensors(
  File "/raid/g.bisicchia/cut_and_inc/env/lib/python3.10/site-packages/pennylane/qcut/processing.py", line 311, in contract_tensors
    raise ImportError(
ImportError: The opt_einsum package is required when use_opt_einsum is set to True in the contract_tensors function. This package can be installed using:
pip install opt_einsum

[5/10] 13q / 4_Clifford+T_012  observable: ZIIIIIIIIIIII
    » [20:34:04]  13q / 4_Clifford+T_012  observable=ZIIIIIIIIIIII  computing ground truth (PennyLane default.qubit)...
    · [   0.0s]  ground_truth = -1.000000
    » [20:34:04]  (#5) 13q / 4_Clifford+T_012 / noisy_vanilla  starting...
    ✓ [   9.5s]  (#5) 13q / 4_Clifford+T_012 / noisy_vanilla
    » [20:34:14]  (#5) 13q / 4_Clifford+T_012 / cut_divided_budget  starting...
/raid/g.bisicchia/cut_and_inc/env/lib/python3.10/site-packages/pennylane/qcut/cutstrategy.py:367: UserWarning: The numer of partition attempts seems high (40).
  warnings.warn(f"The numer of partition attempts seems high ({len(ks)}).")
    ✗ [  36.3s]  (#5) 13q / 4_Clifford+T_012 / cut_divided_budget  --  The opt_einsum package is required when use_opt_einsum is set to True in the contract_tensors function. This package can be installed using:
pip install opt_einsum
ERROR:cuttable-circuit-benchmark:4_Clifford+T_012 / cut_divided_budget failed: The opt_einsum package is required when use_opt_einsum is set to True in the contract_tensors function. This package can be installed using:
pip install opt_einsum
Traceback (most recent call last):
  File "/raid/g.bisicchia/cut_and_inc/env/lib/python3.10/site-packages/pennylane/qcut/processing.py", line 309, in contract_tensors
    from opt_einsum import contract, get_symbol
ModuleNotFoundError: No module named 'opt_einsum'

The above exception was the direct cause of the following exception:

Traceback (most recent call last):
  File "/raid/g.bisicchia/cut_and_inc/main_new_new.py", line 2501, in _run_circuit
    _run_one_mode_sandboxed(
  File "/raid/g.bisicchia/cut_and_inc/main_new_new.py", line 2379, in _run_one_mode_sandboxed
    _run_one_mode(mode, spec, args, ib, nb, circuit_dir, perf_exp_val, noisy_value)
  File "/raid/g.bisicchia/cut_and_inc/main_new_new.py", line 2414, in _run_one_mode
    payload = _dispatch_mode(mode, spec, args, ideal_backend, noisy_backend, perf_exp_val)
  File "/raid/g.bisicchia/cut_and_inc/main_new_new.py", line 2303, in _dispatch_mode
    return run_cutting(
  File "/raid/g.bisicchia/cut_and_inc/main_new_new.py", line 1396, in run_cutting
    result_value = sew(expvals, sew_data)
  File "/raid/g.bisicchia/cut_and_inc/main_new_new.py", line 606, in sew
    value = qml.qcut.qcut_processing_fn(
  File "/raid/g.bisicchia/cut_and_inc/env/lib/python3.10/site-packages/pennylane/qcut/processing.py", line 78, in qcut_processing_fn
    result = contract_tensors(
  File "/raid/g.bisicchia/cut_and_inc/env/lib/python3.10/site-packages/pennylane/qcut/processing.py", line 311, in contract_tensors
    raise ImportError(
ImportError: The opt_einsum package is required when use_opt_einsum is set to True in the contract_tensors function. This package can be installed using:
pip install opt_einsum
    » [20:34:50]  (#5) 13q / 4_Clifford+T_012 / cut_qubit_prop  starting...
    ✗ [  26.0s]  (#5) 13q / 4_Clifford+T_012 / cut_qubit_prop  --  The opt_einsum package is required when use_opt_einsum is set to True in the contract_tensors function. This package can be installed using:
pip install opt_einsum
ERROR:cuttable-circuit-benchmark:4_Clifford+T_012 / cut_qubit_prop failed: The opt_einsum package is required when use_opt_einsum is set to True in the contract_tensors function. This package can be installed using:
pip install opt_einsum
Traceback (most recent call last):
  File "/raid/g.bisicchia/cut_and_inc/env/lib/python3.10/site-packages/pennylane/qcut/processing.py", line 309, in contract_tensors
    from opt_einsum import contract, get_symbol
ModuleNotFoundError: No module named 'opt_einsum'

The above exception was the direct cause of the following exception:

Traceback (most recent call last):
  File "/raid/g.bisicchia/cut_and_inc/main_new_new.py", line 2501, in _run_circuit
    _run_one_mode_sandboxed(
  File "/raid/g.bisicchia/cut_and_inc/main_new_new.py", line 2379, in _run_one_mode_sandboxed
    _run_one_mode(mode, spec, args, ib, nb, circuit_dir, perf_exp_val, noisy_value)
  File "/raid/g.bisicchia/cut_and_inc/main_new_new.py", line 2414, in _run_one_mode
    payload = _dispatch_mode(mode, spec, args, ideal_backend, noisy_backend, perf_exp_val)
  File "/raid/g.bisicchia/cut_and_inc/main_new_new.py", line 2303, in _dispatch_mode
    return run_cutting(
  File "/raid/g.bisicchia/cut_and_inc/main_new_new.py", line 1396, in run_cutting
    result_value = sew(expvals, sew_data)
  File "/raid/g.bisicchia/cut_and_inc/main_new_new.py", line 606, in sew
    value = qml.qcut.qcut_processing_fn(
  File "/raid/g.bisicchia/cut_and_inc/env/lib/python3.10/site-packages/pennylane/qcut/processing.py", line 78, in qcut_processing_fn
    result = contract_tensors(
  File "/raid/g.bisicchia/cut_and_inc/env/lib/python3.10/site-packages/pennylane/qcut/processing.py", line 311, in contract_tensors
    raise ImportError(
ImportError: The opt_einsum package is required when use_opt_einsum is set to True in the contract_tensors function. This package can be installed using:
pip install opt_einsum
    » [20:35:16]  (#5) 13q / 4_Clifford+T_012 / cut_incremental_budget  starting...
    ✗ [ 717.4s]  (#5) 13q / 4_Clifford+T_012 / cut_incremental_budget  --  The opt_einsum package is required when use_opt_einsum is set to True in the contract_tensors function. This package can be installed using:
pip install opt_einsum
ERROR:cuttable-circuit-benchmark:4_Clifford+T_012 / cut_incremental_budget failed: The opt_einsum package is required when use_opt_einsum is set to True in the contract_tensors function. This package can be installed using:
pip install opt_einsum
Traceback (most recent call last):
  File "/raid/g.bisicchia/cut_and_inc/env/lib/python3.10/site-packages/pennylane/qcut/processing.py", line 309, in contract_tensors
    from opt_einsum import contract, get_symbol
ModuleNotFoundError: No module named 'opt_einsum'

The above exception was the direct cause of the following exception:

Traceback (most recent call last):
  File "/raid/g.bisicchia/cut_and_inc/main_new_new.py", line 2501, in _run_circuit
    _run_one_mode_sandboxed(
  File "/raid/g.bisicchia/cut_and_inc/main_new_new.py", line 2379, in _run_one_mode_sandboxed
    _run_one_mode(mode, spec, args, ib, nb, circuit_dir, perf_exp_val, noisy_value)
  File "/raid/g.bisicchia/cut_and_inc/main_new_new.py", line 2414, in _run_one_mode
    payload = _dispatch_mode(mode, spec, args, ideal_backend, noisy_backend, perf_exp_val)
  File "/raid/g.bisicchia/cut_and_inc/main_new_new.py", line 2310, in _dispatch_mode
    return run_cutting_incremental(
  File "/raid/g.bisicchia/cut_and_inc/main_new_new.py", line 1578, in run_cutting_incremental
    result_value = sew(expvals, sew_data)
  File "/raid/g.bisicchia/cut_and_inc/main_new_new.py", line 606, in sew
    value = qml.qcut.qcut_processing_fn(
  File "/raid/g.bisicchia/cut_and_inc/env/lib/python3.10/site-packages/pennylane/qcut/processing.py", line 78, in qcut_processing_fn
    result = contract_tensors(
  File "/raid/g.bisicchia/cut_and_inc/env/lib/python3.10/site-packages/pennylane/qcut/processing.py", line 311, in contract_tensors
    raise ImportError(
ImportError: The opt_einsum package is required when use_opt_einsum is set to True in the contract_tensors function. This package can be installed using:
pip install opt_einsum
    » [20:47:13]  (#5) 13q / 4_Clifford+T_012 / cut_incremental_qubit_prop  starting...
    ✗ [ 720.8s]  (#5) 13q / 4_Clifford+T_012 / cut_incremental_qubit_prop  --  The opt_einsum package is required when use_opt_einsum is set to True in the contract_tensors function. This package can be installed using:
pip install opt_einsum
ERROR:cuttable-circuit-benchmark:4_Clifford+T_012 / cut_incremental_qubit_prop failed: The opt_einsum package is required when use_opt_einsum is set to True in the contract_tensors function. This package can be installed using:
pip install opt_einsum
Traceback (most recent call last):
  File "/raid/g.bisicchia/cut_and_inc/env/lib/python3.10/site-packages/pennylane/qcut/processing.py", line 309, in contract_tensors
    from opt_einsum import contract, get_symbol
ModuleNotFoundError: No module named 'opt_einsum'

The above exception was the direct cause of the following exception:

Traceback (most recent call last):
  File "/raid/g.bisicchia/cut_and_inc/main_new_new.py", line 2501, in _run_circuit
    _run_one_mode_sandboxed(
  File "/raid/g.bisicchia/cut_and_inc/main_new_new.py", line 2379, in _run_one_mode_sandboxed
    _run_one_mode(mode, spec, args, ib, nb, circuit_dir, perf_exp_val, noisy_value)
  File "/raid/g.bisicchia/cut_and_inc/main_new_new.py", line 2414, in _run_one_mode
    payload = _dispatch_mode(mode, spec, args, ideal_backend, noisy_backend, perf_exp_val)
  File "/raid/g.bisicchia/cut_and_inc/main_new_new.py", line 2310, in _dispatch_mode
    return run_cutting_incremental(
  File "/raid/g.bisicchia/cut_and_inc/main_new_new.py", line 1578, in run_cutting_incremental
    result_value = sew(expvals, sew_data)
  File "/raid/g.bisicchia/cut_and_inc/main_new_new.py", line 606, in sew
    value = qml.qcut.qcut_processing_fn(
  File "/raid/g.bisicchia/cut_and_inc/env/lib/python3.10/site-packages/pennylane/qcut/processing.py", line 78, in qcut_processing_fn
    result = contract_tensors(
  File "/raid/g.bisicchia/cut_and_inc/env/lib/python3.10/site-packages/pennylane/qcut/processing.py", line 311, in contract_tensors
    raise ImportError(
ImportError: The opt_einsum package is required when use_opt_einsum is set to True in the contract_tensors function. This package can be installed using:
pip install opt_einsum

[6/10] 13q / 5_Clifford+T_014  observable: ZIIIIIIIIIIII
    » [20:59:14]  13q / 5_Clifford+T_014  observable=ZIIIIIIIIIIII  computing ground truth (PennyLane default.qubit)...
    · [   0.0s]  ground_truth = -1.000000
    » [20:59:14]  (#6) 13q / 5_Clifford+T_014 / noisy_vanilla  starting...
    ✓ [   8.9s]  (#6) 13q / 5_Clifford+T_014 / noisy_vanilla
    » [20:59:23]  (#6) 13q / 5_Clifford+T_014 / cut_divided_budget  starting...
/raid/g.bisicchia/cut_and_inc/env/lib/python3.10/site-packages/pennylane/qcut/cutstrategy.py:367: UserWarning: The numer of partition attempts seems high (40).
  warnings.warn(f"The numer of partition attempts seems high ({len(ks)}).")
    ✗ [ 109.1s]  (#6) 13q / 5_Clifford+T_014 / cut_divided_budget  --  The opt_einsum package is required when use_opt_einsum is set to True in the contract_tensors function. This package can be installed using:
pip install opt_einsum
ERROR:cuttable-circuit-benchmark:5_Clifford+T_014 / cut_divided_budget failed: The opt_einsum package is required when use_opt_einsum is set to True in the contract_tensors function. This package can be installed using:
pip install opt_einsum
Traceback (most recent call last):
  File "/raid/g.bisicchia/cut_and_inc/env/lib/python3.10/site-packages/pennylane/qcut/processing.py", line 309, in contract_tensors
    from opt_einsum import contract, get_symbol
ModuleNotFoundError: No module named 'opt_einsum'

The above exception was the direct cause of the following exception:

Traceback (most recent call last):
  File "/raid/g.bisicchia/cut_and_inc/main_new_new.py", line 2501, in _run_circuit
    _run_one_mode_sandboxed(
  File "/raid/g.bisicchia/cut_and_inc/main_new_new.py", line 2379, in _run_one_mode_sandboxed
    _run_one_mode(mode, spec, args, ib, nb, circuit_dir, perf_exp_val, noisy_value)
  File "/raid/g.bisicchia/cut_and_inc/main_new_new.py", line 2414, in _run_one_mode
    payload = _dispatch_mode(mode, spec, args, ideal_backend, noisy_backend, perf_exp_val)
  File "/raid/g.bisicchia/cut_and_inc/main_new_new.py", line 2303, in _dispatch_mode
    return run_cutting(
  File "/raid/g.bisicchia/cut_and_inc/main_new_new.py", line 1396, in run_cutting
    result_value = sew(expvals, sew_data)
  File "/raid/g.bisicchia/cut_and_inc/main_new_new.py", line 606, in sew
    value = qml.qcut.qcut_processing_fn(
  File "/raid/g.bisicchia/cut_and_inc/env/lib/python3.10/site-packages/pennylane/qcut/processing.py", line 78, in qcut_processing_fn
    result = contract_tensors(
  File "/raid/g.bisicchia/cut_and_inc/env/lib/python3.10/site-packages/pennylane/qcut/processing.py", line 311, in contract_tensors
    raise ImportError(
ImportError: The opt_einsum package is required when use_opt_einsum is set to True in the contract_tensors function. This package can be installed using:
pip install opt_einsum
    » [21:01:12]  (#6) 13q / 5_Clifford+T_014 / cut_qubit_prop  starting...
    ✗ [  93.1s]  (#6) 13q / 5_Clifford+T_014 / cut_qubit_prop  --  The opt_einsum package is required when use_opt_einsum is set to True in the contract_tensors function. This package can be installed using:
pip install opt_einsum
ERROR:cuttable-circuit-benchmark:5_Clifford+T_014 / cut_qubit_prop failed: The opt_einsum package is required when use_opt_einsum is set to True in the contract_tensors function. This package can be installed using:
pip install opt_einsum
Traceback (most recent call last):
  File "/raid/g.bisicchia/cut_and_inc/env/lib/python3.10/site-packages/pennylane/qcut/processing.py", line 309, in contract_tensors
    from opt_einsum import contract, get_symbol
ModuleNotFoundError: No module named 'opt_einsum'

The above exception was the direct cause of the following exception:

Traceback (most recent call last):
  File "/raid/g.bisicchia/cut_and_inc/main_new_new.py", line 2501, in _run_circuit
    _run_one_mode_sandboxed(
  File "/raid/g.bisicchia/cut_and_inc/main_new_new.py", line 2379, in _run_one_mode_sandboxed
    _run_one_mode(mode, spec, args, ib, nb, circuit_dir, perf_exp_val, noisy_value)
  File "/raid/g.bisicchia/cut_and_inc/main_new_new.py", line 2414, in _run_one_mode
    payload = _dispatch_mode(mode, spec, args, ideal_backend, noisy_backend, perf_exp_val)
  File "/raid/g.bisicchia/cut_and_inc/main_new_new.py", line 2303, in _dispatch_mode
    return run_cutting(
  File "/raid/g.bisicchia/cut_and_inc/main_new_new.py", line 1396, in run_cutting
    result_value = sew(expvals, sew_data)
  File "/raid/g.bisicchia/cut_and_inc/main_new_new.py", line 606, in sew
    value = qml.qcut.qcut_processing_fn(
  File "/raid/g.bisicchia/cut_and_inc/env/lib/python3.10/site-packages/pennylane/qcut/processing.py", line 78, in qcut_processing_fn
    result = contract_tensors(
  File "/raid/g.bisicchia/cut_and_inc/env/lib/python3.10/site-packages/pennylane/qcut/processing.py", line 311, in contract_tensors
    raise ImportError(
ImportError: The opt_einsum package is required when use_opt_einsum is set to True in the contract_tensors function. This package can be installed using:
pip install opt_einsum
    » [21:02:45]  (#6) 13q / 5_Clifford+T_014 / cut_incremental_budget  starting...
    ✗ [ 699.9s]  (#6) 13q / 5_Clifford+T_014 / cut_incremental_budget  --  The opt_einsum package is required when use_opt_einsum is set to True in the contract_tensors function. This package can be installed using:
pip install opt_einsum
ERROR:cuttable-circuit-benchmark:5_Clifford+T_014 / cut_incremental_budget failed: The opt_einsum package is required when use_opt_einsum is set to True in the contract_tensors function. This package can be installed using:
pip install opt_einsum
Traceback (most recent call last):
  File "/raid/g.bisicchia/cut_and_inc/env/lib/python3.10/site-packages/pennylane/qcut/processing.py", line 309, in contract_tensors
    from opt_einsum import contract, get_symbol
ModuleNotFoundError: No module named 'opt_einsum'

The above exception was the direct cause of the following exception:

Traceback (most recent call last):
  File "/raid/g.bisicchia/cut_and_inc/main_new_new.py", line 2501, in _run_circuit
    _run_one_mode_sandboxed(
  File "/raid/g.bisicchia/cut_and_inc/main_new_new.py", line 2379, in _run_one_mode_sandboxed
    _run_one_mode(mode, spec, args, ib, nb, circuit_dir, perf_exp_val, noisy_value)
  File "/raid/g.bisicchia/cut_and_inc/main_new_new.py", line 2414, in _run_one_mode
    payload = _dispatch_mode(mode, spec, args, ideal_backend, noisy_backend, perf_exp_val)
  File "/raid/g.bisicchia/cut_and_inc/main_new_new.py", line 2310, in _dispatch_mode
    return run_cutting_incremental(
  File "/raid/g.bisicchia/cut_and_inc/main_new_new.py", line 1578, in run_cutting_incremental
    result_value = sew(expvals, sew_data)
  File "/raid/g.bisicchia/cut_and_inc/main_new_new.py", line 606, in sew
    value = qml.qcut.qcut_processing_fn(
  File "/raid/g.bisicchia/cut_and_inc/env/lib/python3.10/site-packages/pennylane/qcut/processing.py", line 78, in qcut_processing_fn
    result = contract_tensors(
  File "/raid/g.bisicchia/cut_and_inc/env/lib/python3.10/site-packages/pennylane/qcut/processing.py", line 311, in contract_tensors
    raise ImportError(
ImportError: The opt_einsum package is required when use_opt_einsum is set to True in the contract_tensors function. This package can be installed using:
pip install opt_einsum
    » [21:14:25]  (#6) 13q / 5_Clifford+T_014 / cut_incremental_qubit_prop  starting...
    ✗ [ 645.1s]  (#6) 13q / 5_Clifford+T_014 / cut_incremental_qubit_prop  --  The opt_einsum package is required when use_opt_einsum is set to True in the contract_tensors function. This package can be installed using:
pip install opt_einsum
ERROR:cuttable-circuit-benchmark:5_Clifford+T_014 / cut_incremental_qubit_prop failed: The opt_einsum package is required when use_opt_einsum is set to True in the contract_tensors function. This package can be installed using:
pip install opt_einsum
Traceback (most recent call last):
  File "/raid/g.bisicchia/cut_and_inc/env/lib/python3.10/site-packages/pennylane/qcut/processing.py", line 309, in contract_tensors
    from opt_einsum import contract, get_symbol
ModuleNotFoundError: No module named 'opt_einsum'

The above exception was the direct cause of the following exception:

Traceback (most recent call last):
  File "/raid/g.bisicchia/cut_and_inc/main_new_new.py", line 2501, in _run_circuit
    _run_one_mode_sandboxed(
  File "/raid/g.bisicchia/cut_and_inc/main_new_new.py", line 2379, in _run_one_mode_sandboxed
    _run_one_mode(mode, spec, args, ib, nb, circuit_dir, perf_exp_val, noisy_value)
  File "/raid/g.bisicchia/cut_and_inc/main_new_new.py", line 2414, in _run_one_mode
    payload = _dispatch_mode(mode, spec, args, ideal_backend, noisy_backend, perf_exp_val)
  File "/raid/g.bisicchia/cut_and_inc/main_new_new.py", line 2310, in _dispatch_mode
    return run_cutting_incremental(
  File "/raid/g.bisicchia/cut_and_inc/main_new_new.py", line 1578, in run_cutting_incremental
    result_value = sew(expvals, sew_data)
  File "/raid/g.bisicchia/cut_and_inc/main_new_new.py", line 606, in sew
    value = qml.qcut.qcut_processing_fn(
  File "/raid/g.bisicchia/cut_and_inc/env/lib/python3.10/site-packages/pennylane/qcut/processing.py", line 78, in qcut_processing_fn
    result = contract_tensors(
  File "/raid/g.bisicchia/cut_and_inc/env/lib/python3.10/site-packages/pennylane/qcut/processing.py", line 311, in contract_tensors
    raise ImportError(
ImportError: The opt_einsum package is required when use_opt_einsum is set to True in the contract_tensors function. This package can be installed using:
pip install opt_einsum

[7/10] 13q / 6_Clifford+T_015  observable: ZIIIIIIIIIIII
    » [21:25:10]  13q / 6_Clifford+T_015  observable=ZIIIIIIIIIIII  computing ground truth (PennyLane default.qubit)...
    · [   0.1s]  ground_truth = 0.000000
    » [21:25:10]  (#7) 13q / 6_Clifford+T_015 / noisy_vanilla  starting...
    ✓ [   6.9s]  (#7) 13q / 6_Clifford+T_015 / noisy_vanilla
    » [21:25:17]  (#7) 13q / 6_Clifford+T_015 / cut_divided_budget  starting...
/raid/g.bisicchia/cut_and_inc/env/lib/python3.10/site-packages/pennylane/qcut/cutstrategy.py:367: UserWarning: The numer of partition attempts seems high (40).
  warnings.warn(f"The numer of partition attempts seems high ({len(ks)}).")
    ✗ [  38.8s]  (#7) 13q / 6_Clifford+T_015 / cut_divided_budget  --  The opt_einsum package is required when use_opt_einsum is set to True in the contract_tensors function. This package can be installed using:
pip install opt_einsum
ERROR:cuttable-circuit-benchmark:6_Clifford+T_015 / cut_divided_budget failed: The opt_einsum package is required when use_opt_einsum is set to True in the contract_tensors function. This package can be installed using:
pip install opt_einsum
Traceback (most recent call last):
  File "/raid/g.bisicchia/cut_and_inc/env/lib/python3.10/site-packages/pennylane/qcut/processing.py", line 309, in contract_tensors
    from opt_einsum import contract, get_symbol
ModuleNotFoundError: No module named 'opt_einsum'

The above exception was the direct cause of the following exception:

Traceback (most recent call last):
  File "/raid/g.bisicchia/cut_and_inc/main_new_new.py", line 2501, in _run_circuit
    _run_one_mode_sandboxed(
  File "/raid/g.bisicchia/cut_and_inc/main_new_new.py", line 2379, in _run_one_mode_sandboxed
    _run_one_mode(mode, spec, args, ib, nb, circuit_dir, perf_exp_val, noisy_value)
  File "/raid/g.bisicchia/cut_and_inc/main_new_new.py", line 2414, in _run_one_mode
    payload = _dispatch_mode(mode, spec, args, ideal_backend, noisy_backend, perf_exp_val)
  File "/raid/g.bisicchia/cut_and_inc/main_new_new.py", line 2303, in _dispatch_mode
    return run_cutting(
  File "/raid/g.bisicchia/cut_and_inc/main_new_new.py", line 1396, in run_cutting
    result_value = sew(expvals, sew_data)
  File "/raid/g.bisicchia/cut_and_inc/main_new_new.py", line 606, in sew
    value = qml.qcut.qcut_processing_fn(
  File "/raid/g.bisicchia/cut_and_inc/env/lib/python3.10/site-packages/pennylane/qcut/processing.py", line 78, in qcut_processing_fn
    result = contract_tensors(
  File "/raid/g.bisicchia/cut_and_inc/env/lib/python3.10/site-packages/pennylane/qcut/processing.py", line 311, in contract_tensors
    raise ImportError(
ImportError: The opt_einsum package is required when use_opt_einsum is set to True in the contract_tensors function. This package can be installed using:
pip install opt_einsum
    » [21:25:56]  (#7) 13q / 6_Clifford+T_015 / cut_qubit_prop  starting...
    ✗ [  31.1s]  (#7) 13q / 6_Clifford+T_015 / cut_qubit_prop  --  The opt_einsum package is required when use_opt_einsum is set to True in the contract_tensors function. This package can be installed using:
pip install opt_einsum
ERROR:cuttable-circuit-benchmark:6_Clifford+T_015 / cut_qubit_prop failed: The opt_einsum package is required when use_opt_einsum is set to True in the contract_tensors function. This package can be installed using:
pip install opt_einsum
Traceback (most recent call last):
  File "/raid/g.bisicchia/cut_and_inc/env/lib/python3.10/site-packages/pennylane/qcut/processing.py", line 309, in contract_tensors
    from opt_einsum import contract, get_symbol
ModuleNotFoundError: No module named 'opt_einsum'

The above exception was the direct cause of the following exception:

Traceback (most recent call last):
  File "/raid/g.bisicchia/cut_and_inc/main_new_new.py", line 2501, in _run_circuit
    _run_one_mode_sandboxed(
  File "/raid/g.bisicchia/cut_and_inc/main_new_new.py", line 2379, in _run_one_mode_sandboxed
    _run_one_mode(mode, spec, args, ib, nb, circuit_dir, perf_exp_val, noisy_value)
  File "/raid/g.bisicchia/cut_and_inc/main_new_new.py", line 2414, in _run_one_mode
    payload = _dispatch_mode(mode, spec, args, ideal_backend, noisy_backend, perf_exp_val)
  File "/raid/g.bisicchia/cut_and_inc/main_new_new.py", line 2303, in _dispatch_mode
    return run_cutting(
  File "/raid/g.bisicchia/cut_and_inc/main_new_new.py", line 1396, in run_cutting
    result_value = sew(expvals, sew_data)
  File "/raid/g.bisicchia/cut_and_inc/main_new_new.py", line 606, in sew
    value = qml.qcut.qcut_processing_fn(
  File "/raid/g.bisicchia/cut_and_inc/env/lib/python3.10/site-packages/pennylane/qcut/processing.py", line 78, in qcut_processing_fn
    result = contract_tensors(
  File "/raid/g.bisicchia/cut_and_inc/env/lib/python3.10/site-packages/pennylane/qcut/processing.py", line 311, in contract_tensors
    raise ImportError(
ImportError: The opt_einsum package is required when use_opt_einsum is set to True in the contract_tensors function. This package can be installed using:
pip install opt_einsum
    » [21:26:27]  (#7) 13q / 6_Clifford+T_015 / cut_incremental_budget  starting...
    ✗ [ 663.2s]  (#7) 13q / 6_Clifford+T_015 / cut_incremental_budget  --  The opt_einsum package is required when use_opt_einsum is set to True in the contract_tensors function. This package can be installed using:
pip install opt_einsum
ERROR:cuttable-circuit-benchmark:6_Clifford+T_015 / cut_incremental_budget failed: The opt_einsum package is required when use_opt_einsum is set to True in the contract_tensors function. This package can be installed using:
pip install opt_einsum
Traceback (most recent call last):
  File "/raid/g.bisicchia/cut_and_inc/env/lib/python3.10/site-packages/pennylane/qcut/processing.py", line 309, in contract_tensors
    from opt_einsum import contract, get_symbol
ModuleNotFoundError: No module named 'opt_einsum'

The above exception was the direct cause of the following exception:

Traceback (most recent call last):
  File "/raid/g.bisicchia/cut_and_inc/main_new_new.py", line 2501, in _run_circuit
    _run_one_mode_sandboxed(
  File "/raid/g.bisicchia/cut_and_inc/main_new_new.py", line 2379, in _run_one_mode_sandboxed
    _run_one_mode(mode, spec, args, ib, nb, circuit_dir, perf_exp_val, noisy_value)
  File "/raid/g.bisicchia/cut_and_inc/main_new_new.py", line 2414, in _run_one_mode
    payload = _dispatch_mode(mode, spec, args, ideal_backend, noisy_backend, perf_exp_val)
  File "/raid/g.bisicchia/cut_and_inc/main_new_new.py", line 2310, in _dispatch_mode
    return run_cutting_incremental(
  File "/raid/g.bisicchia/cut_and_inc/main_new_new.py", line 1578, in run_cutting_incremental
    result_value = sew(expvals, sew_data)
  File "/raid/g.bisicchia/cut_and_inc/main_new_new.py", line 606, in sew
    value = qml.qcut.qcut_processing_fn(
  File "/raid/g.bisicchia/cut_and_inc/env/lib/python3.10/site-packages/pennylane/qcut/processing.py", line 78, in qcut_processing_fn
    result = contract_tensors(
  File "/raid/g.bisicchia/cut_and_inc/env/lib/python3.10/site-packages/pennylane/qcut/processing.py", line 311, in contract_tensors
    raise ImportError(
ImportError: The opt_einsum package is required when use_opt_einsum is set to True in the contract_tensors function. This package can be installed using:
pip install opt_einsum
    » [21:37:30]  (#7) 13q / 6_Clifford+T_015 / cut_incremental_qubit_prop  starting...
    ✗ [ 648.1s]  (#7) 13q / 6_Clifford+T_015 / cut_incremental_qubit_prop  --  The opt_einsum package is required when use_opt_einsum is set to True in the contract_tensors function. This package can be installed using:
pip install opt_einsum
ERROR:cuttable-circuit-benchmark:6_Clifford+T_015 / cut_incremental_qubit_prop failed: The opt_einsum package is required when use_opt_einsum is set to True in the contract_tensors function. This package can be installed using:
pip install opt_einsum
Traceback (most recent call last):
  File "/raid/g.bisicchia/cut_and_inc/env/lib/python3.10/site-packages/pennylane/qcut/processing.py", line 309, in contract_tensors
    from opt_einsum import contract, get_symbol
ModuleNotFoundError: No module named 'opt_einsum'

The above exception was the direct cause of the following exception:

Traceback (most recent call last):
  File "/raid/g.bisicchia/cut_and_inc/main_new_new.py", line 2501, in _run_circuit
    _run_one_mode_sandboxed(
  File "/raid/g.bisicchia/cut_and_inc/main_new_new.py", line 2379, in _run_one_mode_sandboxed
    _run_one_mode(mode, spec, args, ib, nb, circuit_dir, perf_exp_val, noisy_value)
  File "/raid/g.bisicchia/cut_and_inc/main_new_new.py", line 2414, in _run_one_mode
    payload = _dispatch_mode(mode, spec, args, ideal_backend, noisy_backend, perf_exp_val)
  File "/raid/g.bisicchia/cut_and_inc/main_new_new.py", line 2310, in _dispatch_mode
    return run_cutting_incremental(
  File "/raid/g.bisicchia/cut_and_inc/main_new_new.py", line 1578, in run_cutting_incremental
    result_value = sew(expvals, sew_data)
  File "/raid/g.bisicchia/cut_and_inc/main_new_new.py", line 606, in sew
    value = qml.qcut.qcut_processing_fn(
  File "/raid/g.bisicchia/cut_and_inc/env/lib/python3.10/site-packages/pennylane/qcut/processing.py", line 78, in qcut_processing_fn
    result = contract_tensors(
  File "/raid/g.bisicchia/cut_and_inc/env/lib/python3.10/site-packages/pennylane/qcut/processing.py", line 311, in contract_tensors
    raise ImportError(
ImportError: The opt_einsum package is required when use_opt_einsum is set to True in the contract_tensors function. This package can be installed using:
pip install opt_einsum

[8/10] 13q / 7_Clifford+T_016  observable: ZIIIIIIIIIIII
    » [21:48:19]  13q / 7_Clifford+T_016  observable=ZIIIIIIIIIIII  computing ground truth (PennyLane default.qubit)...
    · [   0.0s]  ground_truth = 1.000000
    » [21:48:19]  (#8) 13q / 7_Clifford+T_016 / noisy_vanilla  starting...
    ✓ [   8.3s]  (#8) 13q / 7_Clifford+T_016 / noisy_vanilla
    » [21:48:27]  (#8) 13q / 7_Clifford+T_016 / cut_divided_budget  starting...
/raid/g.bisicchia/cut_and_inc/env/lib/python3.10/site-packages/pennylane/qcut/cutstrategy.py:367: UserWarning: The numer of partition attempts seems high (41).
  warnings.warn(f"The numer of partition attempts seems high ({len(ks)}).")
    ✗ [  43.2s]  (#8) 13q / 7_Clifford+T_016 / cut_divided_budget  --  The opt_einsum package is required when use_opt_einsum is set to True in the contract_tensors function. This package can be installed using:
pip install opt_einsum
ERROR:cuttable-circuit-benchmark:7_Clifford+T_016 / cut_divided_budget failed: The opt_einsum package is required when use_opt_einsum is set to True in the contract_tensors function. This package can be installed using:
pip install opt_einsum
Traceback (most recent call last):
  File "/raid/g.bisicchia/cut_and_inc/env/lib/python3.10/site-packages/pennylane/qcut/processing.py", line 309, in contract_tensors
    from opt_einsum import contract, get_symbol
ModuleNotFoundError: No module named 'opt_einsum'

The above exception was the direct cause of the following exception:

Traceback (most recent call last):
  File "/raid/g.bisicchia/cut_and_inc/main_new_new.py", line 2501, in _run_circuit
    _run_one_mode_sandboxed(
  File "/raid/g.bisicchia/cut_and_inc/main_new_new.py", line 2379, in _run_one_mode_sandboxed
    _run_one_mode(mode, spec, args, ib, nb, circuit_dir, perf_exp_val, noisy_value)
  File "/raid/g.bisicchia/cut_and_inc/main_new_new.py", line 2414, in _run_one_mode
    payload = _dispatch_mode(mode, spec, args, ideal_backend, noisy_backend, perf_exp_val)
  File "/raid/g.bisicchia/cut_and_inc/main_new_new.py", line 2303, in _dispatch_mode
    return run_cutting(
  File "/raid/g.bisicchia/cut_and_inc/main_new_new.py", line 1396, in run_cutting
    result_value = sew(expvals, sew_data)
  File "/raid/g.bisicchia/cut_and_inc/main_new_new.py", line 606, in sew
    value = qml.qcut.qcut_processing_fn(
  File "/raid/g.bisicchia/cut_and_inc/env/lib/python3.10/site-packages/pennylane/qcut/processing.py", line 78, in qcut_processing_fn
    result = contract_tensors(
  File "/raid/g.bisicchia/cut_and_inc/env/lib/python3.10/site-packages/pennylane/qcut/processing.py", line 311, in contract_tensors
    raise ImportError(
ImportError: The opt_einsum package is required when use_opt_einsum is set to True in the contract_tensors function. This package can be installed using:
pip install opt_einsum
    » [21:49:10]  (#8) 13q / 7_Clifford+T_016 / cut_qubit_prop  starting...
    ✗ [  29.5s]  (#8) 13q / 7_Clifford+T_016 / cut_qubit_prop  --  The opt_einsum package is required when use_opt_einsum is set to True in the contract_tensors function. This package can be installed using:
pip install opt_einsum
ERROR:cuttable-circuit-benchmark:7_Clifford+T_016 / cut_qubit_prop failed: The opt_einsum package is required when use_opt_einsum is set to True in the contract_tensors function. This package can be installed using:
pip install opt_einsum
Traceback (most recent call last):
  File "/raid/g.bisicchia/cut_and_inc/env/lib/python3.10/site-packages/pennylane/qcut/processing.py", line 309, in contract_tensors
    from opt_einsum import contract, get_symbol
ModuleNotFoundError: No module named 'opt_einsum'

The above exception was the direct cause of the following exception:

Traceback (most recent call last):
  File "/raid/g.bisicchia/cut_and_inc/main_new_new.py", line 2501, in _run_circuit
    _run_one_mode_sandboxed(
  File "/raid/g.bisicchia/cut_and_inc/main_new_new.py", line 2379, in _run_one_mode_sandboxed
    _run_one_mode(mode, spec, args, ib, nb, circuit_dir, perf_exp_val, noisy_value)
  File "/raid/g.bisicchia/cut_and_inc/main_new_new.py", line 2414, in _run_one_mode
    payload = _dispatch_mode(mode, spec, args, ideal_backend, noisy_backend, perf_exp_val)
  File "/raid/g.bisicchia/cut_and_inc/main_new_new.py", line 2303, in _dispatch_mode
    return run_cutting(
  File "/raid/g.bisicchia/cut_and_inc/main_new_new.py", line 1396, in run_cutting
    result_value = sew(expvals, sew_data)
  File "/raid/g.bisicchia/cut_and_inc/main_new_new.py", line 606, in sew
    value = qml.qcut.qcut_processing_fn(
  File "/raid/g.bisicchia/cut_and_inc/env/lib/python3.10/site-packages/pennylane/qcut/processing.py", line 78, in qcut_processing_fn
    result = contract_tensors(
  File "/raid/g.bisicchia/cut_and_inc/env/lib/python3.10/site-packages/pennylane/qcut/processing.py", line 311, in contract_tensors
    raise ImportError(
ImportError: The opt_einsum package is required when use_opt_einsum is set to True in the contract_tensors function. This package can be installed using:
pip install opt_einsum
    » [21:49:40]  (#8) 13q / 7_Clifford+T_016 / cut_incremental_budget  starting...
    ✗ [ 493.9s]  (#8) 13q / 7_Clifford+T_016 / cut_incremental_budget  --  The opt_einsum package is required when use_opt_einsum is set to True in the contract_tensors function. This package can be installed using:
pip install opt_einsum
ERROR:cuttable-circuit-benchmark:7_Clifford+T_016 / cut_incremental_budget failed: The opt_einsum package is required when use_opt_einsum is set to True in the contract_tensors function. This package can be installed using:
pip install opt_einsum
Traceback (most recent call last):
  File "/raid/g.bisicchia/cut_and_inc/env/lib/python3.10/site-packages/pennylane/qcut/processing.py", line 309, in contract_tensors
    from opt_einsum import contract, get_symbol
ModuleNotFoundError: No module named 'opt_einsum'

The above exception was the direct cause of the following exception:

Traceback (most recent call last):
  File "/raid/g.bisicchia/cut_and_inc/main_new_new.py", line 2501, in _run_circuit
    _run_one_mode_sandboxed(
  File "/raid/g.bisicchia/cut_and_inc/main_new_new.py", line 2379, in _run_one_mode_sandboxed
    _run_one_mode(mode, spec, args, ib, nb, circuit_dir, perf_exp_val, noisy_value)
  File "/raid/g.bisicchia/cut_and_inc/main_new_new.py", line 2414, in _run_one_mode
    payload = _dispatch_mode(mode, spec, args, ideal_backend, noisy_backend, perf_exp_val)
  File "/raid/g.bisicchia/cut_and_inc/main_new_new.py", line 2310, in _dispatch_mode
    return run_cutting_incremental(
  File "/raid/g.bisicchia/cut_and_inc/main_new_new.py", line 1578, in run_cutting_incremental
    result_value = sew(expvals, sew_data)
  File "/raid/g.bisicchia/cut_and_inc/main_new_new.py", line 606, in sew
    value = qml.qcut.qcut_processing_fn(
  File "/raid/g.bisicchia/cut_and_inc/env/lib/python3.10/site-packages/pennylane/qcut/processing.py", line 78, in qcut_processing_fn
    result = contract_tensors(
  File "/raid/g.bisicchia/cut_and_inc/env/lib/python3.10/site-packages/pennylane/qcut/processing.py", line 311, in contract_tensors
    raise ImportError(
ImportError: The opt_einsum package is required when use_opt_einsum is set to True in the contract_tensors function. This package can be installed using:
pip install opt_einsum
    » [21:57:54]  (#8) 13q / 7_Clifford+T_016 / cut_incremental_qubit_prop  starting...
    ✗ [ 492.3s]  (#8) 13q / 7_Clifford+T_016 / cut_incremental_qubit_prop  --  The opt_einsum package is required when use_opt_einsum is set to True in the contract_tensors function. This package can be installed using:
pip install opt_einsum
ERROR:cuttable-circuit-benchmark:7_Clifford+T_016 / cut_incremental_qubit_prop failed: The opt_einsum package is required when use_opt_einsum is set to True in the contract_tensors function. This package can be installed using:
pip install opt_einsum
Traceback (most recent call last):
  File "/raid/g.bisicchia/cut_and_inc/env/lib/python3.10/site-packages/pennylane/qcut/processing.py", line 309, in contract_tensors
    from opt_einsum import contract, get_symbol
ModuleNotFoundError: No module named 'opt_einsum'

The above exception was the direct cause of the following exception:

Traceback (most recent call last):
  File "/raid/g.bisicchia/cut_and_inc/main_new_new.py", line 2501, in _run_circuit
    _run_one_mode_sandboxed(
  File "/raid/g.bisicchia/cut_and_inc/main_new_new.py", line 2379, in _run_one_mode_sandboxed
    _run_one_mode(mode, spec, args, ib, nb, circuit_dir, perf_exp_val, noisy_value)
  File "/raid/g.bisicchia/cut_and_inc/main_new_new.py", line 2414, in _run_one_mode
    payload = _dispatch_mode(mode, spec, args, ideal_backend, noisy_backend, perf_exp_val)
  File "/raid/g.bisicchia/cut_and_inc/main_new_new.py", line 2310, in _dispatch_mode
    return run_cutting_incremental(
  File "/raid/g.bisicchia/cut_and_inc/main_new_new.py", line 1578, in run_cutting_incremental
    result_value = sew(expvals, sew_data)
  File "/raid/g.bisicchia/cut_and_inc/main_new_new.py", line 606, in sew
    value = qml.qcut.qcut_processing_fn(
  File "/raid/g.bisicchia/cut_and_inc/env/lib/python3.10/site-packages/pennylane/qcut/processing.py", line 78, in qcut_processing_fn
    result = contract_tensors(
  File "/raid/g.bisicchia/cut_and_inc/env/lib/python3.10/site-packages/pennylane/qcut/processing.py", line 311, in contract_tensors
    raise ImportError(
ImportError: The opt_einsum package is required when use_opt_einsum is set to True in the contract_tensors function. This package can be installed using:
pip install opt_einsum

[9/10] 13q / 8_Clifford+T_017  observable: ZIIIIIIIIIIII
    » [22:06:06]  13q / 8_Clifford+T_017  observable=ZIIIIIIIIIIII  computing ground truth (PennyLane default.qubit)...
    · [   0.0s]  ground_truth = 0.000000
    » [22:06:06]  (#9) 13q / 8_Clifford+T_017 / noisy_vanilla  starting...
    ✓ [   5.1s]  (#9) 13q / 8_Clifford+T_017 / noisy_vanilla
    » [22:06:11]  (#9) 13q / 8_Clifford+T_017 / cut_divided_budget  starting...
/raid/g.bisicchia/cut_and_inc/env/lib/python3.10/site-packages/pennylane/qcut/cutstrategy.py:367: UserWarning: The numer of partition attempts seems high (40).
  warnings.warn(f"The numer of partition attempts seems high ({len(ks)}).")
    ✗ [  28.0s]  (#9) 13q / 8_Clifford+T_017 / cut_divided_budget  --  The opt_einsum package is required when use_opt_einsum is set to True in the contract_tensors function. This package can be installed using:
pip install opt_einsum
ERROR:cuttable-circuit-benchmark:8_Clifford+T_017 / cut_divided_budget failed: The opt_einsum package is required when use_opt_einsum is set to True in the contract_tensors function. This package can be installed using:
pip install opt_einsum
Traceback (most recent call last):
  File "/raid/g.bisicchia/cut_and_inc/env/lib/python3.10/site-packages/pennylane/qcut/processing.py", line 309, in contract_tensors
    from opt_einsum import contract, get_symbol
ModuleNotFoundError: No module named 'opt_einsum'

The above exception was the direct cause of the following exception:

Traceback (most recent call last):
  File "/raid/g.bisicchia/cut_and_inc/main_new_new.py", line 2501, in _run_circuit
    _run_one_mode_sandboxed(
  File "/raid/g.bisicchia/cut_and_inc/main_new_new.py", line 2379, in _run_one_mode_sandboxed
    _run_one_mode(mode, spec, args, ib, nb, circuit_dir, perf_exp_val, noisy_value)
  File "/raid/g.bisicchia/cut_and_inc/main_new_new.py", line 2414, in _run_one_mode
    payload = _dispatch_mode(mode, spec, args, ideal_backend, noisy_backend, perf_exp_val)
  File "/raid/g.bisicchia/cut_and_inc/main_new_new.py", line 2303, in _dispatch_mode
    return run_cutting(
  File "/raid/g.bisicchia/cut_and_inc/main_new_new.py", line 1396, in run_cutting
    result_value = sew(expvals, sew_data)
  File "/raid/g.bisicchia/cut_and_inc/main_new_new.py", line 606, in sew
    value = qml.qcut.qcut_processing_fn(
  File "/raid/g.bisicchia/cut_and_inc/env/lib/python3.10/site-packages/pennylane/qcut/processing.py", line 78, in qcut_processing_fn
    result = contract_tensors(
  File "/raid/g.bisicchia/cut_and_inc/env/lib/python3.10/site-packages/pennylane/qcut/processing.py", line 311, in contract_tensors
    raise ImportError(
ImportError: The opt_einsum package is required when use_opt_einsum is set to True in the contract_tensors function. This package can be installed using:
pip install opt_einsum
    » [22:06:39]  (#9) 13q / 8_Clifford+T_017 / cut_qubit_prop  starting...
    ✗ [  19.5s]  (#9) 13q / 8_Clifford+T_017 / cut_qubit_prop  --  The opt_einsum package is required when use_opt_einsum is set to True in the contract_tensors function. This package can be installed using:
pip install opt_einsum
ERROR:cuttable-circuit-benchmark:8_Clifford+T_017 / cut_qubit_prop failed: The opt_einsum package is required when use_opt_einsum is set to True in the contract_tensors function. This package can be installed using:
pip install opt_einsum
Traceback (most recent call last):
  File "/raid/g.bisicchia/cut_and_inc/env/lib/python3.10/site-packages/pennylane/qcut/processing.py", line 309, in contract_tensors
    from opt_einsum import contract, get_symbol
ModuleNotFoundError: No module named 'opt_einsum'

The above exception was the direct cause of the following exception:

Traceback (most recent call last):
  File "/raid/g.bisicchia/cut_and_inc/main_new_new.py", line 2501, in _run_circuit
    _run_one_mode_sandboxed(
  File "/raid/g.bisicchia/cut_and_inc/main_new_new.py", line 2379, in _run_one_mode_sandboxed
    _run_one_mode(mode, spec, args, ib, nb, circuit_dir, perf_exp_val, noisy_value)
  File "/raid/g.bisicchia/cut_and_inc/main_new_new.py", line 2414, in _run_one_mode
    payload = _dispatch_mode(mode, spec, args, ideal_backend, noisy_backend, perf_exp_val)
  File "/raid/g.bisicchia/cut_and_inc/main_new_new.py", line 2303, in _dispatch_mode
    return run_cutting(
  File "/raid/g.bisicchia/cut_and_inc/main_new_new.py", line 1396, in run_cutting
    result_value = sew(expvals, sew_data)
  File "/raid/g.bisicchia/cut_and_inc/main_new_new.py", line 606, in sew
    value = qml.qcut.qcut_processing_fn(
  File "/raid/g.bisicchia/cut_and_inc/env/lib/python3.10/site-packages/pennylane/qcut/processing.py", line 78, in qcut_processing_fn
    result = contract_tensors(
  File "/raid/g.bisicchia/cut_and_inc/env/lib/python3.10/site-packages/pennylane/qcut/processing.py", line 311, in contract_tensors
    raise ImportError(
ImportError: The opt_einsum package is required when use_opt_einsum is set to True in the contract_tensors function. This package can be installed using:
pip install opt_einsum
    » [22:06:58]  (#9) 13q / 8_Clifford+T_017 / cut_incremental_budget  starting...
    ✗ [ 460.9s]  (#9) 13q / 8_Clifford+T_017 / cut_incremental_budget  --  The opt_einsum package is required when use_opt_einsum is set to True in the contract_tensors function. This package can be installed using:
pip install opt_einsum
ERROR:cuttable-circuit-benchmark:8_Clifford+T_017 / cut_incremental_budget failed: The opt_einsum package is required when use_opt_einsum is set to True in the contract_tensors function. This package can be installed using:
pip install opt_einsum
Traceback (most recent call last):
  File "/raid/g.bisicchia/cut_and_inc/env/lib/python3.10/site-packages/pennylane/qcut/processing.py", line 309, in contract_tensors
    from opt_einsum import contract, get_symbol
ModuleNotFoundError: No module named 'opt_einsum'

The above exception was the direct cause of the following exception:

Traceback (most recent call last):
  File "/raid/g.bisicchia/cut_and_inc/main_new_new.py", line 2501, in _run_circuit
    _run_one_mode_sandboxed(
  File "/raid/g.bisicchia/cut_and_inc/main_new_new.py", line 2379, in _run_one_mode_sandboxed
    _run_one_mode(mode, spec, args, ib, nb, circuit_dir, perf_exp_val, noisy_value)
  File "/raid/g.bisicchia/cut_and_inc/main_new_new.py", line 2414, in _run_one_mode
    payload = _dispatch_mode(mode, spec, args, ideal_backend, noisy_backend, perf_exp_val)
  File "/raid/g.bisicchia/cut_and_inc/main_new_new.py", line 2310, in _dispatch_mode
    return run_cutting_incremental(
  File "/raid/g.bisicchia/cut_and_inc/main_new_new.py", line 1578, in run_cutting_incremental
    result_value = sew(expvals, sew_data)
  File "/raid/g.bisicchia/cut_and_inc/main_new_new.py", line 606, in sew
    value = qml.qcut.qcut_processing_fn(
  File "/raid/g.bisicchia/cut_and_inc/env/lib/python3.10/site-packages/pennylane/qcut/processing.py", line 78, in qcut_processing_fn
    result = contract_tensors(
  File "/raid/g.bisicchia/cut_and_inc/env/lib/python3.10/site-packages/pennylane/qcut/processing.py", line 311, in contract_tensors
    raise ImportError(
ImportError: The opt_einsum package is required when use_opt_einsum is set to True in the contract_tensors function. This package can be installed using:
pip install opt_einsum
    » [22:14:39]  (#9) 13q / 8_Clifford+T_017 / cut_incremental_qubit_prop  starting...
    ✗ [ 432.0s]  (#9) 13q / 8_Clifford+T_017 / cut_incremental_qubit_prop  --  The opt_einsum package is required when use_opt_einsum is set to True in the contract_tensors function. This package can be installed using:
pip install opt_einsum
ERROR:cuttable-circuit-benchmark:8_Clifford+T_017 / cut_incremental_qubit_prop failed: The opt_einsum package is required when use_opt_einsum is set to True in the contract_tensors function. This package can be installed using:
pip install opt_einsum
Traceback (most recent call last):
  File "/raid/g.bisicchia/cut_and_inc/env/lib/python3.10/site-packages/pennylane/qcut/processing.py", line 309, in contract_tensors
    from opt_einsum import contract, get_symbol
ModuleNotFoundError: No module named 'opt_einsum'

The above exception was the direct cause of the following exception:

Traceback (most recent call last):
  File "/raid/g.bisicchia/cut_and_inc/main_new_new.py", line 2501, in _run_circuit
    _run_one_mode_sandboxed(
  File "/raid/g.bisicchia/cut_and_inc/main_new_new.py", line 2379, in _run_one_mode_sandboxed
    _run_one_mode(mode, spec, args, ib, nb, circuit_dir, perf_exp_val, noisy_value)
  File "/raid/g.bisicchia/cut_and_inc/main_new_new.py", line 2414, in _run_one_mode
    payload = _dispatch_mode(mode, spec, args, ideal_backend, noisy_backend, perf_exp_val)
  File "/raid/g.bisicchia/cut_and_inc/main_new_new.py", line 2310, in _dispatch_mode
    return run_cutting_incremental(
  File "/raid/g.bisicchia/cut_and_inc/main_new_new.py", line 1578, in run_cutting_incremental
    result_value = sew(expvals, sew_data)
  File "/raid/g.bisicchia/cut_and_inc/main_new_new.py", line 606, in sew
    value = qml.qcut.qcut_processing_fn(
  File "/raid/g.bisicchia/cut_and_inc/env/lib/python3.10/site-packages/pennylane/qcut/processing.py", line 78, in qcut_processing_fn
    result = contract_tensors(
  File "/raid/g.bisicchia/cut_and_inc/env/lib/python3.10/site-packages/pennylane/qcut/processing.py", line 311, in contract_tensors
    raise ImportError(
ImportError: The opt_einsum package is required when use_opt_einsum is set to True in the contract_tensors function. This package can be installed using:
pip install opt_einsum

[10/10] 13q / 9_Clifford+T_020  observable: ZIIIIIIIIIIII
    » [22:21:51]  13q / 9_Clifford+T_020  observable=ZIIIIIIIIIIII  computing ground truth (PennyLane default.qubit)...
    · [   0.0s]  ground_truth = 0.000000
    » [22:21:51]  (#10) 13q / 9_Clifford+T_020 / noisy_vanilla  starting...
    ✓ [   5.1s]  (#10) 13q / 9_Clifford+T_020 / noisy_vanilla
    » [22:21:57]  (#10) 13q / 9_Clifford+T_020 / cut_divided_budget  starting...
/raid/g.bisicchia/cut_and_inc/env/lib/python3.10/site-packages/pennylane/qcut/cutstrategy.py:367: UserWarning: The numer of partition attempts seems high (41).
  warnings.warn(f"The numer of partition attempts seems high ({len(ks)}).")
    ✗ [  25.6s]  (#10) 13q / 9_Clifford+T_020 / cut_divided_budget  --  The opt_einsum package is required when use_opt_einsum is set to True in the contract_tensors function. This package can be installed using:
pip install opt_einsum
ERROR:cuttable-circuit-benchmark:9_Clifford+T_020 / cut_divided_budget failed: The opt_einsum package is required when use_opt_einsum is set to True in the contract_tensors function. This package can be installed using:
pip install opt_einsum
Traceback (most recent call last):
  File "/raid/g.bisicchia/cut_and_inc/env/lib/python3.10/site-packages/pennylane/qcut/processing.py", line 309, in contract_tensors
    from opt_einsum import contract, get_symbol
ModuleNotFoundError: No module named 'opt_einsum'

The above exception was the direct cause of the following exception:

Traceback (most recent call last):
  File "/raid/g.bisicchia/cut_and_inc/main_new_new.py", line 2501, in _run_circuit
    _run_one_mode_sandboxed(
  File "/raid/g.bisicchia/cut_and_inc/main_new_new.py", line 2379, in _run_one_mode_sandboxed
    _run_one_mode(mode, spec, args, ib, nb, circuit_dir, perf_exp_val, noisy_value)
  File "/raid/g.bisicchia/cut_and_inc/main_new_new.py", line 2414, in _run_one_mode
    payload = _dispatch_mode(mode, spec, args, ideal_backend, noisy_backend, perf_exp_val)
  File "/raid/g.bisicchia/cut_and_inc/main_new_new.py", line 2303, in _dispatch_mode
    return run_cutting(
  File "/raid/g.bisicchia/cut_and_inc/main_new_new.py", line 1396, in run_cutting
    result_value = sew(expvals, sew_data)
  File "/raid/g.bisicchia/cut_and_inc/main_new_new.py", line 606, in sew
    value = qml.qcut.qcut_processing_fn(
  File "/raid/g.bisicchia/cut_and_inc/env/lib/python3.10/site-packages/pennylane/qcut/processing.py", line 78, in qcut_processing_fn
    result = contract_tensors(
  File "/raid/g.bisicchia/cut_and_inc/env/lib/python3.10/site-packages/pennylane/qcut/processing.py", line 311, in contract_tensors
    raise ImportError(
ImportError: The opt_einsum package is required when use_opt_einsum is set to True in the contract_tensors function. This package can be installed using:
pip install opt_einsum
    » [22:22:22]  (#10) 13q / 9_Clifford+T_020 / cut_qubit_prop  starting...
    ✗ [  17.4s]  (#10) 13q / 9_Clifford+T_020 / cut_qubit_prop  --  The opt_einsum package is required when use_opt_einsum is set to True in the contract_tensors function. This package can be installed using:
pip install opt_einsum
ERROR:cuttable-circuit-benchmark:9_Clifford+T_020 / cut_qubit_prop failed: The opt_einsum package is required when use_opt_einsum is set to True in the contract_tensors function. This package can be installed using:
pip install opt_einsum
Traceback (most recent call last):
  File "/raid/g.bisicchia/cut_and_inc/env/lib/python3.10/site-packages/pennylane/qcut/processing.py", line 309, in contract_tensors
    from opt_einsum import contract, get_symbol
ModuleNotFoundError: No module named 'opt_einsum'

The above exception was the direct cause of the following exception:

Traceback (most recent call last):
  File "/raid/g.bisicchia/cut_and_inc/main_new_new.py", line 2501, in _run_circuit
    _run_one_mode_sandboxed(
  File "/raid/g.bisicchia/cut_and_inc/main_new_new.py", line 2379, in _run_one_mode_sandboxed
    _run_one_mode(mode, spec, args, ib, nb, circuit_dir, perf_exp_val, noisy_value)
  File "/raid/g.bisicchia/cut_and_inc/main_new_new.py", line 2414, in _run_one_mode
    payload = _dispatch_mode(mode, spec, args, ideal_backend, noisy_backend, perf_exp_val)
  File "/raid/g.bisicchia/cut_and_inc/main_new_new.py", line 2303, in _dispatch_mode
    return run_cutting(
  File "/raid/g.bisicchia/cut_and_inc/main_new_new.py", line 1396, in run_cutting
    result_value = sew(expvals, sew_data)
  File "/raid/g.bisicchia/cut_and_inc/main_new_new.py", line 606, in sew
    value = qml.qcut.qcut_processing_fn(
  File "/raid/g.bisicchia/cut_and_inc/env/lib/python3.10/site-packages/pennylane/qcut/processing.py", line 78, in qcut_processing_fn
    result = contract_tensors(
  File "/raid/g.bisicchia/cut_and_inc/env/lib/python3.10/site-packages/pennylane/qcut/processing.py", line 311, in contract_tensors
    raise ImportError(
ImportError: The opt_einsum package is required when use_opt_einsum is set to True in the contract_tensors function. This package can be installed using:
pip install opt_einsum
    » [22:22:40]  (#10) 13q / 9_Clifford+T_020 / cut_incremental_budget  starting...
    ✗ [ 361.2s]  (#10) 13q / 9_Clifford+T_020 / cut_incremental_budget  --  The opt_einsum package is required when use_opt_einsum is set to True in the contract_tensors function. This package can be installed using:
pip install opt_einsum
ERROR:cuttable-circuit-benchmark:9_Clifford+T_020 / cut_incremental_budget failed: The opt_einsum package is required when use_opt_einsum is set to True in the contract_tensors function. This package can be installed using:
pip install opt_einsum
Traceback (most recent call last):
  File "/raid/g.bisicchia/cut_and_inc/env/lib/python3.10/site-packages/pennylane/qcut/processing.py", line 309, in contract_tensors
    from opt_einsum import contract, get_symbol
ModuleNotFoundError: No module named 'opt_einsum'

The above exception was the direct cause of the following exception:

Traceback (most recent call last):
  File "/raid/g.bisicchia/cut_and_inc/main_new_new.py", line 2501, in _run_circuit
    _run_one_mode_sandboxed(
  File "/raid/g.bisicchia/cut_and_inc/main_new_new.py", line 2379, in _run_one_mode_sandboxed
    _run_one_mode(mode, spec, args, ib, nb, circuit_dir, perf_exp_val, noisy_value)
  File "/raid/g.bisicchia/cut_and_inc/main_new_new.py", line 2414, in _run_one_mode
    payload = _dispatch_mode(mode, spec, args, ideal_backend, noisy_backend, perf_exp_val)
  File "/raid/g.bisicchia/cut_and_inc/main_new_new.py", line 2310, in _dispatch_mode
    return run_cutting_incremental(
  File "/raid/g.bisicchia/cut_and_inc/main_new_new.py", line 1578, in run_cutting_incremental
    result_value = sew(expvals, sew_data)
  File "/raid/g.bisicchia/cut_and_inc/main_new_new.py", line 606, in sew
    value = qml.qcut.qcut_processing_fn(
  File "/raid/g.bisicchia/cut_and_inc/env/lib/python3.10/site-packages/pennylane/qcut/processing.py", line 78, in qcut_processing_fn
    result = contract_tensors(
  File "/raid/g.bisicchia/cut_and_inc/env/lib/python3.10/site-packages/pennylane/qcut/processing.py", line 311, in contract_tensors
    raise ImportError(
ImportError: The opt_einsum package is required when use_opt_einsum is set to True in the contract_tensors function. This package can be installed using:
pip install opt_einsum
    » [22:28:41]  (#10) 13q / 9_Clifford+T_020 / cut_incremental_qubit_prop  starting...
    ✗ [ 431.9s]  (#10) 13q / 9_Clifford+T_020 / cut_incremental_qubit_prop  --  The opt_einsum package is required when use_opt_einsum is set to True in the contract_tensors function. This package can be installed using:
pip install opt_einsum
ERROR:cuttable-circuit-benchmark:9_Clifford+T_020 / cut_incremental_qubit_prop failed: The opt_einsum package is required when use_opt_einsum is set to True in the contract_tensors function. This package can be installed using:
pip install opt_einsum
Traceback (most recent call last):
  File "/raid/g.bisicchia/cut_and_inc/env/lib/python3.10/site-packages/pennylane/qcut/processing.py", line 309, in contract_tensors
    from opt_einsum import contract, get_symbol
ModuleNotFoundError: No module named 'opt_einsum'

The above exception was the direct cause of the following exception:

Traceback (most recent call last):
  File "/raid/g.bisicchia/cut_and_inc/main_new_new.py", line 2501, in _run_circuit
    _run_one_mode_sandboxed(
  File "/raid/g.bisicchia/cut_and_inc/main_new_new.py", line 2379, in _run_one_mode_sandboxed
    _run_one_mode(mode, spec, args, ib, nb, circuit_dir, perf_exp_val, noisy_value)
  File "/raid/g.bisicchia/cut_and_inc/main_new_new.py", line 2414, in _run_one_mode
    payload = _dispatch_mode(mode, spec, args, ideal_backend, noisy_backend, perf_exp_val)
  File "/raid/g.bisicchia/cut_and_inc/main_new_new.py", line 2310, in _dispatch_mode
    return run_cutting_incremental(
  File "/raid/g.bisicchia/cut_and_inc/main_new_new.py", line 1578, in run_cutting_incremental
    result_value = sew(expvals, sew_data)
  File "/raid/g.bisicchia/cut_and_inc/main_new_new.py", line 606, in sew
    value = qml.qcut.qcut_processing_fn(
  File "/raid/g.bisicchia/cut_and_inc/env/lib/python3.10/site-packages/pennylane/qcut/processing.py", line 78, in qcut_processing_fn
    result = contract_tensors(
  File "/raid/g.bisicchia/cut_and_inc/env/lib/python3.10/site-packages/pennylane/qcut/processing.py", line 311, in contract_tensors
    raise ImportError(
ImportError: The opt_einsum package is required when use_opt_einsum is set to True in the contract_tensors function. This package can be installed using:
pip install opt_einsum

============================================================
  Finished :   10  mode runs
  Failed   :   40  mode runs
============================================================

Merged CSV -> results/new/stable_shots_runs/10000_shots/sherbrooke/13_qubits/summary.csv
Run log    -> results/new/stable_shots_runs/10000_shots/sherbrooke/13_qubits/run.log
Per-mode JSON -> results/new/stable_shots_runs/10000_shots/sherbrooke/13_qubits/<qubits>q/<circuit>/<mode>.json
[mar 9 giu 2026, 22:35:54, CEST] Finished 13 qubits | shots=10000 | backend=aer.fake_sherbrooke
