[Tue Jun  9 02:34:21 PM UTC 2026] Starting 16 qubits

[1/10] 16q / 0_Clifford+T_002  observable: ZIIIIIIIIIIIIIII
/home/local/ADUNIPI/a044855/cutandinc/newcut/lib/python3.12/site-packages/qiskit_ibm_runtime/fake_provider/backends/nighthawk/fake_nighthawk.py:76: UserWarning: Properties of fake_nighthawk are not intended to represent typical nighthawk error values.
  warnings.warn(
    » [14:34:33]  16q / 0_Clifford+T_002  observable=ZIIIIIIIIIIIIIII  computing ground truth (PennyLane default.qubit)...
    · [   1.3s]  ground_truth = 1.000000
    » [14:34:34]  (#1) 16q / 0_Clifford+T_002 / noisy_vanilla  starting...
    ✓ [  21.2s]  (#1) 16q / 0_Clifford+T_002 / noisy_vanilla
    » [14:34:55]  (#1) 16q / 0_Clifford+T_002 / cut_divided_budget  starting...
/home/local/ADUNIPI/a044855/cutandinc/newcut/lib/python3.12/site-packages/pennylane/qcut/cutstrategy.py:367: UserWarning: The number of partition attempts seems high (40).
  warnings.warn(f"The number of partition attempts seems high ({len(ks)}).")
    ✓ [  20.7s]  (#1) 16q / 0_Clifford+T_002 / cut_divided_budget
    » [14:35:16]  (#1) 16q / 0_Clifford+T_002 / cut_qubit_prop  starting...
    ✓ [  10.7s]  (#1) 16q / 0_Clifford+T_002 / cut_qubit_prop
    » [14:35:27]  (#1) 16q / 0_Clifford+T_002 / cut_incremental_budget  starting...
    ✓ [ 127.6s]  (#1) 16q / 0_Clifford+T_002 / cut_incremental_budget
    » [14:37:34]  (#1) 16q / 0_Clifford+T_002 / cut_incremental_qubit_prop  starting...
    ✓ [ 140.4s]  (#1) 16q / 0_Clifford+T_002 / cut_incremental_qubit_prop

[2/10] 16q / 1_Clifford+T_008  observable: ZIIIIIIIIIIIIIII
    » [14:39:55]  16q / 1_Clifford+T_008  observable=ZIIIIIIIIIIIIIII  computing ground truth (PennyLane default.qubit)...
    · [   0.3s]  ground_truth = -1.000000
    » [14:39:55]  (#2) 16q / 1_Clifford+T_008 / noisy_vanilla  starting...
    ✓ [  20.2s]  (#2) 16q / 1_Clifford+T_008 / noisy_vanilla
    » [14:40:15]  (#2) 16q / 1_Clifford+T_008 / cut_divided_budget  starting...
/home/local/ADUNIPI/a044855/cutandinc/newcut/lib/python3.12/site-packages/pennylane/qcut/cutstrategy.py:367: UserWarning: The number of partition attempts seems high (40).
  warnings.warn(f"The number of partition attempts seems high ({len(ks)}).")
    ✓ [  17.1s]  (#2) 16q / 1_Clifford+T_008 / cut_divided_budget
    » [14:40:32]  (#2) 16q / 1_Clifford+T_008 / cut_qubit_prop  starting...
    ✓ [   9.6s]  (#2) 16q / 1_Clifford+T_008 / cut_qubit_prop
    » [14:40:42]  (#2) 16q / 1_Clifford+T_008 / cut_incremental_budget  starting...
    ✓ [ 140.6s]  (#2) 16q / 1_Clifford+T_008 / cut_incremental_budget
    » [14:43:02]  (#2) 16q / 1_Clifford+T_008 / cut_incremental_qubit_prop  starting...
    ✓ [ 140.0s]  (#2) 16q / 1_Clifford+T_008 / cut_incremental_qubit_prop

[3/10] 16q / 2_Clifford+T_015  observable: ZIIIIIIIIIIIIIII
    » [14:45:22]  16q / 2_Clifford+T_015  observable=ZIIIIIIIIIIIIIII  computing ground truth (PennyLane default.qubit)...
    · [   0.0s]  ground_truth = -1.000000
    » [14:45:22]  (#3) 16q / 2_Clifford+T_015 / noisy_vanilla  starting...
    ✓ [  17.4s]  (#3) 16q / 2_Clifford+T_015 / noisy_vanilla
    » [14:45:40]  (#3) 16q / 2_Clifford+T_015 / cut_divided_budget  starting...
/home/local/ADUNIPI/a044855/cutandinc/newcut/lib/python3.12/site-packages/pennylane/qcut/cutstrategy.py:367: UserWarning: The number of partition attempts seems high (41).
  warnings.warn(f"The number of partition attempts seems high ({len(ks)}).")
    ✓ [  22.5s]  (#3) 16q / 2_Clifford+T_015 / cut_divided_budget
    » [14:46:02]  (#3) 16q / 2_Clifford+T_015 / cut_qubit_prop  starting...
    ✓ [  11.5s]  (#3) 16q / 2_Clifford+T_015 / cut_qubit_prop
    » [14:46:14]  (#3) 16q / 2_Clifford+T_015 / cut_incremental_budget  starting...
    ✓ [ 112.5s]  (#3) 16q / 2_Clifford+T_015 / cut_incremental_budget
    » [14:48:06]  (#3) 16q / 2_Clifford+T_015 / cut_incremental_qubit_prop  starting...
    ✓ [ 161.3s]  (#3) 16q / 2_Clifford+T_015 / cut_incremental_qubit_prop

[4/10] 16q / 3_Clifford+T_016  observable: ZIIIIIIIIIIIIIII
    » [14:50:48]  16q / 3_Clifford+T_016  observable=ZIIIIIIIIIIIIIII  computing ground truth (PennyLane default.qubit)...
    · [   0.0s]  ground_truth = 1.000000
    » [14:50:48]  (#4) 16q / 3_Clifford+T_016 / noisy_vanilla  starting...
    ✓ [  16.1s]  (#4) 16q / 3_Clifford+T_016 / noisy_vanilla
    » [14:51:04]  (#4) 16q / 3_Clifford+T_016 / cut_divided_budget  starting...
/home/local/ADUNIPI/a044855/cutandinc/newcut/lib/python3.12/site-packages/pennylane/qcut/cutstrategy.py:367: UserWarning: The number of partition attempts seems high (40).
  warnings.warn(f"The number of partition attempts seems high ({len(ks)}).")
    ✓ [  16.3s]  (#4) 16q / 3_Clifford+T_016 / cut_divided_budget
    » [14:51:20]  (#4) 16q / 3_Clifford+T_016 / cut_qubit_prop  starting...
    ✓ [  10.9s]  (#4) 16q / 3_Clifford+T_016 / cut_qubit_prop
    » [14:51:31]  (#4) 16q / 3_Clifford+T_016 / cut_incremental_budget  starting...
    ✓ [ 148.2s]  (#4) 16q / 3_Clifford+T_016 / cut_incremental_budget
    » [14:53:59]  (#4) 16q / 3_Clifford+T_016 / cut_incremental_qubit_prop  starting...
    ✓ [ 142.9s]  (#4) 16q / 3_Clifford+T_016 / cut_incremental_qubit_prop

[5/10] 16q / 4_Clifford+T_018  observable: ZIIIIIIIIIIIIIII
    » [14:56:22]  16q / 4_Clifford+T_018  observable=ZIIIIIIIIIIIIIII  computing ground truth (PennyLane default.qubit)...
    · [   0.0s]  ground_truth = 0.000000
    » [14:56:22]  (#5) 16q / 4_Clifford+T_018 / noisy_vanilla  starting...
    ✓ [  16.0s]  (#5) 16q / 4_Clifford+T_018 / noisy_vanilla
    » [14:56:38]  (#5) 16q / 4_Clifford+T_018 / cut_divided_budget  starting...
/home/local/ADUNIPI/a044855/cutandinc/newcut/lib/python3.12/site-packages/pennylane/qcut/cutstrategy.py:367: UserWarning: The number of partition attempts seems high (42).
  warnings.warn(f"The number of partition attempts seems high ({len(ks)}).")
    ✓ [  20.1s]  (#5) 16q / 4_Clifford+T_018 / cut_divided_budget
    » [14:56:58]  (#5) 16q / 4_Clifford+T_018 / cut_qubit_prop  starting...
    ✓ [  10.8s]  (#5) 16q / 4_Clifford+T_018 / cut_qubit_prop
    » [14:57:09]  (#5) 16q / 4_Clifford+T_018 / cut_incremental_budget  starting...
    ✓ [ 166.3s]  (#5) 16q / 4_Clifford+T_018 / cut_incremental_budget
    » [14:59:55]  (#5) 16q / 4_Clifford+T_018 / cut_incremental_qubit_prop  starting...
    ✓ [ 148.1s]  (#5) 16q / 4_Clifford+T_018 / cut_incremental_qubit_prop

[6/10] 16q / 5_Clifford+T_019  observable: ZIIIIIIIIIIIIIII
    » [15:02:23]  16q / 5_Clifford+T_019  observable=ZIIIIIIIIIIIIIII  computing ground truth (PennyLane default.qubit)...
    · [   0.0s]  ground_truth = -1.000000
    » [15:02:23]  (#6) 16q / 5_Clifford+T_019 / noisy_vanilla  starting...
    ✓ [  19.2s]  (#6) 16q / 5_Clifford+T_019 / noisy_vanilla
    » [15:02:43]  (#6) 16q / 5_Clifford+T_019 / cut_divided_budget  starting...
/home/local/ADUNIPI/a044855/cutandinc/newcut/lib/python3.12/site-packages/pennylane/qcut/cutstrategy.py:367: UserWarning: The number of partition attempts seems high (41).
  warnings.warn(f"The number of partition attempts seems high ({len(ks)}).")
    ✓ [  19.9s]  (#6) 16q / 5_Clifford+T_019 / cut_divided_budget
    » [15:03:03]  (#6) 16q / 5_Clifford+T_019 / cut_qubit_prop  starting...
    ✓ [  14.4s]  (#6) 16q / 5_Clifford+T_019 / cut_qubit_prop
    » [15:03:17]  (#6) 16q / 5_Clifford+T_019 / cut_incremental_budget  starting...
    ✓ [ 126.1s]  (#6) 16q / 5_Clifford+T_019 / cut_incremental_budget
    » [15:05:23]  (#6) 16q / 5_Clifford+T_019 / cut_incremental_qubit_prop  starting...
    ✓ [ 149.9s]  (#6) 16q / 5_Clifford+T_019 / cut_incremental_qubit_prop

[7/10] 16q / 6_Clifford+T_021  observable: ZIIIIIIIIIIIIIII
    » [15:07:53]  16q / 6_Clifford+T_021  observable=ZIIIIIIIIIIIIIII  computing ground truth (PennyLane default.qubit)...
    · [   0.0s]  ground_truth = 1.000000
    » [15:07:53]  (#7) 16q / 6_Clifford+T_021 / noisy_vanilla  starting...
    ✓ [  16.6s]  (#7) 16q / 6_Clifford+T_021 / noisy_vanilla
    » [15:08:10]  (#7) 16q / 6_Clifford+T_021 / cut_divided_budget  starting...
/home/local/ADUNIPI/a044855/cutandinc/newcut/lib/python3.12/site-packages/pennylane/qcut/cutstrategy.py:367: UserWarning: The number of partition attempts seems high (40).
  warnings.warn(f"The number of partition attempts seems high ({len(ks)}).")
    ✓ [  19.6s]  (#7) 16q / 6_Clifford+T_021 / cut_divided_budget
    » [15:08:29]  (#7) 16q / 6_Clifford+T_021 / cut_qubit_prop  starting...
    ✓ [  10.2s]  (#7) 16q / 6_Clifford+T_021 / cut_qubit_prop
    » [15:08:39]  (#7) 16q / 6_Clifford+T_021 / cut_incremental_budget  starting...
    ✓ [ 137.7s]  (#7) 16q / 6_Clifford+T_021 / cut_incremental_budget
    » [15:10:57]  (#7) 16q / 6_Clifford+T_021 / cut_incremental_qubit_prop  starting...
    ✓ [ 139.9s]  (#7) 16q / 6_Clifford+T_021 / cut_incremental_qubit_prop

[8/10] 16q / 7_Clifford+T_026  observable: ZIIIIIIIIIIIIIII
    » [15:13:17]  16q / 7_Clifford+T_026  observable=ZIIIIIIIIIIIIIII  computing ground truth (PennyLane default.qubit)...
    · [   0.0s]  ground_truth = -1.000000
    » [15:13:17]  (#8) 16q / 7_Clifford+T_026 / noisy_vanilla  starting...
    ✓ [  16.5s]  (#8) 16q / 7_Clifford+T_026 / noisy_vanilla
    » [15:13:33]  (#8) 16q / 7_Clifford+T_026 / cut_divided_budget  starting...
/home/local/ADUNIPI/a044855/cutandinc/newcut/lib/python3.12/site-packages/pennylane/qcut/cutstrategy.py:367: UserWarning: The number of partition attempts seems high (41).
  warnings.warn(f"The number of partition attempts seems high ({len(ks)}).")
    ✓ [  20.9s]  (#8) 16q / 7_Clifford+T_026 / cut_divided_budget
    » [15:13:54]  (#8) 16q / 7_Clifford+T_026 / cut_qubit_prop  starting...
    ✓ [  11.2s]  (#8) 16q / 7_Clifford+T_026 / cut_qubit_prop
    » [15:14:06]  (#8) 16q / 7_Clifford+T_026 / cut_incremental_budget  starting...
    ✓ [ 127.0s]  (#8) 16q / 7_Clifford+T_026 / cut_incremental_budget
    » [15:16:13]  (#8) 16q / 7_Clifford+T_026 / cut_incremental_qubit_prop  starting...
    ✓ [ 131.4s]  (#8) 16q / 7_Clifford+T_026 / cut_incremental_qubit_prop

[9/10] 16q / 8_Clifford+T_032  observable: ZIIIIIIIIIIIIIII
    » [15:18:24]  16q / 8_Clifford+T_032  observable=ZIIIIIIIIIIIIIII  computing ground truth (PennyLane default.qubit)...
    · [   0.0s]  ground_truth = 1.000000
    » [15:18:24]  (#9) 16q / 8_Clifford+T_032 / noisy_vanilla  starting...
    ✓ [  16.8s]  (#9) 16q / 8_Clifford+T_032 / noisy_vanilla
    » [15:18:41]  (#9) 16q / 8_Clifford+T_032 / cut_divided_budget  starting...
/home/local/ADUNIPI/a044855/cutandinc/newcut/lib/python3.12/site-packages/pennylane/qcut/cutstrategy.py:367: UserWarning: The number of partition attempts seems high (40).
  warnings.warn(f"The number of partition attempts seems high ({len(ks)}).")
    ✓ [  19.7s]  (#9) 16q / 8_Clifford+T_032 / cut_divided_budget
    » [15:19:00]  (#9) 16q / 8_Clifford+T_032 / cut_qubit_prop  starting...
    ✓ [  10.3s]  (#9) 16q / 8_Clifford+T_032 / cut_qubit_prop
    » [15:19:11]  (#9) 16q / 8_Clifford+T_032 / cut_incremental_budget  starting...
    ✓ [ 110.8s]  (#9) 16q / 8_Clifford+T_032 / cut_incremental_budget
    » [15:21:01]  (#9) 16q / 8_Clifford+T_032 / cut_incremental_qubit_prop  starting...
    ✓ [ 134.6s]  (#9) 16q / 8_Clifford+T_032 / cut_incremental_qubit_prop

[10/10] 16q / 9_Clifford+T_040  observable: ZIIIIIIIIIIIIIII
    » [15:23:16]  16q / 9_Clifford+T_040  observable=ZIIIIIIIIIIIIIII  computing ground truth (PennyLane default.qubit)...
    · [   0.0s]  ground_truth = 0.000000
    » [15:23:16]  (#10) 16q / 9_Clifford+T_040 / noisy_vanilla  starting...
    ✓ [  14.9s]  (#10) 16q / 9_Clifford+T_040 / noisy_vanilla
    » [15:23:31]  (#10) 16q / 9_Clifford+T_040 / cut_divided_budget  starting...
/home/local/ADUNIPI/a044855/cutandinc/newcut/lib/python3.12/site-packages/pennylane/qcut/cutstrategy.py:367: UserWarning: The number of partition attempts seems high (40).
  warnings.warn(f"The number of partition attempts seems high ({len(ks)}).")
    ✓ [  21.2s]  (#10) 16q / 9_Clifford+T_040 / cut_divided_budget
    » [15:23:52]  (#10) 16q / 9_Clifford+T_040 / cut_qubit_prop  starting...
    ✓ [  11.8s]  (#10) 16q / 9_Clifford+T_040 / cut_qubit_prop
    » [15:24:04]  (#10) 16q / 9_Clifford+T_040 / cut_incremental_budget  starting...
    ✓ [ 128.4s]  (#10) 16q / 9_Clifford+T_040 / cut_incremental_budget
    » [15:26:12]  (#10) 16q / 9_Clifford+T_040 / cut_incremental_qubit_prop  starting...
    ✓ [ 154.4s]  (#10) 16q / 9_Clifford+T_040 / cut_incremental_qubit_prop

============================================================
  Finished :   50  mode runs
  Failed   :    0  mode runs
============================================================

Merged CSV -> results/new/ewma_5k_sherbroke_01/16_qubits/summary.csv
Run log    -> results/new/ewma_5k_sherbroke_01/16_qubits/run.log
Per-mode JSON -> results/new/ewma_5k_sherbroke_01/16_qubits/<qubits>q/<circuit>/<mode>.json
[Tue Jun  9 03:28:48 PM UTC 2026] Finished 16 qubits
