[Thu Jun 18 12:30:42 PM UTC 2026] Starting 15 qubits | shots=20000 | backend=aer.fake_kyoto
[Thu Jun 18 12:30:42 PM UTC 2026] Per-job memory limit: 7GB virtual memory

[1/10] 15q / 0_Clifford+T_003  observable: ZIIIIIIIIIIIIII
/home/local/ADUNIPI/a044855/cutandinc/newcut/lib/python3.12/site-packages/qiskit_ibm_runtime/fake_provider/backends/nighthawk/fake_nighthawk.py:76: UserWarning: Properties of fake_nighthawk are not intended to represent typical nighthawk error values.
  warnings.warn(
    » [12:30:53]  15q / 0_Clifford+T_003  observable=ZIIIIIIIIIIIIII  computing ground truth (PennyLane default.qubit)...
    · [   0.7s]  ground_truth = 0.000000
    » [12:30:53]  (#1) 15q / 0_Clifford+T_003 / noisy_vanilla  starting...
    ✓ [ 665.3s]  (#1) 15q / 0_Clifford+T_003 / noisy_vanilla
    » [12:41:59]  (#1) 15q / 0_Clifford+T_003 / cut_divided_budget  starting...
/home/local/ADUNIPI/a044855/cutandinc/newcut/lib/python3.12/site-packages/pennylane/qcut/cutstrategy.py:367: UserWarning: The number of partition attempts seems high (40).
  warnings.warn(f"The number of partition attempts seems high ({len(ks)}).")
    ✓ [  35.3s]  (#1) 15q / 0_Clifford+T_003 / cut_divided_budget
    » [12:42:34]  (#1) 15q / 0_Clifford+T_003 / cut_qubit_prop  starting...
    ✓ [  23.5s]  (#1) 15q / 0_Clifford+T_003 / cut_qubit_prop
    » [12:42:57]  (#1) 15q / 0_Clifford+T_003 / cut_incremental_budget  starting...
    ✓ [ 453.9s]  (#1) 15q / 0_Clifford+T_003 / cut_incremental_budget
    » [12:50:31]  (#1) 15q / 0_Clifford+T_003 / cut_incremental_qubit_prop  starting...
    ✓ [ 475.4s]  (#1) 15q / 0_Clifford+T_003 / cut_incremental_qubit_prop

[2/10] 15q / 1_Clifford+T_009  observable: ZIIIIIIIIIIIIII
    » [12:58:27]  15q / 1_Clifford+T_009  observable=ZIIIIIIIIIIIIII  computing ground truth (PennyLane default.qubit)...
    · [   0.0s]  ground_truth = 1.000000
    » [12:58:27]  (#2) 15q / 1_Clifford+T_009 / noisy_vanilla  starting...
    ✓ [ 612.5s]  (#2) 15q / 1_Clifford+T_009 / noisy_vanilla
    » [13:08:39]  (#2) 15q / 1_Clifford+T_009 / cut_divided_budget  starting...
/home/local/ADUNIPI/a044855/cutandinc/newcut/lib/python3.12/site-packages/pennylane/qcut/cutstrategy.py:367: UserWarning: The number of partition attempts seems high (40).
  warnings.warn(f"The number of partition attempts seems high ({len(ks)}).")
    ✓ [  27.0s]  (#2) 15q / 1_Clifford+T_009 / cut_divided_budget
    » [13:09:06]  (#2) 15q / 1_Clifford+T_009 / cut_qubit_prop  starting...
    ✓ [  20.8s]  (#2) 15q / 1_Clifford+T_009 / cut_qubit_prop
    » [13:09:27]  (#2) 15q / 1_Clifford+T_009 / cut_incremental_budget  starting...
    ✓ [ 456.1s]  (#2) 15q / 1_Clifford+T_009 / cut_incremental_budget
    » [13:17:03]  (#2) 15q / 1_Clifford+T_009 / cut_incremental_qubit_prop  starting...
    ✓ [ 492.5s]  (#2) 15q / 1_Clifford+T_009 / cut_incremental_qubit_prop

[3/10] 15q / 2_Clifford+T_011  observable: ZIIIIIIIIIIIIII
    » [13:25:16]  15q / 2_Clifford+T_011  observable=ZIIIIIIIIIIIIII  computing ground truth (PennyLane default.qubit)...
    · [   0.0s]  ground_truth = 1.000000
    » [13:25:16]  (#3) 15q / 2_Clifford+T_011 / noisy_vanilla  starting...
    ✓ [ 683.4s]  (#3) 15q / 2_Clifford+T_011 / noisy_vanilla
    » [13:36:39]  (#3) 15q / 2_Clifford+T_011 / cut_divided_budget  starting...
/home/local/ADUNIPI/a044855/cutandinc/newcut/lib/python3.12/site-packages/pennylane/qcut/cutstrategy.py:367: UserWarning: The number of partition attempts seems high (40).
  warnings.warn(f"The number of partition attempts seems high ({len(ks)}).")
    ✓ [  44.9s]  (#3) 15q / 2_Clifford+T_011 / cut_divided_budget
    » [13:37:24]  (#3) 15q / 2_Clifford+T_011 / cut_qubit_prop  starting...
    ✓ [  33.8s]  (#3) 15q / 2_Clifford+T_011 / cut_qubit_prop
    » [13:37:58]  (#3) 15q / 2_Clifford+T_011 / cut_incremental_budget  starting...
    ✓ [ 394.9s]  (#3) 15q / 2_Clifford+T_011 / cut_incremental_budget
    » [13:44:33]  (#3) 15q / 2_Clifford+T_011 / cut_incremental_qubit_prop  starting...
    ✓ [ 410.8s]  (#3) 15q / 2_Clifford+T_011 / cut_incremental_qubit_prop

[4/10] 15q / 3_Clifford+T_015  observable: ZIIIIIIIIIIIIII
    » [13:51:24]  15q / 3_Clifford+T_015  observable=ZIIIIIIIIIIIIII  computing ground truth (PennyLane default.qubit)...
    · [   0.0s]  ground_truth = 1.000000
    » [13:51:24]  (#4) 15q / 3_Clifford+T_015 / noisy_vanilla  starting...
    ✓ [ 645.6s]  (#4) 15q / 3_Clifford+T_015 / noisy_vanilla
    » [14:02:09]  (#4) 15q / 3_Clifford+T_015 / cut_divided_budget  starting...
/home/local/ADUNIPI/a044855/cutandinc/newcut/lib/python3.12/site-packages/pennylane/qcut/cutstrategy.py:367: UserWarning: The number of partition attempts seems high (41).
  warnings.warn(f"The number of partition attempts seems high ({len(ks)}).")
    ✓ [  85.8s]  (#4) 15q / 3_Clifford+T_015 / cut_divided_budget
    » [14:03:35]  (#4) 15q / 3_Clifford+T_015 / cut_qubit_prop  starting...
    ✓ [  79.5s]  (#4) 15q / 3_Clifford+T_015 / cut_qubit_prop
    » [14:04:55]  (#4) 15q / 3_Clifford+T_015 / cut_incremental_budget  starting...
    ✓ [ 872.4s]  (#4) 15q / 3_Clifford+T_015 / cut_incremental_budget
    » [14:19:27]  (#4) 15q / 3_Clifford+T_015 / cut_incremental_qubit_prop  starting...
    ✓ [ 660.0s]  (#4) 15q / 3_Clifford+T_015 / cut_incremental_qubit_prop

[5/10] 15q / 4_Clifford+T_016  observable: ZIIIIIIIIIIIIII
    » [14:30:27]  15q / 4_Clifford+T_016  observable=ZIIIIIIIIIIIIII  computing ground truth (PennyLane default.qubit)...
    · [   0.0s]  ground_truth = 1.000000
    » [14:30:27]  (#5) 15q / 4_Clifford+T_016 / noisy_vanilla  starting...
    ✓ [ 346.5s]  (#5) 15q / 4_Clifford+T_016 / noisy_vanilla
    » [14:36:14]  (#5) 15q / 4_Clifford+T_016 / cut_divided_budget  starting...
/home/local/ADUNIPI/a044855/cutandinc/newcut/lib/python3.12/site-packages/pennylane/qcut/cutstrategy.py:367: UserWarning: The number of partition attempts seems high (41).
  warnings.warn(f"The number of partition attempts seems high ({len(ks)}).")
    ✓ [  19.0s]  (#5) 15q / 4_Clifford+T_016 / cut_divided_budget
    » [14:36:32]  (#5) 15q / 4_Clifford+T_016 / cut_qubit_prop  starting...
    ✓ [  12.4s]  (#5) 15q / 4_Clifford+T_016 / cut_qubit_prop
    » [14:36:45]  (#5) 15q / 4_Clifford+T_016 / cut_incremental_budget  starting...
    ✓ [ 224.5s]  (#5) 15q / 4_Clifford+T_016 / cut_incremental_budget
    » [14:40:29]  (#5) 15q / 4_Clifford+T_016 / cut_incremental_qubit_prop  starting...
    ✓ [ 219.2s]  (#5) 15q / 4_Clifford+T_016 / cut_incremental_qubit_prop

[6/10] 15q / 5_Clifford+T_018  observable: ZIIIIIIIIIIIIII
    » [14:44:09]  15q / 5_Clifford+T_018  observable=ZIIIIIIIIIIIIII  computing ground truth (PennyLane default.qubit)...
    · [   0.0s]  ground_truth = 1.000000
    » [14:44:09]  (#6) 15q / 5_Clifford+T_018 / noisy_vanilla  starting...
    ✓ [ 338.9s]  (#6) 15q / 5_Clifford+T_018 / noisy_vanilla
    » [14:49:48]  (#6) 15q / 5_Clifford+T_018 / cut_divided_budget  starting...
/home/local/ADUNIPI/a044855/cutandinc/newcut/lib/python3.12/site-packages/pennylane/qcut/cutstrategy.py:367: UserWarning: The number of partition attempts seems high (42).
  warnings.warn(f"The number of partition attempts seems high ({len(ks)}).")
    ✓ [  19.7s]  (#6) 15q / 5_Clifford+T_018 / cut_divided_budget
    » [14:50:07]  (#6) 15q / 5_Clifford+T_018 / cut_qubit_prop  starting...
    ✓ [  12.3s]  (#6) 15q / 5_Clifford+T_018 / cut_qubit_prop
    » [14:50:20]  (#6) 15q / 5_Clifford+T_018 / cut_incremental_budget  starting...
    ✓ [ 309.2s]  (#6) 15q / 5_Clifford+T_018 / cut_incremental_budget
    » [14:55:29]  (#6) 15q / 5_Clifford+T_018 / cut_incremental_qubit_prop  starting...
    ✓ [ 318.3s]  (#6) 15q / 5_Clifford+T_018 / cut_incremental_qubit_prop

[7/10] 15q / 6_Clifford+T_022  observable: ZIIIIIIIIIIIIII
    » [15:00:47]  15q / 6_Clifford+T_022  observable=ZIIIIIIIIIIIIII  computing ground truth (PennyLane default.qubit)...
    · [   0.0s]  ground_truth = 0.000000
    » [15:00:47]  (#7) 15q / 6_Clifford+T_022 / noisy_vanilla  starting...
    ✓ [ 324.0s]  (#7) 15q / 6_Clifford+T_022 / noisy_vanilla
    » [15:06:11]  (#7) 15q / 6_Clifford+T_022 / cut_divided_budget  starting...
/home/local/ADUNIPI/a044855/cutandinc/newcut/lib/python3.12/site-packages/pennylane/qcut/cutstrategy.py:367: UserWarning: The number of partition attempts seems high (40).
  warnings.warn(f"The number of partition attempts seems high ({len(ks)}).")
    ✓ [  19.3s]  (#7) 15q / 6_Clifford+T_022 / cut_divided_budget
    » [15:06:30]  (#7) 15q / 6_Clifford+T_022 / cut_qubit_prop  starting...
    ✓ [  13.8s]  (#7) 15q / 6_Clifford+T_022 / cut_qubit_prop
    » [15:06:44]  (#7) 15q / 6_Clifford+T_022 / cut_incremental_budget  starting...
    ✓ [ 283.0s]  (#7) 15q / 6_Clifford+T_022 / cut_incremental_budget
    » [15:11:27]  (#7) 15q / 6_Clifford+T_022 / cut_incremental_qubit_prop  starting...
    ✓ [ 270.1s]  (#7) 15q / 6_Clifford+T_022 / cut_incremental_qubit_prop

[8/10] 15q / 7_Clifford+T_023  observable: ZIIIIIIIIIIIIII
    » [15:15:57]  15q / 7_Clifford+T_023  observable=ZIIIIIIIIIIIIII  computing ground truth (PennyLane default.qubit)...
    · [   0.0s]  ground_truth = 1.000000
    » [15:15:57]  (#8) 15q / 7_Clifford+T_023 / noisy_vanilla  starting...
    ✓ [ 322.3s]  (#8) 15q / 7_Clifford+T_023 / noisy_vanilla
    » [15:21:20]  (#8) 15q / 7_Clifford+T_023 / cut_divided_budget  starting...
/home/local/ADUNIPI/a044855/cutandinc/newcut/lib/python3.12/site-packages/pennylane/qcut/cutstrategy.py:367: UserWarning: The number of partition attempts seems high (40).
  warnings.warn(f"The number of partition attempts seems high ({len(ks)}).")
    ✓ [  25.8s]  (#8) 15q / 7_Clifford+T_023 / cut_divided_budget
    » [15:21:45]  (#8) 15q / 7_Clifford+T_023 / cut_qubit_prop  starting...
    ✓ [  19.5s]  (#8) 15q / 7_Clifford+T_023 / cut_qubit_prop
    » [15:22:05]  (#8) 15q / 7_Clifford+T_023 / cut_incremental_budget  starting...
    ✓ [ 384.1s]  (#8) 15q / 7_Clifford+T_023 / cut_incremental_budget
    » [15:28:29]  (#8) 15q / 7_Clifford+T_023 / cut_incremental_qubit_prop  starting...
    ✓ [ 531.7s]  (#8) 15q / 7_Clifford+T_023 / cut_incremental_qubit_prop

[9/10] 15q / 8_Clifford+T_024  observable: ZIIIIIIIIIIIIII
    » [14:20:36]  15q / 8_Clifford+T_024  observable=ZIIIIIIIIIIIIII  computing ground truth (PennyLane default.qubit)...
    · [   0.0s]  ground_truth = 0.000000
    » [14:20:36]  (#9) 15q / 8_Clifford+T_024 / noisy_vanilla  starting...
    ✓ [ 606.3s]  (#9) 15q / 8_Clifford+T_024 / noisy_vanilla
    » [14:30:42]  (#9) 15q / 8_Clifford+T_024 / cut_divided_budget  starting...
/home/local/ADUNIPI/a044855/cutandinc/newcut/lib/python3.12/site-packages/pennylane/qcut/cutstrategy.py:367: UserWarning: The number of partition attempts seems high (40).
  warnings.warn(f"The number of partition attempts seems high ({len(ks)}).")
    ✓ [  90.8s]  (#9) 15q / 8_Clifford+T_024 / cut_divided_budget
    » [14:32:13]  (#9) 15q / 8_Clifford+T_024 / cut_qubit_prop  starting...
    ✓ [ 122.3s]  (#9) 15q / 8_Clifford+T_024 / cut_qubit_prop
    » [14:34:15]  (#9) 15q / 8_Clifford+T_024 / cut_incremental_budget  starting...
    ✓ [ 393.3s]  (#9) 15q / 8_Clifford+T_024 / cut_incremental_budget
    » [14:40:49]  (#9) 15q / 8_Clifford+T_024 / cut_incremental_qubit_prop  starting...
    ✓ [ 400.6s]  (#9) 15q / 8_Clifford+T_024 / cut_incremental_qubit_prop

[10/10] 15q / 9_Clifford+T_026  observable: ZIIIIIIIIIIIIII
    » [14:47:29]  15q / 9_Clifford+T_026  observable=ZIIIIIIIIIIIIII  computing ground truth (PennyLane default.qubit)...
    · [   0.0s]  ground_truth = 1.000000
    » [14:47:29]  (#10) 15q / 9_Clifford+T_026 / noisy_vanilla  starting...
    ✓ [ 614.9s]  (#10) 15q / 9_Clifford+T_026 / noisy_vanilla
    » [14:57:44]  (#10) 15q / 9_Clifford+T_026 / cut_divided_budget  starting...
/home/local/ADUNIPI/a044855/cutandinc/newcut/lib/python3.12/site-packages/pennylane/qcut/cutstrategy.py:367: UserWarning: The number of partition attempts seems high (40).
  warnings.warn(f"The number of partition attempts seems high ({len(ks)}).")
    ✓ [  96.4s]  (#10) 15q / 9_Clifford+T_026 / cut_divided_budget
    » [14:59:21]  (#10) 15q / 9_Clifford+T_026 / cut_qubit_prop  starting...
    ✓ [ 129.2s]  (#10) 15q / 9_Clifford+T_026 / cut_qubit_prop
    » [15:01:30]  (#10) 15q / 9_Clifford+T_026 / cut_incremental_budget  starting...
    ✓ [ 325.2s]  (#10) 15q / 9_Clifford+T_026 / cut_incremental_budget
    » [15:06:55]  (#10) 15q / 9_Clifford+T_026 / cut_incremental_qubit_prop  starting...
    ✓ [ 334.6s]  (#10) 15q / 9_Clifford+T_026 / cut_incremental_qubit_prop

============================================================
  Finished :   50  mode runs
  Failed   :    0  mode runs
============================================================

Merged CSV -> results/new/stable_shots3/20000_shots/kyoto/15_qubits/summary.csv
Run log    -> results/new/stable_shots3/20000_shots/kyoto/15_qubits/run.log
Per-mode JSON -> results/new/stable_shots3/20000_shots/kyoto/15_qubits/<qubits>q/<circuit>/<mode>.json
	Command being timed: "python main_new_new.py --circuits-pkl only_cliffordt/clif15.pkl --shots 20000 --noisy-backend aer.fake_kyoto --seed-simulator 42 --modes noisy_vanilla cut_divided_budget cut_qubit_prop cut_incremental_budget cut_incremental_qubit_prop --incremental-config configs/stable_shots3.json --parallel-circuits 1 --output-dir results/new/stable_shots3/20000_shots/kyoto/15_qubits"
	User time (seconds): 14085.26
	System time (seconds): 19.35
	Percent of CPU this job got: 100%
	Elapsed (wall clock) time (h:mm:ss or m:ss): 3:54:49
	Average shared text size (kbytes): 0
	Average unshared data size (kbytes): 0
	Average stack size (kbytes): 0
	Average total size (kbytes): 0
	Maximum resident set size (kbytes): 575544
	Average resident set size (kbytes): 0
	Major (requiring I/O) page faults: 0
	Minor (reclaiming a frame) page faults: 2801453
	Voluntary context switches: 1038915
	Involuntary context switches: 9861
	Swaps: 0
	File system inputs: 0
	File system outputs: 4168
	Socket messages sent: 0
	Socket messages received: 0
	Signals delivered: 0
	Page size (bytes): 4096
	Exit status: 0
[Thu Jun 18 03:12:31 PM UTC 2026] Finished 15 qubits | shots=20000 | backend=aer.fake_kyoto
