[Tue Jun  9 10:06:30 AM UTC 2026] Starting 11 qubits

[1/10] 11q / 0_Clifford+T_001  observable: ZIIIIIIIIII
/home/local/ADUNIPI/a044855/cutandinc/newcut/lib/python3.12/site-packages/qiskit_ibm_runtime/fake_provider/backends/nighthawk/fake_nighthawk.py:76: UserWarning: Properties of fake_nighthawk are not intended to represent typical nighthawk error values.
  warnings.warn(
    » [10:06:42]  11q / 0_Clifford+T_001  observable=ZIIIIIIIIII  computing ground truth (PennyLane default.qubit)...
    · [   1.8s]  ground_truth = 0.000000
    » [10:06:44]  (#1) 11q / 0_Clifford+T_001 / noisy_vanilla  starting...
    ✓ [   8.6s]  (#1) 11q / 0_Clifford+T_001 / noisy_vanilla
    » [10:06:52]  (#1) 11q / 0_Clifford+T_001 / cut_divided_budget  starting...
/home/local/ADUNIPI/a044855/cutandinc/newcut/lib/python3.12/site-packages/pennylane/qcut/cutstrategy.py:367: UserWarning: The number of partition attempts seems high (40).
  warnings.warn(f"The number of partition attempts seems high ({len(ks)}).")
    ✓ [ 107.8s]  (#1) 11q / 0_Clifford+T_001 / cut_divided_budget
    » [10:08:40]  (#1) 11q / 0_Clifford+T_001 / cut_qubit_prop  starting...
    ✓ [  44.2s]  (#1) 11q / 0_Clifford+T_001 / cut_qubit_prop
    » [10:09:24]  (#1) 11q / 0_Clifford+T_001 / cut_incremental_budget  starting...
    ✓ [ 619.4s]  (#1) 11q / 0_Clifford+T_001 / cut_incremental_budget
    » [10:19:44]  (#1) 11q / 0_Clifford+T_001 / cut_incremental_qubit_prop  starting...
    ✓ [ 650.7s]  (#1) 11q / 0_Clifford+T_001 / cut_incremental_qubit_prop

[2/10] 11q / 1_Clifford+T_002  observable: ZIIIIIIIIII
    » [10:30:35]  11q / 1_Clifford+T_002  observable=ZIIIIIIIIII  computing ground truth (PennyLane default.qubit)...
    · [   0.0s]  ground_truth = -1.000000
    » [10:30:35]  (#2) 11q / 1_Clifford+T_002 / noisy_vanilla  starting...
    ✓ [   2.0s]  (#2) 11q / 1_Clifford+T_002 / noisy_vanilla
    » [10:30:37]  (#2) 11q / 1_Clifford+T_002 / cut_divided_budget  starting...
/home/local/ADUNIPI/a044855/cutandinc/newcut/lib/python3.12/site-packages/pennylane/qcut/cutstrategy.py:367: UserWarning: The number of partition attempts seems high (40).
  warnings.warn(f"The number of partition attempts seems high ({len(ks)}).")
    ✓ [  80.8s]  (#2) 11q / 1_Clifford+T_002 / cut_divided_budget
    » [10:31:57]  (#2) 11q / 1_Clifford+T_002 / cut_qubit_prop  starting...
    ✓ [  45.0s]  (#2) 11q / 1_Clifford+T_002 / cut_qubit_prop
    » [10:32:42]  (#2) 11q / 1_Clifford+T_002 / cut_incremental_budget  starting...
    ✓ [ 598.9s]  (#2) 11q / 1_Clifford+T_002 / cut_incremental_budget
    » [10:42:41]  (#2) 11q / 1_Clifford+T_002 / cut_incremental_qubit_prop  starting...
    ✓ [ 610.0s]  (#2) 11q / 1_Clifford+T_002 / cut_incremental_qubit_prop

[3/10] 11q / 2_Clifford+T_011  observable: ZIIIIIIIIII
    » [10:52:51]  11q / 2_Clifford+T_011  observable=ZIIIIIIIIII  computing ground truth (PennyLane default.qubit)...
    · [   0.0s]  ground_truth = 0.000000
    » [10:52:51]  (#3) 11q / 2_Clifford+T_011 / noisy_vanilla  starting...
    ✓ [   1.7s]  (#3) 11q / 2_Clifford+T_011 / noisy_vanilla
    » [10:52:53]  (#3) 11q / 2_Clifford+T_011 / cut_divided_budget  starting...
/home/local/ADUNIPI/a044855/cutandinc/newcut/lib/python3.12/site-packages/pennylane/qcut/cutstrategy.py:367: UserWarning: The number of partition attempts seems high (40).
  warnings.warn(f"The number of partition attempts seems high ({len(ks)}).")
    ✓ [  20.0s]  (#3) 11q / 2_Clifford+T_011 / cut_divided_budget
    » [10:53:13]  (#3) 11q / 2_Clifford+T_011 / cut_qubit_prop  starting...
    ✓ [  12.4s]  (#3) 11q / 2_Clifford+T_011 / cut_qubit_prop
    » [10:53:26]  (#3) 11q / 2_Clifford+T_011 / cut_incremental_budget  starting...
    ✓ [ 313.1s]  (#3) 11q / 2_Clifford+T_011 / cut_incremental_budget
    » [10:58:39]  (#3) 11q / 2_Clifford+T_011 / cut_incremental_qubit_prop  starting...
    ✓ [ 282.3s]  (#3) 11q / 2_Clifford+T_011 / cut_incremental_qubit_prop

[4/10] 11q / 3_Clifford+T_015  observable: ZIIIIIIIIII
    » [11:03:21]  11q / 3_Clifford+T_015  observable=ZIIIIIIIIII  computing ground truth (PennyLane default.qubit)...
    · [   0.0s]  ground_truth = 0.000000
    » [11:03:21]  (#4) 11q / 3_Clifford+T_015 / noisy_vanilla  starting...
    ✓ [   1.8s]  (#4) 11q / 3_Clifford+T_015 / noisy_vanilla
    » [11:03:23]  (#4) 11q / 3_Clifford+T_015 / cut_divided_budget  starting...
/home/local/ADUNIPI/a044855/cutandinc/newcut/lib/python3.12/site-packages/pennylane/qcut/cutstrategy.py:367: UserWarning: The number of partition attempts seems high (40).
  warnings.warn(f"The number of partition attempts seems high ({len(ks)}).")
    ✓ [  19.4s]  (#4) 11q / 3_Clifford+T_015 / cut_divided_budget
    » [11:03:42]  (#4) 11q / 3_Clifford+T_015 / cut_qubit_prop  starting...
    ✓ [  12.6s]  (#4) 11q / 3_Clifford+T_015 / cut_qubit_prop
    » [11:03:55]  (#4) 11q / 3_Clifford+T_015 / cut_incremental_budget  starting...
    ✓ [ 241.0s]  (#4) 11q / 3_Clifford+T_015 / cut_incremental_budget
    » [11:07:56]  (#4) 11q / 3_Clifford+T_015 / cut_incremental_qubit_prop  starting...
    ✓ [ 232.2s]  (#4) 11q / 3_Clifford+T_015 / cut_incremental_qubit_prop

[5/10] 11q / 4_Clifford+T_017  observable: ZIIIIIIIIII
    » [11:11:48]  11q / 4_Clifford+T_017  observable=ZIIIIIIIIII  computing ground truth (PennyLane default.qubit)...
    · [   0.0s]  ground_truth = -1.000000
    » [11:11:48]  (#5) 11q / 4_Clifford+T_017 / noisy_vanilla  starting...
    ✓ [   2.1s]  (#5) 11q / 4_Clifford+T_017 / noisy_vanilla
    » [11:11:50]  (#5) 11q / 4_Clifford+T_017 / cut_divided_budget  starting...
/home/local/ADUNIPI/a044855/cutandinc/newcut/lib/python3.12/site-packages/pennylane/qcut/cutstrategy.py:367: UserWarning: The number of partition attempts seems high (40).
  warnings.warn(f"The number of partition attempts seems high ({len(ks)}).")
    ✓ [  21.3s]  (#5) 11q / 4_Clifford+T_017 / cut_divided_budget
    » [11:12:11]  (#5) 11q / 4_Clifford+T_017 / cut_qubit_prop  starting...
    ✓ [  11.4s]  (#5) 11q / 4_Clifford+T_017 / cut_qubit_prop
    » [11:12:23]  (#5) 11q / 4_Clifford+T_017 / cut_incremental_budget  starting...
    ✓ [ 198.1s]  (#5) 11q / 4_Clifford+T_017 / cut_incremental_budget
    » [11:15:41]  (#5) 11q / 4_Clifford+T_017 / cut_incremental_qubit_prop  starting...
    ✓ [ 156.3s]  (#5) 11q / 4_Clifford+T_017 / cut_incremental_qubit_prop

[6/10] 11q / 5_Clifford+T_025  observable: ZIIIIIIIIII
    » [11:18:17]  11q / 5_Clifford+T_025  observable=ZIIIIIIIIII  computing ground truth (PennyLane default.qubit)...
    · [   0.0s]  ground_truth = 0.000000
    » [11:18:17]  (#6) 11q / 5_Clifford+T_025 / noisy_vanilla  starting...
    ✓ [   2.1s]  (#6) 11q / 5_Clifford+T_025 / noisy_vanilla
    » [11:18:19]  (#6) 11q / 5_Clifford+T_025 / cut_divided_budget  starting...
/home/local/ADUNIPI/a044855/cutandinc/newcut/lib/python3.12/site-packages/pennylane/qcut/cutstrategy.py:367: UserWarning: The number of partition attempts seems high (40).
  warnings.warn(f"The number of partition attempts seems high ({len(ks)}).")
    ✓ [  20.3s]  (#6) 11q / 5_Clifford+T_025 / cut_divided_budget
    » [11:18:40]  (#6) 11q / 5_Clifford+T_025 / cut_qubit_prop  starting...
    ✓ [  12.1s]  (#6) 11q / 5_Clifford+T_025 / cut_qubit_prop
    » [11:18:52]  (#6) 11q / 5_Clifford+T_025 / cut_incremental_budget  starting...
    ✓ [ 234.9s]  (#6) 11q / 5_Clifford+T_025 / cut_incremental_budget
    » [11:22:47]  (#6) 11q / 5_Clifford+T_025 / cut_incremental_qubit_prop  starting...
    ✓ [ 232.3s]  (#6) 11q / 5_Clifford+T_025 / cut_incremental_qubit_prop

[7/10] 11q / 6_Clifford+T_026  observable: ZIIIIIIIIII
    » [11:26:39]  11q / 6_Clifford+T_026  observable=ZIIIIIIIIII  computing ground truth (PennyLane default.qubit)...
    · [   0.0s]  ground_truth = 1.000000
    » [11:26:39]  (#7) 11q / 6_Clifford+T_026 / noisy_vanilla  starting...
    ✓ [   2.0s]  (#7) 11q / 6_Clifford+T_026 / noisy_vanilla
    » [11:26:41]  (#7) 11q / 6_Clifford+T_026 / cut_divided_budget  starting...
/home/local/ADUNIPI/a044855/cutandinc/newcut/lib/python3.12/site-packages/pennylane/qcut/cutstrategy.py:367: UserWarning: The number of partition attempts seems high (40).
  warnings.warn(f"The number of partition attempts seems high ({len(ks)}).")
    ✓ [  23.5s]  (#7) 11q / 6_Clifford+T_026 / cut_divided_budget
    » [11:27:04]  (#7) 11q / 6_Clifford+T_026 / cut_qubit_prop  starting...
    ✓ [  13.0s]  (#7) 11q / 6_Clifford+T_026 / cut_qubit_prop
    » [11:27:17]  (#7) 11q / 6_Clifford+T_026 / cut_incremental_budget  starting...
    ✓ [ 344.9s]  (#7) 11q / 6_Clifford+T_026 / cut_incremental_budget
    » [11:33:02]  (#7) 11q / 6_Clifford+T_026 / cut_incremental_qubit_prop  starting...
    ✓ [ 355.4s]  (#7) 11q / 6_Clifford+T_026 / cut_incremental_qubit_prop

[8/10] 11q / 7_Clifford+T_029  observable: ZIIIIIIIIII
    » [11:38:58]  11q / 7_Clifford+T_029  observable=ZIIIIIIIIII  computing ground truth (PennyLane default.qubit)...
    · [   0.0s]  ground_truth = 0.000000
    » [11:38:58]  (#8) 11q / 7_Clifford+T_029 / noisy_vanilla  starting...
    ✓ [   1.9s]  (#8) 11q / 7_Clifford+T_029 / noisy_vanilla
    » [11:39:00]  (#8) 11q / 7_Clifford+T_029 / cut_divided_budget  starting...
/home/local/ADUNIPI/a044855/cutandinc/newcut/lib/python3.12/site-packages/pennylane/qcut/cutstrategy.py:367: UserWarning: The number of partition attempts seems high (40).
  warnings.warn(f"The number of partition attempts seems high ({len(ks)}).")
    ✓ [  18.0s]  (#8) 11q / 7_Clifford+T_029 / cut_divided_budget
    » [11:39:18]  (#8) 11q / 7_Clifford+T_029 / cut_qubit_prop  starting...
    ✓ [  10.2s]  (#8) 11q / 7_Clifford+T_029 / cut_qubit_prop
    » [11:39:28]  (#8) 11q / 7_Clifford+T_029 / cut_incremental_budget  starting...
    ✓ [ 158.1s]  (#8) 11q / 7_Clifford+T_029 / cut_incremental_budget
    » [11:42:06]  (#8) 11q / 7_Clifford+T_029 / cut_incremental_qubit_prop  starting...
    ✓ [ 174.4s]  (#8) 11q / 7_Clifford+T_029 / cut_incremental_qubit_prop

[9/10] 11q / 8_Clifford+T_030  observable: ZIIIIIIIIII
    » [11:45:00]  11q / 8_Clifford+T_030  observable=ZIIIIIIIIII  computing ground truth (PennyLane default.qubit)...
    · [   0.0s]  ground_truth = 1.000000
    » [11:45:00]  (#9) 11q / 8_Clifford+T_030 / noisy_vanilla  starting...
    ✓ [   1.9s]  (#9) 11q / 8_Clifford+T_030 / noisy_vanilla
    » [11:45:02]  (#9) 11q / 8_Clifford+T_030 / cut_divided_budget  starting...
/home/local/ADUNIPI/a044855/cutandinc/newcut/lib/python3.12/site-packages/pennylane/qcut/cutstrategy.py:367: UserWarning: The number of partition attempts seems high (40).
  warnings.warn(f"The number of partition attempts seems high ({len(ks)}).")
    ✓ [  25.5s]  (#9) 11q / 8_Clifford+T_030 / cut_divided_budget
    » [11:45:28]  (#9) 11q / 8_Clifford+T_030 / cut_qubit_prop  starting...
    ✓ [  13.9s]  (#9) 11q / 8_Clifford+T_030 / cut_qubit_prop
    » [11:45:42]  (#9) 11q / 8_Clifford+T_030 / cut_incremental_budget  starting...
    ✓ [ 125.2s]  (#9) 11q / 8_Clifford+T_030 / cut_incremental_budget
    » [11:47:47]  (#9) 11q / 8_Clifford+T_030 / cut_incremental_qubit_prop  starting...
    ✓ [ 130.2s]  (#9) 11q / 8_Clifford+T_030 / cut_incremental_qubit_prop

[10/10] 11q / 9_Clifford+T_033  observable: ZIIIIIIIIII
    » [11:49:57]  11q / 9_Clifford+T_033  observable=ZIIIIIIIIII  computing ground truth (PennyLane default.qubit)...
    · [   0.0s]  ground_truth = 1.000000
    » [11:49:57]  (#10) 11q / 9_Clifford+T_033 / noisy_vanilla  starting...
    ✓ [   1.8s]  (#10) 11q / 9_Clifford+T_033 / noisy_vanilla
    » [11:49:59]  (#10) 11q / 9_Clifford+T_033 / cut_divided_budget  starting...
/home/local/ADUNIPI/a044855/cutandinc/newcut/lib/python3.12/site-packages/pennylane/qcut/cutstrategy.py:367: UserWarning: The number of partition attempts seems high (40).
  warnings.warn(f"The number of partition attempts seems high ({len(ks)}).")
    ✓ [  18.2s]  (#10) 11q / 9_Clifford+T_033 / cut_divided_budget
    » [11:50:17]  (#10) 11q / 9_Clifford+T_033 / cut_qubit_prop  starting...
    ✓ [  10.8s]  (#10) 11q / 9_Clifford+T_033 / cut_qubit_prop
    » [11:50:28]  (#10) 11q / 9_Clifford+T_033 / cut_incremental_budget  starting...
    ✓ [ 137.3s]  (#10) 11q / 9_Clifford+T_033 / cut_incremental_budget
    » [11:52:45]  (#10) 11q / 9_Clifford+T_033 / cut_incremental_qubit_prop  starting...
    ✓ [ 123.1s]  (#10) 11q / 9_Clifford+T_033 / cut_incremental_qubit_prop

============================================================
  Finished :   50  mode runs
  Failed   :    0  mode runs
============================================================

Merged CSV -> results/new/ewma_20k_kawasaki_01/11_qubits/summary.csv
Run log    -> results/new/ewma_20k_kawasaki_01/11_qubits/run.log
Per-mode JSON -> results/new/ewma_20k_kawasaki_01/11_qubits/<qubits>q/<circuit>/<mode>.json
[Tue Jun  9 11:54:49 AM UTC 2026] Finished 11 qubits
