[Wed Jun 17 10:41:50 PM UTC 2026] Starting 10 qubits | shots=10000 | backend=aer.fake_sherbrooke
[Wed Jun 17 10:41:50 PM UTC 2026] Per-job memory limit: 7GB virtual memory

[1/10] 10q / 0_Clifford+T_001  observable: ZIIIIIIIII
/home/local/ADUNIPI/a044855/cutandinc/newcut/lib/python3.12/site-packages/qiskit_ibm_runtime/fake_provider/backends/nighthawk/fake_nighthawk.py:76: UserWarning: Properties of fake_nighthawk are not intended to represent typical nighthawk error values.
  warnings.warn(
    » [22:42:00]  10q / 0_Clifford+T_001  observable=ZIIIIIIIII  computing ground truth (PennyLane default.qubit)...
    · [   0.6s]  ground_truth = -1.000000
    » [22:42:00]  (#1) 10q / 0_Clifford+T_001 / noisy_vanilla  starting...
    ✓ [   3.4s]  (#1) 10q / 0_Clifford+T_001 / noisy_vanilla
    » [22:42:04]  (#1) 10q / 0_Clifford+T_001 / cut_divided_budget  starting...
/home/local/ADUNIPI/a044855/cutandinc/newcut/lib/python3.12/site-packages/pennylane/qcut/cutstrategy.py:367: UserWarning: The number of partition attempts seems high (40).
  warnings.warn(f"The number of partition attempts seems high ({len(ks)}).")
    ✓ [  74.5s]  (#1) 10q / 0_Clifford+T_001 / cut_divided_budget
    » [22:43:18]  (#1) 10q / 0_Clifford+T_001 / cut_qubit_prop  starting...
    ✓ [  69.2s]  (#1) 10q / 0_Clifford+T_001 / cut_qubit_prop
    » [22:44:28]  (#1) 10q / 0_Clifford+T_001 / cut_incremental_budget  starting...
    ✓ [ 300.0s]  (#1) 10q / 0_Clifford+T_001 / cut_incremental_budget
    » [22:49:28]  (#1) 10q / 0_Clifford+T_001 / cut_incremental_qubit_prop  starting...
    ✓ [ 303.2s]  (#1) 10q / 0_Clifford+T_001 / cut_incremental_qubit_prop

[2/10] 10q / 1_Clifford+T_004  observable: ZIIIIIIIII
    » [22:54:31]  10q / 1_Clifford+T_004  observable=ZIIIIIIIII  computing ground truth (PennyLane default.qubit)...
    · [   0.3s]  ground_truth = 0.000000
    » [22:54:31]  (#2) 10q / 1_Clifford+T_004 / noisy_vanilla  starting...
    ✓ [   1.6s]  (#2) 10q / 1_Clifford+T_004 / noisy_vanilla
    » [22:54:33]  (#2) 10q / 1_Clifford+T_004 / cut_divided_budget  starting...
/home/local/ADUNIPI/a044855/cutandinc/newcut/lib/python3.12/site-packages/pennylane/qcut/cutstrategy.py:367: UserWarning: The number of partition attempts seems high (40).
  warnings.warn(f"The number of partition attempts seems high ({len(ks)}).")
    ✓ [  22.5s]  (#2) 10q / 1_Clifford+T_004 / cut_divided_budget
    » [22:54:55]  (#2) 10q / 1_Clifford+T_004 / cut_qubit_prop  starting...
    ✓ [  10.3s]  (#2) 10q / 1_Clifford+T_004 / cut_qubit_prop
    » [22:55:06]  (#2) 10q / 1_Clifford+T_004 / cut_incremental_budget  starting...
    ✓ [ 176.0s]  (#2) 10q / 1_Clifford+T_004 / cut_incremental_budget
    » [22:58:02]  (#2) 10q / 1_Clifford+T_004 / cut_incremental_qubit_prop  starting...
    ✓ [ 196.5s]  (#2) 10q / 1_Clifford+T_004 / cut_incremental_qubit_prop

[3/10] 10q / 2_Clifford+T_008  observable: ZIIIIIIIII
    » [23:01:18]  10q / 2_Clifford+T_008  observable=ZIIIIIIIII  computing ground truth (PennyLane default.qubit)...
    · [   0.0s]  ground_truth = 1.000000
    » [23:01:18]  (#3) 10q / 2_Clifford+T_008 / noisy_vanilla  starting...
    ✓ [   1.8s]  (#3) 10q / 2_Clifford+T_008 / noisy_vanilla
    » [23:01:20]  (#3) 10q / 2_Clifford+T_008 / cut_divided_budget  starting...
/home/local/ADUNIPI/a044855/cutandinc/newcut/lib/python3.12/site-packages/pennylane/qcut/cutstrategy.py:367: UserWarning: The number of partition attempts seems high (40).
  warnings.warn(f"The number of partition attempts seems high ({len(ks)}).")
    ✓ [  55.9s]  (#3) 10q / 2_Clifford+T_008 / cut_divided_budget
    » [23:02:16]  (#3) 10q / 2_Clifford+T_008 / cut_qubit_prop  starting...
    ✓ [  44.4s]  (#3) 10q / 2_Clifford+T_008 / cut_qubit_prop
    » [23:03:00]  (#3) 10q / 2_Clifford+T_008 / cut_incremental_budget  starting...
    ✓ [ 298.9s]  (#3) 10q / 2_Clifford+T_008 / cut_incremental_budget
    » [23:07:59]  (#3) 10q / 2_Clifford+T_008 / cut_incremental_qubit_prop  starting...
    ✓ [ 350.1s]  (#3) 10q / 2_Clifford+T_008 / cut_incremental_qubit_prop

[4/10] 10q / 3_Clifford+T_015  observable: ZIIIIIIIII
    » [23:13:49]  10q / 3_Clifford+T_015  observable=ZIIIIIIIII  computing ground truth (PennyLane default.qubit)...
    · [   0.0s]  ground_truth = 1.000000
    » [23:13:49]  (#4) 10q / 3_Clifford+T_015 / noisy_vanilla  starting...
    ✓ [   3.1s]  (#4) 10q / 3_Clifford+T_015 / noisy_vanilla
    » [23:13:52]  (#4) 10q / 3_Clifford+T_015 / cut_divided_budget  starting...
/home/local/ADUNIPI/a044855/cutandinc/newcut/lib/python3.12/site-packages/pennylane/qcut/cutstrategy.py:367: UserWarning: The number of partition attempts seems high (40).
  warnings.warn(f"The number of partition attempts seems high ({len(ks)}).")
    ✓ [  23.5s]  (#4) 10q / 3_Clifford+T_015 / cut_divided_budget
    » [23:14:16]  (#4) 10q / 3_Clifford+T_015 / cut_qubit_prop  starting...
    ✓ [  16.1s]  (#4) 10q / 3_Clifford+T_015 / cut_qubit_prop
    » [23:14:32]  (#4) 10q / 3_Clifford+T_015 / cut_incremental_budget  starting...
    ✓ [ 263.3s]  (#4) 10q / 3_Clifford+T_015 / cut_incremental_budget
    » [23:18:55]  (#4) 10q / 3_Clifford+T_015 / cut_incremental_qubit_prop  starting...
    ✓ [ 283.1s]  (#4) 10q / 3_Clifford+T_015 / cut_incremental_qubit_prop

[5/10] 10q / 4_Clifford+T_024  observable: ZIIIIIIIII
    » [23:23:38]  10q / 4_Clifford+T_024  observable=ZIIIIIIIII  computing ground truth (PennyLane default.qubit)...
    · [   0.0s]  ground_truth = 0.000000
    » [23:23:38]  (#5) 10q / 4_Clifford+T_024 / noisy_vanilla  starting...
    ✓ [   3.1s]  (#5) 10q / 4_Clifford+T_024 / noisy_vanilla
    » [23:23:41]  (#5) 10q / 4_Clifford+T_024 / cut_divided_budget  starting...
/home/local/ADUNIPI/a044855/cutandinc/newcut/lib/python3.12/site-packages/pennylane/qcut/cutstrategy.py:367: UserWarning: The number of partition attempts seems high (40).
  warnings.warn(f"The number of partition attempts seems high ({len(ks)}).")
    ✓ [  76.8s]  (#5) 10q / 4_Clifford+T_024 / cut_divided_budget
    » [23:24:58]  (#5) 10q / 4_Clifford+T_024 / cut_qubit_prop  starting...
    ✓ [  73.0s]  (#5) 10q / 4_Clifford+T_024 / cut_qubit_prop
    » [23:26:11]  (#5) 10q / 4_Clifford+T_024 / cut_incremental_budget  starting...
    ✓ [ 474.2s]  (#5) 10q / 4_Clifford+T_024 / cut_incremental_budget
    » [23:34:05]  (#5) 10q / 4_Clifford+T_024 / cut_incremental_qubit_prop  starting...
    ✓ [ 484.0s]  (#5) 10q / 4_Clifford+T_024 / cut_incremental_qubit_prop

[6/10] 10q / 5_Clifford+T_026  observable: ZIIIIIIIII
    » [23:42:09]  10q / 5_Clifford+T_026  observable=ZIIIIIIIII  computing ground truth (PennyLane default.qubit)...
    · [   0.0s]  ground_truth = 1.000000
    » [23:42:09]  (#6) 10q / 5_Clifford+T_026 / noisy_vanilla  starting...
    ✓ [   3.2s]  (#6) 10q / 5_Clifford+T_026 / noisy_vanilla
    » [23:42:13]  (#6) 10q / 5_Clifford+T_026 / cut_divided_budget  starting...
/home/local/ADUNIPI/a044855/cutandinc/newcut/lib/python3.12/site-packages/pennylane/qcut/cutstrategy.py:367: UserWarning: The number of partition attempts seems high (40).
  warnings.warn(f"The number of partition attempts seems high ({len(ks)}).")
    ✓ [  72.3s]  (#6) 10q / 5_Clifford+T_026 / cut_divided_budget
    » [23:43:25]  (#6) 10q / 5_Clifford+T_026 / cut_qubit_prop  starting...
    ✓ [  66.5s]  (#6) 10q / 5_Clifford+T_026 / cut_qubit_prop
    » [23:44:31]  (#6) 10q / 5_Clifford+T_026 / cut_incremental_budget  starting...
    ✓ [ 482.7s]  (#6) 10q / 5_Clifford+T_026 / cut_incremental_budget
    » [23:52:34]  (#6) 10q / 5_Clifford+T_026 / cut_incremental_qubit_prop  starting...
    ✓ [ 481.8s]  (#6) 10q / 5_Clifford+T_026 / cut_incremental_qubit_prop

[7/10] 10q / 6_Clifford+T_032  observable: ZIIIIIIIII
    » [00:00:36]  10q / 6_Clifford+T_032  observable=ZIIIIIIIII  computing ground truth (PennyLane default.qubit)...
    · [   0.0s]  ground_truth = 1.000000
    » [00:00:36]  (#7) 10q / 6_Clifford+T_032 / noisy_vanilla  starting...
    ✓ [   3.1s]  (#7) 10q / 6_Clifford+T_032 / noisy_vanilla
    » [00:00:39]  (#7) 10q / 6_Clifford+T_032 / cut_divided_budget  starting...
/home/local/ADUNIPI/a044855/cutandinc/newcut/lib/python3.12/site-packages/pennylane/qcut/cutstrategy.py:367: UserWarning: The number of partition attempts seems high (40).
  warnings.warn(f"The number of partition attempts seems high ({len(ks)}).")
    ✓ [  25.0s]  (#7) 10q / 6_Clifford+T_032 / cut_divided_budget
    » [00:01:04]  (#7) 10q / 6_Clifford+T_032 / cut_qubit_prop  starting...
    ✓ [  17.5s]  (#7) 10q / 6_Clifford+T_032 / cut_qubit_prop
    » [00:01:22]  (#7) 10q / 6_Clifford+T_032 / cut_incremental_budget  starting...
    ✓ [ 225.3s]  (#7) 10q / 6_Clifford+T_032 / cut_incremental_budget
    » [00:05:07]  (#7) 10q / 6_Clifford+T_032 / cut_incremental_qubit_prop  starting...
    ✓ [ 147.2s]  (#7) 10q / 6_Clifford+T_032 / cut_incremental_qubit_prop

[8/10] 10q / 7_Clifford+T_033  observable: ZIIIIIIIII
    » [00:07:34]  10q / 7_Clifford+T_033  observable=ZIIIIIIIII  computing ground truth (PennyLane default.qubit)...
    · [   0.0s]  ground_truth = 1.000000
    » [00:07:34]  (#8) 10q / 7_Clifford+T_033 / noisy_vanilla  starting...
    ✓ [   1.9s]  (#8) 10q / 7_Clifford+T_033 / noisy_vanilla
    » [00:07:36]  (#8) 10q / 7_Clifford+T_033 / cut_divided_budget  starting...
/home/local/ADUNIPI/a044855/cutandinc/newcut/lib/python3.12/site-packages/pennylane/qcut/cutstrategy.py:367: UserWarning: The number of partition attempts seems high (40).
  warnings.warn(f"The number of partition attempts seems high ({len(ks)}).")
    ✓ [  18.0s]  (#8) 10q / 7_Clifford+T_033 / cut_divided_budget
    » [00:07:54]  (#8) 10q / 7_Clifford+T_033 / cut_qubit_prop  starting...
    ✓ [  10.2s]  (#8) 10q / 7_Clifford+T_033 / cut_qubit_prop
    » [00:08:04]  (#8) 10q / 7_Clifford+T_033 / cut_incremental_budget  starting...
    ✓ [ 121.6s]  (#8) 10q / 7_Clifford+T_033 / cut_incremental_budget
    » [00:10:06]  (#8) 10q / 7_Clifford+T_033 / cut_incremental_qubit_prop  starting...
    ✓ [ 134.8s]  (#8) 10q / 7_Clifford+T_033 / cut_incremental_qubit_prop

[9/10] 10q / 8_Clifford+T_039  observable: ZIIIIIIIII
    » [00:12:21]  10q / 8_Clifford+T_039  observable=ZIIIIIIIII  computing ground truth (PennyLane default.qubit)...
    · [   0.0s]  ground_truth = 0.000000
    » [00:12:21]  (#9) 10q / 8_Clifford+T_039 / noisy_vanilla  starting...
    ✓ [   1.8s]  (#9) 10q / 8_Clifford+T_039 / noisy_vanilla
    » [00:12:22]  (#9) 10q / 8_Clifford+T_039 / cut_divided_budget  starting...
/home/local/ADUNIPI/a044855/cutandinc/newcut/lib/python3.12/site-packages/pennylane/qcut/cutstrategy.py:367: UserWarning: The number of partition attempts seems high (40).
  warnings.warn(f"The number of partition attempts seems high ({len(ks)}).")
    ✓ [  54.5s]  (#9) 10q / 8_Clifford+T_039 / cut_divided_budget
    » [00:13:17]  (#9) 10q / 8_Clifford+T_039 / cut_qubit_prop  starting...
    ✓ [  48.3s]  (#9) 10q / 8_Clifford+T_039 / cut_qubit_prop
    » [00:14:05]  (#9) 10q / 8_Clifford+T_039 / cut_incremental_budget  starting...
    ✓ [ 470.5s]  (#9) 10q / 8_Clifford+T_039 / cut_incremental_budget
    » [00:21:56]  (#9) 10q / 8_Clifford+T_039 / cut_incremental_qubit_prop  starting...
    ✓ [ 313.0s]  (#9) 10q / 8_Clifford+T_039 / cut_incremental_qubit_prop

[10/10] 10q / 9_Clifford+T_041  observable: ZIIIIIIIII
    » [00:27:09]  10q / 9_Clifford+T_041  observable=ZIIIIIIIII  computing ground truth (PennyLane default.qubit)...
    · [   0.0s]  ground_truth = 1.000000
    » [00:27:09]  (#10) 10q / 9_Clifford+T_041 / noisy_vanilla  starting...
    ✓ [   1.9s]  (#10) 10q / 9_Clifford+T_041 / noisy_vanilla
    » [00:27:11]  (#10) 10q / 9_Clifford+T_041 / cut_divided_budget  starting...
/home/local/ADUNIPI/a044855/cutandinc/newcut/lib/python3.12/site-packages/pennylane/qcut/cutstrategy.py:367: UserWarning: The number of partition attempts seems high (40).
  warnings.warn(f"The number of partition attempts seems high ({len(ks)}).")
    ✓ [  17.1s]  (#10) 10q / 9_Clifford+T_041 / cut_divided_budget
    » [00:27:28]  (#10) 10q / 9_Clifford+T_041 / cut_qubit_prop  starting...
    ✓ [  10.0s]  (#10) 10q / 9_Clifford+T_041 / cut_qubit_prop
    » [00:27:38]  (#10) 10q / 9_Clifford+T_041 / cut_incremental_budget  starting...
    ✓ [ 163.9s]  (#10) 10q / 9_Clifford+T_041 / cut_incremental_budget
    » [00:30:22]  (#10) 10q / 9_Clifford+T_041 / cut_incremental_qubit_prop  starting...
    ✓ [ 203.2s]  (#10) 10q / 9_Clifford+T_041 / cut_incremental_qubit_prop

============================================================
  Finished :   50  mode runs
  Failed   :    0  mode runs
============================================================

Merged CSV -> results/new/stable_shots3/10000_shots/sherbrooke/10_qubits/summary.csv
Run log    -> results/new/stable_shots3/10000_shots/sherbrooke/10_qubits/run.log
Per-mode JSON -> results/new/stable_shots3/10000_shots/sherbrooke/10_qubits/<qubits>q/<circuit>/<mode>.json
	Command being timed: "python main_new_new.py --circuits-pkl only_cliffordt/clif10.pkl --shots 10000 --noisy-backend aer.fake_sherbrooke --seed-simulator 42 --modes noisy_vanilla cut_divided_budget cut_qubit_prop cut_incremental_budget cut_incremental_qubit_prop --incremental-config configs/stable_shots3.json --parallel-circuits 1 --output-dir results/new/stable_shots3/10000_shots/sherbrooke/10_qubits"
	User time (seconds): 6709.71
	System time (seconds): 5.75
	Percent of CPU this job got: 99%
	Elapsed (wall clock) time (h:mm:ss or m:ss): 1:51:56
	Average shared text size (kbytes): 0
	Average unshared data size (kbytes): 0
	Average stack size (kbytes): 0
	Average total size (kbytes): 0
	Maximum resident set size (kbytes): 475192
	Average resident set size (kbytes): 0
	Major (requiring I/O) page faults: 0
	Minor (reclaiming a frame) page faults: 1635457
	Voluntary context switches: 71081
	Involuntary context switches: 7169
	Swaps: 0
	File system inputs: 0
	File system outputs: 3784
	Socket messages sent: 0
	Socket messages received: 0
	Signals delivered: 0
	Page size (bytes): 4096
	Exit status: 0
[Thu Jun 18 12:33:46 AM UTC 2026] Finished 10 qubits | shots=10000 | backend=aer.fake_sherbrooke
erbrooke
