[Thu Jun 18 12:30:27 AM UTC 2026] Starting 15 qubits | shots=10000 | backend=aer.fake_sherbrooke
[Thu Jun 18 12:30:27 AM UTC 2026] Per-job memory limit: 7GB virtual memory

[1/10] 15q / 0_Clifford+T_003  observable: ZIIIIIIIIIIIIII
/home/local/ADUNIPI/a044855/cutandinc/newcut/lib/python3.12/site-packages/qiskit_ibm_runtime/fake_provider/backends/nighthawk/fake_nighthawk.py:76: UserWarning: Properties of fake_nighthawk are not intended to represent typical nighthawk error values.
  warnings.warn(
    » [00:30:38]  15q / 0_Clifford+T_003  observable=ZIIIIIIIIIIIIII  computing ground truth (PennyLane default.qubit)...
    · [   0.7s]  ground_truth = 0.000000
    » [00:30:38]  (#1) 15q / 0_Clifford+T_003 / noisy_vanilla  starting...
    ✓ [ 333.8s]  (#1) 15q / 0_Clifford+T_003 / noisy_vanilla
    » [00:36:12]  (#1) 15q / 0_Clifford+T_003 / cut_divided_budget  starting...
/home/local/ADUNIPI/a044855/cutandinc/newcut/lib/python3.12/site-packages/pennylane/qcut/cutstrategy.py:367: UserWarning: The number of partition attempts seems high (40).
  warnings.warn(f"The number of partition attempts seems high ({len(ks)}).")
    ✓ [  27.1s]  (#1) 15q / 0_Clifford+T_003 / cut_divided_budget
    » [00:36:39]  (#1) 15q / 0_Clifford+T_003 / cut_qubit_prop  starting...
    ✓ [  19.4s]  (#1) 15q / 0_Clifford+T_003 / cut_qubit_prop
    » [00:36:59]  (#1) 15q / 0_Clifford+T_003 / cut_incremental_budget  starting...
    ✓ [ 255.0s]  (#1) 15q / 0_Clifford+T_003 / cut_incremental_budget
    » [00:41:14]  (#1) 15q / 0_Clifford+T_003 / cut_incremental_qubit_prop  starting...
    ✓ [ 194.5s]  (#1) 15q / 0_Clifford+T_003 / cut_incremental_qubit_prop

[2/10] 15q / 1_Clifford+T_009  observable: ZIIIIIIIIIIIIII
    » [00:44:28]  15q / 1_Clifford+T_009  observable=ZIIIIIIIIIIIIII  computing ground truth (PennyLane default.qubit)...
    · [   0.2s]  ground_truth = 1.000000
    » [00:44:28]  (#2) 15q / 1_Clifford+T_009 / noisy_vanilla  starting...
    ✓ [ 246.2s]  (#2) 15q / 1_Clifford+T_009 / noisy_vanilla
    » [00:48:35]  (#2) 15q / 1_Clifford+T_009 / cut_divided_budget  starting...
/home/local/ADUNIPI/a044855/cutandinc/newcut/lib/python3.12/site-packages/pennylane/qcut/cutstrategy.py:367: UserWarning: The number of partition attempts seems high (40).
  warnings.warn(f"The number of partition attempts seems high ({len(ks)}).")
    ✓ [  23.1s]  (#2) 15q / 1_Clifford+T_009 / cut_divided_budget
    » [00:48:58]  (#2) 15q / 1_Clifford+T_009 / cut_qubit_prop  starting...
    ✓ [  16.8s]  (#2) 15q / 1_Clifford+T_009 / cut_qubit_prop
    » [00:49:14]  (#2) 15q / 1_Clifford+T_009 / cut_incremental_budget  starting...
    ✓ [ 310.6s]  (#2) 15q / 1_Clifford+T_009 / cut_incremental_budget
    » [00:54:25]  (#2) 15q / 1_Clifford+T_009 / cut_incremental_qubit_prop  starting...
    ✓ [ 304.2s]  (#2) 15q / 1_Clifford+T_009 / cut_incremental_qubit_prop

[3/10] 15q / 2_Clifford+T_011  observable: ZIIIIIIIIIIIIII
    » [00:59:29]  15q / 2_Clifford+T_011  observable=ZIIIIIIIIIIIIII  computing ground truth (PennyLane default.qubit)...
    · [   0.0s]  ground_truth = 1.000000
    » [00:59:29]  (#3) 15q / 2_Clifford+T_011 / noisy_vanilla  starting...
    ✓ [ 316.6s]  (#3) 15q / 2_Clifford+T_011 / noisy_vanilla
    » [01:04:46]  (#3) 15q / 2_Clifford+T_011 / cut_divided_budget  starting...
/home/local/ADUNIPI/a044855/cutandinc/newcut/lib/python3.12/site-packages/pennylane/qcut/cutstrategy.py:367: UserWarning: The number of partition attempts seems high (40).
  warnings.warn(f"The number of partition attempts seems high ({len(ks)}).")
    ✓ [  35.1s]  (#3) 15q / 2_Clifford+T_011 / cut_divided_budget
    » [01:05:21]  (#3) 15q / 2_Clifford+T_011 / cut_qubit_prop  starting...
    ✓ [  28.0s]  (#3) 15q / 2_Clifford+T_011 / cut_qubit_prop
    » [01:05:49]  (#3) 15q / 2_Clifford+T_011 / cut_incremental_budget  starting...
    ✓ [ 210.6s]  (#3) 15q / 2_Clifford+T_011 / cut_incremental_budget
    » [01:09:20]  (#3) 15q / 2_Clifford+T_011 / cut_incremental_qubit_prop  starting...
    ✓ [ 187.4s]  (#3) 15q / 2_Clifford+T_011 / cut_incremental_qubit_prop

[4/10] 15q / 3_Clifford+T_015  observable: ZIIIIIIIIIIIIII
    » [01:12:27]  15q / 3_Clifford+T_015  observable=ZIIIIIIIIIIIIII  computing ground truth (PennyLane default.qubit)...
    · [   0.0s]  ground_truth = 1.000000
    » [01:12:27]  (#4) 15q / 3_Clifford+T_015 / noisy_vanilla  starting...
    ✓ [ 205.5s]  (#4) 15q / 3_Clifford+T_015 / noisy_vanilla
    » [01:15:53]  (#4) 15q / 3_Clifford+T_015 / cut_divided_budget  starting...
/home/local/ADUNIPI/a044855/cutandinc/newcut/lib/python3.12/site-packages/pennylane/qcut/cutstrategy.py:367: UserWarning: The number of partition attempts seems high (41).
  warnings.warn(f"The number of partition attempts seems high ({len(ks)}).")
    ✓ [  77.6s]  (#4) 15q / 3_Clifford+T_015 / cut_divided_budget
    » [01:17:10]  (#4) 15q / 3_Clifford+T_015 / cut_qubit_prop  starting...
    ✓ [  67.3s]  (#4) 15q / 3_Clifford+T_015 / cut_qubit_prop
    » [01:18:17]  (#4) 15q / 3_Clifford+T_015 / cut_incremental_budget  starting...
    ✓ [ 428.9s]  (#4) 15q / 3_Clifford+T_015 / cut_incremental_budget
    » [01:25:26]  (#4) 15q / 3_Clifford+T_015 / cut_incremental_qubit_prop  starting...
    ✓ [ 437.3s]  (#4) 15q / 3_Clifford+T_015 / cut_incremental_qubit_prop

[5/10] 15q / 4_Clifford+T_016  observable: ZIIIIIIIIIIIIII
    » [01:32:44]  15q / 4_Clifford+T_016  observable=ZIIIIIIIIIIIIII  computing ground truth (PennyLane default.qubit)...
    · [   0.0s]  ground_truth = 1.000000
    » [01:32:44]  (#5) 15q / 4_Clifford+T_016 / noisy_vanilla  starting...
    ✓ [ 317.4s]  (#5) 15q / 4_Clifford+T_016 / noisy_vanilla
    » [01:38:01]  (#5) 15q / 4_Clifford+T_016 / cut_divided_budget  starting...
/home/local/ADUNIPI/a044855/cutandinc/newcut/lib/python3.12/site-packages/pennylane/qcut/cutstrategy.py:367: UserWarning: The number of partition attempts seems high (41).
  warnings.warn(f"The number of partition attempts seems high ({len(ks)}).")
    ✓ [  28.0s]  (#5) 15q / 4_Clifford+T_016 / cut_divided_budget
    » [01:38:29]  (#5) 15q / 4_Clifford+T_016 / cut_qubit_prop  starting...
    ✓ [  17.4s]  (#5) 15q / 4_Clifford+T_016 / cut_qubit_prop
    » [01:38:46]  (#5) 15q / 4_Clifford+T_016 / cut_incremental_budget  starting...
    ✓ [ 244.0s]  (#5) 15q / 4_Clifford+T_016 / cut_incremental_budget
    » [01:42:50]  (#5) 15q / 4_Clifford+T_016 / cut_incremental_qubit_prop  starting...
    ✓ [ 236.4s]  (#5) 15q / 4_Clifford+T_016 / cut_incremental_qubit_prop

[6/10] 15q / 5_Clifford+T_018  observable: ZIIIIIIIIIIIIII
    » [01:46:47]  15q / 5_Clifford+T_018  observable=ZIIIIIIIIIIIIII  computing ground truth (PennyLane default.qubit)...
    · [   0.0s]  ground_truth = 1.000000
    » [01:46:47]  (#6) 15q / 5_Clifford+T_018 / noisy_vanilla  starting...
    ✓ [ 250.3s]  (#6) 15q / 5_Clifford+T_018 / noisy_vanilla
    » [01:50:57]  (#6) 15q / 5_Clifford+T_018 / cut_divided_budget  starting...
/home/local/ADUNIPI/a044855/cutandinc/newcut/lib/python3.12/site-packages/pennylane/qcut/cutstrategy.py:367: UserWarning: The number of partition attempts seems high (42).
  warnings.warn(f"The number of partition attempts seems high ({len(ks)}).")
    ✓ [  24.0s]  (#6) 15q / 5_Clifford+T_018 / cut_divided_budget
    » [01:51:21]  (#6) 15q / 5_Clifford+T_018 / cut_qubit_prop  starting...
    ✓ [  13.2s]  (#6) 15q / 5_Clifford+T_018 / cut_qubit_prop
    » [01:51:34]  (#6) 15q / 5_Clifford+T_018 / cut_incremental_budget  starting...
    ✓ [ 285.1s]  (#6) 15q / 5_Clifford+T_018 / cut_incremental_budget
    » [01:56:19]  (#6) 15q / 5_Clifford+T_018 / cut_incremental_qubit_prop  starting...
    ✓ [ 305.3s]  (#6) 15q / 5_Clifford+T_018 / cut_incremental_qubit_prop

[7/10] 15q / 6_Clifford+T_022  observable: ZIIIIIIIIIIIIII
    » [02:01:25]  15q / 6_Clifford+T_022  observable=ZIIIIIIIIIIIIII  computing ground truth (PennyLane default.qubit)...
    · [   0.0s]  ground_truth = 0.000000
    » [02:01:25]  (#7) 15q / 6_Clifford+T_022 / noisy_vanilla  starting...
    ✓ [ 345.9s]  (#7) 15q / 6_Clifford+T_022 / noisy_vanilla
    » [02:07:11]  (#7) 15q / 6_Clifford+T_022 / cut_divided_budget  starting...
/home/local/ADUNIPI/a044855/cutandinc/newcut/lib/python3.12/site-packages/pennylane/qcut/cutstrategy.py:367: UserWarning: The number of partition attempts seems high (40).
  warnings.warn(f"The number of partition attempts seems high ({len(ks)}).")
    ✓ [  28.0s]  (#7) 15q / 6_Clifford+T_022 / cut_divided_budget
    » [02:07:39]  (#7) 15q / 6_Clifford+T_022 / cut_qubit_prop  starting...
    ✓ [  17.3s]  (#7) 15q / 6_Clifford+T_022 / cut_qubit_prop
    » [02:07:56]  (#7) 15q / 6_Clifford+T_022 / cut_incremental_budget  starting...
    ✓ [ 261.3s]  (#7) 15q / 6_Clifford+T_022 / cut_incremental_budget
    » [02:12:17]  (#7) 15q / 6_Clifford+T_022 / cut_incremental_qubit_prop  starting...
    ✓ [ 283.1s]  (#7) 15q / 6_Clifford+T_022 / cut_incremental_qubit_prop

[8/10] 15q / 7_Clifford+T_023  observable: ZIIIIIIIIIIIIII
    » [02:17:00]  15q / 7_Clifford+T_023  observable=ZIIIIIIIIIIIIII  computing ground truth (PennyLane default.qubit)...
    · [   0.0s]  ground_truth = 1.000000
    » [02:17:00]  (#8) 15q / 7_Clifford+T_023 / noisy_vanilla  starting...
    ✓ [ 173.8s]  (#8) 15q / 7_Clifford+T_023 / noisy_vanilla
    » [02:19:54]  (#8) 15q / 7_Clifford+T_023 / cut_divided_budget  starting...
/home/local/ADUNIPI/a044855/cutandinc/newcut/lib/python3.12/site-packages/pennylane/qcut/cutstrategy.py:367: UserWarning: The number of partition attempts seems high (40).
  warnings.warn(f"The number of partition attempts seems high ({len(ks)}).")
    ✓ [  21.4s]  (#8) 15q / 7_Clifford+T_023 / cut_divided_budget
    » [02:20:15]  (#8) 15q / 7_Clifford+T_023 / cut_qubit_prop  starting...
    ✓ [  17.5s]  (#8) 15q / 7_Clifford+T_023 / cut_qubit_prop
    » [02:20:33]  (#8) 15q / 7_Clifford+T_023 / cut_incremental_budget  starting...
    ✓ [ 184.3s]  (#8) 15q / 7_Clifford+T_023 / cut_incremental_budget
    » [02:23:37]  (#8) 15q / 7_Clifford+T_023 / cut_incremental_qubit_prop  starting...
    ✓ [ 290.3s]  (#8) 15q / 7_Clifford+T_023 / cut_incremental_qubit_prop

[9/10] 15q / 8_Clifford+T_024  observable: ZIIIIIIIIIIIIII
    » [02:28:28]  15q / 8_Clifford+T_024  observable=ZIIIIIIIIIIIIII  computing ground truth (PennyLane default.qubit)...
    · [   0.0s]  ground_truth = 0.000000
    » [02:28:28]  (#9) 15q / 8_Clifford+T_024 / noisy_vanilla  starting...
    ✓ [ 167.7s]  (#9) 15q / 8_Clifford+T_024 / noisy_vanilla
    » [02:31:15]  (#9) 15q / 8_Clifford+T_024 / cut_divided_budget  starting...
/home/local/ADUNIPI/a044855/cutandinc/newcut/lib/python3.12/site-packages/pennylane/qcut/cutstrategy.py:367: UserWarning: The number of partition attempts seems high (40).
  warnings.warn(f"The number of partition attempts seems high ({len(ks)}).")
    ✓ [  43.7s]  (#9) 15q / 8_Clifford+T_024 / cut_divided_budget
    » [02:31:59]  (#9) 15q / 8_Clifford+T_024 / cut_qubit_prop  starting...
    ✓ [  64.5s]  (#9) 15q / 8_Clifford+T_024 / cut_qubit_prop
    » [02:33:03]  (#9) 15q / 8_Clifford+T_024 / cut_incremental_budget  starting...
    ✓ [ 339.2s]  (#9) 15q / 8_Clifford+T_024 / cut_incremental_budget
    » [02:38:43]  (#9) 15q / 8_Clifford+T_024 / cut_incremental_qubit_prop  starting...
    ✓ [ 299.0s]  (#9) 15q / 8_Clifford+T_024 / cut_incremental_qubit_prop

[10/10] 15q / 9_Clifford+T_026  observable: ZIIIIIIIIIIIIII
    » [02:43:42]  15q / 9_Clifford+T_026  observable=ZIIIIIIIIIIIIII  computing ground truth (PennyLane default.qubit)...
    · [   0.0s]  ground_truth = 1.000000
    » [02:43:42]  (#10) 15q / 9_Clifford+T_026 / noisy_vanilla  starting...
    ✓ [ 167.4s]  (#10) 15q / 9_Clifford+T_026 / noisy_vanilla
    » [02:46:29]  (#10) 15q / 9_Clifford+T_026 / cut_divided_budget  starting...
/home/local/ADUNIPI/a044855/cutandinc/newcut/lib/python3.12/site-packages/pennylane/qcut/cutstrategy.py:367: UserWarning: The number of partition attempts seems high (40).
  warnings.warn(f"The number of partition attempts seems high ({len(ks)}).")
    ✓ [  35.9s]  (#10) 15q / 9_Clifford+T_026 / cut_divided_budget
    » [02:47:05]  (#10) 15q / 9_Clifford+T_026 / cut_qubit_prop  starting...
    ✓ [  42.1s]  (#10) 15q / 9_Clifford+T_026 / cut_qubit_prop
    » [02:47:47]  (#10) 15q / 9_Clifford+T_026 / cut_incremental_budget  starting...
    ✓ [ 315.4s]  (#10) 15q / 9_Clifford+T_026 / cut_incremental_budget
    » [02:53:02]  (#10) 15q / 9_Clifford+T_026 / cut_incremental_qubit_prop  starting...
    ✓ [ 217.1s]  (#10) 15q / 9_Clifford+T_026 / cut_incremental_qubit_prop

============================================================
  Finished :   50  mode runs
  Failed   :    0  mode runs
============================================================

Merged CSV -> results/new/stable_shots3/10000_shots/sherbrooke/15_qubits/summary.csv
Run log    -> results/new/stable_shots3/10000_shots/sherbrooke/15_qubits/run.log
Per-mode JSON -> results/new/stable_shots3/10000_shots/sherbrooke/15_qubits/<qubits>q/<circuit>/<mode>.json
	Command being timed: "python main_new_new.py --circuits-pkl only_cliffordt/clif15.pkl --shots 10000 --noisy-backend aer.fake_sherbrooke --seed-simulator 42 --modes noisy_vanilla cut_divided_budget cut_qubit_prop cut_incremental_budget cut_incremental_qubit_prop --incremental-config configs/stable_shots3.json --parallel-circuits 1 --output-dir results/new/stable_shots3/10000_shots/sherbrooke/15_qubits"
	User time (seconds): 8766.78
	System time (seconds): 12.58
	Percent of CPU this job got: 100%
	Elapsed (wall clock) time (h:mm:ss or m:ss): 2:26:13
	Average shared text size (kbytes): 0
	Average unshared data size (kbytes): 0
	Average stack size (kbytes): 0
	Average total size (kbytes): 0
	Maximum resident set size (kbytes): 472460
	Average resident set size (kbytes): 0
	Major (requiring I/O) page faults: 0
	Minor (reclaiming a frame) page faults: 2328190
	Voluntary context switches: 495418
	Involuntary context switches: 11272
	Swaps: 0
	File system inputs: 0
	File system outputs: 4256
	Socket messages sent: 0
	Socket messages received: 0
	Signals delivered: 0
	Page size (bytes): 4096
	Exit status: 0
[Thu Jun 18 02:56:41 AM UTC 2026] Finished 15 qubits | shots=10000 | backend=aer.fake_sherbrooke
rbrooke
