[Mon Jun 15 11:29:00 AM UTC 2026] Starting 11 qubits | shots=5000 | backend=aer.fake_sherbrooke
[Mon Jun 15 11:29:00 AM UTC 2026] Per-job memory limit: 6GB virtual memory

[1/10] 11q / 0_Clifford+T_001  observable: ZIIIIIIIIII
/home/local/ADUNIPI/a044855/cutandinc/newcut/lib/python3.12/site-packages/qiskit_ibm_runtime/fake_provider/backends/nighthawk/fake_nighthawk.py:76: UserWarning: Properties of fake_nighthawk are not intended to represent typical nighthawk error values.
  warnings.warn(
    » [11:29:06]  11q / 0_Clifford+T_001  observable=ZIIIIIIIIII  computing ground truth (PennyLane default.qubit)...
    · [   0.4s]  ground_truth = 0.000000
    » [11:29:06]  (#1) 11q / 0_Clifford+T_001 / noisy_vanilla  starting...
    » [11:29:10]  (#1) 11q / 0_Clifford+T_001 / cut_divided_budget  starting...
/home/local/ADUNIPI/a044855/cutandinc/newcut/lib/python3.12/site-packages/pennylane/qcut/cutstrategy.py:367: UserWarning: The number of partition attempts seems high (40).
  warnings.warn(f"The number of partition attempts seems high ({len(ks)}).")
    ✓ [  44.7s]  (#1) 11q / 0_Clifford+T_001 / cut_divided_budget
    » [11:29:54]  (#1) 11q / 0_Clifford+T_001 / cut_qubit_prop  starting...
    ✓ [  38.0s]  (#1) 11q / 0_Clifford+T_001 / cut_qubit_prop
    » [11:30:32]  (#1) 11q / 0_Clifford+T_001 / cut_incremental_budget  starting...
    ✓ [ 166.3s]  (#1) 11q / 0_Clifford+T_001 / cut_incremental_budget
    » [11:33:18]  (#1) 11q / 0_Clifford+T_001 / cut_incremental_qubit_prop  starting...
    ✓ [ 145.2s]  (#1) 11q / 0_Clifford+T_001 / cut_incremental_qubit_prop

[2/10] 11q / 1_Clifford+T_002  observable: ZIIIIIIIIII
    » [11:35:44]  11q / 1_Clifford+T_002  observable=ZIIIIIIIIII  computing ground truth (PennyLane default.qubit)...
    · [   0.2s]  ground_truth = -1.000000
    » [11:35:44]  (#2) 11q / 1_Clifford+T_002 / noisy_vanilla  starting...
    » [11:35:47]  (#2) 11q / 1_Clifford+T_002 / cut_divided_budget  starting...
/home/local/ADUNIPI/a044855/cutandinc/newcut/lib/python3.12/site-packages/pennylane/qcut/cutstrategy.py:367: UserWarning: The number of partition attempts seems high (40).
  warnings.warn(f"The number of partition attempts seems high ({len(ks)}).")
    ✓ [  46.8s]  (#2) 11q / 1_Clifford+T_002 / cut_divided_budget
    » [11:36:34]  (#2) 11q / 1_Clifford+T_002 / cut_qubit_prop  starting...
    ✓ [  40.7s]  (#2) 11q / 1_Clifford+T_002 / cut_qubit_prop
    » [11:37:14]  (#2) 11q / 1_Clifford+T_002 / cut_incremental_budget  starting...
    ✓ [ 163.0s]  (#2) 11q / 1_Clifford+T_002 / cut_incremental_budget
    » [11:39:57]  (#2) 11q / 1_Clifford+T_002 / cut_incremental_qubit_prop  starting...
    ✓ [ 144.4s]  (#2) 11q / 1_Clifford+T_002 / cut_incremental_qubit_prop

[3/10] 11q / 2_Clifford+T_011  observable: ZIIIIIIIIII
    » [11:42:22]  11q / 2_Clifford+T_011  observable=ZIIIIIIIIII  computing ground truth (PennyLane default.qubit)...
    · [   0.0s]  ground_truth = 0.000000
    » [11:42:22]  (#3) 11q / 2_Clifford+T_011 / noisy_vanilla  starting...
    » [11:42:25]  (#3) 11q / 2_Clifford+T_011 / cut_divided_budget  starting...
/home/local/ADUNIPI/a044855/cutandinc/newcut/lib/python3.12/site-packages/pennylane/qcut/cutstrategy.py:367: UserWarning: The number of partition attempts seems high (40).
  warnings.warn(f"The number of partition attempts seems high ({len(ks)}).")
    ✓ [  17.1s]  (#3) 11q / 2_Clifford+T_011 / cut_divided_budget
    » [11:42:42]  (#3) 11q / 2_Clifford+T_011 / cut_qubit_prop  starting...
    ✓ [  10.3s]  (#3) 11q / 2_Clifford+T_011 / cut_qubit_prop
    » [11:42:52]  (#3) 11q / 2_Clifford+T_011 / cut_incremental_budget  starting...
    ✓ [ 132.8s]  (#3) 11q / 2_Clifford+T_011 / cut_incremental_budget
    » [11:45:05]  (#3) 11q / 2_Clifford+T_011 / cut_incremental_qubit_prop  starting...
    ✓ [ 135.4s]  (#3) 11q / 2_Clifford+T_011 / cut_incremental_qubit_prop

[4/10] 11q / 3_Clifford+T_015  observable: ZIIIIIIIIII
    » [11:47:20]  11q / 3_Clifford+T_015  observable=ZIIIIIIIIII  computing ground truth (PennyLane default.qubit)...
    · [   0.0s]  ground_truth = 0.000000
    » [11:47:20]  (#4) 11q / 3_Clifford+T_015 / noisy_vanilla  starting...
    » [11:47:23]  (#4) 11q / 3_Clifford+T_015 / cut_divided_budget  starting...
/home/local/ADUNIPI/a044855/cutandinc/newcut/lib/python3.12/site-packages/pennylane/qcut/cutstrategy.py:367: UserWarning: The number of partition attempts seems high (40).
  warnings.warn(f"The number of partition attempts seems high ({len(ks)}).")
    ✓ [  16.9s]  (#4) 11q / 3_Clifford+T_015 / cut_divided_budget
    » [11:47:40]  (#4) 11q / 3_Clifford+T_015 / cut_qubit_prop  starting...
    ✓ [  10.1s]  (#4) 11q / 3_Clifford+T_015 / cut_qubit_prop
    » [11:47:50]  (#4) 11q / 3_Clifford+T_015 / cut_incremental_budget  starting...
    ✓ [ 133.7s]  (#4) 11q / 3_Clifford+T_015 / cut_incremental_budget
    » [11:50:04]  (#4) 11q / 3_Clifford+T_015 / cut_incremental_qubit_prop  starting...
    ✓ [ 134.2s]  (#4) 11q / 3_Clifford+T_015 / cut_incremental_qubit_prop

[5/10] 11q / 4_Clifford+T_017  observable: ZIIIIIIIIII
    » [11:52:18]  11q / 4_Clifford+T_017  observable=ZIIIIIIIIII  computing ground truth (PennyLane default.qubit)...
    · [   0.0s]  ground_truth = -1.000000
    » [11:52:18]  (#5) 11q / 4_Clifford+T_017 / noisy_vanilla  starting...
    » [11:52:21]  (#5) 11q / 4_Clifford+T_017 / cut_divided_budget  starting...
/home/local/ADUNIPI/a044855/cutandinc/newcut/lib/python3.12/site-packages/pennylane/qcut/cutstrategy.py:367: UserWarning: The number of partition attempts seems high (40).
  warnings.warn(f"The number of partition attempts seems high ({len(ks)}).")
    ✓ [  16.4s]  (#5) 11q / 4_Clifford+T_017 / cut_divided_budget
    » [11:52:37]  (#5) 11q / 4_Clifford+T_017 / cut_qubit_prop  starting...
    ✓ [   9.8s]  (#5) 11q / 4_Clifford+T_017 / cut_qubit_prop
    » [11:52:47]  (#5) 11q / 4_Clifford+T_017 / cut_incremental_budget  starting...
    ✓ [ 133.8s]  (#5) 11q / 4_Clifford+T_017 / cut_incremental_budget
    » [11:55:01]  (#5) 11q / 4_Clifford+T_017 / cut_incremental_qubit_prop  starting...
    ✓ [ 135.0s]  (#5) 11q / 4_Clifford+T_017 / cut_incremental_qubit_prop

[6/10] 11q / 5_Clifford+T_025  observable: ZIIIIIIIIII
    » [11:57:16]  11q / 5_Clifford+T_025  observable=ZIIIIIIIIII  computing ground truth (PennyLane default.qubit)...
    · [   0.0s]  ground_truth = 0.000000
    » [11:57:16]  (#6) 11q / 5_Clifford+T_025 / noisy_vanilla  starting...
    » [11:57:19]  (#6) 11q / 5_Clifford+T_025 / cut_divided_budget  starting...
/home/local/ADUNIPI/a044855/cutandinc/newcut/lib/python3.12/site-packages/pennylane/qcut/cutstrategy.py:367: UserWarning: The number of partition attempts seems high (40).
  warnings.warn(f"The number of partition attempts seems high ({len(ks)}).")
    ✓ [  16.4s]  (#6) 11q / 5_Clifford+T_025 / cut_divided_budget
    » [11:57:35]  (#6) 11q / 5_Clifford+T_025 / cut_qubit_prop  starting...
    ✓ [   9.9s]  (#6) 11q / 5_Clifford+T_025 / cut_qubit_prop
    » [11:57:45]  (#6) 11q / 5_Clifford+T_025 / cut_incremental_budget  starting...
    ✓ [ 132.7s]  (#6) 11q / 5_Clifford+T_025 / cut_incremental_budget
    » [11:59:58]  (#6) 11q / 5_Clifford+T_025 / cut_incremental_qubit_prop  starting...
    ✓ [ 133.8s]  (#6) 11q / 5_Clifford+T_025 / cut_incremental_qubit_prop

[7/10] 11q / 6_Clifford+T_026  observable: ZIIIIIIIIII
    » [12:02:12]  11q / 6_Clifford+T_026  observable=ZIIIIIIIIII  computing ground truth (PennyLane default.qubit)...
    · [   0.0s]  ground_truth = 1.000000
    » [12:02:12]  (#7) 11q / 6_Clifford+T_026 / noisy_vanilla  starting...
    » [12:02:15]  (#7) 11q / 6_Clifford+T_026 / cut_divided_budget  starting...
/home/local/ADUNIPI/a044855/cutandinc/newcut/lib/python3.12/site-packages/pennylane/qcut/cutstrategy.py:367: UserWarning: The number of partition attempts seems high (40).
  warnings.warn(f"The number of partition attempts seems high ({len(ks)}).")
    ✓ [  18.3s]  (#7) 11q / 6_Clifford+T_026 / cut_divided_budget
    » [12:02:33]  (#7) 11q / 6_Clifford+T_026 / cut_qubit_prop  starting...
    ✓ [  11.1s]  (#7) 11q / 6_Clifford+T_026 / cut_qubit_prop
    » [12:02:44]  (#7) 11q / 6_Clifford+T_026 / cut_incremental_budget  starting...
    ✓ [ 133.0s]  (#7) 11q / 6_Clifford+T_026 / cut_incremental_budget
    » [12:04:57]  (#7) 11q / 6_Clifford+T_026 / cut_incremental_qubit_prop  starting...
    ✓ [ 136.5s]  (#7) 11q / 6_Clifford+T_026 / cut_incremental_qubit_prop

[8/10] 11q / 7_Clifford+T_029  observable: ZIIIIIIIIII
    » [12:07:14]  11q / 7_Clifford+T_029  observable=ZIIIIIIIIII  computing ground truth (PennyLane default.qubit)...
    · [   0.0s]  ground_truth = 0.000000
    » [12:07:14]  (#8) 11q / 7_Clifford+T_029 / noisy_vanilla  starting...
    » [12:07:17]  (#8) 11q / 7_Clifford+T_029 / cut_divided_budget  starting...
/home/local/ADUNIPI/a044855/cutandinc/newcut/lib/python3.12/site-packages/pennylane/qcut/cutstrategy.py:367: UserWarning: The number of partition attempts seems high (40).
  warnings.warn(f"The number of partition attempts seems high ({len(ks)}).")
    ✓ [  16.1s]  (#8) 11q / 7_Clifford+T_029 / cut_divided_budget
    » [12:07:33]  (#8) 11q / 7_Clifford+T_029 / cut_qubit_prop  starting...
    ✓ [   9.5s]  (#8) 11q / 7_Clifford+T_029 / cut_qubit_prop
    » [12:07:42]  (#8) 11q / 7_Clifford+T_029 / cut_incremental_budget  starting...
    ✓ [ 132.7s]  (#8) 11q / 7_Clifford+T_029 / cut_incremental_budget
    » [12:09:55]  (#8) 11q / 7_Clifford+T_029 / cut_incremental_qubit_prop  starting...
    ✓ [ 133.7s]  (#8) 11q / 7_Clifford+T_029 / cut_incremental_qubit_prop

[9/10] 11q / 8_Clifford+T_030  observable: ZIIIIIIIIII
    » [12:12:09]  11q / 8_Clifford+T_030  observable=ZIIIIIIIIII  computing ground truth (PennyLane default.qubit)...
    · [   0.0s]  ground_truth = 1.000000
    » [12:12:09]  (#9) 11q / 8_Clifford+T_030 / noisy_vanilla  starting...
    » [12:12:12]  (#9) 11q / 8_Clifford+T_030 / cut_divided_budget  starting...
/home/local/ADUNIPI/a044855/cutandinc/newcut/lib/python3.12/site-packages/pennylane/qcut/cutstrategy.py:367: UserWarning: The number of partition attempts seems high (40).
  warnings.warn(f"The number of partition attempts seems high ({len(ks)}).")
    ✓ [  16.5s]  (#9) 11q / 8_Clifford+T_030 / cut_divided_budget
    » [12:12:28]  (#9) 11q / 8_Clifford+T_030 / cut_qubit_prop  starting...
    ✓ [   9.7s]  (#9) 11q / 8_Clifford+T_030 / cut_qubit_prop
    » [12:12:38]  (#9) 11q / 8_Clifford+T_030 / cut_incremental_budget  starting...
    ✓ [ 132.5s]  (#9) 11q / 8_Clifford+T_030 / cut_incremental_budget
    » [12:14:50]  (#9) 11q / 8_Clifford+T_030 / cut_incremental_qubit_prop  starting...
    ✓ [ 134.0s]  (#9) 11q / 8_Clifford+T_030 / cut_incremental_qubit_prop

[10/10] 11q / 9_Clifford+T_033  observable: ZIIIIIIIIII
    » [12:17:04]  11q / 9_Clifford+T_033  observable=ZIIIIIIIIII  computing ground truth (PennyLane default.qubit)...
    · [   0.0s]  ground_truth = 1.000000
    » [12:17:04]  (#10) 11q / 9_Clifford+T_033 / noisy_vanilla  starting...
    » [12:17:07]  (#10) 11q / 9_Clifford+T_033 / cut_divided_budget  starting...
/home/local/ADUNIPI/a044855/cutandinc/newcut/lib/python3.12/site-packages/pennylane/qcut/cutstrategy.py:367: UserWarning: The number of partition attempts seems high (40).
  warnings.warn(f"The number of partition attempts seems high ({len(ks)}).")
    ✓ [  16.3s]  (#10) 11q / 9_Clifford+T_033 / cut_divided_budget
    » [12:17:23]  (#10) 11q / 9_Clifford+T_033 / cut_qubit_prop  starting...
    ✓ [  10.0s]  (#10) 11q / 9_Clifford+T_033 / cut_qubit_prop
    » [12:17:34]  (#10) 11q / 9_Clifford+T_033 / cut_incremental_budget  starting...
    ✓ [ 132.3s]  (#10) 11q / 9_Clifford+T_033 / cut_incremental_budget
    » [12:19:46]  (#10) 11q / 9_Clifford+T_033 / cut_incremental_qubit_prop  starting...
    ✓ [ 135.4s]  (#10) 11q / 9_Clifford+T_033 / cut_incremental_qubit_prop

============================================================
  Finished :   40  mode runs
  Failed   :    0  mode runs
============================================================

Merged CSV -> results/new/stable_shots_runs02_10-14q_no_vanilla/5000_shots/sherbrooke/11_qubits/summary.csv
Run log    -> results/new/stable_shots_runs02_10-14q_no_vanilla/5000_shots/sherbrooke/11_qubits/run.log
Per-mode JSON -> results/new/stable_shots_runs02_10-14q_no_vanilla/5000_shots/sherbrooke/11_qubits/<qubits>q/<circuit>/<mode>.json
	Command being timed: "python main_new_new.py --circuits-pkl only_cliffordt/clif11.pkl --shots 5000 --noisy-backend aer.fake_sherbrooke --seed-simulator 42 --modes cut_divided_budget cut_qubit_prop cut_incremental_budget cut_incremental_qubit_prop --incremental-config configs/stable_shots.json --parallel-circuits 1 --output-dir results/new/stable_shots_runs02_10-14q_no_vanilla/5000_shots/sherbrooke/11_qubits"
	User time (seconds): 3178.28
	System time (seconds): 3.38
	Percent of CPU this job got: 99%
	Elapsed (wall clock) time (h:mm:ss or m:ss): 53:02.70
	Average shared text size (kbytes): 0
	Average unshared data size (kbytes): 0
	Average stack size (kbytes): 0
	Average total size (kbytes): 0
	Maximum resident set size (kbytes): 538368
	Average resident set size (kbytes): 0
	Major (requiring I/O) page faults: 0
	Minor (reclaiming a frame) page faults: 1152972
	Voluntary context switches: 23073
	Involuntary context switches: 8278
	Swaps: 0
	File system inputs: 0
	File system outputs: 2904
	Socket messages sent: 0
	Socket messages received: 0
	Signals delivered: 0
	Page size (bytes): 4096
	Exit status: 0
[Mon Jun 15 12:22:02 PM UTC 2026] Finished 11 qubits | shots=5000 | backend=aer.fake_sherbrooke
