[Thu Jun 18 04:24:02 AM UTC 2026] Starting 11 qubits | shots=20000 | backend=aer.fake_torino
[Thu Jun 18 04:24:02 AM UTC 2026] Per-job memory limit: 7GB virtual memory

[1/10] 11q / 0_Clifford+T_001  observable: ZIIIIIIIIII
/home/local/ADUNIPI/a044855/cutandinc/newcut/lib/python3.12/site-packages/qiskit_ibm_runtime/fake_provider/backends/nighthawk/fake_nighthawk.py:76: UserWarning: Properties of fake_nighthawk are not intended to represent typical nighthawk error values.
  warnings.warn(
    » [04:24:11]  11q / 0_Clifford+T_001  observable=ZIIIIIIIIII  computing ground truth (PennyLane default.qubit)...
    · [   0.5s]  ground_truth = 0.000000
    » [04:24:11]  (#1) 11q / 0_Clifford+T_001 / noisy_vanilla  starting...
    ✓ [   4.8s]  (#1) 11q / 0_Clifford+T_001 / noisy_vanilla
    » [04:24:16]  (#1) 11q / 0_Clifford+T_001 / cut_divided_budget  starting...
/home/local/ADUNIPI/a044855/cutandinc/newcut/lib/python3.12/site-packages/pennylane/qcut/cutstrategy.py:367: UserWarning: The number of partition attempts seems high (40).
  warnings.warn(f"The number of partition attempts seems high ({len(ks)}).")
    ✓ [  84.9s]  (#1) 11q / 0_Clifford+T_001 / cut_divided_budget
    » [04:25:41]  (#1) 11q / 0_Clifford+T_001 / cut_qubit_prop  starting...
    ✓ [  76.0s]  (#1) 11q / 0_Clifford+T_001 / cut_qubit_prop
    » [04:26:57]  (#1) 11q / 0_Clifford+T_001 / cut_incremental_budget  starting...
    ✓ [1241.0s]  (#1) 11q / 0_Clifford+T_001 / cut_incremental_budget
    » [04:47:38]  (#1) 11q / 0_Clifford+T_001 / cut_incremental_qubit_prop  starting...
    ✓ [1679.7s]  (#1) 11q / 0_Clifford+T_001 / cut_incremental_qubit_prop

[2/10] 11q / 1_Clifford+T_002  observable: ZIIIIIIIIII
    » [05:08:15]  11q / 1_Clifford+T_002  observable=ZIIIIIIIIII  computing ground truth (PennyLane default.qubit)...
    · [   0.0s]  ground_truth = -1.000000
    » [05:08:15]  (#2) 11q / 1_Clifford+T_002 / noisy_vanilla  starting...
    ✓ [   4.3s]  (#2) 11q / 1_Clifford+T_002 / noisy_vanilla
    » [05:08:19]  (#2) 11q / 1_Clifford+T_002 / cut_divided_budget  starting...
/home/local/ADUNIPI/a044855/cutandinc/newcut/lib/python3.12/site-packages/pennylane/qcut/cutstrategy.py:367: UserWarning: The number of partition attempts seems high (40).
  warnings.warn(f"The number of partition attempts seems high ({len(ks)}).")
    ✓ [  83.6s]  (#2) 11q / 1_Clifford+T_002 / cut_divided_budget
    » [05:09:43]  (#2) 11q / 1_Clifford+T_002 / cut_qubit_prop  starting...
    ✓ [  76.1s]  (#2) 11q / 1_Clifford+T_002 / cut_qubit_prop
    » [05:10:59]  (#2) 11q / 1_Clifford+T_002 / cut_incremental_budget  starting...
    ✓ [1468.7s]  (#2) 11q / 1_Clifford+T_002 / cut_incremental_budget
    » [05:34:46]  (#2) 11q / 1_Clifford+T_002 / cut_incremental_qubit_prop  starting...
    ✓ [1555.0s]  (#2) 11q / 1_Clifford+T_002 / cut_incremental_qubit_prop

[3/10] 11q / 2_Clifford+T_011  observable: ZIIIIIIIIII
    » [06:00:41]  11q / 2_Clifford+T_011  observable=ZIIIIIIIIII  computing ground truth (PennyLane default.qubit)...
    · [   0.0s]  ground_truth = 0.000000
    » [06:00:41]  (#3) 11q / 2_Clifford+T_011 / noisy_vanilla  starting...
    ✓ [   7.8s]  (#3) 11q / 2_Clifford+T_011 / noisy_vanilla
    » [06:00:49]  (#3) 11q / 2_Clifford+T_011 / cut_divided_budget  starting...
/home/local/ADUNIPI/a044855/cutandinc/newcut/lib/python3.12/site-packages/pennylane/qcut/cutstrategy.py:367: UserWarning: The number of partition attempts seems high (40).
  warnings.warn(f"The number of partition attempts seems high ({len(ks)}).")
    ✓ [  42.3s]  (#3) 11q / 2_Clifford+T_011 / cut_divided_budget
    » [06:01:31]  (#3) 11q / 2_Clifford+T_011 / cut_qubit_prop  starting...
    ✓ [  30.5s]  (#3) 11q / 2_Clifford+T_011 / cut_qubit_prop
    » [06:02:02]  (#3) 11q / 2_Clifford+T_011 / cut_incremental_budget  starting...
    ✓ [ 619.5s]  (#3) 11q / 2_Clifford+T_011 / cut_incremental_budget
    » [06:12:21]  (#3) 11q / 2_Clifford+T_011 / cut_incremental_qubit_prop  starting...
    ✓ [ 630.1s]  (#3) 11q / 2_Clifford+T_011 / cut_incremental_qubit_prop

[4/10] 11q / 3_Clifford+T_015  observable: ZIIIIIIIIII
    » [06:22:51]  11q / 3_Clifford+T_015  observable=ZIIIIIIIIII  computing ground truth (PennyLane default.qubit)...
    · [   0.0s]  ground_truth = 0.000000
    » [06:22:51]  (#4) 11q / 3_Clifford+T_015 / noisy_vanilla  starting...
    ✓ [   4.1s]  (#4) 11q / 3_Clifford+T_015 / noisy_vanilla
    » [06:22:56]  (#4) 11q / 3_Clifford+T_015 / cut_divided_budget  starting...
/home/local/ADUNIPI/a044855/cutandinc/newcut/lib/python3.12/site-packages/pennylane/qcut/cutstrategy.py:367: UserWarning: The number of partition attempts seems high (40).
  warnings.warn(f"The number of partition attempts seems high ({len(ks)}).")
    ✓ [  26.7s]  (#4) 11q / 3_Clifford+T_015 / cut_divided_budget
    » [06:23:22]  (#4) 11q / 3_Clifford+T_015 / cut_qubit_prop  starting...
    ✓ [  19.2s]  (#4) 11q / 3_Clifford+T_015 / cut_qubit_prop
    » [06:23:41]  (#4) 11q / 3_Clifford+T_015 / cut_incremental_budget  starting...
    ✓ [ 570.9s]  (#4) 11q / 3_Clifford+T_015 / cut_incremental_budget
    » [06:33:12]  (#4) 11q / 3_Clifford+T_015 / cut_incremental_qubit_prop  starting...
    ✓ [ 403.2s]  (#4) 11q / 3_Clifford+T_015 / cut_incremental_qubit_prop

[5/10] 11q / 4_Clifford+T_017  observable: ZIIIIIIIIII
    » [06:39:56]  11q / 4_Clifford+T_017  observable=ZIIIIIIIIII  computing ground truth (PennyLane default.qubit)...
    · [   0.0s]  ground_truth = -1.000000
    » [06:39:56]  (#5) 11q / 4_Clifford+T_017 / noisy_vanilla  starting...
    ✓ [   5.8s]  (#5) 11q / 4_Clifford+T_017 / noisy_vanilla
    » [06:40:01]  (#5) 11q / 4_Clifford+T_017 / cut_divided_budget  starting...
/home/local/ADUNIPI/a044855/cutandinc/newcut/lib/python3.12/site-packages/pennylane/qcut/cutstrategy.py:367: UserWarning: The number of partition attempts seems high (40).
  warnings.warn(f"The number of partition attempts seems high ({len(ks)}).")
    ✓ [  26.3s]  (#5) 11q / 4_Clifford+T_017 / cut_divided_budget
    » [06:40:28]  (#5) 11q / 4_Clifford+T_017 / cut_qubit_prop  starting...
    ✓ [  19.3s]  (#5) 11q / 4_Clifford+T_017 / cut_qubit_prop
    » [06:40:47]  (#5) 11q / 4_Clifford+T_017 / cut_incremental_budget  starting...
    ✓ [ 250.0s]  (#5) 11q / 4_Clifford+T_017 / cut_incremental_budget
    » [06:44:57]  (#5) 11q / 4_Clifford+T_017 / cut_incremental_qubit_prop  starting...
    ✓ [ 258.3s]  (#5) 11q / 4_Clifford+T_017 / cut_incremental_qubit_prop

[6/10] 11q / 5_Clifford+T_025  observable: ZIIIIIIIIII
    » [06:49:15]  11q / 5_Clifford+T_025  observable=ZIIIIIIIIII  computing ground truth (PennyLane default.qubit)...
    · [   0.0s]  ground_truth = 0.000000
    » [06:49:15]  (#6) 11q / 5_Clifford+T_025 / noisy_vanilla  starting...
    ✓ [   3.8s]  (#6) 11q / 5_Clifford+T_025 / noisy_vanilla
    » [06:49:19]  (#6) 11q / 5_Clifford+T_025 / cut_divided_budget  starting...
/home/local/ADUNIPI/a044855/cutandinc/newcut/lib/python3.12/site-packages/pennylane/qcut/cutstrategy.py:367: UserWarning: The number of partition attempts seems high (40).
  warnings.warn(f"The number of partition attempts seems high ({len(ks)}).")
    ✓ [  25.7s]  (#6) 11q / 5_Clifford+T_025 / cut_divided_budget
    » [06:49:45]  (#6) 11q / 5_Clifford+T_025 / cut_qubit_prop  starting...
    ✓ [  18.8s]  (#6) 11q / 5_Clifford+T_025 / cut_qubit_prop
    » [06:50:03]  (#6) 11q / 5_Clifford+T_025 / cut_incremental_budget  starting...
    ✓ [ 370.2s]  (#6) 11q / 5_Clifford+T_025 / cut_incremental_budget
    » [06:56:14]  (#6) 11q / 5_Clifford+T_025 / cut_incremental_qubit_prop  starting...
    ✓ [ 531.1s]  (#6) 11q / 5_Clifford+T_025 / cut_incremental_qubit_prop

[7/10] 11q / 6_Clifford+T_026  observable: ZIIIIIIIIII
    » [07:05:05]  11q / 6_Clifford+T_026  observable=ZIIIIIIIIII  computing ground truth (PennyLane default.qubit)...
    · [   0.0s]  ground_truth = 1.000000
    » [07:05:05]  (#7) 11q / 6_Clifford+T_026 / noisy_vanilla  starting...
    ✓ [   4.0s]  (#7) 11q / 6_Clifford+T_026 / noisy_vanilla
    » [07:05:09]  (#7) 11q / 6_Clifford+T_026 / cut_divided_budget  starting...
/home/local/ADUNIPI/a044855/cutandinc/newcut/lib/python3.12/site-packages/pennylane/qcut/cutstrategy.py:367: UserWarning: The number of partition attempts seems high (40).
  warnings.warn(f"The number of partition attempts seems high ({len(ks)}).")
    ✓ [  34.8s]  (#7) 11q / 6_Clifford+T_026 / cut_divided_budget
    » [07:05:44]  (#7) 11q / 6_Clifford+T_026 / cut_qubit_prop  starting...
    ✓ [  35.1s]  (#7) 11q / 6_Clifford+T_026 / cut_qubit_prop
    » [07:06:19]  (#7) 11q / 6_Clifford+T_026 / cut_incremental_budget  starting...
    ✓ [ 967.3s]  (#7) 11q / 6_Clifford+T_026 / cut_incremental_budget
    » [07:22:26]  (#7) 11q / 6_Clifford+T_026 / cut_incremental_qubit_prop  starting...
    ✓ [1029.9s]  (#7) 11q / 6_Clifford+T_026 / cut_incremental_qubit_prop

[8/10] 11q / 7_Clifford+T_029  observable: ZIIIIIIIIII
    » [07:39:36]  11q / 7_Clifford+T_029  observable=ZIIIIIIIIII  computing ground truth (PennyLane default.qubit)...
    · [   0.0s]  ground_truth = 0.000000
    » [07:39:36]  (#8) 11q / 7_Clifford+T_029 / noisy_vanilla  starting...
    ✓ [   8.4s]  (#8) 11q / 7_Clifford+T_029 / noisy_vanilla
    » [07:39:44]  (#8) 11q / 7_Clifford+T_029 / cut_divided_budget  starting...
/home/local/ADUNIPI/a044855/cutandinc/newcut/lib/python3.12/site-packages/pennylane/qcut/cutstrategy.py:367: UserWarning: The number of partition attempts seems high (40).
  warnings.warn(f"The number of partition attempts seems high ({len(ks)}).")
    ✓ [  35.4s]  (#8) 11q / 7_Clifford+T_029 / cut_divided_budget
    » [07:40:20]  (#8) 11q / 7_Clifford+T_029 / cut_qubit_prop  starting...
    ✓ [  34.3s]  (#8) 11q / 7_Clifford+T_029 / cut_qubit_prop
    » [07:40:54]  (#8) 11q / 7_Clifford+T_029 / cut_incremental_budget  starting...
    ✓ [ 547.5s]  (#8) 11q / 7_Clifford+T_029 / cut_incremental_budget
    » [07:50:01]  (#8) 11q / 7_Clifford+T_029 / cut_incremental_qubit_prop  starting...
    ✓ [ 582.9s]  (#8) 11q / 7_Clifford+T_029 / cut_incremental_qubit_prop

[9/10] 11q / 8_Clifford+T_030  observable: ZIIIIIIIIII
    » [07:59:44]  11q / 8_Clifford+T_030  observable=ZIIIIIIIIII  computing ground truth (PennyLane default.qubit)...
    · [   0.0s]  ground_truth = 1.000000
    » [07:59:44]  (#9) 11q / 8_Clifford+T_030 / noisy_vanilla  starting...
    ✓ [   8.2s]  (#9) 11q / 8_Clifford+T_030 / noisy_vanilla
    » [07:59:52]  (#9) 11q / 8_Clifford+T_030 / cut_divided_budget  starting...
/home/local/ADUNIPI/a044855/cutandinc/newcut/lib/python3.12/site-packages/pennylane/qcut/cutstrategy.py:367: UserWarning: The number of partition attempts seems high (40).
  warnings.warn(f"The number of partition attempts seems high ({len(ks)}).")
    ✓ [  42.6s]  (#9) 11q / 8_Clifford+T_030 / cut_divided_budget
    » [08:00:35]  (#9) 11q / 8_Clifford+T_030 / cut_qubit_prop  starting...
    ✓ [  31.0s]  (#9) 11q / 8_Clifford+T_030 / cut_qubit_prop
    » [08:01:06]  (#9) 11q / 8_Clifford+T_030 / cut_incremental_budget  starting...
    ✓ [ 401.6s]  (#9) 11q / 8_Clifford+T_030 / cut_incremental_budget
    » [08:07:48]  (#9) 11q / 8_Clifford+T_030 / cut_incremental_qubit_prop  starting...
    ✓ [ 391.1s]  (#9) 11q / 8_Clifford+T_030 / cut_incremental_qubit_prop

[10/10] 11q / 9_Clifford+T_033  observable: ZIIIIIIIIII
    » [08:14:19]  11q / 9_Clifford+T_033  observable=ZIIIIIIIIII  computing ground truth (PennyLane default.qubit)...
    · [   0.0s]  ground_truth = 1.000000
    » [08:14:19]  (#10) 11q / 9_Clifford+T_033 / noisy_vanilla  starting...
    ✓ [   6.9s]  (#10) 11q / 9_Clifford+T_033 / noisy_vanilla
    » [08:14:26]  (#10) 11q / 9_Clifford+T_033 / cut_divided_budget  starting...
/home/local/ADUNIPI/a044855/cutandinc/newcut/lib/python3.12/site-packages/pennylane/qcut/cutstrategy.py:367: UserWarning: The number of partition attempts seems high (40).
  warnings.warn(f"The number of partition attempts seems high ({len(ks)}).")
    ✓ [  30.1s]  (#10) 11q / 9_Clifford+T_033 / cut_divided_budget
    » [08:14:56]  (#10) 11q / 9_Clifford+T_033 / cut_qubit_prop  starting...
    ✓ [  19.3s]  (#10) 11q / 9_Clifford+T_033 / cut_qubit_prop
    » [08:15:15]  (#10) 11q / 9_Clifford+T_033 / cut_incremental_budget  starting...
    ✓ [ 221.3s]  (#10) 11q / 9_Clifford+T_033 / cut_incremental_budget
    » [08:18:56]  (#10) 11q / 9_Clifford+T_033 / cut_incremental_qubit_prop  starting...
    ✓ [ 229.5s]  (#10) 11q / 9_Clifford+T_033 / cut_incremental_qubit_prop

============================================================
  Finished :   50  mode runs
  Failed   :    0  mode runs
============================================================

Merged CSV -> results/new/stable_shots_02/20000_shots/torino/11_qubits/summary.csv
Run log    -> results/new/stable_shots_02/20000_shots/torino/11_qubits/run.log
Per-mode JSON -> results/new/stable_shots_02/20000_shots/torino/11_qubits/<qubits>q/<circuit>/<mode>.json
	Command being timed: "python main_new_new.py --circuits-pkl only_cliffordt/clif11.pkl --shots 20000 --noisy-backend aer.fake_torino --seed-simulator 42 --modes noisy_vanilla cut_divided_budget cut_qubit_prop cut_incremental_budget cut_incremental_qubit_prop --incremental-config configs/stable_shots2.json --parallel-circuits 1 --output-dir results/new/stable_shots_02/20000_shots/torino/11_qubits"
	User time (seconds): 14298.01
	System time (seconds): 28.31
	Percent of CPU this job got: 100%
	Elapsed (wall clock) time (h:mm:ss or m:ss): 3:58:45
	Average shared text size (kbytes): 0
	Average unshared data size (kbytes): 0
	Average stack size (kbytes): 0
	Average total size (kbytes): 0
	Maximum resident set size (kbytes): 696104
	Average resident set size (kbytes): 0
	Major (requiring I/O) page faults: 0
	Minor (reclaiming a frame) page faults: 10048210
	Voluntary context switches: 178039
	Involuntary context switches: 20583
	Swaps: 0
	File system inputs: 0
	File system outputs: 3360
	Socket messages sent: 0
	Socket messages received: 0
	Signals delivered: 0
	Page size (bytes): 4096
	Exit status: 0
[Thu Jun 18 08:22:47 AM UTC 2026] Finished 11 qubits | shots=20000 | backend=aer.fake_torino
