[Wed Jun 17 05:15:19 PM UTC 2026] Starting 10 qubits | shots=5000 | backend=aer.fake_torino
[Wed Jun 17 05:15:19 PM UTC 2026] Per-job memory limit: 7GB virtual memory

[1/10] 10q / 0_Clifford+T_001  observable: ZIIIIIIIII
/home/local/ADUNIPI/a044855/cutandinc/newcut/lib/python3.12/site-packages/qiskit_ibm_runtime/fake_provider/backends/nighthawk/fake_nighthawk.py:76: UserWarning: Properties of fake_nighthawk are not intended to represent typical nighthawk error values.
  warnings.warn(
    » [17:15:33]  10q / 0_Clifford+T_001  observable=ZIIIIIIIII  computing ground truth (PennyLane default.qubit)...
    · [   0.7s]  ground_truth = -1.000000
    » [17:15:34]  (#1) 10q / 0_Clifford+T_001 / noisy_vanilla  starting...
    ✓ [   3.3s]  (#1) 10q / 0_Clifford+T_001 / noisy_vanilla
    » [17:15:37]  (#1) 10q / 0_Clifford+T_001 / cut_divided_budget  starting...
/home/local/ADUNIPI/a044855/cutandinc/newcut/lib/python3.12/site-packages/pennylane/qcut/cutstrategy.py:367: UserWarning: The number of partition attempts seems high (40).
  warnings.warn(f"The number of partition attempts seems high ({len(ks)}).")
    ✓ [ 128.0s]  (#1) 10q / 0_Clifford+T_001 / cut_divided_budget
    » [17:17:45]  (#1) 10q / 0_Clifford+T_001 / cut_qubit_prop  starting...
    ✓ [  82.6s]  (#1) 10q / 0_Clifford+T_001 / cut_qubit_prop
    » [17:19:08]  (#1) 10q / 0_Clifford+T_001 / cut_incremental_budget  starting...
    ✓ [ 336.6s]  (#1) 10q / 0_Clifford+T_001 / cut_incremental_budget
    » [17:24:44]  (#1) 10q / 0_Clifford+T_001 / cut_incremental_qubit_prop  starting...
    ✓ [ 282.3s]  (#1) 10q / 0_Clifford+T_001 / cut_incremental_qubit_prop

[2/10] 10q / 1_Clifford+T_004  observable: ZIIIIIIIII
    » [17:29:27]  10q / 1_Clifford+T_004  observable=ZIIIIIIIII  computing ground truth (PennyLane default.qubit)...
    · [   0.0s]  ground_truth = 0.000000
    » [17:29:27]  (#2) 10q / 1_Clifford+T_004 / noisy_vanilla  starting...
    ✓ [   2.6s]  (#2) 10q / 1_Clifford+T_004 / noisy_vanilla
    » [17:29:29]  (#2) 10q / 1_Clifford+T_004 / cut_divided_budget  starting...
/home/local/ADUNIPI/a044855/cutandinc/newcut/lib/python3.12/site-packages/pennylane/qcut/cutstrategy.py:367: UserWarning: The number of partition attempts seems high (40).
  warnings.warn(f"The number of partition attempts seems high ({len(ks)}).")
    ✓ [  32.1s]  (#2) 10q / 1_Clifford+T_004 / cut_divided_budget
    » [17:30:01]  (#2) 10q / 1_Clifford+T_004 / cut_qubit_prop  starting...
    ✓ [  19.9s]  (#2) 10q / 1_Clifford+T_004 / cut_qubit_prop
    » [17:30:21]  (#2) 10q / 1_Clifford+T_004 / cut_incremental_budget  starting...
    ✓ [ 245.1s]  (#2) 10q / 1_Clifford+T_004 / cut_incremental_budget
    » [17:34:26]  (#2) 10q / 1_Clifford+T_004 / cut_incremental_qubit_prop  starting...
    ✓ [ 347.6s]  (#2) 10q / 1_Clifford+T_004 / cut_incremental_qubit_prop

[3/10] 10q / 2_Clifford+T_008  observable: ZIIIIIIIII
    » [17:40:14]  10q / 2_Clifford+T_008  observable=ZIIIIIIIII  computing ground truth (PennyLane default.qubit)...
    · [   0.0s]  ground_truth = 1.000000
    » [17:40:14]  (#3) 10q / 2_Clifford+T_008 / noisy_vanilla  starting...
    ✓ [   2.5s]  (#3) 10q / 2_Clifford+T_008 / noisy_vanilla
    » [17:40:17]  (#3) 10q / 2_Clifford+T_008 / cut_divided_budget  starting...
/home/local/ADUNIPI/a044855/cutandinc/newcut/lib/python3.12/site-packages/pennylane/qcut/cutstrategy.py:367: UserWarning: The number of partition attempts seems high (40).
  warnings.warn(f"The number of partition attempts seems high ({len(ks)}).")
    ✓ [  86.8s]  (#3) 10q / 2_Clifford+T_008 / cut_divided_budget
    » [17:41:43]  (#3) 10q / 2_Clifford+T_008 / cut_qubit_prop  starting...
    ✓ [  78.6s]  (#3) 10q / 2_Clifford+T_008 / cut_qubit_prop
    » [17:43:02]  (#3) 10q / 2_Clifford+T_008 / cut_incremental_budget  starting...
    ✓ [ 442.1s]  (#3) 10q / 2_Clifford+T_008 / cut_incremental_budget
    » [17:50:24]  (#3) 10q / 2_Clifford+T_008 / cut_incremental_qubit_prop  starting...
    ✓ [ 422.1s]  (#3) 10q / 2_Clifford+T_008 / cut_incremental_qubit_prop

[4/10] 10q / 3_Clifford+T_015  observable: ZIIIIIIIII
    » [17:57:26]  10q / 3_Clifford+T_015  observable=ZIIIIIIIII  computing ground truth (PennyLane default.qubit)...
    · [   0.0s]  ground_truth = 1.000000
    » [17:57:26]  (#4) 10q / 3_Clifford+T_015 / noisy_vanilla  starting...
    ✓ [   4.8s]  (#4) 10q / 3_Clifford+T_015 / noisy_vanilla
    » [17:57:31]  (#4) 10q / 3_Clifford+T_015 / cut_divided_budget  starting...
/home/local/ADUNIPI/a044855/cutandinc/newcut/lib/python3.12/site-packages/pennylane/qcut/cutstrategy.py:367: UserWarning: The number of partition attempts seems high (40).
  warnings.warn(f"The number of partition attempts seems high ({len(ks)}).")
    ✓ [  42.1s]  (#4) 10q / 3_Clifford+T_015 / cut_divided_budget
    » [17:58:13]  (#4) 10q / 3_Clifford+T_015 / cut_qubit_prop  starting...
    ✓ [  28.3s]  (#4) 10q / 3_Clifford+T_015 / cut_qubit_prop
    » [17:58:41]  (#4) 10q / 3_Clifford+T_015 / cut_incremental_budget  starting...
    ✓ [ 355.4s]  (#4) 10q / 3_Clifford+T_015 / cut_incremental_budget
    » [18:04:37]  (#4) 10q / 3_Clifford+T_015 / cut_incremental_qubit_prop  starting...
    ✓ [ 428.7s]  (#4) 10q / 3_Clifford+T_015 / cut_incremental_qubit_prop

[5/10] 10q / 4_Clifford+T_024  observable: ZIIIIIIIII
    » [18:14:20]  10q / 4_Clifford+T_024  observable=ZIIIIIIIII  computing ground truth (PennyLane default.qubit)...
    · [   0.0s]  ground_truth = 0.000000
    » [18:14:20]  (#5) 10q / 4_Clifford+T_024 / noisy_vanilla  starting...
    ✓ [   3.2s]  (#5) 10q / 4_Clifford+T_024 / noisy_vanilla
    » [18:11:48]  (#5) 10q / 4_Clifford+T_024 / cut_divided_budget  starting...
/home/local/ADUNIPI/a044855/cutandinc/newcut/lib/python3.12/site-packages/pennylane/qcut/cutstrategy.py:367: UserWarning: The number of partition attempts seems high (40).
  warnings.warn(f"The number of partition attempts seems high ({len(ks)}).")
    ✓ [ 164.1s]  (#5) 10q / 4_Clifford+T_024 / cut_divided_budget
    » [18:14:33]  (#5) 10q / 4_Clifford+T_024 / cut_qubit_prop  starting...
    ✓ [ 130.4s]  (#5) 10q / 4_Clifford+T_024 / cut_qubit_prop
    » [18:16:43]  (#5) 10q / 4_Clifford+T_024 / cut_incremental_budget  starting...
    ✓ [ 472.8s]  (#5) 10q / 4_Clifford+T_024 / cut_incremental_budget
    » [18:24:36]  (#5) 10q / 4_Clifford+T_024 / cut_incremental_qubit_prop  starting...
    ✓ [ 456.0s]  (#5) 10q / 4_Clifford+T_024 / cut_incremental_qubit_prop

[6/10] 10q / 5_Clifford+T_026  observable: ZIIIIIIIII
    » [18:32:12]  10q / 5_Clifford+T_026  observable=ZIIIIIIIII  computing ground truth (PennyLane default.qubit)...
    · [   0.0s]  ground_truth = 1.000000
    » [18:32:12]  (#6) 10q / 5_Clifford+T_026 / noisy_vanilla  starting...
    ✓ [   4.5s]  (#6) 10q / 5_Clifford+T_026 / noisy_vanilla
    » [18:32:16]  (#6) 10q / 5_Clifford+T_026 / cut_divided_budget  starting...
/home/local/ADUNIPI/a044855/cutandinc/newcut/lib/python3.12/site-packages/pennylane/qcut/cutstrategy.py:367: UserWarning: The number of partition attempts seems high (40).
  warnings.warn(f"The number of partition attempts seems high ({len(ks)}).")
    ✓ [  89.1s]  (#6) 10q / 5_Clifford+T_026 / cut_divided_budget
    » [18:33:46]  (#6) 10q / 5_Clifford+T_026 / cut_qubit_prop  starting...
    ✓ [ 120.7s]  (#6) 10q / 5_Clifford+T_026 / cut_qubit_prop
    » [18:35:46]  (#6) 10q / 5_Clifford+T_026 / cut_incremental_budget  starting...
    ✓ [ 456.7s]  (#6) 10q / 5_Clifford+T_026 / cut_incremental_budget
    » [18:43:23]  (#6) 10q / 5_Clifford+T_026 / cut_incremental_qubit_prop  starting...
    ✓ [ 280.2s]  (#6) 10q / 5_Clifford+T_026 / cut_incremental_qubit_prop

[7/10] 10q / 6_Clifford+T_032  observable: ZIIIIIIIII
    » [18:48:03]  10q / 6_Clifford+T_032  observable=ZIIIIIIIII  computing ground truth (PennyLane default.qubit)...
    · [   0.3s]  ground_truth = 1.000000
    » [18:48:04]  (#7) 10q / 6_Clifford+T_032 / noisy_vanilla  starting...
    ✓ [   2.9s]  (#7) 10q / 6_Clifford+T_032 / noisy_vanilla
    » [18:48:06]  (#7) 10q / 6_Clifford+T_032 / cut_divided_budget  starting...
/home/local/ADUNIPI/a044855/cutandinc/newcut/lib/python3.12/site-packages/pennylane/qcut/cutstrategy.py:367: UserWarning: The number of partition attempts seems high (40).
  warnings.warn(f"The number of partition attempts seems high ({len(ks)}).")
    ✓ [  26.7s]  (#7) 10q / 6_Clifford+T_032 / cut_divided_budget
    » [18:48:33]  (#7) 10q / 6_Clifford+T_032 / cut_qubit_prop  starting...
    ✓ [  18.9s]  (#7) 10q / 6_Clifford+T_032 / cut_qubit_prop
    » [18:48:52]  (#7) 10q / 6_Clifford+T_032 / cut_incremental_budget  starting...
    ✓ [ 217.5s]  (#7) 10q / 6_Clifford+T_032 / cut_incremental_budget
    » [18:52:29]  (#7) 10q / 6_Clifford+T_032 / cut_incremental_qubit_prop  starting...
    ✓ [ 221.6s]  (#7) 10q / 6_Clifford+T_032 / cut_incremental_qubit_prop

[8/10] 10q / 7_Clifford+T_033  observable: ZIIIIIIIII
    » [18:56:11]  10q / 7_Clifford+T_033  observable=ZIIIIIIIII  computing ground truth (PennyLane default.qubit)...
    · [   0.0s]  ground_truth = 1.000000
    » [18:56:11]  (#8) 10q / 7_Clifford+T_033 / noisy_vanilla  starting...
    ✓ [   2.9s]  (#8) 10q / 7_Clifford+T_033 / noisy_vanilla
    » [18:56:14]  (#8) 10q / 7_Clifford+T_033 / cut_divided_budget  starting...
/home/local/ADUNIPI/a044855/cutandinc/newcut/lib/python3.12/site-packages/pennylane/qcut/cutstrategy.py:367: UserWarning: The number of partition attempts seems high (40).
  warnings.warn(f"The number of partition attempts seems high ({len(ks)}).")
    ✓ [  40.9s]  (#8) 10q / 7_Clifford+T_033 / cut_divided_budget
    » [18:56:55]  (#8) 10q / 7_Clifford+T_033 / cut_qubit_prop  starting...
    ✓ [  32.1s]  (#8) 10q / 7_Clifford+T_033 / cut_qubit_prop
    » [18:57:27]  (#8) 10q / 7_Clifford+T_033 / cut_incremental_budget  starting...
    ✓ [ 313.3s]  (#8) 10q / 7_Clifford+T_033 / cut_incremental_budget
    » [19:02:40]  (#8) 10q / 7_Clifford+T_033 / cut_incremental_qubit_prop  starting...
    ✓ [ 331.8s]  (#8) 10q / 7_Clifford+T_033 / cut_incremental_qubit_prop

[9/10] 10q / 8_Clifford+T_039  observable: ZIIIIIIIII
    » [19:08:12]  10q / 8_Clifford+T_039  observable=ZIIIIIIIII  computing ground truth (PennyLane default.qubit)...
    · [   0.0s]  ground_truth = 0.000000
    » [19:08:12]  (#9) 10q / 8_Clifford+T_039 / noisy_vanilla  starting...
    ✓ [   4.7s]  (#9) 10q / 8_Clifford+T_039 / noisy_vanilla
    » [19:08:17]  (#9) 10q / 8_Clifford+T_039 / cut_divided_budget  starting...
/home/local/ADUNIPI/a044855/cutandinc/newcut/lib/python3.12/site-packages/pennylane/qcut/cutstrategy.py:367: UserWarning: The number of partition attempts seems high (40).
  warnings.warn(f"The number of partition attempts seems high ({len(ks)}).")
    ✓ [ 125.5s]  (#9) 10q / 8_Clifford+T_039 / cut_divided_budget
    » [19:10:22]  (#9) 10q / 8_Clifford+T_039 / cut_qubit_prop  starting...
    ✓ [  96.2s]  (#9) 10q / 8_Clifford+T_039 / cut_qubit_prop
    » [19:11:59]  (#9) 10q / 8_Clifford+T_039 / cut_incremental_budget  starting...
    ✓ [ 327.2s]  (#9) 10q / 8_Clifford+T_039 / cut_incremental_budget
    » [19:17:26]  (#9) 10q / 8_Clifford+T_039 / cut_incremental_qubit_prop  starting...
    ✓ [ 296.2s]  (#9) 10q / 8_Clifford+T_039 / cut_incremental_qubit_prop

[10/10] 10q / 9_Clifford+T_041  observable: ZIIIIIIIII
    » [19:22:22]  10q / 9_Clifford+T_041  observable=ZIIIIIIIII  computing ground truth (PennyLane default.qubit)...
    · [   0.0s]  ground_truth = 1.000000
    » [19:22:22]  (#10) 10q / 9_Clifford+T_041 / noisy_vanilla  starting...
    ✓ [   5.5s]  (#10) 10q / 9_Clifford+T_041 / noisy_vanilla
    » [19:22:28]  (#10) 10q / 9_Clifford+T_041 / cut_divided_budget  starting...
/home/local/ADUNIPI/a044855/cutandinc/newcut/lib/python3.12/site-packages/pennylane/qcut/cutstrategy.py:367: UserWarning: The number of partition attempts seems high (40).
  warnings.warn(f"The number of partition attempts seems high ({len(ks)}).")
    ✓ [  38.0s]  (#10) 10q / 9_Clifford+T_041 / cut_divided_budget
    » [19:23:06]  (#10) 10q / 9_Clifford+T_041 / cut_qubit_prop  starting...
    ✓ [  31.1s]  (#10) 10q / 9_Clifford+T_041 / cut_qubit_prop
    » [19:23:37]  (#10) 10q / 9_Clifford+T_041 / cut_incremental_budget  starting...
    ✓ [ 260.7s]  (#10) 10q / 9_Clifford+T_041 / cut_incremental_budget
    » [19:27:57]  (#10) 10q / 9_Clifford+T_041 / cut_incremental_qubit_prop  starting...
    ✓ [ 257.0s]  (#10) 10q / 9_Clifford+T_041 / cut_incremental_qubit_prop

============================================================
  Finished :   50  mode runs
  Failed   :    0  mode runs
============================================================

Merged CSV -> results/new/stable_shots3/5000_shots/torino/10_qubits/summary.csv
Run log    -> results/new/stable_shots3/5000_shots/torino/10_qubits/run.log
Per-mode JSON -> results/new/stable_shots3/5000_shots/torino/10_qubits/<qubits>q/<circuit>/<mode>.json
	Command being timed: "python main_new_new.py --circuits-pkl only_cliffordt/clif10.pkl --shots 5000 --noisy-backend aer.fake_torino --seed-simulator 42 --modes noisy_vanilla cut_divided_budget cut_qubit_prop cut_incremental_budget cut_incremental_qubit_prop --incremental-config configs/stable_shots3.json --parallel-circuits 1 --output-dir results/new/stable_shots3/5000_shots/torino/10_qubits"
	User time (seconds): 8060.73
	System time (seconds): 8.82
	Percent of CPU this job got: 98%
	Elapsed (wall clock) time (h:mm:ss or m:ss): 2:16:57
	Average shared text size (kbytes): 0
	Average unshared data size (kbytes): 0
	Average stack size (kbytes): 0
	Average total size (kbytes): 0
	Maximum resident set size (kbytes): 631612
	Average resident set size (kbytes): 0
	Major (requiring I/O) page faults: 0
	Minor (reclaiming a frame) page faults: 2447062
	Voluntary context switches: 88792
	Involuntary context switches: 21245
	Swaps: 0
	File system inputs: 0
	File system outputs: 3416
	Socket messages sent: 0
	Socket messages received: 0
	Signals delivered: 0
	Page size (bytes): 4096
	Exit status: 0
[Wed Jun 17 07:32:16 PM UTC 2026] Finished 10 qubits | shots=5000 | backend=aer.fake_torino
torino
