[Mon Jun 15 03:33:14 PM UTC 2026] Starting 12 qubits | shots=10000 | backend=aer.fake_torino
[Mon Jun 15 03:33:14 PM UTC 2026] Per-job memory limit: 6GB virtual memory

[1/10] 12q / 0_Clifford+T_001  observable: ZIIIIIIIIIII
/home/local/ADUNIPI/a044855/cutandinc/newcut/lib/python3.12/site-packages/qiskit_ibm_runtime/fake_provider/backends/nighthawk/fake_nighthawk.py:76: UserWarning: Properties of fake_nighthawk are not intended to represent typical nighthawk error values.
  warnings.warn(
    » [15:33:28]  12q / 0_Clifford+T_001  observable=ZIIIIIIIIIII  computing ground truth (PennyLane default.qubit)...
    · [   0.7s]  ground_truth = 0.000000
    » [15:33:29]  (#1) 12q / 0_Clifford+T_001 / noisy_vanilla  starting...
    » [15:33:39]  (#1) 12q / 0_Clifford+T_001 / cut_divided_budget  starting...
/home/local/ADUNIPI/a044855/cutandinc/newcut/lib/python3.12/site-packages/pennylane/qcut/cutstrategy.py:367: UserWarning: The number of partition attempts seems high (40).
  warnings.warn(f"The number of partition attempts seems high ({len(ks)}).")
    ✓ [  30.8s]  (#1) 12q / 0_Clifford+T_001 / cut_divided_budget
    » [15:34:10]  (#1) 12q / 0_Clifford+T_001 / cut_qubit_prop  starting...
    ✓ [  18.5s]  (#1) 12q / 0_Clifford+T_001 / cut_qubit_prop
    » [15:34:28]  (#1) 12q / 0_Clifford+T_001 / cut_incremental_budget  starting...
    ✓ [ 481.3s]  (#1) 12q / 0_Clifford+T_001 / cut_incremental_budget
    » [15:42:29]  (#1) 12q / 0_Clifford+T_001 / cut_incremental_qubit_prop  starting...
    ✓ [ 495.4s]  (#1) 12q / 0_Clifford+T_001 / cut_incremental_qubit_prop

[2/10] 12q / 1_Clifford+T_002  observable: ZIIIIIIIIIII
    » [15:50:45]  12q / 1_Clifford+T_002  observable=ZIIIIIIIIIII  computing ground truth (PennyLane default.qubit)...
    · [   0.0s]  ground_truth = 1.000000
    » [15:50:45]  (#2) 12q / 1_Clifford+T_002 / noisy_vanilla  starting...
    » [15:50:55]  (#2) 12q / 1_Clifford+T_002 / cut_divided_budget  starting...
/home/local/ADUNIPI/a044855/cutandinc/newcut/lib/python3.12/site-packages/pennylane/qcut/cutstrategy.py:367: UserWarning: The number of partition attempts seems high (40).
  warnings.warn(f"The number of partition attempts seems high ({len(ks)}).")
    ✓ [  93.0s]  (#2) 12q / 1_Clifford+T_002 / cut_divided_budget
    » [15:52:28]  (#2) 12q / 1_Clifford+T_002 / cut_qubit_prop  starting...
    ✓ [  83.3s]  (#2) 12q / 1_Clifford+T_002 / cut_qubit_prop
    » [15:53:51]  (#2) 12q / 1_Clifford+T_002 / cut_incremental_budget  starting...
    ✓ [ 542.2s]  (#2) 12q / 1_Clifford+T_002 / cut_incremental_budget
    » [16:02:54]  (#2) 12q / 1_Clifford+T_002 / cut_incremental_qubit_prop  starting...
    ✓ [ 512.2s]  (#2) 12q / 1_Clifford+T_002 / cut_incremental_qubit_prop

[3/10] 12q / 2_Clifford+T_004  observable: ZIIIIIIIIIII
    » [16:11:26]  12q / 2_Clifford+T_004  observable=ZIIIIIIIIIII  computing ground truth (PennyLane default.qubit)...
    · [   0.0s]  ground_truth = 1.000000
    » [16:11:26]  (#3) 12q / 2_Clifford+T_004 / noisy_vanilla  starting...
    » [16:11:36]  (#3) 12q / 2_Clifford+T_004 / cut_divided_budget  starting...
/home/local/ADUNIPI/a044855/cutandinc/newcut/lib/python3.12/site-packages/pennylane/qcut/cutstrategy.py:367: UserWarning: The number of partition attempts seems high (40).
  warnings.warn(f"The number of partition attempts seems high ({len(ks)}).")
    ✓ [  35.0s]  (#3) 12q / 2_Clifford+T_004 / cut_divided_budget
    » [16:12:11]  (#3) 12q / 2_Clifford+T_004 / cut_qubit_prop  starting...
    ✓ [  25.6s]  (#3) 12q / 2_Clifford+T_004 / cut_qubit_prop
    » [16:12:37]  (#3) 12q / 2_Clifford+T_004 / cut_incremental_budget  starting...
    ✓ [ 493.5s]  (#3) 12q / 2_Clifford+T_004 / cut_incremental_budget
    » [16:20:50]  (#3) 12q / 2_Clifford+T_004 / cut_incremental_qubit_prop  starting...
    ✓ [ 505.5s]  (#3) 12q / 2_Clifford+T_004 / cut_incremental_qubit_prop

[4/10] 12q / 3_Clifford+T_006  observable: ZIIIIIIIIIII
    » [16:29:16]  12q / 3_Clifford+T_006  observable=ZIIIIIIIIIII  computing ground truth (PennyLane default.qubit)...
    · [   0.0s]  ground_truth = 1.000000
    » [16:29:16]  (#4) 12q / 3_Clifford+T_006 / noisy_vanilla  starting...
    » [16:29:25]  (#4) 12q / 3_Clifford+T_006 / cut_divided_budget  starting...
/home/local/ADUNIPI/a044855/cutandinc/newcut/lib/python3.12/site-packages/pennylane/qcut/cutstrategy.py:367: UserWarning: The number of partition attempts seems high (40).
  warnings.warn(f"The number of partition attempts seems high ({len(ks)}).")
    ✓ [  30.5s]  (#4) 12q / 3_Clifford+T_006 / cut_divided_budget
    » [16:29:55]  (#4) 12q / 3_Clifford+T_006 / cut_qubit_prop  starting...
    ✓ [  18.9s]  (#4) 12q / 3_Clifford+T_006 / cut_qubit_prop
    » [16:30:14]  (#4) 12q / 3_Clifford+T_006 / cut_incremental_budget  starting...
    ✓ [ 464.1s]  (#4) 12q / 3_Clifford+T_006 / cut_incremental_budget
    » [16:37:58]  (#4) 12q / 3_Clifford+T_006 / cut_incremental_qubit_prop  starting...
    ✓ [ 507.0s]  (#4) 12q / 3_Clifford+T_006 / cut_incremental_qubit_prop

[5/10] 12q / 4_Clifford+T_011  observable: ZIIIIIIIIIII
    » [16:46:25]  12q / 4_Clifford+T_011  observable=ZIIIIIIIIIII  computing ground truth (PennyLane default.qubit)...
    · [   0.0s]  ground_truth = 0.000000
    » [16:46:25]  (#5) 12q / 4_Clifford+T_011 / noisy_vanilla  starting...
    » [16:46:36]  (#5) 12q / 4_Clifford+T_011 / cut_divided_budget  starting...
/home/local/ADUNIPI/a044855/cutandinc/newcut/lib/python3.12/site-packages/pennylane/qcut/cutstrategy.py:367: UserWarning: The number of partition attempts seems high (40).
  warnings.warn(f"The number of partition attempts seems high ({len(ks)}).")
    ✓ [  95.5s]  (#5) 12q / 4_Clifford+T_011 / cut_divided_budget
    » [16:48:11]  (#5) 12q / 4_Clifford+T_011 / cut_qubit_prop  starting...
    ✓ [  86.5s]  (#5) 12q / 4_Clifford+T_011 / cut_qubit_prop
    » [16:49:38]  (#5) 12q / 4_Clifford+T_011 / cut_incremental_budget  starting...
    ✓ [ 557.2s]  (#5) 12q / 4_Clifford+T_011 / cut_incremental_budget
    » [16:58:55]  (#5) 12q / 4_Clifford+T_011 / cut_incremental_qubit_prop  starting...
    ✓ [ 523.5s]  (#5) 12q / 4_Clifford+T_011 / cut_incremental_qubit_prop

[6/10] 12q / 5_Clifford+T_013  observable: ZIIIIIIIIIII
    » [17:07:39]  12q / 5_Clifford+T_013  observable=ZIIIIIIIIIII  computing ground truth (PennyLane default.qubit)...
    · [   0.0s]  ground_truth = 1.000000
    » [17:07:39]  (#6) 12q / 5_Clifford+T_013 / noisy_vanilla  starting...
    » [17:07:51]  (#6) 12q / 5_Clifford+T_013 / cut_divided_budget  starting...
/home/local/ADUNIPI/a044855/cutandinc/newcut/lib/python3.12/site-packages/pennylane/qcut/cutstrategy.py:367: UserWarning: The number of partition attempts seems high (40).
  warnings.warn(f"The number of partition attempts seems high ({len(ks)}).")
    ✓ [  80.8s]  (#6) 12q / 5_Clifford+T_013 / cut_divided_budget
    » [17:09:12]  (#6) 12q / 5_Clifford+T_013 / cut_qubit_prop  starting...
    ✓ [  73.9s]  (#6) 12q / 5_Clifford+T_013 / cut_qubit_prop
    » [17:10:26]  (#6) 12q / 5_Clifford+T_013 / cut_incremental_budget  starting...
    ✓ [ 549.6s]  (#6) 12q / 5_Clifford+T_013 / cut_incremental_budget
    » [17:19:36]  (#6) 12q / 5_Clifford+T_013 / cut_incremental_qubit_prop  starting...
    ✓ [ 555.4s]  (#6) 12q / 5_Clifford+T_013 / cut_incremental_qubit_prop

[7/10] 12q / 6_Clifford+T_015  observable: ZIIIIIIIIIII
    » [17:28:51]  12q / 6_Clifford+T_015  observable=ZIIIIIIIIIII  computing ground truth (PennyLane default.qubit)...
    · [   0.0s]  ground_truth = 0.000000
    » [17:28:51]  (#7) 12q / 6_Clifford+T_015 / noisy_vanilla  starting...
    » [17:29:01]  (#7) 12q / 6_Clifford+T_015 / cut_divided_budget  starting...
/home/local/ADUNIPI/a044855/cutandinc/newcut/lib/python3.12/site-packages/pennylane/qcut/cutstrategy.py:367: UserWarning: The number of partition attempts seems high (40).
  warnings.warn(f"The number of partition attempts seems high ({len(ks)}).")
    ✓ [  26.2s]  (#7) 12q / 6_Clifford+T_015 / cut_divided_budget
    » [17:29:27]  (#7) 12q / 6_Clifford+T_015 / cut_qubit_prop  starting...
    ✓ [  18.5s]  (#7) 12q / 6_Clifford+T_015 / cut_qubit_prop
    » [17:29:45]  (#7) 12q / 6_Clifford+T_015 / cut_incremental_budget  starting...
    ✓ [ 474.6s]  (#7) 12q / 6_Clifford+T_015 / cut_incremental_budget
    » [17:37:40]  (#7) 12q / 6_Clifford+T_015 / cut_incremental_qubit_prop  starting...
    ✓ [ 488.1s]  (#7) 12q / 6_Clifford+T_015 / cut_incremental_qubit_prop

[8/10] 12q / 7_Clifford+T_019  observable: ZIIIIIIIIIII
    » [17:45:48]  12q / 7_Clifford+T_019  observable=ZIIIIIIIIIII  computing ground truth (PennyLane default.qubit)...
    · [   0.0s]  ground_truth = 0.000000
    » [17:45:48]  (#8) 12q / 7_Clifford+T_019 / noisy_vanilla  starting...
    » [17:45:58]  (#8) 12q / 7_Clifford+T_019 / cut_divided_budget  starting...
/home/local/ADUNIPI/a044855/cutandinc/newcut/lib/python3.12/site-packages/pennylane/qcut/cutstrategy.py:367: UserWarning: The number of partition attempts seems high (41).
  warnings.warn(f"The number of partition attempts seems high ({len(ks)}).")
    ✓ [  12.5s]  (#8) 12q / 7_Clifford+T_019 / cut_divided_budget
    » [17:46:10]  (#8) 12q / 7_Clifford+T_019 / cut_qubit_prop  starting...
    ✓ [   4.1s]  (#8) 12q / 7_Clifford+T_019 / cut_qubit_prop
    » [17:46:14]  (#8) 12q / 7_Clifford+T_019 / cut_incremental_budget  starting...
    ✓ [ 471.3s]  (#8) 12q / 7_Clifford+T_019 / cut_incremental_budget
    » [17:54:06]  (#8) 12q / 7_Clifford+T_019 / cut_incremental_qubit_prop  starting...
    ✓ [ 406.1s]  (#8) 12q / 7_Clifford+T_019 / cut_incremental_qubit_prop

[9/10] 12q / 8_Clifford+T_021  observable: ZIIIIIIIIIII
    » [18:00:52]  12q / 8_Clifford+T_021  observable=ZIIIIIIIIIII  computing ground truth (PennyLane default.qubit)...
    · [   0.0s]  ground_truth = 0.000000
    » [18:00:52]  (#9) 12q / 8_Clifford+T_021 / noisy_vanilla  starting...
    » [18:01:00]  (#9) 12q / 8_Clifford+T_021 / cut_divided_budget  starting...
/home/local/ADUNIPI/a044855/cutandinc/newcut/lib/python3.12/site-packages/pennylane/qcut/cutstrategy.py:367: UserWarning: The number of partition attempts seems high (40).
  warnings.warn(f"The number of partition attempts seems high ({len(ks)}).")
    ✓ [  25.7s]  (#9) 12q / 8_Clifford+T_021 / cut_divided_budget
    » [18:01:26]  (#9) 12q / 8_Clifford+T_021 / cut_qubit_prop  starting...
    ✓ [  18.4s]  (#9) 12q / 8_Clifford+T_021 / cut_qubit_prop
    » [18:01:44]  (#9) 12q / 8_Clifford+T_021 / cut_incremental_budget  starting...
    ✓ [ 487.0s]  (#9) 12q / 8_Clifford+T_021 / cut_incremental_budget
    » [18:09:52]  (#9) 12q / 8_Clifford+T_021 / cut_incremental_qubit_prop  starting...
    ✓ [ 492.6s]  (#9) 12q / 8_Clifford+T_021 / cut_incremental_qubit_prop

[10/10] 12q / 9_Clifford+T_025  observable: ZIIIIIIIIIII
    » [18:18:04]  12q / 9_Clifford+T_025  observable=ZIIIIIIIIIII  computing ground truth (PennyLane default.qubit)...
    · [   0.0s]  ground_truth = -1.000000
    » [18:18:04]  (#10) 12q / 9_Clifford+T_025 / noisy_vanilla  starting...
    » [18:18:13]  (#10) 12q / 9_Clifford+T_025 / cut_divided_budget  starting...
/home/local/ADUNIPI/a044855/cutandinc/newcut/lib/python3.12/site-packages/pennylane/qcut/cutstrategy.py:367: UserWarning: The number of partition attempts seems high (40).
  warnings.warn(f"The number of partition attempts seems high ({len(ks)}).")
    ✓ [  86.1s]  (#10) 12q / 9_Clifford+T_025 / cut_divided_budget
    » [18:19:39]  (#10) 12q / 9_Clifford+T_025 / cut_qubit_prop  starting...
    ✓ [  77.3s]  (#10) 12q / 9_Clifford+T_025 / cut_qubit_prop
    » [18:20:56]  (#10) 12q / 9_Clifford+T_025 / cut_incremental_budget  starting...
    ✓ [ 530.5s]  (#10) 12q / 9_Clifford+T_025 / cut_incremental_budget
    » [18:29:47]  (#10) 12q / 9_Clifford+T_025 / cut_incremental_qubit_prop  starting...
    ✓ [ 535.0s]  (#10) 12q / 9_Clifford+T_025 / cut_incremental_qubit_prop

============================================================
  Finished :   40  mode runs
  Failed   :    0  mode runs
============================================================

Merged CSV -> results/new/stable_shots_runs02_10-14q_no_vanilla/10000_shots/torino/12_qubits/summary.csv
Run log    -> results/new/stable_shots_runs02_10-14q_no_vanilla/10000_shots/torino/12_qubits/run.log
Per-mode JSON -> results/new/stable_shots_runs02_10-14q_no_vanilla/10000_shots/torino/12_qubits/<qubits>q/<circuit>/<mode>.json
	Command being timed: "python main_new_new.py --circuits-pkl only_cliffordt/clif12.pkl --shots 10000 --noisy-backend aer.fake_torino --seed-simulator 42 --modes cut_divided_budget cut_qubit_prop cut_incremental_budget cut_incremental_qubit_prop --incremental-config configs/stable_shots.json --parallel-circuits 1 --output-dir results/new/stable_shots_runs02_10-14q_no_vanilla/10000_shots/torino/12_qubits"
	User time (seconds): 11102.04
	System time (seconds): 26.79
	Percent of CPU this job got: 99%
	Elapsed (wall clock) time (h:mm:ss or m:ss): 3:05:29
	Average shared text size (kbytes): 0
	Average unshared data size (kbytes): 0
	Average stack size (kbytes): 0
	Average total size (kbytes): 0
	Maximum resident set size (kbytes): 876264
	Average resident set size (kbytes): 0
	Major (requiring I/O) page faults: 0
	Minor (reclaiming a frame) page faults: 8525458
	Voluntary context switches: 81624
	Involuntary context switches: 11595
	Swaps: 0
	File system inputs: 0
	File system outputs: 3888
	Socket messages sent: 0
	Socket messages received: 0
	Signals delivered: 0
	Page size (bytes): 4096
	Exit status: 0
[Mon Jun 15 06:38:43 PM UTC 2026] Finished 12 qubits | shots=10000 | backend=aer.fake_torino
