[Mon Jun 15 01:25:51 PM UTC 2026] Starting 14 qubits | shots=5000 | backend=aer.fake_kawasaki
[Mon Jun 15 01:25:51 PM UTC 2026] Per-job memory limit: 6GB virtual memory

[1/10] 14q / 0_Clifford+T_001  observable: ZIIIIIIIIIIIII
/home/local/ADUNIPI/a044855/cutandinc/newcut/lib/python3.12/site-packages/qiskit_ibm_runtime/fake_provider/backends/nighthawk/fake_nighthawk.py:76: UserWarning: Properties of fake_nighthawk are not intended to represent typical nighthawk error values.
  warnings.warn(
    » [13:25:58]  14q / 0_Clifford+T_001  observable=ZIIIIIIIIIIIII  computing ground truth (PennyLane default.qubit)...
    · [   0.5s]  ground_truth = 1.000000
    » [13:25:58]  (#1) 14q / 0_Clifford+T_001 / noisy_vanilla  starting...
    » [13:26:39]  (#1) 14q / 0_Clifford+T_001 / cut_divided_budget  starting...
/home/local/ADUNIPI/a044855/cutandinc/newcut/lib/python3.12/site-packages/pennylane/qcut/cutstrategy.py:367: UserWarning: The number of partition attempts seems high (40).
  warnings.warn(f"The number of partition attempts seems high ({len(ks)}).")
    ✓ [  51.3s]  (#1) 14q / 0_Clifford+T_001 / cut_divided_budget
    » [13:27:30]  (#1) 14q / 0_Clifford+T_001 / cut_qubit_prop  starting...
    ✓ [  46.7s]  (#1) 14q / 0_Clifford+T_001 / cut_qubit_prop
    » [13:28:17]  (#1) 14q / 0_Clifford+T_001 / cut_incremental_budget  starting...
    ✓ [ 166.4s]  (#1) 14q / 0_Clifford+T_001 / cut_incremental_budget
    » [13:31:03]  (#1) 14q / 0_Clifford+T_001 / cut_incremental_qubit_prop  starting...
    ✓ [ 148.3s]  (#1) 14q / 0_Clifford+T_001 / cut_incremental_qubit_prop

[2/10] 14q / 1_Clifford+T_011  observable: ZIIIIIIIIIIIII
    » [13:33:31]  14q / 1_Clifford+T_011  observable=ZIIIIIIIIIIIII  computing ground truth (PennyLane default.qubit)...
    · [   0.0s]  ground_truth = 1.000000
    » [13:33:31]  (#2) 14q / 1_Clifford+T_011 / noisy_vanilla  starting...
    » [13:34:12]  (#2) 14q / 1_Clifford+T_011 / cut_divided_budget  starting...
/home/local/ADUNIPI/a044855/cutandinc/newcut/lib/python3.12/site-packages/pennylane/qcut/cutstrategy.py:367: UserWarning: The number of partition attempts seems high (40).
  warnings.warn(f"The number of partition attempts seems high ({len(ks)}).")
    ✓ [  47.9s]  (#2) 14q / 1_Clifford+T_011 / cut_divided_budget
    » [13:34:59]  (#2) 14q / 1_Clifford+T_011 / cut_qubit_prop  starting...
    ✓ [  41.4s]  (#2) 14q / 1_Clifford+T_011 / cut_qubit_prop
    » [13:35:41]  (#2) 14q / 1_Clifford+T_011 / cut_incremental_budget  starting...
    ✓ [ 165.3s]  (#2) 14q / 1_Clifford+T_011 / cut_incremental_budget
    » [13:38:26]  (#2) 14q / 1_Clifford+T_011 / cut_incremental_qubit_prop  starting...
    ✓ [ 146.9s]  (#2) 14q / 1_Clifford+T_011 / cut_incremental_qubit_prop

[3/10] 14q / 2_Clifford+T_012  observable: ZIIIIIIIIIIIII
    » [13:40:53]  14q / 2_Clifford+T_012  observable=ZIIIIIIIIIIIII  computing ground truth (PennyLane default.qubit)...
    · [   0.0s]  ground_truth = 1.000000
    » [13:40:53]  (#3) 14q / 2_Clifford+T_012 / noisy_vanilla  starting...
    » [13:41:35]  (#3) 14q / 2_Clifford+T_012 / cut_divided_budget  starting...
/home/local/ADUNIPI/a044855/cutandinc/newcut/lib/python3.12/site-packages/pennylane/qcut/cutstrategy.py:367: UserWarning: The number of partition attempts seems high (40).
  warnings.warn(f"The number of partition attempts seems high ({len(ks)}).")
    ✓ [  21.4s]  (#3) 14q / 2_Clifford+T_012 / cut_divided_budget
    » [13:41:57]  (#3) 14q / 2_Clifford+T_012 / cut_qubit_prop  starting...
    ✓ [  17.7s]  (#3) 14q / 2_Clifford+T_012 / cut_qubit_prop
    » [13:42:14]  (#3) 14q / 2_Clifford+T_012 / cut_incremental_budget  starting...
    ✓ [ 133.5s]  (#3) 14q / 2_Clifford+T_012 / cut_incremental_budget
    » [13:44:28]  (#3) 14q / 2_Clifford+T_012 / cut_incremental_qubit_prop  starting...
    ✓ [ 139.3s]  (#3) 14q / 2_Clifford+T_012 / cut_incremental_qubit_prop

[4/10] 14q / 3_Clifford+T_014  observable: ZIIIIIIIIIIIII
    » [13:46:47]  14q / 3_Clifford+T_014  observable=ZIIIIIIIIIIIII  computing ground truth (PennyLane default.qubit)...
    · [   0.0s]  ground_truth = -1.000000
    » [13:46:47]  (#4) 14q / 3_Clifford+T_014 / noisy_vanilla  starting...
    » [13:47:29]  (#4) 14q / 3_Clifford+T_014 / cut_divided_budget  starting...
/home/local/ADUNIPI/a044855/cutandinc/newcut/lib/python3.12/site-packages/pennylane/qcut/cutstrategy.py:367: UserWarning: The number of partition attempts seems high (40).
  warnings.warn(f"The number of partition attempts seems high ({len(ks)}).")
    ✓ [  26.5s]  (#4) 14q / 3_Clifford+T_014 / cut_divided_budget
    » [13:47:56]  (#4) 14q / 3_Clifford+T_014 / cut_qubit_prop  starting...
    ✓ [  26.0s]  (#4) 14q / 3_Clifford+T_014 / cut_qubit_prop
    » [13:48:22]  (#4) 14q / 3_Clifford+T_014 / cut_incremental_budget  starting...
    ✓ [ 139.5s]  (#4) 14q / 3_Clifford+T_014 / cut_incremental_budget
    » [13:50:41]  (#4) 14q / 3_Clifford+T_014 / cut_incremental_qubit_prop  starting...
    ✓ [ 148.0s]  (#4) 14q / 3_Clifford+T_014 / cut_incremental_qubit_prop

[5/10] 14q / 4_Clifford+T_015  observable: ZIIIIIIIIIIIII
    » [13:53:09]  14q / 4_Clifford+T_015  observable=ZIIIIIIIIIIIII  computing ground truth (PennyLane default.qubit)...
    · [   0.0s]  ground_truth = 0.000000
    » [13:53:09]  (#5) 14q / 4_Clifford+T_015 / noisy_vanilla  starting...
    » [13:53:52]  (#5) 14q / 4_Clifford+T_015 / cut_divided_budget  starting...
/home/local/ADUNIPI/a044855/cutandinc/newcut/lib/python3.12/site-packages/pennylane/qcut/cutstrategy.py:367: UserWarning: The number of partition attempts seems high (41).
  warnings.warn(f"The number of partition attempts seems high ({len(ks)}).")
    ✓ [  27.5s]  (#5) 14q / 4_Clifford+T_015 / cut_divided_budget
    » [13:54:20]  (#5) 14q / 4_Clifford+T_015 / cut_qubit_prop  starting...
    ✓ [  20.7s]  (#5) 14q / 4_Clifford+T_015 / cut_qubit_prop
    » [13:54:41]  (#5) 14q / 4_Clifford+T_015 / cut_incremental_budget  starting...
    ✓ [ 148.2s]  (#5) 14q / 4_Clifford+T_015 / cut_incremental_budget
    » [13:57:09]  (#5) 14q / 4_Clifford+T_015 / cut_incremental_qubit_prop  starting...
    ✓ [ 148.3s]  (#5) 14q / 4_Clifford+T_015 / cut_incremental_qubit_prop

[6/10] 14q / 5_Clifford+T_016  observable: ZIIIIIIIIIIIII
    » [13:59:37]  14q / 5_Clifford+T_016  observable=ZIIIIIIIIIIIII  computing ground truth (PennyLane default.qubit)...
    · [   0.0s]  ground_truth = 1.000000
    » [13:59:37]  (#6) 14q / 5_Clifford+T_016 / noisy_vanilla  starting...
    » [14:00:22]  (#6) 14q / 5_Clifford+T_016 / cut_divided_budget  starting...
/home/local/ADUNIPI/a044855/cutandinc/newcut/lib/python3.12/site-packages/pennylane/qcut/cutstrategy.py:367: UserWarning: The number of partition attempts seems high (40).
  warnings.warn(f"The number of partition attempts seems high ({len(ks)}).")
    ✓ [  16.7s]  (#6) 14q / 5_Clifford+T_016 / cut_divided_budget
    » [14:00:38]  (#6) 14q / 5_Clifford+T_016 / cut_qubit_prop  starting...
    ✓ [  10.2s]  (#6) 14q / 5_Clifford+T_016 / cut_qubit_prop
    » [14:00:49]  (#6) 14q / 5_Clifford+T_016 / cut_incremental_budget  starting...
    ✓ [ 130.3s]  (#6) 14q / 5_Clifford+T_016 / cut_incremental_budget
    » [14:02:59]  (#6) 14q / 5_Clifford+T_016 / cut_incremental_qubit_prop  starting...
    ✓ [ 132.5s]  (#6) 14q / 5_Clifford+T_016 / cut_incremental_qubit_prop

[7/10] 14q / 6_Clifford+T_018  observable: ZIIIIIIIIIIIII
    » [14:05:11]  14q / 6_Clifford+T_018  observable=ZIIIIIIIIIIIII  computing ground truth (PennyLane default.qubit)...
    · [   0.0s]  ground_truth = 1.000000
    » [14:05:11]  (#7) 14q / 6_Clifford+T_018 / noisy_vanilla  starting...
    » [14:05:53]  (#7) 14q / 6_Clifford+T_018 / cut_divided_budget  starting...
/home/local/ADUNIPI/a044855/cutandinc/newcut/lib/python3.12/site-packages/pennylane/qcut/cutstrategy.py:367: UserWarning: The number of partition attempts seems high (42).
  warnings.warn(f"The number of partition attempts seems high ({len(ks)}).")
    ✓ [  17.5s]  (#7) 14q / 6_Clifford+T_018 / cut_divided_budget
    » [14:06:11]  (#7) 14q / 6_Clifford+T_018 / cut_qubit_prop  starting...
    ✓ [   9.8s]  (#7) 14q / 6_Clifford+T_018 / cut_qubit_prop
    » [14:06:21]  (#7) 14q / 6_Clifford+T_018 / cut_incremental_budget  starting...
    ✓ [ 130.9s]  (#7) 14q / 6_Clifford+T_018 / cut_incremental_budget
    » [14:08:31]  (#7) 14q / 6_Clifford+T_018 / cut_incremental_qubit_prop  starting...
    ✓ [ 131.0s]  (#7) 14q / 6_Clifford+T_018 / cut_incremental_qubit_prop

[8/10] 14q / 7_Clifford+T_019  observable: ZIIIIIIIIIIIII
    » [14:10:42]  14q / 7_Clifford+T_019  observable=ZIIIIIIIIIIIII  computing ground truth (PennyLane default.qubit)...
    · [   0.0s]  ground_truth = -1.000000
    » [14:10:42]  (#8) 14q / 7_Clifford+T_019 / noisy_vanilla  starting...
    » [14:11:28]  (#8) 14q / 7_Clifford+T_019 / cut_divided_budget  starting...
/home/local/ADUNIPI/a044855/cutandinc/newcut/lib/python3.12/site-packages/pennylane/qcut/cutstrategy.py:367: UserWarning: The number of partition attempts seems high (41).
  warnings.warn(f"The number of partition attempts seems high ({len(ks)}).")
    ✓ [  22.5s]  (#8) 14q / 7_Clifford+T_019 / cut_divided_budget
    » [14:11:50]  (#8) 14q / 7_Clifford+T_019 / cut_qubit_prop  starting...
    ✓ [  18.9s]  (#8) 14q / 7_Clifford+T_019 / cut_qubit_prop
    » [14:12:09]  (#8) 14q / 7_Clifford+T_019 / cut_incremental_budget  starting...
    ✓ [ 135.2s]  (#8) 14q / 7_Clifford+T_019 / cut_incremental_budget
    » [14:14:24]  (#8) 14q / 7_Clifford+T_019 / cut_incremental_qubit_prop  starting...
    ✓ [ 139.7s]  (#8) 14q / 7_Clifford+T_019 / cut_incremental_qubit_prop

[9/10] 14q / 8_Clifford+T_022  observable: ZIIIIIIIIIIIII
    » [14:16:44]  14q / 8_Clifford+T_022  observable=ZIIIIIIIIIIIII  computing ground truth (PennyLane default.qubit)...
    · [   0.0s]  ground_truth = 0.000000
    » [14:16:44]  (#9) 14q / 8_Clifford+T_022 / noisy_vanilla  starting...
    » [14:17:24]  (#9) 14q / 8_Clifford+T_022 / cut_divided_budget  starting...
/home/local/ADUNIPI/a044855/cutandinc/newcut/lib/python3.12/site-packages/pennylane/qcut/cutstrategy.py:367: UserWarning: The number of partition attempts seems high (40).
  warnings.warn(f"The number of partition attempts seems high ({len(ks)}).")
    ✓ [  21.3s]  (#9) 14q / 8_Clifford+T_022 / cut_divided_budget
    » [14:17:45]  (#9) 14q / 8_Clifford+T_022 / cut_qubit_prop  starting...
    ✓ [  17.5s]  (#9) 14q / 8_Clifford+T_022 / cut_qubit_prop
    » [14:18:03]  (#9) 14q / 8_Clifford+T_022 / cut_incremental_budget  starting...
    ✓ [ 132.6s]  (#9) 14q / 8_Clifford+T_022 / cut_incremental_budget
    » [14:20:15]  (#9) 14q / 8_Clifford+T_022 / cut_incremental_qubit_prop  starting...
    ✓ [ 137.5s]  (#9) 14q / 8_Clifford+T_022 / cut_incremental_qubit_prop

[10/10] 14q / 9_Clifford+T_026  observable: ZIIIIIIIIIIIII
    » [14:22:33]  14q / 9_Clifford+T_026  observable=ZIIIIIIIIIIIII  computing ground truth (PennyLane default.qubit)...
    · [   0.0s]  ground_truth = 1.000000
    » [14:22:33]  (#10) 14q / 9_Clifford+T_026 / noisy_vanilla  starting...
    » [14:23:15]  (#10) 14q / 9_Clifford+T_026 / cut_divided_budget  starting...
/home/local/ADUNIPI/a044855/cutandinc/newcut/lib/python3.12/site-packages/pennylane/qcut/cutstrategy.py:367: UserWarning: The number of partition attempts seems high (40).
  warnings.warn(f"The number of partition attempts seems high ({len(ks)}).")
    ✓ [  16.2s]  (#10) 14q / 9_Clifford+T_026 / cut_divided_budget
    » [14:23:31]  (#10) 14q / 9_Clifford+T_026 / cut_qubit_prop  starting...
    ✓ [   9.9s]  (#10) 14q / 9_Clifford+T_026 / cut_qubit_prop
    » [14:23:41]  (#10) 14q / 9_Clifford+T_026 / cut_incremental_budget  starting...
    ✓ [ 131.8s]  (#10) 14q / 9_Clifford+T_026 / cut_incremental_budget
    » [14:25:53]  (#10) 14q / 9_Clifford+T_026 / cut_incremental_qubit_prop  starting...
    ✓ [ 127.4s]  (#10) 14q / 9_Clifford+T_026 / cut_incremental_qubit_prop

============================================================
  Finished :   40  mode runs
  Failed   :    0  mode runs
============================================================

Merged CSV -> results/new/stable_shots_runs02_10-14q_no_vanilla/5000_shots/kawasaki/14_qubits/summary.csv
Run log    -> results/new/stable_shots_runs02_10-14q_no_vanilla/5000_shots/kawasaki/14_qubits/run.log
Per-mode JSON -> results/new/stable_shots_runs02_10-14q_no_vanilla/5000_shots/kawasaki/14_qubits/<qubits>q/<circuit>/<mode>.json
	Command being timed: "python main_new_new.py --circuits-pkl only_cliffordt/clif14.pkl --shots 5000 --noisy-backend aer.fake_kawasaki --seed-simulator 42 --modes cut_divided_budget cut_qubit_prop cut_incremental_budget cut_incremental_qubit_prop --incremental-config configs/stable_shots.json --parallel-circuits 1 --output-dir results/new/stable_shots_runs02_10-14q_no_vanilla/5000_shots/kawasaki/14_qubits"
	User time (seconds): 3726.80
	System time (seconds): 4.60
	Percent of CPU this job got: 100%
	Elapsed (wall clock) time (h:mm:ss or m:ss): 1:02:10
	Average shared text size (kbytes): 0
	Average unshared data size (kbytes): 0
	Average stack size (kbytes): 0
	Average total size (kbytes): 0
	Maximum resident set size (kbytes): 467856
	Average resident set size (kbytes): 0
	Major (requiring I/O) page faults: 0
	Minor (reclaiming a frame) page faults: 822801
	Voluntary context switches: 93850
	Involuntary context switches: 1995
	Swaps: 0
	File system inputs: 0
	File system outputs: 3040
	Socket messages sent: 0
	Socket messages received: 0
	Signals delivered: 0
	Page size (bytes): 4096
	Exit status: 0
[Mon Jun 15 02:28:02 PM UTC 2026] Finished 14 qubits | shots=5000 | backend=aer.fake_kawasaki
