[Fri May 29 05:26:29 PM UTC 2026] Starting 14 qubits

[1/10] 14q / 0_Clifford+T_001  observable: ZIIIIIIIIIIIII
/home/local/ADUNIPI/a044855/cutandinc/newcut/lib/python3.12/site-packages/qiskit_ibm_runtime/fake_provider/backends/nighthawk/fake_nighthawk.py:76: UserWarning: Properties of fake_nighthawk are not intended to represent typical nighthawk error values.
  warnings.warn(
    » [17:26:36]  14q / 0_Clifford+T_001  observable=ZIIIIIIIIIIIII  computing ground truth (PennyLane default.qubit)...
    · [   0.8s]  ground_truth = 1.000000
    » [17:26:37]  (#1) 14q / 0_Clifford+T_001 / noisy_vanilla  starting...
    ✓ [  15.8s]  (#1) 14q / 0_Clifford+T_001 / noisy_vanilla
    » [17:26:53]  (#1) 14q / 0_Clifford+T_001 / cut_divided_budget  starting...
/home/local/ADUNIPI/a044855/cutandinc/newcut/lib/python3.12/site-packages/pennylane/qcut/cutstrategy.py:367: UserWarning: The number of partition attempts seems high (40).
  warnings.warn(f"The number of partition attempts seems high ({len(ks)}).")
    ✓ [  71.2s]  (#1) 14q / 0_Clifford+T_001 / cut_divided_budget
    » [17:28:04]  (#1) 14q / 0_Clifford+T_001 / cut_qubit_prop  starting...
    ✓ [  54.7s]  (#1) 14q / 0_Clifford+T_001 / cut_qubit_prop
    » [17:28:59]  (#1) 14q / 0_Clifford+T_001 / cut_incremental_budget  starting...
    ✓ [ 200.4s]  (#1) 14q / 0_Clifford+T_001 / cut_incremental_budget
    » [17:32:19]  (#1) 14q / 0_Clifford+T_001 / cut_incremental_qubit_prop  starting...
    ✓ [ 185.7s]  (#1) 14q / 0_Clifford+T_001 / cut_incremental_qubit_prop

[2/10] 14q / 1_Clifford+T_011  observable: ZIIIIIIIIIIIII
    » [17:35:25]  14q / 1_Clifford+T_011  observable=ZIIIIIIIIIIIII  computing ground truth (PennyLane default.qubit)...
    · [   0.4s]  ground_truth = 1.000000
    » [17:35:25]  (#2) 14q / 1_Clifford+T_011 / noisy_vanilla  starting...
    ✓ [   4.7s]  (#2) 14q / 1_Clifford+T_011 / noisy_vanilla
    » [17:35:30]  (#2) 14q / 1_Clifford+T_011 / cut_divided_budget  starting...
/home/local/ADUNIPI/a044855/cutandinc/newcut/lib/python3.12/site-packages/pennylane/qcut/cutstrategy.py:367: UserWarning: The number of partition attempts seems high (40).
  warnings.warn(f"The number of partition attempts seems high ({len(ks)}).")
    ✓ [  55.5s]  (#2) 14q / 1_Clifford+T_011 / cut_divided_budget
    » [17:36:26]  (#2) 14q / 1_Clifford+T_011 / cut_qubit_prop  starting...
    ✓ [  48.4s]  (#2) 14q / 1_Clifford+T_011 / cut_qubit_prop
    » [17:37:14]  (#2) 14q / 1_Clifford+T_011 / cut_incremental_budget  starting...
    ✓ [ 209.3s]  (#2) 14q / 1_Clifford+T_011 / cut_incremental_budget
    » [17:40:43]  (#2) 14q / 1_Clifford+T_011 / cut_incremental_qubit_prop  starting...
    ✓ [ 174.7s]  (#2) 14q / 1_Clifford+T_011 / cut_incremental_qubit_prop

[3/10] 14q / 2_Clifford+T_012  observable: ZIIIIIIIIIIIII
    » [17:43:38]  14q / 2_Clifford+T_012  observable=ZIIIIIIIIIIIII  computing ground truth (PennyLane default.qubit)...
    · [   0.0s]  ground_truth = 1.000000
    » [17:43:38]  (#3) 14q / 2_Clifford+T_012 / noisy_vanilla  starting...
    ✓ [   4.9s]  (#3) 14q / 2_Clifford+T_012 / noisy_vanilla
    » [17:43:43]  (#3) 14q / 2_Clifford+T_012 / cut_divided_budget  starting...
/home/local/ADUNIPI/a044855/cutandinc/newcut/lib/python3.12/site-packages/pennylane/qcut/cutstrategy.py:367: UserWarning: The number of partition attempts seems high (40).
  warnings.warn(f"The number of partition attempts seems high ({len(ks)}).")
    ✓ [  23.1s]  (#3) 14q / 2_Clifford+T_012 / cut_divided_budget
    » [17:44:06]  (#3) 14q / 2_Clifford+T_012 / cut_qubit_prop  starting...
    ✓ [  12.2s]  (#3) 14q / 2_Clifford+T_012 / cut_qubit_prop
    » [17:44:18]  (#3) 14q / 2_Clifford+T_012 / cut_incremental_budget  starting...
    ✓ [ 140.7s]  (#3) 14q / 2_Clifford+T_012 / cut_incremental_budget
    » [17:46:39]  (#3) 14q / 2_Clifford+T_012 / cut_incremental_qubit_prop  starting...
    ✓ [ 159.9s]  (#3) 14q / 2_Clifford+T_012 / cut_incremental_qubit_prop

[4/10] 14q / 3_Clifford+T_014  observable: ZIIIIIIIIIIIII
    » [17:49:19]  14q / 3_Clifford+T_014  observable=ZIIIIIIIIIIIII  computing ground truth (PennyLane default.qubit)...
    · [   0.0s]  ground_truth = -1.000000
    » [17:49:19]  (#4) 14q / 3_Clifford+T_014 / noisy_vanilla  starting...
    ✓ [   5.3s]  (#4) 14q / 3_Clifford+T_014 / noisy_vanilla
    » [17:49:24]  (#4) 14q / 3_Clifford+T_014 / cut_divided_budget  starting...
/home/local/ADUNIPI/a044855/cutandinc/newcut/lib/python3.12/site-packages/pennylane/qcut/cutstrategy.py:367: UserWarning: The number of partition attempts seems high (40).
  warnings.warn(f"The number of partition attempts seems high ({len(ks)}).")
    ✓ [  19.6s]  (#4) 14q / 3_Clifford+T_014 / cut_divided_budget
    » [17:49:44]  (#4) 14q / 3_Clifford+T_014 / cut_qubit_prop  starting...
    ✓ [  12.9s]  (#4) 14q / 3_Clifford+T_014 / cut_qubit_prop
    » [17:49:57]  (#4) 14q / 3_Clifford+T_014 / cut_incremental_budget  starting...
    ✓ [ 135.3s]  (#4) 14q / 3_Clifford+T_014 / cut_incremental_budget
    » [17:52:12]  (#4) 14q / 3_Clifford+T_014 / cut_incremental_qubit_prop  starting...
    ✓ [ 146.9s]  (#4) 14q / 3_Clifford+T_014 / cut_incremental_qubit_prop

[5/10] 14q / 4_Clifford+T_015  observable: ZIIIIIIIIIIIII
    » [17:54:39]  14q / 4_Clifford+T_015  observable=ZIIIIIIIIIIIII  computing ground truth (PennyLane default.qubit)...
    · [   0.0s]  ground_truth = 0.000000
    » [17:54:39]  (#5) 14q / 4_Clifford+T_015 / noisy_vanilla  starting...
    ✓ [   4.9s]  (#5) 14q / 4_Clifford+T_015 / noisy_vanilla
    » [17:54:44]  (#5) 14q / 4_Clifford+T_015 / cut_divided_budget  starting...
/home/local/ADUNIPI/a044855/cutandinc/newcut/lib/python3.12/site-packages/pennylane/qcut/cutstrategy.py:367: UserWarning: The number of partition attempts seems high (41).
  warnings.warn(f"The number of partition attempts seems high ({len(ks)}).")
    ✓ [  11.3s]  (#5) 14q / 4_Clifford+T_015 / cut_divided_budget
    » [17:54:55]  (#5) 14q / 4_Clifford+T_015 / cut_qubit_prop  starting...
    ✓ [   3.8s]  (#5) 14q / 4_Clifford+T_015 / cut_qubit_prop
    » [17:54:59]  (#5) 14q / 4_Clifford+T_015 / cut_incremental_budget  starting...
    ✓ [  61.8s]  (#5) 14q / 4_Clifford+T_015 / cut_incremental_budget
    » [17:56:01]  (#5) 14q / 4_Clifford+T_015 / cut_incremental_qubit_prop  starting...
    ✓ [  76.9s]  (#5) 14q / 4_Clifford+T_015 / cut_incremental_qubit_prop

[6/10] 14q / 5_Clifford+T_016  observable: ZIIIIIIIIIIIII
    » [17:57:18]  14q / 5_Clifford+T_016  observable=ZIIIIIIIIIIIII  computing ground truth (PennyLane default.qubit)...
    · [   0.0s]  ground_truth = 1.000000
    » [17:57:18]  (#6) 14q / 5_Clifford+T_016 / noisy_vanilla  starting...
    ✓ [   5.2s]  (#6) 14q / 5_Clifford+T_016 / noisy_vanilla
    » [17:57:23]  (#6) 14q / 5_Clifford+T_016 / cut_divided_budget  starting...
/home/local/ADUNIPI/a044855/cutandinc/newcut/lib/python3.12/site-packages/pennylane/qcut/cutstrategy.py:367: UserWarning: The number of partition attempts seems high (40).
  warnings.warn(f"The number of partition attempts seems high ({len(ks)}).")
    ✓ [  19.3s]  (#6) 14q / 5_Clifford+T_016 / cut_divided_budget
    » [17:57:42]  (#6) 14q / 5_Clifford+T_016 / cut_qubit_prop  starting...
    ✓ [  16.0s]  (#6) 14q / 5_Clifford+T_016 / cut_qubit_prop
    » [17:57:58]  (#6) 14q / 5_Clifford+T_016 / cut_incremental_budget  starting...
    ✓ [ 157.5s]  (#6) 14q / 5_Clifford+T_016 / cut_incremental_budget
    » [18:00:36]  (#6) 14q / 5_Clifford+T_016 / cut_incremental_qubit_prop  starting...
    ✓ [ 155.3s]  (#6) 14q / 5_Clifford+T_016 / cut_incremental_qubit_prop

[7/10] 14q / 6_Clifford+T_018  observable: ZIIIIIIIIIIIII
    » [18:03:11]  14q / 6_Clifford+T_018  observable=ZIIIIIIIIIIIII  computing ground truth (PennyLane default.qubit)...
    · [   0.0s]  ground_truth = 1.000000
    » [18:03:11]  (#7) 14q / 6_Clifford+T_018 / noisy_vanilla  starting...
    ✓ [   5.7s]  (#7) 14q / 6_Clifford+T_018 / noisy_vanilla
    » [18:03:17]  (#7) 14q / 6_Clifford+T_018 / cut_divided_budget  starting...
/home/local/ADUNIPI/a044855/cutandinc/newcut/lib/python3.12/site-packages/pennylane/qcut/cutstrategy.py:367: UserWarning: The number of partition attempts seems high (42).
  warnings.warn(f"The number of partition attempts seems high ({len(ks)}).")
    ✓ [  21.2s]  (#7) 14q / 6_Clifford+T_018 / cut_divided_budget
    » [18:03:38]  (#7) 14q / 6_Clifford+T_018 / cut_qubit_prop  starting...
    ✓ [  11.9s]  (#7) 14q / 6_Clifford+T_018 / cut_qubit_prop
    » [18:03:50]  (#7) 14q / 6_Clifford+T_018 / cut_incremental_budget  starting...
    ✓ [ 151.3s]  (#7) 14q / 6_Clifford+T_018 / cut_incremental_budget
    » [18:06:21]  (#7) 14q / 6_Clifford+T_018 / cut_incremental_qubit_prop  starting...
    ✓ [ 165.2s]  (#7) 14q / 6_Clifford+T_018 / cut_incremental_qubit_prop

[8/10] 14q / 7_Clifford+T_019  observable: ZIIIIIIIIIIIII
    » [18:09:06]  14q / 7_Clifford+T_019  observable=ZIIIIIIIIIIIII  computing ground truth (PennyLane default.qubit)...
    · [   0.0s]  ground_truth = -1.000000
    » [18:09:06]  (#8) 14q / 7_Clifford+T_019 / noisy_vanilla  starting...
    ✓ [   5.5s]  (#8) 14q / 7_Clifford+T_019 / noisy_vanilla
    » [18:09:12]  (#8) 14q / 7_Clifford+T_019 / cut_divided_budget  starting...
/home/local/ADUNIPI/a044855/cutandinc/newcut/lib/python3.12/site-packages/pennylane/qcut/cutstrategy.py:367: UserWarning: The number of partition attempts seems high (41).
  warnings.warn(f"The number of partition attempts seems high ({len(ks)}).")
    ✓ [  21.9s]  (#8) 14q / 7_Clifford+T_019 / cut_divided_budget
    » [18:09:34]  (#8) 14q / 7_Clifford+T_019 / cut_qubit_prop  starting...
    ✓ [  12.5s]  (#8) 14q / 7_Clifford+T_019 / cut_qubit_prop
    » [18:09:46]  (#8) 14q / 7_Clifford+T_019 / cut_incremental_budget  starting...
    ✓ [ 138.4s]  (#8) 14q / 7_Clifford+T_019 / cut_incremental_budget
    » [18:12:05]  (#8) 14q / 7_Clifford+T_019 / cut_incremental_qubit_prop  starting...
    ✓ [ 154.6s]  (#8) 14q / 7_Clifford+T_019 / cut_incremental_qubit_prop

[9/10] 14q / 8_Clifford+T_022  observable: ZIIIIIIIIIIIII
    » [18:14:39]  14q / 8_Clifford+T_022  observable=ZIIIIIIIIIIIII  computing ground truth (PennyLane default.qubit)...
    · [   0.0s]  ground_truth = 0.000000
    » [18:14:39]  (#9) 14q / 8_Clifford+T_022 / noisy_vanilla  starting...
    ✓ [   5.0s]  (#9) 14q / 8_Clifford+T_022 / noisy_vanilla
    » [18:14:44]  (#9) 14q / 8_Clifford+T_022 / cut_divided_budget  starting...
/home/local/ADUNIPI/a044855/cutandinc/newcut/lib/python3.12/site-packages/pennylane/qcut/cutstrategy.py:367: UserWarning: The number of partition attempts seems high (40).
  warnings.warn(f"The number of partition attempts seems high ({len(ks)}).")
    ✓ [  20.9s]  (#9) 14q / 8_Clifford+T_022 / cut_divided_budget
    » [18:15:05]  (#9) 14q / 8_Clifford+T_022 / cut_qubit_prop  starting...
    ✓ [  11.9s]  (#9) 14q / 8_Clifford+T_022 / cut_qubit_prop
    » [18:15:17]  (#9) 14q / 8_Clifford+T_022 / cut_incremental_budget  starting...
    ✓ [ 141.9s]  (#9) 14q / 8_Clifford+T_022 / cut_incremental_budget
    » [18:17:39]  (#9) 14q / 8_Clifford+T_022 / cut_incremental_qubit_prop  starting...
    ✓ [ 149.0s]  (#9) 14q / 8_Clifford+T_022 / cut_incremental_qubit_prop

[10/10] 14q / 9_Clifford+T_026  observable: ZIIIIIIIIIIIII
    » [18:20:08]  14q / 9_Clifford+T_026  observable=ZIIIIIIIIIIIII  computing ground truth (PennyLane default.qubit)...
    · [   0.0s]  ground_truth = 1.000000
    » [18:20:08]  (#10) 14q / 9_Clifford+T_026 / noisy_vanilla  starting...
    ✓ [   5.4s]  (#10) 14q / 9_Clifford+T_026 / noisy_vanilla
    » [18:20:13]  (#10) 14q / 9_Clifford+T_026 / cut_divided_budget  starting...
/home/local/ADUNIPI/a044855/cutandinc/newcut/lib/python3.12/site-packages/pennylane/qcut/cutstrategy.py:367: UserWarning: The number of partition attempts seems high (40).
  warnings.warn(f"The number of partition attempts seems high ({len(ks)}).")
    ✓ [  20.6s]  (#10) 14q / 9_Clifford+T_026 / cut_divided_budget
    » [18:20:34]  (#10) 14q / 9_Clifford+T_026 / cut_qubit_prop  starting...
    ✓ [  11.0s]  (#10) 14q / 9_Clifford+T_026 / cut_qubit_prop
    » [18:20:45]  (#10) 14q / 9_Clifford+T_026 / cut_incremental_budget  starting...
    ✓ [ 137.7s]  (#10) 14q / 9_Clifford+T_026 / cut_incremental_budget
    » [18:23:03]  (#10) 14q / 9_Clifford+T_026 / cut_incremental_qubit_prop  starting...
    ✓ [ 136.9s]  (#10) 14q / 9_Clifford+T_026 / cut_incremental_qubit_prop

============================================================
  Finished :   50  mode runs
  Failed   :    0  mode runs
============================================================

Merged CSV -> results/new/ewma_10k_sherbroke_01/14_qubits/summary.csv
Run log    -> results/new/ewma_10k_sherbroke_01/14_qubits/run.log
Per-mode JSON -> results/new/ewma_10k_sherbroke_01/14_qubits/<qubits>q/<circuit>/<mode>.json
[Fri May 29 06:25:21 PM UTC 2026] Finished 14 qubits
