[Wed Jun 17 07:51:21 PM UTC 2026] Starting 16 qubits | shots=5000 | backend=aer.fake_kawasaki
[Wed Jun 17 07:51:21 PM UTC 2026] Per-job memory limit: 7GB virtual memory

[1/10] 16q / 0_Clifford+T_002  observable: ZIIIIIIIIIIIIIII
/home/local/ADUNIPI/a044855/cutandinc/newcut/lib/python3.12/site-packages/qiskit_ibm_runtime/fake_provider/backends/nighthawk/fake_nighthawk.py:76: UserWarning: Properties of fake_nighthawk are not intended to represent typical nighthawk error values.
  warnings.warn(
    » [19:51:31]  16q / 0_Clifford+T_002  observable=ZIIIIIIIIIIIIIII  computing ground truth (PennyLane default.qubit)...
    · [   0.8s]  ground_truth = 1.000000
    » [19:51:32]  (#1) 16q / 0_Clifford+T_002 / noisy_vanilla  starting...
    ✓ [ 322.7s]  (#1) 16q / 0_Clifford+T_002 / noisy_vanilla
    » [19:56:55]  (#1) 16q / 0_Clifford+T_002 / cut_divided_budget  starting...
/home/local/ADUNIPI/a044855/cutandinc/newcut/lib/python3.12/site-packages/pennylane/qcut/cutstrategy.py:367: UserWarning: The number of partition attempts seems high (40).
  warnings.warn(f"The number of partition attempts seems high ({len(ks)}).")
    ✓ [  28.6s]  (#1) 16q / 0_Clifford+T_002 / cut_divided_budget
    » [19:57:23]  (#1) 16q / 0_Clifford+T_002 / cut_qubit_prop  starting...
    ✓ [  17.0s]  (#1) 16q / 0_Clifford+T_002 / cut_qubit_prop
    » [19:57:41]  (#1) 16q / 0_Clifford+T_002 / cut_incremental_budget  starting...
    ✓ [ 193.5s]  (#1) 16q / 0_Clifford+T_002 / cut_incremental_budget
    » [20:00:54]  (#1) 16q / 0_Clifford+T_002 / cut_incremental_qubit_prop  starting...
    ✓ [ 213.1s]  (#1) 16q / 0_Clifford+T_002 / cut_incremental_qubit_prop

[2/10] 16q / 1_Clifford+T_008  observable: ZIIIIIIIIIIIIIII
    » [20:04:27]  16q / 1_Clifford+T_008  observable=ZIIIIIIIIIIIIIII  computing ground truth (PennyLane default.qubit)...
    · [   0.0s]  ground_truth = -1.000000
    » [20:04:27]  (#2) 16q / 1_Clifford+T_008 / noisy_vanilla  starting...
    ✓ [ 287.9s]  (#2) 16q / 1_Clifford+T_008 / noisy_vanilla
    » [20:09:15]  (#2) 16q / 1_Clifford+T_008 / cut_divided_budget  starting...
/home/local/ADUNIPI/a044855/cutandinc/newcut/lib/python3.12/site-packages/pennylane/qcut/cutstrategy.py:367: UserWarning: The number of partition attempts seems high (40).
  warnings.warn(f"The number of partition attempts seems high ({len(ks)}).")
    ✓ [  29.7s]  (#2) 16q / 1_Clifford+T_008 / cut_divided_budget
    » [20:09:45]  (#2) 16q / 1_Clifford+T_008 / cut_qubit_prop  starting...
    ✓ [  18.9s]  (#2) 16q / 1_Clifford+T_008 / cut_qubit_prop
    » [20:10:04]  (#2) 16q / 1_Clifford+T_008 / cut_incremental_budget  starting...
    ✓ [ 207.3s]  (#2) 16q / 1_Clifford+T_008 / cut_incremental_budget
    » [20:13:31]  (#2) 16q / 1_Clifford+T_008 / cut_incremental_qubit_prop  starting...
    ✓ [ 138.3s]  (#2) 16q / 1_Clifford+T_008 / cut_incremental_qubit_prop

[3/10] 16q / 2_Clifford+T_015  observable: ZIIIIIIIIIIIIIII
    » [20:15:49]  16q / 2_Clifford+T_015  observable=ZIIIIIIIIIIIIIII  computing ground truth (PennyLane default.qubit)...
    · [   0.0s]  ground_truth = -1.000000
    » [20:15:49]  (#3) 16q / 2_Clifford+T_015 / noisy_vanilla  starting...
    ✓ [ 184.0s]  (#3) 16q / 2_Clifford+T_015 / noisy_vanilla
    » [20:18:53]  (#3) 16q / 2_Clifford+T_015 / cut_divided_budget  starting...
/home/local/ADUNIPI/a044855/cutandinc/newcut/lib/python3.12/site-packages/pennylane/qcut/cutstrategy.py:367: UserWarning: The number of partition attempts seems high (41).
  warnings.warn(f"The number of partition attempts seems high ({len(ks)}).")
    ✓ [  26.6s]  (#3) 16q / 2_Clifford+T_015 / cut_divided_budget
    » [20:19:20]  (#3) 16q / 2_Clifford+T_015 / cut_qubit_prop  starting...
    ✓ [  26.2s]  (#3) 16q / 2_Clifford+T_015 / cut_qubit_prop
    » [20:19:46]  (#3) 16q / 2_Clifford+T_015 / cut_incremental_budget  starting...
    ✓ [ 120.0s]  (#3) 16q / 2_Clifford+T_015 / cut_incremental_budget
    » [20:21:46]  (#3) 16q / 2_Clifford+T_015 / cut_incremental_qubit_prop  starting...
    ✓ [ 151.5s]  (#3) 16q / 2_Clifford+T_015 / cut_incremental_qubit_prop

[4/10] 16q / 3_Clifford+T_016  observable: ZIIIIIIIIIIIIIII
    » [20:24:18]  16q / 3_Clifford+T_016  observable=ZIIIIIIIIIIIIIII  computing ground truth (PennyLane default.qubit)...
    · [   0.0s]  ground_truth = 1.000000
    » [20:24:18]  (#4) 16q / 3_Clifford+T_016 / noisy_vanilla  starting...
    ✓ [ 176.7s]  (#4) 16q / 3_Clifford+T_016 / noisy_vanilla
    » [20:27:14]  (#4) 16q / 3_Clifford+T_016 / cut_divided_budget  starting...
/home/local/ADUNIPI/a044855/cutandinc/newcut/lib/python3.12/site-packages/pennylane/qcut/cutstrategy.py:367: UserWarning: The number of partition attempts seems high (40).
  warnings.warn(f"The number of partition attempts seems high ({len(ks)}).")
    ✓ [  16.1s]  (#4) 16q / 3_Clifford+T_016 / cut_divided_budget
    » [20:27:30]  (#4) 16q / 3_Clifford+T_016 / cut_qubit_prop  starting...
    ✓ [  10.3s]  (#4) 16q / 3_Clifford+T_016 / cut_qubit_prop
    » [20:27:41]  (#4) 16q / 3_Clifford+T_016 / cut_incremental_budget  starting...
    ✓ [ 130.6s]  (#4) 16q / 3_Clifford+T_016 / cut_incremental_budget
    » [20:29:51]  (#4) 16q / 3_Clifford+T_016 / cut_incremental_qubit_prop  starting...
    ✓ [ 132.7s]  (#4) 16q / 3_Clifford+T_016 / cut_incremental_qubit_prop

[5/10] 16q / 4_Clifford+T_018  observable: ZIIIIIIIIIIIIIII
    » [20:32:04]  16q / 4_Clifford+T_018  observable=ZIIIIIIIIIIIIIII  computing ground truth (PennyLane default.qubit)...
    · [   0.0s]  ground_truth = 0.000000
    » [20:32:04]  (#5) 16q / 4_Clifford+T_018 / noisy_vanilla  starting...
    ✓ [ 219.4s]  (#5) 16q / 4_Clifford+T_018 / noisy_vanilla
    » [20:35:44]  (#5) 16q / 4_Clifford+T_018 / cut_divided_budget  starting...
/home/local/ADUNIPI/a044855/cutandinc/newcut/lib/python3.12/site-packages/pennylane/qcut/cutstrategy.py:367: UserWarning: The number of partition attempts seems high (42).
  warnings.warn(f"The number of partition attempts seems high ({len(ks)}).")
    ✓ [  24.0s]  (#5) 16q / 4_Clifford+T_018 / cut_divided_budget
    » [20:36:08]  (#5) 16q / 4_Clifford+T_018 / cut_qubit_prop  starting...
    ✓ [  16.3s]  (#5) 16q / 4_Clifford+T_018 / cut_qubit_prop
    » [20:36:24]  (#5) 16q / 4_Clifford+T_018 / cut_incremental_budget  starting...
    ✓ [ 200.4s]  (#5) 16q / 4_Clifford+T_018 / cut_incremental_budget
    » [20:39:44]  (#5) 16q / 4_Clifford+T_018 / cut_incremental_qubit_prop  starting...
    ✓ [ 215.2s]  (#5) 16q / 4_Clifford+T_018 / cut_incremental_qubit_prop

[6/10] 16q / 5_Clifford+T_019  observable: ZIIIIIIIIIIIIIII
    » [20:43:20]  16q / 5_Clifford+T_019  observable=ZIIIIIIIIIIIIIII  computing ground truth (PennyLane default.qubit)...
    · [   0.0s]  ground_truth = -1.000000
    » [20:43:20]  (#6) 16q / 5_Clifford+T_019 / noisy_vanilla  starting...
    ✓ [ 209.8s]  (#6) 16q / 5_Clifford+T_019 / noisy_vanilla
    » [20:46:49]  (#6) 16q / 5_Clifford+T_019 / cut_divided_budget  starting...
/home/local/ADUNIPI/a044855/cutandinc/newcut/lib/python3.12/site-packages/pennylane/qcut/cutstrategy.py:367: UserWarning: The number of partition attempts seems high (41).
  warnings.warn(f"The number of partition attempts seems high ({len(ks)}).")
    ✓ [  44.6s]  (#6) 16q / 5_Clifford+T_019 / cut_divided_budget
    » [20:47:34]  (#6) 16q / 5_Clifford+T_019 / cut_qubit_prop  starting...
    ✓ [  47.3s]  (#6) 16q / 5_Clifford+T_019 / cut_qubit_prop
    » [20:48:21]  (#6) 16q / 5_Clifford+T_019 / cut_incremental_budget  starting...
    ✓ [ 137.7s]  (#6) 16q / 5_Clifford+T_019 / cut_incremental_budget
    » [20:50:39]  (#6) 16q / 5_Clifford+T_019 / cut_incremental_qubit_prop  starting...
    ✓ [ 243.9s]  (#6) 16q / 5_Clifford+T_019 / cut_incremental_qubit_prop

[7/10] 16q / 6_Clifford+T_021  observable: ZIIIIIIIIIIIIIII
    » [20:54:43]  16q / 6_Clifford+T_021  observable=ZIIIIIIIIIIIIIII  computing ground truth (PennyLane default.qubit)...
    · [   0.0s]  ground_truth = 1.000000
    » [20:54:43]  (#7) 16q / 6_Clifford+T_021 / noisy_vanilla  starting...
    ✓ [ 194.0s]  (#7) 16q / 6_Clifford+T_021 / noisy_vanilla
    » [20:57:57]  (#7) 16q / 6_Clifford+T_021 / cut_divided_budget  starting...
/home/local/ADUNIPI/a044855/cutandinc/newcut/lib/python3.12/site-packages/pennylane/qcut/cutstrategy.py:367: UserWarning: The number of partition attempts seems high (40).
  warnings.warn(f"The number of partition attempts seems high ({len(ks)}).")
    ✓ [  22.5s]  (#7) 16q / 6_Clifford+T_021 / cut_divided_budget
    » [20:58:19]  (#7) 16q / 6_Clifford+T_021 / cut_qubit_prop  starting...
    ✓ [  12.9s]  (#7) 16q / 6_Clifford+T_021 / cut_qubit_prop
    » [20:58:32]  (#7) 16q / 6_Clifford+T_021 / cut_incremental_budget  starting...
    ✓ [ 134.6s]  (#7) 16q / 6_Clifford+T_021 / cut_incremental_budget
    » [21:00:47]  (#7) 16q / 6_Clifford+T_021 / cut_incremental_qubit_prop  starting...
    ✓ [ 131.8s]  (#7) 16q / 6_Clifford+T_021 / cut_incremental_qubit_prop

[8/10] 16q / 7_Clifford+T_026  observable: ZIIIIIIIIIIIIIII
    » [21:02:59]  16q / 7_Clifford+T_026  observable=ZIIIIIIIIIIIIIII  computing ground truth (PennyLane default.qubit)...
    · [   0.0s]  ground_truth = -1.000000
    » [21:02:59]  (#8) 16q / 7_Clifford+T_026 / noisy_vanilla  starting...
    ✓ [ 195.8s]  (#8) 16q / 7_Clifford+T_026 / noisy_vanilla
    » [21:06:14]  (#8) 16q / 7_Clifford+T_026 / cut_divided_budget  starting...
/home/local/ADUNIPI/a044855/cutandinc/newcut/lib/python3.12/site-packages/pennylane/qcut/cutstrategy.py:367: UserWarning: The number of partition attempts seems high (41).
  warnings.warn(f"The number of partition attempts seems high ({len(ks)}).")
    ✓ [  21.8s]  (#8) 16q / 7_Clifford+T_026 / cut_divided_budget
    » [21:06:36]  (#8) 16q / 7_Clifford+T_026 / cut_qubit_prop  starting...
    ✓ [  17.3s]  (#8) 16q / 7_Clifford+T_026 / cut_qubit_prop
    » [21:06:53]  (#8) 16q / 7_Clifford+T_026 / cut_incremental_budget  starting...
    ✓ [ 164.0s]  (#8) 16q / 7_Clifford+T_026 / cut_incremental_budget
    » [21:09:37]  (#8) 16q / 7_Clifford+T_026 / cut_incremental_qubit_prop  starting...
    ✓ [ 182.8s]  (#8) 16q / 7_Clifford+T_026 / cut_incremental_qubit_prop

[9/10] 16q / 8_Clifford+T_032  observable: ZIIIIIIIIIIIIIII
    » [21:12:40]  16q / 8_Clifford+T_032  observable=ZIIIIIIIIIIIIIII  computing ground truth (PennyLane default.qubit)...
    · [   0.0s]  ground_truth = 1.000000
    » [21:12:40]  (#9) 16q / 8_Clifford+T_032 / noisy_vanilla  starting...
    ✓ [ 376.4s]  (#9) 16q / 8_Clifford+T_032 / noisy_vanilla
    » [21:18:57]  (#9) 16q / 8_Clifford+T_032 / cut_divided_budget  starting...
/home/local/ADUNIPI/a044855/cutandinc/newcut/lib/python3.12/site-packages/pennylane/qcut/cutstrategy.py:367: UserWarning: The number of partition attempts seems high (40).
  warnings.warn(f"The number of partition attempts seems high ({len(ks)}).")
    ✓ [  61.4s]  (#9) 16q / 8_Clifford+T_032 / cut_divided_budget
    » [21:19:58]  (#9) 16q / 8_Clifford+T_032 / cut_qubit_prop  starting...
    ✓ [  43.7s]  (#9) 16q / 8_Clifford+T_032 / cut_qubit_prop
    » [21:20:42]  (#9) 16q / 8_Clifford+T_032 / cut_incremental_budget  starting...
    ✓ [ 286.1s]  (#9) 16q / 8_Clifford+T_032 / cut_incremental_budget
    » [21:25:28]  (#9) 16q / 8_Clifford+T_032 / cut_incremental_qubit_prop  starting...
    ✓ [ 448.4s]  (#9) 16q / 8_Clifford+T_032 / cut_incremental_qubit_prop

[10/10] 16q / 9_Clifford+T_040  observable: ZIIIIIIIIIIIIIII
    » [21:32:56]  16q / 9_Clifford+T_040  observable=ZIIIIIIIIIIIIIII  computing ground truth (PennyLane default.qubit)...
    · [   0.1s]  ground_truth = 0.000000
    » [21:32:56]  (#10) 16q / 9_Clifford+T_040 / noisy_vanilla  starting...
    ✓ [ 504.0s]  (#10) 16q / 9_Clifford+T_040 / noisy_vanilla
    » [21:41:20]  (#10) 16q / 9_Clifford+T_040 / cut_divided_budget  starting...
/home/local/ADUNIPI/a044855/cutandinc/newcut/lib/python3.12/site-packages/pennylane/qcut/cutstrategy.py:367: UserWarning: The number of partition attempts seems high (40).
  warnings.warn(f"The number of partition attempts seems high ({len(ks)}).")
    ✓ [  86.7s]  (#10) 16q / 9_Clifford+T_040 / cut_divided_budget
    » [21:42:47]  (#10) 16q / 9_Clifford+T_040 / cut_qubit_prop  starting...
    ✓ [  86.9s]  (#10) 16q / 9_Clifford+T_040 / cut_qubit_prop
    » [21:44:14]  (#10) 16q / 9_Clifford+T_040 / cut_incremental_budget  starting...
    ✓ [ 368.5s]  (#10) 16q / 9_Clifford+T_040 / cut_incremental_budget
    » [21:50:25]  (#10) 16q / 9_Clifford+T_040 / cut_incremental_qubit_prop  starting...
    ✓ [ 439.6s]  (#10) 16q / 9_Clifford+T_040 / cut_incremental_qubit_prop

============================================================
  Finished :   50  mode runs
  Failed   :    0  mode runs
============================================================

Merged CSV -> results/new/stable_shots3/5000_shots/kawasaki/16_qubits/summary.csv
Run log    -> results/new/stable_shots3/5000_shots/kawasaki/16_qubits/run.log
Per-mode JSON -> results/new/stable_shots3/5000_shots/kawasaki/16_qubits/<qubits>q/<circuit>/<mode>.json
	Command being timed: "python main_new_new.py --circuits-pkl only_cliffordt/clif16.pkl --shots 5000 --noisy-backend aer.fake_kawasaki --seed-simulator 42 --modes noisy_vanilla cut_divided_budget cut_qubit_prop cut_incremental_budget cut_incremental_qubit_prop --incremental-config configs/stable_shots3.json --parallel-circuits 1 --output-dir results/new/stable_shots3/5000_shots/kawasaki/16_qubits"
	User time (seconds): 7577.52
	System time (seconds): 18.88
	Percent of CPU this job got: 100%
	Elapsed (wall clock) time (h:mm:ss or m:ss): 2:06:26
	Average shared text size (kbytes): 0
	Average unshared data size (kbytes): 0
	Average stack size (kbytes): 0
	Average total size (kbytes): 0
	Maximum resident set size (kbytes): 473236
	Average resident set size (kbytes): 0
	Major (requiring I/O) page faults: 0
	Minor (reclaiming a frame) page faults: 3056396
	Voluntary context switches: 486131
	Involuntary context switches: 9452
	Swaps: 0
	File system inputs: 0
	File system outputs: 2792
	Socket messages sent: 0
	Socket messages received: 0
	Signals delivered: 0
	Page size (bytes): 4096
	Exit status: 0
[Wed Jun 17 09:57:47 PM UTC 2026] Finished 16 qubits | shots=5000 | backend=aer.fake_kawasaki
wasaki
