[Thu Jun 18 12:51:05 AM UTC 2026] Starting 10 qubits | shots=10000 | backend=aer.fake_kawasaki
[Thu Jun 18 12:51:05 AM UTC 2026] Per-job memory limit: 7GB virtual memory

[1/10] 10q / 0_Clifford+T_001  observable: ZIIIIIIIII
/home/local/ADUNIPI/a044855/cutandinc/newcut/lib/python3.12/site-packages/qiskit_ibm_runtime/fake_provider/backends/nighthawk/fake_nighthawk.py:76: UserWarning: Properties of fake_nighthawk are not intended to represent typical nighthawk error values.
  warnings.warn(
    » [00:51:12]  10q / 0_Clifford+T_001  observable=ZIIIIIIIII  computing ground truth (PennyLane default.qubit)...
    · [   0.5s]  ground_truth = -1.000000
    » [00:51:12]  (#1) 10q / 0_Clifford+T_001 / noisy_vanilla  starting...
    ✓ [   1.9s]  (#1) 10q / 0_Clifford+T_001 / noisy_vanilla
    » [00:51:14]  (#1) 10q / 0_Clifford+T_001 / cut_divided_budget  starting...
/home/local/ADUNIPI/a044855/cutandinc/newcut/lib/python3.12/site-packages/pennylane/qcut/cutstrategy.py:367: UserWarning: The number of partition attempts seems high (40).
  warnings.warn(f"The number of partition attempts seems high ({len(ks)}).")
    ✓ [  50.2s]  (#1) 10q / 0_Clifford+T_001 / cut_divided_budget
    » [00:52:04]  (#1) 10q / 0_Clifford+T_001 / cut_qubit_prop  starting...
    ✓ [  42.4s]  (#1) 10q / 0_Clifford+T_001 / cut_qubit_prop
    » [00:52:47]  (#1) 10q / 0_Clifford+T_001 / cut_incremental_budget  starting...
    ✓ [ 338.4s]  (#1) 10q / 0_Clifford+T_001 / cut_incremental_budget
    » [00:58:25]  (#1) 10q / 0_Clifford+T_001 / cut_incremental_qubit_prop  starting...
    ✓ [ 347.9s]  (#1) 10q / 0_Clifford+T_001 / cut_incremental_qubit_prop

[2/10] 10q / 1_Clifford+T_004  observable: ZIIIIIIIII
    » [01:04:13]  10q / 1_Clifford+T_004  observable=ZIIIIIIIII  computing ground truth (PennyLane default.qubit)...
    · [   0.0s]  ground_truth = 0.000000
    » [01:04:13]  (#2) 10q / 1_Clifford+T_004 / noisy_vanilla  starting...
    ✓ [   2.9s]  (#2) 10q / 1_Clifford+T_004 / noisy_vanilla
    » [01:04:16]  (#2) 10q / 1_Clifford+T_004 / cut_divided_budget  starting...
/home/local/ADUNIPI/a044855/cutandinc/newcut/lib/python3.12/site-packages/pennylane/qcut/cutstrategy.py:367: UserWarning: The number of partition attempts seems high (40).
  warnings.warn(f"The number of partition attempts seems high ({len(ks)}).")
    ✓ [  29.7s]  (#2) 10q / 1_Clifford+T_004 / cut_divided_budget
    » [01:04:46]  (#2) 10q / 1_Clifford+T_004 / cut_qubit_prop  starting...
    ✓ [  17.4s]  (#2) 10q / 1_Clifford+T_004 / cut_qubit_prop
    » [01:05:03]  (#2) 10q / 1_Clifford+T_004 / cut_incremental_budget  starting...
    ✓ [ 271.0s]  (#2) 10q / 1_Clifford+T_004 / cut_incremental_budget
    » [01:09:34]  (#2) 10q / 1_Clifford+T_004 / cut_incremental_qubit_prop  starting...
    ✓ [ 306.6s]  (#2) 10q / 1_Clifford+T_004 / cut_incremental_qubit_prop

[3/10] 10q / 2_Clifford+T_008  observable: ZIIIIIIIII
    » [01:14:41]  10q / 2_Clifford+T_008  observable=ZIIIIIIIII  computing ground truth (PennyLane default.qubit)...
    · [   0.0s]  ground_truth = 1.000000
    » [01:14:41]  (#3) 10q / 2_Clifford+T_008 / noisy_vanilla  starting...
    ✓ [   1.9s]  (#3) 10q / 2_Clifford+T_008 / noisy_vanilla
    » [01:14:42]  (#3) 10q / 2_Clifford+T_008 / cut_divided_budget  starting...
/home/local/ADUNIPI/a044855/cutandinc/newcut/lib/python3.12/site-packages/pennylane/qcut/cutstrategy.py:367: UserWarning: The number of partition attempts seems high (40).
  warnings.warn(f"The number of partition attempts seems high ({len(ks)}).")
    ✓ [  49.4s]  (#3) 10q / 2_Clifford+T_008 / cut_divided_budget
    » [01:15:32]  (#3) 10q / 2_Clifford+T_008 / cut_qubit_prop  starting...
    ✓ [  53.9s]  (#3) 10q / 2_Clifford+T_008 / cut_qubit_prop
    » [01:16:26]  (#3) 10q / 2_Clifford+T_008 / cut_incremental_budget  starting...
    ✓ [ 458.7s]  (#3) 10q / 2_Clifford+T_008 / cut_incremental_budget
    » [01:24:04]  (#3) 10q / 2_Clifford+T_008 / cut_incremental_qubit_prop  starting...
    ✓ [ 412.4s]  (#3) 10q / 2_Clifford+T_008 / cut_incremental_qubit_prop

[4/10] 10q / 3_Clifford+T_015  observable: ZIIIIIIIII
    » [01:30:57]  10q / 3_Clifford+T_015  observable=ZIIIIIIIII  computing ground truth (PennyLane default.qubit)...
    · [   0.0s]  ground_truth = 1.000000
    » [01:30:57]  (#4) 10q / 3_Clifford+T_015 / noisy_vanilla  starting...
    ✓ [   1.7s]  (#4) 10q / 3_Clifford+T_015 / noisy_vanilla
    » [01:30:59]  (#4) 10q / 3_Clifford+T_015 / cut_divided_budget  starting...
/home/local/ADUNIPI/a044855/cutandinc/newcut/lib/python3.12/site-packages/pennylane/qcut/cutstrategy.py:367: UserWarning: The number of partition attempts seems high (40).
  warnings.warn(f"The number of partition attempts seems high ({len(ks)}).")
    ✓ [  17.2s]  (#4) 10q / 3_Clifford+T_015 / cut_divided_budget
    » [01:31:16]  (#4) 10q / 3_Clifford+T_015 / cut_qubit_prop  starting...
    ✓ [  10.2s]  (#4) 10q / 3_Clifford+T_015 / cut_qubit_prop
    » [01:31:26]  (#4) 10q / 3_Clifford+T_015 / cut_incremental_budget  starting...
    ✓ [ 131.6s]  (#4) 10q / 3_Clifford+T_015 / cut_incremental_budget
    » [01:33:38]  (#4) 10q / 3_Clifford+T_015 / cut_incremental_qubit_prop  starting...
    ✓ [ 139.2s]  (#4) 10q / 3_Clifford+T_015 / cut_incremental_qubit_prop

[5/10] 10q / 4_Clifford+T_024  observable: ZIIIIIIIII
    » [01:35:57]  10q / 4_Clifford+T_024  observable=ZIIIIIIIII  computing ground truth (PennyLane default.qubit)...
    · [   0.0s]  ground_truth = 0.000000
    » [01:35:57]  (#5) 10q / 4_Clifford+T_024 / noisy_vanilla  starting...
    ✓ [   1.9s]  (#5) 10q / 4_Clifford+T_024 / noisy_vanilla
    » [01:35:59]  (#5) 10q / 4_Clifford+T_024 / cut_divided_budget  starting...
/home/local/ADUNIPI/a044855/cutandinc/newcut/lib/python3.12/site-packages/pennylane/qcut/cutstrategy.py:367: UserWarning: The number of partition attempts seems high (40).
  warnings.warn(f"The number of partition attempts seems high ({len(ks)}).")
    ✓ [  49.5s]  (#5) 10q / 4_Clifford+T_024 / cut_divided_budget
    » [01:36:48]  (#5) 10q / 4_Clifford+T_024 / cut_qubit_prop  starting...
    ✓ [  47.4s]  (#5) 10q / 4_Clifford+T_024 / cut_qubit_prop
    » [01:37:35]  (#5) 10q / 4_Clifford+T_024 / cut_incremental_budget  starting...
    ✓ [ 292.4s]  (#5) 10q / 4_Clifford+T_024 / cut_incremental_budget
    » [01:42:28]  (#5) 10q / 4_Clifford+T_024 / cut_incremental_qubit_prop  starting...
    ✓ [ 395.5s]  (#5) 10q / 4_Clifford+T_024 / cut_incremental_qubit_prop

[6/10] 10q / 5_Clifford+T_026  observable: ZIIIIIIIII
    » [01:49:03]  10q / 5_Clifford+T_026  observable=ZIIIIIIIII  computing ground truth (PennyLane default.qubit)...
    · [   0.0s]  ground_truth = 1.000000
    » [01:49:03]  (#6) 10q / 5_Clifford+T_026 / noisy_vanilla  starting...
    ✓ [   1.6s]  (#6) 10q / 5_Clifford+T_026 / noisy_vanilla
    » [01:49:05]  (#6) 10q / 5_Clifford+T_026 / cut_divided_budget  starting...
/home/local/ADUNIPI/a044855/cutandinc/newcut/lib/python3.12/site-packages/pennylane/qcut/cutstrategy.py:367: UserWarning: The number of partition attempts seems high (40).
  warnings.warn(f"The number of partition attempts seems high ({len(ks)}).")
    ✓ [  52.8s]  (#6) 10q / 5_Clifford+T_026 / cut_divided_budget
    » [01:49:58]  (#6) 10q / 5_Clifford+T_026 / cut_qubit_prop  starting...
    ✓ [  56.3s]  (#6) 10q / 5_Clifford+T_026 / cut_qubit_prop
    » [01:50:54]  (#6) 10q / 5_Clifford+T_026 / cut_incremental_budget  starting...
    ✓ [ 383.0s]  (#6) 10q / 5_Clifford+T_026 / cut_incremental_budget
    » [01:57:17]  (#6) 10q / 5_Clifford+T_026 / cut_incremental_qubit_prop  starting...
    ✓ [ 468.5s]  (#6) 10q / 5_Clifford+T_026 / cut_incremental_qubit_prop

[7/10] 10q / 6_Clifford+T_032  observable: ZIIIIIIIII
    » [02:05:06]  10q / 6_Clifford+T_032  observable=ZIIIIIIIII  computing ground truth (PennyLane default.qubit)...
    · [   0.0s]  ground_truth = 1.000000
    » [02:05:06]  (#7) 10q / 6_Clifford+T_032 / noisy_vanilla  starting...
    ✓ [   3.0s]  (#7) 10q / 6_Clifford+T_032 / noisy_vanilla
    » [02:05:09]  (#7) 10q / 6_Clifford+T_032 / cut_divided_budget  starting...
/home/local/ADUNIPI/a044855/cutandinc/newcut/lib/python3.12/site-packages/pennylane/qcut/cutstrategy.py:367: UserWarning: The number of partition attempts seems high (40).
  warnings.warn(f"The number of partition attempts seems high ({len(ks)}).")
    ✓ [  21.7s]  (#7) 10q / 6_Clifford+T_032 / cut_divided_budget
    » [02:05:30]  (#7) 10q / 6_Clifford+T_032 / cut_qubit_prop  starting...
    ✓ [  10.8s]  (#7) 10q / 6_Clifford+T_032 / cut_qubit_prop
    » [02:05:41]  (#7) 10q / 6_Clifford+T_032 / cut_incremental_budget  starting...
    ✓ [ 122.1s]  (#7) 10q / 6_Clifford+T_032 / cut_incremental_budget
    » [02:07:43]  (#7) 10q / 6_Clifford+T_032 / cut_incremental_qubit_prop  starting...
    ✓ [ 111.9s]  (#7) 10q / 6_Clifford+T_032 / cut_incremental_qubit_prop

[8/10] 10q / 7_Clifford+T_033  observable: ZIIIIIIIII
    » [02:09:35]  10q / 7_Clifford+T_033  observable=ZIIIIIIIII  computing ground truth (PennyLane default.qubit)...
    · [   0.0s]  ground_truth = 1.000000
    » [02:09:35]  (#8) 10q / 7_Clifford+T_033 / noisy_vanilla  starting...
    ✓ [   1.9s]  (#8) 10q / 7_Clifford+T_033 / noisy_vanilla
    » [02:09:37]  (#8) 10q / 7_Clifford+T_033 / cut_divided_budget  starting...
/home/local/ADUNIPI/a044855/cutandinc/newcut/lib/python3.12/site-packages/pennylane/qcut/cutstrategy.py:367: UserWarning: The number of partition attempts seems high (40).
  warnings.warn(f"The number of partition attempts seems high ({len(ks)}).")
    ✓ [  17.8s]  (#8) 10q / 7_Clifford+T_033 / cut_divided_budget
    » [02:09:55]  (#8) 10q / 7_Clifford+T_033 / cut_qubit_prop  starting...
    ✓ [  10.5s]  (#8) 10q / 7_Clifford+T_033 / cut_qubit_prop
    » [02:10:05]  (#8) 10q / 7_Clifford+T_033 / cut_incremental_budget  starting...
    ✓ [ 146.6s]  (#8) 10q / 7_Clifford+T_033 / cut_incremental_budget
    » [02:12:13]  (#8) 10q / 7_Clifford+T_033 / cut_incremental_qubit_prop  starting...
    ✓ [ 126.6s]  (#8) 10q / 7_Clifford+T_033 / cut_incremental_qubit_prop

[9/10] 10q / 8_Clifford+T_039  observable: ZIIIIIIIII
    » [02:14:20]  10q / 8_Clifford+T_039  observable=ZIIIIIIIII  computing ground truth (PennyLane default.qubit)...
    · [   0.0s]  ground_truth = 0.000000
    » [02:14:20]  (#9) 10q / 8_Clifford+T_039 / noisy_vanilla  starting...
    ✓ [   1.8s]  (#9) 10q / 8_Clifford+T_039 / noisy_vanilla
    » [02:14:22]  (#9) 10q / 8_Clifford+T_039 / cut_divided_budget  starting...
/home/local/ADUNIPI/a044855/cutandinc/newcut/lib/python3.12/site-packages/pennylane/qcut/cutstrategy.py:367: UserWarning: The number of partition attempts seems high (40).
  warnings.warn(f"The number of partition attempts seems high ({len(ks)}).")
    ✓ [  55.6s]  (#9) 10q / 8_Clifford+T_039 / cut_divided_budget
    » [02:15:17]  (#9) 10q / 8_Clifford+T_039 / cut_qubit_prop  starting...
    ✓ [  44.4s]  (#9) 10q / 8_Clifford+T_039 / cut_qubit_prop
    » [02:16:02]  (#9) 10q / 8_Clifford+T_039 / cut_incremental_budget  starting...
    ✓ [ 291.0s]  (#9) 10q / 8_Clifford+T_039 / cut_incremental_budget
    » [02:20:53]  (#9) 10q / 8_Clifford+T_039 / cut_incremental_qubit_prop  starting...
    ✓ [ 337.9s]  (#9) 10q / 8_Clifford+T_039 / cut_incremental_qubit_prop

[10/10] 10q / 9_Clifford+T_041  observable: ZIIIIIIIII
    » [02:26:07]  10q / 9_Clifford+T_041  observable=ZIIIIIIIII  computing ground truth (PennyLane default.qubit)...
    · [   0.0s]  ground_truth = 1.000000
    » [02:26:07]  (#10) 10q / 9_Clifford+T_041 / noisy_vanilla  starting...
    ✓ [   1.6s]  (#10) 10q / 9_Clifford+T_041 / noisy_vanilla
    » [02:26:08]  (#10) 10q / 9_Clifford+T_041 / cut_divided_budget  starting...
/home/local/ADUNIPI/a044855/cutandinc/newcut/lib/python3.12/site-packages/pennylane/qcut/cutstrategy.py:367: UserWarning: The number of partition attempts seems high (40).
  warnings.warn(f"The number of partition attempts seems high ({len(ks)}).")
    ✓ [  21.7s]  (#10) 10q / 9_Clifford+T_041 / cut_divided_budget
    » [02:26:30]  (#10) 10q / 9_Clifford+T_041 / cut_qubit_prop  starting...
    ✓ [  10.0s]  (#10) 10q / 9_Clifford+T_041 / cut_qubit_prop
    » [02:26:40]  (#10) 10q / 9_Clifford+T_041 / cut_incremental_budget  starting...
    ✓ [ 150.4s]  (#10) 10q / 9_Clifford+T_041 / cut_incremental_budget
    » [02:28:52]  (#10) 10q / 9_Clifford+T_041 / cut_incremental_qubit_prop  starting...
    ✓ [ 139.3s]  (#10) 10q / 9_Clifford+T_041 / cut_incremental_qubit_prop

============================================================
  Finished :   50  mode runs
  Failed   :    0  mode runs
============================================================

Merged CSV -> results/new/stable_shots_02/10000_shots/kawasaki/10_qubits/summary.csv
Run log    -> results/new/stable_shots_02/10000_shots/kawasaki/10_qubits/run.log
Per-mode JSON -> results/new/stable_shots_02/10000_shots/kawasaki/10_qubits/<qubits>q/<circuit>/<mode>.json
	Command being timed: "python main_new_new.py --circuits-pkl only_cliffordt/clif10.pkl --shots 10000 --noisy-backend aer.fake_kawasaki --seed-simulator 42 --modes noisy_vanilla cut_divided_budget cut_qubit_prop cut_incremental_budget cut_incremental_qubit_prop --incremental-config configs/stable_shots2.json --parallel-circuits 1 --output-dir results/new/stable_shots_02/10000_shots/kawasaki/10_qubits"
	User time (seconds): 6739.32
	System time (seconds): 5.30
	Percent of CPU this job got: 100%
	Elapsed (wall clock) time (h:mm:ss or m:ss): 1:52:24
	Average shared text size (kbytes): 0
	Average unshared data size (kbytes): 0
	Average stack size (kbytes): 0
	Average total size (kbytes): 0
	Maximum resident set size (kbytes): 484132
	Average resident set size (kbytes): 0
	Major (requiring I/O) page faults: 0
	Minor (reclaiming a frame) page faults: 1380209
	Voluntary context switches: 64114
	Involuntary context switches: 8973
	Swaps: 0
	File system inputs: 0
	File system outputs: 3480
	Socket messages sent: 0
	Socket messages received: 0
	Signals delivered: 0
	Page size (bytes): 4096
	Exit status: 0
[Thu Jun 18 02:31:12 AM UTC 2026] Finished 10 qubits | shots=10000 | backend=aer.fake_kawasaki
