========================================================================
CUTTABLE CIRCUIT BENCHMARK RUN REPORT
Timestamp : 2026-06-15 15:33:13
========================================================================

DESIGN
------------------------------------------------------------------------
  Input        : valid_circuits.pkl produced by generate_and_cut.py
  Cut strategy : find_and_place_cuts + CutStrategy(min_free_wires=2)
  Ground truth : PennyLane default.qubit statevector (shots=None)
  Reconstruction: qcut_processing_fn (tensor contraction)
  Observable   : per-circuit Pauli string stored in CircuitSpec.observable
  Error        : |perf_exp_val - result|

CONFIGURATION
------------------------------------------------------------------------
  Shots (B)                 : 5000
  Noisy backend             : 'aer.fake_kyoto'
  Ideal backend             : 'aer.perfect'
  Simulator seed            : 42
  Output dir                : PosixPath('results/new/stable_shots_runs02_10-14q_no_vanilla/5000_shots/kyoto/13_qubits')
  2q-gate alpha             : 0.8
  Incr. batch shots         : 50
  Incr. threshold           : 0.005
  Incr. offset              : 3
  Incr. stability k         : 5
  Incr. stopping criterion  : 'delta'
  Incr. distance metric     : 'tvd'
  Incr. window size         : 3
  Incr. EWMA alpha          : 0.5
  Selected modes            : cut_divided_budget, cut_qubit_prop, cut_incremental_budget, cut_incremental_qubit_prop

SUMMARY
------------------------------------------------------------------------
Total: 40  ok: 40  failed: 0

RESULTS BY CIRCUIT
------------------------------------------------------------------------
  13q / 0_Clifford+T_002
    ✓ [  23.4s]  cut_divided_budget
    ✓ [  19.4s]  cut_qubit_prop
    ✓ [ 161.4s]  cut_incremental_budget
    ✓ [ 166.5s]  cut_incremental_qubit_prop

  13q / 1_Clifford+T_004
    ✓ [  19.2s]  cut_divided_budget
    ✓ [  12.0s]  cut_qubit_prop
    ✓ [ 157.0s]  cut_incremental_budget
    ✓ [ 158.4s]  cut_incremental_qubit_prop

  13q / 2_Clifford+T_007
    ✓ [  18.7s]  cut_divided_budget
    ✓ [  11.9s]  cut_qubit_prop
    ✓ [ 161.5s]  cut_incremental_budget
    ✓ [ 161.3s]  cut_incremental_qubit_prop

  13q / 3_Clifford+T_010
    ✓ [  21.5s]  cut_divided_budget
    ✓ [  15.9s]  cut_qubit_prop
    ✓ [ 157.7s]  cut_incremental_budget
    ✓ [ 162.3s]  cut_incremental_qubit_prop

  13q / 4_Clifford+T_012
    ✓ [  21.0s]  cut_divided_budget
    ✓ [  15.6s]  cut_qubit_prop
    ✓ [ 158.0s]  cut_incremental_budget
    ✓ [ 161.6s]  cut_incremental_qubit_prop

  13q / 5_Clifford+T_014
    ✓ [  56.8s]  cut_divided_budget
    ✓ [  50.0s]  cut_qubit_prop
    ✓ [ 197.8s]  cut_incremental_budget
    ✓ [ 172.4s]  cut_incremental_qubit_prop

  13q / 6_Clifford+T_015
    ✓ [  19.3s]  cut_divided_budget
    ✓ [  12.1s]  cut_qubit_prop
    ✓ [ 156.5s]  cut_incremental_budget
    ✓ [ 158.5s]  cut_incremental_qubit_prop

  13q / 7_Clifford+T_016
    ✓ [  19.1s]  cut_divided_budget
    ✓ [  12.0s]  cut_qubit_prop
    ✓ [ 158.5s]  cut_incremental_budget
    ✓ [ 159.7s]  cut_incremental_qubit_prop

  13q / 8_Clifford+T_017
    ✓ [  18.5s]  cut_divided_budget
    ✓ [  12.0s]  cut_qubit_prop
    ✓ [ 162.6s]  cut_incremental_budget
    ✓ [ 159.2s]  cut_incremental_qubit_prop

  13q / 9_Clifford+T_020
    ✓ [  24.8s]  cut_divided_budget
    ✓ [  20.9s]  cut_qubit_prop
    ✓ [ 167.7s]  cut_incremental_budget
    ✓ [ 172.4s]  cut_incremental_qubit_prop

========================================================================
