========================================================================
CUTTABLE CIRCUIT BENCHMARK RUN REPORT
Timestamp : 2026-06-16 16:46:22
========================================================================

DESIGN
------------------------------------------------------------------------
  Input        : valid_circuits.pkl produced by generate_and_cut.py
  Cut strategy : find_and_place_cuts + CutStrategy(min_free_wires=2)
  Ground truth : PennyLane default.qubit statevector (shots=None)
  Reconstruction: qcut_processing_fn (tensor contraction)
  Observable   : per-circuit Pauli string stored in CircuitSpec.observable
  Error        : |perf_exp_val - result|

CONFIGURATION
------------------------------------------------------------------------
  Shots (B)                 : 20000
  Noisy backend             : 'aer.fake_kawasaki'
  Ideal backend             : 'aer.perfect'
  Simulator seed            : 42
  Output dir                : PosixPath('results/new/stable_shots_runs02_10-14q_no_vanilla/20000_shots/kawasaki/12_qubits')
  2q-gate alpha             : 0.8
  Incr. batch shots         : 50
  Incr. threshold           : 0.005
  Incr. offset              : 3
  Incr. stability k         : 5
  Incr. stopping criterion  : 'delta'
  Incr. distance metric     : 'tvd'
  Incr. window size         : 3
  Incr. EWMA alpha          : 0.5
  Selected modes            : cut_divided_budget, cut_qubit_prop, cut_incremental_budget, cut_incremental_qubit_prop

SUMMARY
------------------------------------------------------------------------
Total: 40  ok: 40  failed: 0

RESULTS BY CIRCUIT
------------------------------------------------------------------------
  12q / 0_Clifford+T_001
    ✓ [  17.3s]  cut_divided_budget
    ✓ [   9.8s]  cut_qubit_prop
    ✓ [ 409.9s]  cut_incremental_budget
    ✓ [ 618.4s]  cut_incremental_qubit_prop

  12q / 1_Clifford+T_002
    ✓ [  94.3s]  cut_divided_budget
    ✓ [  90.1s]  cut_qubit_prop
    ✓ [ 876.8s]  cut_incremental_budget
    ✓ [ 634.7s]  cut_incremental_qubit_prop

  12q / 2_Clifford+T_004
    ✓ [  24.5s]  cut_divided_budget
    ✓ [  16.9s]  cut_qubit_prop
    ✓ [ 407.0s]  cut_incremental_budget
    ✓ [ 532.6s]  cut_incremental_qubit_prop

  12q / 3_Clifford+T_006
    ✓ [  17.5s]  cut_divided_budget
    ✓ [  10.1s]  cut_qubit_prop
    ✓ [ 412.8s]  cut_incremental_budget
    ✓ [ 502.3s]  cut_incremental_qubit_prop

  12q / 4_Clifford+T_011
    ✓ [  56.7s]  cut_divided_budget
    ✓ [  56.0s]  cut_qubit_prop
    ✓ [ 529.0s]  cut_incremental_budget
    ✓ [ 550.1s]  cut_incremental_qubit_prop

  12q / 5_Clifford+T_013
    ✓ [  46.6s]  cut_divided_budget
    ✓ [  39.1s]  cut_qubit_prop
    ✓ [ 540.7s]  cut_incremental_budget
    ✓ [ 544.7s]  cut_incremental_qubit_prop

  12q / 6_Clifford+T_015
    ✓ [  16.9s]  cut_divided_budget
    ✓ [  10.0s]  cut_qubit_prop
    ✓ [ 506.0s]  cut_incremental_budget
    ✓ [ 514.3s]  cut_incremental_qubit_prop

  12q / 7_Clifford+T_019
    ✓ [  11.2s]  cut_divided_budget
    ✓ [   2.9s]  cut_qubit_prop
    ✓ [ 183.4s]  cut_incremental_budget
    ✓ [ 210.8s]  cut_incremental_qubit_prop

  12q / 8_Clifford+T_021
    ✓ [  21.4s]  cut_divided_budget
    ✓ [   9.9s]  cut_qubit_prop
    ✓ [ 519.5s]  cut_incremental_budget
    ✓ [ 529.1s]  cut_incremental_qubit_prop

  12q / 9_Clifford+T_025
    ✓ [  48.1s]  cut_divided_budget
    ✓ [  40.3s]  cut_qubit_prop
    ✓ [ 799.5s]  cut_incremental_budget
    ✓ [ 887.5s]  cut_incremental_qubit_prop

========================================================================
