========================================================================
CUTTABLE CIRCUIT BENCHMARK RUN REPORT
Timestamp : 2026-05-26 01:06:21
========================================================================

DESIGN
------------------------------------------------------------------------
  Input        : valid_circuits.pkl produced by generate_and_cut.py
  Cut strategy : find_and_place_cuts + CutStrategy(min_free_wires=2)
  Ground truth : PennyLane default.qubit statevector (shots=None)
  Reconstruction: qcut_processing_fn (tensor contraction)
  Observable   : per-circuit Pauli string stored in CircuitSpec.observable
  Error        : |perf_exp_val - result|

CONFIGURATION
------------------------------------------------------------------------
  Shots (B)                 : 20000
  Noisy backend             : 'aer.fake_torino'
  Ideal backend             : 'aer.perfect'
  Simulator seed            : 42
  Output dir                : PosixPath('results/new/ewma_20k_torino_01/15_qubits')
  2q-gate alpha             : 0.8
  Incr. batch shots         : 50
  Incr. threshold           : 0.03
  Incr. offset              : 3
  Incr. stability k         : 3
  Incr. stopping criterion  : 'ewma'
  Incr. distance metric     : 'tvd'
  Incr. window size         : 3
  Incr. EWMA alpha          : 0.5
  Selected modes            : noisy_vanilla, cut_divided_budget, cut_qubit_prop, cut_incremental_budget, cut_incremental_qubit_prop

SUMMARY
------------------------------------------------------------------------
Total: 50  ok: 50  failed: 0

RESULTS BY CIRCUIT
------------------------------------------------------------------------
  15q / 0_Clifford+T_003
    ✓ [  32.6s]  noisy_vanilla
    ✓ [  28.9s]  cut_divided_budget
    ✓ [  19.6s]  cut_qubit_prop
    ✓ [ 451.4s]  cut_incremental_budget
    ✓ [ 487.3s]  cut_incremental_qubit_prop

  15q / 1_Clifford+T_009
    ✓ [  42.5s]  noisy_vanilla
    ✓ [  31.6s]  cut_divided_budget
    ✓ [  22.8s]  cut_qubit_prop
    ✓ [ 574.3s]  cut_incremental_budget
    ✓ [ 584.5s]  cut_incremental_qubit_prop

  15q / 2_Clifford+T_011
    ✓ [  46.8s]  noisy_vanilla
    ✓ [  33.3s]  cut_divided_budget
    ✓ [  25.3s]  cut_qubit_prop
    ✓ [ 462.9s]  cut_incremental_budget
    ✓ [ 502.3s]  cut_incremental_qubit_prop

  15q / 3_Clifford+T_015
    ✓ [  54.8s]  noisy_vanilla
    ✓ [ 113.0s]  cut_divided_budget
    ✓ [ 111.7s]  cut_qubit_prop
    ✓ [1761.9s]  cut_incremental_budget
    ✓ [2318.1s]  cut_incremental_qubit_prop

  15q / 4_Clifford+T_016
    ✓ [  68.4s]  noisy_vanilla
    ✓ [  64.4s]  cut_divided_budget
    ✓ [  45.1s]  cut_qubit_prop
    ✓ [ 704.5s]  cut_incremental_budget
    ✓ [ 727.7s]  cut_incremental_qubit_prop

  15q / 5_Clifford+T_018
    ✓ [  62.0s]  noisy_vanilla
    ✓ [  65.4s]  cut_divided_budget
    ✓ [  38.3s]  cut_qubit_prop
    ✓ [ 911.0s]  cut_incremental_budget
    ✓ [ 978.4s]  cut_incremental_qubit_prop

  15q / 6_Clifford+T_022
    ✓ [  62.5s]  noisy_vanilla
    ✓ [  53.9s]  cut_divided_budget
    ✓ [  31.5s]  cut_qubit_prop
    ✓ [ 515.7s]  cut_incremental_budget
    ✓ [ 490.6s]  cut_incremental_qubit_prop

  15q / 7_Clifford+T_023
    ✓ [  48.1s]  noisy_vanilla
    ✓ [  35.4s]  cut_divided_budget
    ✓ [  26.2s]  cut_qubit_prop
    ✓ [ 814.2s]  cut_incremental_budget
    ✓ [ 835.0s]  cut_incremental_qubit_prop

  15q / 8_Clifford+T_024
    ✓ [  48.4s]  noisy_vanilla
    ✓ [  50.3s]  cut_divided_budget
    ✓ [  33.2s]  cut_qubit_prop
    ✓ [ 632.8s]  cut_incremental_budget
    ✓ [ 627.6s]  cut_incremental_qubit_prop

  15q / 9_Clifford+T_026
    ✓ [  45.6s]  noisy_vanilla
    ✓ [  35.4s]  cut_divided_budget
    ✓ [  33.6s]  cut_qubit_prop
    ✓ [ 503.4s]  cut_incremental_budget
    ✓ [ 463.8s]  cut_incremental_qubit_prop

========================================================================
