========================================================================
CUTTABLE CIRCUIT BENCHMARK RUN REPORT
Timestamp : 2026-05-25 13:20:57
========================================================================

DESIGN
------------------------------------------------------------------------
  Input        : valid_circuits.pkl produced by generate_and_cut.py
  Cut strategy : find_and_place_cuts + CutStrategy(min_free_wires=2)
  Ground truth : PennyLane default.qubit statevector (shots=None)
  Reconstruction: qcut_processing_fn (tensor contraction)
  Observable   : per-circuit Pauli string stored in CircuitSpec.observable
  Error        : |perf_exp_val - result|

CONFIGURATION
------------------------------------------------------------------------
  Shots (B)                 : 30000
  Noisy backend             : 'aer.fake_torino'
  Ideal backend             : 'aer.perfect'
  Simulator seed            : 42
  Output dir                : PosixPath('results/new/ewma_01/13_qubits')
  2q-gate alpha             : 0.8
  Incr. batch shots         : 50
  Incr. threshold           : 0.01
  Incr. offset              : 3
  Incr. stability k         : 3
  Incr. stopping criterion  : 'ewma'
  Incr. distance metric     : 'tvd'
  Incr. window size         : 3
  Incr. EWMA alpha          : 0.5
  Selected modes            : noisy_vanilla, cut_divided_budget, cut_qubit_prop, cut_incremental_budget, cut_incremental_qubit_prop

SUMMARY
------------------------------------------------------------------------
Total: 50  ok: 50  failed: 0

RESULTS BY CIRCUIT
------------------------------------------------------------------------
  13q / 0_Clifford+T_002
    ✓ [   7.1s]  noisy_vanilla
    ✓ [  35.6s]  cut_divided_budget
    ✓ [  23.1s]  cut_qubit_prop
    ✓ [ 783.0s]  cut_incremental_budget
    ✓ [ 769.7s]  cut_incremental_qubit_prop

  13q / 1_Clifford+T_004
    ✓ [   6.1s]  noisy_vanilla
    ✓ [  28.8s]  cut_divided_budget
    ✓ [  20.4s]  cut_qubit_prop
    ✓ [1125.6s]  cut_incremental_budget
    ✓ [1303.2s]  cut_incremental_qubit_prop

  13q / 2_Clifford+T_007
    ✓ [   7.5s]  noisy_vanilla
    ✓ [  34.7s]  cut_divided_budget
    ✓ [  23.3s]  cut_qubit_prop
    ✓ [1111.8s]  cut_incremental_budget
    ✓ [1086.3s]  cut_incremental_qubit_prop

  13q / 3_Clifford+T_010
    ✓ [   8.1s]  noisy_vanilla
    ✓ [  36.5s]  cut_divided_budget
    ✓ [  22.8s]  cut_qubit_prop
    ✓ [ 998.3s]  cut_incremental_budget
    ✓ [1436.7s]  cut_incremental_qubit_prop

  13q / 4_Clifford+T_012
    ✓ [   6.6s]  noisy_vanilla
    ✓ [  32.2s]  cut_divided_budget
    ✓ [  20.5s]  cut_qubit_prop
    ✓ [ 946.6s]  cut_incremental_budget
    ✓ [ 917.2s]  cut_incremental_qubit_prop

  13q / 5_Clifford+T_014
    ✓ [   8.5s]  noisy_vanilla
    ✓ [  89.1s]  cut_divided_budget
    ✓ [  89.7s]  cut_qubit_prop
    ✓ [1633.8s]  cut_incremental_budget
    ✓ [1660.4s]  cut_incremental_qubit_prop

  13q / 6_Clifford+T_015
    ✓ [   7.1s]  noisy_vanilla
    ✓ [  30.2s]  cut_divided_budget
    ✓ [  19.0s]  cut_qubit_prop
    ✓ [1159.8s]  cut_incremental_budget
    ✓ [1183.7s]  cut_incremental_qubit_prop

  13q / 7_Clifford+T_016
    ✓ [   7.0s]  noisy_vanilla
    ✓ [  28.8s]  cut_divided_budget
    ✓ [  20.6s]  cut_qubit_prop
    ✓ [ 655.8s]  cut_incremental_budget
    ✓ [ 614.1s]  cut_incremental_qubit_prop

  13q / 8_Clifford+T_017
    ✓ [   7.3s]  noisy_vanilla
    ✓ [  34.8s]  cut_divided_budget
    ✓ [  24.2s]  cut_qubit_prop
    ✓ [ 910.2s]  cut_incremental_budget
    ✓ [ 891.3s]  cut_incremental_qubit_prop

  13q / 9_Clifford+T_020
    ✓ [   7.8s]  noisy_vanilla
    ✓ [  31.0s]  cut_divided_budget
    ✓ [  25.6s]  cut_qubit_prop
    ✓ [ 943.4s]  cut_incremental_budget
    ✓ [ 905.9s]  cut_incremental_qubit_prop

========================================================================
