========================================================================
CUTTABLE CIRCUIT BENCHMARK RUN REPORT
Timestamp : 2026-04-28 12:13:37
========================================================================

DESIGN
------------------------------------------------------------------------
  Input        : valid_circuits.pkl produced by generate_and_cut.py
  Cut strategy : find_and_place_cuts + CutStrategy(min_free_wires=2)
  Ground truth : PennyLane default.qubit statevector (shots=None)
  Reconstruction: qcut_processing_fn (tensor contraction)
  Observable   : per-circuit Pauli string stored in CircuitSpec.observable
  Error        : |perf_exp_val - result|

CONFIGURATION
------------------------------------------------------------------------
  Shots (B)                 : 20000
  Noisy backend             : 'aer.fake_torino'
  Ideal backend             : 'aer.perfect'
  Simulator seed            : 42
  Output dir                : PosixPath('results/20k_ewma_02/11_qubits')
  2q-gate alpha             : 0.8
  Incr. batch shots         : 50
  Incr. threshold           : 0.01
  Incr. offset              : 3
  Incr. stability k         : 5
  Incr. stopping criterion  : 'ewma'
  Incr. distance metric     : 'tvd'
  Incr. window size         : 3
  Incr. EWMA alpha          : 0.5
  Selected modes            : noisy_vanilla, cut_divided_budget, cut_qubit_prop, cut_incremental_budget, cut_incremental_qubit_prop

SUMMARY
------------------------------------------------------------------------
Total: 45  ok: 45  failed: 0

RESULTS BY CIRCUIT
------------------------------------------------------------------------
  11q / 0_Clifford+T_004
    ✓ [   3.9s]  noisy_vanilla
    ✓ [  33.3s]  cut_divided_budget
    ✓ [  20.0s]  cut_qubit_prop
    ✓ [ 201.9s]  cut_incremental_budget
    ✓ [ 206.3s]  cut_incremental_qubit_prop

  11q / 1_Clifford+T_046
    ✓ [   5.4s]  noisy_vanilla
    ✓ [  32.7s]  cut_divided_budget
    ✓ [  20.6s]  cut_qubit_prop
    ✓ [ 204.9s]  cut_incremental_budget
    ✓ [ 202.1s]  cut_incremental_qubit_prop

  11q / 2_Clifford+T_058
    ✓ [   5.5s]  noisy_vanilla
    ✓ [  97.4s]  cut_divided_budget
    ✓ [  76.3s]  cut_qubit_prop
    ✓ [ 814.1s]  cut_incremental_budget
    ✓ [ 803.4s]  cut_incremental_qubit_prop

  11q / 3_Clifford+T_070
    ✓ [   3.0s]  noisy_vanilla
    ✓ [  28.7s]  cut_divided_budget
    ✓ [  20.5s]  cut_qubit_prop
    ✓ [ 201.2s]  cut_incremental_budget
    ✓ [ 199.2s]  cut_incremental_qubit_prop

  11q / 4_Clifford+T_100
    ✓ [   2.9s]  noisy_vanilla
    ✓ [ 109.1s]  cut_divided_budget
    ✓ [  75.5s]  cut_qubit_prop
    ✓ [ 816.9s]  cut_incremental_budget
    ✓ [ 812.5s]  cut_incremental_qubit_prop

  11q / 5_Clifford+T_112
    ✓ [   2.8s]  noisy_vanilla
    ✓ [  27.6s]  cut_divided_budget
    ✓ [  19.6s]  cut_qubit_prop
    ✓ [ 191.7s]  cut_incremental_budget
    ✓ [ 188.8s]  cut_incremental_qubit_prop

  11q / 6_Clifford+T_136
    ✓ [   2.8s]  noisy_vanilla
    ✓ [  27.0s]  cut_divided_budget
    ✓ [  19.1s]  cut_qubit_prop
    ✓ [ 191.3s]  cut_incremental_budget
    ✓ [ 207.6s]  cut_incremental_qubit_prop

  11q / 7_Clifford+T_142
    ✓ [   2.8s]  noisy_vanilla
    ✓ [  27.6s]  cut_divided_budget
    ✓ [  20.1s]  cut_qubit_prop
    ✓ [ 193.3s]  cut_incremental_budget
    ✓ [ 202.6s]  cut_incremental_qubit_prop

  11q / 8_Clifford+T_178
    ✓ [   2.7s]  noisy_vanilla
    ✓ [  84.4s]  cut_divided_budget
    ✓ [  77.4s]  cut_qubit_prop
    ✓ [ 802.8s]  cut_incremental_budget
    ✓ [ 633.9s]  cut_incremental_qubit_prop

========================================================================
