========================================================================
CUTTABLE CIRCUIT BENCHMARK RUN REPORT
Timestamp : 2026-06-12 11:17:35
========================================================================

DESIGN
------------------------------------------------------------------------
  Input        : valid_circuits.pkl produced by generate_and_cut.py
  Cut strategy : find_and_place_cuts + CutStrategy(min_free_wires=2)
  Ground truth : PennyLane default.qubit statevector (shots=None)
  Reconstruction: qcut_processing_fn (tensor contraction)
  Observable   : per-circuit Pauli string stored in CircuitSpec.observable
  Error        : |perf_exp_val - result|

CONFIGURATION
------------------------------------------------------------------------
  Shots (B)                 : 5000
  Noisy backend             : 'aer.fake_sherbrooke'
  Ideal backend             : 'aer.perfect'
  Simulator seed            : 42
  Output dir                : PosixPath('results/new/stable_shots_runs_10-14q_no_vanilla/5000_shots/sherbrooke/10_qubits')
  2q-gate alpha             : 0.8
  Incr. batch shots         : 50
  Incr. threshold           : 0.0005
  Incr. offset              : 2
  Incr. stability k         : 5
  Incr. stopping criterion  : 'delta'
  Incr. distance metric     : 'tvd'
  Incr. window size         : 3
  Incr. EWMA alpha          : 0.5
  Selected modes            : cut_divided_budget, cut_qubit_prop, cut_incremental_budget, cut_incremental_qubit_prop

SUMMARY
------------------------------------------------------------------------
Total: 40  ok: 40  failed: 0

RESULTS BY CIRCUIT
------------------------------------------------------------------------
  10q / 0_Clifford+T_001
    ✓ [  54.7s]  cut_divided_budget
    ✓ [  47.2s]  cut_qubit_prop
    ✓ [ 187.3s]  cut_incremental_budget
    ✓ [ 164.7s]  cut_incremental_qubit_prop

  10q / 1_Clifford+T_004
    ✓ [  18.8s]  cut_divided_budget
    ✓ [  11.6s]  cut_qubit_prop
    ✓ [ 151.9s]  cut_incremental_budget
    ✓ [ 154.0s]  cut_incremental_qubit_prop

  10q / 2_Clifford+T_008
    ✓ [  54.1s]  cut_divided_budget
    ✓ [  47.4s]  cut_qubit_prop
    ✓ [ 189.6s]  cut_incremental_budget
    ✓ [ 166.1s]  cut_incremental_qubit_prop

  10q / 3_Clifford+T_015
    ✓ [  18.0s]  cut_divided_budget
    ✓ [  11.5s]  cut_qubit_prop
    ✓ [ 153.0s]  cut_incremental_budget
    ✓ [ 154.5s]  cut_incremental_qubit_prop

  10q / 4_Clifford+T_024
    ✓ [  54.8s]  cut_divided_budget
    ✓ [  48.0s]  cut_qubit_prop
    ✓ [ 189.3s]  cut_incremental_budget
    ✓ [ 167.4s]  cut_incremental_qubit_prop

  10q / 5_Clifford+T_026
    ✓ [  52.9s]  cut_divided_budget
    ✓ [  46.3s]  cut_qubit_prop
    ✓ [ 190.2s]  cut_incremental_budget
    ✓ [ 167.3s]  cut_incremental_qubit_prop

  10q / 6_Clifford+T_032
    ✓ [  18.6s]  cut_divided_budget
    ✓ [  11.9s]  cut_qubit_prop
    ✓ [ 154.1s]  cut_incremental_budget
    ✓ [ 156.4s]  cut_incremental_qubit_prop

  10q / 7_Clifford+T_033
    ✓ [  18.9s]  cut_divided_budget
    ✓ [  12.0s]  cut_qubit_prop
    ✓ [ 154.1s]  cut_incremental_budget
    ✓ [ 156.5s]  cut_incremental_qubit_prop

  10q / 8_Clifford+T_039
    ✓ [  54.5s]  cut_divided_budget
    ✓ [  48.2s]  cut_qubit_prop
    ✓ [ 190.5s]  cut_incremental_budget
    ✓ [ 168.1s]  cut_incremental_qubit_prop

  10q / 9_Clifford+T_041
    ✓ [  18.5s]  cut_divided_budget
    ✓ [  11.6s]  cut_qubit_prop
    ✓ [ 154.4s]  cut_incremental_budget
    ✓ [ 154.6s]  cut_incremental_qubit_prop

========================================================================
