========================================================================
CUTTABLE CIRCUIT BENCHMARK RUN REPORT
Timestamp : 2026-06-18 10:50:49
========================================================================

DESIGN
------------------------------------------------------------------------
  Input        : valid_circuits.pkl produced by generate_and_cut.py
  Cut strategy : find_and_place_cuts + CutStrategy(min_free_wires=2)
  Ground truth : PennyLane default.qubit statevector (shots=None)
  Reconstruction: qcut_processing_fn (tensor contraction)
  Observable   : per-circuit Pauli string stored in CircuitSpec.observable
  Error        : |perf_exp_val - result|

CONFIGURATION
------------------------------------------------------------------------
  Shots (B)                 : 20000
  Noisy backend             : 'aer.fake_sherbrooke'
  Ideal backend             : 'aer.perfect'
  Simulator seed            : 42
  Output dir                : PosixPath('results/new/stable_shots_02/20000_shots/sherbrooke/12_qubits')
  2q-gate alpha             : 0.8
  Incr. batch shots         : 50
  Incr. threshold           : 0.03
  Incr. offset              : 3
  Incr. stability k         : 3
  Incr. stopping criterion  : 'delta'
  Incr. distance metric     : 'tvd'
  Incr. window size         : 3
  Incr. EWMA alpha          : 0.5
  Selected modes            : noisy_vanilla, cut_divided_budget, cut_qubit_prop, cut_incremental_budget, cut_incremental_qubit_prop

SUMMARY
------------------------------------------------------------------------
Total: 50  ok: 50  failed: 0

RESULTS BY CIRCUIT
------------------------------------------------------------------------
  12q / 0_Clifford+T_001
    ✓ [   8.7s]  noisy_vanilla
    ✓ [  22.3s]  cut_divided_budget
    ✓ [  10.6s]  cut_qubit_prop
    ✓ [ 237.1s]  cut_incremental_budget
    ✓ [ 238.3s]  cut_incremental_qubit_prop

  12q / 1_Clifford+T_002
    ✓ [   9.2s]  noisy_vanilla
    ✓ [  57.4s]  cut_divided_budget
    ✓ [  56.2s]  cut_qubit_prop
    ✓ [ 747.7s]  cut_incremental_budget
    ✓ [ 906.6s]  cut_incremental_qubit_prop

  12q / 2_Clifford+T_004
    ✓ [  19.0s]  noisy_vanilla
    ✓ [  38.6s]  cut_divided_budget
    ✓ [  31.8s]  cut_qubit_prop
    ✓ [ 356.5s]  cut_incremental_budget
    ✓ [ 338.1s]  cut_incremental_qubit_prop

  12q / 3_Clifford+T_006
    ✓ [  15.6s]  noisy_vanilla
    ✓ [  28.6s]  cut_divided_budget
    ✓ [  17.0s]  cut_qubit_prop
    ✓ [ 278.8s]  cut_incremental_budget
    ✓ [ 296.1s]  cut_incremental_qubit_prop

  12q / 4_Clifford+T_011
    ✓ [  19.3s]  noisy_vanilla
    ✓ [  94.2s]  cut_divided_budget
    ✓ [ 102.4s]  cut_qubit_prop
    ✓ [ 774.7s]  cut_incremental_budget
    ✓ [ 928.7s]  cut_incremental_qubit_prop

  12q / 5_Clifford+T_013
    ✓ [  23.1s]  noisy_vanilla
    ✓ [  78.0s]  cut_divided_budget
    ✓ [  67.0s]  cut_qubit_prop
    ✓ [ 896.0s]  cut_incremental_budget
    ✓ [ 806.3s]  cut_incremental_qubit_prop

  12q / 6_Clifford+T_015
    ✓ [  17.7s]  noisy_vanilla
    ✓ [  27.9s]  cut_divided_budget
    ✓ [  16.4s]  cut_qubit_prop
    ✓ [ 315.6s]  cut_incremental_budget
    ✓ [ 293.6s]  cut_incremental_qubit_prop

  12q / 7_Clifford+T_019
    ✓ [  18.4s]  noisy_vanilla
    ✓ [  19.6s]  cut_divided_budget
    ✓ [   5.5s]  cut_qubit_prop
    ✓ [  87.6s]  cut_incremental_budget
    ✓ [  83.3s]  cut_incremental_qubit_prop

  12q / 8_Clifford+T_021
    ✓ [  14.0s]  noisy_vanilla
    ✓ [  23.8s]  cut_divided_budget
    ✓ [  17.1s]  cut_qubit_prop
    ✓ [ 286.9s]  cut_incremental_budget
    ✓ [ 187.9s]  cut_incremental_qubit_prop

  12q / 9_Clifford+T_025
    ✓ [  14.2s]  noisy_vanilla
    ✓ [  51.7s]  cut_divided_budget
    ✓ [  42.5s]  cut_qubit_prop
    ✓ [ 768.9s]  cut_incremental_budget
    ✓ [ 890.9s]  cut_incremental_qubit_prop

========================================================================
