========================================================================
CUTTABLE CIRCUIT BENCHMARK RUN REPORT
Timestamp : 2026-06-18 13:07:25
========================================================================

DESIGN
------------------------------------------------------------------------
  Input        : valid_circuits.pkl produced by generate_and_cut.py
  Cut strategy : find_and_place_cuts + CutStrategy(min_free_wires=2)
  Ground truth : PennyLane default.qubit statevector (shots=None)
  Reconstruction: qcut_processing_fn (tensor contraction)
  Observable   : per-circuit Pauli string stored in CircuitSpec.observable
  Error        : |perf_exp_val - result|

CONFIGURATION
------------------------------------------------------------------------
  Shots (B)                 : 20000
  Noisy backend             : 'aer.fake_kawasaki'
  Ideal backend             : 'aer.perfect'
  Simulator seed            : 42
  Output dir                : PosixPath('results/new/stable_shots_02/20000_shots/kawasaki/14_qubits')
  2q-gate alpha             : 0.8
  Incr. batch shots         : 50
  Incr. threshold           : 0.03
  Incr. offset              : 3
  Incr. stability k         : 3
  Incr. stopping criterion  : 'delta'
  Incr. distance metric     : 'tvd'
  Incr. window size         : 3
  Incr. EWMA alpha          : 0.5
  Selected modes            : noisy_vanilla, cut_divided_budget, cut_qubit_prop, cut_incremental_budget, cut_incremental_qubit_prop

SUMMARY
------------------------------------------------------------------------
Total: 50  ok: 50  failed: 0

RESULTS BY CIRCUIT
------------------------------------------------------------------------
  14q / 0_Clifford+T_001
    ✓ [ 278.5s]  noisy_vanilla
    ✓ [ 195.4s]  cut_divided_budget
    ✓ [ 118.3s]  cut_qubit_prop
    ✓ [ 736.1s]  cut_incremental_budget
    ✓ [ 895.8s]  cut_incremental_qubit_prop

  14q / 1_Clifford+T_011
    ✓ [ 256.6s]  noisy_vanilla
    ✓ [  52.8s]  cut_divided_budget
    ✓ [  46.6s]  cut_qubit_prop
    ✓ [ 810.6s]  cut_incremental_budget
    ✓ [ 893.5s]  cut_incremental_qubit_prop

  14q / 2_Clifford+T_012
    ✓ [ 200.7s]  noisy_vanilla
    ✓ [  56.0s]  cut_divided_budget
    ✓ [  83.8s]  cut_qubit_prop
    ✓ [ 293.5s]  cut_incremental_budget
    ✓ [ 310.3s]  cut_incremental_qubit_prop

  14q / 3_Clifford+T_014
    ✓ [ 271.1s]  noisy_vanilla
    ✓ [  92.7s]  cut_divided_budget
    ✓ [ 131.3s]  cut_qubit_prop
    ✓ [ 334.8s]  cut_incremental_budget
    ✓ [ 205.2s]  cut_incremental_qubit_prop

  14q / 4_Clifford+T_015
    ✓ [ 130.6s]  noisy_vanilla
    ✓ [  38.3s]  cut_divided_budget
    ✓ [  31.7s]  cut_qubit_prop
    ✓ [  59.1s]  cut_incremental_budget
    ✓ [  59.3s]  cut_incremental_qubit_prop

  14q / 5_Clifford+T_016
    ✓ [ 125.6s]  noisy_vanilla
    ✓ [  21.1s]  cut_divided_budget
    ✓ [  10.6s]  cut_qubit_prop
    ✓ [ 124.7s]  cut_incremental_budget
    ✓ [ 118.3s]  cut_incremental_qubit_prop

  14q / 6_Clifford+T_018
    ✓ [ 146.0s]  noisy_vanilla
    ✓ [  24.0s]  cut_divided_budget
    ✓ [  10.4s]  cut_qubit_prop
    ✓ [ 203.9s]  cut_incremental_budget
    ✓ [ 202.7s]  cut_incremental_qubit_prop

  14q / 7_Clifford+T_019
    ✓ [ 150.1s]  noisy_vanilla
    ✓ [  64.9s]  cut_divided_budget
    ✓ [  49.7s]  cut_qubit_prop
    ✓ [ 233.0s]  cut_incremental_budget
    ✓ [ 238.8s]  cut_incremental_qubit_prop

  14q / 8_Clifford+T_022
    ✓ [ 143.4s]  noisy_vanilla
    ✓ [  39.8s]  cut_divided_budget
    ✓ [  42.0s]  cut_qubit_prop
    ✓ [ 180.5s]  cut_incremental_budget
    ✓ [ 169.0s]  cut_incremental_qubit_prop

  14q / 9_Clifford+T_026
    ✓ [ 140.8s]  noisy_vanilla
    ✓ [  20.6s]  cut_divided_budget
    ✓ [  10.1s]  cut_qubit_prop
    ✓ [ 143.6s]  cut_incremental_budget
    ✓ [ 158.7s]  cut_incremental_qubit_prop

========================================================================
