========================================================================
CUTTABLE CIRCUIT BENCHMARK RUN REPORT
Timestamp : 2026-06-17 21:36:45
========================================================================

DESIGN
------------------------------------------------------------------------
  Input        : valid_circuits.pkl produced by generate_and_cut.py
  Cut strategy : find_and_place_cuts + CutStrategy(min_free_wires=2)
  Ground truth : PennyLane default.qubit statevector (shots=None)
  Reconstruction: qcut_processing_fn (tensor contraction)
  Observable   : per-circuit Pauli string stored in CircuitSpec.observable
  Error        : |perf_exp_val - result|

CONFIGURATION
------------------------------------------------------------------------
  Shots (B)                 : 5000
  Noisy backend             : 'aer.fake_kyoto'
  Ideal backend             : 'aer.perfect'
  Simulator seed            : 42
  Output dir                : PosixPath('results/new/stable_shots_02/5000_shots/kyoto/12_qubits')
  2q-gate alpha             : 0.8
  Incr. batch shots         : 50
  Incr. threshold           : 0.03
  Incr. offset              : 3
  Incr. stability k         : 3
  Incr. stopping criterion  : 'delta'
  Incr. distance metric     : 'tvd'
  Incr. window size         : 3
  Incr. EWMA alpha          : 0.5
  Selected modes            : noisy_vanilla, cut_divided_budget, cut_qubit_prop, cut_incremental_budget, cut_incremental_qubit_prop

SUMMARY
------------------------------------------------------------------------
Total: 50  ok: 50  failed: 0

RESULTS BY CIRCUIT
------------------------------------------------------------------------
  12q / 0_Clifford+T_001
    ✓ [   9.3s]  noisy_vanilla
    ✓ [  24.7s]  cut_divided_budget
    ✓ [  12.4s]  cut_qubit_prop
    ✓ [ 160.8s]  cut_incremental_budget
    ✓ [ 173.3s]  cut_incremental_qubit_prop

  12q / 1_Clifford+T_002
    ✓ [   9.7s]  noisy_vanilla
    ✓ [  60.0s]  cut_divided_budget
    ✓ [  54.0s]  cut_qubit_prop
    ✓ [ 228.9s]  cut_incremental_budget
    ✓ [ 219.1s]  cut_incremental_qubit_prop

  12q / 2_Clifford+T_004
    ✓ [   9.5s]  noisy_vanilla
    ✓ [  24.7s]  cut_divided_budget
    ✓ [  16.8s]  cut_qubit_prop
    ✓ [ 219.5s]  cut_incremental_budget
    ✓ [ 277.5s]  cut_incremental_qubit_prop

  12q / 3_Clifford+T_006
    ✓ [  17.4s]  noisy_vanilla
    ✓ [  32.5s]  cut_divided_budget
    ✓ [  20.3s]  cut_qubit_prop
    ✓ [ 245.1s]  cut_incremental_budget
    ✓ [ 263.4s]  cut_incremental_qubit_prop

  12q / 4_Clifford+T_011
    ✓ [  19.8s]  noisy_vanilla
    ✓ [  97.7s]  cut_divided_budget
    ✓ [  87.8s]  cut_qubit_prop
    ✓ [ 333.0s]  cut_incremental_budget
    ✓ [ 259.7s]  cut_incremental_qubit_prop

  12q / 5_Clifford+T_013
    ✓ [  23.8s]  noisy_vanilla
    ✓ [  94.0s]  cut_divided_budget
    ✓ [  83.6s]  cut_qubit_prop
    ✓ [ 331.6s]  cut_incremental_budget
    ✓ [ 242.2s]  cut_incremental_qubit_prop

  12q / 6_Clifford+T_015
    ✓ [   8.9s]  noisy_vanilla
    ✓ [  19.3s]  cut_divided_budget
    ✓ [  12.5s]  cut_qubit_prop
    ✓ [ 168.8s]  cut_incremental_budget
    ✓ [ 224.3s]  cut_incremental_qubit_prop

  12q / 7_Clifford+T_019
    ✓ [  19.0s]  noisy_vanilla
    ✓ [  14.5s]  cut_divided_budget
    ✓ [   6.3s]  cut_qubit_prop
    ✓ [  87.3s]  cut_incremental_budget
    ✓ [  95.8s]  cut_incremental_qubit_prop

  12q / 8_Clifford+T_021
    ✓ [  14.7s]  noisy_vanilla
    ✓ [  31.6s]  cut_divided_budget
    ✓ [  20.2s]  cut_qubit_prop
    ✓ [ 176.6s]  cut_incremental_budget
    ✓ [ 220.8s]  cut_incremental_qubit_prop

  12q / 9_Clifford+T_025
    ✓ [  14.5s]  noisy_vanilla
    ✓ [ 108.0s]  cut_divided_budget
    ✓ [ 151.0s]  cut_qubit_prop
    ✓ [ 523.4s]  cut_incremental_budget
    ✓ [ 477.7s]  cut_incremental_qubit_prop

========================================================================
