========================================================================
CUTTABLE CIRCUIT BENCHMARK RUN REPORT
Timestamp : 2026-04-24 16:56:58
========================================================================

DESIGN
------------------------------------------------------------------------
  Input        : valid_circuits.pkl produced by generate_and_cut.py
  Cut strategy : find_and_place_cuts + CutStrategy(min_free_wires=2)
  Ground truth : PennyLane default.qubit statevector (shots=None)
  Reconstruction: qcut_processing_fn (tensor contraction)
  Observable   : per-circuit Pauli string stored in CircuitSpec.observable
  Error        : |perf_exp_val - result|

CONFIGURATION
------------------------------------------------------------------------
  Shots (B)                 : 20000
  Noisy backend             : 'aer.fake_torino'
  Ideal backend             : 'aer.perfect'
  Simulator seed            : 42
  Output dir                : PosixPath('results/20k_dma_02/05_qubits')
  2q-gate alpha             : 0.8
  Incr. batch shots         : 50
  Incr. threshold           : 0.02
  Incr. offset              : 2
  Incr. stability k         : 5
  Incr. stopping criterion  : 'dma'
  Incr. distance metric     : 'tvd'
  Incr. window size         : 3
  Incr. EWMA alpha          : 0.5
  Selected modes            : noisy_vanilla, cut_divided_budget, cut_qubit_prop, cut_incremental_budget, cut_incremental_qubit_prop

SUMMARY
------------------------------------------------------------------------
Total: 50  ok: 50  failed: 0

RESULTS BY CIRCUIT
------------------------------------------------------------------------
  5q / 0_QuantumVolume_006
    ✓ [   2.8s]  noisy_vanilla
    ✓ [ 139.7s]  cut_divided_budget
    ✓ [  83.7s]  cut_qubit_prop
    ✓ [ 721.2s]  cut_incremental_budget
    ✓ [ 671.0s]  cut_incremental_qubit_prop

  5q / 1_QuantumVolume_018
    ✓ [   2.0s]  noisy_vanilla
    ✓ [ 132.2s]  cut_divided_budget
    ✓ [  70.3s]  cut_qubit_prop
    ✓ [ 674.2s]  cut_incremental_budget
    ✓ [ 699.9s]  cut_incremental_qubit_prop

  5q / 2_QuantumVolume_030
    ✓ [   2.7s]  noisy_vanilla
    ✓ [ 150.4s]  cut_divided_budget
    ✓ [  88.9s]  cut_qubit_prop
    ✓ [ 683.1s]  cut_incremental_budget
    ✓ [ 715.6s]  cut_incremental_qubit_prop

  5q / 3_Clifford+T_046
    ✓ [   2.1s]  noisy_vanilla
    ✓ [  82.2s]  cut_divided_budget
    ✓ [  74.0s]  cut_qubit_prop
    ✓ [ 746.1s]  cut_incremental_budget
    ✓ [ 715.5s]  cut_incremental_qubit_prop

  5q / 4_QuantumVolume_054
    ✓ [   3.6s]  noisy_vanilla
    ✓ [ 162.4s]  cut_divided_budget
    ✓ [  72.8s]  cut_qubit_prop
    ✓ [ 683.9s]  cut_incremental_budget
    ✓ [ 667.7s]  cut_incremental_qubit_prop

  5q / 5_Clifford+T_058
    ✓ [   2.3s]  noisy_vanilla
    ✓ [  80.2s]  cut_divided_budget
    ✓ [  72.7s]  cut_qubit_prop
    ✓ [ 642.3s]  cut_incremental_budget
    ✓ [ 706.7s]  cut_incremental_qubit_prop

  5q / 6_QuantumVolume_060
    ✓ [   2.4s]  noisy_vanilla
    ✓ [  79.3s]  cut_divided_budget
    ✓ [  28.6s]  cut_qubit_prop
    ✓ [ 214.4s]  cut_incremental_budget
    ✓ [ 240.0s]  cut_incremental_qubit_prop

  5q / 7_QuantumVolume_066
    ✓ [   2.4s]  noisy_vanilla
    ✓ [ 154.9s]  cut_divided_budget
    ✓ [  95.8s]  cut_qubit_prop
    ✓ [ 713.7s]  cut_incremental_budget
    ✓ [ 674.0s]  cut_incremental_qubit_prop

  5q / 8_Clifford+T_082
    ✓ [   1.9s]  noisy_vanilla
    ✓ [  79.5s]  cut_divided_budget
    ✓ [  95.3s]  cut_qubit_prop
    ✓ [1179.1s]  cut_incremental_budget
    ✓ [1291.9s]  cut_incremental_qubit_prop

  5q / 9_QuantumVolume_114
    ✓ [   2.8s]  noisy_vanilla
    ✓ [ 119.3s]  cut_divided_budget
    ✓ [  28.0s]  cut_qubit_prop
    ✓ [ 229.8s]  cut_incremental_budget
    ✓ [ 224.5s]  cut_incremental_qubit_prop

========================================================================
