========================================================================
CUTTABLE CIRCUIT BENCHMARK RUN REPORT
Timestamp : 2026-06-15 13:09:51
========================================================================

DESIGN
------------------------------------------------------------------------
  Input        : valid_circuits.pkl produced by generate_and_cut.py
  Cut strategy : find_and_place_cuts + CutStrategy(min_free_wires=2)
  Ground truth : PennyLane default.qubit statevector (shots=None)
  Reconstruction: qcut_processing_fn (tensor contraction)
  Observable   : per-circuit Pauli string stored in CircuitSpec.observable
  Error        : |perf_exp_val - result|

CONFIGURATION
------------------------------------------------------------------------
  Shots (B)                 : 5000
  Noisy backend             : 'aer.fake_torino'
  Ideal backend             : 'aer.perfect'
  Simulator seed            : 42
  Output dir                : PosixPath('results/new/stable_shots_runs02_10-14q_no_vanilla/5000_shots/torino/14_qubits')
  2q-gate alpha             : 0.8
  Incr. batch shots         : 50
  Incr. threshold           : 0.005
  Incr. offset              : 3
  Incr. stability k         : 5
  Incr. stopping criterion  : 'delta'
  Incr. distance metric     : 'tvd'
  Incr. window size         : 3
  Incr. EWMA alpha          : 0.5
  Selected modes            : cut_divided_budget, cut_qubit_prop, cut_incremental_budget, cut_incremental_qubit_prop

SUMMARY
------------------------------------------------------------------------
Total: 40  ok: 40  failed: 0

RESULTS BY CIRCUIT
------------------------------------------------------------------------
  14q / 0_Clifford+T_001
    ✓ [  88.9s]  cut_divided_budget
    ✓ [  83.3s]  cut_qubit_prop
    ✓ [ 312.1s]  cut_incremental_budget
    ✓ [ 276.6s]  cut_incremental_qubit_prop

  14q / 1_Clifford+T_011
    ✓ [  84.6s]  cut_divided_budget
    ✓ [  76.4s]  cut_qubit_prop
    ✓ [ 312.6s]  cut_incremental_budget
    ✓ [ 275.1s]  cut_incremental_qubit_prop

  14q / 2_Clifford+T_012
    ✓ [  31.0s]  cut_divided_budget
    ✓ [  26.4s]  cut_qubit_prop
    ✓ [ 251.2s]  cut_incremental_budget
    ✓ [ 258.4s]  cut_incremental_qubit_prop

  14q / 3_Clifford+T_014
    ✓ [  35.0s]  cut_divided_budget
    ✓ [  35.3s]  cut_qubit_prop
    ✓ [ 256.2s]  cut_incremental_budget
    ✓ [ 267.9s]  cut_incremental_qubit_prop

  14q / 4_Clifford+T_015
    ✓ [  29.2s]  cut_divided_budget
    ✓ [  21.7s]  cut_qubit_prop
    ✓ [ 261.9s]  cut_incremental_budget
    ✓ [ 262.2s]  cut_incremental_qubit_prop

  14q / 5_Clifford+T_016
    ✓ [  25.7s]  cut_divided_budget
    ✓ [  18.2s]  cut_qubit_prop
    ✓ [ 247.1s]  cut_incremental_budget
    ✓ [ 250.0s]  cut_incremental_qubit_prop

  14q / 6_Clifford+T_018
    ✓ [  26.2s]  cut_divided_budget
    ✓ [  18.9s]  cut_qubit_prop
    ✓ [ 248.2s]  cut_incremental_budget
    ✓ [ 249.3s]  cut_incremental_qubit_prop

  14q / 7_Clifford+T_019
    ✓ [  32.0s]  cut_divided_budget
    ✓ [  27.5s]  cut_qubit_prop
    ✓ [ 251.3s]  cut_incremental_budget
    ✓ [ 260.9s]  cut_incremental_qubit_prop

  14q / 8_Clifford+T_022
    ✓ [  30.2s]  cut_divided_budget
    ✓ [  26.4s]  cut_qubit_prop
    ✓ [ 252.0s]  cut_incremental_budget
    ✓ [ 260.0s]  cut_incremental_qubit_prop

  14q / 9_Clifford+T_026
    ✓ [  25.0s]  cut_divided_budget
    ✓ [  18.8s]  cut_qubit_prop
    ✓ [ 255.1s]  cut_incremental_budget
    ✓ [ 244.8s]  cut_incremental_qubit_prop

========================================================================
