========================================================================
CUTTABLE CIRCUIT BENCHMARK RUN REPORT
Timestamp : 2026-06-17 00:22:40
========================================================================

DESIGN
------------------------------------------------------------------------
  Input        : valid_circuits.pkl produced by generate_and_cut.py
  Cut strategy : find_and_place_cuts + CutStrategy(min_free_wires=2)
  Ground truth : PennyLane default.qubit statevector (shots=None)
  Reconstruction: qcut_processing_fn (tensor contraction)
  Observable   : per-circuit Pauli string stored in CircuitSpec.observable
  Error        : |perf_exp_val - result|

CONFIGURATION
------------------------------------------------------------------------
  Shots (B)                 : 20000
  Noisy backend             : 'aer.fake_kyoto'
  Ideal backend             : 'aer.perfect'
  Simulator seed            : 42
  Output dir                : PosixPath('results/new/stable_shots_runs02_10-14q_no_vanilla/20000_shots/kyoto/13_qubits')
  2q-gate alpha             : 0.8
  Incr. batch shots         : 50
  Incr. threshold           : 0.005
  Incr. offset              : 3
  Incr. stability k         : 5
  Incr. stopping criterion  : 'delta'
  Incr. distance metric     : 'tvd'
  Incr. window size         : 3
  Incr. EWMA alpha          : 0.5
  Selected modes            : cut_divided_budget, cut_qubit_prop, cut_incremental_budget, cut_incremental_qubit_prop

SUMMARY
------------------------------------------------------------------------
Total: 40  ok: 40  failed: 0

RESULTS BY CIRCUIT
------------------------------------------------------------------------
  13q / 0_Clifford+T_002
    ✓ [  36.5s]  cut_divided_budget
    ✓ [  35.7s]  cut_qubit_prop
    ✓ [ 540.8s]  cut_incremental_budget
    ✓ [ 657.8s]  cut_incremental_qubit_prop

  13q / 1_Clifford+T_004
    ✓ [  19.3s]  cut_divided_budget
    ✓ [  12.1s]  cut_qubit_prop
    ✓ [ 609.8s]  cut_incremental_budget
    ✓ [ 623.7s]  cut_incremental_qubit_prop

  13q / 2_Clifford+T_007
    ✓ [  19.1s]  cut_divided_budget
    ✓ [  11.8s]  cut_qubit_prop
    ✓ [ 625.1s]  cut_incremental_budget
    ✓ [ 635.0s]  cut_incremental_qubit_prop

  13q / 3_Clifford+T_010
    ✓ [  26.6s]  cut_divided_budget
    ✓ [  19.4s]  cut_qubit_prop
    ✓ [ 576.6s]  cut_incremental_budget
    ✓ [ 631.1s]  cut_incremental_qubit_prop

  13q / 4_Clifford+T_012
    ✓ [  23.3s]  cut_divided_budget
    ✓ [  16.5s]  cut_qubit_prop
    ✓ [ 565.9s]  cut_incremental_budget
    ✓ [ 635.2s]  cut_incremental_qubit_prop

  13q / 5_Clifford+T_014
    ✓ [  55.3s]  cut_divided_budget
    ✓ [  47.6s]  cut_qubit_prop
    ✓ [ 642.8s]  cut_incremental_budget
    ✓ [ 626.2s]  cut_incremental_qubit_prop

  13q / 6_Clifford+T_015
    ✓ [  19.5s]  cut_divided_budget
    ✓ [  12.1s]  cut_qubit_prop
    ✓ [ 604.8s]  cut_incremental_budget
    ✓ [ 610.9s]  cut_incremental_qubit_prop

  13q / 7_Clifford+T_016
    ✓ [  19.3s]  cut_divided_budget
    ✓ [  11.6s]  cut_qubit_prop
    ✓ [ 601.1s]  cut_incremental_budget
    ✓ [ 611.5s]  cut_incremental_qubit_prop

  13q / 8_Clifford+T_017
    ✓ [  18.2s]  cut_divided_budget
    ✓ [  11.8s]  cut_qubit_prop
    ✓ [ 592.1s]  cut_incremental_budget
    ✓ [ 603.2s]  cut_incremental_qubit_prop

  13q / 9_Clifford+T_020
    ✓ [  38.9s]  cut_divided_budget
    ✓ [  47.4s]  cut_qubit_prop
    ✓ [ 458.4s]  cut_incremental_budget
    ✓ [ 659.3s]  cut_incremental_qubit_prop

========================================================================
