========================================================================
CUTTABLE CIRCUIT BENCHMARK RUN REPORT
Timestamp : 2026-06-16 07:33:52
========================================================================

DESIGN
------------------------------------------------------------------------
  Input        : valid_circuits.pkl produced by generate_and_cut.py
  Cut strategy : find_and_place_cuts + CutStrategy(min_free_wires=2)
  Ground truth : PennyLane default.qubit statevector (shots=None)
  Reconstruction: qcut_processing_fn (tensor contraction)
  Observable   : per-circuit Pauli string stored in CircuitSpec.observable
  Error        : |perf_exp_val - result|

CONFIGURATION
------------------------------------------------------------------------
  Shots (B)                 : 20000
  Noisy backend             : 'aer.fake_torino'
  Ideal backend             : 'aer.perfect'
  Simulator seed            : 42
  Output dir                : PosixPath('results/new/stable_shots_runs02_10-14q_no_vanilla/20000_shots/torino/11_qubits')
  2q-gate alpha             : 0.8
  Incr. batch shots         : 50
  Incr. threshold           : 0.005
  Incr. offset              : 3
  Incr. stability k         : 5
  Incr. stopping criterion  : 'delta'
  Incr. distance metric     : 'tvd'
  Incr. window size         : 3
  Incr. EWMA alpha          : 0.5
  Selected modes            : cut_divided_budget, cut_qubit_prop, cut_incremental_budget, cut_incremental_qubit_prop

SUMMARY
------------------------------------------------------------------------
Total: 40  ok: 40  failed: 0

RESULTS BY CIRCUIT
------------------------------------------------------------------------
  11q / 0_Clifford+T_001
    ✓ [  82.4s]  cut_divided_budget
    ✓ [  73.7s]  cut_qubit_prop
    ✓ [1014.5s]  cut_incremental_budget
    ✓ [1011.5s]  cut_incremental_qubit_prop

  11q / 1_Clifford+T_002
    ✓ [  81.9s]  cut_divided_budget
    ✓ [  73.6s]  cut_qubit_prop
    ✓ [ 988.7s]  cut_incremental_budget
    ✓ [ 994.6s]  cut_incremental_qubit_prop

  11q / 2_Clifford+T_011
    ✓ [  26.3s]  cut_divided_budget
    ✓ [  18.7s]  cut_qubit_prop
    ✓ [ 903.6s]  cut_incremental_budget
    ✓ [ 960.8s]  cut_incremental_qubit_prop

  11q / 3_Clifford+T_015
    ✓ [  25.3s]  cut_divided_budget
    ✓ [  19.1s]  cut_qubit_prop
    ✓ [ 948.7s]  cut_incremental_budget
    ✓ [ 961.6s]  cut_incremental_qubit_prop

  11q / 4_Clifford+T_017
    ✓ [  26.2s]  cut_divided_budget
    ✓ [  18.6s]  cut_qubit_prop
    ✓ [ 775.9s]  cut_incremental_budget
    ✓ [ 953.4s]  cut_incremental_qubit_prop

  11q / 5_Clifford+T_025
    ✓ [  25.5s]  cut_divided_budget
    ✓ [  18.2s]  cut_qubit_prop
    ✓ [ 927.3s]  cut_incremental_budget
    ✓ [ 965.5s]  cut_incremental_qubit_prop

  11q / 6_Clifford+T_026
    ✓ [  27.0s]  cut_divided_budget
    ✓ [  20.3s]  cut_qubit_prop
    ✓ [ 729.4s]  cut_incremental_budget
    ✓ [ 976.1s]  cut_incremental_qubit_prop

  11q / 7_Clifford+T_029
    ✓ [  25.4s]  cut_divided_budget
    ✓ [  18.1s]  cut_qubit_prop
    ✓ [ 948.9s]  cut_incremental_budget
    ✓ [ 966.0s]  cut_incremental_qubit_prop

  11q / 8_Clifford+T_030
    ✓ [  25.1s]  cut_divided_budget
    ✓ [  19.0s]  cut_qubit_prop
    ✓ [ 808.6s]  cut_incremental_budget
    ✓ [ 956.7s]  cut_incremental_qubit_prop

  11q / 9_Clifford+T_033
    ✓ [  25.4s]  cut_divided_budget
    ✓ [  19.0s]  cut_qubit_prop
    ✓ [ 953.2s]  cut_incremental_budget
    ✓ [ 877.2s]  cut_incremental_qubit_prop

========================================================================
