========================================================================
CUTTABLE CIRCUIT BENCHMARK RUN REPORT
Timestamp : 2026-06-17 21:01:10
========================================================================

DESIGN
------------------------------------------------------------------------
  Input        : valid_circuits.pkl produced by generate_and_cut.py
  Cut strategy : find_and_place_cuts + CutStrategy(min_free_wires=2)
  Ground truth : PennyLane default.qubit statevector (shots=None)
  Reconstruction: qcut_processing_fn (tensor contraction)
  Observable   : per-circuit Pauli string stored in CircuitSpec.observable
  Error        : |perf_exp_val - result|

CONFIGURATION
------------------------------------------------------------------------
  Shots (B)                 : 5000
  Noisy backend             : 'aer.fake_kawasaki'
  Ideal backend             : 'aer.perfect'
  Simulator seed            : 42
  Output dir                : PosixPath('results/new/stable_shots3/5000_shots/kawasaki/14_qubits')
  2q-gate alpha             : 0.8
  Incr. batch shots         : 50
  Incr. threshold           : 0.05
  Incr. offset              : 3
  Incr. stability k         : 5
  Incr. stopping criterion  : 'delta'
  Incr. distance metric     : 'tvd'
  Incr. window size         : 3
  Incr. EWMA alpha          : 0.5
  Selected modes            : noisy_vanilla, cut_divided_budget, cut_qubit_prop, cut_incremental_budget, cut_incremental_qubit_prop

SUMMARY
------------------------------------------------------------------------
Total: 50  ok: 50  failed: 0

RESULTS BY CIRCUIT
------------------------------------------------------------------------
  14q / 0_Clifford+T_001
    ✓ [  70.8s]  noisy_vanilla
    ✓ [  84.8s]  cut_divided_budget
    ✓ [  83.0s]  cut_qubit_prop
    ✓ [ 243.1s]  cut_incremental_budget
    ✓ [ 249.3s]  cut_incremental_qubit_prop

  14q / 1_Clifford+T_011
    ✓ [  72.1s]  noisy_vanilla
    ✓ [  80.5s]  cut_divided_budget
    ✓ [  69.1s]  cut_qubit_prop
    ✓ [ 275.1s]  cut_incremental_budget
    ✓ [ 239.5s]  cut_incremental_qubit_prop

  14q / 2_Clifford+T_012
    ✓ [  42.8s]  noisy_vanilla
    ✓ [  22.1s]  cut_divided_budget
    ✓ [  17.8s]  cut_qubit_prop
    ✓ [ 164.4s]  cut_incremental_budget
    ✓ [ 155.1s]  cut_incremental_qubit_prop

  14q / 3_Clifford+T_014
    ✓ [  47.3s]  noisy_vanilla
    ✓ [  31.9s]  cut_divided_budget
    ✓ [  26.2s]  cut_qubit_prop
    ✓ [ 122.1s]  cut_incremental_budget
    ✓ [ 165.7s]  cut_incremental_qubit_prop

  14q / 4_Clifford+T_015
    ✓ [  77.7s]  noisy_vanilla
    ✓ [  49.5s]  cut_divided_budget
    ✓ [  37.1s]  cut_qubit_prop
    ✓ [  70.5s]  cut_incremental_budget
    ✓ [  63.3s]  cut_incremental_qubit_prop

  14q / 5_Clifford+T_016
    ✓ [  83.6s]  noisy_vanilla
    ✓ [  30.9s]  cut_divided_budget
    ✓ [  17.9s]  cut_qubit_prop
    ✓ [ 182.9s]  cut_incremental_budget
    ✓ [ 168.6s]  cut_incremental_qubit_prop

  14q / 6_Clifford+T_018
    ✓ [  70.0s]  noisy_vanilla
    ✓ [  28.9s]  cut_divided_budget
    ✓ [  16.5s]  cut_qubit_prop
    ✓ [ 195.1s]  cut_incremental_budget
    ✓ [ 214.0s]  cut_incremental_qubit_prop

  14q / 7_Clifford+T_019
    ✓ [  80.8s]  noisy_vanilla
    ✓ [  38.0s]  cut_divided_budget
    ✓ [  31.8s]  cut_qubit_prop
    ✓ [ 177.5s]  cut_incremental_budget
    ✓ [ 150.0s]  cut_incremental_qubit_prop

  14q / 8_Clifford+T_022
    ✓ [  40.6s]  noisy_vanilla
    ✓ [  21.6s]  cut_divided_budget
    ✓ [  21.7s]  cut_qubit_prop
    ✓ [ 121.6s]  cut_incremental_budget
    ✓ [ 137.2s]  cut_incremental_qubit_prop

  14q / 9_Clifford+T_026
    ✓ [  75.9s]  noisy_vanilla
    ✓ [  27.0s]  cut_divided_budget
    ✓ [  17.1s]  cut_qubit_prop
    ✓ [ 207.0s]  cut_incremental_budget
    ✓ [ 126.6s]  cut_incremental_qubit_prop

========================================================================
