========================================================================
CUTTABLE CIRCUIT BENCHMARK RUN REPORT
Timestamp : 2026-05-26 11:29:09
========================================================================

DESIGN
------------------------------------------------------------------------
  Input        : valid_circuits.pkl produced by generate_and_cut.py
  Cut strategy : find_and_place_cuts + CutStrategy(min_free_wires=2)
  Ground truth : PennyLane default.qubit statevector (shots=None)
  Reconstruction: qcut_processing_fn (tensor contraction)
  Observable   : per-circuit Pauli string stored in CircuitSpec.observable
  Error        : |perf_exp_val - result|

CONFIGURATION
------------------------------------------------------------------------
  Shots (B)                 : 20000
  Noisy backend             : 'aer.fake_torino'
  Ideal backend             : 'aer.perfect'
  Simulator seed            : 42
  Output dir                : PosixPath('results/new/ewma_20k_torino_small/05_qubits')
  2q-gate alpha             : 0.8
  Incr. batch shots         : 100
  Incr. threshold           : 0.01
  Incr. offset              : 2
  Incr. stability k         : 3
  Incr. stopping criterion  : 'delta'
  Incr. distance metric     : 'tvd'
  Incr. window size         : 2
  Incr. EWMA alpha          : 0.5
  Selected modes            : noisy_vanilla, cut_divided_budget, cut_qubit_prop, cut_incremental_budget, cut_incremental_qubit_prop

SUMMARY
------------------------------------------------------------------------
Total: 50  ok: 50  failed: 0

RESULTS BY CIRCUIT
------------------------------------------------------------------------
  5q / 0_Clifford+T_002
    ✓ [   3.5s]  noisy_vanilla
    ✓ [ 107.8s]  cut_divided_budget
    ✓ [ 109.9s]  cut_qubit_prop
    ✓ [ 753.7s]  cut_incremental_budget
    ✓ [ 917.1s]  cut_incremental_qubit_prop

  5q / 1_Clifford+T_005
    ✓ [   4.9s]  noisy_vanilla
    ✓ [ 176.4s]  cut_divided_budget
    ✓ [ 166.8s]  cut_qubit_prop
    ✓ [1143.6s]  cut_incremental_budget
    ✓ [ 788.9s]  cut_incremental_qubit_prop

  5q / 2_Clifford+T_008
    ✓ [   2.9s]  noisy_vanilla
    ✓ [ 122.3s]  cut_divided_budget
    ✓ [ 131.2s]  cut_qubit_prop
    ✓ [ 756.4s]  cut_incremental_budget
    ✓ [ 796.4s]  cut_incremental_qubit_prop

  5q / 3_Clifford+T_009
    ✓ [   3.3s]  noisy_vanilla
    ✓ [ 129.8s]  cut_divided_budget
    ✓ [ 123.1s]  cut_qubit_prop
    ✓ [ 766.6s]  cut_incremental_budget
    ✓ [ 759.7s]  cut_incremental_qubit_prop

  5q / 4_Clifford+T_012
    ✓ [   2.9s]  noisy_vanilla
    ✓ [ 147.6s]  cut_divided_budget
    ✓ [ 110.6s]  cut_qubit_prop
    ✓ [ 726.1s]  cut_incremental_budget
    ✓ [ 717.4s]  cut_incremental_qubit_prop

  5q / 5_Clifford+T_032
    ✓ [   3.0s]  noisy_vanilla
    ✓ [ 127.8s]  cut_divided_budget
    ✓ [ 103.2s]  cut_qubit_prop
    ✓ [ 847.6s]  cut_incremental_budget
    ✓ [ 756.5s]  cut_incremental_qubit_prop

  5q / 6_Clifford+T_046
    ✓ [   3.8s]  noisy_vanilla
    ✓ [ 111.6s]  cut_divided_budget
    ✓ [ 102.4s]  cut_qubit_prop
    ✓ [ 631.6s]  cut_incremental_budget
    ✓ [ 649.5s]  cut_incremental_qubit_prop

  5q / 7_Clifford+T_048
    ✓ [   2.8s]  noisy_vanilla
    ✓ [  30.0s]  cut_divided_budget
    ✓ [  33.1s]  cut_qubit_prop
    ✓ [ 405.8s]  cut_incremental_budget
    ✓ [ 414.9s]  cut_incremental_qubit_prop

  5q / 8_Clifford+T_058
    ✓ [   4.1s]  noisy_vanilla
    ✓ [  99.4s]  cut_divided_budget
    ✓ [  85.8s]  cut_qubit_prop
    ✓ [ 666.7s]  cut_incremental_budget
    ✓ [ 655.2s]  cut_incremental_qubit_prop

  5q / 9_Clifford+T_059
    ✓ [   2.2s]  noisy_vanilla
    ✓ [  96.5s]  cut_divided_budget
    ✓ [  89.1s]  cut_qubit_prop
    ✓ [ 654.9s]  cut_incremental_budget
    ✓ [ 683.6s]  cut_incremental_qubit_prop

========================================================================
