========================================================================
CUTTABLE CIRCUIT BENCHMARK RUN REPORT
Timestamp : 2026-06-10 00:04:49
========================================================================

DESIGN
------------------------------------------------------------------------
  Input        : valid_circuits.pkl produced by generate_and_cut.py
  Cut strategy : find_and_place_cuts + CutStrategy(min_free_wires=2)
  Ground truth : PennyLane default.qubit statevector (shots=None)
  Reconstruction: qcut_processing_fn (tensor contraction)
  Observable   : per-circuit Pauli string stored in CircuitSpec.observable
  Error        : |perf_exp_val - result|

CONFIGURATION
------------------------------------------------------------------------
  Shots (B)                 : 20000
  Noisy backend             : 'aer.fake_sherbrooke'
  Ideal backend             : 'aer.perfect'
  Simulator seed            : 42
  Output dir                : PosixPath('results/new/stable_shots_runs/20000_shots/sherbrooke/16_qubits')
  2q-gate alpha             : 0.8
  Incr. batch shots         : 50
  Incr. threshold           : 0.005
  Incr. offset              : 3
  Incr. stability k         : 5
  Incr. stopping criterion  : 'delta'
  Incr. distance metric     : 'tvd'
  Incr. window size         : 3
  Incr. EWMA alpha          : 0.5
  Selected modes            : noisy_vanilla, cut_divided_budget, cut_qubit_prop, cut_incremental_budget, cut_incremental_qubit_prop

SUMMARY
------------------------------------------------------------------------
Total: 50  ok: 10  failed: 40

RESULTS BY CIRCUIT
------------------------------------------------------------------------
  16q / 0_Clifford+T_002
    ✓ [  72.3s]  noisy_vanilla
    ✗ [  89.2s]  cut_divided_budget
             ERROR: ImportError: The opt_einsum package is required when use_opt_einsum is set to True in the contract_tensors function. This package can be installed using:
pip install opt_einsum
    ✗ [  60.0s]  cut_qubit_prop
             ERROR: ImportError: The opt_einsum package is required when use_opt_einsum is set to True in the contract_tensors function. This package can be installed using:
pip install opt_einsum
    ✗ [1120.4s]  cut_incremental_budget
             ERROR: ImportError: The opt_einsum package is required when use_opt_einsum is set to True in the contract_tensors function. This package can be installed using:
pip install opt_einsum
    ✗ [1228.2s]  cut_incremental_qubit_prop
             ERROR: ImportError: The opt_einsum package is required when use_opt_einsum is set to True in the contract_tensors function. This package can be installed using:
pip install opt_einsum

  16q / 1_Clifford+T_008
    ✓ [  22.0s]  noisy_vanilla
    ✗ [  47.7s]  cut_divided_budget
             ERROR: ImportError: The opt_einsum package is required when use_opt_einsum is set to True in the contract_tensors function. This package can be installed using:
pip install opt_einsum
    ✗ [  34.0s]  cut_qubit_prop
             ERROR: ImportError: The opt_einsum package is required when use_opt_einsum is set to True in the contract_tensors function. This package can be installed using:
pip install opt_einsum
    ✗ [1216.9s]  cut_incremental_budget
             ERROR: ImportError: The opt_einsum package is required when use_opt_einsum is set to True in the contract_tensors function. This package can be installed using:
pip install opt_einsum
    ✗ [1345.2s]  cut_incremental_qubit_prop
             ERROR: ImportError: The opt_einsum package is required when use_opt_einsum is set to True in the contract_tensors function. This package can be installed using:
pip install opt_einsum

  16q / 2_Clifford+T_015
    ✓ [  27.0s]  noisy_vanilla
    ✗ [  45.7s]  cut_divided_budget
             ERROR: ImportError: The opt_einsum package is required when use_opt_einsum is set to True in the contract_tensors function. This package can be installed using:
pip install opt_einsum
    ✗ [  26.5s]  cut_qubit_prop
             ERROR: ImportError: The opt_einsum package is required when use_opt_einsum is set to True in the contract_tensors function. This package can be installed using:
pip install opt_einsum
    ✗ [1176.6s]  cut_incremental_budget
             ERROR: ImportError: The opt_einsum package is required when use_opt_einsum is set to True in the contract_tensors function. This package can be installed using:
pip install opt_einsum
    ✗ [1345.6s]  cut_incremental_qubit_prop
             ERROR: ImportError: The opt_einsum package is required when use_opt_einsum is set to True in the contract_tensors function. This package can be installed using:
pip install opt_einsum

  16q / 3_Clifford+T_016
    ✓ [  18.5s]  noisy_vanilla
    ✗ [  42.3s]  cut_divided_budget
             ERROR: ImportError: The opt_einsum package is required when use_opt_einsum is set to True in the contract_tensors function. This package can be installed using:
pip install opt_einsum
    ✗ [  33.5s]  cut_qubit_prop
             ERROR: ImportError: The opt_einsum package is required when use_opt_einsum is set to True in the contract_tensors function. This package can be installed using:
pip install opt_einsum
    ✗ [1406.6s]  cut_incremental_budget
             ERROR: ImportError: The opt_einsum package is required when use_opt_einsum is set to True in the contract_tensors function. This package can be installed using:
pip install opt_einsum
    ✗ [1245.2s]  cut_incremental_qubit_prop
             ERROR: ImportError: The opt_einsum package is required when use_opt_einsum is set to True in the contract_tensors function. This package can be installed using:
pip install opt_einsum

  16q / 4_Clifford+T_018
    ✓ [  16.1s]  noisy_vanilla
    ✗ [  23.6s]  cut_divided_budget
             ERROR: ImportError: The opt_einsum package is required when use_opt_einsum is set to True in the contract_tensors function. This package can be installed using:
pip install opt_einsum
    ✗ [  17.7s]  cut_qubit_prop
             ERROR: ImportError: The opt_einsum package is required when use_opt_einsum is set to True in the contract_tensors function. This package can be installed using:
pip install opt_einsum
    ✗ [ 820.1s]  cut_incremental_budget
             ERROR: ImportError: The opt_einsum package is required when use_opt_einsum is set to True in the contract_tensors function. This package can be installed using:
pip install opt_einsum
    ✗ [ 796.9s]  cut_incremental_qubit_prop
             ERROR: ImportError: The opt_einsum package is required when use_opt_einsum is set to True in the contract_tensors function. This package can be installed using:
pip install opt_einsum

  16q / 5_Clifford+T_019
    ✓ [  12.5s]  noisy_vanilla
    ✗ [  21.9s]  cut_divided_budget
             ERROR: ImportError: The opt_einsum package is required when use_opt_einsum is set to True in the contract_tensors function. This package can be installed using:
pip install opt_einsum
    ✗ [  16.4s]  cut_qubit_prop
             ERROR: ImportError: The opt_einsum package is required when use_opt_einsum is set to True in the contract_tensors function. This package can be installed using:
pip install opt_einsum
    ✗ [ 585.9s]  cut_incremental_budget
             ERROR: ImportError: The opt_einsum package is required when use_opt_einsum is set to True in the contract_tensors function. This package can be installed using:
pip install opt_einsum
    ✗ [ 746.8s]  cut_incremental_qubit_prop
             ERROR: ImportError: The opt_einsum package is required when use_opt_einsum is set to True in the contract_tensors function. This package can be installed using:
pip install opt_einsum

  16q / 6_Clifford+T_021
    ✓ [  11.0s]  noisy_vanilla
    ✗ [  20.6s]  cut_divided_budget
             ERROR: ImportError: The opt_einsum package is required when use_opt_einsum is set to True in the contract_tensors function. This package can be installed using:
pip install opt_einsum
    ✗ [  15.3s]  cut_qubit_prop
             ERROR: ImportError: The opt_einsum package is required when use_opt_einsum is set to True in the contract_tensors function. This package can be installed using:
pip install opt_einsum
    ✗ [ 670.3s]  cut_incremental_budget
             ERROR: ImportError: The opt_einsum package is required when use_opt_einsum is set to True in the contract_tensors function. This package can be installed using:
pip install opt_einsum
    ✗ [ 638.4s]  cut_incremental_qubit_prop
             ERROR: ImportError: The opt_einsum package is required when use_opt_einsum is set to True in the contract_tensors function. This package can be installed using:
pip install opt_einsum

  16q / 7_Clifford+T_026
    ✓ [   9.9s]  noisy_vanilla
    ✗ [  18.2s]  cut_divided_budget
             ERROR: ImportError: The opt_einsum package is required when use_opt_einsum is set to True in the contract_tensors function. This package can be installed using:
pip install opt_einsum
    ✗ [  12.4s]  cut_qubit_prop
             ERROR: ImportError: The opt_einsum package is required when use_opt_einsum is set to True in the contract_tensors function. This package can be installed using:
pip install opt_einsum
    ✗ [ 591.5s]  cut_incremental_budget
             ERROR: ImportError: The opt_einsum package is required when use_opt_einsum is set to True in the contract_tensors function. This package can be installed using:
pip install opt_einsum
    ✗ [ 569.7s]  cut_incremental_qubit_prop
             ERROR: ImportError: The opt_einsum package is required when use_opt_einsum is set to True in the contract_tensors function. This package can be installed using:
pip install opt_einsum

  16q / 8_Clifford+T_032
    ✓ [   8.7s]  noisy_vanilla
    ✗ [  17.1s]  cut_divided_budget
             ERROR: ImportError: The opt_einsum package is required when use_opt_einsum is set to True in the contract_tensors function. This package can be installed using:
pip install opt_einsum
    ✗ [  11.0s]  cut_qubit_prop
             ERROR: ImportError: The opt_einsum package is required when use_opt_einsum is set to True in the contract_tensors function. This package can be installed using:
pip install opt_einsum
    ✗ [ 420.6s]  cut_incremental_budget
             ERROR: ImportError: The opt_einsum package is required when use_opt_einsum is set to True in the contract_tensors function. This package can be installed using:
pip install opt_einsum
    ✗ [ 543.4s]  cut_incremental_qubit_prop
             ERROR: ImportError: The opt_einsum package is required when use_opt_einsum is set to True in the contract_tensors function. This package can be installed using:
pip install opt_einsum

  16q / 9_Clifford+T_040
    ✓ [   7.9s]  noisy_vanilla
    ✗ [  16.2s]  cut_divided_budget
             ERROR: ImportError: The opt_einsum package is required when use_opt_einsum is set to True in the contract_tensors function. This package can be installed using:
pip install opt_einsum
    ✗ [  11.3s]  cut_qubit_prop
             ERROR: ImportError: The opt_einsum package is required when use_opt_einsum is set to True in the contract_tensors function. This package can be installed using:
pip install opt_einsum
    ✗ [ 391.9s]  cut_incremental_budget
             ERROR: ImportError: The opt_einsum package is required when use_opt_einsum is set to True in the contract_tensors function. This package can be installed using:
pip install opt_einsum
    ✗ [ 528.8s]  cut_incremental_qubit_prop
             ERROR: ImportError: The opt_einsum package is required when use_opt_einsum is set to True in the contract_tensors function. This package can be installed using:
pip install opt_einsum

------------------------------------------------------------------------
FAILED MODES
------------------------------------------------------------------------
  16q / 0_Clifford+T_002 / cut_divided_budget
    ImportError: The opt_einsum package is required when use_opt_einsum is set to True in the contract_tensors function. This package can be installed using:
pip install opt_einsum
  16q / 0_Clifford+T_002 / cut_qubit_prop
    ImportError: The opt_einsum package is required when use_opt_einsum is set to True in the contract_tensors function. This package can be installed using:
pip install opt_einsum
  16q / 0_Clifford+T_002 / cut_incremental_budget
    ImportError: The opt_einsum package is required when use_opt_einsum is set to True in the contract_tensors function. This package can be installed using:
pip install opt_einsum
  16q / 0_Clifford+T_002 / cut_incremental_qubit_prop
    ImportError: The opt_einsum package is required when use_opt_einsum is set to True in the contract_tensors function. This package can be installed using:
pip install opt_einsum
  16q / 1_Clifford+T_008 / cut_divided_budget
    ImportError: The opt_einsum package is required when use_opt_einsum is set to True in the contract_tensors function. This package can be installed using:
pip install opt_einsum
  16q / 1_Clifford+T_008 / cut_qubit_prop
    ImportError: The opt_einsum package is required when use_opt_einsum is set to True in the contract_tensors function. This package can be installed using:
pip install opt_einsum
  16q / 1_Clifford+T_008 / cut_incremental_budget
    ImportError: The opt_einsum package is required when use_opt_einsum is set to True in the contract_tensors function. This package can be installed using:
pip install opt_einsum
  16q / 1_Clifford+T_008 / cut_incremental_qubit_prop
    ImportError: The opt_einsum package is required when use_opt_einsum is set to True in the contract_tensors function. This package can be installed using:
pip install opt_einsum
  16q / 2_Clifford+T_015 / cut_divided_budget
    ImportError: The opt_einsum package is required when use_opt_einsum is set to True in the contract_tensors function. This package can be installed using:
pip install opt_einsum
  16q / 2_Clifford+T_015 / cut_qubit_prop
    ImportError: The opt_einsum package is required when use_opt_einsum is set to True in the contract_tensors function. This package can be installed using:
pip install opt_einsum
  16q / 2_Clifford+T_015 / cut_incremental_budget
    ImportError: The opt_einsum package is required when use_opt_einsum is set to True in the contract_tensors function. This package can be installed using:
pip install opt_einsum
  16q / 2_Clifford+T_015 / cut_incremental_qubit_prop
    ImportError: The opt_einsum package is required when use_opt_einsum is set to True in the contract_tensors function. This package can be installed using:
pip install opt_einsum
  16q / 3_Clifford+T_016 / cut_divided_budget
    ImportError: The opt_einsum package is required when use_opt_einsum is set to True in the contract_tensors function. This package can be installed using:
pip install opt_einsum
  16q / 3_Clifford+T_016 / cut_qubit_prop
    ImportError: The opt_einsum package is required when use_opt_einsum is set to True in the contract_tensors function. This package can be installed using:
pip install opt_einsum
  16q / 3_Clifford+T_016 / cut_incremental_budget
    ImportError: The opt_einsum package is required when use_opt_einsum is set to True in the contract_tensors function. This package can be installed using:
pip install opt_einsum
  16q / 3_Clifford+T_016 / cut_incremental_qubit_prop
    ImportError: The opt_einsum package is required when use_opt_einsum is set to True in the contract_tensors function. This package can be installed using:
pip install opt_einsum
  16q / 4_Clifford+T_018 / cut_divided_budget
    ImportError: The opt_einsum package is required when use_opt_einsum is set to True in the contract_tensors function. This package can be installed using:
pip install opt_einsum
  16q / 4_Clifford+T_018 / cut_qubit_prop
    ImportError: The opt_einsum package is required when use_opt_einsum is set to True in the contract_tensors function. This package can be installed using:
pip install opt_einsum
  16q / 4_Clifford+T_018 / cut_incremental_budget
    ImportError: The opt_einsum package is required when use_opt_einsum is set to True in the contract_tensors function. This package can be installed using:
pip install opt_einsum
  16q / 4_Clifford+T_018 / cut_incremental_qubit_prop
    ImportError: The opt_einsum package is required when use_opt_einsum is set to True in the contract_tensors function. This package can be installed using:
pip install opt_einsum
  16q / 5_Clifford+T_019 / cut_divided_budget
    ImportError: The opt_einsum package is required when use_opt_einsum is set to True in the contract_tensors function. This package can be installed using:
pip install opt_einsum
  16q / 5_Clifford+T_019 / cut_qubit_prop
    ImportError: The opt_einsum package is required when use_opt_einsum is set to True in the contract_tensors function. This package can be installed using:
pip install opt_einsum
  16q / 5_Clifford+T_019 / cut_incremental_budget
    ImportError: The opt_einsum package is required when use_opt_einsum is set to True in the contract_tensors function. This package can be installed using:
pip install opt_einsum
  16q / 5_Clifford+T_019 / cut_incremental_qubit_prop
    ImportError: The opt_einsum package is required when use_opt_einsum is set to True in the contract_tensors function. This package can be installed using:
pip install opt_einsum
  16q / 6_Clifford+T_021 / cut_divided_budget
    ImportError: The opt_einsum package is required when use_opt_einsum is set to True in the contract_tensors function. This package can be installed using:
pip install opt_einsum
  16q / 6_Clifford+T_021 / cut_qubit_prop
    ImportError: The opt_einsum package is required when use_opt_einsum is set to True in the contract_tensors function. This package can be installed using:
pip install opt_einsum
  16q / 6_Clifford+T_021 / cut_incremental_budget
    ImportError: The opt_einsum package is required when use_opt_einsum is set to True in the contract_tensors function. This package can be installed using:
pip install opt_einsum
  16q / 6_Clifford+T_021 / cut_incremental_qubit_prop
    ImportError: The opt_einsum package is required when use_opt_einsum is set to True in the contract_tensors function. This package can be installed using:
pip install opt_einsum
  16q / 7_Clifford+T_026 / cut_divided_budget
    ImportError: The opt_einsum package is required when use_opt_einsum is set to True in the contract_tensors function. This package can be installed using:
pip install opt_einsum
  16q / 7_Clifford+T_026 / cut_qubit_prop
    ImportError: The opt_einsum package is required when use_opt_einsum is set to True in the contract_tensors function. This package can be installed using:
pip install opt_einsum
  16q / 7_Clifford+T_026 / cut_incremental_budget
    ImportError: The opt_einsum package is required when use_opt_einsum is set to True in the contract_tensors function. This package can be installed using:
pip install opt_einsum
  16q / 7_Clifford+T_026 / cut_incremental_qubit_prop
    ImportError: The opt_einsum package is required when use_opt_einsum is set to True in the contract_tensors function. This package can be installed using:
pip install opt_einsum
  16q / 8_Clifford+T_032 / cut_divided_budget
    ImportError: The opt_einsum package is required when use_opt_einsum is set to True in the contract_tensors function. This package can be installed using:
pip install opt_einsum
  16q / 8_Clifford+T_032 / cut_qubit_prop
    ImportError: The opt_einsum package is required when use_opt_einsum is set to True in the contract_tensors function. This package can be installed using:
pip install opt_einsum
  16q / 8_Clifford+T_032 / cut_incremental_budget
    ImportError: The opt_einsum package is required when use_opt_einsum is set to True in the contract_tensors function. This package can be installed using:
pip install opt_einsum
  16q / 8_Clifford+T_032 / cut_incremental_qubit_prop
    ImportError: The opt_einsum package is required when use_opt_einsum is set to True in the contract_tensors function. This package can be installed using:
pip install opt_einsum
  16q / 9_Clifford+T_040 / cut_divided_budget
    ImportError: The opt_einsum package is required when use_opt_einsum is set to True in the contract_tensors function. This package can be installed using:
pip install opt_einsum
  16q / 9_Clifford+T_040 / cut_qubit_prop
    ImportError: The opt_einsum package is required when use_opt_einsum is set to True in the contract_tensors function. This package can be installed using:
pip install opt_einsum
  16q / 9_Clifford+T_040 / cut_incremental_budget
    ImportError: The opt_einsum package is required when use_opt_einsum is set to True in the contract_tensors function. This package can be installed using:
pip install opt_einsum
  16q / 9_Clifford+T_040 / cut_incremental_qubit_prop
    ImportError: The opt_einsum package is required when use_opt_einsum is set to True in the contract_tensors function. This package can be installed using:
pip install opt_einsum

========================================================================
