========================================================================
CUTTABLE CIRCUIT BENCHMARK RUN REPORT
Timestamp : 2026-06-18 05:17:09
========================================================================

DESIGN
------------------------------------------------------------------------
  Input        : valid_circuits.pkl produced by generate_and_cut.py
  Cut strategy : find_and_place_cuts + CutStrategy(min_free_wires=2)
  Ground truth : PennyLane default.qubit statevector (shots=None)
  Reconstruction: qcut_processing_fn (tensor contraction)
  Observable   : per-circuit Pauli string stored in CircuitSpec.observable
  Error        : |perf_exp_val - result|

CONFIGURATION
------------------------------------------------------------------------
  Shots (B)                 : 10000
  Noisy backend             : 'aer.fake_kyoto'
  Ideal backend             : 'aer.perfect'
  Simulator seed            : 42
  Output dir                : PosixPath('results/new/stable_shots3/10000_shots/kyoto/14_qubits')
  2q-gate alpha             : 0.8
  Incr. batch shots         : 50
  Incr. threshold           : 0.05
  Incr. offset              : 3
  Incr. stability k         : 5
  Incr. stopping criterion  : 'delta'
  Incr. distance metric     : 'tvd'
  Incr. window size         : 3
  Incr. EWMA alpha          : 0.5
  Selected modes            : noisy_vanilla, cut_divided_budget, cut_qubit_prop, cut_incremental_budget, cut_incremental_qubit_prop

SUMMARY
------------------------------------------------------------------------
Total: 50  ok: 50  failed: 0

RESULTS BY CIRCUIT
------------------------------------------------------------------------
  14q / 0_Clifford+T_001
    ✓ [ 145.8s]  noisy_vanilla
    ✓ [  94.6s]  cut_divided_budget
    ✓ [  64.2s]  cut_qubit_prop
    ✓ [ 363.0s]  cut_incremental_budget
    ✓ [ 347.8s]  cut_incremental_qubit_prop

  14q / 1_Clifford+T_011
    ✓ [  78.3s]  noisy_vanilla
    ✓ [  59.9s]  cut_divided_budget
    ✓ [  82.1s]  cut_qubit_prop
    ✓ [ 519.6s]  cut_incremental_budget
    ✓ [ 486.1s]  cut_incremental_qubit_prop

  14q / 2_Clifford+T_012
    ✓ [ 148.1s]  noisy_vanilla
    ✓ [  48.6s]  cut_divided_budget
    ✓ [  48.1s]  cut_qubit_prop
    ✓ [ 245.0s]  cut_incremental_budget
    ✓ [ 289.2s]  cut_incremental_qubit_prop

  14q / 3_Clifford+T_014
    ✓ [  83.2s]  noisy_vanilla
    ✓ [  40.1s]  cut_divided_budget
    ✓ [  77.0s]  cut_qubit_prop
    ✓ [ 365.8s]  cut_incremental_budget
    ✓ [ 289.4s]  cut_incremental_qubit_prop

  14q / 4_Clifford+T_015
    ✓ [ 156.3s]  noisy_vanilla
    ✓ [  76.6s]  cut_divided_budget
    ✓ [  65.2s]  cut_qubit_prop
    ✓ [ 106.9s]  cut_incremental_budget
    ✓ [  97.6s]  cut_incremental_qubit_prop

  14q / 5_Clifford+T_016
    ✓ [ 160.5s]  noisy_vanilla
    ✓ [  31.4s]  cut_divided_budget
    ✓ [  20.9s]  cut_qubit_prop
    ✓ [ 275.8s]  cut_incremental_budget
    ✓ [ 158.9s]  cut_incremental_qubit_prop

  14q / 6_Clifford+T_018
    ✓ [  82.2s]  noisy_vanilla
    ✓ [  20.2s]  cut_divided_budget
    ✓ [  12.1s]  cut_qubit_prop
    ✓ [ 208.5s]  cut_incremental_budget
    ✓ [ 315.8s]  cut_incremental_qubit_prop

  14q / 7_Clifford+T_019
    ✓ [ 132.0s]  noisy_vanilla
    ✓ [  30.4s]  cut_divided_budget
    ✓ [  30.0s]  cut_qubit_prop
    ✓ [ 347.4s]  cut_incremental_budget
    ✓ [ 451.7s]  cut_incremental_qubit_prop

  14q / 8_Clifford+T_022
    ✓ [ 143.3s]  noisy_vanilla
    ✓ [  63.4s]  cut_divided_budget
    ✓ [  79.9s]  cut_qubit_prop
    ✓ [ 363.2s]  cut_incremental_budget
    ✓ [ 331.4s]  cut_incremental_qubit_prop

  14q / 9_Clifford+T_026
    ✓ [ 151.1s]  noisy_vanilla
    ✓ [  22.0s]  cut_divided_budget
    ✓ [  20.7s]  cut_qubit_prop
    ✓ [ 289.0s]  cut_incremental_budget
    ✓ [ 293.7s]  cut_incremental_qubit_prop

========================================================================
