========================================================================
CUTTABLE CIRCUIT BENCHMARK RUN REPORT
Timestamp : 2026-06-18 05:54:41
========================================================================

DESIGN
------------------------------------------------------------------------
  Input        : valid_circuits.pkl produced by generate_and_cut.py
  Cut strategy : find_and_place_cuts + CutStrategy(min_free_wires=2)
  Ground truth : PennyLane default.qubit statevector (shots=None)
  Reconstruction: qcut_processing_fn (tensor contraction)
  Observable   : per-circuit Pauli string stored in CircuitSpec.observable
  Error        : |perf_exp_val - result|

CONFIGURATION
------------------------------------------------------------------------
  Shots (B)                 : 10000
  Noisy backend             : 'aer.fake_kyoto'
  Ideal backend             : 'aer.perfect'
  Simulator seed            : 42
  Output dir                : PosixPath('results/new/stable_shots3/10000_shots/kyoto/15_qubits')
  2q-gate alpha             : 0.8
  Incr. batch shots         : 50
  Incr. threshold           : 0.05
  Incr. offset              : 3
  Incr. stability k         : 5
  Incr. stopping criterion  : 'delta'
  Incr. distance metric     : 'tvd'
  Incr. window size         : 3
  Incr. EWMA alpha          : 0.5
  Selected modes            : noisy_vanilla, cut_divided_budget, cut_qubit_prop, cut_incremental_budget, cut_incremental_qubit_prop

SUMMARY
------------------------------------------------------------------------
Total: 50  ok: 50  failed: 0

RESULTS BY CIRCUIT
------------------------------------------------------------------------
  15q / 0_Clifford+T_003
    ✓ [ 336.0s]  noisy_vanilla
    ✓ [  35.3s]  cut_divided_budget
    ✓ [  23.6s]  cut_qubit_prop
    ✓ [ 352.4s]  cut_incremental_budget
    ✓ [ 373.9s]  cut_incremental_qubit_prop

  15q / 1_Clifford+T_009
    ✓ [ 276.7s]  noisy_vanilla
    ✓ [  22.0s]  cut_divided_budget
    ✓ [  17.1s]  cut_qubit_prop
    ✓ [ 282.6s]  cut_incremental_budget
    ✓ [ 363.9s]  cut_incremental_qubit_prop

  15q / 2_Clifford+T_011
    ✓ [ 328.6s]  noisy_vanilla
    ✓ [  41.5s]  cut_divided_budget
    ✓ [  34.4s]  cut_qubit_prop
    ✓ [ 311.9s]  cut_incremental_budget
    ✓ [ 309.7s]  cut_incremental_qubit_prop

  15q / 3_Clifford+T_015
    ✓ [ 305.4s]  noisy_vanilla
    ✓ [  92.6s]  cut_divided_budget
    ✓ [  81.7s]  cut_qubit_prop
    ✓ [ 551.5s]  cut_incremental_budget
    ✓ [ 596.4s]  cut_incremental_qubit_prop

  15q / 4_Clifford+T_016
    ✓ [ 371.5s]  noisy_vanilla
    ✓ [  31.6s]  cut_divided_budget
    ✓ [  20.9s]  cut_qubit_prop
    ✓ [ 216.1s]  cut_incremental_budget
    ✓ [ 291.4s]  cut_incremental_qubit_prop

  15q / 5_Clifford+T_018
    ✓ [ 327.5s]  noisy_vanilla
    ✓ [  33.2s]  cut_divided_budget
    ✓ [  20.9s]  cut_qubit_prop
    ✓ [ 388.8s]  cut_incremental_budget
    ✓ [ 383.7s]  cut_incremental_qubit_prop

  15q / 6_Clifford+T_022
    ✓ [ 328.0s]  noisy_vanilla
    ✓ [  28.0s]  cut_divided_budget
    ✓ [  14.4s]  cut_qubit_prop
    ✓ [ 218.1s]  cut_incremental_budget
    ✓ [ 320.9s]  cut_incremental_qubit_prop

  15q / 7_Clifford+T_023
    ✓ [ 280.9s]  noisy_vanilla
    ✓ [  32.9s]  cut_divided_budget
    ✓ [  31.0s]  cut_qubit_prop
    ✓ [ 364.9s]  cut_incremental_budget
    ✓ [ 485.7s]  cut_incremental_qubit_prop

  15q / 8_Clifford+T_024
    ✓ [ 182.5s]  noisy_vanilla
    ✓ [  41.7s]  cut_divided_budget
    ✓ [  40.8s]  cut_qubit_prop
    ✓ [ 294.0s]  cut_incremental_budget
    ✓ [ 235.9s]  cut_incremental_qubit_prop

  15q / 9_Clifford+T_026
    ✓ [ 167.8s]  noisy_vanilla
    ✓ [  38.1s]  cut_divided_budget
    ✓ [  44.5s]  cut_qubit_prop
    ✓ [ 276.3s]  cut_incremental_budget
    ✓ [ 256.7s]  cut_incremental_qubit_prop

========================================================================
