========================================================================
CUTTABLE CIRCUIT BENCHMARK RUN REPORT
Timestamp : 2026-06-13 02:18:10
========================================================================

DESIGN
------------------------------------------------------------------------
  Input        : valid_circuits.pkl produced by generate_and_cut.py
  Cut strategy : find_and_place_cuts + CutStrategy(min_free_wires=2)
  Ground truth : PennyLane default.qubit statevector (shots=None)
  Reconstruction: qcut_processing_fn (tensor contraction)
  Observable   : per-circuit Pauli string stored in CircuitSpec.observable
  Error        : |perf_exp_val - result|

CONFIGURATION
------------------------------------------------------------------------
  Shots (B)                 : 10000
  Noisy backend             : 'aer.fake_sherbrooke'
  Ideal backend             : 'aer.perfect'
  Simulator seed            : 42
  Output dir                : PosixPath('results/new/stable_shots_runs_10-14q_no_vanilla/10000_shots/sherbrooke/13_qubits')
  2q-gate alpha             : 0.8
  Incr. batch shots         : 50
  Incr. threshold           : 0.0005
  Incr. offset              : 2
  Incr. stability k         : 5
  Incr. stopping criterion  : 'delta'
  Incr. distance metric     : 'tvd'
  Incr. window size         : 3
  Incr. EWMA alpha          : 0.5
  Selected modes            : cut_divided_budget, cut_qubit_prop, cut_incremental_budget, cut_incremental_qubit_prop

SUMMARY
------------------------------------------------------------------------
Total: 40  ok: 40  failed: 0

RESULTS BY CIRCUIT
------------------------------------------------------------------------
  13q / 0_Clifford+T_002
    ✓ [  25.3s]  cut_divided_budget
    ✓ [  24.6s]  cut_qubit_prop
    ✓ [ 294.5s]  cut_incremental_budget
    ✓ [ 310.9s]  cut_incremental_qubit_prop

  13q / 1_Clifford+T_004
    ✓ [  18.2s]  cut_divided_budget
    ✓ [  11.6s]  cut_qubit_prop
    ✓ [ 288.5s]  cut_incremental_budget
    ✓ [ 298.1s]  cut_incremental_qubit_prop

  13q / 2_Clifford+T_007
    ✓ [  18.0s]  cut_divided_budget
    ✓ [  11.5s]  cut_qubit_prop
    ✓ [ 295.0s]  cut_incremental_budget
    ✓ [ 302.4s]  cut_incremental_qubit_prop

  13q / 3_Clifford+T_010
    ✓ [  22.4s]  cut_divided_budget
    ✓ [  18.7s]  cut_qubit_prop
    ✓ [ 293.5s]  cut_incremental_budget
    ✓ [ 306.6s]  cut_incremental_qubit_prop

  13q / 4_Clifford+T_012
    ✓ [  22.2s]  cut_divided_budget
    ✓ [  17.7s]  cut_qubit_prop
    ✓ [ 295.6s]  cut_incremental_budget
    ✓ [ 305.9s]  cut_incremental_qubit_prop

  13q / 5_Clifford+T_014
    ✓ [  54.8s]  cut_divided_budget
    ✓ [  47.9s]  cut_qubit_prop
    ✓ [ 334.2s]  cut_incremental_budget
    ✓ [ 309.3s]  cut_incremental_qubit_prop

  13q / 6_Clifford+T_015
    ✓ [  18.5s]  cut_divided_budget
    ✓ [  11.7s]  cut_qubit_prop
    ✓ [ 294.1s]  cut_incremental_budget
    ✓ [ 301.0s]  cut_incremental_qubit_prop

  13q / 7_Clifford+T_016
    ✓ [  18.4s]  cut_divided_budget
    ✓ [  11.6s]  cut_qubit_prop
    ✓ [ 292.8s]  cut_incremental_budget
    ✓ [ 300.7s]  cut_incremental_qubit_prop

  13q / 8_Clifford+T_017
    ✓ [  17.7s]  cut_divided_budget
    ✓ [  11.5s]  cut_qubit_prop
    ✓ [ 290.1s]  cut_incremental_budget
    ✓ [ 298.0s]  cut_incremental_qubit_prop

  13q / 9_Clifford+T_020
    ✓ [  26.8s]  cut_divided_budget
    ✓ [  26.5s]  cut_qubit_prop
    ✓ [ 301.0s]  cut_incremental_budget
    ✓ [ 320.0s]  cut_incremental_qubit_prop

========================================================================
