========================================================================
CUTTABLE CIRCUIT BENCHMARK RUN REPORT
Timestamp : 2026-06-09 09:47:21
========================================================================

DESIGN
------------------------------------------------------------------------
  Input        : valid_circuits.pkl produced by generate_and_cut.py
  Cut strategy : find_and_place_cuts + CutStrategy(min_free_wires=2)
  Ground truth : PennyLane default.qubit statevector (shots=None)
  Reconstruction: qcut_processing_fn (tensor contraction)
  Observable   : per-circuit Pauli string stored in CircuitSpec.observable
  Error        : |perf_exp_val - result|

CONFIGURATION
------------------------------------------------------------------------
  Shots (B)                 : 10000
  Noisy backend             : 'aer.fake_kawasaki'
  Ideal backend             : 'aer.perfect'
  Simulator seed            : 42
  Output dir                : PosixPath('results/new/ewma_10k_kawasaki_01/11_qubits')
  2q-gate alpha             : 0.8
  Incr. batch shots         : 50
  Incr. threshold           : 0.03
  Incr. offset              : 3
  Incr. stability k         : 3
  Incr. stopping criterion  : 'ewma'
  Incr. distance metric     : 'tvd'
  Incr. window size         : 3
  Incr. EWMA alpha          : 0.5
  Selected modes            : noisy_vanilla, cut_divided_budget, cut_qubit_prop, cut_incremental_budget, cut_incremental_qubit_prop

SUMMARY
------------------------------------------------------------------------
Total: 50  ok: 50  failed: 0

RESULTS BY CIRCUIT
------------------------------------------------------------------------
  11q / 0_Clifford+T_001
    ✓ [   3.2s]  noisy_vanilla
    ✓ [  78.7s]  cut_divided_budget
    ✓ [  37.9s]  cut_qubit_prop
    ✓ [ 303.7s]  cut_incremental_budget
    ✓ [ 266.5s]  cut_incremental_qubit_prop

  11q / 1_Clifford+T_002
    ✓ [   4.1s]  noisy_vanilla
    ✓ [  49.1s]  cut_divided_budget
    ✓ [  44.3s]  cut_qubit_prop
    ✓ [ 307.5s]  cut_incremental_budget
    ✓ [ 271.6s]  cut_incremental_qubit_prop

  11q / 2_Clifford+T_011
    ✓ [   1.5s]  noisy_vanilla
    ✓ [  21.6s]  cut_divided_budget
    ✓ [  13.0s]  cut_qubit_prop
    ✓ [ 222.7s]  cut_incremental_budget
    ✓ [ 226.0s]  cut_incremental_qubit_prop

  11q / 3_Clifford+T_015
    ✓ [   1.9s]  noisy_vanilla
    ✓ [  17.8s]  cut_divided_budget
    ✓ [  11.7s]  cut_qubit_prop
    ✓ [ 220.8s]  cut_incremental_budget
    ✓ [ 179.0s]  cut_incremental_qubit_prop

  11q / 4_Clifford+T_017
    ✓ [   1.6s]  noisy_vanilla
    ✓ [  17.3s]  cut_divided_budget
    ✓ [   9.7s]  cut_qubit_prop
    ✓ [ 165.7s]  cut_incremental_budget
    ✓ [ 132.9s]  cut_incremental_qubit_prop

  11q / 5_Clifford+T_025
    ✓ [   1.8s]  noisy_vanilla
    ✓ [  17.1s]  cut_divided_budget
    ✓ [  13.1s]  cut_qubit_prop
    ✓ [ 180.3s]  cut_incremental_budget
    ✓ [ 204.4s]  cut_incremental_qubit_prop

  11q / 6_Clifford+T_026
    ✓ [   1.7s]  noisy_vanilla
    ✓ [  19.4s]  cut_divided_budget
    ✓ [  11.7s]  cut_qubit_prop
    ✓ [ 198.3s]  cut_incremental_budget
    ✓ [ 273.7s]  cut_incremental_qubit_prop

  11q / 7_Clifford+T_029
    ✓ [   2.3s]  noisy_vanilla
    ✓ [  18.3s]  cut_divided_budget
    ✓ [   9.2s]  cut_qubit_prop
    ✓ [ 151.5s]  cut_incremental_budget
    ✓ [ 154.7s]  cut_incremental_qubit_prop

  11q / 8_Clifford+T_030
    ✓ [   2.2s]  noisy_vanilla
    ✓ [  32.0s]  cut_divided_budget
    ✓ [  14.0s]  cut_qubit_prop
    ✓ [ 135.0s]  cut_incremental_budget
    ✓ [ 122.5s]  cut_incremental_qubit_prop

  11q / 9_Clifford+T_033
    ✓ [   1.5s]  noisy_vanilla
    ✓ [  19.3s]  cut_divided_budget
    ✓ [  10.0s]  cut_qubit_prop
    ✓ [ 134.1s]  cut_incremental_budget
    ✓ [ 126.2s]  cut_incremental_qubit_prop

========================================================================
