========================================================================
CUTTABLE CIRCUIT BENCHMARK RUN REPORT
Timestamp : 2026-05-11 15:20:14
========================================================================

DESIGN
------------------------------------------------------------------------
  Input        : valid_circuits.pkl produced by generate_and_cut.py
  Cut strategy : find_and_place_cuts + CutStrategy(min_free_wires=2)
  Ground truth : PennyLane default.qubit statevector (shots=None)
  Reconstruction: qcut_processing_fn (tensor contraction)
  Observable   : per-circuit Pauli string stored in CircuitSpec.observable
  Error        : |perf_exp_val - result|

CONFIGURATION
------------------------------------------------------------------------
  Shots (B)                 : 20000
  Noisy backend             : 'aer.fake_torino'
  Ideal backend             : 'aer.perfect'
  Simulator seed            : 42
  Output dir                : PosixPath('results/20k_ewma_05/09_qubits')
  2q-gate alpha             : 0.8
  Incr. batch shots         : 50
  Incr. threshold           : 0.01
  Incr. offset              : 5
  Incr. stability k         : 5
  Incr. stopping criterion  : 'ewma'
  Incr. distance metric     : 'tvd'
  Incr. window size         : 5
  Incr. EWMA alpha          : 0.5
  Selected modes            : noisy_vanilla, cut_divided_budget, cut_qubit_prop, cut_incremental_budget, cut_incremental_qubit_prop

SUMMARY
------------------------------------------------------------------------
Total: 50  ok: 50  failed: 0

RESULTS BY CIRCUIT
------------------------------------------------------------------------
  9q / 0_Clifford+T_004
    ✓ [   3.0s]  noisy_vanilla
    ✓ [  89.7s]  cut_divided_budget
    ✓ [  82.3s]  cut_qubit_prop
    ✓ [1097.9s]  cut_incremental_budget
    ✓ [ 861.0s]  cut_incremental_qubit_prop

  9q / 1_QuantumVolume_012
    ✓ [   3.0s]  noisy_vanilla
    ✓ [1234.7s]  cut_divided_budget
    ✓ [  78.3s]  cut_qubit_prop
    ✓ [1044.2s]  cut_incremental_budget
    ✓ [1228.6s]  cut_incremental_qubit_prop

  9q / 2_Clifford+T_016
    ✓ [   2.3s]  noisy_vanilla
    ✓ [ 103.2s]  cut_divided_budget
    ✓ [  85.2s]  cut_qubit_prop
    ✓ [1103.9s]  cut_incremental_budget
    ✓ [ 830.4s]  cut_incremental_qubit_prop

  9q / 3_Clifford+T_034
    ✓ [   2.8s]  noisy_vanilla
    ✓ [  26.4s]  cut_divided_budget
    ✓ [  18.0s]  cut_qubit_prop
    ✓ [ 265.8s]  cut_incremental_budget
    ✓ [ 297.5s]  cut_incremental_qubit_prop

  9q / 4_Clifford+T_070
    ✓ [   2.8s]  noisy_vanilla
    ✓ [  30.1s]  cut_divided_budget
    ✓ [  21.1s]  cut_qubit_prop
    ✓ [ 272.7s]  cut_incremental_budget
    ✓ [ 307.6s]  cut_incremental_qubit_prop

  9q / 5_Clifford+T_106
    ✓ [   2.8s]  noisy_vanilla
    ✓ [  79.6s]  cut_divided_budget
    ✓ [  72.8s]  cut_qubit_prop
    ✓ [1026.7s]  cut_incremental_budget
    ✓ [ 914.2s]  cut_incremental_qubit_prop

  9q / 6_QuantumVolume_126
    ✓ [   3.0s]  noisy_vanilla
    ✓ [1077.9s]  cut_divided_budget
    ✓ [  71.1s]  cut_qubit_prop
    ✓ [ 926.0s]  cut_incremental_budget
    ✓ [ 938.1s]  cut_incremental_qubit_prop

  9q / 7_Clifford+T_154
    ✓ [   2.4s]  noisy_vanilla
    ✓ [  26.0s]  cut_divided_budget
    ✓ [  17.8s]  cut_qubit_prop
    ✓ [ 250.5s]  cut_incremental_budget
    ✓ [ 252.2s]  cut_incremental_qubit_prop

  9q / 8_Clifford+T_166
    ✓ [   2.1s]  noisy_vanilla
    ✓ [  24.6s]  cut_divided_budget
    ✓ [  16.9s]  cut_qubit_prop
    ✓ [ 253.2s]  cut_incremental_budget
    ✓ [ 256.8s]  cut_incremental_qubit_prop

  9q / 9_Clifford+T_184
    ✓ [   2.8s]  noisy_vanilla
    ✓ [  80.1s]  cut_divided_budget
    ✓ [  73.4s]  cut_qubit_prop
    ✓ [ 961.0s]  cut_incremental_budget
    ✓ [ 777.4s]  cut_incremental_qubit_prop

========================================================================
