========================================================================
CUTTABLE CIRCUIT BENCHMARK RUN REPORT
Timestamp : 2026-06-18 14:14:05
========================================================================

DESIGN
------------------------------------------------------------------------
  Input        : valid_circuits.pkl produced by generate_and_cut.py
  Cut strategy : find_and_place_cuts + CutStrategy(min_free_wires=2)
  Ground truth : PennyLane default.qubit statevector (shots=None)
  Reconstruction: qcut_processing_fn (tensor contraction)
  Observable   : per-circuit Pauli string stored in CircuitSpec.observable
  Error        : |perf_exp_val - result|

CONFIGURATION
------------------------------------------------------------------------
  Shots (B)                 : 20000
  Noisy backend             : 'aer.fake_sherbrooke'
  Ideal backend             : 'aer.perfect'
  Simulator seed            : 42
  Output dir                : PosixPath('results/new/stable_shots_02/20000_shots/sherbrooke/16_qubits')
  2q-gate alpha             : 0.8
  Incr. batch shots         : 50
  Incr. threshold           : 0.03
  Incr. offset              : 3
  Incr. stability k         : 3
  Incr. stopping criterion  : 'delta'
  Incr. distance metric     : 'tvd'
  Incr. window size         : 3
  Incr. EWMA alpha          : 0.5
  Selected modes            : noisy_vanilla, cut_divided_budget, cut_qubit_prop, cut_incremental_budget, cut_incremental_qubit_prop

SUMMARY
------------------------------------------------------------------------
Total: 50  ok: 50  failed: 0

RESULTS BY CIRCUIT
------------------------------------------------------------------------
  16q / 0_Clifford+T_002
    ✓ [1001.3s]  noisy_vanilla
    ✓ [  17.8s]  cut_divided_budget
    ✓ [  10.2s]  cut_qubit_prop
    ✓ [ 195.8s]  cut_incremental_budget
    ✓ [ 252.4s]  cut_incremental_qubit_prop

  16q / 1_Clifford+T_008
    ✓ [ 692.9s]  noisy_vanilla
    ✓ [  17.8s]  cut_divided_budget
    ✓ [  11.3s]  cut_qubit_prop
    ✓ [ 245.0s]  cut_incremental_budget
    ✓ [ 311.2s]  cut_incremental_qubit_prop

  16q / 2_Clifford+T_015
    ✓ [1276.3s]  noisy_vanilla
    ✓ [  77.6s]  cut_divided_budget
    ✓ [  84.6s]  cut_qubit_prop
    ✓ [ 501.4s]  cut_incremental_budget
    ✓ [ 518.8s]  cut_incremental_qubit_prop

  16q / 3_Clifford+T_016
    ✓ [1328.9s]  noisy_vanilla
    ✓ [  26.5s]  cut_divided_budget
    ✓ [  17.3s]  cut_qubit_prop
    ✓ [ 298.4s]  cut_incremental_budget
    ✓ [ 241.6s]  cut_incremental_qubit_prop

  16q / 4_Clifford+T_018
    ✓ [ 952.4s]  noisy_vanilla
    ✓ [  23.2s]  cut_divided_budget
    ✓ [  16.1s]  cut_qubit_prop
    ✓ [ 331.4s]  cut_incremental_budget
    ✓ [ 284.2s]  cut_incremental_qubit_prop

  16q / 5_Clifford+T_019
    ✓ [1431.9s]  noisy_vanilla
    ✓ [ 176.6s]  cut_divided_budget
    ✓ [ 276.0s]  cut_qubit_prop
    ✓ [ 630.4s]  cut_incremental_budget
    ✓ [ 540.8s]  cut_incremental_qubit_prop

  16q / 6_Clifford+T_021
    ✓ [ 698.6s]  noisy_vanilla
    ✓ [  21.5s]  cut_divided_budget
    ✓ [  15.7s]  cut_qubit_prop
    ✓ [ 316.8s]  cut_incremental_budget
    ✓ [ 414.0s]  cut_incremental_qubit_prop

  16q / 7_Clifford+T_026
    ✓ [1376.5s]  noisy_vanilla
    ✓ [  61.1s]  cut_divided_budget
    ✓ [  64.0s]  cut_qubit_prop
    ✓ [ 349.3s]  cut_incremental_budget
    ✓ [ 284.2s]  cut_incremental_qubit_prop

  16q / 8_Clifford+T_032
    ✓ [ 863.7s]  noisy_vanilla
    ✓ [  63.1s]  cut_divided_budget
    ✓ [  57.9s]  cut_qubit_prop
    ✓ [ 502.3s]  cut_incremental_budget
    ✓ [ 549.0s]  cut_incremental_qubit_prop

  16q / 9_Clifford+T_040
    ✓ [1274.0s]  noisy_vanilla
    ✓ [ 108.1s]  cut_divided_budget
    ✓ [ 155.9s]  cut_qubit_prop
    ✓ [ 508.1s]  cut_incremental_budget
    ✓ [ 509.8s]  cut_incremental_qubit_prop

========================================================================
