========================================================================
CUTTABLE CIRCUIT BENCHMARK RUN REPORT
Timestamp : 2026-05-27 15:41:48
========================================================================

DESIGN
------------------------------------------------------------------------
  Input        : valid_circuits.pkl produced by generate_and_cut.py
  Cut strategy : find_and_place_cuts + CutStrategy(min_free_wires=2)
  Ground truth : PennyLane default.qubit statevector (shots=None)
  Reconstruction: qcut_processing_fn (tensor contraction)
  Observable   : per-circuit Pauli string stored in CircuitSpec.observable
  Error        : |perf_exp_val - result|

CONFIGURATION
------------------------------------------------------------------------
  Shots (B)                 : 20000
  Noisy backend             : 'aer.fake_torino'
  Ideal backend             : 'aer.perfect'
  Simulator seed            : 42
  Output dir                : PosixPath('results/new/ewma_20k_torino_01/10_qubits')
  2q-gate alpha             : 0.8
  Incr. batch shots         : 50
  Incr. threshold           : 0.01
  Incr. offset              : 3
  Incr. stability k         : 3
  Incr. stopping criterion  : 'ewma'
  Incr. distance metric     : 'tvd'
  Incr. window size         : 3
  Incr. EWMA alpha          : 0.5
  Selected modes            : noisy_vanilla, cut_divided_budget, cut_qubit_prop, cut_incremental_budget, cut_incremental_qubit_prop

SUMMARY
------------------------------------------------------------------------
Total: 50  ok: 50  failed: 0

RESULTS BY CIRCUIT
------------------------------------------------------------------------
  10q / 0_Clifford+T_001
    ✓ [   4.4s]  noisy_vanilla
    ✓ [ 131.4s]  cut_divided_budget
    ✓ [ 132.9s]  cut_qubit_prop
    ✓ [1823.4s]  cut_incremental_budget
    ✓ [1914.6s]  cut_incremental_qubit_prop

  10q / 1_Clifford+T_004
    ✓ [   8.1s]  noisy_vanilla
    ✓ [  56.3s]  cut_divided_budget
    ✓ [  33.5s]  cut_qubit_prop
    ✓ [1243.9s]  cut_incremental_budget
    ✓ [1696.5s]  cut_incremental_qubit_prop

  10q / 2_Clifford+T_008
    ✓ [   4.0s]  noisy_vanilla
    ✓ [ 149.6s]  cut_divided_budget
    ✓ [ 111.8s]  cut_qubit_prop
    ✓ [1617.3s]  cut_incremental_budget
    ✓ [1369.1s]  cut_incremental_qubit_prop

  10q / 3_Clifford+T_015
    ✓ [   3.3s]  noisy_vanilla
    ✓ [  40.2s]  cut_divided_budget
    ✓ [  27.2s]  cut_qubit_prop
    ✓ [ 955.1s]  cut_incremental_budget
    ✓ [ 878.0s]  cut_incremental_qubit_prop

  10q / 4_Clifford+T_024
    ✓ [   3.5s]  noisy_vanilla
    ✓ [  92.0s]  cut_divided_budget
    ✓ [  82.1s]  cut_qubit_prop
    ✓ [1104.7s]  cut_incremental_budget
    ✓ [1087.1s]  cut_incremental_qubit_prop

  10q / 5_Clifford+T_026
    ✓ [   2.8s]  noisy_vanilla
    ✓ [  87.6s]  cut_divided_budget
    ✓ [  79.9s]  cut_qubit_prop
    ✓ [1051.5s]  cut_incremental_budget
    ✓ [1063.1s]  cut_incremental_qubit_prop

  10q / 6_Clifford+T_032
    ✓ [   2.7s]  noisy_vanilla
    ✓ [  28.2s]  cut_divided_budget
    ✓ [  21.3s]  cut_qubit_prop
    ✓ [ 605.9s]  cut_incremental_budget
    ✓ [ 688.7s]  cut_incremental_qubit_prop

  10q / 7_Clifford+T_033
    ✓ [   3.3s]  noisy_vanilla
    ✓ [  29.0s]  cut_divided_budget
    ✓ [  21.1s]  cut_qubit_prop
    ✓ [ 621.4s]  cut_incremental_budget
    ✓ [ 628.9s]  cut_incremental_qubit_prop

  10q / 8_Clifford+T_039
    ✓ [   3.1s]  noisy_vanilla
    ✓ [  86.3s]  cut_divided_budget
    ✓ [  82.2s]  cut_qubit_prop
    ✓ [1307.8s]  cut_incremental_budget
    ✓ [1291.0s]  cut_incremental_qubit_prop

  10q / 9_Clifford+T_041
    ✓ [   3.2s]  noisy_vanilla
    ✓ [  31.2s]  cut_divided_budget
    ✓ [  21.1s]  cut_qubit_prop
    ✓ [ 968.6s]  cut_incremental_budget
    ✓ [ 957.0s]  cut_incremental_qubit_prop

========================================================================
