========================================================================
CUTTABLE CIRCUIT BENCHMARK RUN REPORT
Timestamp : 2026-06-16 01:25:33
========================================================================

DESIGN
------------------------------------------------------------------------
  Input        : valid_circuits.pkl produced by generate_and_cut.py
  Cut strategy : find_and_place_cuts + CutStrategy(min_free_wires=2)
  Ground truth : PennyLane default.qubit statevector (shots=None)
  Reconstruction: qcut_processing_fn (tensor contraction)
  Observable   : per-circuit Pauli string stored in CircuitSpec.observable
  Error        : |perf_exp_val - result|

CONFIGURATION
------------------------------------------------------------------------
  Shots (B)                 : 10000
  Noisy backend             : 'aer.fake_kyoto'
  Ideal backend             : 'aer.perfect'
  Simulator seed            : 42
  Output dir                : PosixPath('results/new/stable_shots_runs02_10-14q_no_vanilla/10000_shots/kyoto/10_qubits')
  2q-gate alpha             : 0.8
  Incr. batch shots         : 50
  Incr. threshold           : 0.005
  Incr. offset              : 3
  Incr. stability k         : 5
  Incr. stopping criterion  : 'delta'
  Incr. distance metric     : 'tvd'
  Incr. window size         : 3
  Incr. EWMA alpha          : 0.5
  Selected modes            : cut_divided_budget, cut_qubit_prop, cut_incremental_budget, cut_incremental_qubit_prop

SUMMARY
------------------------------------------------------------------------
Total: 40  ok: 40  failed: 0

RESULTS BY CIRCUIT
------------------------------------------------------------------------
  10q / 0_Clifford+T_001
    ✓ [  59.0s]  cut_divided_budget
    ✓ [  51.4s]  cut_qubit_prop
    ✓ [ 346.9s]  cut_incremental_budget
    ✓ [ 350.9s]  cut_incremental_qubit_prop

  10q / 1_Clifford+T_004
    ✓ [  19.8s]  cut_divided_budget
    ✓ [  12.3s]  cut_qubit_prop
    ✓ [ 307.3s]  cut_incremental_budget
    ✓ [ 317.2s]  cut_incremental_qubit_prop

  10q / 2_Clifford+T_008
    ✓ [  58.3s]  cut_divided_budget
    ✓ [  52.7s]  cut_qubit_prop
    ✓ [ 348.1s]  cut_incremental_budget
    ✓ [ 350.4s]  cut_incremental_qubit_prop

  10q / 3_Clifford+T_015
    ✓ [  19.7s]  cut_divided_budget
    ✓ [  12.1s]  cut_qubit_prop
    ✓ [ 312.5s]  cut_incremental_budget
    ✓ [ 318.2s]  cut_incremental_qubit_prop

  10q / 4_Clifford+T_024
    ✓ [  58.0s]  cut_divided_budget
    ✓ [  50.7s]  cut_qubit_prop
    ✓ [ 346.7s]  cut_incremental_budget
    ✓ [ 351.2s]  cut_incremental_qubit_prop

  10q / 5_Clifford+T_026
    ✓ [  54.7s]  cut_divided_budget
    ✓ [  48.0s]  cut_qubit_prop
    ✓ [ 345.7s]  cut_incremental_budget
    ✓ [ 347.1s]  cut_incremental_qubit_prop

  10q / 6_Clifford+T_032
    ✓ [  19.7s]  cut_divided_budget
    ✓ [  12.6s]  cut_qubit_prop
    ✓ [ 307.0s]  cut_incremental_budget
    ✓ [ 322.8s]  cut_incremental_qubit_prop

  10q / 7_Clifford+T_033
    ✓ [  20.1s]  cut_divided_budget
    ✓ [  12.2s]  cut_qubit_prop
    ✓ [ 311.7s]  cut_incremental_budget
    ✓ [ 323.3s]  cut_incremental_qubit_prop

  10q / 8_Clifford+T_039
    ✓ [  58.8s]  cut_divided_budget
    ✓ [  52.1s]  cut_qubit_prop
    ✓ [ 347.9s]  cut_incremental_budget
    ✓ [ 352.8s]  cut_incremental_qubit_prop

  10q / 9_Clifford+T_041
    ✓ [  19.3s]  cut_divided_budget
    ✓ [  12.1s]  cut_qubit_prop
    ✓ [ 312.9s]  cut_incremental_budget
    ✓ [ 320.0s]  cut_incremental_qubit_prop

========================================================================
