========================================================================
CUTTABLE CIRCUIT BENCHMARK RUN REPORT
Timestamp : 2026-06-18 10:35:24
========================================================================

DESIGN
------------------------------------------------------------------------
  Input        : valid_circuits.pkl produced by generate_and_cut.py
  Cut strategy : find_and_place_cuts + CutStrategy(min_free_wires=2)
  Ground truth : PennyLane default.qubit statevector (shots=None)
  Reconstruction: qcut_processing_fn (tensor contraction)
  Observable   : per-circuit Pauli string stored in CircuitSpec.observable
  Error        : |perf_exp_val - result|

CONFIGURATION
------------------------------------------------------------------------
  Shots (B)                 : 20000
  Noisy backend             : 'aer.fake_kawasaki'
  Ideal backend             : 'aer.perfect'
  Simulator seed            : 42
  Output dir                : PosixPath('results/new/stable_shots3/20000_shots/kawasaki/11_qubits')
  2q-gate alpha             : 0.8
  Incr. batch shots         : 50
  Incr. threshold           : 0.05
  Incr. offset              : 3
  Incr. stability k         : 5
  Incr. stopping criterion  : 'delta'
  Incr. distance metric     : 'tvd'
  Incr. window size         : 3
  Incr. EWMA alpha          : 0.5
  Selected modes            : noisy_vanilla, cut_divided_budget, cut_qubit_prop, cut_incremental_budget, cut_incremental_qubit_prop

SUMMARY
------------------------------------------------------------------------
Total: 50  ok: 50  failed: 0

RESULTS BY CIRCUIT
------------------------------------------------------------------------
  11q / 0_Clifford+T_001
    ✓ [   6.4s]  noisy_vanilla
    ✓ [  73.1s]  cut_divided_budget
    ✓ [  65.0s]  cut_qubit_prop
    ✓ [ 773.6s]  cut_incremental_budget
    ✓ [ 774.4s]  cut_incremental_qubit_prop

  11q / 1_Clifford+T_002
    ✓ [   6.1s]  noisy_vanilla
    ✓ [  54.8s]  cut_divided_budget
    ✓ [  58.8s]  cut_qubit_prop
    ✓ [ 747.1s]  cut_incremental_budget
    ✓ [ 757.0s]  cut_incremental_qubit_prop

  11q / 2_Clifford+T_011
    ✓ [   6.4s]  noisy_vanilla
    ✓ [  28.3s]  cut_divided_budget
    ✓ [  17.2s]  cut_qubit_prop
    ✓ [ 300.5s]  cut_incremental_budget
    ✓ [ 222.4s]  cut_incremental_qubit_prop

  11q / 3_Clifford+T_015
    ✓ [   5.5s]  noisy_vanilla
    ✓ [  28.3s]  cut_divided_budget
    ✓ [  17.1s]  cut_qubit_prop
    ✓ [ 253.8s]  cut_incremental_budget
    ✓ [ 241.9s]  cut_incremental_qubit_prop

  11q / 4_Clifford+T_017
    ✓ [   5.7s]  noisy_vanilla
    ✓ [  28.0s]  cut_divided_budget
    ✓ [  17.0s]  cut_qubit_prop
    ✓ [ 116.0s]  cut_incremental_budget
    ✓ [ 119.6s]  cut_incremental_qubit_prop

  11q / 5_Clifford+T_025
    ✓ [   3.2s]  noisy_vanilla
    ✓ [  17.1s]  cut_divided_budget
    ✓ [  10.2s]  cut_qubit_prop
    ✓ [ 144.6s]  cut_incremental_budget
    ✓ [ 151.5s]  cut_incremental_qubit_prop

  11q / 6_Clifford+T_026
    ✓ [   3.4s]  noisy_vanilla
    ✓ [  22.3s]  cut_divided_budget
    ✓ [  11.7s]  cut_qubit_prop
    ✓ [ 233.7s]  cut_incremental_budget
    ✓ [ 225.3s]  cut_incremental_qubit_prop

  11q / 7_Clifford+T_029
    ✓ [   3.5s]  noisy_vanilla
    ✓ [  16.6s]  cut_divided_budget
    ✓ [  10.3s]  cut_qubit_prop
    ✓ [ 208.4s]  cut_incremental_budget
    ✓ [ 200.5s]  cut_incremental_qubit_prop

  11q / 8_Clifford+T_030
    ✓ [   5.9s]  noisy_vanilla
    ✓ [  28.7s]  cut_divided_budget
    ✓ [  16.7s]  cut_qubit_prop
    ✓ [ 181.4s]  cut_incremental_budget
    ✓ [ 180.4s]  cut_incremental_qubit_prop

  11q / 9_Clifford+T_033
    ✓ [   5.5s]  noisy_vanilla
    ✓ [  23.8s]  cut_divided_budget
    ✓ [  17.1s]  cut_qubit_prop
    ✓ [ 183.2s]  cut_incremental_budget
    ✓ [ 170.3s]  cut_incremental_qubit_prop

========================================================================
