========================================================================
CUTTABLE CIRCUIT BENCHMARK RUN REPORT
Timestamp : 2026-06-18 09:03:55
========================================================================

DESIGN
------------------------------------------------------------------------
  Input        : valid_circuits.pkl produced by generate_and_cut.py
  Cut strategy : find_and_place_cuts + CutStrategy(min_free_wires=2)
  Ground truth : PennyLane default.qubit statevector (shots=None)
  Reconstruction: qcut_processing_fn (tensor contraction)
  Observable   : per-circuit Pauli string stored in CircuitSpec.observable
  Error        : |perf_exp_val - result|

CONFIGURATION
------------------------------------------------------------------------
  Shots (B)                 : 20000
  Noisy backend             : 'aer.fake_torino'
  Ideal backend             : 'aer.perfect'
  Simulator seed            : 42
  Output dir                : PosixPath('results/new/stable_shots_02/20000_shots/torino/10_qubits')
  2q-gate alpha             : 0.8
  Incr. batch shots         : 50
  Incr. threshold           : 0.03
  Incr. offset              : 3
  Incr. stability k         : 3
  Incr. stopping criterion  : 'delta'
  Incr. distance metric     : 'tvd'
  Incr. window size         : 3
  Incr. EWMA alpha          : 0.5
  Selected modes            : noisy_vanilla, cut_divided_budget, cut_qubit_prop, cut_incremental_budget, cut_incremental_qubit_prop

SUMMARY
------------------------------------------------------------------------
Total: 50  ok: 50  failed: 0

RESULTS BY CIRCUIT
------------------------------------------------------------------------
  10q / 0_Clifford+T_001
    ✓ [   3.2s]  noisy_vanilla
    ✓ [  86.3s]  cut_divided_budget
    ✓ [  77.4s]  cut_qubit_prop
    ✓ [1001.4s]  cut_incremental_budget
    ✓ [1490.8s]  cut_incremental_qubit_prop

  10q / 1_Clifford+T_004
    ✓ [   5.5s]  noisy_vanilla
    ✓ [  44.5s]  cut_divided_budget
    ✓ [  32.4s]  cut_qubit_prop
    ✓ [ 815.9s]  cut_incremental_budget
    ✓ [ 805.4s]  cut_incremental_qubit_prop

  10q / 2_Clifford+T_008
    ✓ [   5.4s]  noisy_vanilla
    ✓ [ 135.4s]  cut_divided_budget
    ✓ [ 127.6s]  cut_qubit_prop
    ✓ [1078.5s]  cut_incremental_budget
    ✓ [1542.9s]  cut_incremental_qubit_prop

  10q / 3_Clifford+T_015
    ✓ [   5.4s]  noisy_vanilla
    ✓ [  42.2s]  cut_divided_budget
    ✓ [  31.4s]  cut_qubit_prop
    ✓ [ 532.8s]  cut_incremental_budget
    ✓ [ 519.0s]  cut_incremental_qubit_prop

  10q / 4_Clifford+T_024
    ✓ [   5.1s]  noisy_vanilla
    ✓ [ 139.5s]  cut_divided_budget
    ✓ [ 126.7s]  cut_qubit_prop
    ✓ [1355.7s]  cut_incremental_budget
    ✓ [1440.6s]  cut_incremental_qubit_prop

  10q / 5_Clifford+T_026
    ✓ [   2.6s]  noisy_vanilla
    ✓ [  84.4s]  cut_divided_budget
    ✓ [  74.8s]  cut_qubit_prop
    ✓ [1319.4s]  cut_incremental_budget
    ✓ [1020.5s]  cut_incremental_qubit_prop

  10q / 6_Clifford+T_032
    ✓ [   2.9s]  noisy_vanilla
    ✓ [  27.0s]  cut_divided_budget
    ✓ [  32.3s]  cut_qubit_prop
    ✓ [ 307.1s]  cut_incremental_budget
    ✓ [ 368.9s]  cut_incremental_qubit_prop

  10q / 7_Clifford+T_033
    ✓ [   5.3s]  noisy_vanilla
    ✓ [  40.7s]  cut_divided_budget
    ✓ [  32.2s]  cut_qubit_prop
    ✓ [ 327.2s]  cut_incremental_budget
    ✓ [ 264.5s]  cut_incremental_qubit_prop

  10q / 8_Clifford+T_039
    ✓ [   2.9s]  noisy_vanilla
    ✓ [  89.3s]  cut_divided_budget
    ✓ [  77.7s]  cut_qubit_prop
    ✓ [1028.8s]  cut_incremental_budget
    ✓ [1256.8s]  cut_incremental_qubit_prop

  10q / 9_Clifford+T_041
    ✓ [   3.0s]  noisy_vanilla
    ✓ [  28.5s]  cut_divided_budget
    ✓ [  19.1s]  cut_qubit_prop
    ✓ [ 377.8s]  cut_incremental_budget
    ✓ [ 343.8s]  cut_incremental_qubit_prop

========================================================================
