========================================================================
CUTTABLE CIRCUIT BENCHMARK RUN REPORT
Timestamp : 2026-06-15 13:25:50
========================================================================

DESIGN
------------------------------------------------------------------------
  Input        : valid_circuits.pkl produced by generate_and_cut.py
  Cut strategy : find_and_place_cuts + CutStrategy(min_free_wires=2)
  Ground truth : PennyLane default.qubit statevector (shots=None)
  Reconstruction: qcut_processing_fn (tensor contraction)
  Observable   : per-circuit Pauli string stored in CircuitSpec.observable
  Error        : |perf_exp_val - result|

CONFIGURATION
------------------------------------------------------------------------
  Shots (B)                 : 5000
  Noisy backend             : 'aer.fake_kawasaki'
  Ideal backend             : 'aer.perfect'
  Simulator seed            : 42
  Output dir                : PosixPath('results/new/stable_shots_runs02_10-14q_no_vanilla/5000_shots/kawasaki/10_qubits')
  2q-gate alpha             : 0.8
  Incr. batch shots         : 50
  Incr. threshold           : 0.005
  Incr. offset              : 3
  Incr. stability k         : 5
  Incr. stopping criterion  : 'delta'
  Incr. distance metric     : 'tvd'
  Incr. window size         : 3
  Incr. EWMA alpha          : 0.5
  Selected modes            : cut_divided_budget, cut_qubit_prop, cut_incremental_budget, cut_incremental_qubit_prop

SUMMARY
------------------------------------------------------------------------
Total: 40  ok: 40  failed: 0

RESULTS BY CIRCUIT
------------------------------------------------------------------------
  10q / 0_Clifford+T_001
    ✓ [  48.1s]  cut_divided_budget
    ✓ [  40.1s]  cut_qubit_prop
    ✓ [ 158.9s]  cut_incremental_budget
    ✓ [ 140.4s]  cut_incremental_qubit_prop

  10q / 1_Clifford+T_004
    ✓ [  17.3s]  cut_divided_budget
    ✓ [   9.8s]  cut_qubit_prop
    ✓ [ 127.2s]  cut_incremental_budget
    ✓ [ 131.8s]  cut_incremental_qubit_prop

  10q / 2_Clifford+T_008
    ✓ [  47.3s]  cut_divided_budget
    ✓ [  40.3s]  cut_qubit_prop
    ✓ [ 158.8s]  cut_incremental_budget
    ✓ [ 140.4s]  cut_incremental_qubit_prop

  10q / 3_Clifford+T_015
    ✓ [  16.4s]  cut_divided_budget
    ✓ [   9.7s]  cut_qubit_prop
    ✓ [ 128.5s]  cut_incremental_budget
    ✓ [ 130.0s]  cut_incremental_qubit_prop

  10q / 4_Clifford+T_024
    ✓ [  47.6s]  cut_divided_budget
    ✓ [  40.3s]  cut_qubit_prop
    ✓ [ 159.7s]  cut_incremental_budget
    ✓ [ 140.6s]  cut_incremental_qubit_prop

  10q / 5_Clifford+T_026
    ✓ [  45.8s]  cut_divided_budget
    ✓ [  38.4s]  cut_qubit_prop
    ✓ [ 160.1s]  cut_incremental_budget
    ✓ [ 139.4s]  cut_incremental_qubit_prop

  10q / 6_Clifford+T_032
    ✓ [  17.6s]  cut_divided_budget
    ✓ [  10.0s]  cut_qubit_prop
    ✓ [ 128.7s]  cut_incremental_budget
    ✓ [ 131.6s]  cut_incremental_qubit_prop

  10q / 7_Clifford+T_033
    ✓ [  17.4s]  cut_divided_budget
    ✓ [  10.2s]  cut_qubit_prop
    ✓ [ 129.9s]  cut_incremental_budget
    ✓ [ 133.8s]  cut_incremental_qubit_prop

  10q / 8_Clifford+T_039
    ✓ [  47.7s]  cut_divided_budget
    ✓ [  40.5s]  cut_qubit_prop
    ✓ [ 162.3s]  cut_incremental_budget
    ✓ [ 143.1s]  cut_incremental_qubit_prop

  10q / 9_Clifford+T_041
    ✓ [  16.8s]  cut_divided_budget
    ✓ [   9.9s]  cut_qubit_prop
    ✓ [ 130.9s]  cut_incremental_budget
    ✓ [ 130.6s]  cut_incremental_qubit_prop

========================================================================
