========================================================================
CUTTABLE CIRCUIT BENCHMARK RUN REPORT
Timestamp : 2026-06-16 10:33:25
========================================================================

DESIGN
------------------------------------------------------------------------
  Input        : valid_circuits.pkl produced by generate_and_cut.py
  Cut strategy : find_and_place_cuts + CutStrategy(min_free_wires=2)
  Ground truth : PennyLane default.qubit statevector (shots=None)
  Reconstruction: qcut_processing_fn (tensor contraction)
  Observable   : per-circuit Pauli string stored in CircuitSpec.observable
  Error        : |perf_exp_val - result|

CONFIGURATION
------------------------------------------------------------------------
  Shots (B)                 : 20000
  Noisy backend             : 'aer.fake_sherbrooke'
  Ideal backend             : 'aer.perfect'
  Simulator seed            : 42
  Output dir                : PosixPath('results/new/stable_shots_runs02_10-14q_no_vanilla/20000_shots/sherbrooke/10_qubits')
  2q-gate alpha             : 0.8
  Incr. batch shots         : 50
  Incr. threshold           : 0.005
  Incr. offset              : 3
  Incr. stability k         : 5
  Incr. stopping criterion  : 'delta'
  Incr. distance metric     : 'tvd'
  Incr. window size         : 3
  Incr. EWMA alpha          : 0.5
  Selected modes            : cut_divided_budget, cut_qubit_prop, cut_incremental_budget, cut_incremental_qubit_prop

SUMMARY
------------------------------------------------------------------------
Total: 40  ok: 40  failed: 0

RESULTS BY CIRCUIT
------------------------------------------------------------------------
  10q / 0_Clifford+T_001
    ✓ [  53.6s]  cut_divided_budget
    ✓ [  40.8s]  cut_qubit_prop
    ✓ [ 528.2s]  cut_incremental_budget
    ✓ [ 535.5s]  cut_incremental_qubit_prop

  10q / 1_Clifford+T_004
    ✓ [  22.5s]  cut_divided_budget
    ✓ [  10.5s]  cut_qubit_prop
    ✓ [ 388.3s]  cut_incremental_budget
    ✓ [ 524.4s]  cut_incremental_qubit_prop

  10q / 2_Clifford+T_008
    ✓ [  47.8s]  cut_divided_budget
    ✓ [  41.2s]  cut_qubit_prop
    ✓ [ 534.2s]  cut_incremental_budget
    ✓ [ 537.5s]  cut_incremental_qubit_prop

  10q / 3_Clifford+T_015
    ✓ [  16.8s]  cut_divided_budget
    ✓ [  10.0s]  cut_qubit_prop
    ✓ [ 504.6s]  cut_incremental_budget
    ✓ [ 521.8s]  cut_incremental_qubit_prop

  10q / 4_Clifford+T_024
    ✓ [  48.1s]  cut_divided_budget
    ✓ [  40.9s]  cut_qubit_prop
    ✓ [ 529.7s]  cut_incremental_budget
    ✓ [ 536.6s]  cut_incremental_qubit_prop

  10q / 5_Clifford+T_026
    ✓ [  45.1s]  cut_divided_budget
    ✓ [  39.3s]  cut_qubit_prop
    ✓ [ 554.3s]  cut_incremental_budget
    ✓ [ 544.0s]  cut_incremental_qubit_prop

  10q / 6_Clifford+T_032
    ✓ [  21.4s]  cut_divided_budget
    ✓ [  10.1s]  cut_qubit_prop
    ✓ [ 388.0s]  cut_incremental_budget
    ✓ [ 528.8s]  cut_incremental_qubit_prop

  10q / 7_Clifford+T_033
    ✓ [  17.7s]  cut_divided_budget
    ✓ [  10.1s]  cut_qubit_prop
    ✓ [ 387.3s]  cut_incremental_budget
    ✓ [ 531.0s]  cut_incremental_qubit_prop

  10q / 8_Clifford+T_039
    ✓ [  46.8s]  cut_divided_budget
    ✓ [  40.2s]  cut_qubit_prop
    ✓ [ 521.0s]  cut_incremental_budget
    ✓ [ 527.4s]  cut_incremental_qubit_prop

  10q / 9_Clifford+T_041
    ✓ [  20.1s]  cut_divided_budget
    ✓ [   9.6s]  cut_qubit_prop
    ✓ [ 514.7s]  cut_incremental_budget
    ✓ [ 513.7s]  cut_incremental_qubit_prop

========================================================================
