========================================================================
CUTTABLE CIRCUIT BENCHMARK RUN REPORT
Timestamp : 2026-05-29 17:12:03
========================================================================

DESIGN
------------------------------------------------------------------------
  Input        : valid_circuits.pkl produced by generate_and_cut.py
  Cut strategy : find_and_place_cuts + CutStrategy(min_free_wires=2)
  Ground truth : PennyLane default.qubit statevector (shots=None)
  Reconstruction: qcut_processing_fn (tensor contraction)
  Observable   : per-circuit Pauli string stored in CircuitSpec.observable
  Error        : |perf_exp_val - result|

CONFIGURATION
------------------------------------------------------------------------
  Shots (B)                 : 5000
  Noisy backend             : 'aer.fake_torino'
  Ideal backend             : 'aer.perfect'
  Simulator seed            : 42
  Output dir                : PosixPath('results/new/ewma_10k_torino_01/13_qubits')
  2q-gate alpha             : 0.8
  Incr. batch shots         : 50
  Incr. threshold           : 0.03
  Incr. offset              : 3
  Incr. stability k         : 3
  Incr. stopping criterion  : 'ewma'
  Incr. distance metric     : 'tvd'
  Incr. window size         : 3
  Incr. EWMA alpha          : 0.5
  Selected modes            : noisy_vanilla, cut_divided_budget, cut_qubit_prop, cut_incremental_budget, cut_incremental_qubit_prop

SUMMARY
------------------------------------------------------------------------
Total: 50  ok: 50  failed: 0

RESULTS BY CIRCUIT
------------------------------------------------------------------------
  13q / 0_Clifford+T_002
    ✓ [  15.0s]  noisy_vanilla
    ✓ [  32.2s]  cut_divided_budget
    ✓ [  21.4s]  cut_qubit_prop
    ✓ [ 232.6s]  cut_incremental_budget
    ✓ [ 262.3s]  cut_incremental_qubit_prop

  13q / 1_Clifford+T_004
    ✓ [   4.2s]  noisy_vanilla
    ✓ [  32.5s]  cut_divided_budget
    ✓ [  32.1s]  cut_qubit_prop
    ✓ [ 290.5s]  cut_incremental_budget
    ✓ [ 297.4s]  cut_incremental_qubit_prop

  13q / 2_Clifford+T_007
    ✓ [   8.7s]  noisy_vanilla
    ✓ [  41.2s]  cut_divided_budget
    ✓ [  24.2s]  cut_qubit_prop
    ✓ [ 311.9s]  cut_incremental_budget
    ✓ [ 322.5s]  cut_incremental_qubit_prop

  13q / 3_Clifford+T_010
    ✓ [   4.3s]  noisy_vanilla
    ✓ [  33.7s]  cut_divided_budget
    ✓ [  21.5s]  cut_qubit_prop
    ✓ [ 249.3s]  cut_incremental_budget
    ✓ [ 313.5s]  cut_incremental_qubit_prop

  13q / 4_Clifford+T_012
    ✓ [   4.3s]  noisy_vanilla
    ✓ [  29.1s]  cut_divided_budget
    ✓ [  20.5s]  cut_qubit_prop
    ✓ [ 228.7s]  cut_incremental_budget
    ✓ [ 281.1s]  cut_incremental_qubit_prop

  13q / 5_Clifford+T_014
    ✓ [   5.5s]  noisy_vanilla
    ✓ [ 111.2s]  cut_divided_budget
    ✓ [  82.4s]  cut_qubit_prop
    ✓ [ 328.0s]  cut_incremental_budget
    ✓ [ 333.8s]  cut_incremental_qubit_prop

  13q / 6_Clifford+T_015
    ✓ [   5.0s]  noisy_vanilla
    ✓ [  29.8s]  cut_divided_budget
    ✓ [  21.7s]  cut_qubit_prop
    ✓ [ 271.7s]  cut_incremental_budget
    ✓ [ 290.5s]  cut_incremental_qubit_prop

  13q / 7_Clifford+T_016
    ✓ [   6.0s]  noisy_vanilla
    ✓ [  34.4s]  cut_divided_budget
    ✓ [  19.9s]  cut_qubit_prop
    ✓ [ 267.5s]  cut_incremental_budget
    ✓ [ 273.1s]  cut_incremental_qubit_prop

  13q / 8_Clifford+T_017
    ✓ [   6.0s]  noisy_vanilla
    ✓ [  29.1s]  cut_divided_budget
    ✓ [  19.3s]  cut_qubit_prop
    ✓ [ 259.9s]  cut_incremental_budget
    ✓ [ 286.1s]  cut_incremental_qubit_prop

  13q / 9_Clifford+T_020
    ✓ [   4.4s]  noisy_vanilla
    ✓ [  31.3s]  cut_divided_budget
    ✓ [  19.7s]  cut_qubit_prop
    ✓ [ 213.7s]  cut_incremental_budget
    ✓ [ 267.6s]  cut_incremental_qubit_prop

========================================================================
