========================================================================
CUTTABLE CIRCUIT BENCHMARK RUN REPORT
Timestamp : 2026-06-09 10:06:29
========================================================================

DESIGN
------------------------------------------------------------------------
  Input        : valid_circuits.pkl produced by generate_and_cut.py
  Cut strategy : find_and_place_cuts + CutStrategy(min_free_wires=2)
  Ground truth : PennyLane default.qubit statevector (shots=None)
  Reconstruction: qcut_processing_fn (tensor contraction)
  Observable   : per-circuit Pauli string stored in CircuitSpec.observable
  Error        : |perf_exp_val - result|

CONFIGURATION
------------------------------------------------------------------------
  Shots (B)                 : 10000
  Noisy backend             : 'aer.fake_kawasaki'
  Ideal backend             : 'aer.perfect'
  Simulator seed            : 42
  Output dir                : PosixPath('results/new/ewma_10k_kawasaki_01/10_qubits')
  2q-gate alpha             : 0.8
  Incr. batch shots         : 50
  Incr. threshold           : 0.03
  Incr. offset              : 3
  Incr. stability k         : 3
  Incr. stopping criterion  : 'ewma'
  Incr. distance metric     : 'tvd'
  Incr. window size         : 3
  Incr. EWMA alpha          : 0.5
  Selected modes            : noisy_vanilla, cut_divided_budget, cut_qubit_prop, cut_incremental_budget, cut_incremental_qubit_prop

SUMMARY
------------------------------------------------------------------------
Total: 50  ok: 50  failed: 0

RESULTS BY CIRCUIT
------------------------------------------------------------------------
  10q / 0_Clifford+T_001
    ✓ [   2.5s]  noisy_vanilla
    ✓ [  80.4s]  cut_divided_budget
    ✓ [  38.5s]  cut_qubit_prop
    ✓ [ 295.4s]  cut_incremental_budget
    ✓ [ 304.8s]  cut_incremental_qubit_prop

  10q / 1_Clifford+T_004
    ✓ [   1.6s]  noisy_vanilla
    ✓ [  18.3s]  cut_divided_budget
    ✓ [  12.0s]  cut_qubit_prop
    ✓ [ 181.5s]  cut_incremental_budget
    ✓ [ 245.0s]  cut_incremental_qubit_prop

  10q / 2_Clifford+T_008
    ✓ [   1.5s]  noisy_vanilla
    ✓ [  46.5s]  cut_divided_budget
    ✓ [  45.2s]  cut_qubit_prop
    ✓ [ 325.1s]  cut_incremental_budget
    ✓ [ 296.1s]  cut_incremental_qubit_prop

  10q / 3_Clifford+T_015
    ✓ [   3.3s]  noisy_vanilla
    ✓ [  27.2s]  cut_divided_budget
    ✓ [  10.5s]  cut_qubit_prop
    ✓ [ 160.0s]  cut_incremental_budget
    ✓ [ 198.0s]  cut_incremental_qubit_prop

  10q / 4_Clifford+T_024
    ✓ [   1.9s]  noisy_vanilla
    ✓ [  65.9s]  cut_divided_budget
    ✓ [  49.4s]  cut_qubit_prop
    ✓ [ 366.5s]  cut_incremental_budget
    ✓ [ 349.2s]  cut_incremental_qubit_prop

  10q / 5_Clifford+T_026
    ✓ [   1.8s]  noisy_vanilla
    ✓ [  53.3s]  cut_divided_budget
    ✓ [  41.8s]  cut_qubit_prop
    ✓ [ 344.8s]  cut_incremental_budget
    ✓ [ 353.7s]  cut_incremental_qubit_prop

  10q / 6_Clifford+T_032
    ✓ [   1.5s]  noisy_vanilla
    ✓ [  21.4s]  cut_divided_budget
    ✓ [  12.8s]  cut_qubit_prop
    ✓ [ 164.8s]  cut_incremental_budget
    ✓ [ 154.9s]  cut_incremental_qubit_prop

  10q / 7_Clifford+T_033
    ✓ [   1.9s]  noisy_vanilla
    ✓ [  21.4s]  cut_divided_budget
    ✓ [  11.7s]  cut_qubit_prop
    ✓ [ 157.1s]  cut_incremental_budget
    ✓ [ 153.8s]  cut_incremental_qubit_prop

  10q / 8_Clifford+T_039
    ✓ [   1.4s]  noisy_vanilla
    ✓ [  58.1s]  cut_divided_budget
    ✓ [  49.6s]  cut_qubit_prop
    ✓ [ 288.6s]  cut_incremental_budget
    ✓ [ 281.3s]  cut_incremental_qubit_prop

  10q / 9_Clifford+T_041
    ✓ [   1.6s]  noisy_vanilla
    ✓ [  17.5s]  cut_divided_budget
    ✓ [  10.0s]  cut_qubit_prop
    ✓ [ 141.1s]  cut_incremental_budget
    ✓ [ 139.4s]  cut_incremental_qubit_prop

========================================================================
