========================================================================
CUTTABLE CIRCUIT BENCHMARK RUN REPORT
Timestamp : 2026-06-17 19:40:17
========================================================================

DESIGN
------------------------------------------------------------------------
  Input        : valid_circuits.pkl produced by generate_and_cut.py
  Cut strategy : find_and_place_cuts + CutStrategy(min_free_wires=2)
  Ground truth : PennyLane default.qubit statevector (shots=None)
  Reconstruction: qcut_processing_fn (tensor contraction)
  Observable   : per-circuit Pauli string stored in CircuitSpec.observable
  Error        : |perf_exp_val - result|

CONFIGURATION
------------------------------------------------------------------------
  Shots (B)                 : 5000
  Noisy backend             : 'aer.fake_torino'
  Ideal backend             : 'aer.perfect'
  Simulator seed            : 42
  Output dir                : PosixPath('results/new/stable_shots3/5000_shots/torino/15_qubits')
  2q-gate alpha             : 0.8
  Incr. batch shots         : 50
  Incr. threshold           : 0.05
  Incr. offset              : 3
  Incr. stability k         : 5
  Incr. stopping criterion  : 'delta'
  Incr. distance metric     : 'tvd'
  Incr. window size         : 3
  Incr. EWMA alpha          : 0.5
  Selected modes            : noisy_vanilla, cut_divided_budget, cut_qubit_prop, cut_incremental_budget, cut_incremental_qubit_prop

SUMMARY
------------------------------------------------------------------------
Total: 50  ok: 50  failed: 0

RESULTS BY CIRCUIT
------------------------------------------------------------------------
  15q / 0_Clifford+T_003
    ✓ [ 128.6s]  noisy_vanilla
    ✓ [  27.7s]  cut_divided_budget
    ✓ [  20.9s]  cut_qubit_prop
    ✓ [ 244.0s]  cut_incremental_budget
    ✓ [ 259.8s]  cut_incremental_qubit_prop

  15q / 1_Clifford+T_009
    ✓ [  81.2s]  noisy_vanilla
    ✓ [  25.9s]  cut_divided_budget
    ✓ [  19.0s]  cut_qubit_prop
    ✓ [ 280.3s]  cut_incremental_budget
    ✓ [ 288.4s]  cut_incremental_qubit_prop

  15q / 2_Clifford+T_011
    ✓ [ 105.1s]  noisy_vanilla
    ✓ [  33.7s]  cut_divided_budget
    ✓ [  22.2s]  cut_qubit_prop
    ✓ [ 259.0s]  cut_incremental_budget
    ✓ [ 268.7s]  cut_incremental_qubit_prop

  15q / 3_Clifford+T_015
    ✓ [ 165.9s]  noisy_vanilla
    ✓ [ 139.5s]  cut_divided_budget
    ✓ [ 131.0s]  cut_qubit_prop
    ✓ [ 325.3s]  cut_incremental_budget
    ✓ [ 545.0s]  cut_incremental_qubit_prop

  15q / 4_Clifford+T_016
    ✓ [ 167.3s]  noisy_vanilla
    ✓ [  43.3s]  cut_divided_budget
    ✓ [  32.0s]  cut_qubit_prop
    ✓ [ 348.0s]  cut_incremental_budget
    ✓ [ 265.7s]  cut_incremental_qubit_prop

  15q / 5_Clifford+T_018
    ✓ [  92.0s]  noisy_vanilla
    ✓ [  26.3s]  cut_divided_budget
    ✓ [  19.3s]  cut_qubit_prop
    ✓ [ 362.8s]  cut_incremental_budget
    ✓ [ 403.7s]  cut_incremental_qubit_prop

  15q / 6_Clifford+T_022
    ✓ [ 160.5s]  noisy_vanilla
    ✓ [  43.7s]  cut_divided_budget
    ✓ [  22.7s]  cut_qubit_prop
    ✓ [ 234.9s]  cut_incremental_budget
    ✓ [ 257.3s]  cut_incremental_qubit_prop

  15q / 7_Clifford+T_023
    ✓ [  90.3s]  noisy_vanilla
    ✓ [  46.0s]  cut_divided_budget
    ✓ [  37.3s]  cut_qubit_prop
    ✓ [ 346.1s]  cut_incremental_budget
    ✓ [ 412.8s]  cut_incremental_qubit_prop

  15q / 8_Clifford+T_024
    ✓ [  99.7s]  noisy_vanilla
    ✓ [  35.0s]  cut_divided_budget
    ✓ [  37.9s]  cut_qubit_prop
    ✓ [ 325.9s]  cut_incremental_budget
    ✓ [ 439.7s]  cut_incremental_qubit_prop

  15q / 9_Clifford+T_026
    ✓ [ 154.8s]  noisy_vanilla
    ✓ [  55.9s]  cut_divided_budget
    ✓ [  61.0s]  cut_qubit_prop
    ✓ [ 341.6s]  cut_incremental_budget
    ✓ [ 348.1s]  cut_incremental_qubit_prop

========================================================================
