========================================================================
CUTTABLE CIRCUIT BENCHMARK RUN REPORT
Timestamp : 2026-06-17 18:54:25
========================================================================

DESIGN
------------------------------------------------------------------------
  Input        : valid_circuits.pkl produced by generate_and_cut.py
  Cut strategy : find_and_place_cuts + CutStrategy(min_free_wires=2)
  Ground truth : PennyLane default.qubit statevector (shots=None)
  Reconstruction: qcut_processing_fn (tensor contraction)
  Observable   : per-circuit Pauli string stored in CircuitSpec.observable
  Error        : |perf_exp_val - result|

CONFIGURATION
------------------------------------------------------------------------
  Shots (B)                 : 5000
  Noisy backend             : 'aer.fake_torino'
  Ideal backend             : 'aer.perfect'
  Simulator seed            : 42
  Output dir                : PosixPath('results/new/stable_shots_02/5000_shots/torino/12_qubits')
  2q-gate alpha             : 0.8
  Incr. batch shots         : 50
  Incr. threshold           : 0.03
  Incr. offset              : 3
  Incr. stability k         : 3
  Incr. stopping criterion  : 'delta'
  Incr. distance metric     : 'tvd'
  Incr. window size         : 3
  Incr. EWMA alpha          : 0.5
  Selected modes            : noisy_vanilla, cut_divided_budget, cut_qubit_prop, cut_incremental_budget, cut_incremental_qubit_prop

SUMMARY
------------------------------------------------------------------------
Total: 50  ok: 50  failed: 0

RESULTS BY CIRCUIT
------------------------------------------------------------------------
  12q / 0_Clifford+T_001
    ✓ [  10.3s]  noisy_vanilla
    ✓ [  41.4s]  cut_divided_budget
    ✓ [  31.4s]  cut_qubit_prop
    ✓ [ 365.2s]  cut_incremental_budget
    ✓ [ 265.9s]  cut_incremental_qubit_prop

  12q / 1_Clifford+T_002
    ✓ [  10.6s]  noisy_vanilla
    ✓ [ 124.5s]  cut_divided_budget
    ✓ [ 136.5s]  cut_qubit_prop
    ✓ [ 407.6s]  cut_incremental_budget
    ✓ [ 287.9s]  cut_incremental_qubit_prop

  12q / 2_Clifford+T_004
    ✓ [  10.9s]  noisy_vanilla
    ✓ [  34.0s]  cut_divided_budget
    ✓ [  41.5s]  cut_qubit_prop
    ✓ [ 296.4s]  cut_incremental_budget
    ✓ [ 353.7s]  cut_incremental_qubit_prop

  12q / 3_Clifford+T_006
    ✓ [   9.6s]  noisy_vanilla
    ✓ [  42.3s]  cut_divided_budget
    ✓ [  23.5s]  cut_qubit_prop
    ✓ [ 329.9s]  cut_incremental_budget
    ✓ [ 414.4s]  cut_incremental_qubit_prop

  12q / 4_Clifford+T_011
    ✓ [  13.2s]  noisy_vanilla
    ✓ [ 136.1s]  cut_divided_budget
    ✓ [  89.9s]  cut_qubit_prop
    ✓ [ 348.5s]  cut_incremental_budget
    ✓ [ 283.3s]  cut_incremental_qubit_prop

  12q / 5_Clifford+T_013
    ✓ [  12.0s]  noisy_vanilla
    ✓ [  89.5s]  cut_divided_budget
    ✓ [  78.0s]  cut_qubit_prop
    ✓ [ 331.9s]  cut_incremental_budget
    ✓ [ 285.7s]  cut_incremental_qubit_prop

  12q / 6_Clifford+T_015
    ✓ [  12.2s]  noisy_vanilla
    ✓ [  28.9s]  cut_divided_budget
    ✓ [  20.5s]  cut_qubit_prop
    ✓ [ 288.6s]  cut_incremental_budget
    ✓ [ 309.8s]  cut_incremental_qubit_prop

  12q / 7_Clifford+T_019
    ✓ [ 116.2s]  noisy_vanilla
    ✓ [  16.2s]  cut_divided_budget
    ✓ [   7.6s]  cut_qubit_prop
    ✓ [ 132.1s]  cut_incremental_budget
    ✓ [ 134.7s]  cut_incremental_qubit_prop

  12q / 8_Clifford+T_021
    ✓ [  15.4s]  noisy_vanilla
    ✓ [  38.2s]  cut_divided_budget
    ✓ [  31.5s]  cut_qubit_prop
    ✓ [ 426.0s]  cut_incremental_budget
    ✓ [ 309.8s]  cut_incremental_qubit_prop

  12q / 9_Clifford+T_025
    ✓ [   9.3s]  noisy_vanilla
    ✓ [ 103.3s]  cut_divided_budget
    ✓ [ 131.0s]  cut_qubit_prop
    ✓ [ 518.8s]  cut_incremental_budget
    ✓ [ 518.8s]  cut_incremental_qubit_prop

========================================================================
