========================================================================
CUTTABLE CIRCUIT BENCHMARK RUN REPORT
Timestamp : 2026-06-17 21:11:57
========================================================================

DESIGN
------------------------------------------------------------------------
  Input        : valid_circuits.pkl produced by generate_and_cut.py
  Cut strategy : find_and_place_cuts + CutStrategy(min_free_wires=2)
  Ground truth : PennyLane default.qubit statevector (shots=None)
  Reconstruction: qcut_processing_fn (tensor contraction)
  Observable   : per-circuit Pauli string stored in CircuitSpec.observable
  Error        : |perf_exp_val - result|

CONFIGURATION
------------------------------------------------------------------------
  Shots (B)                 : 5000
  Noisy backend             : 'aer.fake_sherbrooke'
  Ideal backend             : 'aer.perfect'
  Simulator seed            : 42
  Output dir                : PosixPath('results/new/stable_shots3/5000_shots/sherbrooke/16_qubits')
  2q-gate alpha             : 0.8
  Incr. batch shots         : 50
  Incr. threshold           : 0.05
  Incr. offset              : 3
  Incr. stability k         : 5
  Incr. stopping criterion  : 'delta'
  Incr. distance metric     : 'tvd'
  Incr. window size         : 3
  Incr. EWMA alpha          : 0.5
  Selected modes            : noisy_vanilla, cut_divided_budget, cut_qubit_prop, cut_incremental_budget, cut_incremental_qubit_prop

SUMMARY
------------------------------------------------------------------------
Total: 50  ok: 50  failed: 0

RESULTS BY CIRCUIT
------------------------------------------------------------------------
  16q / 0_Clifford+T_002
    ✓ [ 320.6s]  noisy_vanilla
    ✓ [  17.2s]  cut_divided_budget
    ✓ [  10.0s]  cut_qubit_prop
    ✓ [ 133.0s]  cut_incremental_budget
    ✓ [ 168.2s]  cut_incremental_qubit_prop

  16q / 1_Clifford+T_008
    ✓ [ 244.1s]  noisy_vanilla
    ✓ [  28.7s]  cut_divided_budget
    ✓ [  19.0s]  cut_qubit_prop
    ✓ [ 220.2s]  cut_incremental_budget
    ✓ [ 208.4s]  cut_incremental_qubit_prop

  16q / 2_Clifford+T_015
    ✓ [ 263.9s]  noisy_vanilla
    ✓ [  31.2s]  cut_divided_budget
    ✓ [  26.1s]  cut_qubit_prop
    ✓ [ 123.3s]  cut_incremental_budget
    ✓ [ 160.4s]  cut_incremental_qubit_prop

  16q / 3_Clifford+T_016
    ✓ [ 178.6s]  noisy_vanilla
    ✓ [  20.1s]  cut_divided_budget
    ✓ [  10.0s]  cut_qubit_prop
    ✓ [ 183.0s]  cut_incremental_budget
    ✓ [ 188.8s]  cut_incremental_qubit_prop

  16q / 4_Clifford+T_018
    ✓ [ 339.4s]  noisy_vanilla
    ✓ [  24.0s]  cut_divided_budget
    ✓ [  16.6s]  cut_qubit_prop
    ✓ [ 219.0s]  cut_incremental_budget
    ✓ [ 195.3s]  cut_incremental_qubit_prop

  16q / 5_Clifford+T_019
    ✓ [ 377.5s]  noisy_vanilla
    ✓ [  65.7s]  cut_divided_budget
    ✓ [  82.0s]  cut_qubit_prop
    ✓ [ 227.1s]  cut_incremental_budget
    ✓ [ 305.3s]  cut_incremental_qubit_prop

  16q / 6_Clifford+T_021
    ✓ [ 320.0s]  noisy_vanilla
    ✓ [  27.0s]  cut_divided_budget
    ✓ [  21.6s]  cut_qubit_prop
    ✓ [ 142.4s]  cut_incremental_budget
    ✓ [ 147.6s]  cut_incremental_qubit_prop

  16q / 7_Clifford+T_026
    ✓ [ 291.4s]  noisy_vanilla
    ✓ [  36.6s]  cut_divided_budget
    ✓ [  30.1s]  cut_qubit_prop
    ✓ [ 208.7s]  cut_incremental_budget
    ✓ [ 138.6s]  cut_incremental_qubit_prop

  16q / 8_Clifford+T_032
    ✓ [ 190.4s]  noisy_vanilla
    ✓ [  26.3s]  cut_divided_budget
    ✓ [  17.0s]  cut_qubit_prop
    ✓ [ 120.5s]  cut_incremental_budget
    ✓ [ 140.0s]  cut_incremental_qubit_prop

  16q / 9_Clifford+T_040
    ✓ [ 176.5s]  noisy_vanilla
    ✓ [  30.8s]  cut_divided_budget
    ✓ [  25.8s]  cut_qubit_prop
    ✓ [ 123.3s]  cut_incremental_budget
    ✓ [ 153.6s]  cut_incremental_qubit_prop

========================================================================
