========================================================================
CUTTABLE CIRCUIT BENCHMARK RUN REPORT
Timestamp : 2026-06-18 01:19:52
========================================================================

DESIGN
------------------------------------------------------------------------
  Input        : valid_circuits.pkl produced by generate_and_cut.py
  Cut strategy : find_and_place_cuts + CutStrategy(min_free_wires=2)
  Ground truth : PennyLane default.qubit statevector (shots=None)
  Reconstruction: qcut_processing_fn (tensor contraction)
  Observable   : per-circuit Pauli string stored in CircuitSpec.observable
  Error        : |perf_exp_val - result|

CONFIGURATION
------------------------------------------------------------------------
  Shots (B)                 : 10000
  Noisy backend             : 'aer.fake_sherbrooke'
  Ideal backend             : 'aer.perfect'
  Simulator seed            : 42
  Output dir                : PosixPath('results/new/stable_shots3/10000_shots/sherbrooke/12_qubits')
  2q-gate alpha             : 0.8
  Incr. batch shots         : 50
  Incr. threshold           : 0.05
  Incr. offset              : 3
  Incr. stability k         : 5
  Incr. stopping criterion  : 'delta'
  Incr. distance metric     : 'tvd'
  Incr. window size         : 3
  Incr. EWMA alpha          : 0.5
  Selected modes            : noisy_vanilla, cut_divided_budget, cut_qubit_prop, cut_incremental_budget, cut_incremental_qubit_prop

SUMMARY
------------------------------------------------------------------------
Total: 50  ok: 50  failed: 0

RESULTS BY CIRCUIT
------------------------------------------------------------------------
  12q / 0_Clifford+T_001
    ✓ [   8.5s]  noisy_vanilla
    ✓ [  16.9s]  cut_divided_budget
    ✓ [   9.8s]  cut_qubit_prop
    ✓ [ 173.6s]  cut_incremental_budget
    ✓ [ 176.9s]  cut_incremental_qubit_prop

  12q / 1_Clifford+T_002
    ✓ [   9.1s]  noisy_vanilla
    ✓ [  53.2s]  cut_divided_budget
    ✓ [  48.7s]  cut_qubit_prop
    ✓ [ 297.0s]  cut_incremental_budget
    ✓ [ 283.8s]  cut_incremental_qubit_prop

  12q / 2_Clifford+T_004
    ✓ [   9.2s]  noisy_vanilla
    ✓ [  21.7s]  cut_divided_budget
    ✓ [  17.2s]  cut_qubit_prop
    ✓ [ 227.6s]  cut_incremental_budget
    ✓ [ 265.8s]  cut_incremental_qubit_prop

  12q / 3_Clifford+T_006
    ✓ [   8.4s]  noisy_vanilla
    ✓ [  17.2s]  cut_divided_budget
    ✓ [  10.1s]  cut_qubit_prop
    ✓ [ 155.6s]  cut_incremental_budget
    ✓ [ 156.6s]  cut_incremental_qubit_prop

  12q / 4_Clifford+T_011
    ✓ [  19.4s]  noisy_vanilla
    ✓ [  85.9s]  cut_divided_budget
    ✓ [  79.1s]  cut_qubit_prop
    ✓ [ 310.8s]  cut_incremental_budget
    ✓ [ 289.5s]  cut_incremental_qubit_prop

  12q / 5_Clifford+T_013
    ✓ [  11.4s]  noisy_vanilla
    ✓ [  75.5s]  cut_divided_budget
    ✓ [  62.7s]  cut_qubit_prop
    ✓ [ 435.1s]  cut_incremental_budget
    ✓ [ 490.4s]  cut_incremental_qubit_prop

  12q / 6_Clifford+T_015
    ✓ [  15.9s]  noisy_vanilla
    ✓ [  20.2s]  cut_divided_budget
    ✓ [  15.2s]  cut_qubit_prop
    ✓ [ 246.6s]  cut_incremental_budget
    ✓ [ 245.3s]  cut_incremental_qubit_prop

  12q / 7_Clifford+T_019
    ✓ [  12.5s]  noisy_vanilla
    ✓ [  12.2s]  cut_divided_budget
    ✓ [   3.0s]  cut_qubit_prop
    ✓ [  46.6s]  cut_incremental_budget
    ✓ [  60.0s]  cut_incremental_qubit_prop

  12q / 8_Clifford+T_021
    ✓ [  13.2s]  noisy_vanilla
    ✓ [  27.7s]  cut_divided_budget
    ✓ [  16.3s]  cut_qubit_prop
    ✓ [ 222.4s]  cut_incremental_budget
    ✓ [ 169.4s]  cut_incremental_qubit_prop

  12q / 9_Clifford+T_025
    ✓ [   7.7s]  noisy_vanilla
    ✓ [  59.1s]  cut_divided_budget
    ✓ [  71.1s]  cut_qubit_prop
    ✓ [ 478.5s]  cut_incremental_budget
    ✓ [ 301.9s]  cut_incremental_qubit_prop

========================================================================
