========================================================================
CUTTABLE CIRCUIT BENCHMARK RUN REPORT
Timestamp : 2026-06-18 12:29:34
========================================================================

DESIGN
------------------------------------------------------------------------
  Input        : valid_circuits.pkl produced by generate_and_cut.py
  Cut strategy : find_and_place_cuts + CutStrategy(min_free_wires=2)
  Ground truth : PennyLane default.qubit statevector (shots=None)
  Reconstruction: qcut_processing_fn (tensor contraction)
  Observable   : per-circuit Pauli string stored in CircuitSpec.observable
  Error        : |perf_exp_val - result|

CONFIGURATION
------------------------------------------------------------------------
  Shots (B)                 : 20000
  Noisy backend             : 'aer.fake_kawasaki'
  Ideal backend             : 'aer.perfect'
  Simulator seed            : 42
  Output dir                : PosixPath('results/new/stable_shots_02/20000_shots/kawasaki/12_qubits')
  2q-gate alpha             : 0.8
  Incr. batch shots         : 50
  Incr. threshold           : 0.03
  Incr. offset              : 3
  Incr. stability k         : 3
  Incr. stopping criterion  : 'delta'
  Incr. distance metric     : 'tvd'
  Incr. window size         : 3
  Incr. EWMA alpha          : 0.5
  Selected modes            : noisy_vanilla, cut_divided_budget, cut_qubit_prop, cut_incremental_budget, cut_incremental_qubit_prop

SUMMARY
------------------------------------------------------------------------
Total: 50  ok: 50  failed: 0

RESULTS BY CIRCUIT
------------------------------------------------------------------------
  12q / 0_Clifford+T_001
    ✓ [   8.6s]  noisy_vanilla
    ✓ [  21.6s]  cut_divided_budget
    ✓ [  10.0s]  cut_qubit_prop
    ✓ [ 211.3s]  cut_incremental_budget
    ✓ [ 217.0s]  cut_incremental_qubit_prop

  12q / 1_Clifford+T_002
    ✓ [  17.6s]  noisy_vanilla
    ✓ [  61.5s]  cut_divided_budget
    ✓ [  54.3s]  cut_qubit_prop
    ✓ [ 684.5s]  cut_incremental_budget
    ✓ [ 757.5s]  cut_incremental_qubit_prop

  12q / 2_Clifford+T_004
    ✓ [  18.9s]  noisy_vanilla
    ✓ [  38.6s]  cut_divided_budget
    ✓ [  31.3s]  cut_qubit_prop
    ✓ [ 333.4s]  cut_incremental_budget
    ✓ [ 309.1s]  cut_incremental_qubit_prop

  12q / 3_Clifford+T_006
    ✓ [   8.3s]  noisy_vanilla
    ✓ [  22.5s]  cut_divided_budget
    ✓ [  12.9s]  cut_qubit_prop
    ✓ [ 240.4s]  cut_incremental_budget
    ✓ [ 253.5s]  cut_incremental_qubit_prop

  12q / 4_Clifford+T_011
    ✓ [  18.0s]  noisy_vanilla
    ✓ [  60.0s]  cut_divided_budget
    ✓ [  75.1s]  cut_qubit_prop
    ✓ [ 569.9s]  cut_incremental_budget
    ✓ [ 577.3s]  cut_incremental_qubit_prop

  12q / 5_Clifford+T_013
    ✓ [  11.2s]  noisy_vanilla
    ✓ [  48.8s]  cut_divided_budget
    ✓ [  40.2s]  cut_qubit_prop
    ✓ [ 593.5s]  cut_incremental_budget
    ✓ [ 854.4s]  cut_incremental_qubit_prop

  12q / 6_Clifford+T_015
    ✓ [   8.8s]  noisy_vanilla
    ✓ [  26.4s]  cut_divided_budget
    ✓ [   9.9s]  cut_qubit_prop
    ✓ [ 251.4s]  cut_incremental_budget
    ✓ [ 316.5s]  cut_incremental_qubit_prop

  12q / 7_Clifford+T_019
    ✓ [  18.8s]  noisy_vanilla
    ✓ [  19.3s]  cut_divided_budget
    ✓ [   6.0s]  cut_qubit_prop
    ✓ [  67.1s]  cut_incremental_budget
    ✓ [  53.6s]  cut_incremental_qubit_prop

  12q / 8_Clifford+T_021
    ✓ [  14.2s]  noisy_vanilla
    ✓ [  27.9s]  cut_divided_budget
    ✓ [  16.6s]  cut_qubit_prop
    ✓ [ 287.7s]  cut_incremental_budget
    ✓ [ 264.6s]  cut_incremental_qubit_prop

  12q / 9_Clifford+T_025
    ✓ [  15.4s]  noisy_vanilla
    ✓ [  75.8s]  cut_divided_budget
    ✓ [  69.2s]  cut_qubit_prop
    ✓ [ 778.7s]  cut_incremental_budget
    ✓ [ 887.6s]  cut_incremental_qubit_prop

========================================================================
