========================================================================
CUTTABLE CIRCUIT BENCHMARK RUN REPORT
Timestamp : 2026-06-08 15:47:51
========================================================================

DESIGN
------------------------------------------------------------------------
  Input        : valid_circuits.pkl produced by generate_and_cut.py
  Cut strategy : find_and_place_cuts + CutStrategy(min_free_wires=2)
  Ground truth : PennyLane default.qubit statevector (shots=None)
  Reconstruction: qcut_processing_fn (tensor contraction)
  Observable   : per-circuit Pauli string stored in CircuitSpec.observable
  Error        : |perf_exp_val - result|

CONFIGURATION
------------------------------------------------------------------------
  Shots (B)                 : 5000
  Noisy backend             : 'aer.fake_kyoto'
  Ideal backend             : 'aer.perfect'
  Simulator seed            : 42
  Output dir                : PosixPath('results/new/ewma_5k_kyoto_01/10_qubits')
  2q-gate alpha             : 0.8
  Incr. batch shots         : 50
  Incr. threshold           : 0.03
  Incr. offset              : 3
  Incr. stability k         : 3
  Incr. stopping criterion  : 'ewma'
  Incr. distance metric     : 'tvd'
  Incr. window size         : 3
  Incr. EWMA alpha          : 0.5
  Selected modes            : noisy_vanilla, cut_divided_budget, cut_qubit_prop, cut_incremental_budget, cut_incremental_qubit_prop

SUMMARY
------------------------------------------------------------------------
Total: 50  ok: 50  failed: 0

RESULTS BY CIRCUIT
------------------------------------------------------------------------
  10q / 0_Clifford+T_001
    ✓ [   9.2s]  noisy_vanilla
    ✓ [  77.4s]  cut_divided_budget
    ✓ [  57.4s]  cut_qubit_prop
    ✓ [ 268.3s]  cut_incremental_budget
    ✓ [ 211.4s]  cut_incremental_qubit_prop

  10q / 1_Clifford+T_004
    ✓ [   2.9s]  noisy_vanilla
    ✓ [  23.0s]  cut_divided_budget
    ✓ [  14.8s]  cut_qubit_prop
    ✓ [ 176.6s]  cut_incremental_budget
    ✓ [ 178.3s]  cut_incremental_qubit_prop

  10q / 2_Clifford+T_008
    ✓ [   1.7s]  noisy_vanilla
    ✓ [  73.2s]  cut_divided_budget
    ✓ [  67.7s]  cut_qubit_prop
    ✓ [ 223.3s]  cut_incremental_budget
    ✓ [ 205.6s]  cut_incremental_qubit_prop

  10q / 3_Clifford+T_015
    ✓ [   1.9s]  noisy_vanilla
    ✓ [  22.0s]  cut_divided_budget
    ✓ [  18.4s]  cut_qubit_prop
    ✓ [ 185.1s]  cut_incremental_budget
    ✓ [ 190.6s]  cut_incremental_qubit_prop

  10q / 4_Clifford+T_024
    ✓ [   2.0s]  noisy_vanilla
    ✓ [  76.2s]  cut_divided_budget
    ✓ [  67.8s]  cut_qubit_prop
    ✓ [ 237.7s]  cut_incremental_budget
    ✓ [ 212.3s]  cut_incremental_qubit_prop

  10q / 5_Clifford+T_026
    ✓ [   2.0s]  noisy_vanilla
    ✓ [  68.3s]  cut_divided_budget
    ✓ [  79.2s]  cut_qubit_prop
    ✓ [ 236.7s]  cut_incremental_budget
    ✓ [ 219.1s]  cut_incremental_qubit_prop

  10q / 6_Clifford+T_032
    ✓ [   1.9s]  noisy_vanilla
    ✓ [  25.6s]  cut_divided_budget
    ✓ [  16.5s]  cut_qubit_prop
    ✓ [ 167.5s]  cut_incremental_budget
    ✓ [ 193.1s]  cut_incremental_qubit_prop

  10q / 7_Clifford+T_033
    ✓ [   2.1s]  noisy_vanilla
    ✓ [  23.3s]  cut_divided_budget
    ✓ [  13.5s]  cut_qubit_prop
    ✓ [ 152.9s]  cut_incremental_budget
    ✓ [ 165.0s]  cut_incremental_qubit_prop

  10q / 8_Clifford+T_039
    ✓ [   1.7s]  noisy_vanilla
    ✓ [  53.3s]  cut_divided_budget
    ✓ [  47.6s]  cut_qubit_prop
    ✓ [ 186.9s]  cut_incremental_budget
    ✓ [ 164.3s]  cut_incremental_qubit_prop

  10q / 9_Clifford+T_041
    ✓ [   1.7s]  noisy_vanilla
    ✓ [  19.4s]  cut_divided_budget
    ✓ [  11.3s]  cut_qubit_prop
    ✓ [ 145.6s]  cut_incremental_budget
    ✓ [ 141.6s]  cut_incremental_qubit_prop

========================================================================
