========================================================================
CUTTABLE CIRCUIT BENCHMARK RUN REPORT
Timestamp : 2026-06-17 20:42:53
========================================================================

DESIGN
------------------------------------------------------------------------
  Input        : valid_circuits.pkl produced by generate_and_cut.py
  Cut strategy : find_and_place_cuts + CutStrategy(min_free_wires=2)
  Ground truth : PennyLane default.qubit statevector (shots=None)
  Reconstruction: qcut_processing_fn (tensor contraction)
  Observable   : per-circuit Pauli string stored in CircuitSpec.observable
  Error        : |perf_exp_val - result|

CONFIGURATION
------------------------------------------------------------------------
  Shots (B)                 : 5000
  Noisy backend             : 'aer.fake_kawasaki'
  Ideal backend             : 'aer.perfect'
  Simulator seed            : 42
  Output dir                : PosixPath('results/new/stable_shots3/5000_shots/kawasaki/13_qubits')
  2q-gate alpha             : 0.8
  Incr. batch shots         : 50
  Incr. threshold           : 0.05
  Incr. offset              : 3
  Incr. stability k         : 5
  Incr. stopping criterion  : 'delta'
  Incr. distance metric     : 'tvd'
  Incr. window size         : 3
  Incr. EWMA alpha          : 0.5
  Selected modes            : noisy_vanilla, cut_divided_budget, cut_qubit_prop, cut_incremental_budget, cut_incremental_qubit_prop

SUMMARY
------------------------------------------------------------------------
Total: 50  ok: 50  failed: 0

RESULTS BY CIRCUIT
------------------------------------------------------------------------
  13q / 0_Clifford+T_002
    ✓ [  19.9s]  noisy_vanilla
    ✓ [  26.0s]  cut_divided_budget
    ✓ [  17.7s]  cut_qubit_prop
    ✓ [ 112.3s]  cut_incremental_budget
    ✓ [ 105.4s]  cut_incremental_qubit_prop

  13q / 1_Clifford+T_004
    ✓ [  25.4s]  noisy_vanilla
    ✓ [  17.5s]  cut_divided_budget
    ✓ [  10.1s]  cut_qubit_prop
    ✓ [ 182.6s]  cut_incremental_budget
    ✓ [ 222.2s]  cut_incremental_qubit_prop

  13q / 2_Clifford+T_007
    ✓ [  38.2s]  noisy_vanilla
    ✓ [  21.9s]  cut_divided_budget
    ✓ [  10.2s]  cut_qubit_prop
    ✓ [ 131.7s]  cut_incremental_budget
    ✓ [ 196.0s]  cut_incremental_qubit_prop

  13q / 3_Clifford+T_010
    ✓ [  37.0s]  noisy_vanilla
    ✓ [  32.1s]  cut_divided_budget
    ✓ [  23.1s]  cut_qubit_prop
    ✓ [ 191.8s]  cut_incremental_budget
    ✓ [ 173.7s]  cut_incremental_qubit_prop

  13q / 4_Clifford+T_012
    ✓ [  20.8s]  noisy_vanilla
    ✓ [  24.3s]  cut_divided_budget
    ✓ [  13.7s]  cut_qubit_prop
    ✓ [ 124.9s]  cut_incremental_budget
    ✓ [ 139.9s]  cut_incremental_qubit_prop

  13q / 5_Clifford+T_014
    ✓ [  37.1s]  noisy_vanilla
    ✓ [  77.0s]  cut_divided_budget
    ✓ [  42.1s]  cut_qubit_prop
    ✓ [ 180.0s]  cut_incremental_budget
    ✓ [ 159.0s]  cut_incremental_qubit_prop

  13q / 6_Clifford+T_015
    ✓ [  20.9s]  noisy_vanilla
    ✓ [  18.1s]  cut_divided_budget
    ✓ [  10.4s]  cut_qubit_prop
    ✓ [ 135.0s]  cut_incremental_budget
    ✓ [ 134.9s]  cut_incremental_qubit_prop

  13q / 7_Clifford+T_016
    ✓ [  23.4s]  noisy_vanilla
    ✓ [  17.4s]  cut_divided_budget
    ✓ [  10.1s]  cut_qubit_prop
    ✓ [ 115.2s]  cut_incremental_budget
    ✓ [ 120.4s]  cut_incremental_qubit_prop

  13q / 8_Clifford+T_017
    ✓ [  18.8s]  noisy_vanilla
    ✓ [  20.9s]  cut_divided_budget
    ✓ [  10.4s]  cut_qubit_prop
    ✓ [ 115.3s]  cut_incremental_budget
    ✓ [ 161.6s]  cut_incremental_qubit_prop

  13q / 9_Clifford+T_020
    ✓ [  36.5s]  noisy_vanilla
    ✓ [  34.4s]  cut_divided_budget
    ✓ [  32.3s]  cut_qubit_prop
    ✓ [ 186.7s]  cut_incremental_budget
    ✓ [ 161.6s]  cut_incremental_qubit_prop

========================================================================
