========================================================================
CUTTABLE CIRCUIT BENCHMARK RUN REPORT
Timestamp : 2026-06-09 15:28:47
========================================================================

DESIGN
------------------------------------------------------------------------
  Input        : valid_circuits.pkl produced by generate_and_cut.py
  Cut strategy : find_and_place_cuts + CutStrategy(min_free_wires=2)
  Ground truth : PennyLane default.qubit statevector (shots=None)
  Reconstruction: qcut_processing_fn (tensor contraction)
  Observable   : per-circuit Pauli string stored in CircuitSpec.observable
  Error        : |perf_exp_val - result|

CONFIGURATION
------------------------------------------------------------------------
  Shots (B)                 : 5000
  Noisy backend             : 'aer.fake_sherbrooke'
  Ideal backend             : 'aer.perfect'
  Simulator seed            : 42
  Output dir                : PosixPath('results/new/ewma_5k_sherbroke_01/16_qubits')
  2q-gate alpha             : 0.8
  Incr. batch shots         : 50
  Incr. threshold           : 0.03
  Incr. offset              : 3
  Incr. stability k         : 3
  Incr. stopping criterion  : 'ewma'
  Incr. distance metric     : 'tvd'
  Incr. window size         : 3
  Incr. EWMA alpha          : 0.5
  Selected modes            : noisy_vanilla, cut_divided_budget, cut_qubit_prop, cut_incremental_budget, cut_incremental_qubit_prop

SUMMARY
------------------------------------------------------------------------
Total: 50  ok: 50  failed: 0

RESULTS BY CIRCUIT
------------------------------------------------------------------------
  16q / 0_Clifford+T_002
    ✓ [  21.2s]  noisy_vanilla
    ✓ [  20.7s]  cut_divided_budget
    ✓ [  10.7s]  cut_qubit_prop
    ✓ [ 127.6s]  cut_incremental_budget
    ✓ [ 140.4s]  cut_incremental_qubit_prop

  16q / 1_Clifford+T_008
    ✓ [  20.2s]  noisy_vanilla
    ✓ [  17.1s]  cut_divided_budget
    ✓ [   9.6s]  cut_qubit_prop
    ✓ [ 140.6s]  cut_incremental_budget
    ✓ [ 140.0s]  cut_incremental_qubit_prop

  16q / 2_Clifford+T_015
    ✓ [  17.4s]  noisy_vanilla
    ✓ [  22.5s]  cut_divided_budget
    ✓ [  11.5s]  cut_qubit_prop
    ✓ [ 112.5s]  cut_incremental_budget
    ✓ [ 161.3s]  cut_incremental_qubit_prop

  16q / 3_Clifford+T_016
    ✓ [  16.1s]  noisy_vanilla
    ✓ [  16.3s]  cut_divided_budget
    ✓ [  10.9s]  cut_qubit_prop
    ✓ [ 148.2s]  cut_incremental_budget
    ✓ [ 142.9s]  cut_incremental_qubit_prop

  16q / 4_Clifford+T_018
    ✓ [  16.0s]  noisy_vanilla
    ✓ [  20.1s]  cut_divided_budget
    ✓ [  10.8s]  cut_qubit_prop
    ✓ [ 166.3s]  cut_incremental_budget
    ✓ [ 148.1s]  cut_incremental_qubit_prop

  16q / 5_Clifford+T_019
    ✓ [  19.2s]  noisy_vanilla
    ✓ [  19.9s]  cut_divided_budget
    ✓ [  14.4s]  cut_qubit_prop
    ✓ [ 126.1s]  cut_incremental_budget
    ✓ [ 149.9s]  cut_incremental_qubit_prop

  16q / 6_Clifford+T_021
    ✓ [  16.6s]  noisy_vanilla
    ✓ [  19.6s]  cut_divided_budget
    ✓ [  10.2s]  cut_qubit_prop
    ✓ [ 137.7s]  cut_incremental_budget
    ✓ [ 139.9s]  cut_incremental_qubit_prop

  16q / 7_Clifford+T_026
    ✓ [  16.5s]  noisy_vanilla
    ✓ [  20.9s]  cut_divided_budget
    ✓ [  11.2s]  cut_qubit_prop
    ✓ [ 127.0s]  cut_incremental_budget
    ✓ [ 131.4s]  cut_incremental_qubit_prop

  16q / 8_Clifford+T_032
    ✓ [  16.8s]  noisy_vanilla
    ✓ [  19.7s]  cut_divided_budget
    ✓ [  10.3s]  cut_qubit_prop
    ✓ [ 110.8s]  cut_incremental_budget
    ✓ [ 134.6s]  cut_incremental_qubit_prop

  16q / 9_Clifford+T_040
    ✓ [  14.9s]  noisy_vanilla
    ✓ [  21.2s]  cut_divided_budget
    ✓ [  11.8s]  cut_qubit_prop
    ✓ [ 128.4s]  cut_incremental_budget
    ✓ [ 154.4s]  cut_incremental_qubit_prop

========================================================================
