========================================================================
CUTTABLE CIRCUIT BENCHMARK RUN REPORT
Timestamp : 2026-06-18 13:21:27
========================================================================

DESIGN
------------------------------------------------------------------------
  Input        : valid_circuits.pkl produced by generate_and_cut.py
  Cut strategy : find_and_place_cuts + CutStrategy(min_free_wires=2)
  Ground truth : PennyLane default.qubit statevector (shots=None)
  Reconstruction: qcut_processing_fn (tensor contraction)
  Observable   : per-circuit Pauli string stored in CircuitSpec.observable
  Error        : |perf_exp_val - result|

CONFIGURATION
------------------------------------------------------------------------
  Shots (B)                 : 20000
  Noisy backend             : 'aer.fake_kawasaki'
  Ideal backend             : 'aer.perfect'
  Simulator seed            : 42
  Output dir                : PosixPath('results/new/stable_shots_02/20000_shots/kawasaki/15_qubits')
  2q-gate alpha             : 0.8
  Incr. batch shots         : 50
  Incr. threshold           : 0.03
  Incr. offset              : 3
  Incr. stability k         : 3
  Incr. stopping criterion  : 'delta'
  Incr. distance metric     : 'tvd'
  Incr. window size         : 3
  Incr. EWMA alpha          : 0.5
  Selected modes            : noisy_vanilla, cut_divided_budget, cut_qubit_prop, cut_incremental_budget, cut_incremental_qubit_prop

SUMMARY
------------------------------------------------------------------------
Total: 50  ok: 50  failed: 0

RESULTS BY CIRCUIT
------------------------------------------------------------------------
  15q / 0_Clifford+T_003
    ✓ [ 628.0s]  noisy_vanilla
    ✓ [  24.2s]  cut_divided_budget
    ✓ [  11.7s]  cut_qubit_prop
    ✓ [ 177.1s]  cut_incremental_budget
    ✓ [ 182.1s]  cut_incremental_qubit_prop

  15q / 1_Clifford+T_009
    ✓ [ 322.4s]  noisy_vanilla
    ✓ [  16.3s]  cut_divided_budget
    ✓ [  10.3s]  cut_qubit_prop
    ✓ [ 218.6s]  cut_incremental_budget
    ✓ [ 230.1s]  cut_incremental_qubit_prop

  15q / 2_Clifford+T_011
    ✓ [ 330.3s]  noisy_vanilla
    ✓ [  24.9s]  cut_divided_budget
    ✓ [  17.2s]  cut_qubit_prop
    ✓ [ 187.0s]  cut_incremental_budget
    ✓ [ 183.7s]  cut_incremental_qubit_prop

  15q / 3_Clifford+T_015
    ✓ [ 346.2s]  noisy_vanilla
    ✓ [  52.5s]  cut_divided_budget
    ✓ [  40.2s]  cut_qubit_prop
    ✓ [ 549.9s]  cut_incremental_budget
    ✓ [ 553.7s]  cut_incremental_qubit_prop

  15q / 4_Clifford+T_016
    ✓ [ 349.6s]  noisy_vanilla
    ✓ [  16.7s]  cut_divided_budget
    ✓ [  10.4s]  cut_qubit_prop
    ✓ [ 144.7s]  cut_incremental_budget
    ✓ [ 155.5s]  cut_incremental_qubit_prop

  15q / 5_Clifford+T_018
    ✓ [ 340.8s]  noisy_vanilla
    ✓ [  17.7s]  cut_divided_budget
    ✓ [  10.3s]  cut_qubit_prop
    ✓ [ 193.1s]  cut_incremental_budget
    ✓ [ 195.8s]  cut_incremental_qubit_prop

  15q / 6_Clifford+T_022
    ✓ [ 325.1s]  noisy_vanilla
    ✓ [  22.3s]  cut_divided_budget
    ✓ [  10.3s]  cut_qubit_prop
    ✓ [ 164.2s]  cut_incremental_budget
    ✓ [ 175.9s]  cut_incremental_qubit_prop

  15q / 7_Clifford+T_023
    ✓ [ 322.4s]  noisy_vanilla
    ✓ [  23.7s]  cut_divided_budget
    ✓ [  17.4s]  cut_qubit_prop
    ✓ [ 314.7s]  cut_incremental_budget
    ✓ [ 350.4s]  cut_incremental_qubit_prop

  15q / 8_Clifford+T_024
    ✓ [ 332.3s]  noisy_vanilla
    ✓ [  57.3s]  cut_divided_budget
    ✓ [  67.5s]  cut_qubit_prop
    ✓ [ 210.3s]  cut_incremental_budget
    ✓ [ 230.5s]  cut_incremental_qubit_prop

  15q / 9_Clifford+T_026
    ✓ [ 333.3s]  noisy_vanilla
    ✓ [  54.2s]  cut_divided_budget
    ✓ [  74.7s]  cut_qubit_prop
    ✓ [ 194.4s]  cut_incremental_budget
    ✓ [ 206.0s]  cut_incremental_qubit_prop

========================================================================
