========================================================================
CUTTABLE CIRCUIT BENCHMARK RUN REPORT
Timestamp : 2026-06-17 22:23:11
========================================================================

DESIGN
------------------------------------------------------------------------
  Input        : valid_circuits.pkl produced by generate_and_cut.py
  Cut strategy : find_and_place_cuts + CutStrategy(min_free_wires=2)
  Ground truth : PennyLane default.qubit statevector (shots=None)
  Reconstruction: qcut_processing_fn (tensor contraction)
  Observable   : per-circuit Pauli string stored in CircuitSpec.observable
  Error        : |perf_exp_val - result|

CONFIGURATION
------------------------------------------------------------------------
  Shots (B)                 : 5000
  Noisy backend             : 'aer.fake_kyoto'
  Ideal backend             : 'aer.perfect'
  Simulator seed            : 42
  Output dir                : PosixPath('results/new/stable_shots3/5000_shots/kyoto/12_qubits')
  2q-gate alpha             : 0.8
  Incr. batch shots         : 50
  Incr. threshold           : 0.05
  Incr. offset              : 3
  Incr. stability k         : 5
  Incr. stopping criterion  : 'delta'
  Incr. distance metric     : 'tvd'
  Incr. window size         : 3
  Incr. EWMA alpha          : 0.5
  Selected modes            : noisy_vanilla, cut_divided_budget, cut_qubit_prop, cut_incremental_budget, cut_incremental_qubit_prop

SUMMARY
------------------------------------------------------------------------
Total: 50  ok: 50  failed: 0

RESULTS BY CIRCUIT
------------------------------------------------------------------------
  12q / 0_Clifford+T_001
    ✓ [  18.2s]  noisy_vanilla
    ✓ [  33.0s]  cut_divided_budget
    ✓ [  20.7s]  cut_qubit_prop
    ✓ [ 174.0s]  cut_incremental_budget
    ✓ [ 170.9s]  cut_incremental_qubit_prop

  12q / 1_Clifford+T_002
    ✓ [   9.6s]  noisy_vanilla
    ✓ [  95.8s]  cut_divided_budget
    ✓ [  94.8s]  cut_qubit_prop
    ✓ [ 233.8s]  cut_incremental_budget
    ✓ [ 195.0s]  cut_incremental_qubit_prop

  12q / 2_Clifford+T_004
    ✓ [  19.0s]  noisy_vanilla
    ✓ [  37.0s]  cut_divided_budget
    ✓ [  27.2s]  cut_qubit_prop
    ✓ [ 216.5s]  cut_incremental_budget
    ✓ [ 172.9s]  cut_incremental_qubit_prop

  12q / 3_Clifford+T_006
    ✓ [   8.5s]  noisy_vanilla
    ✓ [  23.5s]  cut_divided_budget
    ✓ [  12.4s]  cut_qubit_prop
    ✓ [ 143.8s]  cut_incremental_budget
    ✓ [ 164.0s]  cut_incremental_qubit_prop

  12q / 4_Clifford+T_011
    ✓ [   9.5s]  noisy_vanilla
    ✓ [  92.1s]  cut_divided_budget
    ✓ [  58.0s]  cut_qubit_prop
    ✓ [ 203.1s]  cut_incremental_budget
    ✓ [ 202.4s]  cut_incremental_qubit_prop

  12q / 5_Clifford+T_013
    ✓ [  22.2s]  noisy_vanilla
    ✓ [ 127.9s]  cut_divided_budget
    ✓ [ 114.7s]  cut_qubit_prop
    ✓ [ 422.9s]  cut_incremental_budget
    ✓ [ 385.7s]  cut_incremental_qubit_prop

  12q / 6_Clifford+T_015
    ✓ [  17.5s]  noisy_vanilla
    ✓ [  45.8s]  cut_divided_budget
    ✓ [  24.6s]  cut_qubit_prop
    ✓ [ 359.8s]  cut_incremental_budget
    ✓ [ 408.4s]  cut_incremental_qubit_prop

  12q / 7_Clifford+T_019
    ✓ [  18.4s]  noisy_vanilla
    ✓ [  31.3s]  cut_divided_budget
    ✓ [   6.7s]  cut_qubit_prop
    ✓ [  81.2s]  cut_incremental_budget
    ✓ [ 102.6s]  cut_incremental_qubit_prop

  12q / 8_Clifford+T_021
    ✓ [  14.6s]  noisy_vanilla
    ✓ [  38.3s]  cut_divided_budget
    ✓ [  41.4s]  cut_qubit_prop
    ✓ [ 464.7s]  cut_incremental_budget
    ✓ [ 436.2s]  cut_incremental_qubit_prop

  12q / 9_Clifford+T_025
    ✓ [  14.7s]  noisy_vanilla
    ✓ [ 124.9s]  cut_divided_budget
    ✓ [ 102.9s]  cut_qubit_prop
    ✓ [ 299.8s]  cut_incremental_budget
    ✓ [ 211.9s]  cut_incremental_qubit_prop

========================================================================
