========================================================================
CUTTABLE CIRCUIT BENCHMARK RUN REPORT
Timestamp : 2026-05-27 12:50:29
========================================================================

DESIGN
------------------------------------------------------------------------
  Input        : valid_circuits.pkl produced by generate_and_cut.py
  Cut strategy : find_and_place_cuts + CutStrategy(min_free_wires=2)
  Ground truth : PennyLane default.qubit statevector (shots=None)
  Reconstruction: qcut_processing_fn (tensor contraction)
  Observable   : per-circuit Pauli string stored in CircuitSpec.observable
  Error        : |perf_exp_val - result|

CONFIGURATION
------------------------------------------------------------------------
  Shots (B)                 : 20000
  Noisy backend             : 'aer.fake_torino'
  Ideal backend             : 'aer.perfect'
  Simulator seed            : 42
  Output dir                : PosixPath('results/new/ewma_20k_torino_01/12_qubits')
  2q-gate alpha             : 0.8
  Incr. batch shots         : 50
  Incr. threshold           : 0.03
  Incr. offset              : 3
  Incr. stability k         : 3
  Incr. stopping criterion  : 'ewma'
  Incr. distance metric     : 'tvd'
  Incr. window size         : 3
  Incr. EWMA alpha          : 0.5
  Selected modes            : noisy_vanilla, cut_divided_budget, cut_qubit_prop, cut_incremental_budget, cut_incremental_qubit_prop

SUMMARY
------------------------------------------------------------------------
Total: 50  ok: 50  failed: 0

RESULTS BY CIRCUIT
------------------------------------------------------------------------
  12q / 0_Clifford+T_001
    ✓ [   4.9s]  noisy_vanilla
    ✓ [  30.9s]  cut_divided_budget
    ✓ [  27.4s]  cut_qubit_prop
    ✓ [ 627.4s]  cut_incremental_budget
    ✓ [ 637.4s]  cut_incremental_qubit_prop

  12q / 1_Clifford+T_002
    ✓ [   5.9s]  noisy_vanilla
    ✓ [ 111.2s]  cut_divided_budget
    ✓ [ 101.6s]  cut_qubit_prop
    ✓ [1290.1s]  cut_incremental_budget
    ✓ [1271.5s]  cut_incremental_qubit_prop

  12q / 2_Clifford+T_004
    ✓ [   5.0s]  noisy_vanilla
    ✓ [  38.9s]  cut_divided_budget
    ✓ [  26.4s]  cut_qubit_prop
    ✓ [ 592.8s]  cut_incremental_budget
    ✓ [ 605.8s]  cut_incremental_qubit_prop

  12q / 3_Clifford+T_006
    ✓ [   4.7s]  noisy_vanilla
    ✓ [  34.8s]  cut_divided_budget
    ✓ [  25.1s]  cut_qubit_prop
    ✓ [ 582.7s]  cut_incremental_budget
    ✓ [ 498.6s]  cut_incremental_qubit_prop

  12q / 4_Clifford+T_011
    ✓ [   4.7s]  noisy_vanilla
    ✓ [ 116.9s]  cut_divided_budget
    ✓ [ 107.4s]  cut_qubit_prop
    ✓ [1195.1s]  cut_incremental_budget
    ✓ [1366.4s]  cut_incremental_qubit_prop

  12q / 5_Clifford+T_013
    ✓ [   4.9s]  noisy_vanilla
    ✓ [ 101.0s]  cut_divided_budget
    ✓ [ 119.3s]  cut_qubit_prop
    ✓ [1300.8s]  cut_incremental_budget
    ✓ [1119.5s]  cut_incremental_qubit_prop

  12q / 6_Clifford+T_015
    ✓ [   3.3s]  noisy_vanilla
    ✓ [  28.4s]  cut_divided_budget
    ✓ [  21.3s]  cut_qubit_prop
    ✓ [ 445.8s]  cut_incremental_budget
    ✓ [ 447.5s]  cut_incremental_qubit_prop

  12q / 7_Clifford+T_019
    ✓ [   4.7s]  noisy_vanilla
    ✓ [  12.9s]  cut_divided_budget
    ✓ [   3.5s]  cut_qubit_prop
    ✓ [  81.6s]  cut_incremental_budget
    ✓ [  83.1s]  cut_incremental_qubit_prop

  12q / 8_Clifford+T_021
    ✓ [   2.9s]  noisy_vanilla
    ✓ [  27.1s]  cut_divided_budget
    ✓ [  18.3s]  cut_qubit_prop
    ✓ [ 378.8s]  cut_incremental_budget
    ✓ [ 367.0s]  cut_incremental_qubit_prop

  12q / 9_Clifford+T_025
    ✓ [   3.1s]  noisy_vanilla
    ✓ [  80.7s]  cut_divided_budget
    ✓ [  74.4s]  cut_qubit_prop
    ✓ [ 972.0s]  cut_incremental_budget
    ✓ [ 988.8s]  cut_incremental_qubit_prop

========================================================================
