========================================================================
CUTTABLE CIRCUIT BENCHMARK RUN REPORT
Timestamp : 2026-04-27 12:30:23
========================================================================

DESIGN
------------------------------------------------------------------------
  Input        : valid_circuits.pkl produced by generate_and_cut.py
  Cut strategy : find_and_place_cuts + CutStrategy(min_free_wires=2)
  Ground truth : PennyLane default.qubit statevector (shots=None)
  Reconstruction: qcut_processing_fn (tensor contraction)
  Observable   : per-circuit Pauli string stored in CircuitSpec.observable
  Error        : |perf_exp_val - result|

CONFIGURATION
------------------------------------------------------------------------
  Shots (B)                 : 20000
  Noisy backend             : 'aer.fake_torino'
  Ideal backend             : 'aer.perfect'
  Simulator seed            : 42
  Output dir                : PosixPath('results/20k_dma_03/05_qubits')
  2q-gate alpha             : 0.8
  Incr. batch shots         : 50
  Incr. threshold           : 0.01
  Incr. offset              : 2
  Incr. stability k         : 5
  Incr. stopping criterion  : 'dma'
  Incr. distance metric     : 'tvd'
  Incr. window size         : 3
  Incr. EWMA alpha          : 0.5
  Selected modes            : noisy_vanilla, cut_divided_budget, cut_qubit_prop, cut_incremental_budget, cut_incremental_qubit_prop

SUMMARY
------------------------------------------------------------------------
Total: 50  ok: 50  failed: 0

RESULTS BY CIRCUIT
------------------------------------------------------------------------
  5q / 0_QuantumVolume_006
    ✓ [   3.0s]  noisy_vanilla
    ✓ [ 150.9s]  cut_divided_budget
    ✓ [  78.5s]  cut_qubit_prop
    ✓ [ 744.4s]  cut_incremental_budget
    ✓ [ 738.4s]  cut_incremental_qubit_prop

  5q / 1_QuantumVolume_018
    ✓ [   2.5s]  noisy_vanilla
    ✓ [ 167.3s]  cut_divided_budget
    ✓ [  90.2s]  cut_qubit_prop
    ✓ [ 770.7s]  cut_incremental_budget
    ✓ [ 727.6s]  cut_incremental_qubit_prop

  5q / 2_QuantumVolume_030
    ✓ [   2.4s]  noisy_vanilla
    ✓ [ 154.2s]  cut_divided_budget
    ✓ [  94.1s]  cut_qubit_prop
    ✓ [ 741.9s]  cut_incremental_budget
    ✓ [ 739.1s]  cut_incremental_qubit_prop

  5q / 3_Clifford+T_046
    ✓ [   2.7s]  noisy_vanilla
    ✓ [  83.9s]  cut_divided_budget
    ✓ [  76.2s]  cut_qubit_prop
    ✓ [ 747.6s]  cut_incremental_budget
    ✓ [ 749.0s]  cut_incremental_qubit_prop

  5q / 4_QuantumVolume_054
    ✓ [   2.8s]  noisy_vanilla
    ✓ [ 138.9s]  cut_divided_budget
    ✓ [  74.0s]  cut_qubit_prop
    ✓ [ 688.2s]  cut_incremental_budget
    ✓ [ 750.6s]  cut_incremental_qubit_prop

  5q / 5_Clifford+T_058
    ✓ [   3.3s]  noisy_vanilla
    ✓ [ 100.2s]  cut_divided_budget
    ✓ [  83.9s]  cut_qubit_prop
    ✓ [ 752.2s]  cut_incremental_budget
    ✓ [ 642.7s]  cut_incremental_qubit_prop

  5q / 6_QuantumVolume_060
    ✓ [   1.9s]  noisy_vanilla
    ✓ [  85.1s]  cut_divided_budget
    ✓ [  19.5s]  cut_qubit_prop
    ✓ [ 194.1s]  cut_incremental_budget
    ✓ [ 209.7s]  cut_incremental_qubit_prop

  5q / 7_QuantumVolume_066
    ✓ [   1.9s]  noisy_vanilla
    ✓ [ 139.2s]  cut_divided_budget
    ✓ [  69.7s]  cut_qubit_prop
    ✓ [ 620.9s]  cut_incremental_budget
    ✓ [ 620.6s]  cut_incremental_qubit_prop

  5q / 8_Clifford+T_082
    ✓ [   2.2s]  noisy_vanilla
    ✓ [  77.6s]  cut_divided_budget
    ✓ [  69.6s]  cut_qubit_prop
    ✓ [ 650.8s]  cut_incremental_budget
    ✓ [ 705.7s]  cut_incremental_qubit_prop

  5q / 9_QuantumVolume_114
    ✓ [   2.3s]  noisy_vanilla
    ✓ [  80.9s]  cut_divided_budget
    ✓ [  18.9s]  cut_qubit_prop
    ✓ [ 168.5s]  cut_incremental_budget
    ✓ [ 167.9s]  cut_incremental_qubit_prop

========================================================================
