========================================================================
CUTTABLE CIRCUIT BENCHMARK RUN REPORT
Timestamp : 2026-06-13 07:35:22
========================================================================

DESIGN
------------------------------------------------------------------------
  Input        : valid_circuits.pkl produced by generate_and_cut.py
  Cut strategy : find_and_place_cuts + CutStrategy(min_free_wires=2)
  Ground truth : PennyLane default.qubit statevector (shots=None)
  Reconstruction: qcut_processing_fn (tensor contraction)
  Observable   : per-circuit Pauli string stored in CircuitSpec.observable
  Error        : |perf_exp_val - result|

CONFIGURATION
------------------------------------------------------------------------
  Shots (B)                 : 10000
  Noisy backend             : 'aer.fake_kyoto'
  Ideal backend             : 'aer.perfect'
  Simulator seed            : 42
  Output dir                : PosixPath('results/new/stable_shots_runs_10-14q_no_vanilla/10000_shots/kyoto/12_qubits')
  2q-gate alpha             : 0.8
  Incr. batch shots         : 50
  Incr. threshold           : 0.0005
  Incr. offset              : 2
  Incr. stability k         : 5
  Incr. stopping criterion  : 'delta'
  Incr. distance metric     : 'tvd'
  Incr. window size         : 3
  Incr. EWMA alpha          : 0.5
  Selected modes            : cut_divided_budget, cut_qubit_prop, cut_incremental_budget, cut_incremental_qubit_prop

SUMMARY
------------------------------------------------------------------------
Total: 40  ok: 40  failed: 0

RESULTS BY CIRCUIT
------------------------------------------------------------------------
  12q / 0_Clifford+T_001
    ✓ [  19.8s]  cut_divided_budget
    ✓ [  13.5s]  cut_qubit_prop
    ✓ [ 339.4s]  cut_incremental_budget
    ✓ [ 349.3s]  cut_incremental_qubit_prop

  12q / 1_Clifford+T_002
    ✓ [  65.5s]  cut_divided_budget
    ✓ [  60.3s]  cut_qubit_prop
    ✓ [ 385.2s]  cut_incremental_budget
    ✓ [ 365.3s]  cut_incremental_qubit_prop

  12q / 2_Clifford+T_004
    ✓ [  24.4s]  cut_divided_budget
    ✓ [  20.0s]  cut_qubit_prop
    ✓ [ 343.9s]  cut_incremental_budget
    ✓ [ 359.3s]  cut_incremental_qubit_prop

  12q / 3_Clifford+T_006
    ✓ [  20.4s]  cut_divided_budget
    ✓ [  13.9s]  cut_qubit_prop
    ✓ [ 341.2s]  cut_incremental_budget
    ✓ [ 352.5s]  cut_incremental_qubit_prop

  12q / 4_Clifford+T_011
    ✓ [  65.5s]  cut_divided_budget
    ✓ [  61.7s]  cut_qubit_prop
    ✓ [ 387.4s]  cut_incremental_budget
    ✓ [ 368.0s]  cut_incremental_qubit_prop

  12q / 5_Clifford+T_013
    ✓ [  61.2s]  cut_divided_budget
    ✓ [  54.1s]  cut_qubit_prop
    ✓ [ 390.4s]  cut_incremental_budget
    ✓ [ 389.7s]  cut_incremental_qubit_prop

  12q / 6_Clifford+T_015
    ✓ [  20.1s]  cut_divided_budget
    ✓ [  13.6s]  cut_qubit_prop
    ✓ [ 343.9s]  cut_incremental_budget
    ✓ [ 351.0s]  cut_incremental_qubit_prop

  12q / 7_Clifford+T_019
    ✓ [  10.9s]  cut_divided_budget
    ✓ [   3.4s]  cut_qubit_prop
    ✓ [ 356.8s]  cut_incremental_budget
    ✓ [ 356.2s]  cut_incremental_qubit_prop

  12q / 8_Clifford+T_021
    ✓ [  19.9s]  cut_divided_budget
    ✓ [  13.7s]  cut_qubit_prop
    ✓ [ 350.7s]  cut_incremental_budget
    ✓ [ 357.7s]  cut_incremental_qubit_prop

  12q / 9_Clifford+T_025
    ✓ [  62.5s]  cut_divided_budget
    ✓ [  56.6s]  cut_qubit_prop
    ✓ [ 384.5s]  cut_incremental_budget
    ✓ [ 389.0s]  cut_incremental_qubit_prop

========================================================================
