========================================================================
CUTTABLE CIRCUIT BENCHMARK RUN REPORT
Timestamp : 2026-06-12 10:10:45
========================================================================

DESIGN
------------------------------------------------------------------------
  Input        : valid_circuits.pkl produced by generate_and_cut.py
  Cut strategy : find_and_place_cuts + CutStrategy(min_free_wires=2)
  Ground truth : PennyLane default.qubit statevector (shots=None)
  Reconstruction: qcut_processing_fn (tensor contraction)
  Observable   : per-circuit Pauli string stored in CircuitSpec.observable
  Error        : |perf_exp_val - result|

CONFIGURATION
------------------------------------------------------------------------
  Shots (B)                 : 5000
  Noisy backend             : 'aer.fake_torino'
  Ideal backend             : 'aer.perfect'
  Simulator seed            : 42
  Output dir                : PosixPath('results/new/stable_shots_runs_10-14q_no_vanilla/5000_shots/torino/10_qubits')
  2q-gate alpha             : 0.8
  Incr. batch shots         : 50
  Incr. threshold           : 0.0005
  Incr. offset              : 2
  Incr. stability k         : 5
  Incr. stopping criterion  : 'delta'
  Incr. distance metric     : 'tvd'
  Incr. window size         : 3
  Incr. EWMA alpha          : 0.5
  Selected modes            : cut_divided_budget, cut_qubit_prop, cut_incremental_budget, cut_incremental_qubit_prop

SUMMARY
------------------------------------------------------------------------
Total: 40  ok: 40  failed: 0

RESULTS BY CIRCUIT
------------------------------------------------------------------------
  10q / 0_Clifford+T_001
    ✓ [ 103.7s]  cut_divided_budget
    ✓ [  94.9s]  cut_qubit_prop
    ✓ [ 376.7s]  cut_incremental_budget
    ✓ [ 330.8s]  cut_incremental_qubit_prop

  10q / 1_Clifford+T_004
    ✓ [  30.8s]  cut_divided_budget
    ✓ [  23.9s]  cut_qubit_prop
    ✓ [ 311.1s]  cut_incremental_budget
    ✓ [ 316.7s]  cut_incremental_qubit_prop

  10q / 2_Clifford+T_008
    ✓ [ 101.7s]  cut_divided_budget
    ✓ [  95.0s]  cut_qubit_prop
    ✓ [ 377.9s]  cut_incremental_budget
    ✓ [ 334.1s]  cut_incremental_qubit_prop

  10q / 3_Clifford+T_015
    ✓ [  29.7s]  cut_divided_budget
    ✓ [  23.8s]  cut_qubit_prop
    ✓ [ 306.5s]  cut_incremental_budget
    ✓ [ 309.4s]  cut_incremental_qubit_prop

  10q / 4_Clifford+T_024
    ✓ [ 103.8s]  cut_divided_budget
    ✓ [  95.9s]  cut_qubit_prop
    ✓ [ 380.3s]  cut_incremental_budget
    ✓ [ 335.0s]  cut_incremental_qubit_prop

  10q / 5_Clifford+T_026
    ✓ [ 101.3s]  cut_divided_budget
    ✓ [  93.6s]  cut_qubit_prop
    ✓ [ 382.8s]  cut_incremental_budget
    ✓ [ 335.8s]  cut_incremental_qubit_prop

  10q / 6_Clifford+T_032
    ✓ [  30.8s]  cut_divided_budget
    ✓ [  23.7s]  cut_qubit_prop
    ✓ [ 310.2s]  cut_incremental_budget
    ✓ [ 314.1s]  cut_incremental_qubit_prop

  10q / 7_Clifford+T_033
    ✓ [  31.0s]  cut_divided_budget
    ✓ [  24.2s]  cut_qubit_prop
    ✓ [ 309.3s]  cut_incremental_budget
    ✓ [ 314.7s]  cut_incremental_qubit_prop

  10q / 8_Clifford+T_039
    ✓ [ 104.1s]  cut_divided_budget
    ✓ [  96.3s]  cut_qubit_prop
    ✓ [ 384.4s]  cut_incremental_budget
    ✓ [ 338.9s]  cut_incremental_qubit_prop

  10q / 9_Clifford+T_041
    ✓ [  30.0s]  cut_divided_budget
    ✓ [  23.9s]  cut_qubit_prop
    ✓ [ 311.9s]  cut_incremental_budget
    ✓ [ 310.9s]  cut_incremental_qubit_prop

========================================================================
