========================================================================
CUTTABLE CIRCUIT BENCHMARK RUN REPORT
Timestamp : 2026-04-24 13:51:23
========================================================================

DESIGN
------------------------------------------------------------------------
  Input        : valid_circuits.pkl produced by generate_and_cut.py
  Cut strategy : find_and_place_cuts + CutStrategy(min_free_wires=2)
  Ground truth : PennyLane default.qubit statevector (shots=None)
  Reconstruction: qcut_processing_fn (tensor contraction)
  Observable   : per-circuit Pauli string stored in CircuitSpec.observable
  Error        : |perf_exp_val - result|

CONFIGURATION
------------------------------------------------------------------------
  Shots (B)                 : 20000
  Noisy backend             : 'aer.fake_torino'
  Ideal backend             : 'aer.perfect'
  Simulator seed            : 42
  Output dir                : PosixPath('results/20k_dma_02/13_qubits')
  2q-gate alpha             : 0.8
  Incr. batch shots         : 50
  Incr. threshold           : 0.02
  Incr. offset              : 2
  Incr. stability k         : 5
  Incr. stopping criterion  : 'dma'
  Incr. distance metric     : 'tvd'
  Incr. window size         : 3
  Incr. EWMA alpha          : 0.5
  Selected modes            : noisy_vanilla, cut_divided_budget, cut_qubit_prop, cut_incremental_budget, cut_incremental_qubit_prop

SUMMARY
------------------------------------------------------------------------
Total: 50  ok: 50  failed: 0

RESULTS BY CIRCUIT
------------------------------------------------------------------------
  13q / 0_Clifford+T_004
    ✓ [   5.4s]  noisy_vanilla
    ✓ [  26.6s]  cut_divided_budget
    ✓ [  18.5s]  cut_qubit_prop
    ✓ [ 167.8s]  cut_incremental_budget
    ✓ [ 184.8s]  cut_incremental_qubit_prop

  13q / 1_Clifford+T_010
    ✓ [   6.2s]  noisy_vanilla
    ✓ [  27.9s]  cut_divided_budget
    ✓ [  21.8s]  cut_qubit_prop
    ✓ [ 173.6s]  cut_incremental_budget
    ✓ [ 210.5s]  cut_incremental_qubit_prop

  13q / 2_Clifford+T_016
    ✓ [   5.9s]  noisy_vanilla
    ✓ [  28.1s]  cut_divided_budget
    ✓ [  18.5s]  cut_qubit_prop
    ✓ [ 169.0s]  cut_incremental_budget
    ✓ [ 165.7s]  cut_incremental_qubit_prop

  13q / 3_Clifford+T_022
    ✓ [   6.0s]  noisy_vanilla
    ✓ [  28.3s]  cut_divided_budget
    ✓ [  19.7s]  cut_qubit_prop
    ✓ [ 177.8s]  cut_incremental_budget
    ✓ [ 164.8s]  cut_incremental_qubit_prop

  13q / 4_Clifford+T_028
    ✓ [   6.1s]  noisy_vanilla
    ✓ [  31.7s]  cut_divided_budget
    ✓ [  22.2s]  cut_qubit_prop
    ✓ [ 162.7s]  cut_incremental_budget
    ✓ [ 163.7s]  cut_incremental_qubit_prop

  13q / 5_Clifford+T_076
    ✓ [   5.5s]  noisy_vanilla
    ✓ [  28.1s]  cut_divided_budget
    ✓ [  23.0s]  cut_qubit_prop
    ✓ [ 175.3s]  cut_incremental_budget
    ✓ [ 178.5s]  cut_incremental_qubit_prop

  13q / 6_Clifford+T_088
    ✓ [   5.3s]  noisy_vanilla
    ✓ [  27.1s]  cut_divided_budget
    ✓ [  18.7s]  cut_qubit_prop
    ✓ [ 161.3s]  cut_incremental_budget
    ✓ [ 194.7s]  cut_incremental_qubit_prop

  13q / 7_Clifford+T_094
    ✓ [   7.4s]  noisy_vanilla
    ✓ [  25.4s]  cut_divided_budget
    ✓ [  18.4s]  cut_qubit_prop
    ✓ [ 169.4s]  cut_incremental_budget
    ✓ [ 193.4s]  cut_incremental_qubit_prop

  13q / 8_Clifford+T_100
    ✓ [   5.4s]  noisy_vanilla
    ✓ [  29.7s]  cut_divided_budget
    ✓ [  20.0s]  cut_qubit_prop
    ✓ [ 163.8s]  cut_incremental_budget
    ✓ [ 179.3s]  cut_incremental_qubit_prop

  13q / 9_Clifford+T_118
    ✓ [   5.5s]  noisy_vanilla
    ✓ [  26.7s]  cut_divided_budget
    ✓ [  18.2s]  cut_qubit_prop
    ✓ [ 166.6s]  cut_incremental_budget
    ✓ [ 184.7s]  cut_incremental_qubit_prop

========================================================================
