========================================================================
CUTTABLE CIRCUIT BENCHMARK RUN REPORT
Timestamp : 2026-06-09 09:53:48
========================================================================

DESIGN
------------------------------------------------------------------------
  Input        : valid_circuits.pkl produced by generate_and_cut.py
  Cut strategy : find_and_place_cuts + CutStrategy(min_free_wires=2)
  Ground truth : PennyLane default.qubit statevector (shots=None)
  Reconstruction: qcut_processing_fn (tensor contraction)
  Observable   : per-circuit Pauli string stored in CircuitSpec.observable
  Error        : |perf_exp_val - result|

CONFIGURATION
------------------------------------------------------------------------
  Shots (B)                 : 10000
  Noisy backend             : 'aer.fake_kawasaki'
  Ideal backend             : 'aer.perfect'
  Simulator seed            : 42
  Output dir                : PosixPath('results/new/ewma_10k_kawasaki_01/16_qubits')
  2q-gate alpha             : 0.8
  Incr. batch shots         : 50
  Incr. threshold           : 0.03
  Incr. offset              : 3
  Incr. stability k         : 3
  Incr. stopping criterion  : 'ewma'
  Incr. distance metric     : 'tvd'
  Incr. window size         : 3
  Incr. EWMA alpha          : 0.5
  Selected modes            : noisy_vanilla, cut_divided_budget, cut_qubit_prop, cut_incremental_budget, cut_incremental_qubit_prop

SUMMARY
------------------------------------------------------------------------
Total: 50  ok: 50  failed: 0

RESULTS BY CIRCUIT
------------------------------------------------------------------------
  16q / 0_Clifford+T_002
    ✓ [  48.7s]  noisy_vanilla
    ✓ [  20.2s]  cut_divided_budget
    ✓ [  11.3s]  cut_qubit_prop
    ✓ [ 153.5s]  cut_incremental_budget
    ✓ [ 153.1s]  cut_incremental_qubit_prop

  16q / 1_Clifford+T_008
    ✓ [  29.5s]  noisy_vanilla
    ✓ [  22.2s]  cut_divided_budget
    ✓ [  10.6s]  cut_qubit_prop
    ✓ [ 205.1s]  cut_incremental_budget
    ✓ [ 214.2s]  cut_incremental_qubit_prop

  16q / 2_Clifford+T_015
    ✓ [  31.1s]  noisy_vanilla
    ✓ [  21.4s]  cut_divided_budget
    ✓ [  13.8s]  cut_qubit_prop
    ✓ [ 213.4s]  cut_incremental_budget
    ✓ [ 271.4s]  cut_incremental_qubit_prop

  16q / 3_Clifford+T_016
    ✓ [  32.6s]  noisy_vanilla
    ✓ [  17.7s]  cut_divided_budget
    ✓ [  13.9s]  cut_qubit_prop
    ✓ [ 201.1s]  cut_incremental_budget
    ✓ [ 196.6s]  cut_incremental_qubit_prop

  16q / 4_Clifford+T_018
    ✓ [  31.9s]  noisy_vanilla
    ✓ [  19.9s]  cut_divided_budget
    ✓ [  11.2s]  cut_qubit_prop
    ✓ [ 200.5s]  cut_incremental_budget
    ✓ [ 286.1s]  cut_incremental_qubit_prop

  16q / 5_Clifford+T_019
    ✓ [  33.5s]  noisy_vanilla
    ✓ [  23.8s]  cut_divided_budget
    ✓ [  21.5s]  cut_qubit_prop
    ✓ [ 206.2s]  cut_incremental_budget
    ✓ [ 279.8s]  cut_incremental_qubit_prop

  16q / 6_Clifford+T_021
    ✓ [  32.7s]  noisy_vanilla
    ✓ [  19.0s]  cut_divided_budget
    ✓ [  11.0s]  cut_qubit_prop
    ✓ [ 204.1s]  cut_incremental_budget
    ✓ [ 205.8s]  cut_incremental_qubit_prop

  16q / 7_Clifford+T_026
    ✓ [  32.5s]  noisy_vanilla
    ✓ [  20.2s]  cut_divided_budget
    ✓ [  12.1s]  cut_qubit_prop
    ✓ [ 175.6s]  cut_incremental_budget
    ✓ [ 161.7s]  cut_incremental_qubit_prop

  16q / 8_Clifford+T_032
    ✓ [  31.0s]  noisy_vanilla
    ✓ [  19.9s]  cut_divided_budget
    ✓ [  12.0s]  cut_qubit_prop
    ✓ [ 208.7s]  cut_incremental_budget
    ✓ [ 246.3s]  cut_incremental_qubit_prop

  16q / 9_Clifford+T_040
    ✓ [  28.7s]  noisy_vanilla
    ✓ [  19.8s]  cut_divided_budget
    ✓ [  13.0s]  cut_qubit_prop
    ✓ [ 175.2s]  cut_incremental_budget
    ✓ [ 223.8s]  cut_incremental_qubit_prop

========================================================================
