========================================================================
CUTTABLE CIRCUIT BENCHMARK RUN REPORT
Timestamp : 2026-06-08 17:23:47
========================================================================

DESIGN
------------------------------------------------------------------------
  Input        : valid_circuits.pkl produced by generate_and_cut.py
  Cut strategy : find_and_place_cuts + CutStrategy(min_free_wires=2)
  Ground truth : PennyLane default.qubit statevector (shots=None)
  Reconstruction: qcut_processing_fn (tensor contraction)
  Observable   : per-circuit Pauli string stored in CircuitSpec.observable
  Error        : |perf_exp_val - result|

CONFIGURATION
------------------------------------------------------------------------
  Shots (B)                 : 5000
  Noisy backend             : 'aer.fake_torino'
  Ideal backend             : 'aer.perfect'
  Simulator seed            : 42
  Output dir                : PosixPath('results/new/ewma_5k_torino_01/14_qubits')
  2q-gate alpha             : 0.8
  Incr. batch shots         : 50
  Incr. threshold           : 0.03
  Incr. offset              : 3
  Incr. stability k         : 3
  Incr. stopping criterion  : 'ewma'
  Incr. distance metric     : 'tvd'
  Incr. window size         : 3
  Incr. EWMA alpha          : 0.5
  Selected modes            : noisy_vanilla, cut_divided_budget, cut_qubit_prop, cut_incremental_budget, cut_incremental_qubit_prop

SUMMARY
------------------------------------------------------------------------
Total: 50  ok: 50  failed: 0

RESULTS BY CIRCUIT
------------------------------------------------------------------------
  14q / 0_Clifford+T_001
    ✓ [  14.4s]  noisy_vanilla
    ✓ [  95.2s]  cut_divided_budget
    ✓ [  80.6s]  cut_qubit_prop
    ✓ [ 319.9s]  cut_incremental_budget
    ✓ [ 295.7s]  cut_incremental_qubit_prop

  14q / 1_Clifford+T_011
    ✓ [   6.0s]  noisy_vanilla
    ✓ [  88.2s]  cut_divided_budget
    ✓ [  87.5s]  cut_qubit_prop
    ✓ [ 349.5s]  cut_incremental_budget
    ✓ [ 295.4s]  cut_incremental_qubit_prop

  14q / 2_Clifford+T_012
    ✓ [   6.1s]  noisy_vanilla
    ✓ [  30.6s]  cut_divided_budget
    ✓ [  24.4s]  cut_qubit_prop
    ✓ [ 250.1s]  cut_incremental_budget
    ✓ [ 263.3s]  cut_incremental_qubit_prop

  14q / 3_Clifford+T_014
    ✓ [   5.9s]  noisy_vanilla
    ✓ [  26.7s]  cut_divided_budget
    ✓ [  20.2s]  cut_qubit_prop
    ✓ [ 213.1s]  cut_incremental_budget
    ✓ [ 305.8s]  cut_incremental_qubit_prop

  14q / 4_Clifford+T_015
    ✓ [   6.9s]  noisy_vanilla
    ✓ [  12.0s]  cut_divided_budget
    ✓ [   4.1s]  cut_qubit_prop
    ✓ [ 104.8s]  cut_incremental_budget
    ✓ [ 110.5s]  cut_incremental_qubit_prop

  14q / 5_Clifford+T_016
    ✓ [   5.7s]  noisy_vanilla
    ✓ [  25.3s]  cut_divided_budget
    ✓ [  18.8s]  cut_qubit_prop
    ✓ [ 260.7s]  cut_incremental_budget
    ✓ [ 224.5s]  cut_incremental_qubit_prop

  14q / 6_Clifford+T_018
    ✓ [   6.1s]  noisy_vanilla
    ✓ [  28.1s]  cut_divided_budget
    ✓ [  18.1s]  cut_qubit_prop
    ✓ [ 274.7s]  cut_incremental_budget
    ✓ [ 256.8s]  cut_incremental_qubit_prop

  14q / 7_Clifford+T_019
    ✓ [   5.8s]  noisy_vanilla
    ✓ [  27.6s]  cut_divided_budget
    ✓ [  20.6s]  cut_qubit_prop
    ✓ [ 228.9s]  cut_incremental_budget
    ✓ [ 244.9s]  cut_incremental_qubit_prop

  14q / 8_Clifford+T_022
    ✓ [   7.3s]  noisy_vanilla
    ✓ [  25.8s]  cut_divided_budget
    ✓ [  19.1s]  cut_qubit_prop
    ✓ [ 225.4s]  cut_incremental_budget
    ✓ [ 253.7s]  cut_incremental_qubit_prop

  14q / 9_Clifford+T_026
    ✓ [   5.9s]  noisy_vanilla
    ✓ [  28.2s]  cut_divided_budget
    ✓ [  22.7s]  cut_qubit_prop
    ✓ [ 251.6s]  cut_incremental_budget
    ✓ [ 236.1s]  cut_incremental_qubit_prop

========================================================================
