========================================================================
CUTTABLE CIRCUIT BENCHMARK RUN REPORT
Timestamp : 2026-06-09 15:35:13
========================================================================

DESIGN
------------------------------------------------------------------------
  Input        : valid_circuits.pkl produced by generate_and_cut.py
  Cut strategy : find_and_place_cuts + CutStrategy(min_free_wires=2)
  Ground truth : PennyLane default.qubit statevector (shots=None)
  Reconstruction: qcut_processing_fn (tensor contraction)
  Observable   : per-circuit Pauli string stored in CircuitSpec.observable
  Error        : |perf_exp_val - result|

CONFIGURATION
------------------------------------------------------------------------
  Shots (B)                 : 5000
  Noisy backend             : 'aer.fake_sherbrooke'
  Ideal backend             : 'aer.perfect'
  Simulator seed            : 42
  Output dir                : PosixPath('results/new/ewma_5k_sherbroke_01/10_qubits')
  2q-gate alpha             : 0.8
  Incr. batch shots         : 50
  Incr. threshold           : 0.03
  Incr. offset              : 3
  Incr. stability k         : 3
  Incr. stopping criterion  : 'ewma'
  Incr. distance metric     : 'tvd'
  Incr. window size         : 3
  Incr. EWMA alpha          : 0.5
  Selected modes            : noisy_vanilla, cut_divided_budget, cut_qubit_prop, cut_incremental_budget, cut_incremental_qubit_prop

SUMMARY
------------------------------------------------------------------------
Total: 50  ok: 50  failed: 0

RESULTS BY CIRCUIT
------------------------------------------------------------------------
  10q / 0_Clifford+T_001
    ✓ [   2.0s]  noisy_vanilla
    ✓ [  62.6s]  cut_divided_budget
    ✓ [  40.3s]  cut_qubit_prop
    ✓ [ 161.2s]  cut_incremental_budget
    ✓ [ 155.7s]  cut_incremental_qubit_prop

  10q / 1_Clifford+T_004
    ✓ [   1.2s]  noisy_vanilla
    ✓ [  19.7s]  cut_divided_budget
    ✓ [   9.9s]  cut_qubit_prop
    ✓ [ 107.7s]  cut_incremental_budget
    ✓ [ 151.3s]  cut_incremental_qubit_prop

  10q / 2_Clifford+T_008
    ✓ [   1.9s]  noisy_vanilla
    ✓ [  50.0s]  cut_divided_budget
    ✓ [  50.6s]  cut_qubit_prop
    ✓ [ 167.1s]  cut_incremental_budget
    ✓ [ 166.9s]  cut_incremental_qubit_prop

  10q / 3_Clifford+T_015
    ✓ [   2.1s]  noisy_vanilla
    ✓ [  20.1s]  cut_divided_budget
    ✓ [  13.6s]  cut_qubit_prop
    ✓ [ 147.6s]  cut_incremental_budget
    ✓ [ 141.9s]  cut_incremental_qubit_prop

  10q / 4_Clifford+T_024
    ✓ [   1.5s]  noisy_vanilla
    ✓ [  52.1s]  cut_divided_budget
    ✓ [  40.8s]  cut_qubit_prop
    ✓ [ 184.7s]  cut_incremental_budget
    ✓ [ 146.2s]  cut_incremental_qubit_prop

  10q / 5_Clifford+T_026
    ✓ [   2.0s]  noisy_vanilla
    ✓ [  59.7s]  cut_divided_budget
    ✓ [  40.0s]  cut_qubit_prop
    ✓ [ 206.7s]  cut_incremental_budget
    ✓ [ 156.2s]  cut_incremental_qubit_prop

  10q / 6_Clifford+T_032
    ✓ [   1.4s]  noisy_vanilla
    ✓ [  19.7s]  cut_divided_budget
    ✓ [  13.6s]  cut_qubit_prop
    ✓ [ 124.5s]  cut_incremental_budget
    ✓ [ 141.1s]  cut_incremental_qubit_prop

  10q / 7_Clifford+T_033
    ✓ [   1.4s]  noisy_vanilla
    ✓ [  20.3s]  cut_divided_budget
    ✓ [  10.9s]  cut_qubit_prop
    ✓ [ 109.2s]  cut_incremental_budget
    ✓ [ 148.5s]  cut_incremental_qubit_prop

  10q / 8_Clifford+T_039
    ✓ [   1.4s]  noisy_vanilla
    ✓ [  53.7s]  cut_divided_budget
    ✓ [  43.0s]  cut_qubit_prop
    ✓ [ 169.3s]  cut_incremental_budget
    ✓ [ 131.1s]  cut_incremental_qubit_prop

  10q / 9_Clifford+T_041
    ✓ [   1.5s]  noisy_vanilla
    ✓ [  20.6s]  cut_divided_budget
    ✓ [  13.3s]  cut_qubit_prop
    ✓ [ 136.0s]  cut_incremental_budget
    ✓ [ 119.7s]  cut_incremental_qubit_prop

========================================================================
