========================================================================
CUTTABLE CIRCUIT BENCHMARK RUN REPORT
Timestamp : 2026-06-17 18:31:36
========================================================================

DESIGN
------------------------------------------------------------------------
  Input        : valid_circuits.pkl produced by generate_and_cut.py
  Cut strategy : find_and_place_cuts + CutStrategy(min_free_wires=2)
  Ground truth : PennyLane default.qubit statevector (shots=None)
  Reconstruction: qcut_processing_fn (tensor contraction)
  Observable   : per-circuit Pauli string stored in CircuitSpec.observable
  Error        : |perf_exp_val - result|

CONFIGURATION
------------------------------------------------------------------------
  Shots (B)                 : 5000
  Noisy backend             : 'aer.fake_sherbrooke'
  Ideal backend             : 'aer.perfect'
  Simulator seed            : 42
  Output dir                : PosixPath('results/new/stable_shots3/5000_shots/sherbrooke/12_qubits')
  2q-gate alpha             : 0.8
  Incr. batch shots         : 50
  Incr. threshold           : 0.05
  Incr. offset              : 3
  Incr. stability k         : 5
  Incr. stopping criterion  : 'delta'
  Incr. distance metric     : 'tvd'
  Incr. window size         : 3
  Incr. EWMA alpha          : 0.5
  Selected modes            : noisy_vanilla, cut_divided_budget, cut_qubit_prop, cut_incremental_budget, cut_incremental_qubit_prop

SUMMARY
------------------------------------------------------------------------
Total: 50  ok: 50  failed: 0

RESULTS BY CIRCUIT
------------------------------------------------------------------------
  12q / 0_Clifford+T_001
    ✓ [  17.2s]  noisy_vanilla
    ✓ [  25.7s]  cut_divided_budget
    ✓ [  17.0s]  cut_qubit_prop
    ✓ [ 146.4s]  cut_incremental_budget
    ✓ [ 142.7s]  cut_incremental_qubit_prop

  12q / 1_Clifford+T_002
    ✓ [  18.8s]  noisy_vanilla
    ✓ [  78.8s]  cut_divided_budget
    ✓ [  74.3s]  cut_qubit_prop
    ✓ [ 277.6s]  cut_incremental_budget
    ✓ [ 247.6s]  cut_incremental_qubit_prop

  12q / 2_Clifford+T_004
    ✓ [  18.7s]  noisy_vanilla
    ✓ [  27.6s]  cut_divided_budget
    ✓ [  23.4s]  cut_qubit_prop
    ✓ [ 186.9s]  cut_incremental_budget
    ✓ [ 143.6s]  cut_incremental_qubit_prop

  12q / 3_Clifford+T_006
    ✓ [   8.4s]  noisy_vanilla
    ✓ [  17.6s]  cut_divided_budget
    ✓ [  10.7s]  cut_qubit_prop
    ✓ [ 119.7s]  cut_incremental_budget
    ✓ [ 146.4s]  cut_incremental_qubit_prop

  12q / 4_Clifford+T_011
    ✓ [  19.3s]  noisy_vanilla
    ✓ [  78.2s]  cut_divided_budget
    ✓ [  74.6s]  cut_qubit_prop
    ✓ [ 276.9s]  cut_incremental_budget
    ✓ [ 249.5s]  cut_incremental_qubit_prop

  12q / 5_Clifford+T_013
    ✓ [  23.1s]  noisy_vanilla
    ✓ [  78.4s]  cut_divided_budget
    ✓ [  42.8s]  cut_qubit_prop
    ✓ [ 179.2s]  cut_incremental_budget
    ✓ [ 154.0s]  cut_incremental_qubit_prop

  12q / 6_Clifford+T_015
    ✓ [   8.6s]  noisy_vanilla
    ✓ [  18.2s]  cut_divided_budget
    ✓ [   9.9s]  cut_qubit_prop
    ✓ [ 172.7s]  cut_incremental_budget
    ✓ [ 259.5s]  cut_incremental_qubit_prop

  12q / 7_Clifford+T_019
    ✓ [ 116.2s]  noisy_vanilla
    ✓ [  12.0s]  cut_divided_budget
    ✓ [   2.8s]  cut_qubit_prop
    ✓ [  41.2s]  cut_incremental_budget
    ✓ [  36.6s]  cut_incremental_qubit_prop

  12q / 8_Clifford+T_021
    ✓ [   7.1s]  noisy_vanilla
    ✓ [  21.8s]  cut_divided_budget
    ✓ [  10.3s]  cut_qubit_prop
    ✓ [ 139.8s]  cut_incremental_budget
    ✓ [ 142.4s]  cut_incremental_qubit_prop

  12q / 9_Clifford+T_025
    ✓ [   7.6s]  noisy_vanilla
    ✓ [  83.1s]  cut_divided_budget
    ✓ [  63.3s]  cut_qubit_prop
    ✓ [ 277.5s]  cut_incremental_budget
    ✓ [ 178.2s]  cut_incremental_qubit_prop

========================================================================
