========================================================================
CUTTABLE CIRCUIT BENCHMARK RUN REPORT
Timestamp : 2026-06-18 00:51:03
========================================================================

DESIGN
------------------------------------------------------------------------
  Input        : valid_circuits.pkl produced by generate_and_cut.py
  Cut strategy : find_and_place_cuts + CutStrategy(min_free_wires=2)
  Ground truth : PennyLane default.qubit statevector (shots=None)
  Reconstruction: qcut_processing_fn (tensor contraction)
  Observable   : per-circuit Pauli string stored in CircuitSpec.observable
  Error        : |perf_exp_val - result|

CONFIGURATION
------------------------------------------------------------------------
  Shots (B)                 : 10000
  Noisy backend             : 'aer.fake_torino'
  Ideal backend             : 'aer.perfect'
  Simulator seed            : 42
  Output dir                : PosixPath('results/new/stable_shots3/10000_shots/torino/12_qubits')
  2q-gate alpha             : 0.8
  Incr. batch shots         : 50
  Incr. threshold           : 0.05
  Incr. offset              : 3
  Incr. stability k         : 5
  Incr. stopping criterion  : 'delta'
  Incr. distance metric     : 'tvd'
  Incr. window size         : 3
  Incr. EWMA alpha          : 0.5
  Selected modes            : noisy_vanilla, cut_divided_budget, cut_qubit_prop, cut_incremental_budget, cut_incremental_qubit_prop

SUMMARY
------------------------------------------------------------------------
Total: 50  ok: 50  failed: 0

RESULTS BY CIRCUIT
------------------------------------------------------------------------
  12q / 0_Clifford+T_001
    ✓ [  37.3s]  noisy_vanilla
    ✓ [  85.9s]  cut_divided_budget
    ✓ [  59.9s]  cut_qubit_prop
    ✓ [ 941.0s]  cut_incremental_budget
    ✓ [ 833.5s]  cut_incremental_qubit_prop

  12q / 1_Clifford+T_002
    ✓ [  36.4s]  noisy_vanilla
    ✓ [ 292.7s]  cut_divided_budget
    ✓ [ 171.3s]  cut_qubit_prop
    ✓ [1328.6s]  cut_incremental_budget
    ✓ [ 767.1s]  cut_incremental_qubit_prop

  12q / 2_Clifford+T_004
    ✓ [  20.7s]  noisy_vanilla
    ✓ [  49.5s]  cut_divided_budget
    ✓ [  46.3s]  cut_qubit_prop
    ✓ [ 521.0s]  cut_incremental_budget
    ✓ [ 336.8s]  cut_incremental_qubit_prop

  12q / 3_Clifford+T_006
    ✓ [   9.4s]  noisy_vanilla
    ✓ [  26.3s]  cut_divided_budget
    ✓ [  19.6s]  cut_qubit_prop
    ✓ [ 302.2s]  cut_incremental_budget
    ✓ [ 291.2s]  cut_incremental_qubit_prop

  12q / 4_Clifford+T_011
    ✓ [  10.4s]  noisy_vanilla
    ✓ [  95.4s]  cut_divided_budget
    ✓ [  86.0s]  cut_qubit_prop
    ✓ [ 551.4s]  cut_incremental_budget
    ✓ [ 521.4s]  cut_incremental_qubit_prop

  12q / 5_Clifford+T_013
    ✓ [  12.0s]  noisy_vanilla
    ✓ [  86.5s]  cut_divided_budget
    ✓ [  75.3s]  cut_qubit_prop
    ✓ [ 684.5s]  cut_incremental_budget
    ✓ [ 912.2s]  cut_incremental_qubit_prop

  12q / 6_Clifford+T_015
    ✓ [  19.4s]  noisy_vanilla
    ✓ [  42.4s]  cut_divided_budget
    ✓ [  31.2s]  cut_qubit_prop
    ✓ [ 492.6s]  cut_incremental_budget
    ✓ [ 490.0s]  cut_incremental_qubit_prop

  12q / 7_Clifford+T_019
    ✓ [  20.2s]  noisy_vanilla
    ✓ [  21.0s]  cut_divided_budget
    ✓ [   7.6s]  cut_qubit_prop
    ✓ [  95.2s]  cut_incremental_budget
    ✓ [  97.9s]  cut_incremental_qubit_prop

  12q / 8_Clifford+T_021
    ✓ [   8.4s]  noisy_vanilla
    ✓ [  42.9s]  cut_divided_budget
    ✓ [  29.8s]  cut_qubit_prop
    ✓ [ 374.1s]  cut_incremental_budget
    ✓ [ 294.0s]  cut_incremental_qubit_prop

  12q / 9_Clifford+T_025
    ✓ [   8.8s]  noisy_vanilla
    ✓ [  87.9s]  cut_divided_budget
    ✓ [  79.0s]  cut_qubit_prop
    ✓ [ 547.3s]  cut_incremental_budget
    ✓ [ 575.3s]  cut_incremental_qubit_prop

========================================================================
