========================================================================
CUTTABLE CIRCUIT BENCHMARK RUN REPORT
Timestamp : 2026-06-12 16:48:01
========================================================================

DESIGN
------------------------------------------------------------------------
  Input        : valid_circuits.pkl produced by generate_and_cut.py
  Cut strategy : find_and_place_cuts + CutStrategy(min_free_wires=2)
  Ground truth : PennyLane default.qubit statevector (shots=None)
  Reconstruction: qcut_processing_fn (tensor contraction)
  Observable   : per-circuit Pauli string stored in CircuitSpec.observable
  Error        : |perf_exp_val - result|

CONFIGURATION
------------------------------------------------------------------------
  Shots (B)                 : 5000
  Noisy backend             : 'aer.fake_kyoto'
  Ideal backend             : 'aer.perfect'
  Simulator seed            : 42
  Output dir                : PosixPath('results/new/stable_shots_runs_10-14q_no_vanilla/5000_shots/kyoto/13_qubits')
  2q-gate alpha             : 0.8
  Incr. batch shots         : 50
  Incr. threshold           : 0.0005
  Incr. offset              : 2
  Incr. stability k         : 5
  Incr. stopping criterion  : 'delta'
  Incr. distance metric     : 'tvd'
  Incr. window size         : 3
  Incr. EWMA alpha          : 0.5
  Selected modes            : cut_divided_budget, cut_qubit_prop, cut_incremental_budget, cut_incremental_qubit_prop

SUMMARY
------------------------------------------------------------------------
Total: 40  ok: 40  failed: 0

RESULTS BY CIRCUIT
------------------------------------------------------------------------
  13q / 0_Clifford+T_002
    ✓ [  23.8s]  cut_divided_budget
    ✓ [  20.1s]  cut_qubit_prop
    ✓ [ 180.3s]  cut_incremental_budget
    ✓ [ 186.0s]  cut_incremental_qubit_prop

  13q / 1_Clifford+T_004
    ✓ [  20.3s]  cut_divided_budget
    ✓ [  13.5s]  cut_qubit_prop
    ✓ [ 177.9s]  cut_incremental_budget
    ✓ [ 178.4s]  cut_incremental_qubit_prop

  13q / 2_Clifford+T_007
    ✓ [  20.2s]  cut_divided_budget
    ✓ [  13.6s]  cut_qubit_prop
    ✓ [ 181.1s]  cut_incremental_budget
    ✓ [ 180.6s]  cut_incremental_qubit_prop

  13q / 3_Clifford+T_010
    ✓ [  22.5s]  cut_divided_budget
    ✓ [  17.2s]  cut_qubit_prop
    ✓ [ 180.2s]  cut_incremental_budget
    ✓ [ 183.1s]  cut_incremental_qubit_prop

  13q / 4_Clifford+T_012
    ✓ [  22.1s]  cut_divided_budget
    ✓ [  16.3s]  cut_qubit_prop
    ✓ [ 179.5s]  cut_incremental_budget
    ✓ [ 182.4s]  cut_incremental_qubit_prop

  13q / 5_Clifford+T_014
    ✓ [  62.1s]  cut_divided_budget
    ✓ [  55.2s]  cut_qubit_prop
    ✓ [ 222.2s]  cut_incremental_budget
    ✓ [ 195.7s]  cut_incremental_qubit_prop

  13q / 6_Clifford+T_015
    ✓ [  20.2s]  cut_divided_budget
    ✓ [  13.7s]  cut_qubit_prop
    ✓ [ 177.9s]  cut_incremental_budget
    ✓ [ 178.6s]  cut_incremental_qubit_prop

  13q / 7_Clifford+T_016
    ✓ [  20.3s]  cut_divided_budget
    ✓ [  14.0s]  cut_qubit_prop
    ✓ [ 177.2s]  cut_incremental_budget
    ✓ [ 178.7s]  cut_incremental_qubit_prop

  13q / 8_Clifford+T_017
    ✓ [  19.5s]  cut_divided_budget
    ✓ [  13.5s]  cut_qubit_prop
    ✓ [ 176.1s]  cut_incremental_budget
    ✓ [ 176.8s]  cut_incremental_qubit_prop

  13q / 9_Clifford+T_020
    ✓ [  25.1s]  cut_divided_budget
    ✓ [  21.3s]  cut_qubit_prop
    ✓ [ 181.2s]  cut_incremental_budget
    ✓ [ 188.7s]  cut_incremental_qubit_prop

========================================================================
