========================================================================
CUTTABLE CIRCUIT BENCHMARK RUN REPORT
Timestamp : 2026-06-18 04:54:15
========================================================================

DESIGN
------------------------------------------------------------------------
  Input        : valid_circuits.pkl produced by generate_and_cut.py
  Cut strategy : find_and_place_cuts + CutStrategy(min_free_wires=2)
  Ground truth : PennyLane default.qubit statevector (shots=None)
  Reconstruction: qcut_processing_fn (tensor contraction)
  Observable   : per-circuit Pauli string stored in CircuitSpec.observable
  Error        : |perf_exp_val - result|

CONFIGURATION
------------------------------------------------------------------------
  Shots (B)                 : 10000
  Noisy backend             : 'aer.fake_kyoto'
  Ideal backend             : 'aer.perfect'
  Simulator seed            : 42
  Output dir                : PosixPath('results/new/stable_shots_02/10000_shots/kyoto/12_qubits')
  2q-gate alpha             : 0.8
  Incr. batch shots         : 50
  Incr. threshold           : 0.03
  Incr. offset              : 3
  Incr. stability k         : 3
  Incr. stopping criterion  : 'delta'
  Incr. distance metric     : 'tvd'
  Incr. window size         : 3
  Incr. EWMA alpha          : 0.5
  Selected modes            : noisy_vanilla, cut_divided_budget, cut_qubit_prop, cut_incremental_budget, cut_incremental_qubit_prop

SUMMARY
------------------------------------------------------------------------
Total: 50  ok: 50  failed: 0

RESULTS BY CIRCUIT
------------------------------------------------------------------------
  12q / 0_Clifford+T_001
    ✓ [  18.3s]  noisy_vanilla
    ✓ [  27.6s]  cut_divided_budget
    ✓ [  20.5s]  cut_qubit_prop
    ✓ [ 378.5s]  cut_incremental_budget
    ✓ [ 440.3s]  cut_incremental_qubit_prop

  12q / 1_Clifford+T_002
    ✓ [  19.5s]  noisy_vanilla
    ✓ [ 106.3s]  cut_divided_budget
    ✓ [  87.5s]  cut_qubit_prop
    ✓ [ 584.0s]  cut_incremental_budget
    ✓ [ 546.1s]  cut_incremental_qubit_prop

  12q / 2_Clifford+T_004
    ✓ [  19.4s]  noisy_vanilla
    ✓ [  35.6s]  cut_divided_budget
    ✓ [  35.4s]  cut_qubit_prop
    ✓ [ 292.8s]  cut_incremental_budget
    ✓ [ 477.0s]  cut_incremental_qubit_prop

  12q / 3_Clifford+T_006
    ✓ [  15.8s]  noisy_vanilla
    ✓ [  33.0s]  cut_divided_budget
    ✓ [  20.6s]  cut_qubit_prop
    ✓ [ 371.4s]  cut_incremental_budget
    ✓ [ 386.8s]  cut_incremental_qubit_prop

  12q / 4_Clifford+T_011
    ✓ [  19.9s]  noisy_vanilla
    ✓ [  84.7s]  cut_divided_budget
    ✓ [  70.9s]  cut_qubit_prop
    ✓ [ 355.7s]  cut_incremental_budget
    ✓ [ 340.0s]  cut_incremental_qubit_prop

  12q / 5_Clifford+T_013
    ✓ [  17.3s]  noisy_vanilla
    ✓ [  89.7s]  cut_divided_budget
    ✓ [  82.8s]  cut_qubit_prop
    ✓ [ 599.3s]  cut_incremental_budget
    ✓ [ 498.0s]  cut_incremental_qubit_prop

  12q / 6_Clifford+T_015
    ✓ [   9.0s]  noisy_vanilla
    ✓ [  19.7s]  cut_divided_budget
    ✓ [  12.2s]  cut_qubit_prop
    ✓ [ 345.0s]  cut_incremental_budget
    ✓ [ 294.4s]  cut_incremental_qubit_prop

  12q / 7_Clifford+T_019
    ✓ [   9.4s]  noisy_vanilla
    ✓ [  12.2s]  cut_divided_budget
    ✓ [   3.4s]  cut_qubit_prop
    ✓ [  63.0s]  cut_incremental_budget
    ✓ [  78.6s]  cut_incremental_qubit_prop

  12q / 8_Clifford+T_021
    ✓ [  14.5s]  noisy_vanilla
    ✓ [  31.6s]  cut_divided_budget
    ✓ [  20.2s]  cut_qubit_prop
    ✓ [ 312.7s]  cut_incremental_budget
    ✓ [ 293.6s]  cut_incremental_qubit_prop

  12q / 9_Clifford+T_025
    ✓ [   7.9s]  noisy_vanilla
    ✓ [  60.0s]  cut_divided_budget
    ✓ [  51.7s]  cut_qubit_prop
    ✓ [ 354.1s]  cut_incremental_budget
    ✓ [ 450.6s]  cut_incremental_qubit_prop

========================================================================
