========================================================================
CUTTABLE CIRCUIT BENCHMARK RUN REPORT
Timestamp : 2026-06-18 01:43:37
========================================================================

DESIGN
------------------------------------------------------------------------
  Input        : valid_circuits.pkl produced by generate_and_cut.py
  Cut strategy : find_and_place_cuts + CutStrategy(min_free_wires=2)
  Ground truth : PennyLane default.qubit statevector (shots=None)
  Reconstruction: qcut_processing_fn (tensor contraction)
  Observable   : per-circuit Pauli string stored in CircuitSpec.observable
  Error        : |perf_exp_val - result|

CONFIGURATION
------------------------------------------------------------------------
  Shots (B)                 : 10000
  Noisy backend             : 'aer.fake_sherbrooke'
  Ideal backend             : 'aer.perfect'
  Simulator seed            : 42
  Output dir                : PosixPath('results/new/stable_shots3/10000_shots/sherbrooke/13_qubits')
  2q-gate alpha             : 0.8
  Incr. batch shots         : 50
  Incr. threshold           : 0.05
  Incr. offset              : 3
  Incr. stability k         : 5
  Incr. stopping criterion  : 'delta'
  Incr. distance metric     : 'tvd'
  Incr. window size         : 3
  Incr. EWMA alpha          : 0.5
  Selected modes            : noisy_vanilla, cut_divided_budget, cut_qubit_prop, cut_incremental_budget, cut_incremental_qubit_prop

SUMMARY
------------------------------------------------------------------------
Total: 50  ok: 50  failed: 0

RESULTS BY CIRCUIT
------------------------------------------------------------------------
  13q / 0_Clifford+T_002
    ✓ [  30.1s]  noisy_vanilla
    ✓ [  30.1s]  cut_divided_budget
    ✓ [  24.7s]  cut_qubit_prop
    ✓ [ 148.2s]  cut_incremental_budget
    ✓ [ 148.7s]  cut_incremental_qubit_prop

  13q / 1_Clifford+T_004
    ✓ [  29.5s]  noisy_vanilla
    ✓ [  18.0s]  cut_divided_budget
    ✓ [  13.3s]  cut_qubit_prop
    ✓ [ 252.1s]  cut_incremental_budget
    ✓ [ 195.6s]  cut_incremental_qubit_prop

  13q / 2_Clifford+T_007
    ✓ [  40.2s]  noisy_vanilla
    ✓ [  17.3s]  cut_divided_budget
    ✓ [  10.2s]  cut_qubit_prop
    ✓ [ 193.0s]  cut_incremental_budget
    ✓ [ 230.4s]  cut_incremental_qubit_prop

  13q / 3_Clifford+T_010
    ✓ [  74.5s]  noisy_vanilla
    ✓ [  35.8s]  cut_divided_budget
    ✓ [  28.8s]  cut_qubit_prop
    ✓ [ 308.8s]  cut_incremental_budget
    ✓ [ 288.2s]  cut_incremental_qubit_prop

  13q / 4_Clifford+T_012
    ✓ [  29.2s]  noisy_vanilla
    ✓ [  21.8s]  cut_divided_budget
    ✓ [  17.0s]  cut_qubit_prop
    ✓ [ 181.6s]  cut_incremental_budget
    ✓ [ 179.6s]  cut_incremental_qubit_prop

  13q / 5_Clifford+T_014
    ✓ [  37.4s]  noisy_vanilla
    ✓ [  54.3s]  cut_divided_budget
    ✓ [  43.4s]  cut_qubit_prop
    ✓ [ 460.3s]  cut_incremental_budget
    ✓ [ 318.9s]  cut_incremental_qubit_prop

  13q / 6_Clifford+T_015
    ✓ [  30.8s]  noisy_vanilla
    ✓ [  21.9s]  cut_divided_budget
    ✓ [  10.1s]  cut_qubit_prop
    ✓ [ 149.9s]  cut_incremental_budget
    ✓ [ 143.7s]  cut_incremental_qubit_prop

  13q / 7_Clifford+T_016
    ✓ [  31.4s]  noisy_vanilla
    ✓ [  17.2s]  cut_divided_budget
    ✓ [  10.3s]  cut_qubit_prop
    ✓ [ 134.7s]  cut_incremental_budget
    ✓ [ 127.0s]  cut_incremental_qubit_prop

  13q / 8_Clifford+T_017
    ✓ [  32.2s]  noisy_vanilla
    ✓ [  16.9s]  cut_divided_budget
    ✓ [  10.3s]  cut_qubit_prop
    ✓ [ 133.3s]  cut_incremental_budget
    ✓ [ 135.0s]  cut_incremental_qubit_prop

  13q / 9_Clifford+T_020
    ✓ [  37.9s]  noisy_vanilla
    ✓ [  32.7s]  cut_divided_budget
    ✓ [  27.9s]  cut_qubit_prop
    ✓ [ 178.7s]  cut_incremental_budget
    ✓ [ 171.0s]  cut_incremental_qubit_prop

========================================================================
