========================================================================
CUTTABLE CIRCUIT BENCHMARK RUN REPORT
Timestamp : 2026-06-17 20:44:28
========================================================================

DESIGN
------------------------------------------------------------------------
  Input        : valid_circuits.pkl produced by generate_and_cut.py
  Cut strategy : find_and_place_cuts + CutStrategy(min_free_wires=2)
  Ground truth : PennyLane default.qubit statevector (shots=None)
  Reconstruction: qcut_processing_fn (tensor contraction)
  Observable   : per-circuit Pauli string stored in CircuitSpec.observable
  Error        : |perf_exp_val - result|

CONFIGURATION
------------------------------------------------------------------------
  Shots (B)                 : 5000
  Noisy backend             : 'aer.fake_kawasaki'
  Ideal backend             : 'aer.perfect'
  Simulator seed            : 42
  Output dir                : PosixPath('results/new/stable_shots3/5000_shots/kawasaki/11_qubits')
  2q-gate alpha             : 0.8
  Incr. batch shots         : 50
  Incr. threshold           : 0.05
  Incr. offset              : 3
  Incr. stability k         : 5
  Incr. stopping criterion  : 'delta'
  Incr. distance metric     : 'tvd'
  Incr. window size         : 3
  Incr. EWMA alpha          : 0.5
  Selected modes            : noisy_vanilla, cut_divided_budget, cut_qubit_prop, cut_incremental_budget, cut_incremental_qubit_prop

SUMMARY
------------------------------------------------------------------------
Total: 50  ok: 50  failed: 0

RESULTS BY CIRCUIT
------------------------------------------------------------------------
  11q / 0_Clifford+T_001
    ✓ [   6.2s]  noisy_vanilla
    ✓ [  73.3s]  cut_divided_budget
    ✓ [  52.8s]  cut_qubit_prop
    ✓ [ 253.6s]  cut_incremental_budget
    ✓ [ 242.5s]  cut_incremental_qubit_prop

  11q / 1_Clifford+T_002
    ✓ [   5.7s]  noisy_vanilla
    ✓ [  75.5s]  cut_divided_budget
    ✓ [ 118.0s]  cut_qubit_prop
    ✓ [ 233.7s]  cut_incremental_budget
    ✓ [ 234.1s]  cut_incremental_qubit_prop

  11q / 2_Clifford+T_011
    ✓ [   6.4s]  noisy_vanilla
    ✓ [  28.9s]  cut_divided_budget
    ✓ [  17.2s]  cut_qubit_prop
    ✓ [ 161.1s]  cut_incremental_budget
    ✓ [ 136.6s]  cut_incremental_qubit_prop

  11q / 3_Clifford+T_015
    ✓ [   2.9s]  noisy_vanilla
    ✓ [  26.7s]  cut_divided_budget
    ✓ [  12.3s]  cut_qubit_prop
    ✓ [ 186.4s]  cut_incremental_budget
    ✓ [ 203.9s]  cut_incremental_qubit_prop

  11q / 4_Clifford+T_017
    ✓ [   5.2s]  noisy_vanilla
    ✓ [  27.0s]  cut_divided_budget
    ✓ [  18.1s]  cut_qubit_prop
    ✓ [ 148.9s]  cut_incremental_budget
    ✓ [  99.8s]  cut_incremental_qubit_prop

  11q / 5_Clifford+T_025
    ✓ [   3.0s]  noisy_vanilla
    ✓ [  20.6s]  cut_divided_budget
    ✓ [  10.0s]  cut_qubit_prop
    ✓ [ 116.3s]  cut_incremental_budget
    ✓ [ 136.1s]  cut_incremental_qubit_prop

  11q / 6_Clifford+T_026
    ✓ [   6.1s]  noisy_vanilla
    ✓ [  30.6s]  cut_divided_budget
    ✓ [  15.8s]  cut_qubit_prop
    ✓ [ 180.7s]  cut_incremental_budget
    ✓ [ 225.8s]  cut_incremental_qubit_prop

  11q / 7_Clifford+T_029
    ✓ [   5.8s]  noisy_vanilla
    ✓ [  21.1s]  cut_divided_budget
    ✓ [  17.7s]  cut_qubit_prop
    ✓ [ 207.1s]  cut_incremental_budget
    ✓ [ 188.3s]  cut_incremental_qubit_prop

  11q / 8_Clifford+T_030
    ✓ [   5.4s]  noisy_vanilla
    ✓ [  23.1s]  cut_divided_budget
    ✓ [  12.7s]  cut_qubit_prop
    ✓ [ 174.3s]  cut_incremental_budget
    ✓ [ 173.7s]  cut_incremental_qubit_prop

  11q / 9_Clifford+T_033
    ✓ [   5.1s]  noisy_vanilla
    ✓ [  24.1s]  cut_divided_budget
    ✓ [  16.9s]  cut_qubit_prop
    ✓ [ 173.1s]  cut_incremental_budget
    ✓ [ 153.7s]  cut_incremental_qubit_prop

========================================================================
