========================================================================
CUTTABLE CIRCUIT BENCHMARK RUN REPORT
Timestamp : 2026-06-18 07:08:56
========================================================================

DESIGN
------------------------------------------------------------------------
  Input        : valid_circuits.pkl produced by generate_and_cut.py
  Cut strategy : find_and_place_cuts + CutStrategy(min_free_wires=2)
  Ground truth : PennyLane default.qubit statevector (shots=None)
  Reconstruction: qcut_processing_fn (tensor contraction)
  Observable   : per-circuit Pauli string stored in CircuitSpec.observable
  Error        : |perf_exp_val - result|

CONFIGURATION
------------------------------------------------------------------------
  Shots (B)                 : 20000
  Noisy backend             : 'aer.fake_torino'
  Ideal backend             : 'aer.perfect'
  Simulator seed            : 42
  Output dir                : PosixPath('results/new/stable_shots3/20000_shots/torino/13_qubits')
  2q-gate alpha             : 0.8
  Incr. batch shots         : 50
  Incr. threshold           : 0.05
  Incr. offset              : 3
  Incr. stability k         : 5
  Incr. stopping criterion  : 'delta'
  Incr. distance metric     : 'tvd'
  Incr. window size         : 3
  Incr. EWMA alpha          : 0.5
  Selected modes            : noisy_vanilla, cut_divided_budget, cut_qubit_prop, cut_incremental_budget, cut_incremental_qubit_prop

SUMMARY
------------------------------------------------------------------------
Total: 50  ok: 50  failed: 0

RESULTS BY CIRCUIT
------------------------------------------------------------------------
  13q / 0_Clifford+T_002
    ✓ [  33.0s]  noisy_vanilla
    ✓ [  59.1s]  cut_divided_budget
    ✓ [  71.9s]  cut_qubit_prop
    ✓ [ 431.5s]  cut_incremental_budget
    ✓ [ 436.9s]  cut_incremental_qubit_prop

  13q / 1_Clifford+T_004
    ✓ [  62.5s]  noisy_vanilla
    ✓ [  34.1s]  cut_divided_budget
    ✓ [  19.8s]  cut_qubit_prop
    ✓ [ 390.4s]  cut_incremental_budget
    ✓ [ 392.5s]  cut_incremental_qubit_prop

  13q / 2_Clifford+T_007
    ✓ [  41.5s]  noisy_vanilla
    ✓ [  26.0s]  cut_divided_budget
    ✓ [  19.3s]  cut_qubit_prop
    ✓ [ 333.5s]  cut_incremental_budget
    ✓ [ 454.8s]  cut_incremental_qubit_prop

  13q / 3_Clifford+T_010
    ✓ [  76.3s]  noisy_vanilla
    ✓ [  54.3s]  cut_divided_budget
    ✓ [  48.0s]  cut_qubit_prop
    ✓ [ 600.4s]  cut_incremental_budget
    ✓ [ 548.5s]  cut_incremental_qubit_prop

  13q / 4_Clifford+T_012
    ✓ [  51.6s]  noisy_vanilla
    ✓ [  47.3s]  cut_divided_budget
    ✓ [  40.6s]  cut_qubit_prop
    ✓ [ 468.8s]  cut_incremental_budget
    ✓ [ 443.6s]  cut_incremental_qubit_prop

  13q / 5_Clifford+T_014
    ✓ [  38.2s]  noisy_vanilla
    ✓ [  83.8s]  cut_divided_budget
    ✓ [  76.9s]  cut_qubit_prop
    ✓ [1008.8s]  cut_incremental_budget
    ✓ [ 971.5s]  cut_incremental_qubit_prop

  13q / 6_Clifford+T_015
    ✓ [  32.2s]  noisy_vanilla
    ✓ [  31.8s]  cut_divided_budget
    ✓ [  19.2s]  cut_qubit_prop
    ✓ [ 318.1s]  cut_incremental_budget
    ✓ [ 345.3s]  cut_incremental_qubit_prop

  13q / 7_Clifford+T_016
    ✓ [  67.4s]  noisy_vanilla
    ✓ [  39.2s]  cut_divided_budget
    ✓ [  31.6s]  cut_qubit_prop
    ✓ [ 378.8s]  cut_incremental_budget
    ✓ [ 328.6s]  cut_incremental_qubit_prop

  13q / 8_Clifford+T_017
    ✓ [  33.3s]  noisy_vanilla
    ✓ [  40.7s]  cut_divided_budget
    ✓ [  31.1s]  cut_qubit_prop
    ✓ [ 323.9s]  cut_incremental_budget
    ✓ [ 255.9s]  cut_incremental_qubit_prop

  13q / 9_Clifford+T_020
    ✓ [  39.4s]  noisy_vanilla
    ✓ [  45.6s]  cut_divided_budget
    ✓ [  55.1s]  cut_qubit_prop
    ✓ [ 303.6s]  cut_incremental_budget
    ✓ [ 269.2s]  cut_incremental_qubit_prop

========================================================================
