========================================================================
CUTTABLE CIRCUIT BENCHMARK RUN REPORT
Timestamp : 2026-06-12 14:18:43
========================================================================

DESIGN
------------------------------------------------------------------------
  Input        : valid_circuits.pkl produced by generate_and_cut.py
  Cut strategy : find_and_place_cuts + CutStrategy(min_free_wires=2)
  Ground truth : PennyLane default.qubit statevector (shots=None)
  Reconstruction: qcut_processing_fn (tensor contraction)
  Observable   : per-circuit Pauli string stored in CircuitSpec.observable
  Error        : |perf_exp_val - result|

CONFIGURATION
------------------------------------------------------------------------
  Shots (B)                 : 5000
  Noisy backend             : 'aer.fake_kawasaki'
  Ideal backend             : 'aer.perfect'
  Simulator seed            : 42
  Output dir                : PosixPath('results/new/stable_shots_runs_10-14q_no_vanilla/5000_shots/kawasaki/12_qubits')
  2q-gate alpha             : 0.8
  Incr. batch shots         : 50
  Incr. threshold           : 0.0005
  Incr. offset              : 2
  Incr. stability k         : 5
  Incr. stopping criterion  : 'delta'
  Incr. distance metric     : 'tvd'
  Incr. window size         : 3
  Incr. EWMA alpha          : 0.5
  Selected modes            : cut_divided_budget, cut_qubit_prop, cut_incremental_budget, cut_incremental_qubit_prop

SUMMARY
------------------------------------------------------------------------
Total: 40  ok: 40  failed: 0

RESULTS BY CIRCUIT
------------------------------------------------------------------------
  12q / 0_Clifford+T_001
    ✓ [  15.0s]  cut_divided_budget
    ✓ [   8.6s]  cut_qubit_prop
    ✓ [ 113.4s]  cut_incremental_budget
    ✓ [ 114.3s]  cut_incremental_qubit_prop

  12q / 1_Clifford+T_002
    ✓ [  44.0s]  cut_divided_budget
    ✓ [  38.3s]  cut_qubit_prop
    ✓ [ 142.9s]  cut_incremental_budget
    ✓ [ 127.0s]  cut_incremental_qubit_prop

  12q / 2_Clifford+T_004
    ✓ [  17.4s]  cut_divided_budget
    ✓ [  12.5s]  cut_qubit_prop
    ✓ [ 116.1s]  cut_incremental_budget
    ✓ [ 119.5s]  cut_incremental_qubit_prop

  12q / 3_Clifford+T_006
    ✓ [  15.7s]  cut_divided_budget
    ✓ [   9.0s]  cut_qubit_prop
    ✓ [ 115.1s]  cut_incremental_budget
    ✓ [ 116.7s]  cut_incremental_qubit_prop

  12q / 4_Clifford+T_011
    ✓ [  44.3s]  cut_divided_budget
    ✓ [  38.8s]  cut_qubit_prop
    ✓ [ 143.2s]  cut_incremental_budget
    ✓ [ 128.9s]  cut_incremental_qubit_prop

  12q / 5_Clifford+T_013
    ✓ [  42.3s]  cut_divided_budget
    ✓ [  35.4s]  cut_qubit_prop
    ✓ [ 144.7s]  cut_incremental_budget
    ✓ [ 127.3s]  cut_incremental_qubit_prop

  12q / 6_Clifford+T_015
    ✓ [  15.4s]  cut_divided_budget
    ✓ [   8.7s]  cut_qubit_prop
    ✓ [ 115.6s]  cut_incremental_budget
    ✓ [ 116.1s]  cut_incremental_qubit_prop

  12q / 7_Clifford+T_019
    ✓ [  10.1s]  cut_divided_budget
    ✓ [   2.8s]  cut_qubit_prop
    ✓ [ 116.9s]  cut_incremental_budget
    ✓ [ 116.4s]  cut_incremental_qubit_prop

  12q / 8_Clifford+T_021
    ✓ [  15.1s]  cut_divided_budget
    ✓ [   8.6s]  cut_qubit_prop
    ✓ [ 117.6s]  cut_incremental_budget
    ✓ [ 117.9s]  cut_incremental_qubit_prop

  12q / 9_Clifford+T_025
    ✓ [  42.5s]  cut_divided_budget
    ✓ [  35.7s]  cut_qubit_prop
    ✓ [ 143.2s]  cut_incremental_budget
    ✓ [ 144.3s]  cut_incremental_qubit_prop

========================================================================
