========================================================================
CUTTABLE CIRCUIT BENCHMARK RUN REPORT
Timestamp : 2026-06-18 02:30:43
========================================================================

DESIGN
------------------------------------------------------------------------
  Input        : valid_circuits.pkl produced by generate_and_cut.py
  Cut strategy : find_and_place_cuts + CutStrategy(min_free_wires=2)
  Ground truth : PennyLane default.qubit statevector (shots=None)
  Reconstruction: qcut_processing_fn (tensor contraction)
  Observable   : per-circuit Pauli string stored in CircuitSpec.observable
  Error        : |perf_exp_val - result|

CONFIGURATION
------------------------------------------------------------------------
  Shots (B)                 : 10000
  Noisy backend             : 'aer.fake_kawasaki'
  Ideal backend             : 'aer.perfect'
  Simulator seed            : 42
  Output dir                : PosixPath('results/new/stable_shots3/10000_shots/kawasaki/10_qubits')
  2q-gate alpha             : 0.8
  Incr. batch shots         : 50
  Incr. threshold           : 0.05
  Incr. offset              : 3
  Incr. stability k         : 5
  Incr. stopping criterion  : 'delta'
  Incr. distance metric     : 'tvd'
  Incr. window size         : 3
  Incr. EWMA alpha          : 0.5
  Selected modes            : noisy_vanilla, cut_divided_budget, cut_qubit_prop, cut_incremental_budget, cut_incremental_qubit_prop

SUMMARY
------------------------------------------------------------------------
Total: 50  ok: 50  failed: 0

RESULTS BY CIRCUIT
------------------------------------------------------------------------
  10q / 0_Clifford+T_001
    ✓ [   1.9s]  noisy_vanilla
    ✓ [  50.2s]  cut_divided_budget
    ✓ [  42.4s]  cut_qubit_prop
    ✓ [ 338.4s]  cut_incremental_budget
    ✓ [ 347.9s]  cut_incremental_qubit_prop

  10q / 1_Clifford+T_004
    ✓ [   2.9s]  noisy_vanilla
    ✓ [  29.7s]  cut_divided_budget
    ✓ [  17.4s]  cut_qubit_prop
    ✓ [ 271.0s]  cut_incremental_budget
    ✓ [ 306.6s]  cut_incremental_qubit_prop

  10q / 2_Clifford+T_008
    ✓ [   1.9s]  noisy_vanilla
    ✓ [  49.4s]  cut_divided_budget
    ✓ [  53.9s]  cut_qubit_prop
    ✓ [ 458.7s]  cut_incremental_budget
    ✓ [ 412.4s]  cut_incremental_qubit_prop

  10q / 3_Clifford+T_015
    ✓ [   1.7s]  noisy_vanilla
    ✓ [  17.2s]  cut_divided_budget
    ✓ [  10.2s]  cut_qubit_prop
    ✓ [ 131.6s]  cut_incremental_budget
    ✓ [ 139.2s]  cut_incremental_qubit_prop

  10q / 4_Clifford+T_024
    ✓ [   1.9s]  noisy_vanilla
    ✓ [  49.5s]  cut_divided_budget
    ✓ [  47.4s]  cut_qubit_prop
    ✓ [ 292.4s]  cut_incremental_budget
    ✓ [ 395.5s]  cut_incremental_qubit_prop

  10q / 5_Clifford+T_026
    ✓ [   1.6s]  noisy_vanilla
    ✓ [  52.8s]  cut_divided_budget
    ✓ [  56.3s]  cut_qubit_prop
    ✓ [ 383.0s]  cut_incremental_budget
    ✓ [ 468.5s]  cut_incremental_qubit_prop

  10q / 6_Clifford+T_032
    ✓ [   3.0s]  noisy_vanilla
    ✓ [  21.7s]  cut_divided_budget
    ✓ [  10.8s]  cut_qubit_prop
    ✓ [ 122.1s]  cut_incremental_budget
    ✓ [ 111.9s]  cut_incremental_qubit_prop

  10q / 7_Clifford+T_033
    ✓ [   1.9s]  noisy_vanilla
    ✓ [  17.8s]  cut_divided_budget
    ✓ [  10.5s]  cut_qubit_prop
    ✓ [ 108.9s]  cut_incremental_budget
    ✓ [ 118.1s]  cut_incremental_qubit_prop

  10q / 8_Clifford+T_039
    ✓ [   1.7s]  noisy_vanilla
    ✓ [  56.8s]  cut_divided_budget
    ✓ [  43.2s]  cut_qubit_prop
    ✓ [ 294.6s]  cut_incremental_budget
    ✓ [ 337.9s]  cut_incremental_qubit_prop

  10q / 9_Clifford+T_041
    ✓ [   1.6s]  noisy_vanilla
    ✓ [  21.7s]  cut_divided_budget
    ✓ [  10.0s]  cut_qubit_prop
    ✓ [ 119.7s]  cut_incremental_budget
    ✓ [ 122.8s]  cut_incremental_qubit_prop

========================================================================
