========================================================================
CUTTABLE CIRCUIT BENCHMARK RUN REPORT
Timestamp : 2026-05-26 09:04:01
========================================================================

DESIGN
------------------------------------------------------------------------
  Input        : valid_circuits.pkl produced by generate_and_cut.py
  Cut strategy : find_and_place_cuts + CutStrategy(min_free_wires=2)
  Ground truth : PennyLane default.qubit statevector (shots=None)
  Reconstruction: qcut_processing_fn (tensor contraction)
  Observable   : per-circuit Pauli string stored in CircuitSpec.observable
  Error        : |perf_exp_val - result|

CONFIGURATION
------------------------------------------------------------------------
  Shots (B)                 : 20000
  Noisy backend             : 'aer.fake_sherbrooke'
  Ideal backend             : 'aer.perfect'
  Simulator seed            : 42
  Output dir                : PosixPath('results/new/ewma_20k_sherbrooke_paper/13_qubits')
  2q-gate alpha             : 0.8
  Incr. batch shots         : 100
  Incr. threshold           : 0.01
  Incr. offset              : 3
  Incr. stability k         : 3
  Incr. stopping criterion  : 'ewma'
  Incr. distance metric     : 'tvd'
  Incr. window size         : 3
  Incr. EWMA alpha          : 0.5
  Selected modes            : noisy_vanilla, cut_divided_budget, cut_qubit_prop, cut_incremental_budget, cut_incremental_qubit_prop

SUMMARY
------------------------------------------------------------------------
Total: 50  ok: 50  failed: 0

RESULTS BY CIRCUIT
------------------------------------------------------------------------
  13q / 0_Clifford+T_002
    ✓ [   7.6s]  noisy_vanilla
    ✓ [  27.9s]  cut_divided_budget
    ✓ [  20.8s]  cut_qubit_prop
    ✓ [ 237.1s]  cut_incremental_budget
    ✓ [ 368.9s]  cut_incremental_qubit_prop

  13q / 1_Clifford+T_004
    ✓ [   8.5s]  noisy_vanilla
    ✓ [  25.8s]  cut_divided_budget
    ✓ [  15.2s]  cut_qubit_prop
    ✓ [ 304.3s]  cut_incremental_budget
    ✓ [ 377.2s]  cut_incremental_qubit_prop

  13q / 2_Clifford+T_007
    ✓ [  11.3s]  noisy_vanilla
    ✓ [  31.2s]  cut_divided_budget
    ✓ [  16.5s]  cut_qubit_prop
    ✓ [ 354.0s]  cut_incremental_budget
    ✓ [ 362.8s]  cut_incremental_qubit_prop

  13q / 3_Clifford+T_010
    ✓ [   8.7s]  noisy_vanilla
    ✓ [  28.7s]  cut_divided_budget
    ✓ [  27.9s]  cut_qubit_prop
    ✓ [ 308.4s]  cut_incremental_budget
    ✓ [ 375.8s]  cut_incremental_qubit_prop

  13q / 4_Clifford+T_012
    ✓ [   6.6s]  noisy_vanilla
    ✓ [  24.2s]  cut_divided_budget
    ✓ [  14.5s]  cut_qubit_prop
    ✓ [ 314.0s]  cut_incremental_budget
    ✓ [ 396.9s]  cut_incremental_qubit_prop

  13q / 5_Clifford+T_014
    ✓ [   9.0s]  noisy_vanilla
    ✓ [  74.7s]  cut_divided_budget
    ✓ [  63.9s]  cut_qubit_prop
    ✓ [ 405.6s]  cut_incremental_budget
    ✓ [ 378.3s]  cut_incremental_qubit_prop

  13q / 6_Clifford+T_015
    ✓ [   8.6s]  noisy_vanilla
    ✓ [  28.9s]  cut_divided_budget
    ✓ [  24.5s]  cut_qubit_prop
    ✓ [ 486.3s]  cut_incremental_budget
    ✓ [ 414.9s]  cut_incremental_qubit_prop

  13q / 7_Clifford+T_016
    ✓ [   8.0s]  noisy_vanilla
    ✓ [  25.4s]  cut_divided_budget
    ✓ [  16.2s]  cut_qubit_prop
    ✓ [ 322.5s]  cut_incremental_budget
    ✓ [ 394.6s]  cut_incremental_qubit_prop

  13q / 8_Clifford+T_017
    ✓ [   8.8s]  noisy_vanilla
    ✓ [  25.3s]  cut_divided_budget
    ✓ [  16.0s]  cut_qubit_prop
    ✓ [ 280.9s]  cut_incremental_budget
    ✓ [ 337.9s]  cut_incremental_qubit_prop

  13q / 9_Clifford+T_020
    ✓ [  11.0s]  noisy_vanilla
    ✓ [  33.3s]  cut_divided_budget
    ✓ [  24.3s]  cut_qubit_prop
    ✓ [ 301.9s]  cut_incremental_budget
    ✓ [ 509.6s]  cut_incremental_qubit_prop

========================================================================
