========================================================================
CUTTABLE CIRCUIT BENCHMARK RUN REPORT
Timestamp : 2026-05-25 16:02:40
========================================================================

DESIGN
------------------------------------------------------------------------
  Input        : valid_circuits.pkl produced by generate_and_cut.py
  Cut strategy : find_and_place_cuts + CutStrategy(min_free_wires=2)
  Ground truth : PennyLane default.qubit statevector (shots=None)
  Reconstruction: qcut_processing_fn (tensor contraction)
  Observable   : per-circuit Pauli string stored in CircuitSpec.observable
  Error        : |perf_exp_val - result|

CONFIGURATION
------------------------------------------------------------------------
  Shots (B)                 : 30000
  Noisy backend             : 'aer.fake_torino'
  Ideal backend             : 'aer.perfect'
  Simulator seed            : 42
  Output dir                : PosixPath('results/new/ewma_01/07_qubits')
  2q-gate alpha             : 0.8
  Incr. batch shots         : 50
  Incr. threshold           : 0.01
  Incr. offset              : 3
  Incr. stability k         : 3
  Incr. stopping criterion  : 'ewma'
  Incr. distance metric     : 'tvd'
  Incr. window size         : 3
  Incr. EWMA alpha          : 0.5
  Selected modes            : noisy_vanilla, cut_divided_budget, cut_qubit_prop, cut_incremental_budget, cut_incremental_qubit_prop

SUMMARY
------------------------------------------------------------------------
Total: 50  ok: 50  failed: 0

RESULTS BY CIRCUIT
------------------------------------------------------------------------
  7q / 0_Clifford+T_004
    ✓ [   2.9s]  noisy_vanilla
    ✓ [  83.5s]  cut_divided_budget
    ✓ [  75.0s]  cut_qubit_prop
    ✓ [1453.1s]  cut_incremental_budget
    ✓ [1579.8s]  cut_incremental_qubit_prop

  7q / 1_Clifford+T_022
    ✓ [   2.2s]  noisy_vanilla
    ✓ [  94.4s]  cut_divided_budget
    ✓ [  83.9s]  cut_qubit_prop
    ✓ [1539.3s]  cut_incremental_budget
    ✓ [1548.6s]  cut_incremental_qubit_prop

  7q / 2_Clifford+T_025
    ✓ [   2.5s]  noisy_vanilla
    ✓ [  87.1s]  cut_divided_budget
    ✓ [  74.6s]  cut_qubit_prop
    ✓ [1488.3s]  cut_incremental_budget
    ✓ [1597.6s]  cut_incremental_qubit_prop

  7q / 3_Clifford+T_033
    ✓ [   2.5s]  noisy_vanilla
    ✓ [  86.0s]  cut_divided_budget
    ✓ [  75.8s]  cut_qubit_prop
    ✓ [1538.5s]  cut_incremental_budget
    ✓ [1678.5s]  cut_incremental_qubit_prop

  7q / 4_Clifford+T_035
    ✓ [   4.6s]  noisy_vanilla
    ✓ [  33.1s]  cut_divided_budget
    ✓ [  24.3s]  cut_qubit_prop
    ✓ [ 446.7s]  cut_incremental_budget
    ✓ [ 532.1s]  cut_incremental_qubit_prop

  7q / 5_Clifford+T_048
    ✓ [   2.0s]  noisy_vanilla
    ✓ [  88.7s]  cut_divided_budget
    ✓ [  83.7s]  cut_qubit_prop
    ✓ [1560.4s]  cut_incremental_budget
    ✓ [1521.0s]  cut_incremental_qubit_prop

  7q / 6_Clifford+T_053
    ✓ [   2.5s]  noisy_vanilla
    ✓ [  83.6s]  cut_divided_budget
    ✓ [  93.2s]  cut_qubit_prop
    ✓ [1498.9s]  cut_incremental_budget
    ✓ [1639.1s]  cut_incremental_qubit_prop

  7q / 7_Clifford+T_055
    ✓ [   2.7s]  noisy_vanilla
    ✓ [  89.7s]  cut_divided_budget
    ✓ [  82.7s]  cut_qubit_prop
    ✓ [1874.1s]  cut_incremental_budget
    ✓ [1802.2s]  cut_incremental_qubit_prop

  7q / 8_Clifford+T_059
    ✓ [   2.2s]  noisy_vanilla
    ✓ [  93.0s]  cut_divided_budget
    ✓ [  97.8s]  cut_qubit_prop
    ✓ [1754.6s]  cut_incremental_budget
    ✓ [1644.0s]  cut_incremental_qubit_prop

  7q / 9_Clifford+T_060
    ✓ [   3.4s]  noisy_vanilla
    ✓ [  94.7s]  cut_divided_budget
    ✓ [  80.7s]  cut_qubit_prop
    ✓ [1576.2s]  cut_incremental_budget
    ✓ [1493.1s]  cut_incremental_qubit_prop

========================================================================
