========================================================================
CUTTABLE CIRCUIT BENCHMARK RUN REPORT
Timestamp : 2026-06-08 17:36:32
========================================================================

DESIGN
------------------------------------------------------------------------
  Input        : valid_circuits.pkl produced by generate_and_cut.py
  Cut strategy : find_and_place_cuts + CutStrategy(min_free_wires=2)
  Ground truth : PennyLane default.qubit statevector (shots=None)
  Reconstruction: qcut_processing_fn (tensor contraction)
  Observable   : per-circuit Pauli string stored in CircuitSpec.observable
  Error        : |perf_exp_val - result|

CONFIGURATION
------------------------------------------------------------------------
  Shots (B)                 : 5000
  Noisy backend             : 'aer.fake_torino'
  Ideal backend             : 'aer.perfect'
  Simulator seed            : 42
  Output dir                : PosixPath('results/new/ewma_5k_torino_01/10_qubits')
  2q-gate alpha             : 0.8
  Incr. batch shots         : 50
  Incr. threshold           : 0.03
  Incr. offset              : 3
  Incr. stability k         : 3
  Incr. stopping criterion  : 'ewma'
  Incr. distance metric     : 'tvd'
  Incr. window size         : 3
  Incr. EWMA alpha          : 0.5
  Selected modes            : noisy_vanilla, cut_divided_budget, cut_qubit_prop, cut_incremental_budget, cut_incremental_qubit_prop

SUMMARY
------------------------------------------------------------------------
Total: 50  ok: 50  failed: 0

RESULTS BY CIRCUIT
------------------------------------------------------------------------
  10q / 0_Clifford+T_001
    ✓ [   3.0s]  noisy_vanilla
    ✓ [ 118.0s]  cut_divided_budget
    ✓ [  84.6s]  cut_qubit_prop
    ✓ [ 344.1s]  cut_incremental_budget
    ✓ [ 307.8s]  cut_incremental_qubit_prop

  10q / 1_Clifford+T_004
    ✓ [   2.5s]  noisy_vanilla
    ✓ [  26.7s]  cut_divided_budget
    ✓ [  18.1s]  cut_qubit_prop
    ✓ [ 200.8s]  cut_incremental_budget
    ✓ [ 279.7s]  cut_incremental_qubit_prop

  10q / 2_Clifford+T_008
    ✓ [   2.9s]  noisy_vanilla
    ✓ [  90.8s]  cut_divided_budget
    ✓ [  88.6s]  cut_qubit_prop
    ✓ [ 324.3s]  cut_incremental_budget
    ✓ [ 270.7s]  cut_incremental_qubit_prop

  10q / 3_Clifford+T_015
    ✓ [   3.6s]  noisy_vanilla
    ✓ [  34.2s]  cut_divided_budget
    ✓ [  19.8s]  cut_qubit_prop
    ✓ [ 249.9s]  cut_incremental_budget
    ✓ [ 273.6s]  cut_incremental_qubit_prop

  10q / 4_Clifford+T_024
    ✓ [   2.5s]  noisy_vanilla
    ✓ [  93.0s]  cut_divided_budget
    ✓ [  80.1s]  cut_qubit_prop
    ✓ [ 336.3s]  cut_incremental_budget
    ✓ [ 263.6s]  cut_incremental_qubit_prop

  10q / 5_Clifford+T_026
    ✓ [   2.5s]  noisy_vanilla
    ✓ [  81.7s]  cut_divided_budget
    ✓ [  70.8s]  cut_qubit_prop
    ✓ [ 302.8s]  cut_incremental_budget
    ✓ [ 268.1s]  cut_incremental_qubit_prop

  10q / 6_Clifford+T_032
    ✓ [   2.8s]  noisy_vanilla
    ✓ [  34.7s]  cut_divided_budget
    ✓ [  24.9s]  cut_qubit_prop
    ✓ [ 220.2s]  cut_incremental_budget
    ✓ [ 218.0s]  cut_incremental_qubit_prop

  10q / 7_Clifford+T_033
    ✓ [   2.2s]  noisy_vanilla
    ✓ [  33.1s]  cut_divided_budget
    ✓ [  26.6s]  cut_qubit_prop
    ✓ [ 216.0s]  cut_incremental_budget
    ✓ [ 238.9s]  cut_incremental_qubit_prop

  10q / 8_Clifford+T_039
    ✓ [   2.4s]  noisy_vanilla
    ✓ [  88.4s]  cut_divided_budget
    ✓ [  72.4s]  cut_qubit_prop
    ✓ [ 302.8s]  cut_incremental_budget
    ✓ [ 268.9s]  cut_incremental_qubit_prop

  10q / 9_Clifford+T_041
    ✓ [   2.8s]  noisy_vanilla
    ✓ [  28.1s]  cut_divided_budget
    ✓ [  20.9s]  cut_qubit_prop
    ✓ [ 234.6s]  cut_incremental_budget
    ✓ [ 226.7s]  cut_incremental_qubit_prop

========================================================================
