========================================================================
CUTTABLE CIRCUIT BENCHMARK RUN REPORT
Timestamp : 2026-04-27 09:49:49
========================================================================

DESIGN
------------------------------------------------------------------------
  Input        : valid_circuits.pkl produced by generate_and_cut.py
  Cut strategy : find_and_place_cuts + CutStrategy(min_free_wires=2)
  Ground truth : PennyLane default.qubit statevector (shots=None)
  Reconstruction: qcut_processing_fn (tensor contraction)
  Observable   : per-circuit Pauli string stored in CircuitSpec.observable
  Error        : |perf_exp_val - result|

CONFIGURATION
------------------------------------------------------------------------
  Shots (B)                 : 20000
  Noisy backend             : 'aer.fake_torino'
  Ideal backend             : 'aer.perfect'
  Simulator seed            : 42
  Output dir                : PosixPath('results/20k_dma_01/13_qubits')
  2q-gate alpha             : 0.8
  Incr. batch shots         : 50
  Incr. threshold           : 0.01
  Incr. offset              : 2
  Incr. stability k         : 5
  Incr. stopping criterion  : 'dma'
  Incr. distance metric     : 'tvd'
  Incr. window size         : 3
  Incr. EWMA alpha          : 0.5
  Selected modes            : noisy_vanilla, cut_divided_budget, cut_qubit_prop, cut_incremental_budget, cut_incremental_qubit_prop

SUMMARY
------------------------------------------------------------------------
Total: 50  ok: 50  failed: 0

RESULTS BY CIRCUIT
------------------------------------------------------------------------
  13q / 0_Clifford+T_004
    ✓ [   8.8s]  noisy_vanilla
    ✓ [  29.5s]  cut_divided_budget
    ✓ [  29.5s]  cut_qubit_prop
    ✓ [ 195.2s]  cut_incremental_budget
    ✓ [ 193.6s]  cut_incremental_qubit_prop

  13q / 1_Clifford+T_010
    ✓ [   6.5s]  noisy_vanilla
    ✓ [  31.6s]  cut_divided_budget
    ✓ [  22.4s]  cut_qubit_prop
    ✓ [ 182.5s]  cut_incremental_budget
    ✓ [ 202.9s]  cut_incremental_qubit_prop

  13q / 2_Clifford+T_016
    ✓ [   6.0s]  noisy_vanilla
    ✓ [  28.6s]  cut_divided_budget
    ✓ [  21.9s]  cut_qubit_prop
    ✓ [ 183.2s]  cut_incremental_budget
    ✓ [ 186.4s]  cut_incremental_qubit_prop

  13q / 3_Clifford+T_022
    ✓ [   5.6s]  noisy_vanilla
    ✓ [  31.1s]  cut_divided_budget
    ✓ [  23.9s]  cut_qubit_prop
    ✓ [ 217.4s]  cut_incremental_budget
    ✓ [ 186.3s]  cut_incremental_qubit_prop

  13q / 4_Clifford+T_028
    ✓ [   5.8s]  noisy_vanilla
    ✓ [  28.4s]  cut_divided_budget
    ✓ [  26.9s]  cut_qubit_prop
    ✓ [ 177.7s]  cut_incremental_budget
    ✓ [ 174.9s]  cut_incremental_qubit_prop

  13q / 5_Clifford+T_076
    ✓ [   5.7s]  noisy_vanilla
    ✓ [  29.7s]  cut_divided_budget
    ✓ [  22.9s]  cut_qubit_prop
    ✓ [ 181.3s]  cut_incremental_budget
    ✓ [ 172.4s]  cut_incremental_qubit_prop

  13q / 6_Clifford+T_088
    ✓ [   5.7s]  noisy_vanilla
    ✓ [  26.8s]  cut_divided_budget
    ✓ [  18.7s]  cut_qubit_prop
    ✓ [ 205.2s]  cut_incremental_budget
    ✓ [ 176.5s]  cut_incremental_qubit_prop

  13q / 7_Clifford+T_094
    ✓ [   6.3s]  noisy_vanilla
    ✓ [  26.6s]  cut_divided_budget
    ✓ [  18.9s]  cut_qubit_prop
    ✓ [ 187.1s]  cut_incremental_budget
    ✓ [ 186.7s]  cut_incremental_qubit_prop

  13q / 8_Clifford+T_100
    ✓ [   5.5s]  noisy_vanilla
    ✓ [  28.6s]  cut_divided_budget
    ✓ [  20.4s]  cut_qubit_prop
    ✓ [ 205.7s]  cut_incremental_budget
    ✓ [ 184.6s]  cut_incremental_qubit_prop

  13q / 9_Clifford+T_118
    ✓ [   6.0s]  noisy_vanilla
    ✓ [  31.4s]  cut_divided_budget
    ✓ [  22.1s]  cut_qubit_prop
    ✓ [ 214.8s]  cut_incremental_budget
    ✓ [ 216.2s]  cut_incremental_qubit_prop

========================================================================
