========================================================================
CUTTABLE CIRCUIT BENCHMARK RUN REPORT
Timestamp : 2026-06-17 19:28:02
========================================================================

DESIGN
------------------------------------------------------------------------
  Input        : valid_circuits.pkl produced by generate_and_cut.py
  Cut strategy : find_and_place_cuts + CutStrategy(min_free_wires=2)
  Ground truth : PennyLane default.qubit statevector (shots=None)
  Reconstruction: qcut_processing_fn (tensor contraction)
  Observable   : per-circuit Pauli string stored in CircuitSpec.observable
  Error        : |perf_exp_val - result|

CONFIGURATION
------------------------------------------------------------------------
  Shots (B)                 : 5000
  Noisy backend             : 'aer.fake_torino'
  Ideal backend             : 'aer.perfect'
  Simulator seed            : 42
  Output dir                : PosixPath('results/new/stable_shots_02/5000_shots/torino/15_qubits')
  2q-gate alpha             : 0.8
  Incr. batch shots         : 50
  Incr. threshold           : 0.03
  Incr. offset              : 3
  Incr. stability k         : 3
  Incr. stopping criterion  : 'delta'
  Incr. distance metric     : 'tvd'
  Incr. window size         : 3
  Incr. EWMA alpha          : 0.5
  Selected modes            : noisy_vanilla, cut_divided_budget, cut_qubit_prop, cut_incremental_budget, cut_incremental_qubit_prop

SUMMARY
------------------------------------------------------------------------
Total: 50  ok: 50  failed: 0

RESULTS BY CIRCUIT
------------------------------------------------------------------------
  15q / 0_Clifford+T_003
    ✓ [ 155.8s]  noisy_vanilla
    ✓ [  46.0s]  cut_divided_budget
    ✓ [  34.5s]  cut_qubit_prop
    ✓ [ 395.4s]  cut_incremental_budget
    ✓ [ 340.9s]  cut_incremental_qubit_prop

  15q / 1_Clifford+T_009
    ✓ [  83.0s]  noisy_vanilla
    ✓ [  25.6s]  cut_divided_budget
    ✓ [  20.0s]  cut_qubit_prop
    ✓ [ 389.7s]  cut_incremental_budget
    ✓ [ 373.0s]  cut_incremental_qubit_prop

  15q / 2_Clifford+T_011
    ✓ [  85.4s]  noisy_vanilla
    ✓ [  28.2s]  cut_divided_budget
    ✓ [  22.9s]  cut_qubit_prop
    ✓ [ 309.1s]  cut_incremental_budget
    ✓ [ 427.4s]  cut_incremental_qubit_prop

  15q / 3_Clifford+T_015
    ✓ [ 148.2s]  noisy_vanilla
    ✓ [ 145.7s]  cut_divided_budget
    ✓ [ 131.9s]  cut_qubit_prop
    ✓ [ 499.9s]  cut_incremental_budget
    ✓ [ 513.1s]  cut_incremental_qubit_prop

  15q / 4_Clifford+T_016
    ✓ [ 173.3s]  noisy_vanilla
    ✓ [  38.8s]  cut_divided_budget
    ✓ [  31.6s]  cut_qubit_prop
    ✓ [ 408.0s]  cut_incremental_budget
    ✓ [ 358.4s]  cut_incremental_qubit_prop

  15q / 5_Clifford+T_018
    ✓ [ 163.2s]  noisy_vanilla
    ✓ [  38.8s]  cut_divided_budget
    ✓ [ 127.3s]  cut_qubit_prop
    ✓ [ 329.9s]  cut_incremental_budget
    ✓ [ 405.5s]  cut_incremental_qubit_prop

  15q / 6_Clifford+T_022
    ✓ [ 159.0s]  noisy_vanilla
    ✓ [  42.6s]  cut_divided_budget
    ✓ [  31.6s]  cut_qubit_prop
    ✓ [ 384.9s]  cut_incremental_budget
    ✓ [ 421.0s]  cut_incremental_qubit_prop

  15q / 7_Clifford+T_023
    ✓ [ 151.1s]  noisy_vanilla
    ✓ [  47.2s]  cut_divided_budget
    ✓ [  37.5s]  cut_qubit_prop
    ✓ [ 389.2s]  cut_incremental_budget
    ✓ [ 410.1s]  cut_incremental_qubit_prop

  15q / 8_Clifford+T_024
    ✓ [ 163.0s]  noisy_vanilla
    ✓ [  54.2s]  cut_divided_budget
    ✓ [  54.4s]  cut_qubit_prop
    ✓ [ 375.5s]  cut_incremental_budget
    ✓ [ 292.4s]  cut_incremental_qubit_prop

  15q / 9_Clifford+T_026
    ✓ [  91.6s]  noisy_vanilla
    ✓ [  36.0s]  cut_divided_budget
    ✓ [  35.9s]  cut_qubit_prop
    ✓ [ 226.8s]  cut_incremental_budget
    ✓ [ 437.4s]  cut_incremental_qubit_prop

========================================================================
