========================================================================
CUTTABLE CIRCUIT BENCHMARK RUN REPORT
Timestamp : 2026-05-29 15:15:49
========================================================================

DESIGN
------------------------------------------------------------------------
  Input        : valid_circuits.pkl produced by generate_and_cut.py
  Cut strategy : find_and_place_cuts + CutStrategy(min_free_wires=2)
  Ground truth : PennyLane default.qubit statevector (shots=None)
  Reconstruction: qcut_processing_fn (tensor contraction)
  Observable   : per-circuit Pauli string stored in CircuitSpec.observable
  Error        : |perf_exp_val - result|

CONFIGURATION
------------------------------------------------------------------------
  Shots (B)                 : 5000
  Noisy backend             : 'aer.fake_kyoto'
  Ideal backend             : 'aer.perfect'
  Simulator seed            : 42
  Output dir                : PosixPath('results/new/ewma_10k_kyoto_01/13_qubits')
  2q-gate alpha             : 0.8
  Incr. batch shots         : 50
  Incr. threshold           : 0.03
  Incr. offset              : 3
  Incr. stability k         : 3
  Incr. stopping criterion  : 'ewma'
  Incr. distance metric     : 'tvd'
  Incr. window size         : 3
  Incr. EWMA alpha          : 0.5
  Selected modes            : noisy_vanilla, cut_divided_budget, cut_qubit_prop, cut_incremental_budget, cut_incremental_qubit_prop

SUMMARY
------------------------------------------------------------------------
Total: 50  ok: 50  failed: 0

RESULTS BY CIRCUIT
------------------------------------------------------------------------
  13q / 0_Clifford+T_002
    ✓ [   5.6s]  noisy_vanilla
    ✓ [  37.1s]  cut_divided_budget
    ✓ [  15.0s]  cut_qubit_prop
    ✓ [ 147.0s]  cut_incremental_budget
    ✓ [ 179.8s]  cut_incremental_qubit_prop

  13q / 1_Clifford+T_004
    ✓ [   3.5s]  noisy_vanilla
    ✓ [  21.1s]  cut_divided_budget
    ✓ [  18.3s]  cut_qubit_prop
    ✓ [ 171.0s]  cut_incremental_budget
    ✓ [ 189.0s]  cut_incremental_qubit_prop

  13q / 2_Clifford+T_007
    ✓ [   4.2s]  noisy_vanilla
    ✓ [  28.8s]  cut_divided_budget
    ✓ [  21.5s]  cut_qubit_prop
    ✓ [ 193.0s]  cut_incremental_budget
    ✓ [ 197.2s]  cut_incremental_qubit_prop

  13q / 3_Clifford+T_010
    ✓ [   3.4s]  noisy_vanilla
    ✓ [  20.5s]  cut_divided_budget
    ✓ [  13.8s]  cut_qubit_prop
    ✓ [ 151.6s]  cut_incremental_budget
    ✓ [ 167.5s]  cut_incremental_qubit_prop

  13q / 4_Clifford+T_012
    ✓ [   3.3s]  noisy_vanilla
    ✓ [  19.7s]  cut_divided_budget
    ✓ [  12.1s]  cut_qubit_prop
    ✓ [ 164.1s]  cut_incremental_budget
    ✓ [ 176.8s]  cut_incremental_qubit_prop

  13q / 5_Clifford+T_014
    ✓ [   3.5s]  noisy_vanilla
    ✓ [  66.8s]  cut_divided_budget
    ✓ [  58.7s]  cut_qubit_prop
    ✓ [ 229.9s]  cut_incremental_budget
    ✓ [ 189.2s]  cut_incremental_qubit_prop

  13q / 6_Clifford+T_015
    ✓ [   4.1s]  noisy_vanilla
    ✓ [  34.3s]  cut_divided_budget
    ✓ [  13.0s]  cut_qubit_prop
    ✓ [ 173.6s]  cut_incremental_budget
    ✓ [ 177.1s]  cut_incremental_qubit_prop

  13q / 7_Clifford+T_016
    ✓ [   3.6s]  noisy_vanilla
    ✓ [  21.1s]  cut_divided_budget
    ✓ [  15.0s]  cut_qubit_prop
    ✓ [ 183.9s]  cut_incremental_budget
    ✓ [ 194.1s]  cut_incremental_qubit_prop

  13q / 8_Clifford+T_017
    ✓ [   3.2s]  noisy_vanilla
    ✓ [  20.4s]  cut_divided_budget
    ✓ [  12.4s]  cut_qubit_prop
    ✓ [ 177.9s]  cut_incremental_budget
    ✓ [ 191.9s]  cut_incremental_qubit_prop

  13q / 9_Clifford+T_020
    ✓ [   4.1s]  noisy_vanilla
    ✓ [  29.5s]  cut_divided_budget
    ✓ [  16.7s]  cut_qubit_prop
    ✓ [ 159.0s]  cut_incremental_budget
    ✓ [ 183.2s]  cut_incremental_qubit_prop

========================================================================
