========================================================================
CUTTABLE CIRCUIT BENCHMARK RUN REPORT
Timestamp : 2026-06-15 21:47:54
========================================================================

DESIGN
------------------------------------------------------------------------
  Input        : valid_circuits.pkl produced by generate_and_cut.py
  Cut strategy : find_and_place_cuts + CutStrategy(min_free_wires=2)
  Ground truth : PennyLane default.qubit statevector (shots=None)
  Reconstruction: qcut_processing_fn (tensor contraction)
  Observable   : per-circuit Pauli string stored in CircuitSpec.observable
  Error        : |perf_exp_val - result|

CONFIGURATION
------------------------------------------------------------------------
  Shots (B)                 : 10000
  Noisy backend             : 'aer.fake_sherbrooke'
  Ideal backend             : 'aer.perfect'
  Simulator seed            : 42
  Output dir                : PosixPath('results/new/stable_shots_runs02_10-14q_no_vanilla/10000_shots/sherbrooke/12_qubits')
  2q-gate alpha             : 0.8
  Incr. batch shots         : 50
  Incr. threshold           : 0.005
  Incr. offset              : 3
  Incr. stability k         : 5
  Incr. stopping criterion  : 'delta'
  Incr. distance metric     : 'tvd'
  Incr. window size         : 3
  Incr. EWMA alpha          : 0.5
  Selected modes            : cut_divided_budget, cut_qubit_prop, cut_incremental_budget, cut_incremental_qubit_prop

SUMMARY
------------------------------------------------------------------------
Total: 40  ok: 40  failed: 0

RESULTS BY CIRCUIT
------------------------------------------------------------------------
  12q / 0_Clifford+T_001
    ✓ [  23.7s]  cut_divided_budget
    ✓ [  16.4s]  cut_qubit_prop
    ✓ [ 411.2s]  cut_incremental_budget
    ✓ [ 433.7s]  cut_incremental_qubit_prop

  12q / 1_Clifford+T_002
    ✓ [  81.6s]  cut_divided_budget
    ✓ [  79.5s]  cut_qubit_prop
    ✓ [ 488.3s]  cut_incremental_budget
    ✓ [ 455.9s]  cut_incremental_qubit_prop

  12q / 2_Clifford+T_004
    ✓ [  31.9s]  cut_divided_budget
    ✓ [  33.4s]  cut_qubit_prop
    ✓ [ 402.6s]  cut_incremental_budget
    ✓ [ 448.4s]  cut_incremental_qubit_prop

  12q / 3_Clifford+T_006
    ✓ [  24.1s]  cut_divided_budget
    ✓ [  17.2s]  cut_qubit_prop
    ✓ [ 266.0s]  cut_incremental_budget
    ✓ [ 277.6s]  cut_incremental_qubit_prop

  12q / 4_Clifford+T_011
    ✓ [  54.9s]  cut_divided_budget
    ✓ [  49.4s]  cut_qubit_prop
    ✓ [ 289.7s]  cut_incremental_budget
    ✓ [ 291.9s]  cut_incremental_qubit_prop

  12q / 5_Clifford+T_013
    ✓ [  50.4s]  cut_divided_budget
    ✓ [  42.8s]  cut_qubit_prop
    ✓ [ 316.5s]  cut_incremental_budget
    ✓ [ 317.3s]  cut_incremental_qubit_prop

  12q / 6_Clifford+T_015
    ✓ [  17.6s]  cut_divided_budget
    ✓ [  10.5s]  cut_qubit_prop
    ✓ [ 280.5s]  cut_incremental_budget
    ✓ [ 287.7s]  cut_incremental_qubit_prop

  12q / 7_Clifford+T_019
    ✓ [  12.0s]  cut_divided_budget
    ✓ [   3.1s]  cut_qubit_prop
    ✓ [ 295.0s]  cut_incremental_budget
    ✓ [ 293.3s]  cut_incremental_qubit_prop

  12q / 8_Clifford+T_021
    ✓ [  17.4s]  cut_divided_budget
    ✓ [  10.5s]  cut_qubit_prop
    ✓ [ 270.9s]  cut_incremental_budget
    ✓ [ 261.6s]  cut_incremental_qubit_prop

  12q / 9_Clifford+T_025
    ✓ [  47.5s]  cut_divided_budget
    ✓ [  40.5s]  cut_qubit_prop
    ✓ [ 278.3s]  cut_incremental_budget
    ✓ [ 298.0s]  cut_incremental_qubit_prop

========================================================================
