========================================================================
CUTTABLE CIRCUIT BENCHMARK RUN REPORT
Timestamp : 2026-06-18 02:56:44
========================================================================

DESIGN
------------------------------------------------------------------------
  Input        : valid_circuits.pkl produced by generate_and_cut.py
  Cut strategy : find_and_place_cuts + CutStrategy(min_free_wires=2)
  Ground truth : PennyLane default.qubit statevector (shots=None)
  Reconstruction: qcut_processing_fn (tensor contraction)
  Observable   : per-circuit Pauli string stored in CircuitSpec.observable
  Error        : |perf_exp_val - result|

CONFIGURATION
------------------------------------------------------------------------
  Shots (B)                 : 10000
  Noisy backend             : 'aer.fake_kawasaki'
  Ideal backend             : 'aer.perfect'
  Simulator seed            : 42
  Output dir                : PosixPath('results/new/stable_shots3/10000_shots/kawasaki/13_qubits')
  2q-gate alpha             : 0.8
  Incr. batch shots         : 50
  Incr. threshold           : 0.05
  Incr. offset              : 3
  Incr. stability k         : 5
  Incr. stopping criterion  : 'delta'
  Incr. distance metric     : 'tvd'
  Incr. window size         : 3
  Incr. EWMA alpha          : 0.5
  Selected modes            : noisy_vanilla, cut_divided_budget, cut_qubit_prop, cut_incremental_budget, cut_incremental_qubit_prop

SUMMARY
------------------------------------------------------------------------
Total: 50  ok: 50  failed: 0

RESULTS BY CIRCUIT
------------------------------------------------------------------------
  13q / 0_Clifford+T_002
    ✓ [  61.8s]  noisy_vanilla
    ✓ [  39.5s]  cut_divided_budget
    ✓ [  43.7s]  cut_qubit_prop
    ✓ [ 202.1s]  cut_incremental_budget
    ✓ [ 206.2s]  cut_incremental_qubit_prop

  13q / 1_Clifford+T_004
    ✓ [  55.7s]  noisy_vanilla
    ✓ [  24.4s]  cut_divided_budget
    ✓ [  17.2s]  cut_qubit_prop
    ✓ [ 248.2s]  cut_incremental_budget
    ✓ [ 195.5s]  cut_incremental_qubit_prop

  13q / 2_Clifford+T_007
    ✓ [  40.7s]  noisy_vanilla
    ✓ [  21.7s]  cut_divided_budget
    ✓ [  10.1s]  cut_qubit_prop
    ✓ [ 132.7s]  cut_incremental_budget
    ✓ [ 207.6s]  cut_incremental_qubit_prop

  13q / 3_Clifford+T_010
    ✓ [  64.4s]  noisy_vanilla
    ✓ [  36.8s]  cut_divided_budget
    ✓ [  29.6s]  cut_qubit_prop
    ✓ [ 287.0s]  cut_incremental_budget
    ✓ [ 290.4s]  cut_incremental_qubit_prop

  13q / 4_Clifford+T_012
    ✓ [  51.1s]  noisy_vanilla
    ✓ [  24.0s]  cut_divided_budget
    ✓ [  17.2s]  cut_qubit_prop
    ✓ [ 150.9s]  cut_incremental_budget
    ✓ [ 140.4s]  cut_incremental_qubit_prop

  13q / 5_Clifford+T_014
    ✓ [  37.1s]  noisy_vanilla
    ✓ [  50.9s]  cut_divided_budget
    ✓ [  46.1s]  cut_qubit_prop
    ✓ [ 496.9s]  cut_incremental_budget
    ✓ [ 460.5s]  cut_incremental_qubit_prop

  13q / 6_Clifford+T_015
    ✓ [  65.4s]  noisy_vanilla
    ✓ [  29.7s]  cut_divided_budget
    ✓ [  17.6s]  cut_qubit_prop
    ✓ [ 254.2s]  cut_incremental_budget
    ✓ [ 230.8s]  cut_incremental_qubit_prop

  13q / 7_Clifford+T_016
    ✓ [  61.9s]  noisy_vanilla
    ✓ [  22.0s]  cut_divided_budget
    ✓ [  14.2s]  cut_qubit_prop
    ✓ [ 191.0s]  cut_incremental_budget
    ✓ [ 194.7s]  cut_incremental_qubit_prop

  13q / 8_Clifford+T_017
    ✓ [  64.3s]  noisy_vanilla
    ✓ [  21.9s]  cut_divided_budget
    ✓ [  11.3s]  cut_qubit_prop
    ✓ [ 215.4s]  cut_incremental_budget
    ✓ [ 172.7s]  cut_incremental_qubit_prop

  13q / 9_Clifford+T_020
    ✓ [  39.6s]  noisy_vanilla
    ✓ [  39.4s]  cut_divided_budget
    ✓ [  41.8s]  cut_qubit_prop
    ✓ [ 235.9s]  cut_incremental_budget
    ✓ [ 188.8s]  cut_incremental_qubit_prop

========================================================================
