========================================================================
CUTTABLE CIRCUIT BENCHMARK RUN REPORT
Timestamp : 2026-06-18 00:41:43
========================================================================

DESIGN
------------------------------------------------------------------------
  Input        : valid_circuits.pkl produced by generate_and_cut.py
  Cut strategy : find_and_place_cuts + CutStrategy(min_free_wires=2)
  Ground truth : PennyLane default.qubit statevector (shots=None)
  Reconstruction: qcut_processing_fn (tensor contraction)
  Observable   : per-circuit Pauli string stored in CircuitSpec.observable
  Error        : |perf_exp_val - result|

CONFIGURATION
------------------------------------------------------------------------
  Shots (B)                 : 10000
  Noisy backend             : 'aer.fake_torino'
  Ideal backend             : 'aer.perfect'
  Simulator seed            : 42
  Output dir                : PosixPath('results/new/stable_shots_02/10000_shots/torino/10_qubits')
  2q-gate alpha             : 0.8
  Incr. batch shots         : 50
  Incr. threshold           : 0.03
  Incr. offset              : 3
  Incr. stability k         : 3
  Incr. stopping criterion  : 'delta'
  Incr. distance metric     : 'tvd'
  Incr. window size         : 3
  Incr. EWMA alpha          : 0.5
  Selected modes            : noisy_vanilla, cut_divided_budget, cut_qubit_prop, cut_incremental_budget, cut_incremental_qubit_prop

SUMMARY
------------------------------------------------------------------------
Total: 50  ok: 50  failed: 0

RESULTS BY CIRCUIT
------------------------------------------------------------------------
  10q / 0_Clifford+T_001
    ✓ [   6.2s]  noisy_vanilla
    ✓ [  94.6s]  cut_divided_budget
    ✓ [  85.1s]  cut_qubit_prop
    ✓ [ 555.1s]  cut_incremental_budget
    ✓ [ 570.2s]  cut_incremental_qubit_prop

  10q / 1_Clifford+T_004
    ✓ [   2.9s]  noisy_vanilla
    ✓ [  27.6s]  cut_divided_budget
    ✓ [  19.8s]  cut_qubit_prop
    ✓ [ 535.3s]  cut_incremental_budget
    ✓ [1302.2s]  cut_incremental_qubit_prop

  10q / 2_Clifford+T_008
    ✓ [  10.4s]  noisy_vanilla
    ✓ [ 241.3s]  cut_divided_budget
    ✓ [ 243.3s]  cut_qubit_prop
    ✓ [1178.6s]  cut_incremental_budget
    ✓ [1148.9s]  cut_incremental_qubit_prop

  10q / 3_Clifford+T_015
    ✓ [   5.0s]  noisy_vanilla
    ✓ [  43.6s]  cut_divided_budget
    ✓ [  30.8s]  cut_qubit_prop
    ✓ [ 522.6s]  cut_incremental_budget
    ✓ [ 553.5s]  cut_incremental_qubit_prop

  10q / 4_Clifford+T_024
    ✓ [   4.9s]  noisy_vanilla
    ✓ [ 138.2s]  cut_divided_budget
    ✓ [ 118.5s]  cut_qubit_prop
    ✓ [ 885.8s]  cut_incremental_budget
    ✓ [ 565.3s]  cut_incremental_qubit_prop

  10q / 5_Clifford+T_026
    ✓ [   2.9s]  noisy_vanilla
    ✓ [  83.6s]  cut_divided_budget
    ✓ [  75.6s]  cut_qubit_prop
    ✓ [ 638.2s]  cut_incremental_budget
    ✓ [ 870.2s]  cut_incremental_qubit_prop

  10q / 6_Clifford+T_032
    ✓ [   4.7s]  noisy_vanilla
    ✓ [  38.8s]  cut_divided_budget
    ✓ [  32.1s]  cut_qubit_prop
    ✓ [ 267.8s]  cut_incremental_budget
    ✓ [ 264.5s]  cut_incremental_qubit_prop

  10q / 7_Clifford+T_033
    ✓ [   2.7s]  noisy_vanilla
    ✓ [  27.3s]  cut_divided_budget
    ✓ [  19.3s]  cut_qubit_prop
    ✓ [ 255.6s]  cut_incremental_budget
    ✓ [ 251.9s]  cut_incremental_qubit_prop

  10q / 8_Clifford+T_039
    ✓ [   2.8s]  noisy_vanilla
    ✓ [  86.9s]  cut_divided_budget
    ✓ [  80.0s]  cut_qubit_prop
    ✓ [ 555.2s]  cut_incremental_budget
    ✓ [ 792.8s]  cut_incremental_qubit_prop

  10q / 9_Clifford+T_041
    ✓ [   5.0s]  noisy_vanilla
    ✓ [  42.9s]  cut_divided_budget
    ✓ [  31.3s]  cut_qubit_prop
    ✓ [ 529.8s]  cut_incremental_budget
    ✓ [ 383.9s]  cut_incremental_qubit_prop

========================================================================
