========================================================================
CUTTABLE CIRCUIT BENCHMARK RUN REPORT
Timestamp : 2026-06-16 17:47:14
========================================================================

DESIGN
------------------------------------------------------------------------
  Input        : valid_circuits.pkl produced by generate_and_cut.py
  Cut strategy : find_and_place_cuts + CutStrategy(min_free_wires=2)
  Ground truth : PennyLane default.qubit statevector (shots=None)
  Reconstruction: qcut_processing_fn (tensor contraction)
  Observable   : per-circuit Pauli string stored in CircuitSpec.observable
  Error        : |perf_exp_val - result|

CONFIGURATION
------------------------------------------------------------------------
  Shots (B)                 : 20000
  Noisy backend             : 'aer.fake_sherbrooke'
  Ideal backend             : 'aer.perfect'
  Simulator seed            : 42
  Output dir                : PosixPath('results/new/stable_shots_runs02_15-16q_no_vanilla/20000_shots/sherbrooke/15_qubits')
  2q-gate alpha             : 0.8
  Incr. batch shots         : 50
  Incr. threshold           : 0.005
  Incr. offset              : 3
  Incr. stability k         : 5
  Incr. stopping criterion  : 'delta'
  Incr. distance metric     : 'tvd'
  Incr. window size         : 3
  Incr. EWMA alpha          : 0.5
  Selected modes            : cut_divided_budget, cut_qubit_prop, cut_incremental_budget, cut_incremental_qubit_prop

SUMMARY
------------------------------------------------------------------------
Total: 40  ok: 40  failed: 0

RESULTS BY CIRCUIT
------------------------------------------------------------------------
  15q / 0_Clifford+T_003
    ✓ [  23.2s]  cut_divided_budget
    ✓ [  11.2s]  cut_qubit_prop
    ✓ [ 512.0s]  cut_incremental_budget
    ✓ [ 528.4s]  cut_incremental_qubit_prop

  15q / 1_Clifford+T_009
    ✓ [  19.7s]  cut_divided_budget
    ✓ [   9.9s]  cut_qubit_prop
    ✓ [ 527.1s]  cut_incremental_budget
    ✓ [ 541.3s]  cut_incremental_qubit_prop

  15q / 2_Clifford+T_011
    ✓ [  24.9s]  cut_divided_budget
    ✓ [  16.7s]  cut_qubit_prop
    ✓ [ 521.2s]  cut_incremental_budget
    ✓ [ 538.0s]  cut_incremental_qubit_prop

  15q / 3_Clifford+T_015
    ✓ [  47.2s]  cut_divided_budget
    ✓ [  40.2s]  cut_qubit_prop
    ✓ [ 551.4s]  cut_incremental_budget
    ✓ [ 556.2s]  cut_incremental_qubit_prop

  15q / 4_Clifford+T_016
    ✓ [  23.2s]  cut_divided_budget
    ✓ [  16.6s]  cut_qubit_prop
    ✓ [ 782.0s]  cut_incremental_budget
    ✓ [ 749.5s]  cut_incremental_qubit_prop

  15q / 5_Clifford+T_018
    ✓ [  22.1s]  cut_divided_budget
    ✓ [   9.9s]  cut_qubit_prop
    ✓ [ 507.6s]  cut_incremental_budget
    ✓ [ 526.4s]  cut_incremental_qubit_prop

  15q / 6_Clifford+T_022
    ✓ [  21.3s]  cut_divided_budget
    ✓ [  10.2s]  cut_qubit_prop
    ✓ [ 503.2s]  cut_incremental_budget
    ✓ [ 528.8s]  cut_incremental_qubit_prop

  15q / 7_Clifford+T_023
    ✓ [  28.3s]  cut_divided_budget
    ✓ [  17.7s]  cut_qubit_prop
    ✓ [ 424.8s]  cut_incremental_budget
    ✓ [ 526.4s]  cut_incremental_qubit_prop

  15q / 8_Clifford+T_024
    ✓ [  55.7s]  cut_divided_budget
    ✓ [  65.6s]  cut_qubit_prop
    ✓ [ 502.2s]  cut_incremental_budget
    ✓ [ 587.7s]  cut_incremental_qubit_prop

  15q / 9_Clifford+T_026
    ✓ [  53.3s]  cut_divided_budget
    ✓ [  73.1s]  cut_qubit_prop
    ✓ [ 417.2s]  cut_incremental_budget
    ✓ [ 591.1s]  cut_incremental_qubit_prop

========================================================================
