========================================================================
CUTTABLE CIRCUIT BENCHMARK RUN REPORT
Timestamp : 2026-05-25 15:19:41
========================================================================

DESIGN
------------------------------------------------------------------------
  Input        : valid_circuits.pkl produced by generate_and_cut.py
  Cut strategy : find_and_place_cuts + CutStrategy(min_free_wires=2)
  Ground truth : PennyLane default.qubit statevector (shots=None)
  Reconstruction: qcut_processing_fn (tensor contraction)
  Observable   : per-circuit Pauli string stored in CircuitSpec.observable
  Error        : |perf_exp_val - result|

CONFIGURATION
------------------------------------------------------------------------
  Shots (B)                 : 30000
  Noisy backend             : 'aer.fake_torino'
  Ideal backend             : 'aer.perfect'
  Simulator seed            : 42
  Output dir                : PosixPath('results/new/ewma_01/09_qubits')
  2q-gate alpha             : 0.8
  Incr. batch shots         : 50
  Incr. threshold           : 0.01
  Incr. offset              : 3
  Incr. stability k         : 3
  Incr. stopping criterion  : 'ewma'
  Incr. distance metric     : 'tvd'
  Incr. window size         : 3
  Incr. EWMA alpha          : 0.5
  Selected modes            : noisy_vanilla, cut_divided_budget, cut_qubit_prop, cut_incremental_budget, cut_incremental_qubit_prop

SUMMARY
------------------------------------------------------------------------
Total: 50  ok: 50  failed: 0

RESULTS BY CIRCUIT
------------------------------------------------------------------------
  9q / 0_Clifford+T_004
    ✓ [   3.6s]  noisy_vanilla
    ✓ [ 109.5s]  cut_divided_budget
    ✓ [  85.1s]  cut_qubit_prop
    ✓ [1614.4s]  cut_incremental_budget
    ✓ [1834.3s]  cut_incremental_qubit_prop

  9q / 1_Clifford+T_006
    ✓ [   2.9s]  noisy_vanilla
    ✓ [  33.6s]  cut_divided_budget
    ✓ [  24.5s]  cut_qubit_prop
    ✓ [ 981.0s]  cut_incremental_budget
    ✓ [1085.7s]  cut_incremental_qubit_prop

  9q / 2_Clifford+T_008
    ✓ [   2.9s]  noisy_vanilla
    ✓ [  39.9s]  cut_divided_budget
    ✓ [  24.2s]  cut_qubit_prop
    ✓ [ 926.4s]  cut_incremental_budget
    ✓ [ 985.2s]  cut_incremental_qubit_prop

  9q / 3_Clifford+T_009
    ✓ [   5.4s]  noisy_vanilla
    ✓ [ 123.1s]  cut_divided_budget
    ✓ [  95.5s]  cut_qubit_prop
    ✓ [1758.8s]  cut_incremental_budget
    ✓ [1879.2s]  cut_incremental_qubit_prop

  9q / 4_Clifford+T_014
    ✓ [   3.0s]  noisy_vanilla
    ✓ [ 143.7s]  cut_divided_budget
    ✓ [  95.5s]  cut_qubit_prop
    ✓ [1849.7s]  cut_incremental_budget
    ✓ [1884.0s]  cut_incremental_qubit_prop

  9q / 5_Clifford+T_015
    ✓ [   2.7s]  noisy_vanilla
    ✓ [  34.5s]  cut_divided_budget
    ✓ [  22.4s]  cut_qubit_prop
    ✓ [1047.2s]  cut_incremental_budget
    ✓ [ 904.3s]  cut_incremental_qubit_prop

  9q / 6_Clifford+T_016
    ✓ [   4.0s]  noisy_vanilla
    ✓ [ 118.8s]  cut_divided_budget
    ✓ [ 114.1s]  cut_qubit_prop
    ✓ [1837.4s]  cut_incremental_budget
    ✓ [1898.2s]  cut_incremental_qubit_prop

  9q / 7_Clifford+T_020
    ✓ [   2.6s]  noisy_vanilla
    ✓ [  32.5s]  cut_divided_budget
    ✓ [  23.6s]  cut_qubit_prop
    ✓ [ 940.3s]  cut_incremental_budget
    ✓ [ 851.1s]  cut_incremental_qubit_prop

  9q / 8_Clifford+T_025
    ✓ [   3.7s]  noisy_vanilla
    ✓ [  30.5s]  cut_divided_budget
    ✓ [  22.3s]  cut_qubit_prop
    ✓ [ 880.2s]  cut_incremental_budget
    ✓ [ 940.6s]  cut_incremental_qubit_prop

  9q / 9_Clifford+T_027
    ✓ [   3.2s]  noisy_vanilla
    ✓ [ 102.6s]  cut_divided_budget
    ✓ [  90.7s]  cut_qubit_prop
    ✓ [1700.3s]  cut_incremental_budget
    ✓ [1656.3s]  cut_incremental_qubit_prop

========================================================================
