========================================================================
CUTTABLE CIRCUIT BENCHMARK RUN REPORT
Timestamp : 2026-05-25 15:37:30
========================================================================

DESIGN
------------------------------------------------------------------------
  Input        : valid_circuits.pkl produced by generate_and_cut.py
  Cut strategy : find_and_place_cuts + CutStrategy(min_free_wires=2)
  Ground truth : PennyLane default.qubit statevector (shots=None)
  Reconstruction: qcut_processing_fn (tensor contraction)
  Observable   : per-circuit Pauli string stored in CircuitSpec.observable
  Error        : |perf_exp_val - result|

CONFIGURATION
------------------------------------------------------------------------
  Shots (B)                 : 30000
  Noisy backend             : 'aer.fake_torino'
  Ideal backend             : 'aer.perfect'
  Simulator seed            : 42
  Output dir                : PosixPath('results/new/ewma_01/05_qubits')
  2q-gate alpha             : 0.8
  Incr. batch shots         : 50
  Incr. threshold           : 0.01
  Incr. offset              : 3
  Incr. stability k         : 3
  Incr. stopping criterion  : 'ewma'
  Incr. distance metric     : 'tvd'
  Incr. window size         : 3
  Incr. EWMA alpha          : 0.5
  Selected modes            : noisy_vanilla, cut_divided_budget, cut_qubit_prop, cut_incremental_budget, cut_incremental_qubit_prop

SUMMARY
------------------------------------------------------------------------
Total: 50  ok: 50  failed: 0

RESULTS BY CIRCUIT
------------------------------------------------------------------------
  5q / 0_Clifford+T_002
    ✓ [   3.0s]  noisy_vanilla
    ✓ [  86.2s]  cut_divided_budget
    ✓ [  86.2s]  cut_qubit_prop
    ✓ [1388.3s]  cut_incremental_budget
    ✓ [1524.7s]  cut_incremental_qubit_prop

  5q / 1_Clifford+T_005
    ✓ [   2.5s]  noisy_vanilla
    ✓ [  85.3s]  cut_divided_budget
    ✓ [  81.4s]  cut_qubit_prop
    ✓ [1549.6s]  cut_incremental_budget
    ✓ [1648.9s]  cut_incremental_qubit_prop

  5q / 2_Clifford+T_008
    ✓ [   2.7s]  noisy_vanilla
    ✓ [  94.2s]  cut_divided_budget
    ✓ [  75.0s]  cut_qubit_prop
    ✓ [1611.7s]  cut_incremental_budget
    ✓ [1571.1s]  cut_incremental_qubit_prop

  5q / 3_Clifford+T_009
    ✓ [   2.9s]  noisy_vanilla
    ✓ [  89.1s]  cut_divided_budget
    ✓ [  74.2s]  cut_qubit_prop
    ✓ [1555.4s]  cut_incremental_budget
    ✓ [1581.3s]  cut_incremental_qubit_prop

  5q / 4_Clifford+T_012
    ✓ [   2.4s]  noisy_vanilla
    ✓ [  92.0s]  cut_divided_budget
    ✓ [  79.8s]  cut_qubit_prop
    ✓ [1533.2s]  cut_incremental_budget
    ✓ [1571.0s]  cut_incremental_qubit_prop

  5q / 5_Clifford+T_032
    ✓ [   2.1s]  noisy_vanilla
    ✓ [  96.3s]  cut_divided_budget
    ✓ [  97.6s]  cut_qubit_prop
    ✓ [1531.4s]  cut_incremental_budget
    ✓ [1515.6s]  cut_incremental_qubit_prop

  5q / 6_Clifford+T_046
    ✓ [   3.2s]  noisy_vanilla
    ✓ [  84.9s]  cut_divided_budget
    ✓ [  78.5s]  cut_qubit_prop
    ✓ [1567.4s]  cut_incremental_budget
    ✓ [1512.1s]  cut_incremental_qubit_prop

  5q / 7_Clifford+T_048
    ✓ [   2.0s]  noisy_vanilla
    ✓ [  27.8s]  cut_divided_budget
    ✓ [  18.3s]  cut_qubit_prop
    ✓ [ 479.5s]  cut_incremental_budget
    ✓ [ 511.4s]  cut_incremental_qubit_prop

  5q / 8_Clifford+T_058
    ✓ [   2.2s]  noisy_vanilla
    ✓ [  82.7s]  cut_divided_budget
    ✓ [  73.1s]  cut_qubit_prop
    ✓ [1386.3s]  cut_incremental_budget
    ✓ [1478.5s]  cut_incremental_qubit_prop

  5q / 9_Clifford+T_059
    ✓ [   2.4s]  noisy_vanilla
    ✓ [  81.2s]  cut_divided_budget
    ✓ [  72.9s]  cut_qubit_prop
    ✓ [1371.9s]  cut_incremental_budget
    ✓ [1391.1s]  cut_incremental_qubit_prop

========================================================================
