========================================================================
CUTTABLE CIRCUIT BENCHMARK RUN REPORT
Timestamp : 2026-06-09 09:57:01
========================================================================

DESIGN
------------------------------------------------------------------------
  Input        : valid_circuits.pkl produced by generate_and_cut.py
  Cut strategy : find_and_place_cuts + CutStrategy(min_free_wires=2)
  Ground truth : PennyLane default.qubit statevector (shots=None)
  Reconstruction: qcut_processing_fn (tensor contraction)
  Observable   : per-circuit Pauli string stored in CircuitSpec.observable
  Error        : |perf_exp_val - result|

CONFIGURATION
------------------------------------------------------------------------
  Shots (B)                 : 10000
  Noisy backend             : 'aer.fake_kawasaki'
  Ideal backend             : 'aer.perfect'
  Simulator seed            : 42
  Output dir                : PosixPath('results/new/ewma_10k_kawasaki_01/12_qubits')
  2q-gate alpha             : 0.8
  Incr. batch shots         : 50
  Incr. threshold           : 0.03
  Incr. offset              : 3
  Incr. stability k         : 3
  Incr. stopping criterion  : 'ewma'
  Incr. distance metric     : 'tvd'
  Incr. window size         : 3
  Incr. EWMA alpha          : 0.5
  Selected modes            : noisy_vanilla, cut_divided_budget, cut_qubit_prop, cut_incremental_budget, cut_incremental_qubit_prop

SUMMARY
------------------------------------------------------------------------
Total: 50  ok: 50  failed: 0

RESULTS BY CIRCUIT
------------------------------------------------------------------------
  12q / 0_Clifford+T_001
    ✓ [   5.5s]  noisy_vanilla
    ✓ [  44.8s]  cut_divided_budget
    ✓ [  11.5s]  cut_qubit_prop
    ✓ [ 203.0s]  cut_incremental_budget
    ✓ [ 228.8s]  cut_incremental_qubit_prop

  12q / 1_Clifford+T_002
    ✓ [   2.5s]  noisy_vanilla
    ✓ [  65.4s]  cut_divided_budget
    ✓ [  39.9s]  cut_qubit_prop
    ✓ [ 312.9s]  cut_incremental_budget
    ✓ [ 277.9s]  cut_incremental_qubit_prop

  12q / 2_Clifford+T_004
    ✓ [   2.4s]  noisy_vanilla
    ✓ [  23.4s]  cut_divided_budget
    ✓ [  11.0s]  cut_qubit_prop
    ✓ [ 199.2s]  cut_incremental_budget
    ✓ [ 248.1s]  cut_incremental_qubit_prop

  12q / 3_Clifford+T_006
    ✓ [   2.5s]  noisy_vanilla
    ✓ [  18.2s]  cut_divided_budget
    ✓ [  10.9s]  cut_qubit_prop
    ✓ [ 169.8s]  cut_incremental_budget
    ✓ [ 196.7s]  cut_incremental_qubit_prop

  12q / 4_Clifford+T_011
    ✓ [   2.4s]  noisy_vanilla
    ✓ [  56.8s]  cut_divided_budget
    ✓ [  45.2s]  cut_qubit_prop
    ✓ [ 312.6s]  cut_incremental_budget
    ✓ [ 276.7s]  cut_incremental_qubit_prop

  12q / 5_Clifford+T_013
    ✓ [   2.6s]  noisy_vanilla
    ✓ [  51.1s]  cut_divided_budget
    ✓ [  42.2s]  cut_qubit_prop
    ✓ [ 315.3s]  cut_incremental_budget
    ✓ [ 289.9s]  cut_incremental_qubit_prop

  12q / 6_Clifford+T_015
    ✓ [   3.1s]  noisy_vanilla
    ✓ [  31.4s]  cut_divided_budget
    ✓ [  11.1s]  cut_qubit_prop
    ✓ [ 203.1s]  cut_incremental_budget
    ✓ [ 220.6s]  cut_incremental_qubit_prop

  12q / 7_Clifford+T_019
    ✓ [   2.5s]  noisy_vanilla
    ✓ [  10.4s]  cut_divided_budget
    ✓ [   1.8s]  cut_qubit_prop
    ✓ [  43.4s]  cut_incremental_budget
    ✓ [  36.6s]  cut_incremental_qubit_prop

  12q / 8_Clifford+T_021
    ✓ [   1.9s]  noisy_vanilla
    ✓ [  16.7s]  cut_divided_budget
    ✓ [   9.3s]  cut_qubit_prop
    ✓ [ 180.2s]  cut_incremental_budget
    ✓ [ 173.1s]  cut_incremental_qubit_prop

  12q / 9_Clifford+T_025
    ✓ [   2.8s]  noisy_vanilla
    ✓ [  56.3s]  cut_divided_budget
    ✓ [  38.5s]  cut_qubit_prop
    ✓ [ 266.9s]  cut_incremental_budget
    ✓ [ 265.0s]  cut_incremental_qubit_prop

========================================================================
