========================================================================
CUTTABLE CIRCUIT BENCHMARK RUN REPORT
Timestamp : 2026-06-09 09:45:13
========================================================================

DESIGN
------------------------------------------------------------------------
  Input        : valid_circuits.pkl produced by generate_and_cut.py
  Cut strategy : find_and_place_cuts + CutStrategy(min_free_wires=2)
  Ground truth : PennyLane default.qubit statevector (shots=None)
  Reconstruction: qcut_processing_fn (tensor contraction)
  Observable   : per-circuit Pauli string stored in CircuitSpec.observable
  Error        : |perf_exp_val - result|

CONFIGURATION
------------------------------------------------------------------------
  Shots (B)                 : 10000
  Noisy backend             : 'aer.fake_kawasaki'
  Ideal backend             : 'aer.perfect'
  Simulator seed            : 42
  Output dir                : PosixPath('results/new/ewma_10k_kawasaki_01/14_qubits')
  2q-gate alpha             : 0.8
  Incr. batch shots         : 50
  Incr. threshold           : 0.03
  Incr. offset              : 3
  Incr. stability k         : 3
  Incr. stopping criterion  : 'ewma'
  Incr. distance metric     : 'tvd'
  Incr. window size         : 3
  Incr. EWMA alpha          : 0.5
  Selected modes            : noisy_vanilla, cut_divided_budget, cut_qubit_prop, cut_incremental_budget, cut_incremental_qubit_prop

SUMMARY
------------------------------------------------------------------------
Total: 50  ok: 50  failed: 0

RESULTS BY CIRCUIT
------------------------------------------------------------------------
  14q / 0_Clifford+T_001
    ✓ [  17.9s]  noisy_vanilla
    ✓ [  68.2s]  cut_divided_budget
    ✓ [  39.1s]  cut_qubit_prop
    ✓ [ 296.3s]  cut_incremental_budget
    ✓ [ 265.7s]  cut_incremental_qubit_prop

  14q / 1_Clifford+T_011
    ✓ [   7.8s]  noisy_vanilla
    ✓ [  60.6s]  cut_divided_budget
    ✓ [  43.3s]  cut_qubit_prop
    ✓ [ 311.1s]  cut_incremental_budget
    ✓ [ 267.6s]  cut_incremental_qubit_prop

  14q / 2_Clifford+T_012
    ✓ [   8.2s]  noisy_vanilla
    ✓ [  19.8s]  cut_divided_budget
    ✓ [  11.1s]  cut_qubit_prop
    ✓ [ 197.4s]  cut_incremental_budget
    ✓ [ 173.2s]  cut_incremental_qubit_prop

  14q / 3_Clifford+T_014
    ✓ [   8.4s]  noisy_vanilla
    ✓ [  19.1s]  cut_divided_budget
    ✓ [  15.2s]  cut_qubit_prop
    ✓ [ 206.2s]  cut_incremental_budget
    ✓ [ 176.3s]  cut_incremental_qubit_prop

  14q / 4_Clifford+T_015
    ✓ [   7.8s]  noisy_vanilla
    ✓ [  12.7s]  cut_divided_budget
    ✓ [   6.7s]  cut_qubit_prop
    ✓ [  50.7s]  cut_incremental_budget
    ✓ [  57.9s]  cut_incremental_qubit_prop

  14q / 5_Clifford+T_016
    ✓ [   8.1s]  noisy_vanilla
    ✓ [  17.7s]  cut_divided_budget
    ✓ [  10.2s]  cut_qubit_prop
    ✓ [ 148.0s]  cut_incremental_budget
    ✓ [ 121.8s]  cut_incremental_qubit_prop

  14q / 6_Clifford+T_018
    ✓ [   7.9s]  noisy_vanilla
    ✓ [  18.2s]  cut_divided_budget
    ✓ [  10.6s]  cut_qubit_prop
    ✓ [ 189.1s]  cut_incremental_budget
    ✓ [ 237.3s]  cut_incremental_qubit_prop

  14q / 7_Clifford+T_019
    ✓ [   8.2s]  noisy_vanilla
    ✓ [  24.4s]  cut_divided_budget
    ✓ [  11.1s]  cut_qubit_prop
    ✓ [ 175.8s]  cut_incremental_budget
    ✓ [ 237.4s]  cut_incremental_qubit_prop

  14q / 8_Clifford+T_022
    ✓ [   7.4s]  noisy_vanilla
    ✓ [  20.0s]  cut_divided_budget
    ✓ [  12.7s]  cut_qubit_prop
    ✓ [ 173.9s]  cut_incremental_budget
    ✓ [ 193.9s]  cut_incremental_qubit_prop

  14q / 9_Clifford+T_026
    ✓ [   7.9s]  noisy_vanilla
    ✓ [  18.3s]  cut_divided_budget
    ✓ [   9.9s]  cut_qubit_prop
    ✓ [ 149.7s]  cut_incremental_budget
    ✓ [ 168.0s]  cut_incremental_qubit_prop

========================================================================
