========================================================================
CUTTABLE CIRCUIT BENCHMARK RUN REPORT
Timestamp : 2026-06-18 16:10:02
========================================================================

DESIGN
------------------------------------------------------------------------
  Input        : valid_circuits.pkl produced by generate_and_cut.py
  Cut strategy : find_and_place_cuts + CutStrategy(min_free_wires=2)
  Ground truth : PennyLane default.qubit statevector (shots=None)
  Reconstruction: qcut_processing_fn (tensor contraction)
  Observable   : per-circuit Pauli string stored in CircuitSpec.observable
  Error        : |perf_exp_val - result|

CONFIGURATION
------------------------------------------------------------------------
  Shots (B)                 : 20000
  Noisy backend             : 'aer.fake_kyoto'
  Ideal backend             : 'aer.perfect'
  Simulator seed            : 42
  Output dir                : PosixPath('results/new/stable_shots_02/20000_shots/kyoto/15_qubits')
  2q-gate alpha             : 0.8
  Incr. batch shots         : 50
  Incr. threshold           : 0.03
  Incr. offset              : 3
  Incr. stability k         : 3
  Incr. stopping criterion  : 'delta'
  Incr. distance metric     : 'tvd'
  Incr. window size         : 3
  Incr. EWMA alpha          : 0.5
  Selected modes            : noisy_vanilla, cut_divided_budget, cut_qubit_prop, cut_incremental_budget, cut_incremental_qubit_prop

SUMMARY
------------------------------------------------------------------------
Total: 50  ok: 50  failed: 0

RESULTS BY CIRCUIT
------------------------------------------------------------------------
  15q / 0_Clifford+T_003
    ✓ [ 665.3s]  noisy_vanilla
    ✓ [  35.3s]  cut_divided_budget
    ✓ [  23.5s]  cut_qubit_prop
    ✓ [ 453.9s]  cut_incremental_budget
    ✓ [ 475.4s]  cut_incremental_qubit_prop

  15q / 1_Clifford+T_009
    ✓ [ 612.5s]  noisy_vanilla
    ✓ [  27.0s]  cut_divided_budget
    ✓ [  20.8s]  cut_qubit_prop
    ✓ [ 456.1s]  cut_incremental_budget
    ✓ [ 492.5s]  cut_incremental_qubit_prop

  15q / 2_Clifford+T_011
    ✓ [ 683.4s]  noisy_vanilla
    ✓ [  44.9s]  cut_divided_budget
    ✓ [  33.8s]  cut_qubit_prop
    ✓ [ 394.9s]  cut_incremental_budget
    ✓ [ 410.8s]  cut_incremental_qubit_prop

  15q / 3_Clifford+T_015
    ✓ [ 645.6s]  noisy_vanilla
    ✓ [  85.8s]  cut_divided_budget
    ✓ [  79.5s]  cut_qubit_prop
    ✓ [ 872.4s]  cut_incremental_budget
    ✓ [ 660.0s]  cut_incremental_qubit_prop

  15q / 4_Clifford+T_016
    ✓ [ 346.5s]  noisy_vanilla
    ✓ [  19.0s]  cut_divided_budget
    ✓ [  12.4s]  cut_qubit_prop
    ✓ [ 224.5s]  cut_incremental_budget
    ✓ [ 219.2s]  cut_incremental_qubit_prop

  15q / 5_Clifford+T_018
    ✓ [ 338.9s]  noisy_vanilla
    ✓ [  19.7s]  cut_divided_budget
    ✓ [  12.3s]  cut_qubit_prop
    ✓ [ 309.2s]  cut_incremental_budget
    ✓ [ 318.3s]  cut_incremental_qubit_prop

  15q / 6_Clifford+T_022
    ✓ [ 324.0s]  noisy_vanilla
    ✓ [  19.3s]  cut_divided_budget
    ✓ [  13.8s]  cut_qubit_prop
    ✓ [ 283.0s]  cut_incremental_budget
    ✓ [ 270.1s]  cut_incremental_qubit_prop

  15q / 7_Clifford+T_023
    ✓ [ 322.3s]  noisy_vanilla
    ✓ [  25.8s]  cut_divided_budget
    ✓ [  19.5s]  cut_qubit_prop
    ✓ [ 384.1s]  cut_incremental_budget
    ✓ [ 466.0s]  cut_incremental_qubit_prop

  15q / 8_Clifford+T_024
    ✓ [ 329.5s]  noisy_vanilla
    ✓ [  54.1s]  cut_divided_budget
    ✓ [  68.4s]  cut_qubit_prop
    ✓ [ 316.6s]  cut_incremental_budget
    ✓ [ 305.7s]  cut_incremental_qubit_prop

  15q / 9_Clifford+T_026
    ✓ [ 332.7s]  noisy_vanilla
    ✓ [  55.8s]  cut_divided_budget
    ✓ [  76.1s]  cut_qubit_prop
    ✓ [ 239.1s]  cut_incremental_budget
    ✓ [ 248.9s]  cut_incremental_qubit_prop

========================================================================
