========================================================================
CUTTABLE CIRCUIT BENCHMARK RUN REPORT
Timestamp : 2026-06-08 20:19:07
========================================================================

DESIGN
------------------------------------------------------------------------
  Input        : valid_circuits.pkl produced by generate_and_cut.py
  Cut strategy : find_and_place_cuts + CutStrategy(min_free_wires=2)
  Ground truth : PennyLane default.qubit statevector (shots=None)
  Reconstruction: qcut_processing_fn (tensor contraction)
  Observable   : per-circuit Pauli string stored in CircuitSpec.observable
  Error        : |perf_exp_val - result|

CONFIGURATION
------------------------------------------------------------------------
  Shots (B)                 : 10000
  Noisy backend             : 'aer.fake_torino'
  Ideal backend             : 'aer.perfect'
  Simulator seed            : 42
  Output dir                : PosixPath('results/new/ewma_10k_torino_01/16_qubits')
  2q-gate alpha             : 0.8
  Incr. batch shots         : 50
  Incr. threshold           : 0.03
  Incr. offset              : 3
  Incr. stability k         : 3
  Incr. stopping criterion  : 'ewma'
  Incr. distance metric     : 'tvd'
  Incr. window size         : 3
  Incr. EWMA alpha          : 0.5
  Selected modes            : noisy_vanilla, cut_divided_budget, cut_qubit_prop, cut_incremental_budget, cut_incremental_qubit_prop

SUMMARY
------------------------------------------------------------------------
Total: 50  ok: 50  failed: 0

RESULTS BY CIRCUIT
------------------------------------------------------------------------
  16q / 0_Clifford+T_002
    ✓ [  51.8s]  noisy_vanilla
    ✓ [  29.3s]  cut_divided_budget
    ✓ [  20.7s]  cut_qubit_prop
    ✓ [ 333.4s]  cut_incremental_budget
    ✓ [ 358.9s]  cut_incremental_qubit_prop

  16q / 1_Clifford+T_008
    ✓ [  31.0s]  noisy_vanilla
    ✓ [  28.9s]  cut_divided_budget
    ✓ [  18.3s]  cut_qubit_prop
    ✓ [ 395.2s]  cut_incremental_budget
    ✓ [ 425.0s]  cut_incremental_qubit_prop

  16q / 2_Clifford+T_015
    ✓ [  32.7s]  noisy_vanilla
    ✓ [  40.3s]  cut_divided_budget
    ✓ [  25.5s]  cut_qubit_prop
    ✓ [ 387.7s]  cut_incremental_budget
    ✓ [ 514.7s]  cut_incremental_qubit_prop

  16q / 3_Clifford+T_016
    ✓ [  34.5s]  noisy_vanilla
    ✓ [  42.9s]  cut_divided_budget
    ✓ [  24.9s]  cut_qubit_prop
    ✓ [ 436.9s]  cut_incremental_budget
    ✓ [ 355.4s]  cut_incremental_qubit_prop

  16q / 4_Clifford+T_018
    ✓ [  34.7s]  noisy_vanilla
    ✓ [  28.8s]  cut_divided_budget
    ✓ [  25.2s]  cut_qubit_prop
    ✓ [ 470.4s]  cut_incremental_budget
    ✓ [ 526.3s]  cut_incremental_qubit_prop

  16q / 5_Clifford+T_019
    ✓ [  35.7s]  noisy_vanilla
    ✓ [  36.6s]  cut_divided_budget
    ✓ [  38.0s]  cut_qubit_prop
    ✓ [ 356.1s]  cut_incremental_budget
    ✓ [ 558.5s]  cut_incremental_qubit_prop

  16q / 6_Clifford+T_021
    ✓ [  34.9s]  noisy_vanilla
    ✓ [  28.8s]  cut_divided_budget
    ✓ [  20.6s]  cut_qubit_prop
    ✓ [ 415.4s]  cut_incremental_budget
    ✓ [ 441.4s]  cut_incremental_qubit_prop

  16q / 7_Clifford+T_026
    ✓ [  34.1s]  noisy_vanilla
    ✓ [  31.2s]  cut_divided_budget
    ✓ [  21.2s]  cut_qubit_prop
    ✓ [ 374.6s]  cut_incremental_budget
    ✓ [ 431.8s]  cut_incremental_qubit_prop

  16q / 8_Clifford+T_032
    ✓ [  41.3s]  noisy_vanilla
    ✓ [  31.2s]  cut_divided_budget
    ✓ [  23.1s]  cut_qubit_prop
    ✓ [ 394.6s]  cut_incremental_budget
    ✓ [ 528.3s]  cut_incremental_qubit_prop

  16q / 9_Clifford+T_040
    ✓ [  31.9s]  noisy_vanilla
    ✓ [  34.0s]  cut_divided_budget
    ✓ [  26.7s]  cut_qubit_prop
    ✓ [ 410.6s]  cut_incremental_budget
    ✓ [ 426.8s]  cut_incremental_qubit_prop

========================================================================
