========================================================================
CUTTABLE CIRCUIT BENCHMARK RUN REPORT
Timestamp : 2026-05-27 10:52:17
========================================================================

DESIGN
------------------------------------------------------------------------
  Input        : valid_circuits.pkl produced by generate_and_cut.py
  Cut strategy : find_and_place_cuts + CutStrategy(min_free_wires=2)
  Ground truth : PennyLane default.qubit statevector (shots=None)
  Reconstruction: qcut_processing_fn (tensor contraction)
  Observable   : per-circuit Pauli string stored in CircuitSpec.observable
  Error        : |perf_exp_val - result|

CONFIGURATION
------------------------------------------------------------------------
  Shots (B)                 : 20000
  Noisy backend             : 'aer.fake_sherbrooke'
  Ideal backend             : 'aer.perfect'
  Simulator seed            : 42
  Output dir                : PosixPath('results/new/ewma_20k_sherbrooke_01/13_qubits')
  2q-gate alpha             : 0.8
  Incr. batch shots         : 50
  Incr. threshold           : 0.03
  Incr. offset              : 3
  Incr. stability k         : 3
  Incr. stopping criterion  : 'ewma'
  Incr. distance metric     : 'tvd'
  Incr. window size         : 3
  Incr. EWMA alpha          : 0.5
  Selected modes            : noisy_vanilla, cut_divided_budget, cut_qubit_prop, cut_incremental_budget, cut_incremental_qubit_prop

SUMMARY
------------------------------------------------------------------------
Total: 50  ok: 50  failed: 0

RESULTS BY CIRCUIT
------------------------------------------------------------------------
  13q / 0_Clifford+T_002
    ✓ [  57.3s]  noisy_vanilla
    ✓ [ 104.8s]  cut_divided_budget
    ✓ [  32.0s]  cut_qubit_prop
    ✓ [ 387.2s]  cut_incremental_budget
    ✓ [ 430.8s]  cut_incremental_qubit_prop

  13q / 1_Clifford+T_004
    ✓ [   7.4s]  noisy_vanilla
    ✓ [  34.4s]  cut_divided_budget
    ✓ [  18.0s]  cut_qubit_prop
    ✓ [ 476.9s]  cut_incremental_budget
    ✓ [ 412.8s]  cut_incremental_qubit_prop

  13q / 2_Clifford+T_007
    ✓ [  28.9s]  noisy_vanilla
    ✓ [  32.4s]  cut_divided_budget
    ✓ [  17.5s]  cut_qubit_prop
    ✓ [ 341.3s]  cut_incremental_budget
    ✓ [ 373.1s]  cut_incremental_qubit_prop

  13q / 3_Clifford+T_010
    ✓ [   7.7s]  noisy_vanilla
    ✓ [  26.9s]  cut_divided_budget
    ✓ [  18.0s]  cut_qubit_prop
    ✓ [ 363.9s]  cut_incremental_budget
    ✓ [ 372.6s]  cut_incremental_qubit_prop

  13q / 4_Clifford+T_012
    ✓ [   6.8s]  noisy_vanilla
    ✓ [  23.8s]  cut_divided_budget
    ✓ [  14.5s]  cut_qubit_prop
    ✓ [ 316.2s]  cut_incremental_budget
    ✓ [ 425.9s]  cut_incremental_qubit_prop

  13q / 5_Clifford+T_014
    ✓ [   7.7s]  noisy_vanilla
    ✓ [  72.8s]  cut_divided_budget
    ✓ [  57.6s]  cut_qubit_prop
    ✓ [ 778.0s]  cut_incremental_budget
    ✓ [ 766.7s]  cut_incremental_qubit_prop

  13q / 6_Clifford+T_015
    ✓ [   7.6s]  noisy_vanilla
    ✓ [  22.9s]  cut_divided_budget
    ✓ [  13.5s]  cut_qubit_prop
    ✓ [ 270.5s]  cut_incremental_budget
    ✓ [ 259.4s]  cut_incremental_qubit_prop

  13q / 7_Clifford+T_016
    ✓ [   6.8s]  noisy_vanilla
    ✓ [  24.0s]  cut_divided_budget
    ✓ [  23.0s]  cut_qubit_prop
    ✓ [ 289.6s]  cut_incremental_budget
    ✓ [ 250.0s]  cut_incremental_qubit_prop

  13q / 8_Clifford+T_017
    ✓ [   6.5s]  noisy_vanilla
    ✓ [  23.7s]  cut_divided_budget
    ✓ [  14.9s]  cut_qubit_prop
    ✓ [ 220.0s]  cut_incremental_budget
    ✓ [ 260.8s]  cut_incremental_qubit_prop

  13q / 9_Clifford+T_020
    ✓ [   7.5s]  noisy_vanilla
    ✓ [  25.5s]  cut_divided_budget
    ✓ [  19.5s]  cut_qubit_prop
    ✓ [ 292.2s]  cut_incremental_budget
    ✓ [ 307.7s]  cut_incremental_qubit_prop

========================================================================
