========================================================================
CUTTABLE CIRCUIT BENCHMARK RUN REPORT
Timestamp : 2026-06-18 00:11:09
========================================================================

DESIGN
------------------------------------------------------------------------
  Input        : valid_circuits.pkl produced by generate_and_cut.py
  Cut strategy : find_and_place_cuts + CutStrategy(min_free_wires=2)
  Ground truth : PennyLane default.qubit statevector (shots=None)
  Reconstruction: qcut_processing_fn (tensor contraction)
  Observable   : per-circuit Pauli string stored in CircuitSpec.observable
  Error        : |perf_exp_val - result|

CONFIGURATION
------------------------------------------------------------------------
  Shots (B)                 : 10000
  Noisy backend             : 'aer.fake_sherbrooke'
  Ideal backend             : 'aer.perfect'
  Simulator seed            : 42
  Output dir                : PosixPath('results/new/stable_shots_02/10000_shots/sherbrooke/11_qubits')
  2q-gate alpha             : 0.8
  Incr. batch shots         : 50
  Incr. threshold           : 0.03
  Incr. offset              : 3
  Incr. stability k         : 3
  Incr. stopping criterion  : 'delta'
  Incr. distance metric     : 'tvd'
  Incr. window size         : 3
  Incr. EWMA alpha          : 0.5
  Selected modes            : noisy_vanilla, cut_divided_budget, cut_qubit_prop, cut_incremental_budget, cut_incremental_qubit_prop

SUMMARY
------------------------------------------------------------------------
Total: 50  ok: 50  failed: 0

RESULTS BY CIRCUIT
------------------------------------------------------------------------
  11q / 0_Clifford+T_001
    ✓ [   3.3s]  noisy_vanilla
    ✓ [  65.6s]  cut_divided_budget
    ✓ [  40.4s]  cut_qubit_prop
    ✓ [ 312.8s]  cut_incremental_budget
    ✓ [ 279.9s]  cut_incremental_qubit_prop

  11q / 1_Clifford+T_002
    ✓ [   2.9s]  noisy_vanilla
    ✓ [  48.9s]  cut_divided_budget
    ✓ [  40.9s]  cut_qubit_prop
    ✓ [ 295.1s]  cut_incremental_budget
    ✓ [ 275.3s]  cut_incremental_qubit_prop

  11q / 2_Clifford+T_011
    ✓ [   3.3s]  noisy_vanilla
    ✓ [  21.6s]  cut_divided_budget
    ✓ [  10.5s]  cut_qubit_prop
    ✓ [ 190.4s]  cut_incremental_budget
    ✓ [ 411.3s]  cut_incremental_qubit_prop

  11q / 3_Clifford+T_015
    ✓ [   5.5s]  noisy_vanilla
    ✓ [  29.1s]  cut_divided_budget
    ✓ [  17.6s]  cut_qubit_prop
    ✓ [ 321.8s]  cut_incremental_budget
    ✓ [ 359.0s]  cut_incremental_qubit_prop

  11q / 4_Clifford+T_017
    ✓ [   5.4s]  noisy_vanilla
    ✓ [  27.7s]  cut_divided_budget
    ✓ [  15.0s]  cut_qubit_prop
    ✓ [ 193.1s]  cut_incremental_budget
    ✓ [ 225.6s]  cut_incremental_qubit_prop

  11q / 5_Clifford+T_025
    ✓ [   5.8s]  noisy_vanilla
    ✓ [  27.8s]  cut_divided_budget
    ✓ [  16.2s]  cut_qubit_prop
    ✓ [ 286.7s]  cut_incremental_budget
    ✓ [ 228.0s]  cut_incremental_qubit_prop

  11q / 6_Clifford+T_026
    ✓ [   3.2s]  noisy_vanilla
    ✓ [  19.1s]  cut_divided_budget
    ✓ [  11.7s]  cut_qubit_prop
    ✓ [ 185.2s]  cut_incremental_budget
    ✓ [ 424.8s]  cut_incremental_qubit_prop

  11q / 7_Clifford+T_029
    ✓ [   6.5s]  noisy_vanilla
    ✓ [  27.4s]  cut_divided_budget
    ✓ [  16.6s]  cut_qubit_prop
    ✓ [ 196.7s]  cut_incremental_budget
    ✓ [ 237.8s]  cut_incremental_qubit_prop

  11q / 8_Clifford+T_030
    ✓ [   5.6s]  noisy_vanilla
    ✓ [  23.5s]  cut_divided_budget
    ✓ [  16.3s]  cut_qubit_prop
    ✓ [ 192.5s]  cut_incremental_budget
    ✓ [ 203.5s]  cut_incremental_qubit_prop

  11q / 9_Clifford+T_033
    ✓ [   5.3s]  noisy_vanilla
    ✓ [  27.6s]  cut_divided_budget
    ✓ [  16.9s]  cut_qubit_prop
    ✓ [ 241.4s]  cut_incremental_budget
    ✓ [ 240.1s]  cut_incremental_qubit_prop

========================================================================
