========================================================================
CUTTABLE CIRCUIT BENCHMARK RUN REPORT
Timestamp : 2026-05-29 18:30:43
========================================================================

DESIGN
------------------------------------------------------------------------
  Input        : valid_circuits.pkl produced by generate_and_cut.py
  Cut strategy : find_and_place_cuts + CutStrategy(min_free_wires=2)
  Ground truth : PennyLane default.qubit statevector (shots=None)
  Reconstruction: qcut_processing_fn (tensor contraction)
  Observable   : per-circuit Pauli string stored in CircuitSpec.observable
  Error        : |perf_exp_val - result|

CONFIGURATION
------------------------------------------------------------------------
  Shots (B)                 : 5000
  Noisy backend             : 'aer.fake_sherbrooke'
  Ideal backend             : 'aer.perfect'
  Simulator seed            : 42
  Output dir                : PosixPath('results/new/ewma_10k_sherbroke_01/12_qubits')
  2q-gate alpha             : 0.8
  Incr. batch shots         : 50
  Incr. threshold           : 0.03
  Incr. offset              : 3
  Incr. stability k         : 3
  Incr. stopping criterion  : 'ewma'
  Incr. distance metric     : 'tvd'
  Incr. window size         : 3
  Incr. EWMA alpha          : 0.5
  Selected modes            : noisy_vanilla, cut_divided_budget, cut_qubit_prop, cut_incremental_budget, cut_incremental_qubit_prop

SUMMARY
------------------------------------------------------------------------
Total: 50  ok: 50  failed: 0

RESULTS BY CIRCUIT
------------------------------------------------------------------------
  12q / 0_Clifford+T_001
    ✓ [  10.5s]  noisy_vanilla
    ✓ [  31.2s]  cut_divided_budget
    ✓ [  12.4s]  cut_qubit_prop
    ✓ [ 143.1s]  cut_incremental_budget
    ✓ [ 170.4s]  cut_incremental_qubit_prop

  12q / 1_Clifford+T_002
    ✓ [   2.6s]  noisy_vanilla
    ✓ [  64.3s]  cut_divided_budget
    ✓ [  44.5s]  cut_qubit_prop
    ✓ [ 200.7s]  cut_incremental_budget
    ✓ [ 174.1s]  cut_incremental_qubit_prop

  12q / 2_Clifford+T_004
    ✓ [   2.7s]  noisy_vanilla
    ✓ [  21.4s]  cut_divided_budget
    ✓ [  11.0s]  cut_qubit_prop
    ✓ [ 137.1s]  cut_incremental_budget
    ✓ [ 157.6s]  cut_incremental_qubit_prop

  12q / 3_Clifford+T_006
    ✓ [   2.6s]  noisy_vanilla
    ✓ [  19.9s]  cut_divided_budget
    ✓ [  12.0s]  cut_qubit_prop
    ✓ [ 124.0s]  cut_incremental_budget
    ✓ [ 160.6s]  cut_incremental_qubit_prop

  12q / 4_Clifford+T_011
    ✓ [   3.3s]  noisy_vanilla
    ✓ [  70.3s]  cut_divided_budget
    ✓ [  48.9s]  cut_qubit_prop
    ✓ [ 202.5s]  cut_incremental_budget
    ✓ [ 185.1s]  cut_incremental_qubit_prop

  12q / 5_Clifford+T_013
    ✓ [   3.1s]  noisy_vanilla
    ✓ [  58.5s]  cut_divided_budget
    ✓ [  52.4s]  cut_qubit_prop
    ✓ [ 210.3s]  cut_incremental_budget
    ✓ [ 168.5s]  cut_incremental_qubit_prop

  12q / 6_Clifford+T_015
    ✓ [   2.7s]  noisy_vanilla
    ✓ [  20.1s]  cut_divided_budget
    ✓ [  11.8s]  cut_qubit_prop
    ✓ [ 181.5s]  cut_incremental_budget
    ✓ [ 157.3s]  cut_incremental_qubit_prop

  12q / 7_Clifford+T_019
    ✓ [   2.8s]  noisy_vanilla
    ✓ [  12.9s]  cut_divided_budget
    ✓ [   2.2s]  cut_qubit_prop
    ✓ [  57.9s]  cut_incremental_budget
    ✓ [  72.1s]  cut_incremental_qubit_prop

  12q / 8_Clifford+T_021
    ✓ [   2.4s]  noisy_vanilla
    ✓ [  20.2s]  cut_divided_budget
    ✓ [  14.4s]  cut_qubit_prop
    ✓ [ 168.4s]  cut_incremental_budget
    ✓ [ 190.0s]  cut_incremental_qubit_prop

  12q / 9_Clifford+T_025
    ✓ [   2.2s]  noisy_vanilla
    ✓ [  52.4s]  cut_divided_budget
    ✓ [  43.8s]  cut_qubit_prop
    ✓ [ 163.9s]  cut_incremental_budget
    ✓ [ 160.3s]  cut_incremental_qubit_prop

========================================================================
