========================================================================
CUTTABLE CIRCUIT BENCHMARK RUN REPORT
Timestamp : 2026-06-16 01:31:55
========================================================================

DESIGN
------------------------------------------------------------------------
  Input        : valid_circuits.pkl produced by generate_and_cut.py
  Cut strategy : find_and_place_cuts + CutStrategy(min_free_wires=2)
  Ground truth : PennyLane default.qubit statevector (shots=None)
  Reconstruction: qcut_processing_fn (tensor contraction)
  Observable   : per-circuit Pauli string stored in CircuitSpec.observable
  Error        : |perf_exp_val - result|

CONFIGURATION
------------------------------------------------------------------------
  Shots (B)                 : 10000
  Noisy backend             : 'aer.fake_kyoto'
  Ideal backend             : 'aer.perfect'
  Simulator seed            : 42
  Output dir                : PosixPath('results/new/stable_shots_runs02_10-14q_no_vanilla/10000_shots/kyoto/11_qubits')
  2q-gate alpha             : 0.8
  Incr. batch shots         : 50
  Incr. threshold           : 0.005
  Incr. offset              : 3
  Incr. stability k         : 5
  Incr. stopping criterion  : 'delta'
  Incr. distance metric     : 'tvd'
  Incr. window size         : 3
  Incr. EWMA alpha          : 0.5
  Selected modes            : cut_divided_budget, cut_qubit_prop, cut_incremental_budget, cut_incremental_qubit_prop

SUMMARY
------------------------------------------------------------------------
Total: 40  ok: 40  failed: 0

RESULTS BY CIRCUIT
------------------------------------------------------------------------
  11q / 0_Clifford+T_001
    ✓ [  56.0s]  cut_divided_budget
    ✓ [  47.3s]  cut_qubit_prop
    ✓ [ 356.1s]  cut_incremental_budget
    ✓ [ 326.8s]  cut_incremental_qubit_prop

  11q / 1_Clifford+T_002
    ✓ [  56.3s]  cut_divided_budget
    ✓ [  47.8s]  cut_qubit_prop
    ✓ [ 342.9s]  cut_incremental_budget
    ✓ [ 323.6s]  cut_incremental_qubit_prop

  11q / 2_Clifford+T_011
    ✓ [  19.5s]  cut_divided_budget
    ✓ [  12.6s]  cut_qubit_prop
    ✓ [ 313.9s]  cut_incremental_budget
    ✓ [ 325.1s]  cut_incremental_qubit_prop

  11q / 3_Clifford+T_015
    ✓ [  19.0s]  cut_divided_budget
    ✓ [  12.2s]  cut_qubit_prop
    ✓ [ 304.9s]  cut_incremental_budget
    ✓ [ 314.5s]  cut_incremental_qubit_prop

  11q / 4_Clifford+T_017
    ✓ [  18.9s]  cut_divided_budget
    ✓ [  12.3s]  cut_qubit_prop
    ✓ [ 302.3s]  cut_incremental_budget
    ✓ [ 318.0s]  cut_incremental_qubit_prop

  11q / 5_Clifford+T_025
    ✓ [  18.8s]  cut_divided_budget
    ✓ [  12.0s]  cut_qubit_prop
    ✓ [ 304.9s]  cut_incremental_budget
    ✓ [ 315.7s]  cut_incremental_qubit_prop

  11q / 6_Clifford+T_026
    ✓ [  21.2s]  cut_divided_budget
    ✓ [  13.2s]  cut_qubit_prop
    ✓ [ 306.0s]  cut_incremental_budget
    ✓ [ 320.8s]  cut_incremental_qubit_prop

  11q / 7_Clifford+T_029
    ✓ [  18.4s]  cut_divided_budget
    ✓ [  12.0s]  cut_qubit_prop
    ✓ [ 305.0s]  cut_incremental_budget
    ✓ [ 311.8s]  cut_incremental_qubit_prop

  11q / 8_Clifford+T_030
    ✓ [  18.8s]  cut_divided_budget
    ✓ [  12.0s]  cut_qubit_prop
    ✓ [ 304.1s]  cut_incremental_budget
    ✓ [ 317.1s]  cut_incremental_qubit_prop

  11q / 9_Clifford+T_033
    ✓ [  18.6s]  cut_divided_budget
    ✓ [  12.2s]  cut_qubit_prop
    ✓ [ 306.9s]  cut_incremental_budget
    ✓ [ 320.0s]  cut_incremental_qubit_prop

========================================================================
