========================================================================
CUTTABLE CIRCUIT BENCHMARK RUN REPORT
Timestamp : 2026-06-18 02:59:17
========================================================================

DESIGN
------------------------------------------------------------------------
  Input        : valid_circuits.pkl produced by generate_and_cut.py
  Cut strategy : find_and_place_cuts + CutStrategy(min_free_wires=2)
  Ground truth : PennyLane default.qubit statevector (shots=None)
  Reconstruction: qcut_processing_fn (tensor contraction)
  Observable   : per-circuit Pauli string stored in CircuitSpec.observable
  Error        : |perf_exp_val - result|

CONFIGURATION
------------------------------------------------------------------------
  Shots (B)                 : 10000
  Noisy backend             : 'aer.fake_kawasaki'
  Ideal backend             : 'aer.perfect'
  Simulator seed            : 42
  Output dir                : PosixPath('results/new/stable_shots_02/10000_shots/kawasaki/12_qubits')
  2q-gate alpha             : 0.8
  Incr. batch shots         : 50
  Incr. threshold           : 0.03
  Incr. offset              : 3
  Incr. stability k         : 3
  Incr. stopping criterion  : 'delta'
  Incr. distance metric     : 'tvd'
  Incr. window size         : 3
  Incr. EWMA alpha          : 0.5
  Selected modes            : noisy_vanilla, cut_divided_budget, cut_qubit_prop, cut_incremental_budget, cut_incremental_qubit_prop

SUMMARY
------------------------------------------------------------------------
Total: 50  ok: 50  failed: 0

RESULTS BY CIRCUIT
------------------------------------------------------------------------
  12q / 0_Clifford+T_001
    ✓ [  17.1s]  noisy_vanilla
    ✓ [  25.4s]  cut_divided_budget
    ✓ [  16.3s]  cut_qubit_prop
    ✓ [ 282.6s]  cut_incremental_budget
    ✓ [ 339.3s]  cut_incremental_qubit_prop

  12q / 1_Clifford+T_002
    ✓ [  19.0s]  noisy_vanilla
    ✓ [  85.9s]  cut_divided_budget
    ✓ [  53.7s]  cut_qubit_prop
    ✓ [ 400.7s]  cut_incremental_budget
    ✓ [ 320.3s]  cut_incremental_qubit_prop

  12q / 2_Clifford+T_004
    ✓ [   9.0s]  noisy_vanilla
    ✓ [  26.6s]  cut_divided_budget
    ✓ [  17.3s]  cut_qubit_prop
    ✓ [ 178.1s]  cut_incremental_budget
    ✓ [ 206.8s]  cut_incremental_qubit_prop

  12q / 3_Clifford+T_006
    ✓ [   8.4s]  noisy_vanilla
    ✓ [  17.5s]  cut_divided_budget
    ✓ [  10.3s]  cut_qubit_prop
    ✓ [ 203.3s]  cut_incremental_budget
    ✓ [ 246.3s]  cut_incremental_qubit_prop

  12q / 4_Clifford+T_011
    ✓ [  19.3s]  noisy_vanilla
    ✓ [  86.4s]  cut_divided_budget
    ✓ [  76.2s]  cut_qubit_prop
    ✓ [ 468.8s]  cut_incremental_budget
    ✓ [ 370.7s]  cut_incremental_qubit_prop

  12q / 5_Clifford+T_013
    ✓ [  21.2s]  noisy_vanilla
    ✓ [  78.0s]  cut_divided_budget
    ✓ [  66.5s]  cut_qubit_prop
    ✓ [ 477.3s]  cut_incremental_budget
    ✓ [ 445.4s]  cut_incremental_qubit_prop

  12q / 6_Clifford+T_015
    ✓ [  17.7s]  noisy_vanilla
    ✓ [  27.8s]  cut_divided_budget
    ✓ [  16.5s]  cut_qubit_prop
    ✓ [ 320.3s]  cut_incremental_budget
    ✓ [ 297.0s]  cut_incremental_qubit_prop

  12q / 7_Clifford+T_019
    ✓ [   9.2s]  noisy_vanilla
    ✓ [  19.0s]  cut_divided_budget
    ✓ [   5.6s]  cut_qubit_prop
    ✓ [  67.3s]  cut_incremental_budget
    ✓ [  53.4s]  cut_incremental_qubit_prop

  12q / 8_Clifford+T_021
    ✓ [  14.1s]  noisy_vanilla
    ✓ [  27.7s]  cut_divided_budget
    ✓ [  16.2s]  cut_qubit_prop
    ✓ [ 288.2s]  cut_incremental_budget
    ✓ [ 255.6s]  cut_incremental_qubit_prop

  12q / 9_Clifford+T_025
    ✓ [  15.0s]  noisy_vanilla
    ✓ [  54.1s]  cut_divided_budget
    ✓ [  47.9s]  cut_qubit_prop
    ✓ [ 294.6s]  cut_incremental_budget
    ✓ [ 300.0s]  cut_incremental_qubit_prop

========================================================================
