========================================================================
CUTTABLE CIRCUIT BENCHMARK RUN REPORT
Timestamp : 2026-06-16 14:39:22
========================================================================

DESIGN
------------------------------------------------------------------------
  Input        : valid_circuits.pkl produced by generate_and_cut.py
  Cut strategy : find_and_place_cuts + CutStrategy(min_free_wires=2)
  Ground truth : PennyLane default.qubit statevector (shots=None)
  Reconstruction: qcut_processing_fn (tensor contraction)
  Observable   : per-circuit Pauli string stored in CircuitSpec.observable
  Error        : |perf_exp_val - result|

CONFIGURATION
------------------------------------------------------------------------
  Shots (B)                 : 10000
  Noisy backend             : 'aer.fake_torino'
  Ideal backend             : 'aer.perfect'
  Simulator seed            : 42
  Output dir                : PosixPath('results/new/stable_shots_runs02_15-16q_no_vanilla/10000_shots/torino/15_qubits')
  2q-gate alpha             : 0.8
  Incr. batch shots         : 50
  Incr. threshold           : 0.005
  Incr. offset              : 3
  Incr. stability k         : 5
  Incr. stopping criterion  : 'delta'
  Incr. distance metric     : 'tvd'
  Incr. window size         : 3
  Incr. EWMA alpha          : 0.5
  Selected modes            : cut_divided_budget, cut_qubit_prop, cut_incremental_budget, cut_incremental_qubit_prop

SUMMARY
------------------------------------------------------------------------
Total: 40  ok: 40  failed: 0

RESULTS BY CIRCUIT
------------------------------------------------------------------------
  15q / 0_Clifford+T_003
    ✓ [  41.8s]  cut_divided_budget
    ✓ [  35.2s]  cut_qubit_prop
    ✓ [ 816.6s]  cut_incremental_budget
    ✓ [ 830.4s]  cut_incremental_qubit_prop

  15q / 1_Clifford+T_009
    ✓ [  29.2s]  cut_divided_budget
    ✓ [  18.9s]  cut_qubit_prop
    ✓ [ 498.7s]  cut_incremental_budget
    ✓ [ 506.2s]  cut_incremental_qubit_prop

  15q / 2_Clifford+T_011
    ✓ [  35.0s]  cut_divided_budget
    ✓ [  24.9s]  cut_qubit_prop
    ✓ [ 548.6s]  cut_incremental_budget
    ✓ [ 831.2s]  cut_incremental_qubit_prop

  15q / 3_Clifford+T_015
    ✓ [ 129.6s]  cut_divided_budget
    ✓ [  95.8s]  cut_qubit_prop
    ✓ [ 611.6s]  cut_incremental_budget
    ✓ [ 552.7s]  cut_incremental_qubit_prop

  15q / 4_Clifford+T_016
    ✓ [  29.6s]  cut_divided_budget
    ✓ [  19.3s]  cut_qubit_prop
    ✓ [ 492.6s]  cut_incremental_budget
    ✓ [ 492.4s]  cut_incremental_qubit_prop

  15q / 5_Clifford+T_018
    ✓ [  30.3s]  cut_divided_budget
    ✓ [  19.2s]  cut_qubit_prop
    ✓ [ 482.8s]  cut_incremental_budget
    ✓ [ 492.9s]  cut_incremental_qubit_prop

  15q / 6_Clifford+T_022
    ✓ [  29.9s]  cut_divided_budget
    ✓ [  18.7s]  cut_qubit_prop
    ✓ [ 484.2s]  cut_incremental_budget
    ✓ [ 492.9s]  cut_incremental_qubit_prop

  15q / 7_Clifford+T_023
    ✓ [  34.6s]  cut_divided_budget
    ✓ [  25.5s]  cut_qubit_prop
    ✓ [ 482.0s]  cut_incremental_budget
    ✓ [ 499.8s]  cut_incremental_qubit_prop

  15q / 8_Clifford+T_024
    ✓ [  44.4s]  cut_divided_budget
    ✓ [  47.1s]  cut_qubit_prop
    ✓ [ 577.3s]  cut_incremental_budget
    ✓ [ 872.8s]  cut_incremental_qubit_prop

  15q / 9_Clifford+T_026
    ✓ [  72.2s]  cut_divided_budget
    ✓ [  91.1s]  cut_qubit_prop
    ✓ [ 821.2s]  cut_incremental_budget
    ✓ [ 886.7s]  cut_incremental_qubit_prop

========================================================================
