========================================================================
CUTTABLE CIRCUIT BENCHMARK RUN REPORT
Timestamp : 2026-06-17 19:32:14
========================================================================

DESIGN
------------------------------------------------------------------------
  Input        : valid_circuits.pkl produced by generate_and_cut.py
  Cut strategy : find_and_place_cuts + CutStrategy(min_free_wires=2)
  Ground truth : PennyLane default.qubit statevector (shots=None)
  Reconstruction: qcut_processing_fn (tensor contraction)
  Observable   : per-circuit Pauli string stored in CircuitSpec.observable
  Error        : |perf_exp_val - result|

CONFIGURATION
------------------------------------------------------------------------
  Shots (B)                 : 5000
  Noisy backend             : 'aer.fake_torino'
  Ideal backend             : 'aer.perfect'
  Simulator seed            : 42
  Output dir                : PosixPath('results/new/stable_shots3/5000_shots/torino/10_qubits')
  2q-gate alpha             : 0.8
  Incr. batch shots         : 50
  Incr. threshold           : 0.05
  Incr. offset              : 3
  Incr. stability k         : 5
  Incr. stopping criterion  : 'delta'
  Incr. distance metric     : 'tvd'
  Incr. window size         : 3
  Incr. EWMA alpha          : 0.5
  Selected modes            : noisy_vanilla, cut_divided_budget, cut_qubit_prop, cut_incremental_budget, cut_incremental_qubit_prop

SUMMARY
------------------------------------------------------------------------
Total: 50  ok: 50  failed: 0

RESULTS BY CIRCUIT
------------------------------------------------------------------------
  10q / 0_Clifford+T_001
    ✓ [   3.3s]  noisy_vanilla
    ✓ [ 128.0s]  cut_divided_budget
    ✓ [  82.6s]  cut_qubit_prop
    ✓ [ 336.6s]  cut_incremental_budget
    ✓ [ 282.3s]  cut_incremental_qubit_prop

  10q / 1_Clifford+T_004
    ✓ [   2.6s]  noisy_vanilla
    ✓ [  32.1s]  cut_divided_budget
    ✓ [  19.9s]  cut_qubit_prop
    ✓ [ 245.1s]  cut_incremental_budget
    ✓ [ 347.6s]  cut_incremental_qubit_prop

  10q / 2_Clifford+T_008
    ✓ [   2.5s]  noisy_vanilla
    ✓ [  86.8s]  cut_divided_budget
    ✓ [  78.6s]  cut_qubit_prop
    ✓ [ 442.1s]  cut_incremental_budget
    ✓ [ 422.1s]  cut_incremental_qubit_prop

  10q / 3_Clifford+T_015
    ✓ [   4.8s]  noisy_vanilla
    ✓ [  42.1s]  cut_divided_budget
    ✓ [  28.3s]  cut_qubit_prop
    ✓ [ 355.4s]  cut_incremental_budget
    ✓ [ 428.7s]  cut_incremental_qubit_prop

  10q / 4_Clifford+T_024
    ✓ [   3.2s]  noisy_vanilla
    ✓ [ 164.1s]  cut_divided_budget
    ✓ [ 130.4s]  cut_qubit_prop
    ✓ [ 472.8s]  cut_incremental_budget
    ✓ [ 456.0s]  cut_incremental_qubit_prop

  10q / 5_Clifford+T_026
    ✓ [   4.5s]  noisy_vanilla
    ✓ [  89.1s]  cut_divided_budget
    ✓ [ 120.7s]  cut_qubit_prop
    ✓ [ 456.7s]  cut_incremental_budget
    ✓ [ 280.2s]  cut_incremental_qubit_prop

  10q / 6_Clifford+T_032
    ✓ [   2.9s]  noisy_vanilla
    ✓ [  26.7s]  cut_divided_budget
    ✓ [  18.9s]  cut_qubit_prop
    ✓ [ 217.5s]  cut_incremental_budget
    ✓ [ 221.6s]  cut_incremental_qubit_prop

  10q / 7_Clifford+T_033
    ✓ [   2.9s]  noisy_vanilla
    ✓ [  40.9s]  cut_divided_budget
    ✓ [  32.1s]  cut_qubit_prop
    ✓ [ 313.3s]  cut_incremental_budget
    ✓ [ 331.8s]  cut_incremental_qubit_prop

  10q / 8_Clifford+T_039
    ✓ [   4.7s]  noisy_vanilla
    ✓ [ 125.5s]  cut_divided_budget
    ✓ [  96.2s]  cut_qubit_prop
    ✓ [ 327.2s]  cut_incremental_budget
    ✓ [ 296.2s]  cut_incremental_qubit_prop

  10q / 9_Clifford+T_041
    ✓ [   5.5s]  noisy_vanilla
    ✓ [  38.0s]  cut_divided_budget
    ✓ [  31.1s]  cut_qubit_prop
    ✓ [ 260.7s]  cut_incremental_budget
    ✓ [ 257.0s]  cut_incremental_qubit_prop

========================================================================
