========================================================================
CUTTABLE CIRCUIT BENCHMARK RUN REPORT
Timestamp : 2026-06-17 19:59:55
========================================================================

DESIGN
------------------------------------------------------------------------
  Input        : valid_circuits.pkl produced by generate_and_cut.py
  Cut strategy : find_and_place_cuts + CutStrategy(min_free_wires=2)
  Ground truth : PennyLane default.qubit statevector (shots=None)
  Reconstruction: qcut_processing_fn (tensor contraction)
  Observable   : per-circuit Pauli string stored in CircuitSpec.observable
  Error        : |perf_exp_val - result|

CONFIGURATION
------------------------------------------------------------------------
  Shots (B)                 : 5000
  Noisy backend             : 'aer.fake_kawasaki'
  Ideal backend             : 'aer.perfect'
  Simulator seed            : 42
  Output dir                : PosixPath('results/new/stable_shots_02/5000_shots/kawasaki/12_qubits')
  2q-gate alpha             : 0.8
  Incr. batch shots         : 50
  Incr. threshold           : 0.03
  Incr. offset              : 3
  Incr. stability k         : 3
  Incr. stopping criterion  : 'delta'
  Incr. distance metric     : 'tvd'
  Incr. window size         : 3
  Incr. EWMA alpha          : 0.5
  Selected modes            : noisy_vanilla, cut_divided_budget, cut_qubit_prop, cut_incremental_budget, cut_incremental_qubit_prop

SUMMARY
------------------------------------------------------------------------
Total: 50  ok: 50  failed: 0

RESULTS BY CIRCUIT
------------------------------------------------------------------------
  12q / 0_Clifford+T_001
    ✓ [   8.5s]  noisy_vanilla
    ✓ [  18.2s]  cut_divided_budget
    ✓ [  16.6s]  cut_qubit_prop
    ✓ [ 126.4s]  cut_incremental_budget
    ✓ [ 135.6s]  cut_incremental_qubit_prop

  12q / 1_Clifford+T_002
    ✓ [  14.0s]  noisy_vanilla
    ✓ [  51.4s]  cut_divided_budget
    ✓ [  44.2s]  cut_qubit_prop
    ✓ [ 166.2s]  cut_incremental_budget
    ✓ [ 147.7s]  cut_incremental_qubit_prop

  12q / 2_Clifford+T_004
    ✓ [   9.0s]  noisy_vanilla
    ✓ [  19.5s]  cut_divided_budget
    ✓ [  14.1s]  cut_qubit_prop
    ✓ [ 144.6s]  cut_incremental_budget
    ✓ [ 231.6s]  cut_incremental_qubit_prop

  12q / 3_Clifford+T_006
    ✓ [  17.0s]  noisy_vanilla
    ✓ [  28.1s]  cut_divided_budget
    ✓ [  10.2s]  cut_qubit_prop
    ✓ [ 117.6s]  cut_incremental_budget
    ✓ [ 134.5s]  cut_incremental_qubit_prop

  12q / 4_Clifford+T_011
    ✓ [   9.9s]  noisy_vanilla
    ✓ [  51.1s]  cut_divided_budget
    ✓ [  45.5s]  cut_qubit_prop
    ✓ [ 169.0s]  cut_incremental_budget
    ✓ [ 208.7s]  cut_incremental_qubit_prop

  12q / 5_Clifford+T_013
    ✓ [  22.9s]  noisy_vanilla
    ✓ [  79.2s]  cut_divided_budget
    ✓ [  62.9s]  cut_qubit_prop
    ✓ [ 170.6s]  cut_incremental_budget
    ✓ [ 175.5s]  cut_incremental_qubit_prop

  12q / 6_Clifford+T_015
    ✓ [   8.4s]  noisy_vanilla
    ✓ [  19.3s]  cut_divided_budget
    ✓ [   9.8s]  cut_qubit_prop
    ✓ [ 194.0s]  cut_incremental_budget
    ✓ [ 143.8s]  cut_incremental_qubit_prop

  12q / 7_Clifford+T_019
    ✓ [   8.9s]  noisy_vanilla
    ✓ [  14.4s]  cut_divided_budget
    ✓ [   2.8s]  cut_qubit_prop
    ✓ [  40.9s]  cut_incremental_budget
    ✓ [  32.8s]  cut_incremental_qubit_prop

  12q / 8_Clifford+T_021
    ✓ [  23.3s]  noisy_vanilla
    ✓ [  16.8s]  cut_divided_budget
    ✓ [  16.1s]  cut_qubit_prop
    ✓ [ 231.1s]  cut_incremental_budget
    ✓ [ 142.0s]  cut_incremental_qubit_prop

  12q / 9_Clifford+T_025
    ✓ [   7.7s]  noisy_vanilla
    ✓ [  53.5s]  cut_divided_budget
    ✓ [  60.9s]  cut_qubit_prop
    ✓ [ 265.5s]  cut_incremental_budget
    ✓ [ 173.0s]  cut_incremental_qubit_prop

========================================================================
