========================================================================
CUTTABLE CIRCUIT BENCHMARK RUN REPORT
Timestamp : 2026-06-09 15:31:57
========================================================================

DESIGN
------------------------------------------------------------------------
  Input        : valid_circuits.pkl produced by generate_and_cut.py
  Cut strategy : find_and_place_cuts + CutStrategy(min_free_wires=2)
  Ground truth : PennyLane default.qubit statevector (shots=None)
  Reconstruction: qcut_processing_fn (tensor contraction)
  Observable   : per-circuit Pauli string stored in CircuitSpec.observable
  Error        : |perf_exp_val - result|

CONFIGURATION
------------------------------------------------------------------------
  Shots (B)                 : 5000
  Noisy backend             : 'aer.fake_sherbrooke'
  Ideal backend             : 'aer.perfect'
  Simulator seed            : 42
  Output dir                : PosixPath('results/new/ewma_5k_sherbroke_01/13_qubits')
  2q-gate alpha             : 0.8
  Incr. batch shots         : 50
  Incr. threshold           : 0.03
  Incr. offset              : 3
  Incr. stability k         : 3
  Incr. stopping criterion  : 'ewma'
  Incr. distance metric     : 'tvd'
  Incr. window size         : 3
  Incr. EWMA alpha          : 0.5
  Selected modes            : noisy_vanilla, cut_divided_budget, cut_qubit_prop, cut_incremental_budget, cut_incremental_qubit_prop

SUMMARY
------------------------------------------------------------------------
Total: 50  ok: 50  failed: 0

RESULTS BY CIRCUIT
------------------------------------------------------------------------
  13q / 0_Clifford+T_002
    ✓ [   6.9s]  noisy_vanilla
    ✓ [  27.4s]  cut_divided_budget
    ✓ [  11.9s]  cut_qubit_prop
    ✓ [ 119.0s]  cut_incremental_budget
    ✓ [ 145.3s]  cut_incremental_qubit_prop

  13q / 1_Clifford+T_004
    ✓ [   2.7s]  noisy_vanilla
    ✓ [  32.9s]  cut_divided_budget
    ✓ [  11.5s]  cut_qubit_prop
    ✓ [ 137.8s]  cut_incremental_budget
    ✓ [ 161.0s]  cut_incremental_qubit_prop

  13q / 2_Clifford+T_007
    ✓ [   7.0s]  noisy_vanilla
    ✓ [  25.8s]  cut_divided_budget
    ✓ [  13.0s]  cut_qubit_prop
    ✓ [ 146.6s]  cut_incremental_budget
    ✓ [ 158.7s]  cut_incremental_qubit_prop

  13q / 3_Clifford+T_010
    ✓ [   3.8s]  noisy_vanilla
    ✓ [  24.3s]  cut_divided_budget
    ✓ [  10.5s]  cut_qubit_prop
    ✓ [ 128.4s]  cut_incremental_budget
    ✓ [ 163.8s]  cut_incremental_qubit_prop

  13q / 4_Clifford+T_012
    ✓ [   3.2s]  noisy_vanilla
    ✓ [  18.7s]  cut_divided_budget
    ✓ [  10.6s]  cut_qubit_prop
    ✓ [ 152.4s]  cut_incremental_budget
    ✓ [ 161.2s]  cut_incremental_qubit_prop

  13q / 5_Clifford+T_014
    ✓ [   5.9s]  noisy_vanilla
    ✓ [  51.5s]  cut_divided_budget
    ✓ [  43.8s]  cut_qubit_prop
    ✓ [ 193.9s]  cut_incremental_budget
    ✓ [ 159.2s]  cut_incremental_qubit_prop

  13q / 6_Clifford+T_015
    ✓ [   2.9s]  noisy_vanilla
    ✓ [  22.4s]  cut_divided_budget
    ✓ [  12.4s]  cut_qubit_prop
    ✓ [ 165.2s]  cut_incremental_budget
    ✓ [ 166.1s]  cut_incremental_qubit_prop

  13q / 7_Clifford+T_016
    ✓ [   3.1s]  noisy_vanilla
    ✓ [  21.0s]  cut_divided_budget
    ✓ [  13.5s]  cut_qubit_prop
    ✓ [ 150.7s]  cut_incremental_budget
    ✓ [ 146.8s]  cut_incremental_qubit_prop

  13q / 8_Clifford+T_017
    ✓ [   2.9s]  noisy_vanilla
    ✓ [  23.8s]  cut_divided_budget
    ✓ [  12.1s]  cut_qubit_prop
    ✓ [ 135.2s]  cut_incremental_budget
    ✓ [ 149.9s]  cut_incremental_qubit_prop

  13q / 9_Clifford+T_020
    ✓ [   3.0s]  noisy_vanilla
    ✓ [  19.6s]  cut_divided_budget
    ✓ [  10.6s]  cut_qubit_prop
    ✓ [ 113.7s]  cut_incremental_budget
    ✓ [ 133.5s]  cut_incremental_qubit_prop

========================================================================
