========================================================================
CUTTABLE CIRCUIT BENCHMARK RUN REPORT
Timestamp : 2026-06-12 13:05:19
========================================================================

DESIGN
------------------------------------------------------------------------
  Input        : valid_circuits.pkl produced by generate_and_cut.py
  Cut strategy : find_and_place_cuts + CutStrategy(min_free_wires=2)
  Ground truth : PennyLane default.qubit statevector (shots=None)
  Reconstruction: qcut_processing_fn (tensor contraction)
  Observable   : per-circuit Pauli string stored in CircuitSpec.observable
  Error        : |perf_exp_val - result|

CONFIGURATION
------------------------------------------------------------------------
  Shots (B)                 : 5000
  Noisy backend             : 'aer.fake_sherbrooke'
  Ideal backend             : 'aer.perfect'
  Simulator seed            : 42
  Output dir                : PosixPath('results/new/stable_shots_runs_10-14q_no_vanilla/5000_shots/sherbrooke/12_qubits')
  2q-gate alpha             : 0.8
  Incr. batch shots         : 50
  Incr. threshold           : 0.0005
  Incr. offset              : 2
  Incr. stability k         : 5
  Incr. stopping criterion  : 'delta'
  Incr. distance metric     : 'tvd'
  Incr. window size         : 3
  Incr. EWMA alpha          : 0.5
  Selected modes            : cut_divided_budget, cut_qubit_prop, cut_incremental_budget, cut_incremental_qubit_prop

SUMMARY
------------------------------------------------------------------------
Total: 40  ok: 40  failed: 0

RESULTS BY CIRCUIT
------------------------------------------------------------------------
  12q / 0_Clifford+T_001
    ✓ [  18.0s]  cut_divided_budget
    ✓ [  11.7s]  cut_qubit_prop
    ✓ [ 150.8s]  cut_incremental_budget
    ✓ [ 152.4s]  cut_incremental_qubit_prop

  12q / 1_Clifford+T_002
    ✓ [  55.3s]  cut_divided_budget
    ✓ [  49.3s]  cut_qubit_prop
    ✓ [ 188.7s]  cut_incremental_budget
    ✓ [ 167.4s]  cut_incremental_qubit_prop

  12q / 2_Clifford+T_004
    ✓ [  20.6s]  cut_divided_budget
    ✓ [  15.2s]  cut_qubit_prop
    ✓ [ 153.5s]  cut_incremental_budget
    ✓ [ 157.8s]  cut_incremental_qubit_prop

  12q / 3_Clifford+T_006
    ✓ [  18.0s]  cut_divided_budget
    ✓ [  11.7s]  cut_qubit_prop
    ✓ [ 152.2s]  cut_incremental_budget
    ✓ [ 154.3s]  cut_incremental_qubit_prop

  12q / 4_Clifford+T_011
    ✓ [  55.9s]  cut_divided_budget
    ✓ [  50.6s]  cut_qubit_prop
    ✓ [ 189.8s]  cut_incremental_budget
    ✓ [ 170.3s]  cut_incremental_qubit_prop

  12q / 5_Clifford+T_013
    ✓ [  54.1s]  cut_divided_budget
    ✓ [  47.1s]  cut_qubit_prop
    ✓ [ 191.0s]  cut_incremental_budget
    ✓ [ 168.2s]  cut_incremental_qubit_prop

  12q / 6_Clifford+T_015
    ✓ [  18.1s]  cut_divided_budget
    ✓ [  11.5s]  cut_qubit_prop
    ✓ [ 152.1s]  cut_incremental_budget
    ✓ [ 154.0s]  cut_incremental_qubit_prop

  12q / 7_Clifford+T_019
    ✓ [  10.6s]  cut_divided_budget
    ✓ [   3.1s]  cut_qubit_prop
    ✓ [ 153.6s]  cut_incremental_budget
    ✓ [ 153.1s]  cut_incremental_qubit_prop

  12q / 8_Clifford+T_021
    ✓ [  18.0s]  cut_divided_budget
    ✓ [  11.5s]  cut_qubit_prop
    ✓ [ 156.3s]  cut_incremental_budget
    ✓ [ 156.1s]  cut_incremental_qubit_prop

  12q / 9_Clifford+T_025
    ✓ [  54.8s]  cut_divided_budget
    ✓ [  48.1s]  cut_qubit_prop
    ✓ [ 189.9s]  cut_incremental_budget
    ✓ [ 191.0s]  cut_incremental_qubit_prop

========================================================================
