========================================================================
CUTTABLE CIRCUIT BENCHMARK RUN REPORT
Timestamp : 2026-06-18 10:49:30
========================================================================

DESIGN
------------------------------------------------------------------------
  Input        : valid_circuits.pkl produced by generate_and_cut.py
  Cut strategy : find_and_place_cuts + CutStrategy(min_free_wires=2)
  Ground truth : PennyLane default.qubit statevector (shots=None)
  Reconstruction: qcut_processing_fn (tensor contraction)
  Observable   : per-circuit Pauli string stored in CircuitSpec.observable
  Error        : |perf_exp_val - result|

CONFIGURATION
------------------------------------------------------------------------
  Shots (B)                 : 20000
  Noisy backend             : 'aer.fake_kawasaki'
  Ideal backend             : 'aer.perfect'
  Simulator seed            : 42
  Output dir                : PosixPath('results/new/stable_shots3/20000_shots/kawasaki/13_qubits')
  2q-gate alpha             : 0.8
  Incr. batch shots         : 50
  Incr. threshold           : 0.05
  Incr. offset              : 3
  Incr. stability k         : 5
  Incr. stopping criterion  : 'delta'
  Incr. distance metric     : 'tvd'
  Incr. window size         : 3
  Incr. EWMA alpha          : 0.5
  Selected modes            : noisy_vanilla, cut_divided_budget, cut_qubit_prop, cut_incremental_budget, cut_incremental_qubit_prop

SUMMARY
------------------------------------------------------------------------
Total: 50  ok: 50  failed: 0

RESULTS BY CIRCUIT
------------------------------------------------------------------------
  13q / 0_Clifford+T_002
    ✓ [  51.1s]  noisy_vanilla
    ✓ [  44.0s]  cut_divided_budget
    ✓ [  33.7s]  cut_qubit_prop
    ✓ [ 174.0s]  cut_incremental_budget
    ✓ [ 176.8s]  cut_incremental_qubit_prop

  13q / 1_Clifford+T_004
    ✓ [  30.0s]  noisy_vanilla
    ✓ [  22.4s]  cut_divided_budget
    ✓ [  10.4s]  cut_qubit_prop
    ✓ [ 158.8s]  cut_incremental_budget
    ✓ [ 158.1s]  cut_incremental_qubit_prop

  13q / 2_Clifford+T_007
    ✓ [  40.2s]  noisy_vanilla
    ✓ [  21.9s]  cut_divided_budget
    ✓ [  10.0s]  cut_qubit_prop
    ✓ [ 132.9s]  cut_incremental_budget
    ✓ [ 131.6s]  cut_incremental_qubit_prop

  13q / 3_Clifford+T_010
    ✓ [  35.7s]  noisy_vanilla
    ✓ [  29.3s]  cut_divided_budget
    ✓ [  17.7s]  cut_qubit_prop
    ✓ [ 177.6s]  cut_incremental_budget
    ✓ [ 174.1s]  cut_incremental_qubit_prop

  13q / 4_Clifford+T_012
    ✓ [  24.6s]  noisy_vanilla
    ✓ [  26.8s]  cut_divided_budget
    ✓ [  14.7s]  cut_qubit_prop
    ✓ [ 148.6s]  cut_incremental_budget
    ✓ [ 227.9s]  cut_incremental_qubit_prop

  13q / 5_Clifford+T_014
    ✓ [  75.8s]  noisy_vanilla
    ✓ [  78.0s]  cut_divided_budget
    ✓ [  70.7s]  cut_qubit_prop
    ✓ [ 829.3s]  cut_incremental_budget
    ✓ [ 837.9s]  cut_incremental_qubit_prop

  13q / 6_Clifford+T_015
    ✓ [  60.1s]  noisy_vanilla
    ✓ [  22.8s]  cut_divided_budget
    ✓ [  10.4s]  cut_qubit_prop
    ✓ [ 151.6s]  cut_incremental_budget
    ✓ [ 198.0s]  cut_incremental_qubit_prop

  13q / 7_Clifford+T_016
    ✓ [  59.8s]  noisy_vanilla
    ✓ [  24.3s]  cut_divided_budget
    ✓ [  17.0s]  cut_qubit_prop
    ✓ [ 194.1s]  cut_incremental_budget
    ✓ [ 197.7s]  cut_incremental_qubit_prop

  13q / 8_Clifford+T_017
    ✓ [  60.7s]  noisy_vanilla
    ✓ [  23.6s]  cut_divided_budget
    ✓ [  16.5s]  cut_qubit_prop
    ✓ [ 199.9s]  cut_incremental_budget
    ✓ [ 185.0s]  cut_incremental_qubit_prop

  13q / 9_Clifford+T_020
    ✓ [  41.1s]  noisy_vanilla
    ✓ [  38.9s]  cut_divided_budget
    ✓ [  45.7s]  cut_qubit_prop
    ✓ [ 211.8s]  cut_incremental_budget
    ✓ [ 218.3s]  cut_incremental_qubit_prop

========================================================================
