========================================================================
CUTTABLE CIRCUIT BENCHMARK RUN REPORT
Timestamp : 2026-06-08 15:44:53
========================================================================

DESIGN
------------------------------------------------------------------------
  Input        : valid_circuits.pkl produced by generate_and_cut.py
  Cut strategy : find_and_place_cuts + CutStrategy(min_free_wires=2)
  Ground truth : PennyLane default.qubit statevector (shots=None)
  Reconstruction: qcut_processing_fn (tensor contraction)
  Observable   : per-circuit Pauli string stored in CircuitSpec.observable
  Error        : |perf_exp_val - result|

CONFIGURATION
------------------------------------------------------------------------
  Shots (B)                 : 5000
  Noisy backend             : 'aer.fake_kyoto'
  Ideal backend             : 'aer.perfect'
  Simulator seed            : 42
  Output dir                : PosixPath('results/new/ewma_5k_kyoto_01/12_qubits')
  2q-gate alpha             : 0.8
  Incr. batch shots         : 50
  Incr. threshold           : 0.03
  Incr. offset              : 3
  Incr. stability k         : 3
  Incr. stopping criterion  : 'ewma'
  Incr. distance metric     : 'tvd'
  Incr. window size         : 3
  Incr. EWMA alpha          : 0.5
  Selected modes            : noisy_vanilla, cut_divided_budget, cut_qubit_prop, cut_incremental_budget, cut_incremental_qubit_prop

SUMMARY
------------------------------------------------------------------------
Total: 50  ok: 50  failed: 0

RESULTS BY CIRCUIT
------------------------------------------------------------------------
  12q / 0_Clifford+T_001
    ✓ [  10.9s]  noisy_vanilla
    ✓ [  28.8s]  cut_divided_budget
    ✓ [  18.8s]  cut_qubit_prop
    ✓ [ 177.4s]  cut_incremental_budget
    ✓ [ 208.2s]  cut_incremental_qubit_prop

  12q / 1_Clifford+T_002
    ✓ [   2.8s]  noisy_vanilla
    ✓ [  75.7s]  cut_divided_budget
    ✓ [  62.9s]  cut_qubit_prop
    ✓ [ 250.5s]  cut_incremental_budget
    ✓ [ 196.2s]  cut_incremental_qubit_prop

  12q / 2_Clifford+T_004
    ✓ [   2.8s]  noisy_vanilla
    ✓ [  26.9s]  cut_divided_budget
    ✓ [  14.0s]  cut_qubit_prop
    ✓ [ 171.7s]  cut_incremental_budget
    ✓ [ 178.7s]  cut_incremental_qubit_prop

  12q / 3_Clifford+T_006
    ✓ [   2.9s]  noisy_vanilla
    ✓ [  27.0s]  cut_divided_budget
    ✓ [  17.4s]  cut_qubit_prop
    ✓ [ 178.6s]  cut_incremental_budget
    ✓ [ 192.1s]  cut_incremental_qubit_prop

  12q / 4_Clifford+T_011
    ✓ [   2.9s]  noisy_vanilla
    ✓ [  72.2s]  cut_divided_budget
    ✓ [  60.9s]  cut_qubit_prop
    ✓ [ 240.9s]  cut_incremental_budget
    ✓ [ 226.4s]  cut_incremental_qubit_prop

  12q / 5_Clifford+T_013
    ✓ [   3.2s]  noisy_vanilla
    ✓ [  67.1s]  cut_divided_budget
    ✓ [  52.7s]  cut_qubit_prop
    ✓ [ 254.6s]  cut_incremental_budget
    ✓ [ 219.7s]  cut_incremental_qubit_prop

  12q / 6_Clifford+T_015
    ✓ [   2.7s]  noisy_vanilla
    ✓ [  23.3s]  cut_divided_budget
    ✓ [  15.2s]  cut_qubit_prop
    ✓ [ 211.7s]  cut_incremental_budget
    ✓ [ 194.4s]  cut_incremental_qubit_prop

  12q / 7_Clifford+T_019
    ✓ [   2.9s]  noisy_vanilla
    ✓ [  11.4s]  cut_divided_budget
    ✓ [   2.2s]  cut_qubit_prop
    ✓ [  60.3s]  cut_incremental_budget
    ✓ [  60.3s]  cut_incremental_qubit_prop

  12q / 8_Clifford+T_021
    ✓ [   2.7s]  noisy_vanilla
    ✓ [  21.9s]  cut_divided_budget
    ✓ [  13.4s]  cut_qubit_prop
    ✓ [ 178.7s]  cut_incremental_budget
    ✓ [ 194.1s]  cut_incremental_qubit_prop

  12q / 9_Clifford+T_025
    ✓ [   3.2s]  noisy_vanilla
    ✓ [  58.2s]  cut_divided_budget
    ✓ [  49.9s]  cut_qubit_prop
    ✓ [ 211.8s]  cut_incremental_budget
    ✓ [ 202.0s]  cut_incremental_qubit_prop

========================================================================
