========================================================================
CUTTABLE CIRCUIT BENCHMARK RUN REPORT
Timestamp : 2026-06-18 14:41:37
========================================================================

DESIGN
------------------------------------------------------------------------
  Input        : valid_circuits.pkl produced by generate_and_cut.py
  Cut strategy : find_and_place_cuts + CutStrategy(min_free_wires=2)
  Ground truth : PennyLane default.qubit statevector (shots=None)
  Reconstruction: qcut_processing_fn (tensor contraction)
  Observable   : per-circuit Pauli string stored in CircuitSpec.observable
  Error        : |perf_exp_val - result|

CONFIGURATION
------------------------------------------------------------------------
  Shots (B)                 : 20000
  Noisy backend             : 'aer.fake_kyoto'
  Ideal backend             : 'aer.perfect'
  Simulator seed            : 42
  Output dir                : PosixPath('results/new/stable_shots_02/20000_shots/kyoto/12_qubits')
  2q-gate alpha             : 0.8
  Incr. batch shots         : 50
  Incr. threshold           : 0.03
  Incr. offset              : 3
  Incr. stability k         : 3
  Incr. stopping criterion  : 'delta'
  Incr. distance metric     : 'tvd'
  Incr. window size         : 3
  Incr. EWMA alpha          : 0.5
  Selected modes            : noisy_vanilla, cut_divided_budget, cut_qubit_prop, cut_incremental_budget, cut_incremental_qubit_prop

SUMMARY
------------------------------------------------------------------------
Total: 50  ok: 50  failed: 0

RESULTS BY CIRCUIT
------------------------------------------------------------------------
  12q / 0_Clifford+T_001
    ✓ [   9.2s]  noisy_vanilla
    ✓ [  24.1s]  cut_divided_budget
    ✓ [  18.3s]  cut_qubit_prop
    ✓ [ 509.7s]  cut_incremental_budget
    ✓ [ 345.3s]  cut_incremental_qubit_prop

  12q / 1_Clifford+T_002
    ✓ [  11.8s]  noisy_vanilla
    ✓ [ 106.2s]  cut_divided_budget
    ✓ [ 106.9s]  cut_qubit_prop
    ✓ [ 933.4s]  cut_incremental_budget
    ✓ [ 649.9s]  cut_incremental_qubit_prop

  12q / 2_Clifford+T_004
    ✓ [   9.2s]  noisy_vanilla
    ✓ [  26.6s]  cut_divided_budget
    ✓ [  19.2s]  cut_qubit_prop
    ✓ [ 365.9s]  cut_incremental_budget
    ✓ [ 544.3s]  cut_incremental_qubit_prop

  12q / 3_Clifford+T_006
    ✓ [  17.1s]  noisy_vanilla
    ✓ [  33.5s]  cut_divided_budget
    ✓ [  20.8s]  cut_qubit_prop
    ✓ [ 425.1s]  cut_incremental_budget
    ✓ [ 272.7s]  cut_incremental_qubit_prop

  12q / 4_Clifford+T_011
    ✓ [   9.8s]  noisy_vanilla
    ✓ [  71.8s]  cut_divided_budget
    ✓ [  66.9s]  cut_qubit_prop
    ✓ [ 577.3s]  cut_incremental_budget
    ✓ [ 685.5s]  cut_incremental_qubit_prop

  12q / 5_Clifford+T_013
    ✓ [  11.4s]  noisy_vanilla
    ✓ [  61.0s]  cut_divided_budget
    ✓ [  48.9s]  cut_qubit_prop
    ✓ [ 675.1s]  cut_incremental_budget
    ✓ [ 667.7s]  cut_incremental_qubit_prop

  12q / 6_Clifford+T_015
    ✓ [   9.0s]  noisy_vanilla
    ✓ [  24.0s]  cut_divided_budget
    ✓ [  12.0s]  cut_qubit_prop
    ✓ [ 283.5s]  cut_incremental_budget
    ✓ [ 291.6s]  cut_incremental_qubit_prop

  12q / 7_Clifford+T_019
    ✓ [   9.5s]  noisy_vanilla
    ✓ [  16.6s]  cut_divided_budget
    ✓ [   3.4s]  cut_qubit_prop
    ✓ [  53.0s]  cut_incremental_budget
    ✓ [  57.9s]  cut_incremental_qubit_prop

  12q / 8_Clifford+T_021
    ✓ [   7.5s]  noisy_vanilla
    ✓ [  23.7s]  cut_divided_budget
    ✓ [  12.0s]  cut_qubit_prop
    ✓ [ 262.6s]  cut_incremental_budget
    ✓ [ 278.4s]  cut_incremental_qubit_prop

  12q / 9_Clifford+T_025
    ✓ [   7.7s]  noisy_vanilla
    ✓ [  60.9s]  cut_divided_budget
    ✓ [  49.2s]  cut_qubit_prop
    ✓ [ 645.6s]  cut_incremental_budget
    ✓ [ 645.3s]  cut_incremental_qubit_prop

========================================================================
