========================================================================
CUTTABLE CIRCUIT BENCHMARK RUN REPORT
Timestamp : 2026-04-24 16:34:48
========================================================================

DESIGN
------------------------------------------------------------------------
  Input        : valid_circuits.pkl produced by generate_and_cut.py
  Cut strategy : find_and_place_cuts + CutStrategy(min_free_wires=2)
  Ground truth : PennyLane default.qubit statevector (shots=None)
  Reconstruction: qcut_processing_fn (tensor contraction)
  Observable   : per-circuit Pauli string stored in CircuitSpec.observable
  Error        : |perf_exp_val - result|

CONFIGURATION
------------------------------------------------------------------------
  Shots (B)                 : 20000
  Noisy backend             : 'aer.fake_torino'
  Ideal backend             : 'aer.perfect'
  Simulator seed            : 42
  Output dir                : PosixPath('results/20k_dma_02/09_qubits')
  2q-gate alpha             : 0.8
  Incr. batch shots         : 50
  Incr. threshold           : 0.02
  Incr. offset              : 2
  Incr. stability k         : 5
  Incr. stopping criterion  : 'dma'
  Incr. distance metric     : 'tvd'
  Incr. window size         : 3
  Incr. EWMA alpha          : 0.5
  Selected modes            : noisy_vanilla, cut_divided_budget, cut_qubit_prop, cut_incremental_budget, cut_incremental_qubit_prop

SUMMARY
------------------------------------------------------------------------
Total: 50  ok: 50  failed: 0

RESULTS BY CIRCUIT
------------------------------------------------------------------------
  9q / 0_Clifford+T_004
    ✓ [   3.0s]  noisy_vanilla
    ✓ [  85.6s]  cut_divided_budget
    ✓ [  79.7s]  cut_qubit_prop
    ✓ [ 710.7s]  cut_incremental_budget
    ✓ [ 627.5s]  cut_incremental_qubit_prop

  9q / 1_QuantumVolume_012
    ✓ [   2.7s]  noisy_vanilla
    ✓ [1135.1s]  cut_divided_budget
    ✓ [  80.8s]  cut_qubit_prop
    ✓ [ 718.0s]  cut_incremental_budget
    ✓ [ 684.1s]  cut_incremental_qubit_prop

  9q / 2_Clifford+T_016
    ✓ [   2.4s]  noisy_vanilla
    ✓ [  92.4s]  cut_divided_budget
    ✓ [  79.2s]  cut_qubit_prop
    ✓ [ 714.0s]  cut_incremental_budget
    ✓ [ 682.7s]  cut_incremental_qubit_prop

  9q / 3_Clifford+T_034
    ✓ [   2.2s]  noisy_vanilla
    ✓ [  34.3s]  cut_divided_budget
    ✓ [  25.4s]  cut_qubit_prop
    ✓ [ 182.2s]  cut_incremental_budget
    ✓ [ 182.4s]  cut_incremental_qubit_prop

  9q / 4_Clifford+T_070
    ✓ [   2.4s]  noisy_vanilla
    ✓ [  29.9s]  cut_divided_budget
    ✓ [  24.5s]  cut_qubit_prop
    ✓ [ 194.2s]  cut_incremental_budget
    ✓ [ 179.0s]  cut_incremental_qubit_prop

  9q / 5_Clifford+T_106
    ✓ [   5.3s]  noisy_vanilla
    ✓ [  93.8s]  cut_divided_budget
    ✓ [  74.4s]  cut_qubit_prop
    ✓ [ 704.0s]  cut_incremental_budget
    ✓ [ 641.8s]  cut_incremental_qubit_prop

  9q / 6_QuantumVolume_126
    ✓ [   2.5s]  noisy_vanilla
    ✓ [1114.8s]  cut_divided_budget
    ✓ [  72.5s]  cut_qubit_prop
    ✓ [ 805.0s]  cut_incremental_budget
    ✓ [ 789.1s]  cut_incremental_qubit_prop

  9q / 7_Clifford+T_154
    ✓ [   2.8s]  noisy_vanilla
    ✓ [  25.0s]  cut_divided_budget
    ✓ [  19.5s]  cut_qubit_prop
    ✓ [ 167.2s]  cut_incremental_budget
    ✓ [ 166.1s]  cut_incremental_qubit_prop

  9q / 8_Clifford+T_166
    ✓ [   2.5s]  noisy_vanilla
    ✓ [  26.9s]  cut_divided_budget
    ✓ [  18.5s]  cut_qubit_prop
    ✓ [ 164.5s]  cut_incremental_budget
    ✓ [ 170.8s]  cut_incremental_qubit_prop

  9q / 9_Clifford+T_184
    ✓ [   2.2s]  noisy_vanilla
    ✓ [  88.3s]  cut_divided_budget
    ✓ [  87.3s]  cut_qubit_prop
    ✓ [1004.2s]  cut_incremental_budget
    ✓ [ 912.2s]  cut_incremental_qubit_prop

========================================================================
