========================================================================
CUTTABLE CIRCUIT BENCHMARK RUN REPORT
Timestamp : 2026-06-16 17:24:23
========================================================================

DESIGN
------------------------------------------------------------------------
  Input        : valid_circuits.pkl produced by generate_and_cut.py
  Cut strategy : find_and_place_cuts + CutStrategy(min_free_wires=2)
  Ground truth : PennyLane default.qubit statevector (shots=None)
  Reconstruction: qcut_processing_fn (tensor contraction)
  Observable   : per-circuit Pauli string stored in CircuitSpec.observable
  Error        : |perf_exp_val - result|

CONFIGURATION
------------------------------------------------------------------------
  Shots (B)                 : 20000
  Noisy backend             : 'aer.fake_sherbrooke'
  Ideal backend             : 'aer.perfect'
  Simulator seed            : 42
  Output dir                : PosixPath('results/new/stable_shots_runs02_10-14q_no_vanilla/20000_shots/sherbrooke/14_qubits')
  2q-gate alpha             : 0.8
  Incr. batch shots         : 50
  Incr. threshold           : 0.005
  Incr. offset              : 3
  Incr. stability k         : 5
  Incr. stopping criterion  : 'delta'
  Incr. distance metric     : 'tvd'
  Incr. window size         : 3
  Incr. EWMA alpha          : 0.5
  Selected modes            : cut_divided_budget, cut_qubit_prop, cut_incremental_budget, cut_incremental_qubit_prop

SUMMARY
------------------------------------------------------------------------
Total: 40  ok: 40  failed: 0

RESULTS BY CIRCUIT
------------------------------------------------------------------------
  14q / 0_Clifford+T_001
    ✓ [ 102.2s]  cut_divided_budget
    ✓ [ 114.8s]  cut_qubit_prop
    ✓ [ 574.8s]  cut_incremental_budget
    ✓ [ 546.4s]  cut_incremental_qubit_prop

  14q / 1_Clifford+T_011
    ✓ [  83.4s]  cut_divided_budget
    ✓ [  77.8s]  cut_qubit_prop
    ✓ [ 761.3s]  cut_incremental_budget
    ✓ [ 821.2s]  cut_incremental_qubit_prop

  14q / 2_Clifford+T_012
    ✓ [  59.0s]  cut_divided_budget
    ✓ [  83.8s]  cut_qubit_prop
    ✓ [ 773.5s]  cut_incremental_budget
    ✓ [ 914.5s]  cut_incremental_qubit_prop

  14q / 3_Clifford+T_014
    ✓ [  93.2s]  cut_divided_budget
    ✓ [ 129.9s]  cut_qubit_prop
    ✓ [ 710.6s]  cut_incremental_budget
    ✓ [ 975.4s]  cut_incremental_qubit_prop

  14q / 4_Clifford+T_015
    ✓ [  75.9s]  cut_divided_budget
    ✓ [  64.5s]  cut_qubit_prop
    ✓ [ 634.9s]  cut_incremental_budget
    ✓ [ 604.0s]  cut_incremental_qubit_prop

  14q / 5_Clifford+T_016
    ✓ [  17.1s]  cut_divided_budget
    ✓ [  10.4s]  cut_qubit_prop
    ✓ [ 485.8s]  cut_incremental_budget
    ✓ [ 527.5s]  cut_incremental_qubit_prop

  14q / 6_Clifford+T_018
    ✓ [  17.1s]  cut_divided_budget
    ✓ [   9.8s]  cut_qubit_prop
    ✓ [ 502.8s]  cut_incremental_budget
    ✓ [ 524.1s]  cut_incremental_qubit_prop

  14q / 7_Clifford+T_019
    ✓ [  38.4s]  cut_divided_budget
    ✓ [  41.2s]  cut_qubit_prop
    ✓ [ 409.3s]  cut_incremental_budget
    ✓ [ 565.8s]  cut_incremental_qubit_prop

  14q / 8_Clifford+T_022
    ✓ [  39.0s]  cut_divided_budget
    ✓ [  42.1s]  cut_qubit_prop
    ✓ [ 467.3s]  cut_incremental_budget
    ✓ [ 562.5s]  cut_incremental_qubit_prop

  14q / 9_Clifford+T_026
    ✓ [  20.4s]  cut_divided_budget
    ✓ [  10.0s]  cut_qubit_prop
    ✓ [ 505.3s]  cut_incremental_budget
    ✓ [ 506.8s]  cut_incremental_qubit_prop

========================================================================
