========================================================================
CUTTABLE CIRCUIT BENCHMARK RUN REPORT
Timestamp : 2026-06-18 17:05:18
========================================================================

DESIGN
------------------------------------------------------------------------
  Input        : valid_circuits.pkl produced by generate_and_cut.py
  Cut strategy : find_and_place_cuts + CutStrategy(min_free_wires=2)
  Ground truth : PennyLane default.qubit statevector (shots=None)
  Reconstruction: qcut_processing_fn (tensor contraction)
  Observable   : per-circuit Pauli string stored in CircuitSpec.observable
  Error        : |perf_exp_val - result|

CONFIGURATION
------------------------------------------------------------------------
  Shots (B)                 : 20000
  Noisy backend             : 'aer.fake_kyoto'
  Ideal backend             : 'aer.perfect'
  Simulator seed            : 42
  Output dir                : PosixPath('results/new/stable_shots_02/20000_shots/kyoto/16_qubits')
  2q-gate alpha             : 0.8
  Incr. batch shots         : 50
  Incr. threshold           : 0.03
  Incr. offset              : 3
  Incr. stability k         : 3
  Incr. stopping criterion  : 'delta'
  Incr. distance metric     : 'tvd'
  Incr. window size         : 3
  Incr. EWMA alpha          : 0.5
  Selected modes            : noisy_vanilla, cut_divided_budget, cut_qubit_prop, cut_incremental_budget, cut_incremental_qubit_prop

SUMMARY
------------------------------------------------------------------------
Total: 50  ok: 50  failed: 0

RESULTS BY CIRCUIT
------------------------------------------------------------------------
  16q / 0_Clifford+T_002
    ✓ [ 840.7s]  noisy_vanilla
    ✓ [  19.4s]  cut_divided_budget
    ✓ [  13.0s]  cut_qubit_prop
    ✓ [ 229.0s]  cut_incremental_budget
    ✓ [ 230.3s]  cut_incremental_qubit_prop

  16q / 1_Clifford+T_008
    ✓ [ 685.2s]  noisy_vanilla
    ✓ [  20.2s]  cut_divided_budget
    ✓ [  13.1s]  cut_qubit_prop
    ✓ [ 276.3s]  cut_incremental_budget
    ✓ [ 286.8s]  cut_incremental_qubit_prop

  16q / 2_Clifford+T_015
    ✓ [ 721.9s]  noisy_vanilla
    ✓ [  55.9s]  cut_divided_budget
    ✓ [  76.0s]  cut_qubit_prop
    ✓ [ 344.4s]  cut_incremental_budget
    ✓ [ 336.6s]  cut_incremental_qubit_prop

  16q / 3_Clifford+T_016
    ✓ [ 704.6s]  noisy_vanilla
    ✓ [  18.2s]  cut_divided_budget
    ✓ [  12.6s]  cut_qubit_prop
    ✓ [ 241.0s]  cut_incremental_budget
    ✓ [ 251.8s]  cut_incremental_qubit_prop

  16q / 4_Clifford+T_018
    ✓ [ 717.5s]  noisy_vanilla
    ✓ [  19.8s]  cut_divided_budget
    ✓ [  12.8s]  cut_qubit_prop
    ✓ [ 337.7s]  cut_incremental_budget
    ✓ [ 338.8s]  cut_incremental_qubit_prop

  16q / 5_Clifford+T_019
    ✓ [ 763.7s]  noisy_vanilla
    ✓ [ 104.2s]  cut_divided_budget
    ✓ [ 159.5s]  cut_qubit_prop
    ✓ [ 460.8s]  cut_incremental_budget
    ✓ [ 504.0s]  cut_incremental_qubit_prop

  16q / 6_Clifford+T_021
    ✓ [ 692.3s]  noisy_vanilla
    ✓ [  23.3s]  cut_divided_budget
    ✓ [  17.0s]  cut_qubit_prop
    ✓ [ 280.1s]  cut_incremental_budget
    ✓ [ 259.4s]  cut_incremental_qubit_prop

  16q / 7_Clifford+T_026
    ✓ [ 730.1s]  noisy_vanilla
    ✓ [  37.0s]  cut_divided_budget
    ✓ [  40.7s]  cut_qubit_prop
    ✓ [ 219.2s]  cut_incremental_budget
    ✓ [ 233.0s]  cut_incremental_qubit_prop

  16q / 8_Clifford+T_032
    ✓ [ 728.6s]  noisy_vanilla
    ✓ [  36.2s]  cut_divided_budget
    ✓ [  39.3s]  cut_qubit_prop
    ✓ [ 315.5s]  cut_incremental_budget
    ✓ [ 321.9s]  cut_incremental_qubit_prop

  16q / 9_Clifford+T_040
    ✓ [ 698.5s]  noisy_vanilla
    ✓ [  60.3s]  cut_divided_budget
    ✓ [  76.3s]  cut_qubit_prop
    ✓ [ 332.6s]  cut_incremental_budget
    ✓ [ 322.6s]  cut_incremental_qubit_prop

========================================================================
