========================================================================
CUTTABLE CIRCUIT BENCHMARK RUN REPORT
Timestamp : 2026-06-18 04:34:19
========================================================================

DESIGN
------------------------------------------------------------------------
  Input        : valid_circuits.pkl produced by generate_and_cut.py
  Cut strategy : find_and_place_cuts + CutStrategy(min_free_wires=2)
  Ground truth : PennyLane default.qubit statevector (shots=None)
  Reconstruction: qcut_processing_fn (tensor contraction)
  Observable   : per-circuit Pauli string stored in CircuitSpec.observable
  Error        : |perf_exp_val - result|

CONFIGURATION
------------------------------------------------------------------------
  Shots (B)                 : 10000
  Noisy backend             : 'aer.fake_kyoto'
  Ideal backend             : 'aer.perfect'
  Simulator seed            : 42
  Output dir                : PosixPath('results/new/stable_shots_02/10000_shots/kyoto/11_qubits')
  2q-gate alpha             : 0.8
  Incr. batch shots         : 50
  Incr. threshold           : 0.03
  Incr. offset              : 3
  Incr. stability k         : 3
  Incr. stopping criterion  : 'delta'
  Incr. distance metric     : 'tvd'
  Incr. window size         : 3
  Incr. EWMA alpha          : 0.5
  Selected modes            : noisy_vanilla, cut_divided_budget, cut_qubit_prop, cut_incremental_budget, cut_incremental_qubit_prop

SUMMARY
------------------------------------------------------------------------
Total: 50  ok: 50  failed: 0

RESULTS BY CIRCUIT
------------------------------------------------------------------------
  11q / 0_Clifford+T_001
    ✓ [   3.8s]  noisy_vanilla
    ✓ [  57.4s]  cut_divided_budget
    ✓ [  50.3s]  cut_qubit_prop
    ✓ [ 390.2s]  cut_incremental_budget
    ✓ [ 546.3s]  cut_incremental_qubit_prop

  11q / 1_Clifford+T_002
    ✓ [   6.0s]  noisy_vanilla
    ✓ [  74.3s]  cut_divided_budget
    ✓ [  48.9s]  cut_qubit_prop
    ✓ [ 438.5s]  cut_incremental_budget
    ✓ [ 544.9s]  cut_incremental_qubit_prop

  11q / 2_Clifford+T_011
    ✓ [   3.3s]  noisy_vanilla
    ✓ [  24.6s]  cut_divided_budget
    ✓ [  13.0s]  cut_qubit_prop
    ✓ [ 383.0s]  cut_incremental_budget
    ✓ [ 383.4s]  cut_incremental_qubit_prop

  11q / 3_Clifford+T_015
    ✓ [   3.1s]  noisy_vanilla
    ✓ [  21.1s]  cut_divided_budget
    ✓ [  12.7s]  cut_qubit_prop
    ✓ [ 291.5s]  cut_incremental_budget
    ✓ [ 411.6s]  cut_incremental_qubit_prop

  11q / 4_Clifford+T_017
    ✓ [   3.1s]  noisy_vanilla
    ✓ [  19.3s]  cut_divided_budget
    ✓ [  12.6s]  cut_qubit_prop
    ✓ [ 179.6s]  cut_incremental_budget
    ✓ [ 177.8s]  cut_incremental_qubit_prop

  11q / 5_Clifford+T_025
    ✓ [   3.3s]  noisy_vanilla
    ✓ [  19.0s]  cut_divided_budget
    ✓ [  14.9s]  cut_qubit_prop
    ✓ [ 233.8s]  cut_incremental_budget
    ✓ [ 255.6s]  cut_incremental_qubit_prop

  11q / 6_Clifford+T_026
    ✓ [   3.2s]  noisy_vanilla
    ✓ [  21.0s]  cut_divided_budget
    ✓ [  13.9s]  cut_qubit_prop
    ✓ [ 221.3s]  cut_incremental_budget
    ✓ [ 479.8s]  cut_incremental_qubit_prop

  11q / 7_Clifford+T_029
    ✓ [   6.8s]  noisy_vanilla
    ✓ [  26.6s]  cut_divided_budget
    ✓ [  19.6s]  cut_qubit_prop
    ✓ [ 369.9s]  cut_incremental_budget
    ✓ [ 354.6s]  cut_incremental_qubit_prop

  11q / 8_Clifford+T_030
    ✓ [   6.3s]  noisy_vanilla
    ✓ [  26.8s]  cut_divided_budget
    ✓ [  20.2s]  cut_qubit_prop
    ✓ [ 291.6s]  cut_incremental_budget
    ✓ [ 329.3s]  cut_incremental_qubit_prop

  11q / 9_Clifford+T_033
    ✓ [   5.9s]  noisy_vanilla
    ✓ [  31.8s]  cut_divided_budget
    ✓ [  15.6s]  cut_qubit_prop
    ✓ [ 265.9s]  cut_incremental_budget
    ✓ [ 241.9s]  cut_incremental_qubit_prop

========================================================================
