========================================================================
CUTTABLE CIRCUIT BENCHMARK RUN REPORT
Timestamp : 2026-06-14 14:37:59
========================================================================

DESIGN
------------------------------------------------------------------------
  Input        : valid_circuits.pkl produced by generate_and_cut.py
  Cut strategy : find_and_place_cuts + CutStrategy(min_free_wires=2)
  Ground truth : PennyLane default.qubit statevector (shots=None)
  Reconstruction: qcut_processing_fn (tensor contraction)
  Observable   : per-circuit Pauli string stored in CircuitSpec.observable
  Error        : |perf_exp_val - result|

CONFIGURATION
------------------------------------------------------------------------
  Shots (B)                 : 20000
  Noisy backend             : 'aer.fake_kyoto'
  Ideal backend             : 'aer.perfect'
  Simulator seed            : 42
  Output dir                : PosixPath('results/new/stable_shots_runs_10-14q_no_vanilla/20000_shots/kyoto/13_qubits')
  2q-gate alpha             : 0.8
  Incr. batch shots         : 50
  Incr. threshold           : 0.0005
  Incr. offset              : 2
  Incr. stability k         : 5
  Incr. stopping criterion  : 'delta'
  Incr. distance metric     : 'tvd'
  Incr. window size         : 3
  Incr. EWMA alpha          : 0.5
  Selected modes            : cut_divided_budget, cut_qubit_prop, cut_incremental_budget, cut_incremental_qubit_prop

SUMMARY
------------------------------------------------------------------------
Total: 40  ok: 40  failed: 0

RESULTS BY CIRCUIT
------------------------------------------------------------------------
  13q / 0_Clifford+T_002
    ✓ [  35.3s]  cut_divided_budget
    ✓ [  34.8s]  cut_qubit_prop
    ✓ [ 701.5s]  cut_incremental_budget
    ✓ [ 730.2s]  cut_incremental_qubit_prop

  13q / 1_Clifford+T_004
    ✓ [  20.5s]  cut_divided_budget
    ✓ [  13.7s]  cut_qubit_prop
    ✓ [ 688.7s]  cut_incremental_budget
    ✓ [ 701.3s]  cut_incremental_qubit_prop

  13q / 2_Clifford+T_007
    ✓ [  20.5s]  cut_divided_budget
    ✓ [  13.6s]  cut_qubit_prop
    ✓ [ 705.7s]  cut_incremental_budget
    ✓ [ 714.6s]  cut_incremental_qubit_prop

  13q / 3_Clifford+T_010
    ✓ [  27.1s]  cut_divided_budget
    ✓ [  20.8s]  cut_qubit_prop
    ✓ [ 698.5s]  cut_incremental_budget
    ✓ [ 721.1s]  cut_incremental_qubit_prop

  13q / 4_Clifford+T_012
    ✓ [  24.6s]  cut_divided_budget
    ✓ [  17.6s]  cut_qubit_prop
    ✓ [ 693.0s]  cut_incremental_budget
    ✓ [ 714.7s]  cut_incremental_qubit_prop

  13q / 5_Clifford+T_014
    ✓ [  62.6s]  cut_divided_budget
    ✓ [  54.9s]  cut_qubit_prop
    ✓ [ 733.7s]  cut_incremental_budget
    ✓ [ 702.5s]  cut_incremental_qubit_prop

  13q / 6_Clifford+T_015
    ✓ [  20.3s]  cut_divided_budget
    ✓ [  13.8s]  cut_qubit_prop
    ✓ [ 682.4s]  cut_incremental_budget
    ✓ [ 690.6s]  cut_incremental_qubit_prop

  13q / 7_Clifford+T_016
    ✓ [  20.2s]  cut_divided_budget
    ✓ [  13.5s]  cut_qubit_prop
    ✓ [ 680.8s]  cut_incremental_budget
    ✓ [ 691.3s]  cut_incremental_qubit_prop

  13q / 8_Clifford+T_017
    ✓ [  19.7s]  cut_divided_budget
    ✓ [  13.5s]  cut_qubit_prop
    ✓ [ 676.2s]  cut_incremental_budget
    ✓ [ 685.4s]  cut_incremental_qubit_prop

  13q / 9_Clifford+T_020
    ✓ [  37.3s]  cut_divided_budget
    ✓ [  46.9s]  cut_qubit_prop
    ✓ [ 702.1s]  cut_incremental_budget
    ✓ [ 736.2s]  cut_incremental_qubit_prop

========================================================================
