========================================================================
CUTTABLE CIRCUIT BENCHMARK RUN REPORT
Timestamp : 2026-05-29 18:31:25
========================================================================

DESIGN
------------------------------------------------------------------------
  Input        : valid_circuits.pkl produced by generate_and_cut.py
  Cut strategy : find_and_place_cuts + CutStrategy(min_free_wires=2)
  Ground truth : PennyLane default.qubit statevector (shots=None)
  Reconstruction: qcut_processing_fn (tensor contraction)
  Observable   : per-circuit Pauli string stored in CircuitSpec.observable
  Error        : |perf_exp_val - result|

CONFIGURATION
------------------------------------------------------------------------
  Shots (B)                 : 5000
  Noisy backend             : 'aer.fake_sherbrooke'
  Ideal backend             : 'aer.perfect'
  Simulator seed            : 42
  Output dir                : PosixPath('results/new/ewma_10k_sherbroke_01/10_qubits')
  2q-gate alpha             : 0.8
  Incr. batch shots         : 50
  Incr. threshold           : 0.03
  Incr. offset              : 3
  Incr. stability k         : 3
  Incr. stopping criterion  : 'ewma'
  Incr. distance metric     : 'tvd'
  Incr. window size         : 3
  Incr. EWMA alpha          : 0.5
  Selected modes            : noisy_vanilla, cut_divided_budget, cut_qubit_prop, cut_incremental_budget, cut_incremental_qubit_prop

SUMMARY
------------------------------------------------------------------------
Total: 50  ok: 50  failed: 0

RESULTS BY CIRCUIT
------------------------------------------------------------------------
  10q / 0_Clifford+T_001
    ✓ [   2.9s]  noisy_vanilla
    ✓ [  67.9s]  cut_divided_budget
    ✓ [  40.0s]  cut_qubit_prop
    ✓ [ 175.4s]  cut_incremental_budget
    ✓ [ 158.4s]  cut_incremental_qubit_prop

  10q / 1_Clifford+T_004
    ✓ [   1.7s]  noisy_vanilla
    ✓ [  19.4s]  cut_divided_budget
    ✓ [  11.2s]  cut_qubit_prop
    ✓ [ 116.6s]  cut_incremental_budget
    ✓ [ 142.6s]  cut_incremental_qubit_prop

  10q / 2_Clifford+T_008
    ✓ [   1.6s]  noisy_vanilla
    ✓ [  49.1s]  cut_divided_budget
    ✓ [  47.9s]  cut_qubit_prop
    ✓ [ 194.6s]  cut_incremental_budget
    ✓ [ 152.6s]  cut_incremental_qubit_prop

  10q / 3_Clifford+T_015
    ✓ [   2.1s]  noisy_vanilla
    ✓ [  18.7s]  cut_divided_budget
    ✓ [  11.1s]  cut_qubit_prop
    ✓ [ 131.9s]  cut_incremental_budget
    ✓ [ 149.9s]  cut_incremental_qubit_prop

  10q / 4_Clifford+T_024
    ✓ [   1.7s]  noisy_vanilla
    ✓ [  62.6s]  cut_divided_budget
    ✓ [  44.5s]  cut_qubit_prop
    ✓ [ 183.5s]  cut_incremental_budget
    ✓ [ 155.2s]  cut_incremental_qubit_prop

  10q / 5_Clifford+T_026
    ✓ [   1.7s]  noisy_vanilla
    ✓ [  57.9s]  cut_divided_budget
    ✓ [  42.0s]  cut_qubit_prop
    ✓ [ 184.3s]  cut_incremental_budget
    ✓ [ 157.3s]  cut_incremental_qubit_prop

  10q / 6_Clifford+T_032
    ✓ [   1.3s]  noisy_vanilla
    ✓ [  20.5s]  cut_divided_budget
    ✓ [  11.9s]  cut_qubit_prop
    ✓ [ 130.7s]  cut_incremental_budget
    ✓ [ 167.2s]  cut_incremental_qubit_prop

  10q / 7_Clifford+T_033
    ✓ [   1.6s]  noisy_vanilla
    ✓ [  22.3s]  cut_divided_budget
    ✓ [  13.0s]  cut_qubit_prop
    ✓ [ 123.8s]  cut_incremental_budget
    ✓ [ 143.8s]  cut_incremental_qubit_prop

  10q / 8_Clifford+T_039
    ✓ [   1.5s]  noisy_vanilla
    ✓ [  61.0s]  cut_divided_budget
    ✓ [  57.4s]  cut_qubit_prop
    ✓ [ 222.1s]  cut_incremental_budget
    ✓ [ 198.9s]  cut_incremental_qubit_prop

  10q / 9_Clifford+T_041
    ✓ [   1.7s]  noisy_vanilla
    ✓ [  23.0s]  cut_divided_budget
    ✓ [  10.3s]  cut_qubit_prop
    ✓ [ 151.4s]  cut_incremental_budget
    ✓ [ 138.3s]  cut_incremental_qubit_prop

========================================================================
