========================================================================
CUTTABLE CIRCUIT BENCHMARK RUN REPORT
Timestamp : 2026-04-27 10:31:37
========================================================================

DESIGN
------------------------------------------------------------------------
  Input        : valid_circuits.pkl produced by generate_and_cut.py
  Cut strategy : find_and_place_cuts + CutStrategy(min_free_wires=2)
  Ground truth : PennyLane default.qubit statevector (shots=None)
  Reconstruction: qcut_processing_fn (tensor contraction)
  Observable   : per-circuit Pauli string stored in CircuitSpec.observable
  Error        : |perf_exp_val - result|

CONFIGURATION
------------------------------------------------------------------------
  Shots (B)                 : 20000
  Noisy backend             : 'aer.fake_torino'
  Ideal backend             : 'aer.perfect'
  Simulator seed            : 42
  Output dir                : PosixPath('results/20k_dma_03/11_qubits')
  2q-gate alpha             : 0.8
  Incr. batch shots         : 50
  Incr. threshold           : 0.01
  Incr. offset              : 2
  Incr. stability k         : 5
  Incr. stopping criterion  : 'dma'
  Incr. distance metric     : 'tvd'
  Incr. window size         : 3
  Incr. EWMA alpha          : 0.5
  Selected modes            : noisy_vanilla, cut_divided_budget, cut_qubit_prop, cut_incremental_budget, cut_incremental_qubit_prop

SUMMARY
------------------------------------------------------------------------
Total: 45  ok: 45  failed: 0

RESULTS BY CIRCUIT
------------------------------------------------------------------------
  11q / 0_Clifford+T_004
    ✓ [   3.2s]  noisy_vanilla
    ✓ [  31.3s]  cut_divided_budget
    ✓ [  21.5s]  cut_qubit_prop
    ✓ [ 166.4s]  cut_incremental_budget
    ✓ [ 185.4s]  cut_incremental_qubit_prop

  11q / 1_Clifford+T_046
    ✓ [   2.5s]  noisy_vanilla
    ✓ [  26.8s]  cut_divided_budget
    ✓ [  21.4s]  cut_qubit_prop
    ✓ [ 167.7s]  cut_incremental_budget
    ✓ [ 193.4s]  cut_incremental_qubit_prop

  11q / 2_Clifford+T_058
    ✓ [   5.2s]  noisy_vanilla
    ✓ [  99.0s]  cut_divided_budget
    ✓ [  71.2s]  cut_qubit_prop
    ✓ [ 707.1s]  cut_incremental_budget
    ✓ [ 679.9s]  cut_incremental_qubit_prop

  11q / 3_Clifford+T_070
    ✓ [   2.6s]  noisy_vanilla
    ✓ [  26.2s]  cut_divided_budget
    ✓ [  18.1s]  cut_qubit_prop
    ✓ [ 161.7s]  cut_incremental_budget
    ✓ [ 223.0s]  cut_incremental_qubit_prop

  11q / 4_Clifford+T_100
    ✓ [   4.1s]  noisy_vanilla
    ✓ [  90.2s]  cut_divided_budget
    ✓ [  71.1s]  cut_qubit_prop
    ✓ [ 694.4s]  cut_incremental_budget
    ✓ [ 722.0s]  cut_incremental_qubit_prop

  11q / 5_Clifford+T_112
    ✓ [   2.4s]  noisy_vanilla
    ✓ [  26.5s]  cut_divided_budget
    ✓ [  18.4s]  cut_qubit_prop
    ✓ [ 161.3s]  cut_incremental_budget
    ✓ [ 173.8s]  cut_incremental_qubit_prop

  11q / 6_Clifford+T_136
    ✓ [   2.3s]  noisy_vanilla
    ✓ [  25.9s]  cut_divided_budget
    ✓ [  18.9s]  cut_qubit_prop
    ✓ [ 167.8s]  cut_incremental_budget
    ✓ [ 159.0s]  cut_incremental_qubit_prop

  11q / 7_Clifford+T_142
    ✓ [   2.7s]  noisy_vanilla
    ✓ [  27.2s]  cut_divided_budget
    ✓ [  18.8s]  cut_qubit_prop
    ✓ [ 160.1s]  cut_incremental_budget
    ✓ [ 159.1s]  cut_incremental_qubit_prop

  11q / 8_Clifford+T_178
    ✓ [   2.5s]  noisy_vanilla
    ✓ [  78.9s]  cut_divided_budget
    ✓ [  76.0s]  cut_qubit_prop
    ✓ [ 710.6s]  cut_incremental_budget
    ✓ [ 521.9s]  cut_incremental_qubit_prop

========================================================================
