========================================================================
CUTTABLE CIRCUIT BENCHMARK RUN REPORT
Timestamp : 2026-06-15 15:17:37
========================================================================

DESIGN
------------------------------------------------------------------------
  Input        : valid_circuits.pkl produced by generate_and_cut.py
  Cut strategy : find_and_place_cuts + CutStrategy(min_free_wires=2)
  Ground truth : PennyLane default.qubit statevector (shots=None)
  Reconstruction: qcut_processing_fn (tensor contraction)
  Observable   : per-circuit Pauli string stored in CircuitSpec.observable
  Error        : |perf_exp_val - result|

CONFIGURATION
------------------------------------------------------------------------
  Shots (B)                 : 5000
  Noisy backend             : 'aer.fake_kyoto'
  Ideal backend             : 'aer.perfect'
  Simulator seed            : 42
  Output dir                : PosixPath('results/new/stable_shots_runs02_10-14q_no_vanilla/5000_shots/kyoto/11_qubits')
  2q-gate alpha             : 0.8
  Incr. batch shots         : 50
  Incr. threshold           : 0.005
  Incr. offset              : 3
  Incr. stability k         : 5
  Incr. stopping criterion  : 'delta'
  Incr. distance metric     : 'tvd'
  Incr. window size         : 3
  Incr. EWMA alpha          : 0.5
  Selected modes            : cut_divided_budget, cut_qubit_prop, cut_incremental_budget, cut_incremental_qubit_prop

SUMMARY
------------------------------------------------------------------------
Total: 40  ok: 40  failed: 0

RESULTS BY CIRCUIT
------------------------------------------------------------------------
  11q / 0_Clifford+T_001
    ✓ [  55.0s]  cut_divided_budget
    ✓ [  47.4s]  cut_qubit_prop
    ✓ [ 200.3s]  cut_incremental_budget
    ✓ [ 175.6s]  cut_incremental_qubit_prop

  11q / 1_Clifford+T_002
    ✓ [  56.5s]  cut_divided_budget
    ✓ [  49.1s]  cut_qubit_prop
    ✓ [ 196.9s]  cut_incremental_budget
    ✓ [ 173.3s]  cut_incremental_qubit_prop

  11q / 2_Clifford+T_011
    ✓ [  19.2s]  cut_divided_budget
    ✓ [  12.3s]  cut_qubit_prop
    ✓ [ 158.5s]  cut_incremental_budget
    ✓ [ 160.8s]  cut_incremental_qubit_prop

  11q / 3_Clifford+T_015
    ✓ [  19.1s]  cut_divided_budget
    ✓ [  12.0s]  cut_qubit_prop
    ✓ [ 158.4s]  cut_incremental_budget
    ✓ [ 160.3s]  cut_incremental_qubit_prop

  11q / 4_Clifford+T_017
    ✓ [  19.1s]  cut_divided_budget
    ✓ [  12.1s]  cut_qubit_prop
    ✓ [ 158.6s]  cut_incremental_budget
    ✓ [ 161.8s]  cut_incremental_qubit_prop

  11q / 5_Clifford+T_025
    ✓ [  18.7s]  cut_divided_budget
    ✓ [  11.7s]  cut_qubit_prop
    ✓ [ 158.5s]  cut_incremental_budget
    ✓ [ 160.9s]  cut_incremental_qubit_prop

  11q / 6_Clifford+T_026
    ✓ [  20.5s]  cut_divided_budget
    ✓ [  13.5s]  cut_qubit_prop
    ✓ [ 159.4s]  cut_incremental_budget
    ✓ [ 163.2s]  cut_incremental_qubit_prop

  11q / 7_Clifford+T_029
    ✓ [  18.6s]  cut_divided_budget
    ✓ [  12.0s]  cut_qubit_prop
    ✓ [ 159.4s]  cut_incremental_budget
    ✓ [ 163.9s]  cut_incremental_qubit_prop

  11q / 8_Clifford+T_030
    ✓ [  18.5s]  cut_divided_budget
    ✓ [  12.1s]  cut_qubit_prop
    ✓ [ 159.2s]  cut_incremental_budget
    ✓ [ 162.5s]  cut_incremental_qubit_prop

  11q / 9_Clifford+T_033
    ✓ [  18.7s]  cut_divided_budget
    ✓ [  12.2s]  cut_qubit_prop
    ✓ [ 158.8s]  cut_incremental_budget
    ✓ [ 162.1s]  cut_incremental_qubit_prop

========================================================================
