========================================================================
CUTTABLE CIRCUIT BENCHMARK RUN REPORT
Timestamp : 2026-06-14 08:43:13
========================================================================

DESIGN
------------------------------------------------------------------------
  Input        : valid_circuits.pkl produced by generate_and_cut.py
  Cut strategy : find_and_place_cuts + CutStrategy(min_free_wires=2)
  Ground truth : PennyLane default.qubit statevector (shots=None)
  Reconstruction: qcut_processing_fn (tensor contraction)
  Observable   : per-circuit Pauli string stored in CircuitSpec.observable
  Error        : |perf_exp_val - result|

CONFIGURATION
------------------------------------------------------------------------
  Shots (B)                 : 20000
  Noisy backend             : 'aer.fake_kawasaki'
  Ideal backend             : 'aer.perfect'
  Simulator seed            : 42
  Output dir                : PosixPath('results/new/stable_shots_runs_10-14q_no_vanilla/20000_shots/kawasaki/14_qubits')
  2q-gate alpha             : 0.8
  Incr. batch shots         : 50
  Incr. threshold           : 0.0005
  Incr. offset              : 2
  Incr. stability k         : 5
  Incr. stopping criterion  : 'delta'
  Incr. distance metric     : 'tvd'
  Incr. window size         : 3
  Incr. EWMA alpha          : 0.5
  Selected modes            : cut_divided_budget, cut_qubit_prop, cut_incremental_budget, cut_incremental_qubit_prop

SUMMARY
------------------------------------------------------------------------
Total: 40  ok: 40  failed: 0

RESULTS BY CIRCUIT
------------------------------------------------------------------------
  14q / 0_Clifford+T_001
    ✓ [  57.4s]  cut_divided_budget
    ✓ [  60.1s]  cut_qubit_prop
    ✓ [ 475.6s]  cut_incremental_budget
    ✓ [ 473.7s]  cut_incremental_qubit_prop

  14q / 1_Clifford+T_011
    ✓ [  46.1s]  cut_divided_budget
    ✓ [  40.2s]  cut_qubit_prop
    ✓ [ 477.5s]  cut_incremental_budget
    ✓ [ 477.9s]  cut_incremental_qubit_prop

  14q / 2_Clifford+T_012
    ✓ [  31.5s]  cut_divided_budget
    ✓ [  37.8s]  cut_qubit_prop
    ✓ [ 458.7s]  cut_incremental_budget
    ✓ [ 483.0s]  cut_incremental_qubit_prop

  14q / 3_Clifford+T_014
    ✓ [  47.3s]  cut_divided_budget
    ✓ [  64.0s]  cut_qubit_prop
    ✓ [ 474.0s]  cut_incremental_budget
    ✓ [ 512.0s]  cut_incremental_qubit_prop

  14q / 4_Clifford+T_015
    ✓ [  35.8s]  cut_divided_budget
    ✓ [  29.0s]  cut_qubit_prop
    ✓ [ 524.2s]  cut_incremental_budget
    ✓ [ 524.3s]  cut_incremental_qubit_prop

  14q / 5_Clifford+T_016
    ✓ [  15.3s]  cut_divided_budget
    ✓ [   8.8s]  cut_qubit_prop
    ✓ [ 443.6s]  cut_incremental_budget
    ✓ [ 454.2s]  cut_incremental_qubit_prop

  14q / 6_Clifford+T_018
    ✓ [  15.6s]  cut_divided_budget
    ✓ [   8.8s]  cut_qubit_prop
    ✓ [ 445.0s]  cut_incremental_budget
    ✓ [ 452.1s]  cut_incremental_qubit_prop

  14q / 7_Clifford+T_019
    ✓ [  34.2s]  cut_divided_budget
    ✓ [  37.6s]  cut_qubit_prop
    ✓ [ 462.2s]  cut_incremental_budget
    ✓ [ 489.6s]  cut_incremental_qubit_prop

  14q / 8_Clifford+T_022
    ✓ [  31.4s]  cut_divided_budget
    ✓ [  38.5s]  cut_qubit_prop
    ✓ [ 460.7s]  cut_incremental_budget
    ✓ [ 485.4s]  cut_incremental_qubit_prop

  14q / 9_Clifford+T_026
    ✓ [  15.1s]  cut_divided_budget
    ✓ [   9.1s]  cut_qubit_prop
    ✓ [ 458.1s]  cut_incremental_budget
    ✓ [ 459.3s]  cut_incremental_qubit_prop

========================================================================
