========================================================================
CUTTABLE CIRCUIT BENCHMARK RUN REPORT
Timestamp : 2026-06-17 20:57:05
========================================================================

DESIGN
------------------------------------------------------------------------
  Input        : valid_circuits.pkl produced by generate_and_cut.py
  Cut strategy : find_and_place_cuts + CutStrategy(min_free_wires=2)
  Ground truth : PennyLane default.qubit statevector (shots=None)
  Reconstruction: qcut_processing_fn (tensor contraction)
  Observable   : per-circuit Pauli string stored in CircuitSpec.observable
  Error        : |perf_exp_val - result|

CONFIGURATION
------------------------------------------------------------------------
  Shots (B)                 : 5000
  Noisy backend             : 'aer.fake_kyoto'
  Ideal backend             : 'aer.perfect'
  Simulator seed            : 42
  Output dir                : PosixPath('results/new/stable_shots_02/5000_shots/kyoto/10_qubits')
  2q-gate alpha             : 0.8
  Incr. batch shots         : 50
  Incr. threshold           : 0.03
  Incr. offset              : 3
  Incr. stability k         : 3
  Incr. stopping criterion  : 'delta'
  Incr. distance metric     : 'tvd'
  Incr. window size         : 3
  Incr. EWMA alpha          : 0.5
  Selected modes            : noisy_vanilla, cut_divided_budget, cut_qubit_prop, cut_incremental_budget, cut_incremental_qubit_prop

SUMMARY
------------------------------------------------------------------------
Total: 50  ok: 50  failed: 0

RESULTS BY CIRCUIT
------------------------------------------------------------------------
  10q / 0_Clifford+T_001
    ✓ [   4.1s]  noisy_vanilla
    ✓ [  91.2s]  cut_divided_budget
    ✓ [  83.6s]  cut_qubit_prop
    ✓ [ 288.8s]  cut_incremental_budget
    ✓ [ 205.3s]  cut_incremental_qubit_prop

  10q / 1_Clifford+T_004
    ✓ [   3.6s]  noisy_vanilla
    ✓ [  33.0s]  cut_divided_budget
    ✓ [  20.2s]  cut_qubit_prop
    ✓ [ 206.2s]  cut_incremental_budget
    ✓ [ 189.1s]  cut_incremental_qubit_prop

  10q / 2_Clifford+T_008
    ✓ [   2.3s]  noisy_vanilla
    ✓ [  59.2s]  cut_divided_budget
    ✓ [  51.4s]  cut_qubit_prop
    ✓ [ 235.2s]  cut_incremental_budget
    ✓ [ 268.0s]  cut_incremental_qubit_prop

  10q / 3_Clifford+T_015
    ✓ [   3.5s]  noisy_vanilla
    ✓ [  27.2s]  cut_divided_budget
    ✓ [  20.4s]  cut_qubit_prop
    ✓ [ 205.7s]  cut_incremental_budget
    ✓ [ 178.3s]  cut_incremental_qubit_prop

  10q / 4_Clifford+T_024
    ✓ [   2.0s]  noisy_vanilla
    ✓ [  63.3s]  cut_divided_budget
    ✓ [  65.4s]  cut_qubit_prop
    ✓ [ 303.1s]  cut_incremental_budget
    ✓ [ 188.8s]  cut_incremental_qubit_prop

  10q / 5_Clifford+T_026
    ✓ [   2.1s]  noisy_vanilla
    ✓ [  61.9s]  cut_divided_budget
    ✓ [  48.7s]  cut_qubit_prop
    ✓ [ 204.6s]  cut_incremental_budget
    ✓ [ 183.0s]  cut_incremental_qubit_prop

  10q / 6_Clifford+T_032
    ✓ [   1.8s]  noisy_vanilla
    ✓ [  20.9s]  cut_divided_budget
    ✓ [  13.4s]  cut_qubit_prop
    ✓ [ 142.0s]  cut_incremental_budget
    ✓ [ 164.3s]  cut_incremental_qubit_prop

  10q / 7_Clifford+T_033
    ✓ [   2.1s]  noisy_vanilla
    ✓ [  20.5s]  cut_divided_budget
    ✓ [  12.8s]  cut_qubit_prop
    ✓ [ 162.4s]  cut_incremental_budget
    ✓ [ 243.1s]  cut_incremental_qubit_prop

  10q / 8_Clifford+T_039
    ✓ [   3.2s]  noisy_vanilla
    ✓ [  90.3s]  cut_divided_budget
    ✓ [  84.1s]  cut_qubit_prop
    ✓ [ 320.0s]  cut_incremental_budget
    ✓ [ 299.4s]  cut_incremental_qubit_prop

  10q / 9_Clifford+T_041
    ✓ [   3.5s]  noisy_vanilla
    ✓ [  31.9s]  cut_divided_budget
    ✓ [  20.0s]  cut_qubit_prop
    ✓ [ 164.9s]  cut_incremental_budget
    ✓ [ 157.9s]  cut_incremental_qubit_prop

========================================================================
