========================================================================
CUTTABLE CIRCUIT BENCHMARK RUN REPORT
Timestamp : 2026-05-29 15:19:25
========================================================================

DESIGN
------------------------------------------------------------------------
  Input        : valid_circuits.pkl produced by generate_and_cut.py
  Cut strategy : find_and_place_cuts + CutStrategy(min_free_wires=2)
  Ground truth : PennyLane default.qubit statevector (shots=None)
  Reconstruction: qcut_processing_fn (tensor contraction)
  Observable   : per-circuit Pauli string stored in CircuitSpec.observable
  Error        : |perf_exp_val - result|

CONFIGURATION
------------------------------------------------------------------------
  Shots (B)                 : 5000
  Noisy backend             : 'aer.fake_kyoto'
  Ideal backend             : 'aer.perfect'
  Simulator seed            : 42
  Output dir                : PosixPath('results/new/ewma_10k_kyoto_01/12_qubits')
  2q-gate alpha             : 0.8
  Incr. batch shots         : 50
  Incr. threshold           : 0.03
  Incr. offset              : 3
  Incr. stability k         : 3
  Incr. stopping criterion  : 'ewma'
  Incr. distance metric     : 'tvd'
  Incr. window size         : 3
  Incr. EWMA alpha          : 0.5
  Selected modes            : noisy_vanilla, cut_divided_budget, cut_qubit_prop, cut_incremental_budget, cut_incremental_qubit_prop

SUMMARY
------------------------------------------------------------------------
Total: 50  ok: 50  failed: 0

RESULTS BY CIRCUIT
------------------------------------------------------------------------
  12q / 0_Clifford+T_001
    ✓ [   7.9s]  noisy_vanilla
    ✓ [  36.8s]  cut_divided_budget
    ✓ [  15.3s]  cut_qubit_prop
    ✓ [ 160.6s]  cut_incremental_budget
    ✓ [ 189.9s]  cut_incremental_qubit_prop

  12q / 1_Clifford+T_002
    ✓ [   2.7s]  noisy_vanilla
    ✓ [  71.8s]  cut_divided_budget
    ✓ [  53.3s]  cut_qubit_prop
    ✓ [ 218.2s]  cut_incremental_budget
    ✓ [ 207.0s]  cut_incremental_qubit_prop

  12q / 2_Clifford+T_004
    ✓ [   2.6s]  noisy_vanilla
    ✓ [  20.8s]  cut_divided_budget
    ✓ [  15.1s]  cut_qubit_prop
    ✓ [ 153.4s]  cut_incremental_budget
    ✓ [ 186.4s]  cut_incremental_qubit_prop

  12q / 3_Clifford+T_006
    ✓ [   6.1s]  noisy_vanilla
    ✓ [  25.5s]  cut_divided_budget
    ✓ [  15.5s]  cut_qubit_prop
    ✓ [ 162.0s]  cut_incremental_budget
    ✓ [ 177.5s]  cut_incremental_qubit_prop

  12q / 4_Clifford+T_011
    ✓ [   2.8s]  noisy_vanilla
    ✓ [  64.1s]  cut_divided_budget
    ✓ [  58.0s]  cut_qubit_prop
    ✓ [ 233.5s]  cut_incremental_budget
    ✓ [ 207.3s]  cut_incremental_qubit_prop

  12q / 5_Clifford+T_013
    ✓ [   3.4s]  noisy_vanilla
    ✓ [  75.8s]  cut_divided_budget
    ✓ [  66.7s]  cut_qubit_prop
    ✓ [ 231.2s]  cut_incremental_budget
    ✓ [ 192.4s]  cut_incremental_qubit_prop

  12q / 6_Clifford+T_015
    ✓ [   2.7s]  noisy_vanilla
    ✓ [  22.0s]  cut_divided_budget
    ✓ [  13.6s]  cut_qubit_prop
    ✓ [ 185.1s]  cut_incremental_budget
    ✓ [ 177.8s]  cut_incremental_qubit_prop

  12q / 7_Clifford+T_019
    ✓ [   3.5s]  noisy_vanilla
    ✓ [  11.3s]  cut_divided_budget
    ✓ [   2.1s]  cut_qubit_prop
    ✓ [  53.7s]  cut_incremental_budget
    ✓ [  70.7s]  cut_incremental_qubit_prop

  12q / 8_Clifford+T_021
    ✓ [   3.4s]  noisy_vanilla
    ✓ [  24.0s]  cut_divided_budget
    ✓ [  14.2s]  cut_qubit_prop
    ✓ [ 176.2s]  cut_incremental_budget
    ✓ [ 170.7s]  cut_incremental_qubit_prop

  12q / 9_Clifford+T_025
    ✓ [   3.2s]  noisy_vanilla
    ✓ [  70.6s]  cut_divided_budget
    ✓ [  54.3s]  cut_qubit_prop
    ✓ [ 234.6s]  cut_incremental_budget
    ✓ [ 188.7s]  cut_incremental_qubit_prop

========================================================================
