========================================================================
CUTTABLE CIRCUIT BENCHMARK RUN REPORT
Timestamp : 2026-05-29 18:29:22
========================================================================

DESIGN
------------------------------------------------------------------------
  Input        : valid_circuits.pkl produced by generate_and_cut.py
  Cut strategy : find_and_place_cuts + CutStrategy(min_free_wires=2)
  Ground truth : PennyLane default.qubit statevector (shots=None)
  Reconstruction: qcut_processing_fn (tensor contraction)
  Observable   : per-circuit Pauli string stored in CircuitSpec.observable
  Error        : |perf_exp_val - result|

CONFIGURATION
------------------------------------------------------------------------
  Shots (B)                 : 5000
  Noisy backend             : 'aer.fake_sherbrooke'
  Ideal backend             : 'aer.perfect'
  Simulator seed            : 42
  Output dir                : PosixPath('results/new/ewma_10k_sherbroke_01/11_qubits')
  2q-gate alpha             : 0.8
  Incr. batch shots         : 50
  Incr. threshold           : 0.03
  Incr. offset              : 3
  Incr. stability k         : 3
  Incr. stopping criterion  : 'ewma'
  Incr. distance metric     : 'tvd'
  Incr. window size         : 3
  Incr. EWMA alpha          : 0.5
  Selected modes            : noisy_vanilla, cut_divided_budget, cut_qubit_prop, cut_incremental_budget, cut_incremental_qubit_prop

SUMMARY
------------------------------------------------------------------------
Total: 50  ok: 50  failed: 0

RESULTS BY CIRCUIT
------------------------------------------------------------------------
  11q / 0_Clifford+T_001
    ✓ [   7.6s]  noisy_vanilla
    ✓ [  75.2s]  cut_divided_budget
    ✓ [  48.6s]  cut_qubit_prop
    ✓ [ 209.1s]  cut_incremental_budget
    ✓ [ 177.6s]  cut_incremental_qubit_prop

  11q / 1_Clifford+T_002
    ✓ [   1.9s]  noisy_vanilla
    ✓ [  64.8s]  cut_divided_budget
    ✓ [  47.1s]  cut_qubit_prop
    ✓ [ 210.7s]  cut_incremental_budget
    ✓ [ 177.7s]  cut_incremental_qubit_prop

  11q / 2_Clifford+T_011
    ✓ [   3.6s]  noisy_vanilla
    ✓ [  21.3s]  cut_divided_budget
    ✓ [  13.0s]  cut_qubit_prop
    ✓ [ 160.1s]  cut_incremental_budget
    ✓ [ 157.2s]  cut_incremental_qubit_prop

  11q / 3_Clifford+T_015
    ✓ [   2.0s]  noisy_vanilla
    ✓ [  21.3s]  cut_divided_budget
    ✓ [  12.5s]  cut_qubit_prop
    ✓ [ 158.9s]  cut_incremental_budget
    ✓ [ 154.7s]  cut_incremental_qubit_prop

  11q / 4_Clifford+T_017
    ✓ [   1.9s]  noisy_vanilla
    ✓ [  19.3s]  cut_divided_budget
    ✓ [  11.4s]  cut_qubit_prop
    ✓ [ 143.7s]  cut_incremental_budget
    ✓ [ 158.9s]  cut_incremental_qubit_prop

  11q / 5_Clifford+T_025
    ✓ [   2.0s]  noisy_vanilla
    ✓ [  21.3s]  cut_divided_budget
    ✓ [  11.8s]  cut_qubit_prop
    ✓ [ 145.9s]  cut_incremental_budget
    ✓ [ 157.2s]  cut_incremental_qubit_prop

  11q / 6_Clifford+T_026
    ✓ [   1.7s]  noisy_vanilla
    ✓ [  21.9s]  cut_divided_budget
    ✓ [  16.3s]  cut_qubit_prop
    ✓ [ 135.1s]  cut_incremental_budget
    ✓ [ 164.4s]  cut_incremental_qubit_prop

  11q / 7_Clifford+T_029
    ✓ [   2.1s]  noisy_vanilla
    ✓ [  20.1s]  cut_divided_budget
    ✓ [  12.2s]  cut_qubit_prop
    ✓ [ 152.9s]  cut_incremental_budget
    ✓ [ 162.9s]  cut_incremental_qubit_prop

  11q / 8_Clifford+T_030
    ✓ [   1.9s]  noisy_vanilla
    ✓ [  24.5s]  cut_divided_budget
    ✓ [  11.9s]  cut_qubit_prop
    ✓ [ 140.9s]  cut_incremental_budget
    ✓ [ 159.0s]  cut_incremental_qubit_prop

  11q / 9_Clifford+T_033
    ✓ [   2.5s]  noisy_vanilla
    ✓ [  26.0s]  cut_divided_budget
    ✓ [  11.4s]  cut_qubit_prop
    ✓ [ 152.3s]  cut_incremental_budget
    ✓ [ 146.8s]  cut_incremental_qubit_prop

========================================================================
