========================================================================
CUTTABLE CIRCUIT BENCHMARK RUN REPORT
Timestamp : 2026-06-08 20:08:19
========================================================================

DESIGN
------------------------------------------------------------------------
  Input        : valid_circuits.pkl produced by generate_and_cut.py
  Cut strategy : find_and_place_cuts + CutStrategy(min_free_wires=2)
  Ground truth : PennyLane default.qubit statevector (shots=None)
  Reconstruction: qcut_processing_fn (tensor contraction)
  Observable   : per-circuit Pauli string stored in CircuitSpec.observable
  Error        : |perf_exp_val - result|

CONFIGURATION
------------------------------------------------------------------------
  Shots (B)                 : 10000
  Noisy backend             : 'aer.fake_torino'
  Ideal backend             : 'aer.perfect'
  Simulator seed            : 42
  Output dir                : PosixPath('results/new/ewma_10k_torino_01/11_qubits')
  2q-gate alpha             : 0.8
  Incr. batch shots         : 50
  Incr. threshold           : 0.03
  Incr. offset              : 3
  Incr. stability k         : 3
  Incr. stopping criterion  : 'ewma'
  Incr. distance metric     : 'tvd'
  Incr. window size         : 3
  Incr. EWMA alpha          : 0.5
  Selected modes            : noisy_vanilla, cut_divided_budget, cut_qubit_prop, cut_incremental_budget, cut_incremental_qubit_prop

SUMMARY
------------------------------------------------------------------------
Total: 50  ok: 50  failed: 0

RESULTS BY CIRCUIT
------------------------------------------------------------------------
  11q / 0_Clifford+T_001
    ✓ [   5.2s]  noisy_vanilla
    ✓ [ 115.0s]  cut_divided_budget
    ✓ [  73.4s]  cut_qubit_prop
    ✓ [ 568.0s]  cut_incremental_budget
    ✓ [ 555.9s]  cut_incremental_qubit_prop

  11q / 1_Clifford+T_002
    ✓ [   2.7s]  noisy_vanilla
    ✓ [  88.8s]  cut_divided_budget
    ✓ [  81.4s]  cut_qubit_prop
    ✓ [ 613.1s]  cut_incremental_budget
    ✓ [ 498.2s]  cut_incremental_qubit_prop

  11q / 2_Clifford+T_011
    ✓ [   2.7s]  noisy_vanilla
    ✓ [  25.9s]  cut_divided_budget
    ✓ [  19.1s]  cut_qubit_prop
    ✓ [ 400.0s]  cut_incremental_budget
    ✓ [ 441.0s]  cut_incremental_qubit_prop

  11q / 3_Clifford+T_015
    ✓ [   2.7s]  noisy_vanilla
    ✓ [  26.4s]  cut_divided_budget
    ✓ [  18.4s]  cut_qubit_prop
    ✓ [ 403.4s]  cut_incremental_budget
    ✓ [ 449.5s]  cut_incremental_qubit_prop

  11q / 4_Clifford+T_017
    ✓ [   3.2s]  noisy_vanilla
    ✓ [  26.8s]  cut_divided_budget
    ✓ [  19.9s]  cut_qubit_prop
    ✓ [ 321.9s]  cut_incremental_budget
    ✓ [ 278.4s]  cut_incremental_qubit_prop

  11q / 5_Clifford+T_025
    ✓ [   3.0s]  noisy_vanilla
    ✓ [  29.8s]  cut_divided_budget
    ✓ [  22.3s]  cut_qubit_prop
    ✓ [ 387.8s]  cut_incremental_budget
    ✓ [ 395.4s]  cut_incremental_qubit_prop

  11q / 6_Clifford+T_026
    ✓ [   3.2s]  noisy_vanilla
    ✓ [  32.1s]  cut_divided_budget
    ✓ [  21.0s]  cut_qubit_prop
    ✓ [ 337.1s]  cut_incremental_budget
    ✓ [ 526.5s]  cut_incremental_qubit_prop

  11q / 7_Clifford+T_029
    ✓ [   2.9s]  noisy_vanilla
    ✓ [  29.3s]  cut_divided_budget
    ✓ [  18.3s]  cut_qubit_prop
    ✓ [ 330.5s]  cut_incremental_budget
    ✓ [ 393.1s]  cut_incremental_qubit_prop

  11q / 8_Clifford+T_030
    ✓ [   2.9s]  noisy_vanilla
    ✓ [  29.1s]  cut_divided_budget
    ✓ [  20.7s]  cut_qubit_prop
    ✓ [ 267.3s]  cut_incremental_budget
    ✓ [ 287.9s]  cut_incremental_qubit_prop

  11q / 9_Clifford+T_033
    ✓ [   3.8s]  noisy_vanilla
    ✓ [  31.8s]  cut_divided_budget
    ✓ [  21.7s]  cut_qubit_prop
    ✓ [ 298.5s]  cut_incremental_budget
    ✓ [ 296.3s]  cut_incremental_qubit_prop

========================================================================
