========================================================================
CUTTABLE CIRCUIT BENCHMARK RUN REPORT
Timestamp : 2026-06-14 10:29:43
========================================================================

DESIGN
------------------------------------------------------------------------
  Input        : valid_circuits.pkl produced by generate_and_cut.py
  Cut strategy : find_and_place_cuts + CutStrategy(min_free_wires=2)
  Ground truth : PennyLane default.qubit statevector (shots=None)
  Reconstruction: qcut_processing_fn (tensor contraction)
  Observable   : per-circuit Pauli string stored in CircuitSpec.observable
  Error        : |perf_exp_val - result|

CONFIGURATION
------------------------------------------------------------------------
  Shots (B)                 : 20000
  Noisy backend             : 'aer.fake_kyoto'
  Ideal backend             : 'aer.perfect'
  Simulator seed            : 42
  Output dir                : PosixPath('results/new/stable_shots_runs_10-14q_no_vanilla/20000_shots/kyoto/10_qubits')
  2q-gate alpha             : 0.8
  Incr. batch shots         : 50
  Incr. threshold           : 0.0005
  Incr. offset              : 2
  Incr. stability k         : 5
  Incr. stopping criterion  : 'delta'
  Incr. distance metric     : 'tvd'
  Incr. window size         : 3
  Incr. EWMA alpha          : 0.5
  Selected modes            : cut_divided_budget, cut_qubit_prop, cut_incremental_budget, cut_incremental_qubit_prop

SUMMARY
------------------------------------------------------------------------
Total: 40  ok: 40  failed: 0

RESULTS BY CIRCUIT
------------------------------------------------------------------------
  10q / 0_Clifford+T_001
    ✓ [  62.8s]  cut_divided_budget
    ✓ [  55.5s]  cut_qubit_prop
    ✓ [ 719.4s]  cut_incremental_budget
    ✓ [ 725.7s]  cut_incremental_qubit_prop

  10q / 1_Clifford+T_004
    ✓ [  20.9s]  cut_divided_budget
    ✓ [  13.8s]  cut_qubit_prop
    ✓ [ 685.8s]  cut_incremental_budget
    ✓ [ 704.2s]  cut_incremental_qubit_prop

  10q / 2_Clifford+T_008
    ✓ [  62.7s]  cut_divided_budget
    ✓ [  55.6s]  cut_qubit_prop
    ✓ [ 720.8s]  cut_incremental_budget
    ✓ [ 729.4s]  cut_incremental_qubit_prop

  10q / 3_Clifford+T_015
    ✓ [  20.2s]  cut_divided_budget
    ✓ [  13.6s]  cut_qubit_prop
    ✓ [ 695.6s]  cut_incremental_budget
    ✓ [ 707.4s]  cut_incremental_qubit_prop

  10q / 4_Clifford+T_024
    ✓ [  63.2s]  cut_divided_budget
    ✓ [  55.8s]  cut_qubit_prop
    ✓ [ 719.6s]  cut_incremental_budget
    ✓ [ 728.8s]  cut_incremental_qubit_prop

  10q / 5_Clifford+T_026
    ✓ [  60.9s]  cut_divided_budget
    ✓ [  53.9s]  cut_qubit_prop
    ✓ [ 722.3s]  cut_incremental_budget
    ✓ [ 725.0s]  cut_incremental_qubit_prop

  10q / 6_Clifford+T_032
    ✓ [  21.0s]  cut_divided_budget
    ✓ [  14.3s]  cut_qubit_prop
    ✓ [ 695.6s]  cut_incremental_budget
    ✓ [ 713.9s]  cut_incremental_qubit_prop

  10q / 7_Clifford+T_033
    ✓ [  21.2s]  cut_divided_budget
    ✓ [  14.3s]  cut_qubit_prop
    ✓ [ 696.6s]  cut_incremental_budget
    ✓ [ 714.8s]  cut_incremental_qubit_prop

  10q / 8_Clifford+T_039
    ✓ [  62.9s]  cut_divided_budget
    ✓ [  55.9s]  cut_qubit_prop
    ✓ [ 724.7s]  cut_incremental_budget
    ✓ [ 733.4s]  cut_incremental_qubit_prop

  10q / 9_Clifford+T_041
    ✓ [  20.4s]  cut_divided_budget
    ✓ [  13.8s]  cut_qubit_prop
    ✓ [ 697.4s]  cut_incremental_budget
    ✓ [ 704.6s]  cut_incremental_qubit_prop

========================================================================
