========================================================================
CUTTABLE CIRCUIT BENCHMARK RUN REPORT
Timestamp : 2026-06-12 15:54:20
========================================================================

DESIGN
------------------------------------------------------------------------
  Input        : valid_circuits.pkl produced by generate_and_cut.py
  Cut strategy : find_and_place_cuts + CutStrategy(min_free_wires=2)
  Ground truth : PennyLane default.qubit statevector (shots=None)
  Reconstruction: qcut_processing_fn (tensor contraction)
  Observable   : per-circuit Pauli string stored in CircuitSpec.observable
  Error        : |perf_exp_val - result|

CONFIGURATION
------------------------------------------------------------------------
  Shots (B)                 : 5000
  Noisy backend             : 'aer.fake_kyoto'
  Ideal backend             : 'aer.perfect'
  Simulator seed            : 42
  Output dir                : PosixPath('results/new/stable_shots_runs_10-14q_no_vanilla/5000_shots/kyoto/11_qubits')
  2q-gate alpha             : 0.8
  Incr. batch shots         : 50
  Incr. threshold           : 0.0005
  Incr. offset              : 2
  Incr. stability k         : 5
  Incr. stopping criterion  : 'delta'
  Incr. distance metric     : 'tvd'
  Incr. window size         : 3
  Incr. EWMA alpha          : 0.5
  Selected modes            : cut_divided_budget, cut_qubit_prop, cut_incremental_budget, cut_incremental_qubit_prop

SUMMARY
------------------------------------------------------------------------
Total: 40  ok: 40  failed: 0

RESULTS BY CIRCUIT
------------------------------------------------------------------------
  11q / 0_Clifford+T_001
    ✓ [  60.8s]  cut_divided_budget
    ✓ [  53.1s]  cut_qubit_prop
    ✓ [ 222.3s]  cut_incremental_budget
    ✓ [ 194.0s]  cut_incremental_qubit_prop

  11q / 1_Clifford+T_002
    ✓ [  61.4s]  cut_divided_budget
    ✓ [  54.9s]  cut_qubit_prop
    ✓ [ 219.7s]  cut_incremental_budget
    ✓ [ 193.3s]  cut_incremental_qubit_prop

  11q / 2_Clifford+T_011
    ✓ [  20.6s]  cut_divided_budget
    ✓ [  13.7s]  cut_qubit_prop
    ✓ [ 178.0s]  cut_incremental_budget
    ✓ [ 179.6s]  cut_incremental_qubit_prop

  11q / 3_Clifford+T_015
    ✓ [  20.1s]  cut_divided_budget
    ✓ [  13.5s]  cut_qubit_prop
    ✓ [ 178.2s]  cut_incremental_budget
    ✓ [ 180.3s]  cut_incremental_qubit_prop

  11q / 4_Clifford+T_017
    ✓ [  19.9s]  cut_divided_budget
    ✓ [  13.7s]  cut_qubit_prop
    ✓ [ 178.0s]  cut_incremental_budget
    ✓ [ 180.6s]  cut_incremental_qubit_prop

  11q / 5_Clifford+T_025
    ✓ [  19.9s]  cut_divided_budget
    ✓ [  13.5s]  cut_qubit_prop
    ✓ [ 177.1s]  cut_incremental_budget
    ✓ [ 179.4s]  cut_incremental_qubit_prop

  11q / 6_Clifford+T_026
    ✓ [  21.3s]  cut_divided_budget
    ✓ [  15.1s]  cut_qubit_prop
    ✓ [ 179.1s]  cut_incremental_budget
    ✓ [ 182.3s]  cut_incremental_qubit_prop

  11q / 7_Clifford+T_029
    ✓ [  19.5s]  cut_divided_budget
    ✓ [  13.5s]  cut_qubit_prop
    ✓ [ 177.3s]  cut_incremental_budget
    ✓ [ 178.1s]  cut_incremental_qubit_prop

  11q / 8_Clifford+T_030
    ✓ [  19.9s]  cut_divided_budget
    ✓ [  13.5s]  cut_qubit_prop
    ✓ [ 179.1s]  cut_incremental_budget
    ✓ [ 181.6s]  cut_incremental_qubit_prop

  11q / 9_Clifford+T_033
    ✓ [  20.2s]  cut_divided_budget
    ✓ [  13.8s]  cut_qubit_prop
    ✓ [ 178.1s]  cut_incremental_budget
    ✓ [ 180.3s]  cut_incremental_qubit_prop

========================================================================
