========================================================================
CUTTABLE CIRCUIT BENCHMARK RUN REPORT
Timestamp : 2026-06-13 01:47:38
========================================================================

DESIGN
------------------------------------------------------------------------
  Input        : valid_circuits.pkl produced by generate_and_cut.py
  Cut strategy : find_and_place_cuts + CutStrategy(min_free_wires=2)
  Ground truth : PennyLane default.qubit statevector (shots=None)
  Reconstruction: qcut_processing_fn (tensor contraction)
  Observable   : per-circuit Pauli string stored in CircuitSpec.observable
  Error        : |perf_exp_val - result|

CONFIGURATION
------------------------------------------------------------------------
  Shots (B)                 : 10000
  Noisy backend             : 'aer.fake_sherbrooke'
  Ideal backend             : 'aer.perfect'
  Simulator seed            : 42
  Output dir                : PosixPath('results/new/stable_shots_runs_10-14q_no_vanilla/10000_shots/sherbrooke/12_qubits')
  2q-gate alpha             : 0.8
  Incr. batch shots         : 50
  Incr. threshold           : 0.0005
  Incr. offset              : 2
  Incr. stability k         : 5
  Incr. stopping criterion  : 'delta'
  Incr. distance metric     : 'tvd'
  Incr. window size         : 3
  Incr. EWMA alpha          : 0.5
  Selected modes            : cut_divided_budget, cut_qubit_prop, cut_incremental_budget, cut_incremental_qubit_prop

SUMMARY
------------------------------------------------------------------------
Total: 40  ok: 40  failed: 0

RESULTS BY CIRCUIT
------------------------------------------------------------------------
  12q / 0_Clifford+T_001
    ✓ [  18.1s]  cut_divided_budget
    ✓ [  11.6s]  cut_qubit_prop
    ✓ [ 289.6s]  cut_incremental_budget
    ✓ [ 298.9s]  cut_incremental_qubit_prop

  12q / 1_Clifford+T_002
    ✓ [  56.7s]  cut_divided_budget
    ✓ [  52.5s]  cut_qubit_prop
    ✓ [ 329.3s]  cut_incremental_budget
    ✓ [ 311.8s]  cut_incremental_qubit_prop

  12q / 2_Clifford+T_004
    ✓ [  22.3s]  cut_divided_budget
    ✓ [  18.1s]  cut_qubit_prop
    ✓ [ 295.1s]  cut_incremental_budget
    ✓ [ 308.6s]  cut_incremental_qubit_prop

  12q / 3_Clifford+T_006
    ✓ [  18.3s]  cut_divided_budget
    ✓ [  11.9s]  cut_qubit_prop
    ✓ [ 293.6s]  cut_incremental_budget
    ✓ [ 301.6s]  cut_incremental_qubit_prop

  12q / 4_Clifford+T_011
    ✓ [  57.7s]  cut_divided_budget
    ✓ [  53.8s]  cut_qubit_prop
    ✓ [ 333.0s]  cut_incremental_budget
    ✓ [ 315.2s]  cut_incremental_qubit_prop

  12q / 5_Clifford+T_013
    ✓ [  53.1s]  cut_divided_budget
    ✓ [  46.3s]  cut_qubit_prop
    ✓ [ 335.7s]  cut_incremental_budget
    ✓ [ 335.2s]  cut_incremental_qubit_prop

  12q / 6_Clifford+T_015
    ✓ [  18.1s]  cut_divided_budget
    ✓ [  11.5s]  cut_qubit_prop
    ✓ [ 293.7s]  cut_incremental_budget
    ✓ [ 300.5s]  cut_incremental_qubit_prop

  12q / 7_Clifford+T_019
    ✓ [  10.9s]  cut_divided_budget
    ✓ [   2.9s]  cut_qubit_prop
    ✓ [ 307.6s]  cut_incremental_budget
    ✓ [ 307.5s]  cut_incremental_qubit_prop

  12q / 8_Clifford+T_021
    ✓ [  17.9s]  cut_divided_budget
    ✓ [  11.5s]  cut_qubit_prop
    ✓ [ 299.8s]  cut_incremental_budget
    ✓ [ 304.7s]  cut_incremental_qubit_prop

  12q / 9_Clifford+T_025
    ✓ [  55.4s]  cut_divided_budget
    ✓ [  48.4s]  cut_qubit_prop
    ✓ [ 331.4s]  cut_incremental_budget
    ✓ [ 333.3s]  cut_incremental_qubit_prop

========================================================================
