========================================================================
CUTTABLE CIRCUIT BENCHMARK RUN REPORT
Timestamp : 2026-06-17 18:57:20
========================================================================

DESIGN
------------------------------------------------------------------------
  Input        : valid_circuits.pkl produced by generate_and_cut.py
  Cut strategy : find_and_place_cuts + CutStrategy(min_free_wires=2)
  Ground truth : PennyLane default.qubit statevector (shots=None)
  Reconstruction: qcut_processing_fn (tensor contraction)
  Observable   : per-circuit Pauli string stored in CircuitSpec.observable
  Error        : |perf_exp_val - result|

CONFIGURATION
------------------------------------------------------------------------
  Shots (B)                 : 5000
  Noisy backend             : 'aer.fake_sherbrooke'
  Ideal backend             : 'aer.perfect'
  Simulator seed            : 42
  Output dir                : PosixPath('results/new/stable_shots_02/5000_shots/sherbrooke/13_qubits')
  2q-gate alpha             : 0.8
  Incr. batch shots         : 50
  Incr. threshold           : 0.03
  Incr. offset              : 3
  Incr. stability k         : 3
  Incr. stopping criterion  : 'delta'
  Incr. distance metric     : 'tvd'
  Incr. window size         : 3
  Incr. EWMA alpha          : 0.5
  Selected modes            : noisy_vanilla, cut_divided_budget, cut_qubit_prop, cut_incremental_budget, cut_incremental_qubit_prop

SUMMARY
------------------------------------------------------------------------
Total: 50  ok: 50  failed: 0

RESULTS BY CIRCUIT
------------------------------------------------------------------------
  13q / 0_Clifford+T_002
    ✓ [  19.9s]  noisy_vanilla
    ✓ [  23.3s]  cut_divided_budget
    ✓ [  17.2s]  cut_qubit_prop
    ✓ [ 131.3s]  cut_incremental_budget
    ✓ [ 226.9s]  cut_incremental_qubit_prop

  13q / 1_Clifford+T_004
    ✓ [  35.4s]  noisy_vanilla
    ✓ [  28.8s]  cut_divided_budget
    ✓ [  16.8s]  cut_qubit_prop
    ✓ [ 176.9s]  cut_incremental_budget
    ✓ [ 200.2s]  cut_incremental_qubit_prop

  13q / 2_Clifford+T_007
    ✓ [  37.0s]  noisy_vanilla
    ✓ [  23.5s]  cut_divided_budget
    ✓ [  12.1s]  cut_qubit_prop
    ✓ [ 172.1s]  cut_incremental_budget
    ✓ [ 146.5s]  cut_incremental_qubit_prop

  13q / 3_Clifford+T_010
    ✓ [  36.8s]  noisy_vanilla
    ✓ [  29.5s]  cut_divided_budget
    ✓ [  14.1s]  cut_qubit_prop
    ✓ [ 158.1s]  cut_incremental_budget
    ✓ [ 141.9s]  cut_incremental_qubit_prop

  13q / 4_Clifford+T_012
    ✓ [  35.1s]  noisy_vanilla
    ✓ [  20.7s]  cut_divided_budget
    ✓ [  14.0s]  cut_qubit_prop
    ✓ [ 124.3s]  cut_incremental_budget
    ✓ [ 142.7s]  cut_incremental_qubit_prop

  13q / 5_Clifford+T_014
    ✓ [  20.5s]  noisy_vanilla
    ✓ [  48.1s]  cut_divided_budget
    ✓ [  42.7s]  cut_qubit_prop
    ✓ [ 174.5s]  cut_incremental_budget
    ✓ [ 151.7s]  cut_incremental_qubit_prop

  13q / 6_Clifford+T_015
    ✓ [  20.8s]  noisy_vanilla
    ✓ [  17.5s]  cut_divided_budget
    ✓ [  10.2s]  cut_qubit_prop
    ✓ [ 205.7s]  cut_incremental_budget
    ✓ [ 171.3s]  cut_incremental_qubit_prop

  13q / 7_Clifford+T_016
    ✓ [  21.8s]  noisy_vanilla
    ✓ [  17.5s]  cut_divided_budget
    ✓ [   9.6s]  cut_qubit_prop
    ✓ [ 125.8s]  cut_incremental_budget
    ✓ [ 135.5s]  cut_incremental_qubit_prop

  13q / 8_Clifford+T_017
    ✓ [  18.6s]  noisy_vanilla
    ✓ [  18.6s]  cut_divided_budget
    ✓ [   9.7s]  cut_qubit_prop
    ✓ [ 115.6s]  cut_incremental_budget
    ✓ [ 126.4s]  cut_incremental_qubit_prop

  13q / 9_Clifford+T_020
    ✓ [  20.3s]  noisy_vanilla
    ✓ [  27.5s]  cut_divided_budget
    ✓ [  18.9s]  cut_qubit_prop
    ✓ [ 141.2s]  cut_incremental_budget
    ✓ [ 149.5s]  cut_incremental_qubit_prop

========================================================================
