========================================================================
CUTTABLE CIRCUIT BENCHMARK RUN REPORT
Timestamp : 2026-04-28 15:06:15
========================================================================

DESIGN
------------------------------------------------------------------------
  Input        : valid_circuits.pkl produced by generate_and_cut.py
  Cut strategy : find_and_place_cuts + CutStrategy(min_free_wires=2)
  Ground truth : PennyLane default.qubit statevector (shots=None)
  Reconstruction: qcut_processing_fn (tensor contraction)
  Observable   : per-circuit Pauli string stored in CircuitSpec.observable
  Error        : |perf_exp_val - result|

CONFIGURATION
------------------------------------------------------------------------
  Shots (B)                 : 20000
  Noisy backend             : 'aer.fake_torino'
  Ideal backend             : 'aer.perfect'
  Simulator seed            : 42
  Output dir                : PosixPath('results/20k_ewma_02/07_qubits')
  2q-gate alpha             : 0.8
  Incr. batch shots         : 50
  Incr. threshold           : 0.01
  Incr. offset              : 3
  Incr. stability k         : 5
  Incr. stopping criterion  : 'ewma'
  Incr. distance metric     : 'tvd'
  Incr. window size         : 3
  Incr. EWMA alpha          : 0.5
  Selected modes            : noisy_vanilla, cut_divided_budget, cut_qubit_prop, cut_incremental_budget, cut_incremental_qubit_prop

SUMMARY
------------------------------------------------------------------------
Total: 50  ok: 50  failed: 0

RESULTS BY CIRCUIT
------------------------------------------------------------------------
  7q / 0_Clifford+T_004
    ✓ [   2.8s]  noisy_vanilla
    ✓ [  99.8s]  cut_divided_budget
    ✓ [  73.8s]  cut_qubit_prop
    ✓ [ 776.8s]  cut_incremental_budget
    ✓ [ 750.5s]  cut_incremental_qubit_prop

  7q / 1_Clifford+T_022
    ✓ [   2.3s]  noisy_vanilla
    ✓ [  80.0s]  cut_divided_budget
    ✓ [  92.1s]  cut_qubit_prop
    ✓ [ 734.2s]  cut_incremental_budget
    ✓ [ 833.0s]  cut_incremental_qubit_prop

  7q / 2_QuantumVolume_042
    ✓ [   1.9s]  noisy_vanilla
    ✓ [ 465.2s]  cut_divided_budget
    ✓ [  83.8s]  cut_qubit_prop
    ✓ [ 791.7s]  cut_incremental_budget
    ✓ [ 698.6s]  cut_incremental_qubit_prop

  7q / 3_Clifford+T_070
    ✓ [   2.2s]  noisy_vanilla
    ✓ [  77.4s]  cut_divided_budget
    ✓ [  70.0s]  cut_qubit_prop
    ✓ [ 725.1s]  cut_incremental_budget
    ✓ [ 849.2s]  cut_incremental_qubit_prop

  7q / 4_QuantumVolume_096
    ✓ [   2.1s]  noisy_vanilla
    ✓ [ 388.0s]  cut_divided_budget
    ✓ [  78.2s]  cut_qubit_prop
    ✓ [ 864.9s]  cut_incremental_budget
    ✓ [ 725.1s]  cut_incremental_qubit_prop

  7q / 5_HEA_099
    ✓ [   2.1s]  noisy_vanilla
    ✓ [  94.1s]  cut_divided_budget
    ✓ [  73.5s]  cut_qubit_prop
    ✓ [ 759.5s]  cut_incremental_budget
    ✓ [ 801.9s]  cut_incremental_qubit_prop

  7q / 6_QuantumVolume_102
    ✓ [   2.4s]  noisy_vanilla
    ✓ [ 399.6s]  cut_divided_budget
    ✓ [  74.6s]  cut_qubit_prop
    ✓ [ 793.9s]  cut_incremental_budget
    ✓ [ 681.8s]  cut_incremental_qubit_prop

  7q / 7_Clifford+T_148
    ✓ [   2.4s]  noisy_vanilla
    ✓ [ 123.4s]  cut_divided_budget
    ✓ [  74.4s]  cut_qubit_prop
    ✓ [ 807.8s]  cut_incremental_budget
    ✓ [ 751.4s]  cut_incremental_qubit_prop

  7q / 8_QuantumVolume_174
    ✓ [   2.0s]  noisy_vanilla
    ✓ [ 387.2s]  cut_divided_budget
    ✓ [  71.9s]  cut_qubit_prop
    ✓ [ 721.8s]  cut_incremental_budget
    ✓ [ 718.4s]  cut_incremental_qubit_prop

  7q / 9_Clifford+T_178
    ✓ [   2.0s]  noisy_vanilla
    ✓ [  81.2s]  cut_divided_budget
    ✓ [  73.4s]  cut_qubit_prop
    ✓ [ 758.0s]  cut_incremental_budget
    ✓ [ 723.2s]  cut_incremental_qubit_prop

========================================================================
