========================================================================
CUTTABLE CIRCUIT BENCHMARK RUN REPORT
Timestamp : 2026-05-26 02:15:46
========================================================================

DESIGN
------------------------------------------------------------------------
  Input        : valid_circuits.pkl produced by generate_and_cut.py
  Cut strategy : find_and_place_cuts + CutStrategy(min_free_wires=2)
  Ground truth : PennyLane default.qubit statevector (shots=None)
  Reconstruction: qcut_processing_fn (tensor contraction)
  Observable   : per-circuit Pauli string stored in CircuitSpec.observable
  Error        : |perf_exp_val - result|

CONFIGURATION
------------------------------------------------------------------------
  Shots (B)                 : 20000
  Noisy backend             : 'aer.fake_torino'
  Ideal backend             : 'aer.perfect'
  Simulator seed            : 42
  Output dir                : PosixPath('results/new/ewma_20k_torino_02/09_qubits')
  2q-gate alpha             : 0.8
  Incr. batch shots         : 50
  Incr. threshold           : 0.05
  Incr. offset              : 3
  Incr. stability k         : 3
  Incr. stopping criterion  : 'ewma'
  Incr. distance metric     : 'tvd'
  Incr. window size         : 3
  Incr. EWMA alpha          : 0.5
  Selected modes            : noisy_vanilla, cut_divided_budget, cut_qubit_prop, cut_incremental_budget, cut_incremental_qubit_prop

SUMMARY
------------------------------------------------------------------------
Total: 50  ok: 50  failed: 0

RESULTS BY CIRCUIT
------------------------------------------------------------------------
  9q / 0_Clifford+T_004
    ✓ [   7.7s]  noisy_vanilla
    ✓ [ 141.9s]  cut_divided_budget
    ✓ [ 130.8s]  cut_qubit_prop
    ✓ [1327.5s]  cut_incremental_budget
    ✓ [1530.6s]  cut_incremental_qubit_prop

  9q / 1_Clifford+T_006
    ✓ [   3.6s]  noisy_vanilla
    ✓ [  36.8s]  cut_divided_budget
    ✓ [  28.4s]  cut_qubit_prop
    ✓ [ 351.2s]  cut_incremental_budget
    ✓ [ 351.7s]  cut_incremental_qubit_prop

  9q / 2_Clifford+T_008
    ✓ [   5.3s]  noisy_vanilla
    ✓ [  38.8s]  cut_divided_budget
    ✓ [  29.5s]  cut_qubit_prop
    ✓ [ 290.0s]  cut_incremental_budget
    ✓ [ 377.4s]  cut_incremental_qubit_prop

  9q / 3_Clifford+T_009
    ✓ [   3.1s]  noisy_vanilla
    ✓ [ 126.0s]  cut_divided_budget
    ✓ [ 109.2s]  cut_qubit_prop
    ✓ [1155.3s]  cut_incremental_budget
    ✓ [1328.1s]  cut_incremental_qubit_prop

  9q / 4_Clifford+T_014
    ✓ [   6.7s]  noisy_vanilla
    ✓ [ 169.5s]  cut_divided_budget
    ✓ [ 153.0s]  cut_qubit_prop
    ✓ [2015.2s]  cut_incremental_budget
    ✓ [2059.5s]  cut_incremental_qubit_prop

  9q / 5_Clifford+T_015
    ✓ [   4.2s]  noisy_vanilla
    ✓ [  62.9s]  cut_divided_budget
    ✓ [  48.4s]  cut_qubit_prop
    ✓ [ 471.3s]  cut_incremental_budget
    ✓ [ 518.3s]  cut_incremental_qubit_prop

  9q / 6_Clifford+T_016
    ✓ [   5.9s]  noisy_vanilla
    ✓ [ 176.9s]  cut_divided_budget
    ✓ [ 177.5s]  cut_qubit_prop
    ✓ [1208.4s]  cut_incremental_budget
    ✓ [1036.5s]  cut_incremental_qubit_prop

  9q / 7_Clifford+T_020
    ✓ [   4.2s]  noisy_vanilla
    ✓ [  33.5s]  cut_divided_budget
    ✓ [  29.7s]  cut_qubit_prop
    ✓ [ 288.2s]  cut_incremental_budget
    ✓ [ 304.5s]  cut_incremental_qubit_prop

  9q / 8_Clifford+T_025
    ✓ [   3.3s]  noisy_vanilla
    ✓ [  34.1s]  cut_divided_budget
    ✓ [  38.5s]  cut_qubit_prop
    ✓ [ 402.5s]  cut_incremental_budget
    ✓ [ 462.7s]  cut_incremental_qubit_prop

  9q / 9_Clifford+T_027
    ✓ [   4.0s]  noisy_vanilla
    ✓ [ 142.1s]  cut_divided_budget
    ✓ [ 130.4s]  cut_qubit_prop
    ✓ [1409.9s]  cut_incremental_budget
    ✓ [1587.1s]  cut_incremental_qubit_prop

========================================================================
