========================================================================
CUTTABLE CIRCUIT BENCHMARK RUN REPORT
Timestamp : 2026-06-18 02:09:57
========================================================================

DESIGN
------------------------------------------------------------------------
  Input        : valid_circuits.pkl produced by generate_and_cut.py
  Cut strategy : find_and_place_cuts + CutStrategy(min_free_wires=2)
  Ground truth : PennyLane default.qubit statevector (shots=None)
  Reconstruction: qcut_processing_fn (tensor contraction)
  Observable   : per-circuit Pauli string stored in CircuitSpec.observable
  Error        : |perf_exp_val - result|

CONFIGURATION
------------------------------------------------------------------------
  Shots (B)                 : 10000
  Noisy backend             : 'aer.fake_torino'
  Ideal backend             : 'aer.perfect'
  Simulator seed            : 42
  Output dir                : PosixPath('results/new/stable_shots_02/10000_shots/torino/15_qubits')
  2q-gate alpha             : 0.8
  Incr. batch shots         : 50
  Incr. threshold           : 0.03
  Incr. offset              : 3
  Incr. stability k         : 3
  Incr. stopping criterion  : 'delta'
  Incr. distance metric     : 'tvd'
  Incr. window size         : 3
  Incr. EWMA alpha          : 0.5
  Selected modes            : noisy_vanilla, cut_divided_budget, cut_qubit_prop, cut_incremental_budget, cut_incremental_qubit_prop

SUMMARY
------------------------------------------------------------------------
Total: 50  ok: 50  failed: 0

RESULTS BY CIRCUIT
------------------------------------------------------------------------
  15q / 0_Clifford+T_003
    ✓ [ 617.8s]  noisy_vanilla
    ✓ [  58.0s]  cut_divided_budget
    ✓ [  44.0s]  cut_qubit_prop
    ✓ [1113.5s]  cut_incremental_budget
    ✓ [ 739.0s]  cut_incremental_qubit_prop

  15q / 1_Clifford+T_009
    ✓ [ 303.2s]  noisy_vanilla
    ✓ [  42.2s]  cut_divided_budget
    ✓ [  25.6s]  cut_qubit_prop
    ✓ [ 642.8s]  cut_incremental_budget
    ✓ [ 787.2s]  cut_incremental_qubit_prop

  15q / 2_Clifford+T_011
    ✓ [ 319.0s]  noisy_vanilla
    ✓ [  50.9s]  cut_divided_budget
    ✓ [  35.8s]  cut_qubit_prop
    ✓ [ 627.4s]  cut_incremental_budget
    ✓ [ 507.0s]  cut_incremental_qubit_prop

  15q / 3_Clifford+T_015
    ✓ [ 175.9s]  noisy_vanilla
    ✓ [ 132.3s]  cut_divided_budget
    ✓ [ 128.6s]  cut_qubit_prop
    ✓ [ 849.2s]  cut_incremental_budget
    ✓ [ 916.4s]  cut_incremental_qubit_prop

  15q / 4_Clifford+T_016
    ✓ [ 346.6s]  noisy_vanilla
    ✓ [  43.6s]  cut_divided_budget
    ✓ [  32.0s]  cut_qubit_prop
    ✓ [ 533.6s]  cut_incremental_budget
    ✓ [ 453.1s]  cut_incremental_qubit_prop

  15q / 5_Clifford+T_018
    ✓ [ 303.9s]  noisy_vanilla
    ✓ [  45.0s]  cut_divided_budget
    ✓ [  31.8s]  cut_qubit_prop
    ✓ [ 475.6s]  cut_incremental_budget
    ✓ [ 699.7s]  cut_incremental_qubit_prop

  15q / 6_Clifford+T_022
    ✓ [ 316.4s]  noisy_vanilla
    ✓ [  43.8s]  cut_divided_budget
    ✓ [  32.7s]  cut_qubit_prop
    ✓ [ 542.8s]  cut_incremental_budget
    ✓ [ 373.9s]  cut_incremental_qubit_prop

  15q / 7_Clifford+T_023
    ✓ [ 170.6s]  noisy_vanilla
    ✓ [  30.6s]  cut_divided_budget
    ✓ [  27.2s]  cut_qubit_prop
    ✓ [ 459.5s]  cut_incremental_budget
    ✓ [ 551.6s]  cut_incremental_qubit_prop

  15q / 8_Clifford+T_024
    ✓ [ 171.7s]  noisy_vanilla
    ✓ [  48.3s]  cut_divided_budget
    ✓ [  47.6s]  cut_qubit_prop
    ✓ [ 376.8s]  cut_incremental_budget
    ✓ [ 517.5s]  cut_incremental_qubit_prop

  15q / 9_Clifford+T_026
    ✓ [ 331.4s]  noisy_vanilla
    ✓ [  47.6s]  cut_divided_budget
    ✓ [  52.2s]  cut_qubit_prop
    ✓ [ 475.0s]  cut_incremental_budget
    ✓ [ 408.5s]  cut_incremental_qubit_prop

========================================================================
