========================================================================
CUTTABLE CIRCUIT BENCHMARK RUN REPORT
Timestamp : 2026-04-24 14:53:34
========================================================================

DESIGN
------------------------------------------------------------------------
  Input        : valid_circuits.pkl produced by generate_and_cut.py
  Cut strategy : find_and_place_cuts + CutStrategy(min_free_wires=2)
  Ground truth : PennyLane default.qubit statevector (shots=None)
  Reconstruction: qcut_processing_fn (tensor contraction)
  Observable   : per-circuit Pauli string stored in CircuitSpec.observable
  Error        : |perf_exp_val - result|

CONFIGURATION
------------------------------------------------------------------------
  Shots (B)                 : 20000
  Noisy backend             : 'aer.fake_torino'
  Ideal backend             : 'aer.perfect'
  Simulator seed            : 42
  Output dir                : PosixPath('results/20k_dma_02/11_qubits')
  2q-gate alpha             : 0.8
  Incr. batch shots         : 50
  Incr. threshold           : 0.02
  Incr. offset              : 2
  Incr. stability k         : 5
  Incr. stopping criterion  : 'dma'
  Incr. distance metric     : 'tvd'
  Incr. window size         : 3
  Incr. EWMA alpha          : 0.5
  Selected modes            : noisy_vanilla, cut_divided_budget, cut_qubit_prop, cut_incremental_budget, cut_incremental_qubit_prop

SUMMARY
------------------------------------------------------------------------
Total: 45  ok: 45  failed: 0

RESULTS BY CIRCUIT
------------------------------------------------------------------------
  11q / 0_Clifford+T_004
    ✓ [   3.7s]  noisy_vanilla
    ✓ [  34.3s]  cut_divided_budget
    ✓ [  24.2s]  cut_qubit_prop
    ✓ [ 209.6s]  cut_incremental_budget
    ✓ [ 185.3s]  cut_incremental_qubit_prop

  11q / 1_Clifford+T_046
    ✓ [   3.0s]  noisy_vanilla
    ✓ [  34.0s]  cut_divided_budget
    ✓ [  22.6s]  cut_qubit_prop
    ✓ [ 199.4s]  cut_incremental_budget
    ✓ [ 192.8s]  cut_incremental_qubit_prop

  11q / 2_Clifford+T_058
    ✓ [   3.2s]  noisy_vanilla
    ✓ [  86.0s]  cut_divided_budget
    ✓ [  78.2s]  cut_qubit_prop
    ✓ [ 750.5s]  cut_incremental_budget
    ✓ [ 760.6s]  cut_incremental_qubit_prop

  11q / 3_Clifford+T_070
    ✓ [   2.5s]  noisy_vanilla
    ✓ [  29.4s]  cut_divided_budget
    ✓ [  20.3s]  cut_qubit_prop
    ✓ [ 184.2s]  cut_incremental_budget
    ✓ [ 190.8s]  cut_incremental_qubit_prop

  11q / 4_Clifford+T_100
    ✓ [   2.6s]  noisy_vanilla
    ✓ [  85.9s]  cut_divided_budget
    ✓ [  78.7s]  cut_qubit_prop
    ✓ [ 765.6s]  cut_incremental_budget
    ✓ [ 851.5s]  cut_incremental_qubit_prop

  11q / 5_Clifford+T_112
    ✓ [   2.7s]  noisy_vanilla
    ✓ [  29.9s]  cut_divided_budget
    ✓ [  21.1s]  cut_qubit_prop
    ✓ [ 181.9s]  cut_incremental_budget
    ✓ [ 187.7s]  cut_incremental_qubit_prop

  11q / 6_Clifford+T_136
    ✓ [   2.6s]  noisy_vanilla
    ✓ [  31.3s]  cut_divided_budget
    ✓ [  20.4s]  cut_qubit_prop
    ✓ [ 185.5s]  cut_incremental_budget
    ✓ [ 185.8s]  cut_incremental_qubit_prop

  11q / 7_Clifford+T_142
    ✓ [   2.7s]  noisy_vanilla
    ✓ [  30.2s]  cut_divided_budget
    ✓ [  21.5s]  cut_qubit_prop
    ✓ [ 181.9s]  cut_incremental_budget
    ✓ [ 186.1s]  cut_incremental_qubit_prop

  11q / 8_Clifford+T_178
    ✓ [   3.1s]  noisy_vanilla
    ✓ [ 116.9s]  cut_divided_budget
    ✓ [  81.0s]  cut_qubit_prop
    ✓ [ 773.1s]  cut_incremental_budget
    ✓ [ 629.1s]  cut_incremental_qubit_prop

========================================================================
