========================================================================
CUTTABLE CIRCUIT BENCHMARK RUN REPORT
Timestamp : 2026-06-16 13:35:27
========================================================================

DESIGN
------------------------------------------------------------------------
  Input        : valid_circuits.pkl produced by generate_and_cut.py
  Cut strategy : find_and_place_cuts + CutStrategy(min_free_wires=2)
  Ground truth : PennyLane default.qubit statevector (shots=None)
  Reconstruction: qcut_processing_fn (tensor contraction)
  Observable   : per-circuit Pauli string stored in CircuitSpec.observable
  Error        : |perf_exp_val - result|

CONFIGURATION
------------------------------------------------------------------------
  Shots (B)                 : 20000
  Noisy backend             : 'aer.fake_sherbrooke'
  Ideal backend             : 'aer.perfect'
  Simulator seed            : 42
  Output dir                : PosixPath('results/new/stable_shots_runs02_10-14q_no_vanilla/20000_shots/sherbrooke/13_qubits')
  2q-gate alpha             : 0.8
  Incr. batch shots         : 50
  Incr. threshold           : 0.005
  Incr. offset              : 3
  Incr. stability k         : 5
  Incr. stopping criterion  : 'delta'
  Incr. distance metric     : 'tvd'
  Incr. window size         : 3
  Incr. EWMA alpha          : 0.5
  Selected modes            : cut_divided_budget, cut_qubit_prop, cut_incremental_budget, cut_incremental_qubit_prop

SUMMARY
------------------------------------------------------------------------
Total: 40  ok: 40  failed: 0

RESULTS BY CIRCUIT
------------------------------------------------------------------------
  13q / 0_Clifford+T_002
    ✓ [  34.1s]  cut_divided_budget
    ✓ [  33.6s]  cut_qubit_prop
    ✓ [ 419.4s]  cut_incremental_budget
    ✓ [ 555.3s]  cut_incremental_qubit_prop

  13q / 1_Clifford+T_004
    ✓ [  17.6s]  cut_divided_budget
    ✓ [  10.2s]  cut_qubit_prop
    ✓ [ 489.4s]  cut_incremental_budget
    ✓ [ 523.7s]  cut_incremental_qubit_prop

  13q / 2_Clifford+T_007
    ✓ [  17.2s]  cut_divided_budget
    ✓ [   9.5s]  cut_qubit_prop
    ✓ [ 526.1s]  cut_incremental_budget
    ✓ [ 534.8s]  cut_incremental_qubit_prop

  13q / 3_Clifford+T_010
    ✓ [  24.5s]  cut_divided_budget
    ✓ [  17.6s]  cut_qubit_prop
    ✓ [ 480.3s]  cut_incremental_budget
    ✓ [ 539.2s]  cut_incremental_qubit_prop

  13q / 4_Clifford+T_012
    ✓ [  25.9s]  cut_divided_budget
    ✓ [  14.2s]  cut_qubit_prop
    ✓ [ 490.7s]  cut_incremental_budget
    ✓ [ 542.0s]  cut_incremental_qubit_prop

  13q / 5_Clifford+T_014
    ✓ [  52.7s]  cut_divided_budget
    ✓ [  41.2s]  cut_qubit_prop
    ✓ [ 556.0s]  cut_incremental_budget
    ✓ [ 537.5s]  cut_incremental_qubit_prop

  13q / 6_Clifford+T_015
    ✓ [  21.7s]  cut_divided_budget
    ✓ [  10.4s]  cut_qubit_prop
    ✓ [ 514.9s]  cut_incremental_budget
    ✓ [ 530.1s]  cut_incremental_qubit_prop

  13q / 7_Clifford+T_016
    ✓ [  21.5s]  cut_divided_budget
    ✓ [  10.2s]  cut_qubit_prop
    ✓ [ 484.1s]  cut_incremental_budget
    ✓ [ 530.4s]  cut_incremental_qubit_prop

  13q / 8_Clifford+T_017
    ✓ [  20.6s]  cut_divided_budget
    ✓ [   9.8s]  cut_qubit_prop
    ✓ [ 430.7s]  cut_incremental_budget
    ✓ [ 474.9s]  cut_incremental_qubit_prop

  13q / 9_Clifford+T_020
    ✓ [  40.8s]  cut_divided_budget
    ✓ [  45.4s]  cut_qubit_prop
    ✓ [ 377.0s]  cut_incremental_budget
    ✓ [ 568.4s]  cut_incremental_qubit_prop

========================================================================
